span 0
span_id = 913dfc3521788418
parent_id = None
start_time = 1682628697983000
end_time = 1682628697988363
inclusive_time = 5363
exclusive_time = 902
process_id = p3
operationName = /wrk2-api/review/compose
serviceName = None
------------------------------------------------------------------------------------
span 1
span_id = b0a3125089909a51
parent_id = 913dfc3521788418
start_time = 1682628697983902
end_time = 1682628697988363
inclusive_time = 4461
exclusive_time = 100
process_id = p3
operationName = /wrk2-api/review/compose
serviceName = None
------------------------------------------------------------------------------------
span 2
span_id = 4c62829b3806e370
parent_id = b0a3125089909a51
start_time = 1682628697983944
end_time = 1682628697988305
inclusive_time = 4361
exclusive_time = 327
process_id = p3
operationName = ComposeReview
serviceName = None
------------------------------------------------------------------------------------
span 3
span_id = e348522542f54222
parent_id = 4c62829b3806e370
start_time = 1682628697984322
end_time = 1682628697988214
inclusive_time = 3892
exclusive_time = 788
process_id = p5
operationName = UploadMovieId
serviceName = None
------------------------------------------------------------------------------------
span 4
span_id = 3d87663938097ce9
parent_id = e348522542f54222
start_time = 1682628697984939
end_time = 1682628697987608
inclusive_time = 2669
exclusive_time = 309
process_id = p1
operationName = UploadRating
serviceName = None
------------------------------------------------------------------------------------
span 5
span_id = 2fa4824f0a5d06e9
parent_id = 3d87663938097ce9
start_time = 1682628697985118
end_time = 1682628697987478
inclusive_time = 2360
exclusive_time = 1061
process_id = p7
operationName = UploadRating
serviceName = None
------------------------------------------------------------------------------------
span 6
span_id = 8076ed9f55689780
parent_id = 2fa4824f0a5d06e9
start_time = 1682628697986298
end_time = 1682628697987371
inclusive_time = 1073
exclusive_time = 28
process_id = p4
operationName = UploadMovieReview
serviceName = None
------------------------------------------------------------------------------------
span 7
span_id = 78298dfdf68235a8
parent_id = 8076ed9f55689780
start_time = 1682628697986326
end_time = 1682628697987375
inclusive_time = 1049
exclusive_time = 1049
process_id = p4
operationName = MongoFindMovie
serviceName = None
------------------------------------------------------------------------------------
span 8
span_id = 4f67d8164252ce48
parent_id = e348522542f54222
start_time = 1682628697984530
end_time = 1682628697984654
inclusive_time = 124
exclusive_time = 124
process_id = p5
operationName = MmcSetMovieId
serviceName = None
------------------------------------------------------------------------------------
span 9
span_id = 0e25a4bcd3543768
parent_id = e348522542f54222
start_time = 1682628697984334
end_time = 1682628697984410
inclusive_time = 76
exclusive_time = 76
process_id = p5
operationName = MmcGetMovieId
serviceName = None
------------------------------------------------------------------------------------
