span = 0
span_id = c691d6ed5f215282
parent_id = None
start_time = 1682628698233000
end_time = 1682628698237795
inclusive_time = 4795
exclusive_time = 451
process_id = p5
operationName = /wrk2-api/review/compose
serviceName = nginx
------------------------------------------------------------------------------------
span = 1
span_id = 35059f9b40cae143
parent_id = c691d6ed5f215282
start_time = 1682628698233450
end_time = 1682628698237794
inclusive_time = 4344
exclusive_time = 91
process_id = p5
operationName = /wrk2-api/review/compose
serviceName = nginx
------------------------------------------------------------------------------------
span = 2
span_id = 98483774e3d0c542
parent_id = 35059f9b40cae143
start_time = 1682628698233486
end_time = 1682628698237739
inclusive_time = 4253
exclusive_time = 302
process_id = p5
operationName = ComposeReview
serviceName = nginx
------------------------------------------------------------------------------------
span = 3
span_id = 8197f44c303e54e6
parent_id = 98483774e3d0c542
start_time = 1682628698233765
end_time = 1682628698237613
inclusive_time = 3848
exclusive_time = 450
process_id = p1
operationName = UploadMovieId
serviceName = movie-id-service
------------------------------------------------------------------------------------
span = 4
span_id = 77547467e19565b6
parent_id = 8197f44c303e54e6
start_time = 1682628698234628
end_time = 1682628698237498
inclusive_time = 2870
exclusive_time = 328
process_id = p10
operationName = UploadRating
serviceName = rating-service
------------------------------------------------------------------------------------
span = 5
span_id = e5d1d86fe5fe741d
parent_id = 77547467e19565b6
start_time = 1682628698234843
end_time = 1682628698237385
inclusive_time = 2542
exclusive_time = 1038
process_id = p2
operationName = UploadRating
serviceName = compose-review-service
------------------------------------------------------------------------------------
span = 6
span_id = 37ef5bfeec1d469c
parent_id = e5d1d86fe5fe741d
start_time = 1682628698235945
end_time = 1682628698237224
inclusive_time = 1279
exclusive_time = 25
process_id = p3
operationName = UploadMovieReview
serviceName = movie-review-service
------------------------------------------------------------------------------------
span = 7
span_id = 5826bb8b1e5eb252
parent_id = 37ef5bfeec1d469c
start_time = 1682628698235970
end_time = 1682628698237230
inclusive_time = 1260
exclusive_time = 1260
process_id = p3
operationName = MongoFindMovie
serviceName = movie-review-service
------------------------------------------------------------------------------------
span = 8
span_id = 3db89b4ca045a261
parent_id = 8197f44c303e54e6
start_time = 1682628698234223
end_time = 1682628698234361
inclusive_time = 138
exclusive_time = 138
process_id = p1
operationName = MmcSetMovieId
serviceName = movie-id-service
------------------------------------------------------------------------------------
span = 9
span_id = d39f350c0375daa2
parent_id = 8197f44c303e54e6
start_time = 1682628698233783
end_time = 1682628698233934
inclusive_time = 151
exclusive_time = 151
process_id = p1
operationName = MmcGetMovieId
serviceName = movie-id-service
------------------------------------------------------------------------------------
