span = 0
trace_id = 7b08d928e277b5d0
span_id = 7b08d928e277b5d0
parent_id = None
start_time = 1682628698182000
end_time = 1682628698187198
inclusive_time = 5198
exclusive_time = 1003
process_id = p7
operationName = /wrk2-api/review/compose
serviceName = nginx
call path = 
------------------------------------------------------------------------------------
span = 1
trace_id = 7b08d928e277b5d0
span_id = 65a85a746b3355a9
parent_id = 7b08d928e277b5d0
start_time = 1682628698183002
end_time = 1682628698187197
inclusive_time = 4195
exclusive_time = 106
process_id = p7
operationName = /wrk2-api/review/compose
serviceName = nginx
call path = ->/wrk2-api/review/compose_nginx
------------------------------------------------------------------------------------
span = 2
trace_id = 7b08d928e277b5d0
span_id = ab554d0c099f32f9
parent_id = 65a85a746b3355a9
start_time = 1682628698183046
end_time = 1682628698187135
inclusive_time = 4089
exclusive_time = 321
process_id = p7
operationName = ComposeReview
serviceName = nginx
call path = ->/wrk2-api/review/compose_nginx->/wrk2-api/review/compose_nginx
------------------------------------------------------------------------------------
span = 3
trace_id = 7b08d928e277b5d0
span_id = bafee1ab4d36cb83
parent_id = ab554d0c099f32f9
start_time = 1682628698183380
end_time = 1682628698187038
inclusive_time = 3658
exclusive_time = 307
process_id = p5
operationName = UploadMovieId
serviceName = movie-id-service
call path = ->/wrk2-api/review/compose_nginx->/wrk2-api/review/compose_nginx->ComposeReview_nginx
------------------------------------------------------------------------------------
span = 4
trace_id = 7b08d928e277b5d0
span_id = 563b5c851697d277
parent_id = bafee1ab4d36cb83
start_time = 1682628698183800
end_time = 1682628698186897
inclusive_time = 3097
exclusive_time = 232
process_id = p10
operationName = UploadRating
serviceName = rating-service
call path = ->/wrk2-api/review/compose_nginx->/wrk2-api/review/compose_nginx->ComposeReview_nginx->UploadMovieId_movie-id-service
------------------------------------------------------------------------------------
span = 5
trace_id = 7b08d928e277b5d0
span_id = 7ebea52bfe80c1ad
parent_id = 563b5c851697d277
start_time = 1682628698184065
end_time = 1682628698186762
inclusive_time = 2697
exclusive_time = 1191
process_id = p4
operationName = UploadRating
serviceName = compose-review-service
call path = ->/wrk2-api/review/compose_nginx->/wrk2-api/review/compose_nginx->ComposeReview_nginx->UploadMovieId_movie-id-service->UploadRating_rating-service
------------------------------------------------------------------------------------
span = 6
trace_id = 7b08d928e277b5d0
span_id = 29a11b6cb7ec60ee
parent_id = 7ebea52bfe80c1ad
start_time = 1682628698185433
end_time = 1682628698186634
inclusive_time = 1201
exclusive_time = 27
process_id = p1
operationName = UploadMovieReview
serviceName = movie-review-service
call path = ->/wrk2-api/review/compose_nginx->/wrk2-api/review/compose_nginx->ComposeReview_nginx->UploadMovieId_movie-id-service->UploadRating_rating-service->UploadRating_compose-review-service
------------------------------------------------------------------------------------
span = 7
trace_id = 7b08d928e277b5d0
span_id = 553d38cdbd9ed57c
parent_id = 29a11b6cb7ec60ee
start_time = 1682628698185460
end_time = 1682628698186637
inclusive_time = 1177
exclusive_time = 1177
process_id = p1
operationName = MongoFindMovie
serviceName = movie-review-service
call path = ->/wrk2-api/review/compose_nginx->/wrk2-api/review/compose_nginx->ComposeReview_nginx->UploadMovieId_movie-id-service->UploadRating_rating-service->UploadRating_compose-review-service->UploadMovieReview_movie-review-service
------------------------------------------------------------------------------------
span = 8
trace_id = 7b08d928e277b5d0
span_id = 65f3aa9dd4a97e4c
parent_id = bafee1ab4d36cb83
start_time = 1682628698183640
end_time = 1682628698183745
inclusive_time = 105
exclusive_time = 105
process_id = p5
operationName = MmcSetMovieId
serviceName = movie-id-service
call path = ->/wrk2-api/review/compose_nginx->/wrk2-api/review/compose_nginx->ComposeReview_nginx->UploadMovieId_movie-id-service
------------------------------------------------------------------------------------
span = 9
trace_id = 7b08d928e277b5d0
span_id = bc466526f05e9aa8
parent_id = bafee1ab4d36cb83
start_time = 1682628698183397
end_time = 1682628698183503
inclusive_time = 106
exclusive_time = 106
process_id = p5
operationName = MmcGetMovieId
serviceName = movie-id-service
call path = ->/wrk2-api/review/compose_nginx->/wrk2-api/review/compose_nginx->ComposeReview_nginx->UploadMovieId_movie-id-service
------------------------------------------------------------------------------------
