span 0
span_id = bfe58f9fe80942f1
parent_id = None
start_time = 1682628698224000
end_time = 1682628698228645
inclusive_time = 4645
exclusive_time = 630
process_id = p5
operationName = /wrk2-api/review/compose
serviceName = None
------------------------------------------------------------------------------------
span 1
span_id = 914e24e6acc22528
parent_id = bfe58f9fe80942f1
start_time = 1682628698224630
end_time = 1682628698228645
inclusive_time = 4015
exclusive_time = 97
process_id = p5
operationName = /wrk2-api/review/compose
serviceName = None
------------------------------------------------------------------------------------
span 2
span_id = 2e142100d7c836f2
parent_id = 914e24e6acc22528
start_time = 1682628698224678
end_time = 1682628698228596
inclusive_time = 3918
exclusive_time = 292
process_id = p5
operationName = ComposeReview
serviceName = None
------------------------------------------------------------------------------------
span 3
span_id = 9c96cd2a3e5cc8cb
parent_id = 2e142100d7c836f2
start_time = 1682628698224938
end_time = 1682628698228460
inclusive_time = 3522
exclusive_time = 461
process_id = p2
operationName = UploadMovieId
serviceName = None
------------------------------------------------------------------------------------
span 4
span_id = 8f76655cd54e7d8f
parent_id = 9c96cd2a3e5cc8cb
start_time = 1682628698225661
end_time = 1682628698228332
inclusive_time = 2671
exclusive_time = 249
process_id = p10
operationName = UploadRating
serviceName = None
------------------------------------------------------------------------------------
span 5
span_id = 667e58ba2b44fd02
parent_id = 8f76655cd54e7d8f
start_time = 1682628698225801
end_time = 1682628698228193
inclusive_time = 2392
exclusive_time = 1105
process_id = p1
operationName = UploadRating
serviceName = None
------------------------------------------------------------------------------------
span 6
span_id = ccfa27ddf6fcd884
parent_id = 667e58ba2b44fd02
start_time = 1682628698226972
end_time = 1682628698228067
inclusive_time = 1095
exclusive_time = 24
process_id = p3
operationName = UploadMovieReview
serviceName = None
------------------------------------------------------------------------------------
span 7
span_id = b1cba5062262ecc9
parent_id = ccfa27ddf6fcd884
start_time = 1682628698226996
end_time = 1682628698228071
inclusive_time = 1075
exclusive_time = 1075
process_id = p3
operationName = MongoFindMovie
serviceName = None
------------------------------------------------------------------------------------
span 8
span_id = 0350221c67fb4cfe
parent_id = 9c96cd2a3e5cc8cb
start_time = 1682628698225267
end_time = 1682628698225365
inclusive_time = 98
exclusive_time = 98
process_id = p2
operationName = MmcSetMovieId
serviceName = None
------------------------------------------------------------------------------------
span 9
span_id = bffa3cabc75d393d
parent_id = 9c96cd2a3e5cc8cb
start_time = 1682628698224955
end_time = 1682628698225109
inclusive_time = 154
exclusive_time = 154
process_id = p2
operationName = MmcGetMovieId
serviceName = None
------------------------------------------------------------------------------------
