span = 0
trace_id = 707dc9194c378b12
span_id = 707dc9194c378b12
parent_id = None
start_time = 1682628698009000
end_time = 1682628698013882
inclusive_time = 4882
exclusive_time = 635
process_id = p3
operationName = /wrk2-api/review/compose
serviceName = nginx
call path = 
------------------------------------------------------------------------------------
span = 1
trace_id = 707dc9194c378b12
span_id = 10b2685d49506ffd
parent_id = 707dc9194c378b12
start_time = 1682628698009634
end_time = 1682628698013881
inclusive_time = 4247
exclusive_time = 101
process_id = p3
operationName = /wrk2-api/review/compose
serviceName = nginx
call path = ->/wrk2-api/review/compose_nginx
------------------------------------------------------------------------------------
span = 2
trace_id = 707dc9194c378b12
span_id = 419c2a4b4f12b90d
parent_id = 10b2685d49506ffd
start_time = 1682628698009679
end_time = 1682628698013825
inclusive_time = 4146
exclusive_time = 259
process_id = p3
operationName = ComposeReview
serviceName = nginx
call path = ->/wrk2-api/review/compose_nginx->/wrk2-api/review/compose_nginx
------------------------------------------------------------------------------------
span = 3
trace_id = 707dc9194c378b12
span_id = 0c2e1a05c90d7e3c
parent_id = 419c2a4b4f12b90d
start_time = 1682628698010001
end_time = 1682628698013728
inclusive_time = 3727
exclusive_time = 420
process_id = p2
operationName = UploadMovieId
serviceName = movie-id-service
call path = ->/wrk2-api/review/compose_nginx->/wrk2-api/review/compose_nginx->ComposeReview_nginx
------------------------------------------------------------------------------------
span = 4
trace_id = 707dc9194c378b12
span_id = 122e8c6a5fa1d6d8
parent_id = 0c2e1a05c90d7e3c
start_time = 1682628698010504
end_time = 1682628698013556
inclusive_time = 3052
exclusive_time = 217
process_id = p9
operationName = UploadRating
serviceName = rating-service
call path = ->/wrk2-api/review/compose_nginx->/wrk2-api/review/compose_nginx->ComposeReview_nginx->UploadMovieId_movie-id-service
------------------------------------------------------------------------------------
span = 5
trace_id = 707dc9194c378b12
span_id = 076383bc7d6b53ba
parent_id = 122e8c6a5fa1d6d8
start_time = 1682628698010777
end_time = 1682628698013442
inclusive_time = 2665
exclusive_time = 1292
process_id = p5
operationName = UploadRating
serviceName = compose-review-service
call path = ->/wrk2-api/review/compose_nginx->/wrk2-api/review/compose_nginx->ComposeReview_nginx->UploadMovieId_movie-id-service->UploadRating_rating-service
------------------------------------------------------------------------------------
span = 6
trace_id = 707dc9194c378b12
span_id = 9ef26271e14d65ae
parent_id = 076383bc7d6b53ba
start_time = 1682628698011980
end_time = 1682628698013313
inclusive_time = 1333
exclusive_time = 18
process_id = p1
operationName = UploadMovieReview
serviceName = movie-review-service
call path = ->/wrk2-api/review/compose_nginx->/wrk2-api/review/compose_nginx->ComposeReview_nginx->UploadMovieId_movie-id-service->UploadRating_rating-service->UploadRating_compose-review-service
------------------------------------------------------------------------------------
span = 7
trace_id = 707dc9194c378b12
span_id = 8f20db50d74407a3
parent_id = 9ef26271e14d65ae
start_time = 1682628698011998
end_time = 1682628698013319
inclusive_time = 1321
exclusive_time = 1321
process_id = p1
operationName = MongoFindMovie
serviceName = movie-review-service
call path = ->/wrk2-api/review/compose_nginx->/wrk2-api/review/compose_nginx->ComposeReview_nginx->UploadMovieId_movie-id-service->UploadRating_rating-service->UploadRating_compose-review-service->UploadMovieReview_movie-review-service
------------------------------------------------------------------------------------
span = 8
trace_id = 707dc9194c378b12
span_id = e8fa6e27f5fde2c5
parent_id = 0c2e1a05c90d7e3c
start_time = 1682628698010345
end_time = 1682628698010446
inclusive_time = 101
exclusive_time = 101
process_id = p2
operationName = MmcSetMovieId
serviceName = movie-id-service
call path = ->/wrk2-api/review/compose_nginx->/wrk2-api/review/compose_nginx->ComposeReview_nginx->UploadMovieId_movie-id-service
------------------------------------------------------------------------------------
span = 9
trace_id = 707dc9194c378b12
span_id = 9565eae09a14ccf6
parent_id = 0c2e1a05c90d7e3c
start_time = 1682628698010013
end_time = 1682628698010167
inclusive_time = 154
exclusive_time = 154
process_id = p2
operationName = MmcGetMovieId
serviceName = movie-id-service
call path = ->/wrk2-api/review/compose_nginx->/wrk2-api/review/compose_nginx->ComposeReview_nginx->UploadMovieId_movie-id-service
------------------------------------------------------------------------------------
