span = 0
trace_id = c08b8a1ed4da4ad6
span_id = c08b8a1ed4da4ad6
parent_id = None
start_time = 1682628698188000
end_time = 1682628698193121
inclusive_time = 5121
exclusive_time = 620
process_id = p2
operationName = /wrk2-api/review/compose
serviceName = nginx
------------------------------------------------------------------------------------
span = 1
trace_id = c08b8a1ed4da4ad6
span_id = 2218fe253ec42b7f
parent_id = c08b8a1ed4da4ad6
start_time = 1682628698188620
end_time = 1682628698193121
inclusive_time = 4501
exclusive_time = 104
process_id = p2
operationName = /wrk2-api/review/compose
serviceName = nginx
------------------------------------------------------------------------------------
span = 2
trace_id = c08b8a1ed4da4ad6
span_id = bc142f64526cf8b9
parent_id = 2218fe253ec42b7f
start_time = 1682628698188660
end_time = 1682628698193057
inclusive_time = 4397
exclusive_time = 829
process_id = p2
operationName = ComposeReview
serviceName = nginx
------------------------------------------------------------------------------------
span = 3
trace_id = c08b8a1ed4da4ad6
span_id = b00962035841a754
parent_id = bc142f64526cf8b9
start_time = 1682628698188959
end_time = 1682628698192414
inclusive_time = 3455
exclusive_time = 324
process_id = p6
operationName = UploadMovieId
serviceName = movie-id-service
------------------------------------------------------------------------------------
span = 4
trace_id = c08b8a1ed4da4ad6
span_id = c15d16c5cb7f6bfe
parent_id = b00962035841a754
start_time = 1682628698189426
end_time = 1682628698192276
inclusive_time = 2850
exclusive_time = 270
process_id = p10
operationName = UploadRating
serviceName = rating-service
------------------------------------------------------------------------------------
span = 5
trace_id = c08b8a1ed4da4ad6
span_id = a36c1b5529aff12c
parent_id = c15d16c5cb7f6bfe
start_time = 1682628698189720
end_time = 1682628698192160
inclusive_time = 2440
exclusive_time = 1158
process_id = p5
operationName = UploadRating
serviceName = compose-review-service
------------------------------------------------------------------------------------
span = 6
trace_id = c08b8a1ed4da4ad6
span_id = 96c59ea78dccf5b6
parent_id = a36c1b5529aff12c
start_time = 1682628698190846
end_time = 1682628698191990
inclusive_time = 1144
exclusive_time = 28
process_id = p4
operationName = UploadUserReview
serviceName = user-review-service
------------------------------------------------------------------------------------
span = 7
trace_id = c08b8a1ed4da4ad6
span_id = 3b26592f3b2bdfd8
parent_id = 96c59ea78dccf5b6
start_time = 1682628698190874
end_time = 1682628698191996
inclusive_time = 1122
exclusive_time = 1122
process_id = p4
operationName = MongoFindUser
serviceName = user-review-service
------------------------------------------------------------------------------------
span = 8
trace_id = c08b8a1ed4da4ad6
span_id = 6136ef9b1f4c68b3
parent_id = b00962035841a754
start_time = 1682628698189244
end_time = 1682628698189417
inclusive_time = 173
exclusive_time = 173
process_id = p6
operationName = MmcSetMovieId
serviceName = movie-id-service
------------------------------------------------------------------------------------
span = 9
trace_id = c08b8a1ed4da4ad6
span_id = f32bb1c77384a014
parent_id = b00962035841a754
start_time = 1682628698188972
end_time = 1682628698189071
inclusive_time = 99
exclusive_time = 99
process_id = p6
operationName = MmcGetMovieId
serviceName = movie-id-service
------------------------------------------------------------------------------------
