span 0
span_id = 622e425e82b5ebd1
parent_id = None
start_time = 1682628698219000
end_time = 1682628698224330
inclusive_time = 5330
exclusive_time = 870
process_id = p6
operationName = /wrk2-api/review/compose
serviceName = None
------------------------------------------------------------------------------------
span 1
span_id = 6629b92284932b1a
parent_id = 622e425e82b5ebd1
start_time = 1682628698219870
end_time = 1682628698224330
inclusive_time = 4460
exclusive_time = 110
process_id = p6
operationName = /wrk2-api/review/compose
serviceName = None
------------------------------------------------------------------------------------
span 2
span_id = eeaf18b418621a53
parent_id = 6629b92284932b1a
start_time = 1682628698219916
end_time = 1682628698224266
inclusive_time = 4350
exclusive_time = 291
process_id = p6
operationName = ComposeReview
serviceName = None
------------------------------------------------------------------------------------
span 3
span_id = 729e7bb090eb37b0
parent_id = eeaf18b418621a53
start_time = 1682628698220599
end_time = 1682628698224177
inclusive_time = 3578
exclusive_time = 319
process_id = p3
operationName = UploadMovieId
serviceName = None
------------------------------------------------------------------------------------
span 4
span_id = a11f29863a7e8a7e
parent_id = 729e7bb090eb37b0
start_time = 1682628698221043
end_time = 1682628698224065
inclusive_time = 3022
exclusive_time = 272
process_id = p10
operationName = UploadRating
serviceName = None
------------------------------------------------------------------------------------
span 5
span_id = b5e04d3585c2eb64
parent_id = a11f29863a7e8a7e
start_time = 1682628698221225
end_time = 1682628698223922
inclusive_time = 2697
exclusive_time = 989
process_id = p2
operationName = UploadRating
serviceName = None
------------------------------------------------------------------------------------
span 6
span_id = 838d1c800996b4d5
parent_id = b5e04d3585c2eb64
start_time = 1682628698222125
end_time = 1682628698223781
inclusive_time = 1656
exclusive_time = 26
process_id = p4
operationName = UploadMovieReview
serviceName = None
------------------------------------------------------------------------------------
span 7
span_id = c3294960b37ce0d7
parent_id = 838d1c800996b4d5
start_time = 1682628698222151
end_time = 1682628698223785
inclusive_time = 1634
exclusive_time = 1634
process_id = p4
operationName = MongoFindMovie
serviceName = None
------------------------------------------------------------------------------------
span 8
span_id = 0d95c030c59a5520
parent_id = 729e7bb090eb37b0
start_time = 1682628698220870
end_time = 1682628698220974
inclusive_time = 104
exclusive_time = 104
process_id = p3
operationName = MmcSetMovieId
serviceName = None
------------------------------------------------------------------------------------
span 9
span_id = 941dfb675e015600
parent_id = 729e7bb090eb37b0
start_time = 1682628698220617
end_time = 1682628698220711
inclusive_time = 94
exclusive_time = 94
process_id = p3
operationName = MmcGetMovieId
serviceName = None
------------------------------------------------------------------------------------
