span = 0
span_id = 5fdf206c472011f1
parent_id = None
start_time = 1682628698059000
end_time = 1682628698063639
inclusive_time = 4639
exclusive_time = 623
process_id = p8
operationName = /wrk2-api/review/compose
serviceName = nginx
------------------------------------------------------------------------------------
span = 1
span_id = 0650a4e599168053
parent_id = 5fdf206c472011f1
start_time = 1682628698059623
end_time = 1682628698063639
inclusive_time = 4016
exclusive_time = 100
process_id = p8
operationName = /wrk2-api/review/compose
serviceName = nginx
------------------------------------------------------------------------------------
span = 2
span_id = 8f3c1057475e8168
parent_id = 0650a4e599168053
start_time = 1682628698059664
end_time = 1682628698063580
inclusive_time = 3916
exclusive_time = 268
process_id = p8
operationName = ComposeReview
serviceName = nginx
------------------------------------------------------------------------------------
span = 3
span_id = daf7139cde79b767
parent_id = 8f3c1057475e8168
start_time = 1682628698060157
end_time = 1682628698063488
inclusive_time = 3331
exclusive_time = 254
process_id = p1
operationName = UploadUniqueId
serviceName = unique-id-service
------------------------------------------------------------------------------------
span = 4
span_id = a91af34e3c36c95f
parent_id = daf7139cde79b767
start_time = 1682628698060318
end_time = 1682628698063395
inclusive_time = 3077
exclusive_time = 1493
process_id = p3
operationName = UploadUniqueId
serviceName = compose-review-service
------------------------------------------------------------------------------------
span = 5
span_id = b6cca2b50ca48c4d
parent_id = a91af34e3c36c95f
start_time = 1682628698061670
end_time = 1682628698062971
inclusive_time = 1301
exclusive_time = 17
process_id = p6
operationName = UploadUserReview
serviceName = user-review-service
------------------------------------------------------------------------------------
span = 6
span_id = f1cab34f1bdd898e
parent_id = b6cca2b50ca48c4d
start_time = 1682628698061687
end_time = 1682628698062977
inclusive_time = 1290
exclusive_time = 1290
process_id = p6
operationName = MongoFindUser
serviceName = user-review-service
------------------------------------------------------------------------------------
span = 7
span_id = 024d7e28a728b4ea
parent_id = a91af34e3c36c95f
start_time = 1682628698061338
end_time = 1682628698061621
inclusive_time = 283
exclusive_time = 40
process_id = p9
operationName = StoreReview
serviceName = review-storage-service
------------------------------------------------------------------------------------
span = 8
span_id = 137405d2fa70abb8
parent_id = 024d7e28a728b4ea
start_time = 1682628698061365
end_time = 1682628698061608
inclusive_time = 243
exclusive_time = 243
process_id = p9
operationName = MongoInsertReview
serviceName = review-storage-service
------------------------------------------------------------------------------------
