span 0
span_id = f806cbc4f4af0c12
parent_id = None
start_time = 1682628697974000
end_time = 1682628697978495
inclusive_time = 4495
exclusive_time = 964
process_id = p4
operationName = /wrk2-api/review/compose
serviceName = None
------------------------------------------------------------------------------------
span 1
span_id = 3f01e4d623a38e34
parent_id = f806cbc4f4af0c12
start_time = 1682628697974964
end_time = 1682628697978495
inclusive_time = 3531
exclusive_time = 87
process_id = p4
operationName = /wrk2-api/review/compose
serviceName = None
------------------------------------------------------------------------------------
span 2
span_id = 70fc88636042ffd0
parent_id = 3f01e4d623a38e34
start_time = 1682628697974997
end_time = 1682628697978441
inclusive_time = 3444
exclusive_time = 269
process_id = p4
operationName = ComposeReview
serviceName = None
------------------------------------------------------------------------------------
span 3
span_id = 5d85b1cafa9142ac
parent_id = 70fc88636042ffd0
start_time = 1682628697975334
end_time = 1682628697978356
inclusive_time = 3022
exclusive_time = 269
process_id = p6
operationName = UploadMovieId
serviceName = None
------------------------------------------------------------------------------------
span 4
span_id = 5c8a3e2e05678be5
parent_id = 5d85b1cafa9142ac
start_time = 1682628697975798
end_time = 1682628697978256
inclusive_time = 2458
exclusive_time = 250
process_id = p2
operationName = UploadRating
serviceName = None
------------------------------------------------------------------------------------
span 5
span_id = 204ebcfc839a0957
parent_id = 5c8a3e2e05678be5
start_time = 1682628697975987
end_time = 1682628697978134
inclusive_time = 2147
exclusive_time = 945
process_id = p1
operationName = UploadRating
serviceName = None
------------------------------------------------------------------------------------
span 6
span_id = af81e891638d7ee5
parent_id = 204ebcfc839a0957
start_time = 1682628697976699
end_time = 1682628697977847
inclusive_time = 1148
exclusive_time = 27
process_id = p8
operationName = UploadUserReview
serviceName = None
------------------------------------------------------------------------------------
span 7
span_id = 08fba1f400b6d369
parent_id = af81e891638d7ee5
start_time = 1682628697976726
end_time = 1682628697977900
inclusive_time = 1174
exclusive_time = 1174
process_id = p8
operationName = MongoFindUser
serviceName = None
------------------------------------------------------------------------------------
span 8
span_id = f91aebc1a093e801
parent_id = 5d85b1cafa9142ac
start_time = 1682628697975346
end_time = 1682628697975440
inclusive_time = 94
exclusive_time = 94
process_id = p6
operationName = MmcGetMovieId
serviceName = None
------------------------------------------------------------------------------------
