span 0
span_id = d88d490f88f8cc00
parent_id = None
start_time = 1682628698082000
end_time = 1682628698086169
inclusive_time = 4169
exclusive_time = 401
process_id = p7
operationName = /wrk2-api/review/compose
serviceName = None
------------------------------------------------------------------------------------
span 1
span_id = 852230eb5d57c026
parent_id = d88d490f88f8cc00
start_time = 1682628698082401
end_time = 1682628698086169
inclusive_time = 3768
exclusive_time = 101
process_id = p7
operationName = /wrk2-api/review/compose
serviceName = None
------------------------------------------------------------------------------------
span 2
span_id = 56a270a0aaf327f4
parent_id = 852230eb5d57c026
start_time = 1682628698082445
end_time = 1682628698086112
inclusive_time = 3667
exclusive_time = 276
process_id = p7
operationName = ComposeReview
serviceName = None
------------------------------------------------------------------------------------
span 3
span_id = 86c47439cc3b7215
parent_id = 56a270a0aaf327f4
start_time = 1682628698082745
end_time = 1682628698086019
inclusive_time = 3274
exclusive_time = 375
process_id = p4
operationName = UploadMovieId
serviceName = None
------------------------------------------------------------------------------------
span 4
span_id = 1313cce11795ec0f
parent_id = 86c47439cc3b7215
start_time = 1682628698083150
end_time = 1682628698085835
inclusive_time = 2685
exclusive_time = 1242
process_id = p2
operationName = UploadMovieId
serviceName = None
------------------------------------------------------------------------------------
span 5
span_id = 66d97c74b385223c
parent_id = 1313cce11795ec0f
start_time = 1682628698084424
end_time = 1682628698085714
inclusive_time = 1290
exclusive_time = 27
process_id = p1
operationName = UploadMovieReview
serviceName = None
------------------------------------------------------------------------------------
span 6
span_id = e91a00b08506cd66
parent_id = 66d97c74b385223c
start_time = 1682628698084451
end_time = 1682628698085720
inclusive_time = 1269
exclusive_time = 1269
process_id = p1
operationName = MongoFindMovie
serviceName = None
------------------------------------------------------------------------------------
span 7
span_id = 6c8d699558930103
parent_id = 86c47439cc3b7215
start_time = 1682628698083026
end_time = 1682628698083138
inclusive_time = 112
exclusive_time = 112
process_id = p4
operationName = MmcSetMovieId
serviceName = None
------------------------------------------------------------------------------------
span 8
span_id = b0bab1230b492531
parent_id = 86c47439cc3b7215
start_time = 1682628698082765
end_time = 1682628698082867
inclusive_time = 102
exclusive_time = 102
process_id = p4
operationName = MmcGetMovieId
serviceName = None
------------------------------------------------------------------------------------
