span = 0
trace_id = d583445c61568d5e
span_id = d583445c61568d5e
parent_id = None
start_time = 1682628698227000
end_time = 1682628698231623
inclusive_time = 4623
exclusive_time = 887
process_id = p5
operationName = /wrk2-api/review/compose
serviceName = nginx
call path = 
------------------------------------------------------------------------------------
span = 1
trace_id = d583445c61568d5e
span_id = f2b5435d2ed52715
parent_id = d583445c61568d5e
start_time = 1682628698227886
end_time = 1682628698231622
inclusive_time = 3736
exclusive_time = 91
process_id = p5
operationName = /wrk2-api/review/compose
serviceName = nginx
call path = ->/wrk2-api/review/compose_nginx
------------------------------------------------------------------------------------
span = 2
trace_id = d583445c61568d5e
span_id = feada0458d84b9ac
parent_id = f2b5435d2ed52715
start_time = 1682628698227921
end_time = 1682628698231566
inclusive_time = 3645
exclusive_time = 240
process_id = p5
operationName = ComposeReview
serviceName = nginx
call path = ->/wrk2-api/review/compose_nginx->/wrk2-api/review/compose_nginx
------------------------------------------------------------------------------------
span = 3
trace_id = d583445c61568d5e
span_id = f0e40dbb8fe0fb7e
parent_id = feada0458d84b9ac
start_time = 1682628698228208
end_time = 1682628698231491
inclusive_time = 3283
exclusive_time = 306
process_id = p2
operationName = UploadMovieId
serviceName = movie-id-service
call path = ->/wrk2-api/review/compose_nginx->/wrk2-api/review/compose_nginx->ComposeReview_nginx
------------------------------------------------------------------------------------
span = 4
trace_id = d583445c61568d5e
span_id = a94e24a85102d9b3
parent_id = f0e40dbb8fe0fb7e
start_time = 1682628698228643
end_time = 1682628698231374
inclusive_time = 2731
exclusive_time = 352
process_id = p10
operationName = UploadRating
serviceName = rating-service
call path = ->/wrk2-api/review/compose_nginx->/wrk2-api/review/compose_nginx->ComposeReview_nginx->UploadMovieId_movie-id-service
------------------------------------------------------------------------------------
span = 5
trace_id = d583445c61568d5e
span_id = f787373b05191858
parent_id = a94e24a85102d9b3
start_time = 1682628698228892
end_time = 1682628698231162
inclusive_time = 2270
exclusive_time = 1164
process_id = p1
operationName = UploadRating
serviceName = compose-review-service
call path = ->/wrk2-api/review/compose_nginx->/wrk2-api/review/compose_nginx->ComposeReview_nginx->UploadMovieId_movie-id-service->UploadRating_rating-service
------------------------------------------------------------------------------------
span = 6
trace_id = d583445c61568d5e
span_id = 833ae78b84f62c08
parent_id = f787373b05191858
start_time = 1682628698229923
end_time = 1682628698231003
inclusive_time = 1080
exclusive_time = 25
process_id = p3
operationName = UploadMovieReview
serviceName = movie-review-service
call path = ->/wrk2-api/review/compose_nginx->/wrk2-api/review/compose_nginx->ComposeReview_nginx->UploadMovieId_movie-id-service->UploadRating_rating-service->UploadRating_compose-review-service
------------------------------------------------------------------------------------
span = 7
trace_id = d583445c61568d5e
span_id = 2bff95c1667e273d
parent_id = 833ae78b84f62c08
start_time = 1682628698229948
end_time = 1682628698231007
inclusive_time = 1059
exclusive_time = 1059
process_id = p3
operationName = MongoFindMovie
serviceName = movie-review-service
call path = ->/wrk2-api/review/compose_nginx->/wrk2-api/review/compose_nginx->ComposeReview_nginx->UploadMovieId_movie-id-service->UploadRating_rating-service->UploadRating_compose-review-service->UploadMovieReview_movie-review-service
------------------------------------------------------------------------------------
span = 8
trace_id = d583445c61568d5e
span_id = 2a0464e10f9e0086
parent_id = f0e40dbb8fe0fb7e
start_time = 1682628698228225
end_time = 1682628698228336
inclusive_time = 111
exclusive_time = 111
process_id = p2
operationName = MmcGetMovieId
serviceName = movie-id-service
call path = ->/wrk2-api/review/compose_nginx->/wrk2-api/review/compose_nginx->ComposeReview_nginx->UploadMovieId_movie-id-service
------------------------------------------------------------------------------------
