span 0
span_id = 7f135820f940b322
parent_id = None
start_time = 1682628698120000
end_time = 1682628698126099
inclusive_time = 6099
exclusive_time = 1061
process_id = p7
operationName = /wrk2-api/review/compose
serviceName = None
------------------------------------------------------------------------------------
span 1
span_id = b5fc6694b60b09b2
parent_id = 7f135820f940b322
start_time = 1682628698121060
end_time = 1682628698126098
inclusive_time = 5038
exclusive_time = 113
process_id = p7
operationName = /wrk2-api/review/compose
serviceName = None
------------------------------------------------------------------------------------
span 2
span_id = 822c96581bc8797e
parent_id = b5fc6694b60b09b2
start_time = 1682628698121110
end_time = 1682628698126035
inclusive_time = 4925
exclusive_time = 458
process_id = p7
operationName = ComposeReview
serviceName = None
------------------------------------------------------------------------------------
span 3
span_id = a30d1b8e30c22a10
parent_id = 822c96581bc8797e
start_time = 1682628698121805
end_time = 1682628698125820
inclusive_time = 4015
exclusive_time = 564
process_id = p2
operationName = UploadMovieId
serviceName = None
------------------------------------------------------------------------------------
span 4
span_id = c46b68a2a7bb8d7c
parent_id = a30d1b8e30c22a10
start_time = 1682628698122851
end_time = 1682628698125675
inclusive_time = 2824
exclusive_time = 1324
process_id = p5
operationName = UploadMovieId
serviceName = None
------------------------------------------------------------------------------------
span 5
span_id = e7aa3860d8157b73
parent_id = c46b68a2a7bb8d7c
start_time = 1682628698124161
end_time = 1682628698125564
inclusive_time = 1403
exclusive_time = 25
process_id = p6
operationName = UploadMovieReview
serviceName = None
------------------------------------------------------------------------------------
span 6
span_id = f597d3ce051dbbf2
parent_id = e7aa3860d8157b73
start_time = 1682628698124186
end_time = 1682628698125567
inclusive_time = 1381
exclusive_time = 1381
process_id = p6
operationName = MongoFindMovie
serviceName = None
------------------------------------------------------------------------------------
span 7
span_id = c442e279214cdb55
parent_id = a30d1b8e30c22a10
start_time = 1682628698122648
end_time = 1682628698122799
inclusive_time = 151
exclusive_time = 151
process_id = p2
operationName = MmcSetMovieId
serviceName = None
------------------------------------------------------------------------------------
span 8
span_id = 63b5223b47986dd1
parent_id = a30d1b8e30c22a10
start_time = 1682628698121817
end_time = 1682628698122241
inclusive_time = 424
exclusive_time = 424
process_id = p2
operationName = MmcGetMovieId
serviceName = None
------------------------------------------------------------------------------------
