span = 0
span_id = ce848eb6d7ac1e62
parent_id = None
start_time = 1682628698020000
end_time = 1682628698025544
inclusive_time = 5544
exclusive_time = 691
process_id = p7
operationName = /wrk2-api/review/compose
serviceName = nginx
------------------------------------------------------------------------------------
span = 1
span_id = 5a0466e1777b7f73
parent_id = ce848eb6d7ac1e62
start_time = 1682628698020691
end_time = 1682628698025544
inclusive_time = 4853
exclusive_time = 108
process_id = p7
operationName = /wrk2-api/review/compose
serviceName = nginx
------------------------------------------------------------------------------------
span = 2
span_id = ea56d263e1113514
parent_id = 5a0466e1777b7f73
start_time = 1682628698020741
end_time = 1682628698025486
inclusive_time = 4745
exclusive_time = 1270
process_id = p7
operationName = ComposeReview
serviceName = nginx
------------------------------------------------------------------------------------
span = 3
span_id = aebddf299cfd4d52
parent_id = ea56d263e1113514
start_time = 1682628698021105
end_time = 1682628698024580
inclusive_time = 3475
exclusive_time = 269
process_id = p2
operationName = UploadMovieId
serviceName = movie-id-service
------------------------------------------------------------------------------------
span = 4
span_id = b7b55fc69bb7589b
parent_id = aebddf299cfd4d52
start_time = 1682628698021607
end_time = 1682628698024464
inclusive_time = 2857
exclusive_time = 223
process_id = p9
operationName = UploadRating
serviceName = rating-service
------------------------------------------------------------------------------------
span = 5
span_id = b54d9b4cc96b447d
parent_id = b7b55fc69bb7589b
start_time = 1682628698021780
end_time = 1682628698024343
inclusive_time = 2563
exclusive_time = 1357
process_id = p4
operationName = UploadRating
serviceName = compose-review-service
------------------------------------------------------------------------------------
span = 6
span_id = 1073b174d99c0a33
parent_id = b54d9b4cc96b447d
start_time = 1682628698022810
end_time = 1682628698023958
inclusive_time = 1148
exclusive_time = 18
process_id = p1
operationName = UploadMovieReview
serviceName = movie-review-service
------------------------------------------------------------------------------------
span = 7
span_id = 465056fddcdcecf9
parent_id = 1073b174d99c0a33
start_time = 1682628698022828
end_time = 1682628698023969
inclusive_time = 1141
exclusive_time = 1141
process_id = p1
operationName = MongoFindMovie
serviceName = movie-review-service
------------------------------------------------------------------------------------
span = 8
span_id = 798c85e7b340ffac
parent_id = aebddf299cfd4d52
start_time = 1682628698021410
end_time = 1682628698021565
inclusive_time = 155
exclusive_time = 155
process_id = p2
operationName = MmcSetMovieId
serviceName = movie-id-service
------------------------------------------------------------------------------------
span = 9
span_id = 9aa83b4800d76af2
parent_id = aebddf299cfd4d52
start_time = 1682628698021126
end_time = 1682628698021278
inclusive_time = 152
exclusive_time = 152
process_id = p2
operationName = MmcGetMovieId
serviceName = movie-id-service
------------------------------------------------------------------------------------
