span = 0
trace_id = f6881075717bcd8c
span_id = f6881075717bcd8c
parent_id = None
start_time = 1682628697899000
end_time = 1682628697904044
inclusive_time = 5044
exclusive_time = 437
process_id = p1
operationName = /wrk2-api/review/compose
serviceName = nginx
call path = 
------------------------------------------------------------------------------------
span = 1
trace_id = f6881075717bcd8c
span_id = 5bf53dd77fb0bdec
parent_id = f6881075717bcd8c
start_time = 1682628697899436
end_time = 1682628697904043
inclusive_time = 4607
exclusive_time = 104
process_id = p1
operationName = /wrk2-api/review/compose
serviceName = nginx
call path = ->/wrk2-api/review/compose_nginx
------------------------------------------------------------------------------------
span = 2
trace_id = f6881075717bcd8c
span_id = 1c3e654865b6960f
parent_id = 5bf53dd77fb0bdec
start_time = 1682628697899484
end_time = 1682628697903987
inclusive_time = 4503
exclusive_time = 289
process_id = p1
operationName = ComposeReview
serviceName = nginx
call path = ->/wrk2-api/review/compose_nginx->/wrk2-api/review/compose_nginx
------------------------------------------------------------------------------------
span = 3
trace_id = f6881075717bcd8c
span_id = 6c8e7713f676b724
parent_id = 1c3e654865b6960f
start_time = 1682628697900075
end_time = 1682628697903903
inclusive_time = 3828
exclusive_time = 649
process_id = p3
operationName = UploadMovieId
serviceName = movie-id-service
call path = ->/wrk2-api/review/compose_nginx->/wrk2-api/review/compose_nginx->ComposeReview_nginx
------------------------------------------------------------------------------------
span = 4
trace_id = f6881075717bcd8c
span_id = 80d33b879307748f
parent_id = 6c8e7713f676b724
start_time = 1682628697901362
end_time = 1682628697903620
inclusive_time = 2258
exclusive_time = 951
process_id = p2
operationName = UploadMovieId
serviceName = compose-review-service
call path = ->/wrk2-api/review/compose_nginx->/wrk2-api/review/compose_nginx->ComposeReview_nginx->UploadMovieId_movie-id-service
------------------------------------------------------------------------------------
span = 5
trace_id = f6881075717bcd8c
span_id = 81c6f8fb97d849d3
parent_id = 80d33b879307748f
start_time = 1682628697902251
end_time = 1682628697903491
inclusive_time = 1240
exclusive_time = 20
process_id = p4
operationName = UploadMovieReview
serviceName = movie-review-service
call path = ->/wrk2-api/review/compose_nginx->/wrk2-api/review/compose_nginx->ComposeReview_nginx->UploadMovieId_movie-id-service->UploadMovieId_compose-review-service
------------------------------------------------------------------------------------
span = 6
trace_id = f6881075717bcd8c
span_id = ac175ebd916a8605
parent_id = 81c6f8fb97d849d3
start_time = 1682628697902271
end_time = 1682628697903496
inclusive_time = 1225
exclusive_time = 1225
process_id = p4
operationName = MongoFindMovie
serviceName = movie-review-service
call path = ->/wrk2-api/review/compose_nginx->/wrk2-api/review/compose_nginx->ComposeReview_nginx->UploadMovieId_movie-id-service->UploadMovieId_compose-review-service->UploadMovieReview_movie-review-service
------------------------------------------------------------------------------------
span = 7
trace_id = f6881075717bcd8c
span_id = f6049711c95d93f2
parent_id = 6c8e7713f676b724
start_time = 1682628697900518
end_time = 1682628697901199
inclusive_time = 681
exclusive_time = 197
process_id = p7
operationName = UploadRating
serviceName = rating-service
call path = ->/wrk2-api/review/compose_nginx->/wrk2-api/review/compose_nginx->ComposeReview_nginx->UploadMovieId_movie-id-service
------------------------------------------------------------------------------------
span = 8
trace_id = f6881075717bcd8c
span_id = 9108df1b644c93b3
parent_id = f6049711c95d93f2
start_time = 1682628697900727
end_time = 1682628697901098
inclusive_time = 371
exclusive_time = 371
process_id = p2
operationName = UploadRating
serviceName = compose-review-service
call path = ->/wrk2-api/review/compose_nginx->/wrk2-api/review/compose_nginx->ComposeReview_nginx->UploadMovieId_movie-id-service->UploadRating_rating-service
------------------------------------------------------------------------------------
span = 9
trace_id = f6881075717bcd8c
span_id = 78d8b9d0bdc8bcf2
parent_id = 6c8e7713f676b724
start_time = 1682628697900356
end_time = 1682628697900480
inclusive_time = 124
exclusive_time = 124
process_id = p3
operationName = MmcSetMovieId
serviceName = movie-id-service
call path = ->/wrk2-api/review/compose_nginx->/wrk2-api/review/compose_nginx->ComposeReview_nginx->UploadMovieId_movie-id-service
------------------------------------------------------------------------------------
span = 10
trace_id = f6881075717bcd8c
span_id = 0e4931b221289355
parent_id = 6c8e7713f676b724
start_time = 1682628697900092
end_time = 1682628697900208
inclusive_time = 116
exclusive_time = 116
process_id = p3
operationName = MmcGetMovieId
serviceName = movie-id-service
call path = ->/wrk2-api/review/compose_nginx->/wrk2-api/review/compose_nginx->ComposeReview_nginx->UploadMovieId_movie-id-service
------------------------------------------------------------------------------------
