span = 0
span_id = b30e8bfb3a2a70f1
parent_id = None
start_time = 1682628698194000
end_time = 1682628698199570
inclusive_time = 5570
exclusive_time = 353
process_id = p7
operationName = /wrk2-api/review/compose
serviceName = nginx
------------------------------------------------------------------------------------
span = 1
span_id = 7b1d404c51653b94
parent_id = b30e8bfb3a2a70f1
start_time = 1682628698194353
end_time = 1682628698199570
inclusive_time = 5217
exclusive_time = 91
process_id = p7
operationName = /wrk2-api/review/compose
serviceName = nginx
------------------------------------------------------------------------------------
span = 2
span_id = f06dd2bc7ef0147d
parent_id = 7b1d404c51653b94
start_time = 1682628698194401
end_time = 1682628698199527
inclusive_time = 5126
exclusive_time = 1173
process_id = p7
operationName = ComposeReview
serviceName = nginx
------------------------------------------------------------------------------------
span = 3
span_id = 23efe5ecbe835263
parent_id = f06dd2bc7ef0147d
start_time = 1682628698194930
end_time = 1682628698198549
inclusive_time = 3619
exclusive_time = 381
process_id = p4
operationName = UploadMovieId
serviceName = movie-id-service
------------------------------------------------------------------------------------
span = 4
span_id = e28a3bb1bbabac50
parent_id = 23efe5ecbe835263
start_time = 1682628698195368
end_time = 1682628698198355
inclusive_time = 2987
exclusive_time = 280
process_id = p10
operationName = UploadRating
serviceName = rating-service
------------------------------------------------------------------------------------
span = 5
span_id = 971a6aaff334dedb
parent_id = e28a3bb1bbabac50
start_time = 1682628698195872
end_time = 1682628698198247
inclusive_time = 2375
exclusive_time = 1027
process_id = p3
operationName = UploadRating
serviceName = compose-review-service
------------------------------------------------------------------------------------
span = 6
span_id = 818bb1c37859b35b
parent_id = 971a6aaff334dedb
start_time = 1682628698196921
end_time = 1682628698198100
inclusive_time = 1179
exclusive_time = 18
process_id = p5
operationName = UploadMovieReview
serviceName = movie-review-service
------------------------------------------------------------------------------------
span = 7
span_id = f7048f60d9b84672
parent_id = 818bb1c37859b35b
start_time = 1682628698196939
end_time = 1682628698198105
inclusive_time = 1166
exclusive_time = 1166
process_id = p5
operationName = MongoFindMovie
serviceName = movie-review-service
------------------------------------------------------------------------------------
span = 8
span_id = b18526ec42cb2843
parent_id = e28a3bb1bbabac50
start_time = 1682628698195532
end_time = 1682628698195864
inclusive_time = 332
exclusive_time = 332
process_id = p10
operationName = RedisInsert
serviceName = rating-service
------------------------------------------------------------------------------------
span = 9
span_id = 3792973df1a3234a
parent_id = 23efe5ecbe835263
start_time = 1682628698195199
end_time = 1682628698195299
inclusive_time = 100
exclusive_time = 100
process_id = p4
operationName = MmcSetMovieId
serviceName = movie-id-service
------------------------------------------------------------------------------------
span = 10
span_id = f736e6b4f1c4fc71
parent_id = 23efe5ecbe835263
start_time = 1682628698194954
end_time = 1682628698195044
inclusive_time = 90
exclusive_time = 90
process_id = p4
operationName = MmcGetMovieId
serviceName = movie-id-service
------------------------------------------------------------------------------------
