span = 0
span_id = dd5fb9204877ceca
parent_id = None
start_time = 1682628698179000
end_time = 1682628698183097
inclusive_time = 4097
exclusive_time = 343
process_id = p3
operationName = /wrk2-api/review/compose
serviceName = nginx
------------------------------------------------------------------------------------
span = 1
span_id = 5cd45436367843a3
parent_id = dd5fb9204877ceca
start_time = 1682628698179343
end_time = 1682628698183097
inclusive_time = 3754
exclusive_time = 107
process_id = p3
operationName = /wrk2-api/review/compose
serviceName = nginx
------------------------------------------------------------------------------------
span = 2
span_id = d90217d3237de31e
parent_id = 5cd45436367843a3
start_time = 1682628698179397
end_time = 1682628698183044
inclusive_time = 3647
exclusive_time = 336
process_id = p3
operationName = ComposeReview
serviceName = nginx
------------------------------------------------------------------------------------
span = 3
span_id = a5c02aef4b98741e
parent_id = d90217d3237de31e
start_time = 1682628698179733
end_time = 1682628698182918
inclusive_time = 3185
exclusive_time = 312
process_id = p6
operationName = UploadMovieId
serviceName = movie-id-service
------------------------------------------------------------------------------------
span = 4
span_id = 8f273360f1e43f80
parent_id = a5c02aef4b98741e
start_time = 1682628698180169
end_time = 1682628698182795
inclusive_time = 2626
exclusive_time = 318
process_id = p10
operationName = UploadRating
serviceName = rating-service
------------------------------------------------------------------------------------
span = 5
span_id = 8e627db513cbb6ea
parent_id = 8f273360f1e43f80
start_time = 1682628698180345
end_time = 1682628698182596
inclusive_time = 2251
exclusive_time = 1165
process_id = p1
operationName = UploadRating
serviceName = compose-review-service
------------------------------------------------------------------------------------
span = 6
span_id = 577b3b553e45c0b5
parent_id = 8e627db513cbb6ea
start_time = 1682628698181337
end_time = 1682628698182390
inclusive_time = 1053
exclusive_time = 28
process_id = p2
operationName = UploadMovieReview
serviceName = movie-review-service
------------------------------------------------------------------------------------
span = 7
span_id = d50f927f6350ca0b
parent_id = 577b3b553e45c0b5
start_time = 1682628698181365
end_time = 1682628698182395
inclusive_time = 1030
exclusive_time = 1030
process_id = p2
operationName = MongoFindMovie
serviceName = movie-review-service
------------------------------------------------------------------------------------
span = 8
span_id = a72ea54157d7c9cf
parent_id = a5c02aef4b98741e
start_time = 1682628698180015
end_time = 1682628698180116
inclusive_time = 101
exclusive_time = 101
process_id = p6
operationName = MmcSetMovieId
serviceName = movie-id-service
------------------------------------------------------------------------------------
span = 9
span_id = f2cfb29e47b41d34
parent_id = a5c02aef4b98741e
start_time = 1682628698179754
end_time = 1682628698179857
inclusive_time = 103
exclusive_time = 103
process_id = p6
operationName = MmcGetMovieId
serviceName = movie-id-service
------------------------------------------------------------------------------------
