span = 0
trace_id = 1bc1ea3d02b9efde
span_id = 1bc1ea3d02b9efde
parent_id = None
start_time = 1682628698053000
end_time = 1682628698059256
inclusive_time = 6256
exclusive_time = 760
process_id = p8
operationName = /wrk2-api/review/compose
serviceName = nginx
------------------------------------------------------------------------------------
span = 1
trace_id = 1bc1ea3d02b9efde
span_id = 9aaef3c6d23cf5a2
parent_id = 1bc1ea3d02b9efde
start_time = 1682628698053760
end_time = 1682628698059256
inclusive_time = 5496
exclusive_time = 106
process_id = p8
operationName = /wrk2-api/review/compose
serviceName = nginx
------------------------------------------------------------------------------------
span = 2
trace_id = 1bc1ea3d02b9efde
span_id = 609477737dfd24dd
parent_id = 9aaef3c6d23cf5a2
start_time = 1682628698053808
end_time = 1682628698059198
inclusive_time = 5390
exclusive_time = 288
process_id = p8
operationName = ComposeReview
serviceName = nginx
------------------------------------------------------------------------------------
span = 3
trace_id = 1bc1ea3d02b9efde
span_id = 76a8265f6000148d
parent_id = 609477737dfd24dd
start_time = 1682628698054110
end_time = 1682628698059122
inclusive_time = 5012
exclusive_time = 476
process_id = p5
operationName = UploadMovieId
serviceName = movie-id-service
------------------------------------------------------------------------------------
span = 4
trace_id = 1bc1ea3d02b9efde
span_id = 884b258f1798b587
parent_id = 76a8265f6000148d
start_time = 1682628698054540
end_time = 1682628698058943
inclusive_time = 4403
exclusive_time = 2201
process_id = p3
operationName = UploadMovieId
serviceName = compose-review-service
------------------------------------------------------------------------------------
span = 5
trace_id = 1bc1ea3d02b9efde
span_id = 650d398fc2c7d84e
parent_id = 884b258f1798b587
start_time = 1682628698056630
end_time = 1682628698058789
inclusive_time = 2159
exclusive_time = 30
process_id = p6
operationName = UploadUserReview
serviceName = user-review-service
------------------------------------------------------------------------------------
span = 6
trace_id = 1bc1ea3d02b9efde
span_id = 4a850dcc93e798b0
parent_id = 650d398fc2c7d84e
start_time = 1682628698056660
end_time = 1682628698058795
inclusive_time = 2135
exclusive_time = 2135
process_id = p6
operationName = MongoFindUser
serviceName = user-review-service
------------------------------------------------------------------------------------
span = 7
trace_id = 1bc1ea3d02b9efde
span_id = f528386cde1021c8
parent_id = 76a8265f6000148d
start_time = 1682628698054124
end_time = 1682628698054231
inclusive_time = 107
exclusive_time = 107
process_id = p5
operationName = MmcGetMovieId
serviceName = movie-id-service
------------------------------------------------------------------------------------
