span 0
span_id = a0969553150e2fdc
parent_id = None
start_time = 1682628698121000
end_time = 1682628698126341
inclusive_time = 5341
exclusive_time = 257
process_id = p5
operationName = /wrk2-api/review/compose
serviceName = None
------------------------------------------------------------------------------------
span 1
span_id = 1e8419ea64d2bc4f
parent_id = a0969553150e2fdc
start_time = 1682628698121256
end_time = 1682628698126340
inclusive_time = 5084
exclusive_time = 114
process_id = p5
operationName = /wrk2-api/review/compose
serviceName = None
------------------------------------------------------------------------------------
span 2
span_id = 628ee553cf013e2f
parent_id = 1e8419ea64d2bc4f
start_time = 1682628698121305
end_time = 1682628698126275
inclusive_time = 4970
exclusive_time = 307
process_id = p5
operationName = ComposeReview
serviceName = None
------------------------------------------------------------------------------------
span 3
span_id = 91c1c88fa3a2b64e
parent_id = 628ee553cf013e2f
start_time = 1682628698121660
end_time = 1682628698126177
inclusive_time = 4517
exclusive_time = 503
process_id = p2
operationName = UploadMovieId
serviceName = None
------------------------------------------------------------------------------------
span 4
span_id = 136e82ec9b67db0f
parent_id = 91c1c88fa3a2b64e
start_time = 1682628698122402
end_time = 1682628698125997
inclusive_time = 3595
exclusive_time = 346
process_id = p4
operationName = UploadRating
serviceName = None
------------------------------------------------------------------------------------
span 5
span_id = 3594d7e76d1f8356
parent_id = 136e82ec9b67db0f
start_time = 1682628698122592
end_time = 1682628698125841
inclusive_time = 3249
exclusive_time = 1176
process_id = p6
operationName = UploadRating
serviceName = None
------------------------------------------------------------------------------------
span 6
span_id = 4a2b5baeade7ebdb
parent_id = 3594d7e76d1f8356
start_time = 1682628698123819
end_time = 1682628698125626
inclusive_time = 1807
exclusive_time = 26
process_id = p7
operationName = UploadMovieReview
serviceName = None
------------------------------------------------------------------------------------
span 7
span_id = cf02680717628b45
parent_id = 4a2b5baeade7ebdb
start_time = 1682628698123845
end_time = 1682628698125637
inclusive_time = 1792
exclusive_time = 1792
process_id = p7
operationName = MongoFindMovie
serviceName = None
------------------------------------------------------------------------------------
span 8
span_id = 7eda3613f9c5bf74
parent_id = 91c1c88fa3a2b64e
start_time = 1682628698121990
end_time = 1682628698122064
inclusive_time = 74
exclusive_time = 74
process_id = p2
operationName = MmcSetMovieId
serviceName = None
------------------------------------------------------------------------------------
span 9
span_id = 50c73bf5a4b4162b
parent_id = 91c1c88fa3a2b64e
start_time = 1682628698121680
end_time = 1682628698121799
inclusive_time = 119
exclusive_time = 119
process_id = p2
operationName = MmcGetMovieId
serviceName = None
------------------------------------------------------------------------------------
