span = 0
span_id = a014bb4b359b8fdc
parent_id = None
start_time = 1682628697949000
end_time = 1682628697954120
inclusive_time = 5120
exclusive_time = 514
process_id = p8
operationName = /wrk2-api/review/compose
serviceName = nginx
------------------------------------------------------------------------------------
span = 1
span_id = 7e76a744be2c9f87
parent_id = a014bb4b359b8fdc
start_time = 1682628697949514
end_time = 1682628697954120
inclusive_time = 4606
exclusive_time = 107
process_id = p8
operationName = /wrk2-api/review/compose
serviceName = nginx
------------------------------------------------------------------------------------
span = 2
span_id = 2f5b6510e8a6bf02
parent_id = 7e76a744be2c9f87
start_time = 1682628697949559
end_time = 1682628697954058
inclusive_time = 4499
exclusive_time = 958
process_id = p8
operationName = ComposeReview
serviceName = nginx
------------------------------------------------------------------------------------
span = 3
span_id = 5978fa00ab874282
parent_id = 2f5b6510e8a6bf02
start_time = 1682628697949871
end_time = 1682628697953284
inclusive_time = 3413
exclusive_time = 353
process_id = p7
operationName = UploadMovieId
serviceName = movie-id-service
------------------------------------------------------------------------------------
span = 4
span_id = 1a72dd95147d173d
parent_id = 5978fa00ab874282
start_time = 1682628697950508
end_time = 1682628697953152
inclusive_time = 2644
exclusive_time = 1424
process_id = p3
operationName = UploadMovieId
serviceName = compose-review-service
------------------------------------------------------------------------------------
span = 5
span_id = 8c829cc0dc99a1db
parent_id = 1a72dd95147d173d
start_time = 1682628697951822
end_time = 1682628697953009
inclusive_time = 1187
exclusive_time = 25
process_id = p2
operationName = UploadUserReview
serviceName = user-review-service
------------------------------------------------------------------------------------
span = 6
span_id = a1e373dda1f65b46
parent_id = 8c829cc0dc99a1db
start_time = 1682628697951847
end_time = 1682628697953011
inclusive_time = 1164
exclusive_time = 1164
process_id = p2
operationName = MongoFindUser
serviceName = user-review-service
------------------------------------------------------------------------------------
span = 7
span_id = d69892c07f58e0ec
parent_id = 5978fa00ab874282
start_time = 1682628697950121
end_time = 1682628697950219
inclusive_time = 98
exclusive_time = 98
process_id = p7
operationName = MmcSetMovieId
serviceName = movie-id-service
------------------------------------------------------------------------------------
span = 8
span_id = f4d3684f75999004
parent_id = 5978fa00ab874282
start_time = 1682628697949890
end_time = 1682628697949986
inclusive_time = 96
exclusive_time = 96
process_id = p7
operationName = MmcGetMovieId
serviceName = movie-id-service
------------------------------------------------------------------------------------
