span = 0
trace_id = 5f64025b72af62b6
span_id = 5f64025b72af62b6
parent_id = None
start_time = 1682628697933000
end_time = 1682628697938435
inclusive_time = 5435
exclusive_time = 511
process_id = p7
operationName = /wrk2-api/review/compose
serviceName = nginx
------------------------------------------------------------------------------------
span = 1
trace_id = 5f64025b72af62b6
span_id = eab6b9ade6903562
parent_id = 5f64025b72af62b6
start_time = 1682628697933511
end_time = 1682628697938435
inclusive_time = 4924
exclusive_time = 87
process_id = p7
operationName = /wrk2-api/review/compose
serviceName = nginx
------------------------------------------------------------------------------------
span = 2
trace_id = 5f64025b72af62b6
span_id = 53d4fd890586ba1c
parent_id = eab6b9ade6903562
start_time = 1682628697933547
end_time = 1682628697938384
inclusive_time = 4837
exclusive_time = 907
process_id = p7
operationName = ComposeReview
serviceName = nginx
------------------------------------------------------------------------------------
span = 3
trace_id = 5f64025b72af62b6
span_id = 25b26c79f8f36f90
parent_id = 53d4fd890586ba1c
start_time = 1682628697933807
end_time = 1682628697937637
inclusive_time = 3830
exclusive_time = 423
process_id = p8
operationName = UploadMovieId
serviceName = movie-id-service
------------------------------------------------------------------------------------
span = 4
trace_id = 5f64025b72af62b6
span_id = 206c2612dc782b65
parent_id = 25b26c79f8f36f90
start_time = 1682628697934461
end_time = 1682628697937476
inclusive_time = 3015
exclusive_time = 308
process_id = p5
operationName = UploadRating
serviceName = rating-service
------------------------------------------------------------------------------------
span = 5
trace_id = 5f64025b72af62b6
span_id = 16490aff027684f5
parent_id = 206c2612dc782b65
start_time = 1682628697934620
end_time = 1682628697937294
inclusive_time = 2674
exclusive_time = 1249
process_id = p4
operationName = UploadRating
serviceName = compose-review-service
------------------------------------------------------------------------------------
span = 6
trace_id = 5f64025b72af62b6
span_id = f8baedbe927f8973
parent_id = 16490aff027684f5
start_time = 1682628697935469
end_time = 1682628697936844
inclusive_time = 1375
exclusive_time = 27
process_id = p1
operationName = UploadMovieReview
serviceName = movie-review-service
------------------------------------------------------------------------------------
span = 7
trace_id = 5f64025b72af62b6
span_id = 4281b287f91d2dd6
parent_id = f8baedbe927f8973
start_time = 1682628697935496
end_time = 1682628697936848
inclusive_time = 1352
exclusive_time = 1352
process_id = p1
operationName = MongoFindMovie
serviceName = movie-review-service
------------------------------------------------------------------------------------
span = 8
trace_id = 5f64025b72af62b6
span_id = c89b09d67116efe1
parent_id = 25b26c79f8f36f90
start_time = 1682628697934098
end_time = 1682628697934237
inclusive_time = 139
exclusive_time = 139
process_id = p8
operationName = MmcSetMovieId
serviceName = movie-id-service
------------------------------------------------------------------------------------
span = 9
trace_id = 5f64025b72af62b6
span_id = 7e379a41e83c7fc7
parent_id = 25b26c79f8f36f90
start_time = 1682628697933826
end_time = 1682628697933923
inclusive_time = 97
exclusive_time = 97
process_id = p8
operationName = MmcGetMovieId
serviceName = movie-id-service
------------------------------------------------------------------------------------
