span = 0
span_id = 1b4803ed081c888f
parent_id = None
start_time = 1682628698314000
end_time = 1682628698318110
inclusive_time = 4110
exclusive_time = 291
process_id = p10
operationName = /wrk2-api/review/compose
serviceName = nginx
------------------------------------------------------------------------------------
span = 1
span_id = 7be27775c44d487d
parent_id = 1b4803ed081c888f
start_time = 1682628698314291
end_time = 1682628698318110
inclusive_time = 3819
exclusive_time = 99
process_id = p10
operationName = /wrk2-api/review/compose
serviceName = nginx
------------------------------------------------------------------------------------
span = 2
span_id = ff95f3773f22845c
parent_id = 7be27775c44d487d
start_time = 1682628698314333
end_time = 1682628698318053
inclusive_time = 3720
exclusive_time = 463
process_id = p10
operationName = ComposeReview
serviceName = nginx
------------------------------------------------------------------------------------
span = 3
span_id = 7443fd21c9754d0c
parent_id = ff95f3773f22845c
start_time = 1682628698314702
end_time = 1682628698317959
inclusive_time = 3257
exclusive_time = 345
process_id = p2
operationName = UploadMovieId
serviceName = movie-id-service
------------------------------------------------------------------------------------
span = 4
span_id = a3deb24d91afdc23
parent_id = 7443fd21c9754d0c
start_time = 1682628698315097
end_time = 1682628698317831
inclusive_time = 2734
exclusive_time = 222
process_id = p9
operationName = UploadRating
serviceName = rating-service
------------------------------------------------------------------------------------
span = 5
span_id = b279294b7a6bd641
parent_id = a3deb24d91afdc23
start_time = 1682628698315243
end_time = 1682628698317723
inclusive_time = 2480
exclusive_time = 1351
process_id = p1
operationName = UploadRating
serviceName = compose-review-service
------------------------------------------------------------------------------------
span = 6
span_id = 9ec1896ac16178fa
parent_id = b279294b7a6bd641
start_time = 1682628698316555
end_time = 1682628698317607
inclusive_time = 1052
exclusive_time = 26
process_id = p5
operationName = UploadMovieReview
serviceName = movie-review-service
------------------------------------------------------------------------------------
span = 7
span_id = 179d1081074bf6dc
parent_id = 9ec1896ac16178fa
start_time = 1682628698316581
end_time = 1682628698317614
inclusive_time = 1033
exclusive_time = 1033
process_id = p5
operationName = MongoFindMovie
serviceName = movie-review-service
------------------------------------------------------------------------------------
span = 8
span_id = 2ae99f0162974426
parent_id = 7443fd21c9754d0c
start_time = 1682628698314933
end_time = 1682628698315019
inclusive_time = 86
exclusive_time = 86
process_id = p2
operationName = MmcSetMovieId
serviceName = movie-id-service
------------------------------------------------------------------------------------
span = 9
span_id = f0ed53d754ff83d7
parent_id = 7443fd21c9754d0c
start_time = 1682628698314723
end_time = 1682628698314815
inclusive_time = 92
exclusive_time = 92
process_id = p2
operationName = MmcGetMovieId
serviceName = movie-id-service
------------------------------------------------------------------------------------
