span = 0
trace_id = aaf190ae45a436dc
span_id = aaf190ae45a436dc
parent_id = None
start_time = 1682628698303000
end_time = 1682628698307614
inclusive_time = 4614
exclusive_time = 447
process_id = p1
operationName = /wrk2-api/review/compose
serviceName = nginx
call path = 
------------------------------------------------------------------------------------
span = 1
trace_id = aaf190ae45a436dc
span_id = 6e69929eb209c09a
parent_id = aaf190ae45a436dc
start_time = 1682628698303447
end_time = 1682628698307614
inclusive_time = 4167
exclusive_time = 109
process_id = p1
operationName = /wrk2-api/review/compose
serviceName = nginx
call path = ->/wrk2-api/review/compose_nginx
------------------------------------------------------------------------------------
span = 2
trace_id = aaf190ae45a436dc
span_id = 55fa46338d84eeed
parent_id = 6e69929eb209c09a
start_time = 1682628698303502
end_time = 1682628698307560
inclusive_time = 4058
exclusive_time = 289
process_id = p1
operationName = ComposeReview
serviceName = nginx
call path = ->/wrk2-api/review/compose_nginx->/wrk2-api/review/compose_nginx
------------------------------------------------------------------------------------
span = 3
trace_id = aaf190ae45a436dc
span_id = 42b2a2d9a42e35f0
parent_id = 55fa46338d84eeed
start_time = 1682628698303825
end_time = 1682628698307478
inclusive_time = 3653
exclusive_time = 305
process_id = p4
operationName = UploadMovieId
serviceName = movie-id-service
call path = ->/wrk2-api/review/compose_nginx->/wrk2-api/review/compose_nginx->ComposeReview_nginx
------------------------------------------------------------------------------------
span = 4
trace_id = aaf190ae45a436dc
span_id = b6db2bbe211c8ee7
parent_id = 42b2a2d9a42e35f0
start_time = 1682628698304397
end_time = 1682628698307382
inclusive_time = 2985
exclusive_time = 1760
process_id = p3
operationName = UploadMovieId
serviceName = compose-review-service
call path = ->/wrk2-api/review/compose_nginx->/wrk2-api/review/compose_nginx->ComposeReview_nginx->UploadMovieId_movie-id-service
------------------------------------------------------------------------------------
span = 5
trace_id = aaf190ae45a436dc
span_id = d884fa2791a8eadf
parent_id = b6db2bbe211c8ee7
start_time = 1682628698306062
end_time = 1682628698307228
inclusive_time = 1166
exclusive_time = 23
process_id = p2
operationName = UploadUserReview
serviceName = user-review-service
call path = ->/wrk2-api/review/compose_nginx->/wrk2-api/review/compose_nginx->ComposeReview_nginx->UploadMovieId_movie-id-service->UploadMovieId_compose-review-service
------------------------------------------------------------------------------------
span = 6
trace_id = aaf190ae45a436dc
span_id = bcf30832998652f9
parent_id = d884fa2791a8eadf
start_time = 1682628698306085
end_time = 1682628698307233
inclusive_time = 1148
exclusive_time = 1148
process_id = p2
operationName = MongoFindUser
serviceName = user-review-service
call path = ->/wrk2-api/review/compose_nginx->/wrk2-api/review/compose_nginx->ComposeReview_nginx->UploadMovieId_movie-id-service->UploadMovieId_compose-review-service->UploadUserReview_user-review-service
------------------------------------------------------------------------------------
span = 7
trace_id = aaf190ae45a436dc
span_id = f8d321c2e8307216
parent_id = 42b2a2d9a42e35f0
start_time = 1682628698304242
end_time = 1682628698304338
inclusive_time = 96
exclusive_time = 96
process_id = p4
operationName = MmcSetMovieId
serviceName = movie-id-service
call path = ->/wrk2-api/review/compose_nginx->/wrk2-api/review/compose_nginx->ComposeReview_nginx->UploadMovieId_movie-id-service
------------------------------------------------------------------------------------
span = 8
trace_id = aaf190ae45a436dc
span_id = 61b916d67811262a
parent_id = 42b2a2d9a42e35f0
start_time = 1682628698303848
end_time = 1682628698304115
inclusive_time = 267
exclusive_time = 267
process_id = p4
operationName = MmcGetMovieId
serviceName = movie-id-service
call path = ->/wrk2-api/review/compose_nginx->/wrk2-api/review/compose_nginx->ComposeReview_nginx->UploadMovieId_movie-id-service
------------------------------------------------------------------------------------
