span = 0
span_id = 683bd5d2dea3565f
parent_id = None
start_time = 1682628698267000
end_time = 1682628698271657
inclusive_time = 4657
exclusive_time = 776
process_id = p3
operationName = /wrk2-api/review/compose
serviceName = nginx
------------------------------------------------------------------------------------
span = 1
span_id = 16a1211da74725df
parent_id = 683bd5d2dea3565f
start_time = 1682628698267776
end_time = 1682628698271657
inclusive_time = 3881
exclusive_time = 110
process_id = p3
operationName = /wrk2-api/review/compose
serviceName = nginx
------------------------------------------------------------------------------------
span = 2
span_id = feb6ebbc73f2c201
parent_id = 16a1211da74725df
start_time = 1682628698267841
end_time = 1682628698271612
inclusive_time = 3771
exclusive_time = 288
process_id = p3
operationName = ComposeReview
serviceName = nginx
------------------------------------------------------------------------------------
span = 3
span_id = 0ca7ccb3fded5985
parent_id = feb6ebbc73f2c201
start_time = 1682628698268237
end_time = 1682628698271539
inclusive_time = 3302
exclusive_time = 420
process_id = p6
operationName = UploadMovieId
serviceName = movie-id-service
------------------------------------------------------------------------------------
span = 4
span_id = 509840e777d76d19
parent_id = 0ca7ccb3fded5985
start_time = 1682628698268859
end_time = 1682628698271427
inclusive_time = 2568
exclusive_time = 342
process_id = p10
operationName = UploadRating
serviceName = rating-service
------------------------------------------------------------------------------------
span = 5
span_id = 164afcdead1092ba
parent_id = 509840e777d76d19
start_time = 1682628698269153
end_time = 1682628698271289
inclusive_time = 2136
exclusive_time = 862
process_id = p5
operationName = UploadRating
serviceName = compose-review-service
------------------------------------------------------------------------------------
span = 6
span_id = b3f50f347325b7a6
parent_id = 164afcdead1092ba
start_time = 1682628698270085
end_time = 1682628698271169
inclusive_time = 1084
exclusive_time = 24
process_id = p1
operationName = UploadMovieReview
serviceName = movie-review-service
------------------------------------------------------------------------------------
span = 7
span_id = a5f8e874471208b4
parent_id = b3f50f347325b7a6
start_time = 1682628698270109
end_time = 1682628698271174
inclusive_time = 1065
exclusive_time = 1065
process_id = p1
operationName = MongoFindMovie
serviceName = movie-review-service
------------------------------------------------------------------------------------
span = 8
span_id = 20abdb8bfcf84e80
parent_id = 0ca7ccb3fded5985
start_time = 1682628698268489
end_time = 1682628698268582
inclusive_time = 93
exclusive_time = 93
process_id = p6
operationName = MmcSetMovieId
serviceName = movie-id-service
------------------------------------------------------------------------------------
span = 9
span_id = 0a624537db1c2b46
parent_id = 0ca7ccb3fded5985
start_time = 1682628698268256
end_time = 1682628698268365
inclusive_time = 109
exclusive_time = 109
process_id = p6
operationName = MmcGetMovieId
serviceName = movie-id-service
------------------------------------------------------------------------------------
