span = 0
span_id = adf4fedf48a89fb8
parent_id = None
start_time = 1682628698258000
end_time = 1682628698262457
inclusive_time = 4457
exclusive_time = 332
process_id = p3
operationName = /wrk2-api/review/compose
serviceName = nginx
------------------------------------------------------------------------------------
span = 1
span_id = d6fd9133ceb57749
parent_id = adf4fedf48a89fb8
start_time = 1682628698258331
end_time = 1682628698262456
inclusive_time = 4125
exclusive_time = 89
process_id = p3
operationName = /wrk2-api/review/compose
serviceName = nginx
------------------------------------------------------------------------------------
span = 2
span_id = d6cceae738037ddd
parent_id = d6fd9133ceb57749
start_time = 1682628698258369
end_time = 1682628698262405
inclusive_time = 4036
exclusive_time = 312
process_id = p3
operationName = ComposeReview
serviceName = nginx
------------------------------------------------------------------------------------
span = 3
span_id = ce2f9c56b795e5d1
parent_id = d6cceae738037ddd
start_time = 1682628698258754
end_time = 1682628698262317
inclusive_time = 3563
exclusive_time = 294
process_id = p6
operationName = UploadMovieId
serviceName = movie-id-service
------------------------------------------------------------------------------------
span = 4
span_id = cfc3d47e3ed2ad1c
parent_id = ce2f9c56b795e5d1
start_time = 1682628698259233
end_time = 1682628698262203
inclusive_time = 2970
exclusive_time = 271
process_id = p10
operationName = UploadRating
serviceName = rating-service
------------------------------------------------------------------------------------
span = 5
span_id = f55ddd09146ac0a3
parent_id = cfc3d47e3ed2ad1c
start_time = 1682628698259453
end_time = 1682628698262063
inclusive_time = 2610
exclusive_time = 1110
process_id = p5
operationName = UploadRating
serviceName = compose-review-service
------------------------------------------------------------------------------------
span = 6
span_id = 5ff75fe5cb1b6cd3
parent_id = f55ddd09146ac0a3
start_time = 1682628698260798
end_time = 1682628698261933
inclusive_time = 1135
exclusive_time = 18
process_id = p1
operationName = UploadMovieReview
serviceName = movie-review-service
------------------------------------------------------------------------------------
span = 7
span_id = 5fd281579d6eaff0
parent_id = 5ff75fe5cb1b6cd3
start_time = 1682628698260816
end_time = 1682628698261939
inclusive_time = 1123
exclusive_time = 1123
process_id = p1
operationName = MongoFindMovie
serviceName = movie-review-service
------------------------------------------------------------------------------------
span = 8
span_id = d2cf6bf07a5bacd0
parent_id = f55ddd09146ac0a3
start_time = 1682628698260433
end_time = 1682628698260737
inclusive_time = 304
exclusive_time = 40
process_id = p8
operationName = StoreReview
serviceName = review-storage-service
------------------------------------------------------------------------------------
span = 9
span_id = 0de5e2bff3e282b8
parent_id = d2cf6bf07a5bacd0
start_time = 1682628698260460
end_time = 1682628698260724
inclusive_time = 264
exclusive_time = 264
process_id = p8
operationName = MongoInsertReview
serviceName = review-storage-service
------------------------------------------------------------------------------------
span = 10
span_id = 9d870da5c6a85ae2
parent_id = ce2f9c56b795e5d1
start_time = 1682628698258767
end_time = 1682628698258854
inclusive_time = 87
exclusive_time = 87
process_id = p6
operationName = MmcGetMovieId
serviceName = movie-id-service
------------------------------------------------------------------------------------
