span = 0
trace_id = 641b6f05bbad7501
span_id = 641b6f05bbad7501
parent_id = None
start_time = 1682628697986000
end_time = 1682628697991715
inclusive_time = 5715
exclusive_time = 830
process_id = p2
operationName = /wrk2-api/review/compose
serviceName = nginx
------------------------------------------------------------------------------------
span = 1
trace_id = 641b6f05bbad7501
span_id = a8ed57ebd8cacee3
parent_id = 641b6f05bbad7501
start_time = 1682628697986829
end_time = 1682628697991714
inclusive_time = 4885
exclusive_time = 100
process_id = p2
operationName = /wrk2-api/review/compose
serviceName = nginx
------------------------------------------------------------------------------------
span = 2
trace_id = 641b6f05bbad7501
span_id = 66368412918d039e
parent_id = a8ed57ebd8cacee3
start_time = 1682628697986887
end_time = 1682628697991672
inclusive_time = 4785
exclusive_time = 1451
process_id = p2
operationName = ComposeReview
serviceName = nginx
------------------------------------------------------------------------------------
span = 3
trace_id = 641b6f05bbad7501
span_id = 35b9f89594c60c21
parent_id = 66368412918d039e
start_time = 1682628697987839
end_time = 1682628697990436
inclusive_time = 2597
exclusive_time = 212
process_id = p8
operationName = UploadUniqueId
serviceName = unique-id-service
------------------------------------------------------------------------------------
span = 4
trace_id = 641b6f05bbad7501
span_id = c0238b49fc518afc
parent_id = 35b9f89594c60c21
start_time = 1682628697987973
end_time = 1682628697990358
inclusive_time = 2385
exclusive_time = 1041
process_id = p6
operationName = UploadUniqueId
serviceName = compose-review-service
------------------------------------------------------------------------------------
span = 5
trace_id = 641b6f05bbad7501
span_id = 5755458c44dcfa01
parent_id = c0238b49fc518afc
start_time = 1682628697988882
end_time = 1682628697990202
inclusive_time = 1320
exclusive_time = 25
process_id = p7
operationName = UploadUserReview
serviceName = user-review-service
------------------------------------------------------------------------------------
span = 6
trace_id = 641b6f05bbad7501
span_id = 72a469480f2c4d08
parent_id = 5755458c44dcfa01
start_time = 1682628697988907
end_time = 1682628697990206
inclusive_time = 1299
exclusive_time = 1299
process_id = p7
operationName = MongoFindUser
serviceName = user-review-service
------------------------------------------------------------------------------------
