span = 0
trace_id = 098369fd4a351038
span_id = 098369fd4a351038
parent_id = None
start_time = 1682628697878000
end_time = 1682628697882446
inclusive_time = 4446
exclusive_time = 546
process_id = p2
operationName = /wrk2-api/review/compose
serviceName = nginx
------------------------------------------------------------------------------------
span = 1
trace_id = 098369fd4a351038
span_id = 6d3379a07955c4b5
parent_id = 098369fd4a351038
start_time = 1682628697878545
end_time = 1682628697882445
inclusive_time = 3900
exclusive_time = 88
process_id = p2
operationName = /wrk2-api/review/compose
serviceName = nginx
------------------------------------------------------------------------------------
span = 2
trace_id = 098369fd4a351038
span_id = d10273b752a527d8
parent_id = 6d3379a07955c4b5
start_time = 1682628697878577
end_time = 1682628697882389
inclusive_time = 3812
exclusive_time = 299
process_id = p2
operationName = ComposeReview
serviceName = nginx
------------------------------------------------------------------------------------
span = 3
trace_id = 098369fd4a351038
span_id = f66c77a5f451900b
parent_id = d10273b752a527d8
start_time = 1682628697878849
end_time = 1682628697882275
inclusive_time = 3426
exclusive_time = 477
process_id = p4
operationName = UploadMovieId
serviceName = movie-id-service
------------------------------------------------------------------------------------
span = 4
trace_id = 098369fd4a351038
span_id = 43b23e0b24b4dd4d
parent_id = f66c77a5f451900b
start_time = 1682628697879517
end_time = 1682628697882142
inclusive_time = 2625
exclusive_time = 222
process_id = p7
operationName = UploadRating
serviceName = rating-service
------------------------------------------------------------------------------------
span = 5
trace_id = 098369fd4a351038
span_id = b3e70dc293ac357c
parent_id = 43b23e0b24b4dd4d
start_time = 1682628697879694
end_time = 1682628697882043
inclusive_time = 2349
exclusive_time = 1130
process_id = p3
operationName = UploadRating
serviceName = compose-review-service
------------------------------------------------------------------------------------
span = 6
trace_id = 098369fd4a351038
span_id = afafe17dd6d2bf77
parent_id = b3e70dc293ac357c
start_time = 1682628697880884
end_time = 1682628697881940
inclusive_time = 1056
exclusive_time = 25
process_id = p5
operationName = UploadMovieReview
serviceName = movie-review-service
------------------------------------------------------------------------------------
span = 7
trace_id = 098369fd4a351038
span_id = a6ff5702fb3ef01e
parent_id = afafe17dd6d2bf77
start_time = 1682628697880909
end_time = 1682628697881946
inclusive_time = 1037
exclusive_time = 1037
process_id = p5
operationName = MongoFindMovie
serviceName = movie-review-service
------------------------------------------------------------------------------------
span = 8
trace_id = 098369fd4a351038
span_id = 5efcc1ba3f34e0bf
parent_id = f66c77a5f451900b
start_time = 1682628697879248
end_time = 1682628697879351
inclusive_time = 103
exclusive_time = 103
process_id = p4
operationName = MmcSetMovieId
serviceName = movie-id-service
------------------------------------------------------------------------------------
span = 9
trace_id = 098369fd4a351038
span_id = 60339cea82c628f8
parent_id = f66c77a5f451900b
start_time = 1682628697878862
end_time = 1682628697878960
inclusive_time = 98
exclusive_time = 98
process_id = p4
operationName = MmcGetMovieId
serviceName = movie-id-service
------------------------------------------------------------------------------------
