span = 0
span_id = d97f730ff4c6ce62
parent_id = None
start_time = 1682628698146000
end_time = 1682628698151118
inclusive_time = 5118
exclusive_time = 375
process_id = p4
operationName = /wrk2-api/review/compose
serviceName = nginx
------------------------------------------------------------------------------------
span = 1
span_id = 6dab6e7434412712
parent_id = d97f730ff4c6ce62
start_time = 1682628698146374
end_time = 1682628698151117
inclusive_time = 4743
exclusive_time = 81
process_id = p4
operationName = /wrk2-api/review/compose
serviceName = nginx
------------------------------------------------------------------------------------
span = 2
span_id = db4e988ad2d1db89
parent_id = 6dab6e7434412712
start_time = 1682628698146413
end_time = 1682628698151075
inclusive_time = 4662
exclusive_time = 333
process_id = p4
operationName = ComposeReview
serviceName = nginx
------------------------------------------------------------------------------------
span = 3
span_id = ed81334989fb1329
parent_id = db4e988ad2d1db89
start_time = 1682628698148150
end_time = 1682628698150912
inclusive_time = 2762
exclusive_time = 247
process_id = p9
operationName = UploadUniqueId
serviceName = unique-id-service
------------------------------------------------------------------------------------
span = 4
span_id = 2156eb50f7c197d9
parent_id = ed81334989fb1329
start_time = 1682628698148325
end_time = 1682628698150840
inclusive_time = 2515
exclusive_time = 1313
process_id = p2
operationName = UploadUniqueId
serviceName = compose-review-service
------------------------------------------------------------------------------------
span = 5
span_id = 5b587c28a8fa569a
parent_id = 2156eb50f7c197d9
start_time = 1682628698149414
end_time = 1682628698150608
inclusive_time = 1194
exclusive_time = 23
process_id = p6
operationName = UploadUserReview
serviceName = user-review-service
------------------------------------------------------------------------------------
span = 6
span_id = 5bce8e85382d3bde
parent_id = 5b587c28a8fa569a
start_time = 1682628698149437
end_time = 1682628698150613
inclusive_time = 1176
exclusive_time = 1176
process_id = p6
operationName = MongoFindUser
serviceName = user-review-service
------------------------------------------------------------------------------------
span = 7
span_id = 664d86cdad4aa07e
parent_id = db4e988ad2d1db89
start_time = 1682628698146852
end_time = 1682628698147342
inclusive_time = 490
exclusive_time = 228
process_id = p10
operationName = UploadText
serviceName = text-service
------------------------------------------------------------------------------------
span = 8
span_id = c9279025e4e095e2
parent_id = 664d86cdad4aa07e
start_time = 1682628698147016
end_time = 1682628698147278
inclusive_time = 262
exclusive_time = 262
process_id = p2
operationName = UploadText
serviceName = compose-review-service
------------------------------------------------------------------------------------
