span = 0
span_id = b1cdc88964a2a198
parent_id = None
start_time = 1682628698043000
end_time = 1682628698048336
inclusive_time = 5336
exclusive_time = 666
process_id = p8
operationName = /wrk2-api/review/compose
serviceName = nginx
------------------------------------------------------------------------------------
span = 1
span_id = ca6aa0c73afacd6b
parent_id = b1cdc88964a2a198
start_time = 1682628698043666
end_time = 1682628698048336
inclusive_time = 4670
exclusive_time = 100
process_id = p8
operationName = /wrk2-api/review/compose
serviceName = nginx
------------------------------------------------------------------------------------
span = 2
span_id = a29835116a2ae05e
parent_id = ca6aa0c73afacd6b
start_time = 1682628698043715
end_time = 1682628698048285
inclusive_time = 4570
exclusive_time = 741
process_id = p8
operationName = ComposeReview
serviceName = nginx
------------------------------------------------------------------------------------
span = 3
span_id = 3b16afa262fc2809
parent_id = a29835116a2ae05e
start_time = 1682628698045107
end_time = 1682628698047949
inclusive_time = 2842
exclusive_time = 263
process_id = p5
operationName = UploadUserWithUsername
serviceName = user-service
------------------------------------------------------------------------------------
span = 4
span_id = 5ddd2762ad98d05e
parent_id = 3b16afa262fc2809
start_time = 1682628698045465
end_time = 1682628698047875
inclusive_time = 2410
exclusive_time = 1098
process_id = p1
operationName = UploadUserId
serviceName = compose-review-service
------------------------------------------------------------------------------------
span = 5
span_id = e8da67ffb28ec178
parent_id = 5ddd2762ad98d05e
start_time = 1682628698046451
end_time = 1682628698047688
inclusive_time = 1237
exclusive_time = 45
process_id = p2
operationName = UploadUserReview
serviceName = user-review-service
------------------------------------------------------------------------------------
span = 6
span_id = 01de089b2ba83541
parent_id = e8da67ffb28ec178
start_time = 1682628698046496
end_time = 1682628698047693
inclusive_time = 1197
exclusive_time = 1197
process_id = p2
operationName = MongoFindUser
serviceName = user-review-service
------------------------------------------------------------------------------------
span = 7
span_id = 7fdbebf3b6463f63
parent_id = 3b16afa262fc2809
start_time = 1682628698045127
end_time = 1682628698045296
inclusive_time = 169
exclusive_time = 169
process_id = p5
operationName = MmcGetUserId
serviceName = user-service
------------------------------------------------------------------------------------
