span = 0
trace_id = 78991da6821ba755
span_id = 78991da6821ba755
parent_id = None
start_time = 1682628697994000
end_time = 1682628697999964
inclusive_time = 5964
exclusive_time = 1005
process_id = p3
operationName = /wrk2-api/review/compose
serviceName = nginx
------------------------------------------------------------------------------------
span = 1
trace_id = 78991da6821ba755
span_id = b06c996401274673
parent_id = 78991da6821ba755
start_time = 1682628697995005
end_time = 1682628697999964
inclusive_time = 4959
exclusive_time = 160
process_id = p3
operationName = /wrk2-api/review/compose
serviceName = nginx
------------------------------------------------------------------------------------
span = 2
trace_id = 78991da6821ba755
span_id = 85ee547132f0cd19
parent_id = b06c996401274673
start_time = 1682628697995110
end_time = 1682628697999909
inclusive_time = 4799
exclusive_time = 668
process_id = p3
operationName = ComposeReview
serviceName = nginx
------------------------------------------------------------------------------------
span = 3
trace_id = 78991da6821ba755
span_id = aa0e2330c48a3a8a
parent_id = 85ee547132f0cd19
start_time = 1682628697997283
end_time = 1682628697999829
inclusive_time = 2546
exclusive_time = 223
process_id = p8
operationName = UploadUserWithUsername
serviceName = user-service
------------------------------------------------------------------------------------
span = 4
trace_id = 78991da6821ba755
span_id = b7b0c6f38981493d
parent_id = aa0e2330c48a3a8a
start_time = 1682628697997528
end_time = 1682628697999764
inclusive_time = 2236
exclusive_time = 908
process_id = p5
operationName = UploadUserId
serviceName = compose-review-service
------------------------------------------------------------------------------------
span = 5
trace_id = 78991da6821ba755
span_id = c815b2e94b451f08
parent_id = b7b0c6f38981493d
start_time = 1682628697998457
end_time = 1682628697999679
inclusive_time = 1222
exclusive_time = 120
process_id = p1
operationName = UploadMovieReview
serviceName = movie-review-service
------------------------------------------------------------------------------------
span = 6
trace_id = 78991da6821ba755
span_id = 469f55987d3b1a1d
parent_id = c815b2e94b451f08
start_time = 1682628697998577
end_time = 1682628697999684
inclusive_time = 1107
exclusive_time = 1107
process_id = p1
operationName = MongoFindMovie
serviceName = movie-review-service
------------------------------------------------------------------------------------
span = 7
trace_id = 78991da6821ba755
span_id = e4f9b74172250d81
parent_id = aa0e2330c48a3a8a
start_time = 1682628697997302
end_time = 1682628697997389
inclusive_time = 87
exclusive_time = 87
process_id = p8
operationName = MmcGetUserId
serviceName = user-service
------------------------------------------------------------------------------------
span = 8
trace_id = 78991da6821ba755
span_id = 0d3c209f00726df1
parent_id = 85ee547132f0cd19
start_time = 1682628697996264
end_time = 1682628697997265
inclusive_time = 1001
exclusive_time = 311
process_id = p7
operationName = UploadUniqueId
serviceName = unique-id-service
------------------------------------------------------------------------------------
span = 9
trace_id = 78991da6821ba755
span_id = df471e1b8038ebfa
parent_id = 0d3c209f00726df1
start_time = 1682628697996501
end_time = 1682628697997191
inclusive_time = 690
exclusive_time = 690
process_id = p5
operationName = UploadUniqueId
serviceName = compose-review-service
------------------------------------------------------------------------------------
