span 0
span_id = f316830141595c28
parent_id = None
start_time = 1682628698248000
end_time = 1682628698253739
inclusive_time = 5739
exclusive_time = 697
process_id = p3
operationName = /wrk2-api/review/compose
serviceName = None
------------------------------------------------------------------------------------
span 1
span_id = 704d718e8de5c6ee
parent_id = f316830141595c28
start_time = 1682628698248697
end_time = 1682628698253739
inclusive_time = 5042
exclusive_time = 97
process_id = p3
operationName = /wrk2-api/review/compose
serviceName = None
------------------------------------------------------------------------------------
span 2
span_id = bd7e6e0f5034994b
parent_id = 704d718e8de5c6ee
start_time = 1682628698248740
end_time = 1682628698253685
inclusive_time = 4945
exclusive_time = 284
process_id = p3
operationName = ComposeReview
serviceName = None
------------------------------------------------------------------------------------
span 3
span_id = 4582ec697973fa6d
parent_id = bd7e6e0f5034994b
start_time = 1682628698249081
end_time = 1682628698253597
inclusive_time = 4516
exclusive_time = 1237
process_id = p6
operationName = UploadMovieId
serviceName = None
------------------------------------------------------------------------------------
span 4
span_id = f702495dd7254ac6
parent_id = 4582ec697973fa6d
start_time = 1682628698250551
end_time = 1682628698253456
inclusive_time = 2905
exclusive_time = 355
process_id = p10
operationName = UploadRating
serviceName = None
------------------------------------------------------------------------------------
span 5
span_id = ab2c2f13ab998c92
parent_id = f702495dd7254ac6
start_time = 1682628698250773
end_time = 1682628698253323
inclusive_time = 2550
exclusive_time = 1166
process_id = p5
operationName = UploadRating
serviceName = None
------------------------------------------------------------------------------------
span 6
span_id = 932c6025c9084854
parent_id = ab2c2f13ab998c92
start_time = 1682628698251821
end_time = 1682628698253161
inclusive_time = 1340
exclusive_time = 17
process_id = p1
operationName = UploadMovieReview
serviceName = None
------------------------------------------------------------------------------------
span 7
span_id = 15fe6d34f9a5cda6
parent_id = 932c6025c9084854
start_time = 1682628698251838
end_time = 1682628698253167
inclusive_time = 1329
exclusive_time = 1329
process_id = p1
operationName = MongoFindMovie
serviceName = None
------------------------------------------------------------------------------------
span 8
span_id = 73d1d0ef7ad13218
parent_id = 4582ec697973fa6d
start_time = 1682628698250229
end_time = 1682628698250324
inclusive_time = 95
exclusive_time = 95
process_id = p6
operationName = MmcSetMovieId
serviceName = None
------------------------------------------------------------------------------------
span 9
span_id = 3de4315105263852
parent_id = 4582ec697973fa6d
start_time = 1682628698249108
end_time = 1682628698249232
inclusive_time = 124
exclusive_time = 124
process_id = p6
operationName = MmcGetMovieId
serviceName = None
------------------------------------------------------------------------------------
