span = 0
trace_id = 973161cdc8b0d202
span_id = 973161cdc8b0d202
parent_id = None
start_time = 1682628698162000
end_time = 1682628698167319
inclusive_time = 5319
exclusive_time = 912
process_id = p8
operationName = /wrk2-api/review/compose
serviceName = nginx
------------------------------------------------------------------------------------
span = 1
trace_id = 973161cdc8b0d202
span_id = 75050af6ccd77b84
parent_id = 973161cdc8b0d202
start_time = 1682628698162911
end_time = 1682628698167318
inclusive_time = 4407
exclusive_time = 105
process_id = p8
operationName = /wrk2-api/review/compose
serviceName = nginx
------------------------------------------------------------------------------------
span = 2
trace_id = 973161cdc8b0d202
span_id = a7be5a22e354d5e4
parent_id = 75050af6ccd77b84
start_time = 1682628698162961
end_time = 1682628698167263
inclusive_time = 4302
exclusive_time = 445
process_id = p8
operationName = ComposeReview
serviceName = nginx
------------------------------------------------------------------------------------
span = 3
trace_id = 973161cdc8b0d202
span_id = 5e99eda49894fd5a
parent_id = a7be5a22e354d5e4
start_time = 1682628698163984
end_time = 1682628698167122
inclusive_time = 3138
exclusive_time = 593
process_id = p7
operationName = UploadUserWithUsername
serviceName = user-service
------------------------------------------------------------------------------------
span = 4
trace_id = 973161cdc8b0d202
span_id = 838a0b0c3864b372
parent_id = 5e99eda49894fd5a
start_time = 1682628698164274
end_time = 1682628698166733
inclusive_time = 2459
exclusive_time = 1177
process_id = p2
operationName = UploadUserId
serviceName = compose-review-service
------------------------------------------------------------------------------------
span = 5
trace_id = 973161cdc8b0d202
span_id = 8d9bb240c93acbf6
parent_id = 838a0b0c3864b372
start_time = 1682628698165351
end_time = 1682628698166524
inclusive_time = 1173
exclusive_time = 55
process_id = p3
operationName = UploadMovieReview
serviceName = movie-review-service
------------------------------------------------------------------------------------
span = 6
trace_id = 973161cdc8b0d202
span_id = 69bbe26ceb2de545
parent_id = 8d9bb240c93acbf6
start_time = 1682628698165406
end_time = 1682628698166534
inclusive_time = 1128
exclusive_time = 1128
process_id = p3
operationName = MongoFindMovie
serviceName = movie-review-service
------------------------------------------------------------------------------------
span = 7
trace_id = 973161cdc8b0d202
span_id = be9b6160605b75f1
parent_id = 5e99eda49894fd5a
start_time = 1682628698164001
end_time = 1682628698164087
inclusive_time = 86
exclusive_time = 86
process_id = p7
operationName = MmcGetUserId
serviceName = user-service
------------------------------------------------------------------------------------
span = 8
trace_id = 973161cdc8b0d202
span_id = b2b88b477f007a72
parent_id = a7be5a22e354d5e4
start_time = 1682628698163368
end_time = 1682628698163882
inclusive_time = 514
exclusive_time = 213
process_id = p10
operationName = UploadText
serviceName = text-service
------------------------------------------------------------------------------------
span = 9
trace_id = 973161cdc8b0d202
span_id = b3a4744494171f40
parent_id = b2b88b477f007a72
start_time = 1682628698163468
end_time = 1682628698163769
inclusive_time = 301
exclusive_time = 301
process_id = p2
operationName = UploadText
serviceName = compose-review-service
------------------------------------------------------------------------------------
