span = 0
trace_id = de545e0efb3ec632
span_id = de545e0efb3ec632
parent_id = None
start_time = 1682628698142000
end_time = 1682628698146749
inclusive_time = 4749
exclusive_time = 864
process_id = p2
operationName = /wrk2-api/review/compose
serviceName = nginx
call path = 
------------------------------------------------------------------------------------
span = 1
trace_id = de545e0efb3ec632
span_id = b4842903f1374ff3
parent_id = de545e0efb3ec632
start_time = 1682628698142864
end_time = 1682628698146749
inclusive_time = 3885
exclusive_time = 95
process_id = p2
operationName = /wrk2-api/review/compose
serviceName = nginx
call path = ->/wrk2-api/review/compose_nginx
------------------------------------------------------------------------------------
span = 2
trace_id = de545e0efb3ec632
span_id = d7586846cd01fe2f
parent_id = b4842903f1374ff3
start_time = 1682628698142910
end_time = 1682628698146700
inclusive_time = 3790
exclusive_time = 284
process_id = p2
operationName = ComposeReview
serviceName = nginx
call path = ->/wrk2-api/review/compose_nginx->/wrk2-api/review/compose_nginx
------------------------------------------------------------------------------------
span = 3
trace_id = de545e0efb3ec632
span_id = 18b536f1c908fc48
parent_id = d7586846cd01fe2f
start_time = 1682628698143170
end_time = 1682628698146602
inclusive_time = 3432
exclusive_time = 276
process_id = p7
operationName = UploadMovieId
serviceName = movie-id-service
call path = ->/wrk2-api/review/compose_nginx->/wrk2-api/review/compose_nginx->ComposeReview_nginx
------------------------------------------------------------------------------------
span = 4
trace_id = de545e0efb3ec632
span_id = bbfcad1f4de42f0b
parent_id = 18b536f1c908fc48
start_time = 1682628698143602
end_time = 1682628698146497
inclusive_time = 2895
exclusive_time = 258
process_id = p1
operationName = UploadRating
serviceName = rating-service
call path = ->/wrk2-api/review/compose_nginx->/wrk2-api/review/compose_nginx->ComposeReview_nginx->UploadMovieId_movie-id-service
------------------------------------------------------------------------------------
span = 5
trace_id = de545e0efb3ec632
span_id = 5326c64fea04a6ef
parent_id = bbfcad1f4de42f0b
start_time = 1682628698143779
end_time = 1682628698146362
inclusive_time = 2583
exclusive_time = 941
process_id = p3
operationName = UploadRating
serviceName = compose-review-service
call path = ->/wrk2-api/review/compose_nginx->/wrk2-api/review/compose_nginx->ComposeReview_nginx->UploadMovieId_movie-id-service->UploadRating_rating-service
------------------------------------------------------------------------------------
span = 6
trace_id = de545e0efb3ec632
span_id = 9f0f608a47f8fcea
parent_id = 5326c64fea04a6ef
start_time = 1682628698144574
end_time = 1682628698146216
inclusive_time = 1642
exclusive_time = 18
process_id = p6
operationName = UploadUserReview
serviceName = user-review-service
call path = ->/wrk2-api/review/compose_nginx->/wrk2-api/review/compose_nginx->ComposeReview_nginx->UploadMovieId_movie-id-service->UploadRating_rating-service->UploadRating_compose-review-service
------------------------------------------------------------------------------------
span = 7
trace_id = de545e0efb3ec632
span_id = 7c6621c288139b02
parent_id = 9f0f608a47f8fcea
start_time = 1682628698144592
end_time = 1682628698146220
inclusive_time = 1628
exclusive_time = 1628
process_id = p6
operationName = MongoFindUser
serviceName = user-review-service
call path = ->/wrk2-api/review/compose_nginx->/wrk2-api/review/compose_nginx->ComposeReview_nginx->UploadMovieId_movie-id-service->UploadRating_rating-service->UploadRating_compose-review-service->UploadUserReview_user-review-service
------------------------------------------------------------------------------------
span = 8
trace_id = de545e0efb3ec632
span_id = 9a59a6191ec4c87c
parent_id = 18b536f1c908fc48
start_time = 1682628698143425
end_time = 1682628698143513
inclusive_time = 88
exclusive_time = 88
process_id = p7
operationName = MmcSetMovieId
serviceName = movie-id-service
call path = ->/wrk2-api/review/compose_nginx->/wrk2-api/review/compose_nginx->ComposeReview_nginx->UploadMovieId_movie-id-service
------------------------------------------------------------------------------------
span = 9
trace_id = de545e0efb3ec632
span_id = 37d130734a6a2ce3
parent_id = 18b536f1c908fc48
start_time = 1682628698143191
end_time = 1682628698143299
inclusive_time = 108
exclusive_time = 108
process_id = p7
operationName = MmcGetMovieId
serviceName = movie-id-service
call path = ->/wrk2-api/review/compose_nginx->/wrk2-api/review/compose_nginx->ComposeReview_nginx->UploadMovieId_movie-id-service
------------------------------------------------------------------------------------
