span = 0
span_id = f66f191c17976404
parent_id = None
start_time = 1682628698140000
end_time = 1682628698144683
inclusive_time = 4683
exclusive_time = 372
process_id = p4
operationName = /wrk2-api/review/compose
serviceName = nginx
------------------------------------------------------------------------------------
span = 1
span_id = e92115a8c4b0f6a6
parent_id = f66f191c17976404
start_time = 1682628698140372
end_time = 1682628698144683
inclusive_time = 4311
exclusive_time = 107
process_id = p4
operationName = /wrk2-api/review/compose
serviceName = nginx
------------------------------------------------------------------------------------
span = 2
span_id = 90bb993c0748be44
parent_id = e92115a8c4b0f6a6
start_time = 1682628698140418
end_time = 1682628698144622
inclusive_time = 4204
exclusive_time = 754
process_id = p4
operationName = ComposeReview
serviceName = nginx
------------------------------------------------------------------------------------
span = 3
span_id = 3d45cce3d5650972
parent_id = 90bb993c0748be44
start_time = 1682628698141289
end_time = 1682628698144161
inclusive_time = 2872
exclusive_time = 264
process_id = p8
operationName = UploadUserWithUsername
serviceName = user-service
------------------------------------------------------------------------------------
span = 4
span_id = d696bdff9a514c11
parent_id = 3d45cce3d5650972
start_time = 1682628698141579
end_time = 1682628698144098
inclusive_time = 2519
exclusive_time = 1182
process_id = p2
operationName = UploadUserId
serviceName = compose-review-service
------------------------------------------------------------------------------------
span = 5
span_id = 45c9e8528afa5bdf
parent_id = d696bdff9a514c11
start_time = 1682628698142795
end_time = 1682628698143954
inclusive_time = 1159
exclusive_time = 26
process_id = p3
operationName = UploadMovieReview
serviceName = movie-review-service
------------------------------------------------------------------------------------
span = 6
span_id = 31ea81707ca5badc
parent_id = 45c9e8528afa5bdf
start_time = 1682628698142821
end_time = 1682628698143961
inclusive_time = 1140
exclusive_time = 1140
process_id = p3
operationName = MongoFindMovie
serviceName = movie-review-service
------------------------------------------------------------------------------------
span = 7
span_id = 6e4c9cf6d6eb0f16
parent_id = 3d45cce3d5650972
start_time = 1682628698141305
end_time = 1682628698141394
inclusive_time = 89
exclusive_time = 89
process_id = p8
operationName = MmcGetUserId
serviceName = user-service
------------------------------------------------------------------------------------
