span 0
span_id = 729c0bf105469cb6
parent_id = None
start_time = 1682628697926000
end_time = 1682628697930691
inclusive_time = 4691
exclusive_time = 52
process_id = p8
operationName = /wrk2-api/review/compose
serviceName = None
------------------------------------------------------------------------------------
span 1
span_id = 70e043658c9cccde
parent_id = 729c0bf105469cb6
start_time = 1682628697926052
end_time = 1682628697930691
inclusive_time = 4639
exclusive_time = 117
process_id = p8
operationName = /wrk2-api/review/compose
serviceName = None
------------------------------------------------------------------------------------
span 2
span_id = 36f6d2fd80170e77
parent_id = 70e043658c9cccde
start_time = 1682628697926088
end_time = 1682628697930610
inclusive_time = 4522
exclusive_time = 1334
process_id = p8
operationName = ComposeReview
serviceName = None
------------------------------------------------------------------------------------
span 3
span_id = 58fd6131561f4246
parent_id = 36f6d2fd80170e77
start_time = 1682628697926388
end_time = 1682628697929484
inclusive_time = 3096
exclusive_time = 283
process_id = p7
operationName = UploadMovieId
serviceName = None
------------------------------------------------------------------------------------
span 4
span_id = c314145d03210598
parent_id = 58fd6131561f4246
start_time = 1682628697926824
end_time = 1682628697929345
inclusive_time = 2521
exclusive_time = 237
process_id = p5
operationName = UploadRating
serviceName = None
------------------------------------------------------------------------------------
span 5
span_id = cfc0e7367db56db9
parent_id = c314145d03210598
start_time = 1682628697927011
end_time = 1682628697929219
inclusive_time = 2208
exclusive_time = 1086
process_id = p4
operationName = UploadRating
serviceName = None
------------------------------------------------------------------------------------
span 6
span_id = eb525252dbd8da73
parent_id = cfc0e7367db56db9
start_time = 1682628697928018
end_time = 1682628697929080
inclusive_time = 1062
exclusive_time = 36
process_id = p3
operationName = UploadUserReview
serviceName = None
------------------------------------------------------------------------------------
span 7
span_id = 403499063105fdb5
parent_id = eb525252dbd8da73
start_time = 1682628697928054
end_time = 1682628697929085
inclusive_time = 1031
exclusive_time = 1031
process_id = p3
operationName = MongoFindUser
serviceName = None
------------------------------------------------------------------------------------
span 8
span_id = c7c0f9b12636cc44
parent_id = 58fd6131561f4246
start_time = 1682628697926609
end_time = 1682628697926759
inclusive_time = 150
exclusive_time = 150
process_id = p7
operationName = MmcSetMovieId
serviceName = None
------------------------------------------------------------------------------------
span 9
span_id = bff3c53785eb4827
parent_id = 58fd6131561f4246
start_time = 1682628697926399
end_time = 1682628697926476
inclusive_time = 77
exclusive_time = 77
process_id = p7
operationName = MmcGetMovieId
serviceName = None
------------------------------------------------------------------------------------
