span = 0
trace_id = dd2c8daac4dd8653
span_id = dd2c8daac4dd8653
parent_id = None
start_time = 1682628698148000
end_time = 1682628698153615
inclusive_time = 5615
exclusive_time = 744
process_id = p4
operationName = /wrk2-api/review/compose
serviceName = nginx
------------------------------------------------------------------------------------
span = 1
trace_id = dd2c8daac4dd8653
span_id = 542e98ee4dc893ea
parent_id = dd2c8daac4dd8653
start_time = 1682628698148744
end_time = 1682628698153615
inclusive_time = 4871
exclusive_time = 90
process_id = p4
operationName = /wrk2-api/review/compose
serviceName = nginx
------------------------------------------------------------------------------------
span = 2
trace_id = dd2c8daac4dd8653
span_id = 347b9cfdbc9b6c9d
parent_id = 542e98ee4dc893ea
start_time = 1682628698148781
end_time = 1682628698153562
inclusive_time = 4781
exclusive_time = 248
process_id = p4
operationName = ComposeReview
serviceName = nginx
------------------------------------------------------------------------------------
span = 3
trace_id = dd2c8daac4dd8653
span_id = 62a0907044f4dab1
parent_id = 347b9cfdbc9b6c9d
start_time = 1682628698149293
end_time = 1682628698153495
inclusive_time = 4202
exclusive_time = 668
process_id = p7
operationName = UploadMovieId
serviceName = movie-id-service
------------------------------------------------------------------------------------
span = 4
trace_id = dd2c8daac4dd8653
span_id = bda047ce7ff07136
parent_id = 62a0907044f4dab1
start_time = 1682628698149923
end_time = 1682628698153259
inclusive_time = 3336
exclusive_time = 350
process_id = p1
operationName = UploadRating
serviceName = rating-service
------------------------------------------------------------------------------------
span = 5
trace_id = dd2c8daac4dd8653
span_id = cc3a04278f2e017d
parent_id = bda047ce7ff07136
start_time = 1682628698150140
end_time = 1682628698153064
inclusive_time = 2924
exclusive_time = 1535
process_id = p2
operationName = UploadRating
serviceName = compose-review-service
------------------------------------------------------------------------------------
span = 6
trace_id = dd2c8daac4dd8653
span_id = d3bb40a26ac8456c
parent_id = cc3a04278f2e017d
start_time = 1682628698151777
end_time = 1682628698152937
inclusive_time = 1160
exclusive_time = 27
process_id = p6
operationName = UploadUserReview
serviceName = user-review-service
------------------------------------------------------------------------------------
span = 7
trace_id = dd2c8daac4dd8653
span_id = c616149cad1e907c
parent_id = d3bb40a26ac8456c
start_time = 1682628698151804
end_time = 1682628698152942
inclusive_time = 1138
exclusive_time = 1138
process_id = p6
operationName = MongoFindUser
serviceName = user-review-service
------------------------------------------------------------------------------------
span = 8
trace_id = dd2c8daac4dd8653
span_id = 7b448986bc5d50a6
parent_id = 62a0907044f4dab1
start_time = 1682628698149800
end_time = 1682628698149912
inclusive_time = 112
exclusive_time = 112
process_id = p7
operationName = MmcSetMovieId
serviceName = movie-id-service
------------------------------------------------------------------------------------
span = 9
trace_id = dd2c8daac4dd8653
span_id = d73f08deeaacf16b
parent_id = 62a0907044f4dab1
start_time = 1682628698149312
end_time = 1682628698149398
inclusive_time = 86
exclusive_time = 86
process_id = p7
operationName = MmcGetMovieId
serviceName = movie-id-service
------------------------------------------------------------------------------------
