span = 0
trace_id = 82c68d0a9c993b56
span_id = 82c68d0a9c993b56
parent_id = None
start_time = 1682628698092000
end_time = 1682628698095977
inclusive_time = 3977
exclusive_time = 455
process_id = p7
operationName = /wrk2-api/review/compose
serviceName = nginx
call path = 
------------------------------------------------------------------------------------
span = 1
trace_id = 82c68d0a9c993b56
span_id = 4ed6296a88ca4553
parent_id = 82c68d0a9c993b56
start_time = 1682628698092455
end_time = 1682628698095977
inclusive_time = 3522
exclusive_time = 104
process_id = p7
operationName = /wrk2-api/review/compose
serviceName = nginx
call path = ->/wrk2-api/review/compose_nginx
------------------------------------------------------------------------------------
span = 2
trace_id = 82c68d0a9c993b56
span_id = f64952105fcd2766
parent_id = 4ed6296a88ca4553
start_time = 1682628698092498
end_time = 1682628698095916
inclusive_time = 3418
exclusive_time = 252
process_id = p7
operationName = ComposeReview
serviceName = nginx
call path = ->/wrk2-api/review/compose_nginx->/wrk2-api/review/compose_nginx
------------------------------------------------------------------------------------
span = 3
trace_id = 82c68d0a9c993b56
span_id = df5f61c6f8641f75
parent_id = f64952105fcd2766
start_time = 1682628698092777
end_time = 1682628698095838
inclusive_time = 3061
exclusive_time = 452
process_id = p4
operationName = UploadMovieId
serviceName = movie-id-service
call path = ->/wrk2-api/review/compose_nginx->/wrk2-api/review/compose_nginx->ComposeReview_nginx
------------------------------------------------------------------------------------
span = 4
trace_id = 82c68d0a9c993b56
span_id = 6e4b3cda19baefcf
parent_id = df5f61c6f8641f75
start_time = 1682628698093321
end_time = 1682628698095718
inclusive_time = 2397
exclusive_time = 263
process_id = p6
operationName = UploadRating
serviceName = rating-service
call path = ->/wrk2-api/review/compose_nginx->/wrk2-api/review/compose_nginx->ComposeReview_nginx->UploadMovieId_movie-id-service
------------------------------------------------------------------------------------
span = 5
trace_id = 82c68d0a9c993b56
span_id = caf5a4834d58c09e
parent_id = 6e4b3cda19baefcf
start_time = 1682628698093515
end_time = 1682628698095584
inclusive_time = 2069
exclusive_time = 910
process_id = p2
operationName = UploadRating
serviceName = compose-review-service
call path = ->/wrk2-api/review/compose_nginx->/wrk2-api/review/compose_nginx->ComposeReview_nginx->UploadMovieId_movie-id-service->UploadRating_rating-service
------------------------------------------------------------------------------------
span = 6
trace_id = 82c68d0a9c993b56
span_id = 63b67d30e68384c5
parent_id = caf5a4834d58c09e
start_time = 1682628698094315
end_time = 1682628698095425
inclusive_time = 1110
exclusive_time = 18
process_id = p1
operationName = UploadMovieReview
serviceName = movie-review-service
call path = ->/wrk2-api/review/compose_nginx->/wrk2-api/review/compose_nginx->ComposeReview_nginx->UploadMovieId_movie-id-service->UploadRating_rating-service->UploadRating_compose-review-service
------------------------------------------------------------------------------------
span = 7
trace_id = 82c68d0a9c993b56
span_id = 17d6808cd2314d02
parent_id = 63b67d30e68384c5
start_time = 1682628698094333
end_time = 1682628698095430
inclusive_time = 1097
exclusive_time = 1097
process_id = p1
operationName = MongoFindMovie
serviceName = movie-review-service
call path = ->/wrk2-api/review/compose_nginx->/wrk2-api/review/compose_nginx->ComposeReview_nginx->UploadMovieId_movie-id-service->UploadRating_rating-service->UploadRating_compose-review-service->UploadMovieReview_movie-review-service
------------------------------------------------------------------------------------
span = 8
trace_id = 82c68d0a9c993b56
span_id = ed0c49853912889f
parent_id = df5f61c6f8641f75
start_time = 1682628698093146
end_time = 1682628698093239
inclusive_time = 93
exclusive_time = 93
process_id = p4
operationName = MmcSetMovieId
serviceName = movie-id-service
call path = ->/wrk2-api/review/compose_nginx->/wrk2-api/review/compose_nginx->ComposeReview_nginx->UploadMovieId_movie-id-service
------------------------------------------------------------------------------------
span = 9
trace_id = 82c68d0a9c993b56
span_id = fe8ae23dd84c75cb
parent_id = df5f61c6f8641f75
start_time = 1682628698092797
end_time = 1682628698092905
inclusive_time = 108
exclusive_time = 108
process_id = p4
operationName = MmcGetMovieId
serviceName = movie-id-service
call path = ->/wrk2-api/review/compose_nginx->/wrk2-api/review/compose_nginx->ComposeReview_nginx->UploadMovieId_movie-id-service
------------------------------------------------------------------------------------
