span = 0
trace_id = 6f316c1af3df7b52
span_id = 6f316c1af3df7b52
parent_id = None
start_time = 1682651852624000
end_time = 1682651852624370
inclusive_time = 370
exclusive_time = 251
process_id = p1
operationName = 
serviceName = nginx
call path = 
------------------------------------------------------------------------------------
span = 1
trace_id = 6f316c1af3df7b52
span_id = d577f3df4619c57e
parent_id = 6f316c1af3df7b52
start_time = 1682651852624293
end_time = 1682651852624370
inclusive_time = 77
exclusive_time = 77
process_id = p1
operationName = 
serviceName = nginx
call path = ->_nginx
------------------------------------------------------------------------------------
span = 2
trace_id = 6f316c1af3df7b52
span_id = 97a8adb81a4defca
parent_id = 6f316c1af3df7b52
start_time = 1682651852624188
end_time = 1682651852624230
inclusive_time = 42
exclusive_time = 42
process_id = p1
operationName = 
serviceName = nginx
call path = ->_nginx
------------------------------------------------------------------------------------
