span = 0
trace_id = 5c534b5f1e1dc27b
span_id = 5c534b5f1e1dc27b
parent_id = None
start_time = 1682628698266000
end_time = 1682628698270037
inclusive_time = 4037
exclusive_time = 45
process_id = p3
operationName = /wrk2-api/review/compose
serviceName = nginx
call path = 
------------------------------------------------------------------------------------
span = 1
trace_id = 5c534b5f1e1dc27b
span_id = 052ec6ce758b5384
parent_id = 5c534b5f1e1dc27b
start_time = 1682628698266045
end_time = 1682628698270037
inclusive_time = 3992
exclusive_time = 110
process_id = p3
operationName = /wrk2-api/review/compose
serviceName = nginx
call path = ->/wrk2-api/review/compose_nginx
------------------------------------------------------------------------------------
span = 2
trace_id = 5c534b5f1e1dc27b
span_id = 125cd1b5f8df256f
parent_id = 052ec6ce758b5384
start_time = 1682628698266101
end_time = 1682628698269983
inclusive_time = 3882
exclusive_time = 248
process_id = p3
operationName = ComposeReview
serviceName = nginx
call path = ->/wrk2-api/review/compose_nginx->/wrk2-api/review/compose_nginx
------------------------------------------------------------------------------------
span = 3
trace_id = 5c534b5f1e1dc27b
span_id = 77890868118731e8
parent_id = 125cd1b5f8df256f
start_time = 1682628698266364
end_time = 1682628698269898
inclusive_time = 3534
exclusive_time = 384
process_id = p6
operationName = UploadMovieId
serviceName = movie-id-service
call path = ->/wrk2-api/review/compose_nginx->/wrk2-api/review/compose_nginx->ComposeReview_nginx
------------------------------------------------------------------------------------
span = 4
trace_id = 5c534b5f1e1dc27b
span_id = b43c26daaedbd83e
parent_id = 77890868118731e8
start_time = 1682628698266815
end_time = 1682628698269704
inclusive_time = 2889
exclusive_time = 248
process_id = p10
operationName = UploadRating
serviceName = rating-service
call path = ->/wrk2-api/review/compose_nginx->/wrk2-api/review/compose_nginx->ComposeReview_nginx->UploadMovieId_movie-id-service
------------------------------------------------------------------------------------
span = 5
trace_id = 5c534b5f1e1dc27b
span_id = 597a4e15573a64bd
parent_id = b43c26daaedbd83e
start_time = 1682628698266975
end_time = 1682628698269542
inclusive_time = 2567
exclusive_time = 1506
process_id = p5
operationName = UploadRating
serviceName = compose-review-service
call path = ->/wrk2-api/review/compose_nginx->/wrk2-api/review/compose_nginx->ComposeReview_nginx->UploadMovieId_movie-id-service->UploadRating_rating-service
------------------------------------------------------------------------------------
span = 6
trace_id = 5c534b5f1e1dc27b
span_id = ba4266fe7397ffa1
parent_id = 597a4e15573a64bd
start_time = 1682628698267852
end_time = 1682628698268848
inclusive_time = 996
exclusive_time = 27
process_id = p1
operationName = UploadMovieReview
serviceName = movie-review-service
call path = ->/wrk2-api/review/compose_nginx->/wrk2-api/review/compose_nginx->ComposeReview_nginx->UploadMovieId_movie-id-service->UploadRating_rating-service->UploadRating_compose-review-service
------------------------------------------------------------------------------------
span = 7
trace_id = 5c534b5f1e1dc27b
span_id = 592fbabb3675889e
parent_id = ba4266fe7397ffa1
start_time = 1682628698267879
end_time = 1682628698268852
inclusive_time = 973
exclusive_time = 973
process_id = p1
operationName = MongoFindMovie
serviceName = movie-review-service
call path = ->/wrk2-api/review/compose_nginx->/wrk2-api/review/compose_nginx->ComposeReview_nginx->UploadMovieId_movie-id-service->UploadRating_rating-service->UploadRating_compose-review-service->UploadMovieReview_movie-review-service
------------------------------------------------------------------------------------
span = 8
trace_id = 5c534b5f1e1dc27b
span_id = 9d06aea02cb2611d
parent_id = 77890868118731e8
start_time = 1682628698266600
end_time = 1682628698266736
inclusive_time = 136
exclusive_time = 136
process_id = p6
operationName = MmcSetMovieId
serviceName = movie-id-service
call path = ->/wrk2-api/review/compose_nginx->/wrk2-api/review/compose_nginx->ComposeReview_nginx->UploadMovieId_movie-id-service
------------------------------------------------------------------------------------
span = 9
trace_id = 5c534b5f1e1dc27b
span_id = 1feb3d5fa2ca9c8f
parent_id = 77890868118731e8
start_time = 1682628698266375
end_time = 1682628698266460
inclusive_time = 85
exclusive_time = 85
process_id = p6
operationName = MmcGetMovieId
serviceName = movie-id-service
call path = ->/wrk2-api/review/compose_nginx->/wrk2-api/review/compose_nginx->ComposeReview_nginx->UploadMovieId_movie-id-service
------------------------------------------------------------------------------------
