span 0
span_id = d063fdccf8c1103f
parent_id = None
start_time = 1682628697869000
end_time = 1682628697873991
inclusive_time = 4991
exclusive_time = 1022
process_id = p5
operationName = /wrk2-api/review/compose
serviceName = None
------------------------------------------------------------------------------------
span 1
span_id = 28c8ec156976a15a
parent_id = d063fdccf8c1103f
start_time = 1682628697870022
end_time = 1682628697873991
inclusive_time = 3969
exclusive_time = 100
process_id = p5
operationName = /wrk2-api/review/compose
serviceName = None
------------------------------------------------------------------------------------
span 2
span_id = 25bec168663036a0
parent_id = 28c8ec156976a15a
start_time = 1682628697870067
end_time = 1682628697873936
inclusive_time = 3869
exclusive_time = 288
process_id = p5
operationName = ComposeReview
serviceName = None
------------------------------------------------------------------------------------
span 3
span_id = 5509718cd66d6a31
parent_id = 25bec168663036a0
start_time = 1682628697870356
end_time = 1682628697873823
inclusive_time = 3467
exclusive_time = 297
process_id = p4
operationName = UploadMovieId
serviceName = None
------------------------------------------------------------------------------------
span 4
span_id = 7c39c99920342ed1
parent_id = 5509718cd66d6a31
start_time = 1682628697870797
end_time = 1682628697873699
inclusive_time = 2902
exclusive_time = 535
process_id = p8
operationName = UploadRating
serviceName = None
------------------------------------------------------------------------------------
span 5
span_id = 49230c59b29fbd57
parent_id = 7c39c99920342ed1
start_time = 1682628697871067
end_time = 1682628697873434
inclusive_time = 2367
exclusive_time = 1161
process_id = p3
operationName = UploadRating
serviceName = None
------------------------------------------------------------------------------------
span 6
span_id = bb90de8df24c38b0
parent_id = 49230c59b29fbd57
start_time = 1682628697872054
end_time = 1682628697873260
inclusive_time = 1206
exclusive_time = 29
process_id = p2
operationName = UploadUserReview
serviceName = None
------------------------------------------------------------------------------------
span 7
span_id = 9194523ea5a9a794
parent_id = bb90de8df24c38b0
start_time = 1682628697872083
end_time = 1682628697873264
inclusive_time = 1181
exclusive_time = 1181
process_id = p2
operationName = MongoFindUser
serviceName = None
------------------------------------------------------------------------------------
span 8
span_id = fc3318fafb7fb8bd
parent_id = 5509718cd66d6a31
start_time = 1682628697870617
end_time = 1682628697870761
inclusive_time = 144
exclusive_time = 144
process_id = p4
operationName = MmcSetMovieId
serviceName = None
------------------------------------------------------------------------------------
span 9
span_id = 697f002eed087324
parent_id = 5509718cd66d6a31
start_time = 1682628697870377
end_time = 1682628697870473
inclusive_time = 96
exclusive_time = 96
process_id = p4
operationName = MmcGetMovieId
serviceName = None
------------------------------------------------------------------------------------
