span = 0
trace_id = 8261aa786a4a7fa9
span_id = 8261aa786a4a7fa9
parent_id = None
start_time = 1682628698288000
end_time = 1682628698293832
inclusive_time = 5832
exclusive_time = 1016
process_id = p1
operationName = /wrk2-api/review/compose
serviceName = nginx
call path = 
------------------------------------------------------------------------------------
span = 1
trace_id = 8261aa786a4a7fa9
span_id = 133612b07500bfc8
parent_id = 8261aa786a4a7fa9
start_time = 1682628698289015
end_time = 1682628698293831
inclusive_time = 4816
exclusive_time = 534
process_id = p1
operationName = /wrk2-api/review/compose
serviceName = nginx
call path = ->/wrk2-api/review/compose_nginx
------------------------------------------------------------------------------------
span = 2
trace_id = 8261aa786a4a7fa9
span_id = ba52ef10c9f1f571
parent_id = 133612b07500bfc8
start_time = 1682628698289062
end_time = 1682628698293344
inclusive_time = 4282
exclusive_time = 586
process_id = p1
operationName = ComposeReview
serviceName = nginx
call path = ->/wrk2-api/review/compose_nginx->/wrk2-api/review/compose_nginx
------------------------------------------------------------------------------------
span = 3
trace_id = 8261aa786a4a7fa9
span_id = 91ac57cc0097ae15
parent_id = ba52ef10c9f1f571
start_time = 1682628698289387
end_time = 1682628698292958
inclusive_time = 3571
exclusive_time = 503
process_id = p4
operationName = UploadMovieId
serviceName = movie-id-service
call path = ->/wrk2-api/review/compose_nginx->/wrk2-api/review/compose_nginx->ComposeReview_nginx
------------------------------------------------------------------------------------
span = 4
trace_id = 8261aa786a4a7fa9
span_id = 4cca1539de63f433
parent_id = 91ac57cc0097ae15
start_time = 1682628698289997
end_time = 1682628698292822
inclusive_time = 2825
exclusive_time = 1314
process_id = p3
operationName = UploadMovieId
serviceName = compose-review-service
call path = ->/wrk2-api/review/compose_nginx->/wrk2-api/review/compose_nginx->ComposeReview_nginx->UploadMovieId_movie-id-service
------------------------------------------------------------------------------------
span = 5
trace_id = 8261aa786a4a7fa9
span_id = 7b7956714dad847b
parent_id = 4cca1539de63f433
start_time = 1682628698291295
end_time = 1682628698292632
inclusive_time = 1337
exclusive_time = 20
process_id = p7
operationName = UploadMovieReview
serviceName = movie-review-service
call path = ->/wrk2-api/review/compose_nginx->/wrk2-api/review/compose_nginx->ComposeReview_nginx->UploadMovieId_movie-id-service->UploadMovieId_compose-review-service
------------------------------------------------------------------------------------
span = 6
trace_id = 8261aa786a4a7fa9
span_id = d147958746b97c5d
parent_id = 7b7956714dad847b
start_time = 1682628698291315
end_time = 1682628698292637
inclusive_time = 1322
exclusive_time = 1322
process_id = p7
operationName = MongoFindMovie
serviceName = movie-review-service
call path = ->/wrk2-api/review/compose_nginx->/wrk2-api/review/compose_nginx->ComposeReview_nginx->UploadMovieId_movie-id-service->UploadMovieId_compose-review-service->UploadMovieReview_movie-review-service
------------------------------------------------------------------------------------
span = 7
trace_id = 8261aa786a4a7fa9
span_id = b1655ece3782c9a2
parent_id = 91ac57cc0097ae15
start_time = 1682628698289858
end_time = 1682628698289967
inclusive_time = 109
exclusive_time = 109
process_id = p4
operationName = MmcSetMovieId
serviceName = movie-id-service
call path = ->/wrk2-api/review/compose_nginx->/wrk2-api/review/compose_nginx->ComposeReview_nginx->UploadMovieId_movie-id-service
------------------------------------------------------------------------------------
span = 8
trace_id = 8261aa786a4a7fa9
span_id = 69bedfb98860e8c9
parent_id = 91ac57cc0097ae15
start_time = 1682628698289403
end_time = 1682628698289510
inclusive_time = 107
exclusive_time = 107
process_id = p4
operationName = MmcGetMovieId
serviceName = movie-id-service
call path = ->/wrk2-api/review/compose_nginx->/wrk2-api/review/compose_nginx->ComposeReview_nginx->UploadMovieId_movie-id-service
------------------------------------------------------------------------------------
