span = 0
span_id = a96b1005f353b40f
parent_id = None
start_time = 1682628698098000
end_time = 1682628698102130
inclusive_time = 4130
exclusive_time = 124
process_id = p7
operationName = /wrk2-api/review/compose
serviceName = nginx
------------------------------------------------------------------------------------
span = 1
span_id = bf48061005000e87
parent_id = a96b1005f353b40f
start_time = 1682628698098124
end_time = 1682628698102130
inclusive_time = 4006
exclusive_time = 86
process_id = p7
operationName = /wrk2-api/review/compose
serviceName = nginx
------------------------------------------------------------------------------------
span = 2
span_id = 50a5d34930d21000
parent_id = bf48061005000e87
start_time = 1682628698098157
end_time = 1682628698102077
inclusive_time = 3920
exclusive_time = 379
process_id = p7
operationName = ComposeReview
serviceName = nginx
------------------------------------------------------------------------------------
span = 3
span_id = e1d43bfcb1c7de95
parent_id = 50a5d34930d21000
start_time = 1682628698098432
end_time = 1682628698101967
inclusive_time = 3535
exclusive_time = 425
process_id = p4
operationName = UploadMovieId
serviceName = movie-id-service
------------------------------------------------------------------------------------
span = 4
span_id = 45f6ee998b16fed8
parent_id = e1d43bfcb1c7de95
start_time = 1682628698099009
end_time = 1682628698101770
inclusive_time = 2761
exclusive_time = 280
process_id = p6
operationName = UploadRating
serviceName = rating-service
------------------------------------------------------------------------------------
span = 5
span_id = 8f671ec475fb8caa
parent_id = 45f6ee998b16fed8
start_time = 1682628698099219
end_time = 1682628698101654
inclusive_time = 2435
exclusive_time = 1269
process_id = p2
operationName = UploadRating
serviceName = compose-review-service
------------------------------------------------------------------------------------
span = 6
span_id = 6d6ba01d49cbecc6
parent_id = 8f671ec475fb8caa
start_time = 1682628698100064
end_time = 1682628698101196
inclusive_time = 1132
exclusive_time = 29
process_id = p5
operationName = UploadUserReview
serviceName = user-review-service
------------------------------------------------------------------------------------
span = 7
span_id = 867230957b64a4bf
parent_id = 6d6ba01d49cbecc6
start_time = 1682628698100093
end_time = 1682628698101199
inclusive_time = 1106
exclusive_time = 1106
process_id = p5
operationName = MongoFindUser
serviceName = user-review-service
------------------------------------------------------------------------------------
span = 8
span_id = 5f983592509b3615
parent_id = e1d43bfcb1c7de95
start_time = 1682628698098814
end_time = 1682628698098919
inclusive_time = 105
exclusive_time = 105
process_id = p4
operationName = MmcSetMovieId
serviceName = movie-id-service
------------------------------------------------------------------------------------
span = 9
span_id = db4a409adddb66ba
parent_id = e1d43bfcb1c7de95
start_time = 1682628698098451
end_time = 1682628698098627
inclusive_time = 176
exclusive_time = 176
process_id = p4
operationName = MmcGetMovieId
serviceName = movie-id-service
------------------------------------------------------------------------------------
