span = 0
trace_id = c5471631073edb2d
span_id = c5471631073edb2d
parent_id = None
start_time = 1682628697971000
end_time = 1682628697980946
inclusive_time = 9946
exclusive_time = 1142
process_id = p4
operationName = /wrk2-api/review/compose
serviceName = nginx
call path = 
------------------------------------------------------------------------------------
span = 1
trace_id = c5471631073edb2d
span_id = af83e19ed2608d68
parent_id = c5471631073edb2d
start_time = 1682628697972142
end_time = 1682628697980946
inclusive_time = 8804
exclusive_time = 98
process_id = p4
operationName = /wrk2-api/review/compose
serviceName = nginx
call path = ->/wrk2-api/review/compose_nginx
------------------------------------------------------------------------------------
span = 2
trace_id = c5471631073edb2d
span_id = 81a01c6119f35c8e
parent_id = af83e19ed2608d68
start_time = 1682628697972186
end_time = 1682628697980892
inclusive_time = 8706
exclusive_time = 616
process_id = p4
operationName = ComposeReview
serviceName = nginx
call path = ->/wrk2-api/review/compose_nginx->/wrk2-api/review/compose_nginx
------------------------------------------------------------------------------------
span = 3
trace_id = c5471631073edb2d
span_id = 8de03bec499764c1
parent_id = 81a01c6119f35c8e
start_time = 1682628697972384
end_time = 1682628697980474
inclusive_time = 8090
exclusive_time = 258
process_id = p10
operationName = UploadUserWithUsername
serviceName = user-service
call path = ->/wrk2-api/review/compose_nginx->/wrk2-api/review/compose_nginx->ComposeReview_nginx
------------------------------------------------------------------------------------
span = 4
trace_id = c5471631073edb2d
span_id = efe30c2bb258b9eb
parent_id = 8de03bec499764c1
start_time = 1682628697972700
end_time = 1682628697980414
inclusive_time = 7714
exclusive_time = 6463
process_id = p1
operationName = UploadUserId
serviceName = compose-review-service
call path = ->/wrk2-api/review/compose_nginx->/wrk2-api/review/compose_nginx->ComposeReview_nginx->UploadUserWithUsername_user-service
------------------------------------------------------------------------------------
span = 5
trace_id = c5471631073edb2d
span_id = 70fa29162c54ac7b
parent_id = efe30c2bb258b9eb
start_time = 1682628697979021
end_time = 1682628697980192
inclusive_time = 1171
exclusive_time = 17
process_id = p8
operationName = UploadUserReview
serviceName = user-review-service
call path = ->/wrk2-api/review/compose_nginx->/wrk2-api/review/compose_nginx->ComposeReview_nginx->UploadUserWithUsername_user-service->UploadUserId_compose-review-service
------------------------------------------------------------------------------------
span = 6
trace_id = c5471631073edb2d
span_id = 22748a8572d31249
parent_id = 70fa29162c54ac7b
start_time = 1682628697979038
end_time = 1682628697980248
inclusive_time = 1210
exclusive_time = 1210
process_id = p8
operationName = MongoFindUser
serviceName = user-review-service
call path = ->/wrk2-api/review/compose_nginx->/wrk2-api/review/compose_nginx->ComposeReview_nginx->UploadUserWithUsername_user-service->UploadUserId_compose-review-service->UploadUserReview_user-review-service
------------------------------------------------------------------------------------
span = 7
trace_id = c5471631073edb2d
span_id = 9082828d1bd1f1b4
parent_id = 8de03bec499764c1
start_time = 1682628697972401
end_time = 1682628697972519
inclusive_time = 118
exclusive_time = 118
process_id = p10
operationName = MmcGetUserId
serviceName = user-service
call path = ->/wrk2-api/review/compose_nginx->/wrk2-api/review/compose_nginx->ComposeReview_nginx->UploadUserWithUsername_user-service
------------------------------------------------------------------------------------
