span = 0
trace_id = 0333cc676717fd31
span_id = 0333cc676717fd31
parent_id = None
start_time = 1682628698127000
end_time = 1682628698132011
inclusive_time = 5011
exclusive_time = 830
process_id = p4
operationName = /wrk2-api/review/compose
serviceName = nginx
call path = 
------------------------------------------------------------------------------------
span = 1
trace_id = 0333cc676717fd31
span_id = 19b968ff1f5dc90b
parent_id = 0333cc676717fd31
start_time = 1682628698127830
end_time = 1682628698132011
inclusive_time = 4181
exclusive_time = 111
process_id = p4
operationName = /wrk2-api/review/compose
serviceName = nginx
call path = ->/wrk2-api/review/compose_nginx
------------------------------------------------------------------------------------
span = 2
trace_id = 0333cc676717fd31
span_id = f5e49407235c9493
parent_id = 19b968ff1f5dc90b
start_time = 1682628698127888
end_time = 1682628698131958
inclusive_time = 4070
exclusive_time = 273
process_id = p4
operationName = ComposeReview
serviceName = nginx
call path = ->/wrk2-api/review/compose_nginx->/wrk2-api/review/compose_nginx
------------------------------------------------------------------------------------
span = 3
trace_id = 0333cc676717fd31
span_id = d34ec4754279016b
parent_id = f5e49407235c9493
start_time = 1682628698128234
end_time = 1682628698131892
inclusive_time = 3658
exclusive_time = 302
process_id = p1
operationName = UploadMovieId
serviceName = movie-id-service
call path = ->/wrk2-api/review/compose_nginx->/wrk2-api/review/compose_nginx->ComposeReview_nginx
------------------------------------------------------------------------------------
span = 4
trace_id = 0333cc676717fd31
span_id = 5a70fedabf8a82ea
parent_id = d34ec4754279016b
start_time = 1682628698128975
end_time = 1682628698131765
inclusive_time = 2790
exclusive_time = 369
process_id = p3
operationName = UploadRating
serviceName = rating-service
call path = ->/wrk2-api/review/compose_nginx->/wrk2-api/review/compose_nginx->ComposeReview_nginx->UploadMovieId_movie-id-service
------------------------------------------------------------------------------------
span = 5
trace_id = 0333cc676717fd31
span_id = 4e8ae1b346b1cc23
parent_id = 5a70fedabf8a82ea
start_time = 1682628698129181
end_time = 1682628698131536
inclusive_time = 2355
exclusive_time = 1079
process_id = p5
operationName = UploadRating
serviceName = compose-review-service
call path = ->/wrk2-api/review/compose_nginx->/wrk2-api/review/compose_nginx->ComposeReview_nginx->UploadMovieId_movie-id-service->UploadRating_rating-service
------------------------------------------------------------------------------------
span = 6
trace_id = 0333cc676717fd31
span_id = 0ca1776d05b11b50
parent_id = 4e8ae1b346b1cc23
start_time = 1682628698130170
end_time = 1682628698131433
inclusive_time = 1263
exclusive_time = 28
process_id = p6
operationName = UploadMovieReview
serviceName = movie-review-service
call path = ->/wrk2-api/review/compose_nginx->/wrk2-api/review/compose_nginx->ComposeReview_nginx->UploadMovieId_movie-id-service->UploadRating_rating-service->UploadRating_compose-review-service
------------------------------------------------------------------------------------
span = 7
trace_id = 0333cc676717fd31
span_id = c295a24c000a9d25
parent_id = 0ca1776d05b11b50
start_time = 1682628698130198
end_time = 1682628698131437
inclusive_time = 1239
exclusive_time = 1239
process_id = p6
operationName = MongoFindMovie
serviceName = movie-review-service
call path = ->/wrk2-api/review/compose_nginx->/wrk2-api/review/compose_nginx->ComposeReview_nginx->UploadMovieId_movie-id-service->UploadRating_rating-service->UploadRating_compose-review-service->UploadMovieReview_movie-review-service
------------------------------------------------------------------------------------
span = 8
trace_id = 0333cc676717fd31
span_id = 6bc2873bdbf92a30
parent_id = d34ec4754279016b
start_time = 1682628698128522
end_time = 1682628698128773
inclusive_time = 251
exclusive_time = 251
process_id = p1
operationName = MmcSetMovieId
serviceName = movie-id-service
call path = ->/wrk2-api/review/compose_nginx->/wrk2-api/review/compose_nginx->ComposeReview_nginx->UploadMovieId_movie-id-service
------------------------------------------------------------------------------------
span = 9
trace_id = 0333cc676717fd31
span_id = a0ab8b7d32de48aa
parent_id = d34ec4754279016b
start_time = 1682628698128250
end_time = 1682628698128363
inclusive_time = 113
exclusive_time = 113
process_id = p1
operationName = MmcGetMovieId
serviceName = movie-id-service
call path = ->/wrk2-api/review/compose_nginx->/wrk2-api/review/compose_nginx->ComposeReview_nginx->UploadMovieId_movie-id-service
------------------------------------------------------------------------------------
