span = 0
trace_id = d9204cc8d90c978d
span_id = d9204cc8d90c978d
parent_id = None
start_time = 1682628698250000
end_time = 1682628698254556
inclusive_time = 4556
exclusive_time = 541
process_id = p3
operationName = /wrk2-api/review/compose
serviceName = nginx
call path = 
------------------------------------------------------------------------------------
span = 1
trace_id = d9204cc8d90c978d
span_id = 17b830e7fb408688
parent_id = d9204cc8d90c978d
start_time = 1682628698250541
end_time = 1682628698254556
inclusive_time = 4015
exclusive_time = 95
process_id = p3
operationName = /wrk2-api/review/compose
serviceName = nginx
call path = ->/wrk2-api/review/compose_nginx
------------------------------------------------------------------------------------
span = 2
trace_id = d9204cc8d90c978d
span_id = ebfbc1dd3a6e6b65
parent_id = 17b830e7fb408688
start_time = 1682628698250575
end_time = 1682628698254495
inclusive_time = 3920
exclusive_time = 364
process_id = p3
operationName = ComposeReview
serviceName = nginx
call path = ->/wrk2-api/review/compose_nginx->/wrk2-api/review/compose_nginx
------------------------------------------------------------------------------------
span = 3
trace_id = d9204cc8d90c978d
span_id = b54ee4804c0e76e7
parent_id = ebfbc1dd3a6e6b65
start_time = 1682628698250930
end_time = 1682628698254366
inclusive_time = 3436
exclusive_time = 302
process_id = p6
operationName = UploadMovieId
serviceName = movie-id-service
call path = ->/wrk2-api/review/compose_nginx->/wrk2-api/review/compose_nginx->ComposeReview_nginx
------------------------------------------------------------------------------------
span = 4
trace_id = d9204cc8d90c978d
span_id = cad97cfa7944f2b7
parent_id = b54ee4804c0e76e7
start_time = 1682628698251368
end_time = 1682628698254262
inclusive_time = 2894
exclusive_time = 333
process_id = p10
operationName = UploadRating
serviceName = rating-service
call path = ->/wrk2-api/review/compose_nginx->/wrk2-api/review/compose_nginx->ComposeReview_nginx->UploadMovieId_movie-id-service
------------------------------------------------------------------------------------
span = 5
trace_id = d9204cc8d90c978d
span_id = 3c9035411a540de8
parent_id = cad97cfa7944f2b7
start_time = 1682628698251578
end_time = 1682628698254069
inclusive_time = 2491
exclusive_time = 1081
process_id = p5
operationName = UploadRating
serviceName = compose-review-service
call path = ->/wrk2-api/review/compose_nginx->/wrk2-api/review/compose_nginx->ComposeReview_nginx->UploadMovieId_movie-id-service->UploadRating_rating-service
------------------------------------------------------------------------------------
span = 6
trace_id = d9204cc8d90c978d
span_id = e99fb82eb41826b4
parent_id = 3c9035411a540de8
start_time = 1682628698252487
end_time = 1682628698253897
inclusive_time = 1410
exclusive_time = 17
process_id = p4
operationName = UploadUserReview
serviceName = user-review-service
call path = ->/wrk2-api/review/compose_nginx->/wrk2-api/review/compose_nginx->ComposeReview_nginx->UploadMovieId_movie-id-service->UploadRating_rating-service->UploadRating_compose-review-service
------------------------------------------------------------------------------------
span = 7
trace_id = d9204cc8d90c978d
span_id = 3e55c07dbef05b2c
parent_id = e99fb82eb41826b4
start_time = 1682628698252504
end_time = 1682628698253901
inclusive_time = 1397
exclusive_time = 1397
process_id = p4
operationName = MongoFindUser
serviceName = user-review-service
call path = ->/wrk2-api/review/compose_nginx->/wrk2-api/review/compose_nginx->ComposeReview_nginx->UploadMovieId_movie-id-service->UploadRating_rating-service->UploadRating_compose-review-service->UploadUserReview_user-review-service
------------------------------------------------------------------------------------
span = 8
trace_id = d9204cc8d90c978d
span_id = e57a5d7391aae58d
parent_id = b54ee4804c0e76e7
start_time = 1682628698251185
end_time = 1682628698251301
inclusive_time = 116
exclusive_time = 116
process_id = p6
operationName = MmcSetMovieId
serviceName = movie-id-service
call path = ->/wrk2-api/review/compose_nginx->/wrk2-api/review/compose_nginx->ComposeReview_nginx->UploadMovieId_movie-id-service
------------------------------------------------------------------------------------
span = 9
trace_id = d9204cc8d90c978d
span_id = 591c682b8f0cea76
parent_id = b54ee4804c0e76e7
start_time = 1682628698250943
end_time = 1682628698251038
inclusive_time = 95
exclusive_time = 95
process_id = p6
operationName = MmcGetMovieId
serviceName = movie-id-service
call path = ->/wrk2-api/review/compose_nginx->/wrk2-api/review/compose_nginx->ComposeReview_nginx->UploadMovieId_movie-id-service
------------------------------------------------------------------------------------
