span = 0
span_id = a5e36f6b68a0e87b
parent_id = None
start_time = 1682628698213000
end_time = 1682628698217681
inclusive_time = 4681
exclusive_time = 116
process_id = p6
operationName = /wrk2-api/review/compose
serviceName = nginx
------------------------------------------------------------------------------------
span = 1
span_id = 96b5e30f745edf4f
parent_id = a5e36f6b68a0e87b
start_time = 1682628698213115
end_time = 1682628698217680
inclusive_time = 4565
exclusive_time = 94
process_id = p6
operationName = /wrk2-api/review/compose
serviceName = nginx
------------------------------------------------------------------------------------
span = 2
span_id = 347058e945e8b321
parent_id = 96b5e30f745edf4f
start_time = 1682628698213154
end_time = 1682628698217625
inclusive_time = 4471
exclusive_time = 263
process_id = p6
operationName = ComposeReview
serviceName = nginx
------------------------------------------------------------------------------------
span = 3
span_id = e3a420d7dbc5ed4b
parent_id = 347058e945e8b321
start_time = 1682628698213425
end_time = 1682628698217546
inclusive_time = 4121
exclusive_time = 479
process_id = p3
operationName = UploadMovieId
serviceName = movie-id-service
------------------------------------------------------------------------------------
span = 4
span_id = de15f8cf330e9205
parent_id = e3a420d7dbc5ed4b
start_time = 1682628698214096
end_time = 1682628698217228
inclusive_time = 3132
exclusive_time = 387
process_id = p10
operationName = UploadRating
serviceName = rating-service
------------------------------------------------------------------------------------
span = 5
span_id = 327c571abac32a29
parent_id = de15f8cf330e9205
start_time = 1682628698214263
end_time = 1682628698216957
inclusive_time = 2694
exclusive_time = 1346
process_id = p2
operationName = UploadRating
serviceName = compose-review-service
------------------------------------------------------------------------------------
span = 6
span_id = fdc1d0842029f2ba
parent_id = 327c571abac32a29
start_time = 1682628698215356
end_time = 1682628698216597
inclusive_time = 1241
exclusive_time = 31
process_id = p4
operationName = UploadMovieReview
serviceName = movie-review-service
------------------------------------------------------------------------------------
span = 7
span_id = f9a5b432b834e569
parent_id = fdc1d0842029f2ba
start_time = 1682628698215387
end_time = 1682628698216602
inclusive_time = 1215
exclusive_time = 1215
process_id = p4
operationName = MongoFindMovie
serviceName = movie-review-service
------------------------------------------------------------------------------------
span = 8
span_id = 98b7e8222e58cf1b
parent_id = e3a420d7dbc5ed4b
start_time = 1682628698213930
end_time = 1682628698214044
inclusive_time = 114
exclusive_time = 114
process_id = p3
operationName = MmcSetMovieId
serviceName = movie-id-service
------------------------------------------------------------------------------------
span = 9
span_id = 0e4c7a7f18dba04c
parent_id = e3a420d7dbc5ed4b
start_time = 1682628698213442
end_time = 1682628698213805
inclusive_time = 363
exclusive_time = 363
process_id = p3
operationName = MmcGetMovieId
serviceName = movie-id-service
------------------------------------------------------------------------------------
