span = 0
span_id = 1289783df3b3308c
parent_id = None
start_time = 1682628697861000
end_time = 1682628697865175
inclusive_time = 4175
exclusive_time = 55
process_id = p5
operationName = /wrk2-api/review/compose
serviceName = nginx
------------------------------------------------------------------------------------
span = 1
span_id = 88f0a80908ab17b1
parent_id = 1289783df3b3308c
start_time = 1682628697861055
end_time = 1682628697865175
inclusive_time = 4120
exclusive_time = 98
process_id = p5
operationName = /wrk2-api/review/compose
serviceName = nginx
------------------------------------------------------------------------------------
span = 2
span_id = d09ee10fe7412a0e
parent_id = 88f0a80908ab17b1
start_time = 1682628697861089
end_time = 1682628697865111
inclusive_time = 4022
exclusive_time = 226
process_id = p5
operationName = ComposeReview
serviceName = nginx
------------------------------------------------------------------------------------
span = 3
span_id = 1a319e33386d16f4
parent_id = d09ee10fe7412a0e
start_time = 1682628697861422
end_time = 1682628697865036
inclusive_time = 3614
exclusive_time = 164
process_id = p9
operationName = UploadText
serviceName = text-service
------------------------------------------------------------------------------------
span = 4
span_id = 2cec71a3af938cca
parent_id = 1a319e33386d16f4
start_time = 1682628697861526
end_time = 1682628697864976
inclusive_time = 3450
exclusive_time = 1714
process_id = p3
operationName = UploadText
serviceName = compose-review-service
------------------------------------------------------------------------------------
span = 5
span_id = 1db8fff9a0d9ce91
parent_id = 2cec71a3af938cca
start_time = 1682628697863145
end_time = 1682628697864736
inclusive_time = 1591
exclusive_time = 26
process_id = p2
operationName = UploadUserReview
serviceName = user-review-service
------------------------------------------------------------------------------------
span = 6
span_id = b24c8745f24b6e8f
parent_id = 1db8fff9a0d9ce91
start_time = 1682628697863171
end_time = 1682628697864759
inclusive_time = 1588
exclusive_time = 1588
process_id = p2
operationName = MongoFindUser
serviceName = user-review-service
------------------------------------------------------------------------------------
