span = 0
trace_id = 334d642b915f7724
span_id = 334d642b915f7724
parent_id = None
start_time = 1682628698220000
end_time = 1682628698224570
inclusive_time = 4570
exclusive_time = 680
process_id = p6
operationName = /wrk2-api/review/compose
serviceName = nginx
call path = 
------------------------------------------------------------------------------------
span = 1
trace_id = 334d642b915f7724
span_id = fa7c56b4b56faaa3
parent_id = 334d642b915f7724
start_time = 1682628698220679
end_time = 1682628698224569
inclusive_time = 3890
exclusive_time = 109
process_id = p6
operationName = /wrk2-api/review/compose
serviceName = nginx
call path = ->/wrk2-api/review/compose_nginx
------------------------------------------------------------------------------------
span = 2
trace_id = 334d642b915f7724
span_id = 066ba4d4f516658e
parent_id = fa7c56b4b56faaa3
start_time = 1682628698220736
end_time = 1682628698224517
inclusive_time = 3781
exclusive_time = 273
process_id = p6
operationName = ComposeReview
serviceName = nginx
call path = ->/wrk2-api/review/compose_nginx->/wrk2-api/review/compose_nginx
------------------------------------------------------------------------------------
span = 3
trace_id = 334d642b915f7724
span_id = 8c2f569c01f5203b
parent_id = 066ba4d4f516658e
start_time = 1682628698221048
end_time = 1682628698224452
inclusive_time = 3404
exclusive_time = 369
process_id = p3
operationName = UploadMovieId
serviceName = movie-id-service
call path = ->/wrk2-api/review/compose_nginx->/wrk2-api/review/compose_nginx->ComposeReview_nginx
------------------------------------------------------------------------------------
span = 4
trace_id = 334d642b915f7724
span_id = 96aafe3dad304024
parent_id = 8c2f569c01f5203b
start_time = 1682628698221507
end_time = 1682628698224328
inclusive_time = 2821
exclusive_time = 355
process_id = p10
operationName = UploadRating
serviceName = rating-service
call path = ->/wrk2-api/review/compose_nginx->/wrk2-api/review/compose_nginx->ComposeReview_nginx->UploadMovieId_movie-id-service
------------------------------------------------------------------------------------
span = 5
trace_id = 334d642b915f7724
span_id = f71adc4bb964eb01
parent_id = 96aafe3dad304024
start_time = 1682628698221760
end_time = 1682628698224195
inclusive_time = 2435
exclusive_time = 915
process_id = p2
operationName = UploadRating
serviceName = compose-review-service
call path = ->/wrk2-api/review/compose_nginx->/wrk2-api/review/compose_nginx->ComposeReview_nginx->UploadMovieId_movie-id-service->UploadRating_rating-service
------------------------------------------------------------------------------------
span = 6
trace_id = 334d642b915f7724
span_id = 914fadff8135cb9b
parent_id = f71adc4bb964eb01
start_time = 1682628698222715
end_time = 1682628698224021
inclusive_time = 1306
exclusive_time = 20
process_id = p4
operationName = UploadMovieReview
serviceName = movie-review-service
call path = ->/wrk2-api/review/compose_nginx->/wrk2-api/review/compose_nginx->ComposeReview_nginx->UploadMovieId_movie-id-service->UploadRating_rating-service->UploadRating_compose-review-service
------------------------------------------------------------------------------------
span = 7
trace_id = 334d642b915f7724
span_id = 55469a7d208d4f46
parent_id = 914fadff8135cb9b
start_time = 1682628698222735
end_time = 1682628698224084
inclusive_time = 1349
exclusive_time = 1349
process_id = p4
operationName = MongoFindMovie
serviceName = movie-review-service
call path = ->/wrk2-api/review/compose_nginx->/wrk2-api/review/compose_nginx->ComposeReview_nginx->UploadMovieId_movie-id-service->UploadRating_rating-service->UploadRating_compose-review-service->UploadMovieReview_movie-review-service
------------------------------------------------------------------------------------
span = 8
trace_id = 334d642b915f7724
span_id = 390c37804395d055
parent_id = 8c2f569c01f5203b
start_time = 1682628698221325
end_time = 1682628698221431
inclusive_time = 106
exclusive_time = 106
process_id = p3
operationName = MmcSetMovieId
serviceName = movie-id-service
call path = ->/wrk2-api/review/compose_nginx->/wrk2-api/review/compose_nginx->ComposeReview_nginx->UploadMovieId_movie-id-service
------------------------------------------------------------------------------------
span = 9
trace_id = 334d642b915f7724
span_id = e6419f5de379f470
parent_id = 8c2f569c01f5203b
start_time = 1682628698221061
end_time = 1682628698221169
inclusive_time = 108
exclusive_time = 108
process_id = p3
operationName = MmcGetMovieId
serviceName = movie-id-service
call path = ->/wrk2-api/review/compose_nginx->/wrk2-api/review/compose_nginx->ComposeReview_nginx->UploadMovieId_movie-id-service
------------------------------------------------------------------------------------
