span 0
span_id = 8ed6db097c2c5cf9
parent_id = None
start_time = 1682628698122000
end_time = 1682628698127560
inclusive_time = 5560
exclusive_time = 637
process_id = p4
operationName = /wrk2-api/review/compose
serviceName = None
------------------------------------------------------------------------------------
span 1
span_id = b9f0128f0eff76e6
parent_id = 8ed6db097c2c5cf9
start_time = 1682628698122637
end_time = 1682628698127560
inclusive_time = 4923
exclusive_time = 171
process_id = p4
operationName = /wrk2-api/review/compose
serviceName = None
------------------------------------------------------------------------------------
span 2
span_id = 2f223ce8a0a88594
parent_id = b9f0128f0eff76e6
start_time = 1682628698122738
end_time = 1682628698127490
inclusive_time = 4752
exclusive_time = 299
process_id = p4
operationName = ComposeReview
serviceName = None
------------------------------------------------------------------------------------
span 3
span_id = 3fefa35558b81804
parent_id = 2f223ce8a0a88594
start_time = 1682628698123339
end_time = 1682628698127400
inclusive_time = 4061
exclusive_time = 573
process_id = p1
operationName = UploadMovieId
serviceName = None
------------------------------------------------------------------------------------
span 4
span_id = 4a61336cd33c4bea
parent_id = 3fefa35558b81804
start_time = 1682628698124002
end_time = 1682628698127093
inclusive_time = 3091
exclusive_time = 250
process_id = p3
operationName = UploadRating
serviceName = None
------------------------------------------------------------------------------------
span 5
span_id = c16b7c13c1b94392
parent_id = 4a61336cd33c4bea
start_time = 1682628698124322
end_time = 1682628698126972
inclusive_time = 2650
exclusive_time = 1109
process_id = p5
operationName = UploadRating
serviceName = None
------------------------------------------------------------------------------------
span 6
span_id = b69a9173ec08f846
parent_id = c16b7c13c1b94392
start_time = 1682628698125392
end_time = 1682628698126781
inclusive_time = 1389
exclusive_time = 25
process_id = p2
operationName = UploadUserReview
serviceName = None
------------------------------------------------------------------------------------
span 7
span_id = 7e37936c74caf331
parent_id = b69a9173ec08f846
start_time = 1682628698125417
end_time = 1682628698126786
inclusive_time = 1369
exclusive_time = 1369
process_id = p2
operationName = MongoFindUser
serviceName = None
------------------------------------------------------------------------------------
span 8
span_id = 1374866c8a9331c5
parent_id = 3fefa35558b81804
start_time = 1682628698123660
end_time = 1682628698123773
inclusive_time = 113
exclusive_time = 113
process_id = p1
operationName = MmcSetMovieId
serviceName = None
------------------------------------------------------------------------------------
span 9
span_id = cd12080790ab113b
parent_id = 3fefa35558b81804
start_time = 1682628698123356
end_time = 1682628698123461
inclusive_time = 105
exclusive_time = 105
process_id = p1
operationName = MmcGetMovieId
serviceName = None
------------------------------------------------------------------------------------
