span 0
span_id = 8f1dd97afeb820d1
parent_id = None
start_time = 1682628698065000
end_time = 1682628698070640
inclusive_time = 5640
exclusive_time = 716
process_id = p7
operationName = /wrk2-api/review/compose
serviceName = None
------------------------------------------------------------------------------------
span 1
span_id = 99ee2ddc4ba9809c
parent_id = 8f1dd97afeb820d1
start_time = 1682628698065716
end_time = 1682628698070640
inclusive_time = 4924
exclusive_time = 91
process_id = p7
operationName = /wrk2-api/review/compose
serviceName = None
------------------------------------------------------------------------------------
span 2
span_id = 0d4cad4e8fd36a12
parent_id = 99ee2ddc4ba9809c
start_time = 1682628698065758
end_time = 1682628698070591
inclusive_time = 4833
exclusive_time = 257
process_id = p7
operationName = ComposeReview
serviceName = None
------------------------------------------------------------------------------------
span 3
span_id = b739ee412daff521
parent_id = 0d4cad4e8fd36a12
start_time = 1682628698066659
end_time = 1682628698070521
inclusive_time = 3862
exclusive_time = 390
process_id = p4
operationName = UploadMovieId
serviceName = None
------------------------------------------------------------------------------------
span 4
span_id = dcb46f45abe0127f
parent_id = b739ee412daff521
start_time = 1682628698067371
end_time = 1682628698070359
inclusive_time = 2988
exclusive_time = 283
process_id = p6
operationName = UploadRating
serviceName = None
------------------------------------------------------------------------------------
span 5
span_id = 4fb73957206d9877
parent_id = dcb46f45abe0127f
start_time = 1682628698067717
end_time = 1682628698070187
inclusive_time = 2470
exclusive_time = 1140
process_id = p2
operationName = UploadRating
serviceName = None
------------------------------------------------------------------------------------
span 6
span_id = bf086e757e250a23
parent_id = 4fb73957206d9877
start_time = 1682628698068751
end_time = 1682628698070044
inclusive_time = 1293
exclusive_time = 26
process_id = p5
operationName = UploadUserReview
serviceName = None
------------------------------------------------------------------------------------
span 7
span_id = 28c4f2d84e2cffde
parent_id = bf086e757e250a23
start_time = 1682628698068777
end_time = 1682628698070049
inclusive_time = 1272
exclusive_time = 1272
process_id = p5
operationName = MongoFindUser
serviceName = None
------------------------------------------------------------------------------------
span 8
span_id = d2ecb082291a1471
parent_id = b739ee412daff521
start_time = 1682628698066950
end_time = 1682628698067056
inclusive_time = 106
exclusive_time = 106
process_id = p4
operationName = MmcSetMovieId
serviceName = None
------------------------------------------------------------------------------------
span 9
span_id = f0dd5bec1154f5d8
parent_id = b739ee412daff521
start_time = 1682628698066707
end_time = 1682628698066797
inclusive_time = 90
exclusive_time = 90
process_id = p4
operationName = MmcGetMovieId
serviceName = None
------------------------------------------------------------------------------------
