span = 0
trace_id = 7930643a3c233b46
span_id = 7930643a3c233b46
parent_id = None
start_time = 1682628698145000
end_time = 1682628698150329
inclusive_time = 5329
exclusive_time = 489
process_id = p2
operationName = /wrk2-api/review/compose
serviceName = nginx
------------------------------------------------------------------------------------
span = 1
trace_id = 7930643a3c233b46
span_id = c1a7ba2feda4a256
parent_id = 7930643a3c233b46
start_time = 1682628698145489
end_time = 1682628698150329
inclusive_time = 4840
exclusive_time = 100
process_id = p2
operationName = /wrk2-api/review/compose
serviceName = nginx
------------------------------------------------------------------------------------
span = 2
trace_id = 7930643a3c233b46
span_id = 6f3891063288fc4a
parent_id = c1a7ba2feda4a256
start_time = 1682628698145535
end_time = 1682628698150275
inclusive_time = 4740
exclusive_time = 293
process_id = p2
operationName = ComposeReview
serviceName = nginx
------------------------------------------------------------------------------------
span = 3
trace_id = 7930643a3c233b46
span_id = 89049a59a3e49b67
parent_id = 6f3891063288fc4a
start_time = 1682628698145848
end_time = 1682628698150198
inclusive_time = 4350
exclusive_time = 478
process_id = p7
operationName = UploadMovieId
serviceName = movie-id-service
------------------------------------------------------------------------------------
span = 4
trace_id = 7930643a3c233b46
span_id = 898bbc826a32ec83
parent_id = 89049a59a3e49b67
start_time = 1682628698146301
end_time = 1682628698149967
inclusive_time = 3666
exclusive_time = 318
process_id = p1
operationName = UploadRating
serviceName = rating-service
------------------------------------------------------------------------------------
span = 5
trace_id = 7930643a3c233b46
span_id = a5ba5ff30e83ba70
parent_id = 898bbc826a32ec83
start_time = 1682628698146477
end_time = 1682628698149825
inclusive_time = 3348
exclusive_time = 1837
process_id = p3
operationName = UploadRating
serviceName = compose-review-service
------------------------------------------------------------------------------------
span = 6
trace_id = 7930643a3c233b46
span_id = b2553d3cdb67e684
parent_id = a5ba5ff30e83ba70
start_time = 1682628698147639
end_time = 1682628698149123
inclusive_time = 1484
exclusive_time = 24
process_id = p6
operationName = UploadUserReview
serviceName = user-review-service
------------------------------------------------------------------------------------
span = 7
trace_id = 7930643a3c233b46
span_id = 01d171eb0756c1f6
parent_id = b2553d3cdb67e684
start_time = 1682628698147663
end_time = 1682628698149127
inclusive_time = 1464
exclusive_time = 1464
process_id = p6
operationName = MongoFindUser
serviceName = user-review-service
------------------------------------------------------------------------------------
span = 8
trace_id = 7930643a3c233b46
span_id = 5526a18517f29ef5
parent_id = 89049a59a3e49b67
start_time = 1682628698146182
end_time = 1682628698146275
inclusive_time = 93
exclusive_time = 93
process_id = p7
operationName = MmcSetMovieId
serviceName = movie-id-service
------------------------------------------------------------------------------------
span = 9
trace_id = 7930643a3c233b46
span_id = ba17d0c638e6fcdc
parent_id = 89049a59a3e49b67
start_time = 1682628698145872
end_time = 1682628698145981
inclusive_time = 109
exclusive_time = 109
process_id = p7
operationName = MmcGetMovieId
serviceName = movie-id-service
------------------------------------------------------------------------------------
