span = 0
trace_id = b1f301e8bada2f15
span_id = b1f301e8bada2f15
parent_id = None
start_time = 1682628697919000
end_time = 1682628697924712
inclusive_time = 5712
exclusive_time = 615
process_id = p8
operationName = /wrk2-api/review/compose
serviceName = nginx
call path = 
------------------------------------------------------------------------------------
span = 1
trace_id = b1f301e8bada2f15
span_id = 1c191729594d8270
parent_id = b1f301e8bada2f15
start_time = 1682628697919615
end_time = 1682628697924712
inclusive_time = 5097
exclusive_time = 97
process_id = p8
operationName = /wrk2-api/review/compose
serviceName = nginx
call path = ->/wrk2-api/review/compose_nginx
------------------------------------------------------------------------------------
span = 2
trace_id = b1f301e8bada2f15
span_id = bf694889821664f6
parent_id = 1c191729594d8270
start_time = 1682628697919657
end_time = 1682628697924657
inclusive_time = 5000
exclusive_time = 335
process_id = p8
operationName = ComposeReview
serviceName = nginx
call path = ->/wrk2-api/review/compose_nginx->/wrk2-api/review/compose_nginx
------------------------------------------------------------------------------------
span = 3
trace_id = b1f301e8bada2f15
span_id = 0d657b41771737a3
parent_id = bf694889821664f6
start_time = 1682628697920259
end_time = 1682628697924557
inclusive_time = 4298
exclusive_time = 414
process_id = p7
operationName = UploadMovieId
serviceName = movie-id-service
call path = ->/wrk2-api/review/compose_nginx->/wrk2-api/review/compose_nginx->ComposeReview_nginx
------------------------------------------------------------------------------------
span = 4
trace_id = b1f301e8bada2f15
span_id = 6381e194c9aaae91
parent_id = 0d657b41771737a3
start_time = 1682628697920712
end_time = 1682628697924390
inclusive_time = 3678
exclusive_time = 310
process_id = p5
operationName = UploadRating
serviceName = rating-service
call path = ->/wrk2-api/review/compose_nginx->/wrk2-api/review/compose_nginx->ComposeReview_nginx->UploadMovieId_movie-id-service
------------------------------------------------------------------------------------
span = 5
trace_id = b1f301e8bada2f15
span_id = 5af329c4a42d4b9d
parent_id = 6381e194c9aaae91
start_time = 1682628697921038
end_time = 1682628697924273
inclusive_time = 3235
exclusive_time = 1630
process_id = p4
operationName = UploadRating
serviceName = compose-review-service
call path = ->/wrk2-api/review/compose_nginx->/wrk2-api/review/compose_nginx->ComposeReview_nginx->UploadMovieId_movie-id-service->UploadRating_rating-service
------------------------------------------------------------------------------------
span = 6
trace_id = b1f301e8bada2f15
span_id = 0c53f7ee10e5260a
parent_id = 5af329c4a42d4b9d
start_time = 1682628697922975
end_time = 1682628697924113
inclusive_time = 1138
exclusive_time = 17
process_id = p1
operationName = UploadMovieReview
serviceName = movie-review-service
call path = ->/wrk2-api/review/compose_nginx->/wrk2-api/review/compose_nginx->ComposeReview_nginx->UploadMovieId_movie-id-service->UploadRating_rating-service->UploadRating_compose-review-service
------------------------------------------------------------------------------------
span = 7
trace_id = b1f301e8bada2f15
span_id = 5b35845e0624afa7
parent_id = 0c53f7ee10e5260a
start_time = 1682628697922992
end_time = 1682628697924118
inclusive_time = 1126
exclusive_time = 1126
process_id = p1
operationName = MongoFindMovie
serviceName = movie-review-service
call path = ->/wrk2-api/review/compose_nginx->/wrk2-api/review/compose_nginx->ComposeReview_nginx->UploadMovieId_movie-id-service->UploadRating_rating-service->UploadRating_compose-review-service->UploadMovieReview_movie-review-service
------------------------------------------------------------------------------------
span = 8
trace_id = b1f301e8bada2f15
span_id = 855dcb2d54f35a6e
parent_id = 5af329c4a42d4b9d
start_time = 1682628697922508
end_time = 1682628697922883
inclusive_time = 375
exclusive_time = 58
process_id = p9
operationName = StoreReview
serviceName = review-storage-service
call path = ->/wrk2-api/review/compose_nginx->/wrk2-api/review/compose_nginx->ComposeReview_nginx->UploadMovieId_movie-id-service->UploadRating_rating-service->UploadRating_compose-review-service
------------------------------------------------------------------------------------
span = 9
trace_id = b1f301e8bada2f15
span_id = 7a035e2b839de027
parent_id = 855dcb2d54f35a6e
start_time = 1682628697922532
end_time = 1682628697922849
inclusive_time = 317
exclusive_time = 317
process_id = p9
operationName = MongoInsertReview
serviceName = review-storage-service
call path = ->/wrk2-api/review/compose_nginx->/wrk2-api/review/compose_nginx->ComposeReview_nginx->UploadMovieId_movie-id-service->UploadRating_rating-service->UploadRating_compose-review-service->StoreReview_review-storage-service
------------------------------------------------------------------------------------
span = 10
trace_id = b1f301e8bada2f15
span_id = 64c6dc7dc56aee22
parent_id = 0d657b41771737a3
start_time = 1682628697920613
end_time = 1682628697920702
inclusive_time = 89
exclusive_time = 89
process_id = p7
operationName = MmcSetMovieId
serviceName = movie-id-service
call path = ->/wrk2-api/review/compose_nginx->/wrk2-api/review/compose_nginx->ComposeReview_nginx->UploadMovieId_movie-id-service
------------------------------------------------------------------------------------
span = 11
trace_id = b1f301e8bada2f15
span_id = cff965c64e5f5c23
parent_id = 0d657b41771737a3
start_time = 1682628697920273
end_time = 1682628697920380
inclusive_time = 107
exclusive_time = 107
process_id = p7
operationName = MmcGetMovieId
serviceName = movie-id-service
call path = ->/wrk2-api/review/compose_nginx->/wrk2-api/review/compose_nginx->ComposeReview_nginx->UploadMovieId_movie-id-service
------------------------------------------------------------------------------------
