span = 0
trace_id = b2edf9d6ad7f90bc
span_id = b2edf9d6ad7f90bc
parent_id = None
start_time = 1682628697953000
end_time = 1682628697957344
inclusive_time = 4344
exclusive_time = 356
process_id = p8
operationName = /wrk2-api/review/compose
serviceName = nginx
call path = 
------------------------------------------------------------------------------------
span = 1
trace_id = b2edf9d6ad7f90bc
span_id = aa35039d7ff24931
parent_id = b2edf9d6ad7f90bc
start_time = 1682628697953355
end_time = 1682628697957343
inclusive_time = 3988
exclusive_time = 92
process_id = p8
operationName = /wrk2-api/review/compose
serviceName = nginx
call path = ->/wrk2-api/review/compose_nginx
------------------------------------------------------------------------------------
span = 2
trace_id = b2edf9d6ad7f90bc
span_id = fce1f5f3d0e87854
parent_id = aa35039d7ff24931
start_time = 1682628697953398
end_time = 1682628697957294
inclusive_time = 3896
exclusive_time = 227
process_id = p8
operationName = ComposeReview
serviceName = nginx
call path = ->/wrk2-api/review/compose_nginx->/wrk2-api/review/compose_nginx
------------------------------------------------------------------------------------
span = 3
trace_id = b2edf9d6ad7f90bc
span_id = 6f4cf232fd3ec1ac
parent_id = fce1f5f3d0e87854
start_time = 1682628697953639
end_time = 1682628697957227
inclusive_time = 3588
exclusive_time = 307
process_id = p7
operationName = UploadMovieId
serviceName = movie-id-service
call path = ->/wrk2-api/review/compose_nginx->/wrk2-api/review/compose_nginx->ComposeReview_nginx
------------------------------------------------------------------------------------
span = 4
trace_id = b2edf9d6ad7f90bc
span_id = 0dcf32a9769550d8
parent_id = 6f4cf232fd3ec1ac
start_time = 1682628697954085
end_time = 1682628697957088
inclusive_time = 3003
exclusive_time = 284
process_id = p4
operationName = UploadRating
serviceName = rating-service
call path = ->/wrk2-api/review/compose_nginx->/wrk2-api/review/compose_nginx->ComposeReview_nginx->UploadMovieId_movie-id-service
------------------------------------------------------------------------------------
span = 5
trace_id = b2edf9d6ad7f90bc
span_id = c6765d846e9901af
parent_id = 0dcf32a9769550d8
start_time = 1682628697954390
end_time = 1682628697956956
inclusive_time = 2566
exclusive_time = 1309
process_id = p3
operationName = UploadRating
serviceName = compose-review-service
call path = ->/wrk2-api/review/compose_nginx->/wrk2-api/review/compose_nginx->ComposeReview_nginx->UploadMovieId_movie-id-service->UploadRating_rating-service
------------------------------------------------------------------------------------
span = 6
trace_id = b2edf9d6ad7f90bc
span_id = 537c14c5bf5e22ea
parent_id = c6765d846e9901af
start_time = 1682628697955401
end_time = 1682628697956579
inclusive_time = 1178
exclusive_time = 27
process_id = p6
operationName = UploadMovieReview
serviceName = movie-review-service
call path = ->/wrk2-api/review/compose_nginx->/wrk2-api/review/compose_nginx->ComposeReview_nginx->UploadMovieId_movie-id-service->UploadRating_rating-service->UploadRating_compose-review-service
------------------------------------------------------------------------------------
span = 7
trace_id = b2edf9d6ad7f90bc
span_id = 6d9b38ae924de7f2
parent_id = 537c14c5bf5e22ea
start_time = 1682628697955428
end_time = 1682628697956682
inclusive_time = 1254
exclusive_time = 1254
process_id = p6
operationName = MongoFindMovie
serviceName = movie-review-service
call path = ->/wrk2-api/review/compose_nginx->/wrk2-api/review/compose_nginx->ComposeReview_nginx->UploadMovieId_movie-id-service->UploadRating_rating-service->UploadRating_compose-review-service->UploadMovieReview_movie-review-service
------------------------------------------------------------------------------------
span = 8
trace_id = b2edf9d6ad7f90bc
span_id = 1efc078b2ca52100
parent_id = 6f4cf232fd3ec1ac
start_time = 1682628697953915
end_time = 1682628697954029
inclusive_time = 114
exclusive_time = 114
process_id = p7
operationName = MmcSetMovieId
serviceName = movie-id-service
call path = ->/wrk2-api/review/compose_nginx->/wrk2-api/review/compose_nginx->ComposeReview_nginx->UploadMovieId_movie-id-service
------------------------------------------------------------------------------------
span = 9
trace_id = b2edf9d6ad7f90bc
span_id = 62081cdeca36c970
parent_id = 6f4cf232fd3ec1ac
start_time = 1682628697953652
end_time = 1682628697953760
inclusive_time = 108
exclusive_time = 108
process_id = p7
operationName = MmcGetMovieId
serviceName = movie-id-service
call path = ->/wrk2-api/review/compose_nginx->/wrk2-api/review/compose_nginx->ComposeReview_nginx->UploadMovieId_movie-id-service
------------------------------------------------------------------------------------
