span = 0
trace_id = 8f58dea62ca90207
span_id = 8f58dea62ca90207
parent_id = None
start_time = 1682683015491000
end_time = 1682683015491662
inclusive_time = 662
exclusive_time = 527
process_id = p1
operationName = 
serviceName = nginx
------------------------------------------------------------------------------------
span = 1
trace_id = 8f58dea62ca90207
span_id = d7e393e3bf786f6f
parent_id = 8f58dea62ca90207
start_time = 1682683015491567
end_time = 1682683015491661
inclusive_time = 94
exclusive_time = 94
process_id = p1
operationName = 
serviceName = nginx
------------------------------------------------------------------------------------
span = 2
trace_id = 8f58dea62ca90207
span_id = 6d3dc85ad770e806
parent_id = 8f58dea62ca90207
start_time = 1682683015491459
end_time = 1682683015491500
inclusive_time = 41
exclusive_time = 41
process_id = p1
operationName = 
serviceName = nginx
------------------------------------------------------------------------------------
