span = 0
trace_id = 4d908abcab149e9f
span_id = 4d908abcab149e9f
parent_id = None
start_time = 1682628698247000
end_time = 1682628698251436
inclusive_time = 4436
exclusive_time = 426
process_id = p5
operationName = /wrk2-api/review/compose
serviceName = nginx
call path = 
------------------------------------------------------------------------------------
span = 1
trace_id = 4d908abcab149e9f
span_id = ea070a4d76112f83
parent_id = 4d908abcab149e9f
start_time = 1682628698247426
end_time = 1682628698251436
inclusive_time = 4010
exclusive_time = 108
process_id = p5
operationName = /wrk2-api/review/compose
serviceName = nginx
call path = ->/wrk2-api/review/compose_nginx
------------------------------------------------------------------------------------
span = 2
trace_id = 4d908abcab149e9f
span_id = fa1bf1abea0ae079
parent_id = ea070a4d76112f83
start_time = 1682628698247461
end_time = 1682628698251363
inclusive_time = 3902
exclusive_time = 272
process_id = p5
operationName = ComposeReview
serviceName = nginx
call path = ->/wrk2-api/review/compose_nginx->/wrk2-api/review/compose_nginx
------------------------------------------------------------------------------------
span = 3
trace_id = 4d908abcab149e9f
span_id = 84a72c90da6ab1ff
parent_id = fa1bf1abea0ae079
start_time = 1682628698247716
end_time = 1682628698251252
inclusive_time = 3536
exclusive_time = 404
process_id = p1
operationName = UploadMovieId
serviceName = movie-id-service
call path = ->/wrk2-api/review/compose_nginx->/wrk2-api/review/compose_nginx->ComposeReview_nginx
------------------------------------------------------------------------------------
span = 4
trace_id = 4d908abcab149e9f
span_id = be3dffd507034265
parent_id = 84a72c90da6ab1ff
start_time = 1682628698248255
end_time = 1682628698251087
inclusive_time = 2832
exclusive_time = 911
process_id = p10
operationName = UploadRating
serviceName = rating-service
call path = ->/wrk2-api/review/compose_nginx->/wrk2-api/review/compose_nginx->ComposeReview_nginx->UploadMovieId_movie-id-service
------------------------------------------------------------------------------------
span = 5
trace_id = 4d908abcab149e9f
span_id = 9e31b092edac9593
parent_id = be3dffd507034265
start_time = 1682628698248431
end_time = 1682628698250290
inclusive_time = 1859
exclusive_time = 815
process_id = p2
operationName = UploadRating
serviceName = compose-review-service
call path = ->/wrk2-api/review/compose_nginx->/wrk2-api/review/compose_nginx->ComposeReview_nginx->UploadMovieId_movie-id-service->UploadRating_rating-service
------------------------------------------------------------------------------------
span = 6
trace_id = 4d908abcab149e9f
span_id = d4f9d4217abe446e
parent_id = 9e31b092edac9593
start_time = 1682628698249146
end_time = 1682628698250184
inclusive_time = 1038
exclusive_time = 20
process_id = p6
operationName = UploadUserReview
serviceName = user-review-service
call path = ->/wrk2-api/review/compose_nginx->/wrk2-api/review/compose_nginx->ComposeReview_nginx->UploadMovieId_movie-id-service->UploadRating_rating-service->UploadRating_compose-review-service
------------------------------------------------------------------------------------
span = 7
trace_id = 4d908abcab149e9f
span_id = c7396819babbcc11
parent_id = d4f9d4217abe446e
start_time = 1682628698249166
end_time = 1682628698250189
inclusive_time = 1023
exclusive_time = 1023
process_id = p6
operationName = MongoFindUser
serviceName = user-review-service
call path = ->/wrk2-api/review/compose_nginx->/wrk2-api/review/compose_nginx->ComposeReview_nginx->UploadMovieId_movie-id-service->UploadRating_rating-service->UploadRating_compose-review-service->UploadUserReview_user-review-service
------------------------------------------------------------------------------------
span = 8
trace_id = 4d908abcab149e9f
span_id = e801f6fa60706bc0
parent_id = 84a72c90da6ab1ff
start_time = 1682628698247962
end_time = 1682628698248068
inclusive_time = 106
exclusive_time = 106
process_id = p1
operationName = MmcSetMovieId
serviceName = movie-id-service
call path = ->/wrk2-api/review/compose_nginx->/wrk2-api/review/compose_nginx->ComposeReview_nginx->UploadMovieId_movie-id-service
------------------------------------------------------------------------------------
span = 9
trace_id = 4d908abcab149e9f
span_id = ff6332b4949df587
parent_id = 84a72c90da6ab1ff
start_time = 1682628698247734
end_time = 1682628698247820
inclusive_time = 86
exclusive_time = 86
process_id = p1
operationName = MmcGetMovieId
serviceName = movie-id-service
call path = ->/wrk2-api/review/compose_nginx->/wrk2-api/review/compose_nginx->ComposeReview_nginx->UploadMovieId_movie-id-service
------------------------------------------------------------------------------------
