span = 0
trace_id = 0c6b767b14c085f3
span_id = 0c6b767b14c085f3
parent_id = None
start_time = 1682628698010000
end_time = 1682628698015234
inclusive_time = 5234
exclusive_time = 1280
process_id = p7
operationName = /wrk2-api/review/compose
serviceName = nginx
call path = 
------------------------------------------------------------------------------------
span = 1
trace_id = 0c6b767b14c085f3
span_id = 04225048a77412e6
parent_id = 0c6b767b14c085f3
start_time = 1682628698011280
end_time = 1682628698015234
inclusive_time = 3954
exclusive_time = 105
process_id = p7
operationName = /wrk2-api/review/compose
serviceName = nginx
call path = ->/wrk2-api/review/compose_nginx
------------------------------------------------------------------------------------
span = 2
trace_id = 0c6b767b14c085f3
span_id = d451df9bec812763
parent_id = 04225048a77412e6
start_time = 1682628698011329
end_time = 1682628698015178
inclusive_time = 3849
exclusive_time = 372
process_id = p7
operationName = ComposeReview
serviceName = nginx
call path = ->/wrk2-api/review/compose_nginx->/wrk2-api/review/compose_nginx
------------------------------------------------------------------------------------
span = 3
trace_id = 0c6b767b14c085f3
span_id = 770690b0fd524a03
parent_id = d451df9bec812763
start_time = 1682628698011831
end_time = 1682628698014972
inclusive_time = 3141
exclusive_time = 387
process_id = p2
operationName = UploadMovieId
serviceName = movie-id-service
call path = ->/wrk2-api/review/compose_nginx->/wrk2-api/review/compose_nginx->ComposeReview_nginx
------------------------------------------------------------------------------------
span = 4
trace_id = 0c6b767b14c085f3
span_id = 1626be6055ae396f
parent_id = 770690b0fd524a03
start_time = 1682628698012281
end_time = 1682628698014853
inclusive_time = 2572
exclusive_time = 323
process_id = p9
operationName = UploadRating
serviceName = rating-service
call path = ->/wrk2-api/review/compose_nginx->/wrk2-api/review/compose_nginx->ComposeReview_nginx->UploadMovieId_movie-id-service
------------------------------------------------------------------------------------
span = 5
trace_id = 0c6b767b14c085f3
span_id = 26f464d94a41bd92
parent_id = 1626be6055ae396f
start_time = 1682628698012466
end_time = 1682628698014715
inclusive_time = 2249
exclusive_time = 1132
process_id = p4
operationName = UploadRating
serviceName = compose-review-service
call path = ->/wrk2-api/review/compose_nginx->/wrk2-api/review/compose_nginx->ComposeReview_nginx->UploadMovieId_movie-id-service->UploadRating_rating-service
------------------------------------------------------------------------------------
span = 6
trace_id = 0c6b767b14c085f3
span_id = 02839bc047d8bd4d
parent_id = 26f464d94a41bd92
start_time = 1682628698013476
end_time = 1682628698014510
inclusive_time = 1034
exclusive_time = 17
process_id = p1
operationName = UploadMovieReview
serviceName = movie-review-service
call path = ->/wrk2-api/review/compose_nginx->/wrk2-api/review/compose_nginx->ComposeReview_nginx->UploadMovieId_movie-id-service->UploadRating_rating-service->UploadRating_compose-review-service
------------------------------------------------------------------------------------
span = 7
trace_id = 0c6b767b14c085f3
span_id = 9d56cdcabe7d55d9
parent_id = 02839bc047d8bd4d
start_time = 1682628698013493
end_time = 1682628698014515
inclusive_time = 1022
exclusive_time = 1022
process_id = p1
operationName = MongoFindMovie
serviceName = movie-review-service
call path = ->/wrk2-api/review/compose_nginx->/wrk2-api/review/compose_nginx->ComposeReview_nginx->UploadMovieId_movie-id-service->UploadRating_rating-service->UploadRating_compose-review-service->UploadMovieReview_movie-review-service
------------------------------------------------------------------------------------
span = 8
trace_id = 0c6b767b14c085f3
span_id = 5e316427e21089b1
parent_id = 770690b0fd524a03
start_time = 1682628698012132
end_time = 1682628698012222
inclusive_time = 90
exclusive_time = 90
process_id = p2
operationName = MmcSetMovieId
serviceName = movie-id-service
call path = ->/wrk2-api/review/compose_nginx->/wrk2-api/review/compose_nginx->ComposeReview_nginx->UploadMovieId_movie-id-service
------------------------------------------------------------------------------------
span = 9
trace_id = 0c6b767b14c085f3
span_id = faaed318e7a31ccc
parent_id = 770690b0fd524a03
start_time = 1682628698011843
end_time = 1682628698011935
inclusive_time = 92
exclusive_time = 92
process_id = p2
operationName = MmcGetMovieId
serviceName = movie-id-service
call path = ->/wrk2-api/review/compose_nginx->/wrk2-api/review/compose_nginx->ComposeReview_nginx->UploadMovieId_movie-id-service
------------------------------------------------------------------------------------
