span 0
span_id = 352bb4a065f17e53
parent_id = None
start_time = 1682628698275000
end_time = 1682628698279349
inclusive_time = 4349
exclusive_time = 737
process_id = p2
operationName = /wrk2-api/review/compose
serviceName = None
------------------------------------------------------------------------------------
span 1
span_id = 3066960e89f489c4
parent_id = 352bb4a065f17e53
start_time = 1682628698275736
end_time = 1682628698279348
inclusive_time = 3612
exclusive_time = 125
process_id = p2
operationName = /wrk2-api/review/compose
serviceName = None
------------------------------------------------------------------------------------
span 2
span_id = 97c16a23e1084e0c
parent_id = 3066960e89f489c4
start_time = 1682628698275794
end_time = 1682628698279281
inclusive_time = 3487
exclusive_time = 246
process_id = p2
operationName = ComposeReview
serviceName = None
------------------------------------------------------------------------------------
span 3
span_id = c4b38b5e8d48fd2a
parent_id = 97c16a23e1084e0c
start_time = 1682628698276118
end_time = 1682628698279204
inclusive_time = 3086
exclusive_time = 370
process_id = p5
operationName = UploadMovieId
serviceName = None
------------------------------------------------------------------------------------
span 4
span_id = ad069aec6ce61262
parent_id = c4b38b5e8d48fd2a
start_time = 1682628698276632
end_time = 1682628698279082
inclusive_time = 2450
exclusive_time = 229
process_id = p10
operationName = UploadRating
serviceName = None
------------------------------------------------------------------------------------
span 5
span_id = f799d053f0c0fa4f
parent_id = ad069aec6ce61262
start_time = 1682628698276812
end_time = 1682628698278979
inclusive_time = 2167
exclusive_time = 831
process_id = p4
operationName = UploadRating
serviceName = None
------------------------------------------------------------------------------------
span 6
span_id = 5d2fd5c49727d7cd
parent_id = f799d053f0c0fa4f
start_time = 1682628698277672
end_time = 1682628698278854
inclusive_time = 1182
exclusive_time = 26
process_id = p8
operationName = UploadMovieReview
serviceName = None
------------------------------------------------------------------------------------
span 7
span_id = a618729c57059dc4
parent_id = 5d2fd5c49727d7cd
start_time = 1682628698277698
end_time = 1682628698278859
inclusive_time = 1161
exclusive_time = 1161
process_id = p8
operationName = MongoFindMovie
serviceName = None
------------------------------------------------------------------------------------
span 8
span_id = 5461f856432fc4c1
parent_id = c4b38b5e8d48fd2a
start_time = 1682628698276478
end_time = 1682628698276570
inclusive_time = 92
exclusive_time = 92
process_id = p5
operationName = MmcSetMovieId
serviceName = None
------------------------------------------------------------------------------------
span 9
span_id = e7b6740d5c8efe36
parent_id = c4b38b5e8d48fd2a
start_time = 1682628698276135
end_time = 1682628698276247
inclusive_time = 112
exclusive_time = 112
process_id = p5
operationName = MmcGetMovieId
serviceName = None
------------------------------------------------------------------------------------
