span = 0
trace_id = b78cb4c7c15a0797
span_id = b78cb4c7c15a0797
parent_id = None
start_time = 1682628697898000
end_time = 1682628697903397
inclusive_time = 5397
exclusive_time = 1050
process_id = p1
operationName = /wrk2-api/review/compose
serviceName = nginx
call path = 
------------------------------------------------------------------------------------
span = 1
trace_id = b78cb4c7c15a0797
span_id = f414bc8ef01f2f90
parent_id = b78cb4c7c15a0797
start_time = 1682628697899050
end_time = 1682628697903397
inclusive_time = 4347
exclusive_time = 106
process_id = p1
operationName = /wrk2-api/review/compose
serviceName = nginx
call path = ->/wrk2-api/review/compose_nginx
------------------------------------------------------------------------------------
span = 2
trace_id = b78cb4c7c15a0797
span_id = daa1a7991ff02d59
parent_id = f414bc8ef01f2f90
start_time = 1682628697899089
end_time = 1682628697903330
inclusive_time = 4241
exclusive_time = 364
process_id = p1
operationName = ComposeReview
serviceName = nginx
call path = ->/wrk2-api/review/compose_nginx->/wrk2-api/review/compose_nginx
------------------------------------------------------------------------------------
span = 3
trace_id = b78cb4c7c15a0797
span_id = deb3ee99f544a5d5
parent_id = daa1a7991ff02d59
start_time = 1682628697899321
end_time = 1682628697903122
inclusive_time = 3801
exclusive_time = 567
process_id = p3
operationName = UploadMovieId
serviceName = movie-id-service
call path = ->/wrk2-api/review/compose_nginx->/wrk2-api/review/compose_nginx->ComposeReview_nginx
------------------------------------------------------------------------------------
span = 4
trace_id = b78cb4c7c15a0797
span_id = 4a2a5fdecec4ce08
parent_id = deb3ee99f544a5d5
start_time = 1682628697900093
end_time = 1682628697902969
inclusive_time = 2876
exclusive_time = 358
process_id = p7
operationName = UploadRating
serviceName = rating-service
call path = ->/wrk2-api/review/compose_nginx->/wrk2-api/review/compose_nginx->ComposeReview_nginx->UploadMovieId_movie-id-service
------------------------------------------------------------------------------------
span = 5
trace_id = b78cb4c7c15a0797
span_id = 3472895f16f0d404
parent_id = 4a2a5fdecec4ce08
start_time = 1682628697900298
end_time = 1682628697902816
inclusive_time = 2518
exclusive_time = 1274
process_id = p2
operationName = UploadRating
serviceName = compose-review-service
call path = ->/wrk2-api/review/compose_nginx->/wrk2-api/review/compose_nginx->ComposeReview_nginx->UploadMovieId_movie-id-service->UploadRating_rating-service
------------------------------------------------------------------------------------
span = 6
trace_id = b78cb4c7c15a0797
span_id = 258691071af472ed
parent_id = 3472895f16f0d404
start_time = 1682628697901476
end_time = 1682628697902655
inclusive_time = 1179
exclusive_time = 37
process_id = p4
operationName = UploadMovieReview
serviceName = movie-review-service
call path = ->/wrk2-api/review/compose_nginx->/wrk2-api/review/compose_nginx->ComposeReview_nginx->UploadMovieId_movie-id-service->UploadRating_rating-service->UploadRating_compose-review-service
------------------------------------------------------------------------------------
span = 7
trace_id = b78cb4c7c15a0797
span_id = bb130be2674007cb
parent_id = 258691071af472ed
start_time = 1682628697901513
end_time = 1682628697902659
inclusive_time = 1146
exclusive_time = 1146
process_id = p4
operationName = MongoFindMovie
serviceName = movie-review-service
call path = ->/wrk2-api/review/compose_nginx->/wrk2-api/review/compose_nginx->ComposeReview_nginx->UploadMovieId_movie-id-service->UploadRating_rating-service->UploadRating_compose-review-service->UploadMovieReview_movie-review-service
------------------------------------------------------------------------------------
span = 8
trace_id = b78cb4c7c15a0797
span_id = faa7a34a33e96b17
parent_id = deb3ee99f544a5d5
start_time = 1682628697899730
end_time = 1682628697899825
inclusive_time = 95
exclusive_time = 95
process_id = p3
operationName = MmcSetMovieId
serviceName = movie-id-service
call path = ->/wrk2-api/review/compose_nginx->/wrk2-api/review/compose_nginx->ComposeReview_nginx->UploadMovieId_movie-id-service
------------------------------------------------------------------------------------
span = 9
trace_id = b78cb4c7c15a0797
span_id = 403fd6e70362bc8a
parent_id = deb3ee99f544a5d5
start_time = 1682628697899334
end_time = 1682628697899424
inclusive_time = 90
exclusive_time = 90
process_id = p3
operationName = MmcGetMovieId
serviceName = movie-id-service
call path = ->/wrk2-api/review/compose_nginx->/wrk2-api/review/compose_nginx->ComposeReview_nginx->UploadMovieId_movie-id-service
------------------------------------------------------------------------------------
