span = 0
trace_id = 3131cd1a3582ca99
span_id = 3131cd1a3582ca99
parent_id = None
start_time = 1682628698006000
end_time = 1682628698012052
inclusive_time = 6052
exclusive_time = 990
process_id = p1
operationName = /wrk2-api/review/compose
serviceName = nginx
call path = 
------------------------------------------------------------------------------------
span = 1
trace_id = 3131cd1a3582ca99
span_id = e86a7a782a373d83
parent_id = 3131cd1a3582ca99
start_time = 1682628698006990
end_time = 1682628698012052
inclusive_time = 5062
exclusive_time = 94
process_id = p1
operationName = /wrk2-api/review/compose
serviceName = nginx
call path = ->/wrk2-api/review/compose_nginx
------------------------------------------------------------------------------------
span = 2
trace_id = 3131cd1a3582ca99
span_id = 2e29bdd4b8cb12f0
parent_id = e86a7a782a373d83
start_time = 1682628698007032
end_time = 1682628698012000
inclusive_time = 4968
exclusive_time = 577
process_id = p1
operationName = ComposeReview
serviceName = nginx
call path = ->/wrk2-api/review/compose_nginx->/wrk2-api/review/compose_nginx
------------------------------------------------------------------------------------
span = 3
trace_id = 3131cd1a3582ca99
span_id = 9e83af9bd4e85c6f
parent_id = 2e29bdd4b8cb12f0
start_time = 1682628698007592
end_time = 1682628698011605
inclusive_time = 4013
exclusive_time = 357
process_id = p3
operationName = UploadMovieId
serviceName = movie-id-service
call path = ->/wrk2-api/review/compose_nginx->/wrk2-api/review/compose_nginx->ComposeReview_nginx
------------------------------------------------------------------------------------
span = 4
trace_id = 3131cd1a3582ca99
span_id = 833a4fbbea983e4d
parent_id = 9e83af9bd4e85c6f
start_time = 1682628698008126
end_time = 1682628698011485
inclusive_time = 3359
exclusive_time = 224
process_id = p9
operationName = UploadRating
serviceName = rating-service
call path = ->/wrk2-api/review/compose_nginx->/wrk2-api/review/compose_nginx->ComposeReview_nginx->UploadMovieId_movie-id-service
------------------------------------------------------------------------------------
span = 5
trace_id = 3131cd1a3582ca99
span_id = 192477e44a278af0
parent_id = 833a4fbbea983e4d
start_time = 1682628698008389
end_time = 1682628698011366
inclusive_time = 2977
exclusive_time = 1129
process_id = p5
operationName = UploadRating
serviceName = compose-review-service
call path = ->/wrk2-api/review/compose_nginx->/wrk2-api/review/compose_nginx->ComposeReview_nginx->UploadMovieId_movie-id-service->UploadRating_rating-service
------------------------------------------------------------------------------------
span = 6
trace_id = 3131cd1a3582ca99
span_id = cc537bbf7823b189
parent_id = 192477e44a278af0
start_time = 1682628698009656
end_time = 1682628698011234
inclusive_time = 1578
exclusive_time = 29
process_id = p2
operationName = UploadMovieReview
serviceName = movie-review-service
call path = ->/wrk2-api/review/compose_nginx->/wrk2-api/review/compose_nginx->ComposeReview_nginx->UploadMovieId_movie-id-service->UploadRating_rating-service->UploadRating_compose-review-service
------------------------------------------------------------------------------------
span = 7
trace_id = 3131cd1a3582ca99
span_id = eb96d1f94941621d
parent_id = cc537bbf7823b189
start_time = 1682628698009685
end_time = 1682628698011237
inclusive_time = 1552
exclusive_time = 1552
process_id = p2
operationName = MongoFindMovie
serviceName = movie-review-service
call path = ->/wrk2-api/review/compose_nginx->/wrk2-api/review/compose_nginx->ComposeReview_nginx->UploadMovieId_movie-id-service->UploadRating_rating-service->UploadRating_compose-review-service->UploadMovieReview_movie-review-service
------------------------------------------------------------------------------------
span = 8
trace_id = 3131cd1a3582ca99
span_id = 71b5925d953c34b3
parent_id = 9e83af9bd4e85c6f
start_time = 1682628698007939
end_time = 1682628698008036
inclusive_time = 97
exclusive_time = 97
process_id = p3
operationName = MmcSetMovieId
serviceName = movie-id-service
call path = ->/wrk2-api/review/compose_nginx->/wrk2-api/review/compose_nginx->ComposeReview_nginx->UploadMovieId_movie-id-service
------------------------------------------------------------------------------------
span = 9
trace_id = 3131cd1a3582ca99
span_id = 763d04b49b6fdb93
parent_id = 9e83af9bd4e85c6f
start_time = 1682628698007609
end_time = 1682628698007726
inclusive_time = 117
exclusive_time = 117
process_id = p3
operationName = MmcGetMovieId
serviceName = movie-id-service
call path = ->/wrk2-api/review/compose_nginx->/wrk2-api/review/compose_nginx->ComposeReview_nginx->UploadMovieId_movie-id-service
------------------------------------------------------------------------------------
