span = 0
trace_id = dc04cc3e57c59289
span_id = dc04cc3e57c59289
parent_id = None
start_time = 1682628698240000
end_time = 1682628698243643
inclusive_time = 3643
exclusive_time = 35
process_id = p5
operationName = /wrk2-api/review/compose
serviceName = nginx
------------------------------------------------------------------------------------
span = 1
trace_id = dc04cc3e57c59289
span_id = cf063c858de4d473
parent_id = dc04cc3e57c59289
start_time = 1682628698240035
end_time = 1682628698243643
inclusive_time = 3608
exclusive_time = 94
process_id = p5
operationName = /wrk2-api/review/compose
serviceName = nginx
------------------------------------------------------------------------------------
span = 2
trace_id = dc04cc3e57c59289
span_id = 63a202c7ba225711
parent_id = cf063c858de4d473
start_time = 1682628698240087
end_time = 1682628698243601
inclusive_time = 3514
exclusive_time = 505
process_id = p5
operationName = ComposeReview
serviceName = nginx
------------------------------------------------------------------------------------
span = 3
trace_id = dc04cc3e57c59289
span_id = da0306f89acaf9f8
parent_id = 63a202c7ba225711
start_time = 1682628698240393
end_time = 1682628698243293
inclusive_time = 2900
exclusive_time = 275
process_id = p1
operationName = UploadMovieId
serviceName = movie-id-service
------------------------------------------------------------------------------------
span = 4
trace_id = dc04cc3e57c59289
span_id = e073e9446f75108f
parent_id = da0306f89acaf9f8
start_time = 1682628698240784
end_time = 1682628698243190
inclusive_time = 2406
exclusive_time = 207
process_id = p10
operationName = UploadRating
serviceName = rating-service
------------------------------------------------------------------------------------
span = 5
trace_id = dc04cc3e57c59289
span_id = 2f84320fc6437d73
parent_id = e073e9446f75108f
start_time = 1682628698240950
end_time = 1682628698243081
inclusive_time = 2131
exclusive_time = 1008
process_id = p2
operationName = UploadRating
serviceName = compose-review-service
------------------------------------------------------------------------------------
span = 6
trace_id = dc04cc3e57c59289
span_id = 25acbc0d3829b270
parent_id = 2f84320fc6437d73
start_time = 1682628698241812
end_time = 1682628698242863
inclusive_time = 1051
exclusive_time = 18
process_id = p3
operationName = UploadMovieReview
serviceName = movie-review-service
------------------------------------------------------------------------------------
span = 7
trace_id = dc04cc3e57c59289
span_id = 06516cfd22626b57
parent_id = 25acbc0d3829b270
start_time = 1682628698241830
end_time = 1682628698242869
inclusive_time = 1039
exclusive_time = 1039
process_id = p3
operationName = MongoFindMovie
serviceName = movie-review-service
------------------------------------------------------------------------------------
span = 8
trace_id = dc04cc3e57c59289
span_id = 9ad70efb601fb4ab
parent_id = da0306f89acaf9f8
start_time = 1682628698240638
end_time = 1682628698240743
inclusive_time = 105
exclusive_time = 105
process_id = p1
operationName = MmcSetMovieId
serviceName = movie-id-service
------------------------------------------------------------------------------------
span = 9
trace_id = dc04cc3e57c59289
span_id = 242feb8ba31e4f56
parent_id = da0306f89acaf9f8
start_time = 1682628698240410
end_time = 1682628698240497
inclusive_time = 87
exclusive_time = 87
process_id = p1
operationName = MmcGetMovieId
serviceName = movie-id-service
------------------------------------------------------------------------------------
