span = 0
trace_id = 1b1ed36701ad16ef
span_id = 1b1ed36701ad16ef
parent_id = None
start_time = 1682628698154000
end_time = 1682628698159280
inclusive_time = 5280
exclusive_time = 1162
process_id = p2
operationName = /wrk2-api/review/compose
serviceName = nginx
------------------------------------------------------------------------------------
span = 1
trace_id = 1b1ed36701ad16ef
span_id = d3d322eba96d3302
parent_id = 1b1ed36701ad16ef
start_time = 1682628698155161
end_time = 1682628698159279
inclusive_time = 4118
exclusive_time = 89
process_id = p2
operationName = /wrk2-api/review/compose
serviceName = nginx
------------------------------------------------------------------------------------
span = 2
trace_id = 1b1ed36701ad16ef
span_id = 59c9bdc8bb5ba742
parent_id = d3d322eba96d3302
start_time = 1682628698155209
end_time = 1682628698159238
inclusive_time = 4029
exclusive_time = 631
process_id = p2
operationName = ComposeReview
serviceName = nginx
------------------------------------------------------------------------------------
span = 3
trace_id = 1b1ed36701ad16ef
span_id = d706219f00f98597
parent_id = 59c9bdc8bb5ba742
start_time = 1682628698155829
end_time = 1682628698158917
inclusive_time = 3088
exclusive_time = 230
process_id = p9
operationName = UploadUniqueId
serviceName = unique-id-service
------------------------------------------------------------------------------------
span = 4
trace_id = 1b1ed36701ad16ef
span_id = 924e6d98b3cb0678
parent_id = d706219f00f98597
start_time = 1682628698155995
end_time = 1682628698158853
inclusive_time = 2858
exclusive_time = 1393
process_id = p3
operationName = UploadUniqueId
serviceName = compose-review-service
------------------------------------------------------------------------------------
span = 5
trace_id = 1b1ed36701ad16ef
span_id = e9e7b6519f706d3f
parent_id = 924e6d98b3cb0678
start_time = 1682628698157409
end_time = 1682628698158652
inclusive_time = 1243
exclusive_time = 42
process_id = p4
operationName = UploadMovieReview
serviceName = movie-review-service
------------------------------------------------------------------------------------
span = 6
trace_id = 1b1ed36701ad16ef
span_id = e27126f9ccbdda9e
parent_id = e9e7b6519f706d3f
start_time = 1682628698157451
end_time = 1682628698158658
inclusive_time = 1207
exclusive_time = 1207
process_id = p4
operationName = MongoFindMovie
serviceName = movie-review-service
------------------------------------------------------------------------------------
