span = 0
trace_id = 5213f1d9d089fffe
span_id = 5213f1d9d089fffe
parent_id = None
start_time = 1682628698173000
end_time = 1682628698176968
inclusive_time = 3968
exclusive_time = 87
process_id = p7
operationName = /wrk2-api/review/compose
serviceName = nginx
------------------------------------------------------------------------------------
span = 1
trace_id = 5213f1d9d089fffe
span_id = 4bab3f600d7bdbb7
parent_id = 5213f1d9d089fffe
start_time = 1682628698173087
end_time = 1682628698176968
inclusive_time = 3881
exclusive_time = 106
process_id = p7
operationName = /wrk2-api/review/compose
serviceName = nginx
------------------------------------------------------------------------------------
span = 2
trace_id = 5213f1d9d089fffe
span_id = bcfaaff099153407
parent_id = 4bab3f600d7bdbb7
start_time = 1682628698173137
end_time = 1682628698176912
inclusive_time = 3775
exclusive_time = 282
process_id = p7
operationName = ComposeReview
serviceName = nginx
------------------------------------------------------------------------------------
span = 3
trace_id = 5213f1d9d089fffe
span_id = a9b87965d123c7ab
parent_id = bcfaaff099153407
start_time = 1682628698173445
end_time = 1682628698176834
inclusive_time = 3389
exclusive_time = 287
process_id = p5
operationName = UploadMovieId
serviceName = movie-id-service
------------------------------------------------------------------------------------
span = 4
trace_id = 5213f1d9d089fffe
span_id = 4f246c2e5ddff3af
parent_id = a9b87965d123c7ab
start_time = 1682628698173786
end_time = 1682628698176726
inclusive_time = 2940
exclusive_time = 1189
process_id = p1
operationName = UploadMovieId
serviceName = compose-review-service
------------------------------------------------------------------------------------
span = 5
trace_id = 5213f1d9d089fffe
span_id = 0c6e4960439ede39
parent_id = 4f246c2e5ddff3af
start_time = 1682628698174810
end_time = 1682628698176561
inclusive_time = 1751
exclusive_time = 30
process_id = p4
operationName = UploadUserReview
serviceName = user-review-service
------------------------------------------------------------------------------------
span = 6
trace_id = 5213f1d9d089fffe
span_id = 588103184fb1cbff
parent_id = 0c6e4960439ede39
start_time = 1682628698174840
end_time = 1682628698176567
inclusive_time = 1727
exclusive_time = 1727
process_id = p4
operationName = MongoFindUser
serviceName = user-review-service
------------------------------------------------------------------------------------
span = 7
trace_id = 5213f1d9d089fffe
span_id = fde17a838cef334f
parent_id = a9b87965d123c7ab
start_time = 1682628698173663
end_time = 1682628698173756
inclusive_time = 93
exclusive_time = 93
process_id = p5
operationName = MmcSetMovieId
serviceName = movie-id-service
------------------------------------------------------------------------------------
span = 8
trace_id = 5213f1d9d089fffe
span_id = d700a42e0d690f79
parent_id = a9b87965d123c7ab
start_time = 1682628698173456
end_time = 1682628698173525
inclusive_time = 69
exclusive_time = 69
process_id = p5
operationName = MmcGetMovieId
serviceName = movie-id-service
------------------------------------------------------------------------------------
