span = 0
trace_id = 8269942397bb7ca7
span_id = 8269942397bb7ca7
parent_id = None
start_time = 1682628698061000
end_time = 1682628698065473
inclusive_time = 4473
exclusive_time = 780
process_id = p2
operationName = /wrk2-api/review/compose
serviceName = nginx
call path = 
------------------------------------------------------------------------------------
span = 1
trace_id = 8269942397bb7ca7
span_id = f35d8dac2fc8459d
parent_id = 8269942397bb7ca7
start_time = 1682628698061780
end_time = 1682628698065473
inclusive_time = 3693
exclusive_time = 112
process_id = p2
operationName = /wrk2-api/review/compose
serviceName = nginx
call path = ->/wrk2-api/review/compose_nginx
------------------------------------------------------------------------------------
span = 2
trace_id = 8269942397bb7ca7
span_id = 9614cea9face1dc4
parent_id = f35d8dac2fc8459d
start_time = 1682628698061824
end_time = 1682628698065405
inclusive_time = 3581
exclusive_time = 322
process_id = p2
operationName = ComposeReview
serviceName = nginx
call path = ->/wrk2-api/review/compose_nginx->/wrk2-api/review/compose_nginx
------------------------------------------------------------------------------------
span = 3
trace_id = 8269942397bb7ca7
span_id = 5cccb7ec0fe12b51
parent_id = 9614cea9face1dc4
start_time = 1682628698062152
end_time = 1682628698065276
inclusive_time = 3124
exclusive_time = 381
process_id = p6
operationName = UploadMovieId
serviceName = movie-id-service
call path = ->/wrk2-api/review/compose_nginx->/wrk2-api/review/compose_nginx->ComposeReview_nginx
------------------------------------------------------------------------------------
span = 4
trace_id = 8269942397bb7ca7
span_id = de6ad29ee9c47570
parent_id = 5cccb7ec0fe12b51
start_time = 1682628698062544
end_time = 1682628698065128
inclusive_time = 2584
exclusive_time = 213
process_id = p8
operationName = UploadRating
serviceName = rating-service
call path = ->/wrk2-api/review/compose_nginx->/wrk2-api/review/compose_nginx->ComposeReview_nginx->UploadMovieId_movie-id-service
------------------------------------------------------------------------------------
span = 5
trace_id = 8269942397bb7ca7
span_id = 1729107669651f41
parent_id = de6ad29ee9c47570
start_time = 1682628698062709
end_time = 1682628698065003
inclusive_time = 2294
exclusive_time = 1214
process_id = p4
operationName = UploadRating
serviceName = compose-review-service
call path = ->/wrk2-api/review/compose_nginx->/wrk2-api/review/compose_nginx->ComposeReview_nginx->UploadMovieId_movie-id-service->UploadRating_rating-service
------------------------------------------------------------------------------------
span = 6
trace_id = 8269942397bb7ca7
span_id = b5013a8db91c3c26
parent_id = 1729107669651f41
start_time = 1682628698063878
end_time = 1682628698064896
inclusive_time = 1018
exclusive_time = 25
process_id = p3
operationName = UploadMovieReview
serviceName = movie-review-service
call path = ->/wrk2-api/review/compose_nginx->/wrk2-api/review/compose_nginx->ComposeReview_nginx->UploadMovieId_movie-id-service->UploadRating_rating-service->UploadRating_compose-review-service
------------------------------------------------------------------------------------
span = 7
trace_id = 8269942397bb7ca7
span_id = 2d2e95b83455f8ba
parent_id = b5013a8db91c3c26
start_time = 1682628698063903
end_time = 1682628698064899
inclusive_time = 996
exclusive_time = 996
process_id = p3
operationName = MongoFindMovie
serviceName = movie-review-service
call path = ->/wrk2-api/review/compose_nginx->/wrk2-api/review/compose_nginx->ComposeReview_nginx->UploadMovieId_movie-id-service->UploadRating_rating-service->UploadRating_compose-review-service->UploadMovieReview_movie-review-service
------------------------------------------------------------------------------------
span = 8
trace_id = 8269942397bb7ca7
span_id = 1f5d2d55dfd95f1c
parent_id = 5cccb7ec0fe12b51
start_time = 1682628698062171
end_time = 1682628698062255
inclusive_time = 84
exclusive_time = 84
process_id = p6
operationName = MmcGetMovieId
serviceName = movie-id-service
call path = ->/wrk2-api/review/compose_nginx->/wrk2-api/review/compose_nginx->ComposeReview_nginx->UploadMovieId_movie-id-service
------------------------------------------------------------------------------------
