span = 0
trace_id = fac12e5d4265a7c1
span_id = fac12e5d4265a7c1
parent_id = None
start_time = 1682628697943000
end_time = 1682628697947616
inclusive_time = 4616
exclusive_time = 369
process_id = p8
operationName = /wrk2-api/review/compose
serviceName = nginx
call path = 
------------------------------------------------------------------------------------
span = 1
trace_id = fac12e5d4265a7c1
span_id = b2a8764bec27f11e
parent_id = fac12e5d4265a7c1
start_time = 1682628697943369
end_time = 1682628697947616
inclusive_time = 4247
exclusive_time = 99
process_id = p8
operationName = /wrk2-api/review/compose
serviceName = nginx
call path = ->/wrk2-api/review/compose_nginx
------------------------------------------------------------------------------------
span = 2
trace_id = fac12e5d4265a7c1
span_id = e78c6e71348635b0
parent_id = b2a8764bec27f11e
start_time = 1682628697943412
end_time = 1682628697947560
inclusive_time = 4148
exclusive_time = 519
process_id = p8
operationName = ComposeReview
serviceName = nginx
call path = ->/wrk2-api/review/compose_nginx->/wrk2-api/review/compose_nginx
------------------------------------------------------------------------------------
span = 3
trace_id = fac12e5d4265a7c1
span_id = 296179eaafff9f09
parent_id = e78c6e71348635b0
start_time = 1682628697943705
end_time = 1682628697947334
inclusive_time = 3629
exclusive_time = 474
process_id = p7
operationName = UploadMovieId
serviceName = movie-id-service
call path = ->/wrk2-api/review/compose_nginx->/wrk2-api/review/compose_nginx->ComposeReview_nginx
------------------------------------------------------------------------------------
span = 4
trace_id = fac12e5d4265a7c1
span_id = aafcfe8a215be0db
parent_id = 296179eaafff9f09
start_time = 1682628697944196
end_time = 1682628697947155
inclusive_time = 2959
exclusive_time = 297
process_id = p4
operationName = UploadRating
serviceName = rating-service
call path = ->/wrk2-api/review/compose_nginx->/wrk2-api/review/compose_nginx->ComposeReview_nginx->UploadMovieId_movie-id-service
------------------------------------------------------------------------------------
span = 5
trace_id = fac12e5d4265a7c1
span_id = a4872ed7aeee317e
parent_id = aafcfe8a215be0db
start_time = 1682628697944419
end_time = 1682628697946966
inclusive_time = 2547
exclusive_time = 1294
process_id = p3
operationName = UploadRating
serviceName = compose-review-service
call path = ->/wrk2-api/review/compose_nginx->/wrk2-api/review/compose_nginx->ComposeReview_nginx->UploadMovieId_movie-id-service->UploadRating_rating-service
------------------------------------------------------------------------------------
span = 6
trace_id = fac12e5d4265a7c1
span_id = 5f8a71fd0e8d5ee3
parent_id = a4872ed7aeee317e
start_time = 1682628697945749
end_time = 1682628697946824
inclusive_time = 1075
exclusive_time = 17
process_id = p2
operationName = UploadUserReview
serviceName = user-review-service
call path = ->/wrk2-api/review/compose_nginx->/wrk2-api/review/compose_nginx->ComposeReview_nginx->UploadMovieId_movie-id-service->UploadRating_rating-service->UploadRating_compose-review-service
------------------------------------------------------------------------------------
span = 7
trace_id = fac12e5d4265a7c1
span_id = d3fe3d663484be9b
parent_id = 5f8a71fd0e8d5ee3
start_time = 1682628697945766
end_time = 1682628697946828
inclusive_time = 1062
exclusive_time = 1062
process_id = p2
operationName = MongoFindUser
serviceName = user-review-service
call path = ->/wrk2-api/review/compose_nginx->/wrk2-api/review/compose_nginx->ComposeReview_nginx->UploadMovieId_movie-id-service->UploadRating_rating-service->UploadRating_compose-review-service->UploadUserReview_user-review-service
------------------------------------------------------------------------------------
span = 8
trace_id = fac12e5d4265a7c1
span_id = b91c0820884fbc42
parent_id = 296179eaafff9f09
start_time = 1682628697943987
end_time = 1682628697944076
inclusive_time = 89
exclusive_time = 89
process_id = p7
operationName = MmcSetMovieId
serviceName = movie-id-service
call path = ->/wrk2-api/review/compose_nginx->/wrk2-api/review/compose_nginx->ComposeReview_nginx->UploadMovieId_movie-id-service
------------------------------------------------------------------------------------
span = 9
trace_id = fac12e5d4265a7c1
span_id = 86adafe4cff5afa7
parent_id = 296179eaafff9f09
start_time = 1682628697943729
end_time = 1682628697943836
inclusive_time = 107
exclusive_time = 107
process_id = p7
operationName = MmcGetMovieId
serviceName = movie-id-service
call path = ->/wrk2-api/review/compose_nginx->/wrk2-api/review/compose_nginx->ComposeReview_nginx->UploadMovieId_movie-id-service
------------------------------------------------------------------------------------
