span 0
span_id = 49d1bf9f556e01bc
parent_id = None
start_time = 1682628698131000
end_time = 1682628698137263
inclusive_time = 6263
exclusive_time = 1407
process_id = p6
operationName = /wrk2-api/review/compose
serviceName = None
------------------------------------------------------------------------------------
span 1
span_id = 82fd342bbf5ed2bd
parent_id = 49d1bf9f556e01bc
start_time = 1682628698132407
end_time = 1682628698137263
inclusive_time = 4856
exclusive_time = 94
process_id = p6
operationName = /wrk2-api/review/compose
serviceName = None
------------------------------------------------------------------------------------
span 2
span_id = 1abb93a07a33008e
parent_id = 82fd342bbf5ed2bd
start_time = 1682628698132455
end_time = 1682628698137217
inclusive_time = 4762
exclusive_time = 1232
process_id = p6
operationName = ComposeReview
serviceName = None
------------------------------------------------------------------------------------
span 3
span_id = 02e66d86c10335dc
parent_id = 1abb93a07a33008e
start_time = 1682628698133050
end_time = 1682628698136429
inclusive_time = 3379
exclusive_time = 412
process_id = p1
operationName = UploadMovieId
serviceName = None
------------------------------------------------------------------------------------
span 4
span_id = 45bd9a3e33869471
parent_id = 02e66d86c10335dc
start_time = 1682628698133514
end_time = 1682628698136303
inclusive_time = 2789
exclusive_time = 298
process_id = p3
operationName = UploadRating
serviceName = None
------------------------------------------------------------------------------------
span 5
span_id = 220b13f731e9bc55
parent_id = 45bd9a3e33869471
start_time = 1682628698133710
end_time = 1682628698136166
inclusive_time = 2456
exclusive_time = 1210
process_id = p4
operationName = UploadRating
serviceName = None
------------------------------------------------------------------------------------
span 6
span_id = 64bd3388c8dfa79a
parent_id = 220b13f731e9bc55
start_time = 1682628698134920
end_time = 1682628698136035
inclusive_time = 1115
exclusive_time = 21
process_id = p5
operationName = UploadMovieReview
serviceName = None
------------------------------------------------------------------------------------
span 7
span_id = f200e2f6c60bb9a0
parent_id = 64bd3388c8dfa79a
start_time = 1682628698134941
end_time = 1682628698136039
inclusive_time = 1098
exclusive_time = 1098
process_id = p5
operationName = MongoFindMovie
serviceName = None
------------------------------------------------------------------------------------
span 8
span_id = 9c24d3e036c9b8ec
parent_id = 02e66d86c10335dc
start_time = 1682628698133078
end_time = 1682628698133210
inclusive_time = 132
exclusive_time = 132
process_id = p1
operationName = MmcGetMovieId
serviceName = None
------------------------------------------------------------------------------------
