span = 0
trace_id = 341cbc860d0d4147
span_id = 341cbc860d0d4147
parent_id = None
start_time = 1682628697996000
end_time = 1682628698000794
inclusive_time = 4794
exclusive_time = 464
process_id = p1
operationName = /wrk2-api/review/compose
serviceName = nginx
call path = 
------------------------------------------------------------------------------------
span = 1
trace_id = 341cbc860d0d4147
span_id = c869a0927d1f09d4
parent_id = 341cbc860d0d4147
start_time = 1682628697996464
end_time = 1682628698000794
inclusive_time = 4330
exclusive_time = 92
process_id = p1
operationName = /wrk2-api/review/compose
serviceName = nginx
call path = ->/wrk2-api/review/compose_nginx
------------------------------------------------------------------------------------
span = 2
trace_id = 341cbc860d0d4147
span_id = 4a41acd3349dc0bb
parent_id = c869a0927d1f09d4
start_time = 1682628697996510
end_time = 1682628698000748
inclusive_time = 4238
exclusive_time = 523
process_id = p1
operationName = ComposeReview
serviceName = nginx
call path = ->/wrk2-api/review/compose_nginx->/wrk2-api/review/compose_nginx
------------------------------------------------------------------------------------
span = 3
trace_id = 341cbc860d0d4147
span_id = 9983899c1151ca6d
parent_id = 4a41acd3349dc0bb
start_time = 1682628697996820
end_time = 1682628698000421
inclusive_time = 3601
exclusive_time = 843
process_id = p3
operationName = UploadMovieId
serviceName = movie-id-service
call path = ->/wrk2-api/review/compose_nginx->/wrk2-api/review/compose_nginx->ComposeReview_nginx
------------------------------------------------------------------------------------
span = 4
trace_id = 341cbc860d0d4147
span_id = 9ea705740c489c90
parent_id = 9983899c1151ca6d
start_time = 1682628697997858
end_time = 1682628698000213
inclusive_time = 2355
exclusive_time = 1158
process_id = p5
operationName = UploadMovieId
serviceName = compose-review-service
call path = ->/wrk2-api/review/compose_nginx->/wrk2-api/review/compose_nginx->ComposeReview_nginx->UploadMovieId_movie-id-service
------------------------------------------------------------------------------------
span = 5
trace_id = 341cbc860d0d4147
span_id = 4465b0c1776502eb
parent_id = 9ea705740c489c90
start_time = 1682628697999020
end_time = 1682628698000072
inclusive_time = 1052
exclusive_time = 25
process_id = p2
operationName = UploadMovieReview
serviceName = movie-review-service
call path = ->/wrk2-api/review/compose_nginx->/wrk2-api/review/compose_nginx->ComposeReview_nginx->UploadMovieId_movie-id-service->UploadMovieId_compose-review-service
------------------------------------------------------------------------------------
span = 6
trace_id = 341cbc860d0d4147
span_id = dadab3489dcd0904
parent_id = 4465b0c1776502eb
start_time = 1682628697999045
end_time = 1682628698000079
inclusive_time = 1034
exclusive_time = 1034
process_id = p2
operationName = MongoFindMovie
serviceName = movie-review-service
call path = ->/wrk2-api/review/compose_nginx->/wrk2-api/review/compose_nginx->ComposeReview_nginx->UploadMovieId_movie-id-service->UploadMovieId_compose-review-service->UploadMovieReview_movie-review-service
------------------------------------------------------------------------------------
span = 7
trace_id = 341cbc860d0d4147
span_id = a3804422d7e69dac
parent_id = 9983899c1151ca6d
start_time = 1682628697997497
end_time = 1682628697997589
inclusive_time = 92
exclusive_time = 92
process_id = p3
operationName = MmcSetMovieId
serviceName = movie-id-service
call path = ->/wrk2-api/review/compose_nginx->/wrk2-api/review/compose_nginx->ComposeReview_nginx->UploadMovieId_movie-id-service
------------------------------------------------------------------------------------
span = 8
trace_id = 341cbc860d0d4147
span_id = a0a133ededd0ffbf
parent_id = 9983899c1151ca6d
start_time = 1682628697996841
end_time = 1682628697997088
inclusive_time = 247
exclusive_time = 247
process_id = p3
operationName = MmcGetMovieId
serviceName = movie-id-service
call path = ->/wrk2-api/review/compose_nginx->/wrk2-api/review/compose_nginx->ComposeReview_nginx->UploadMovieId_movie-id-service
------------------------------------------------------------------------------------
