span = 0
span_id = c0dfe68961d0a434
parent_id = None
start_time = 1682628697915000
end_time = 1682628697919950
inclusive_time = 4950
exclusive_time = 759
process_id = p7
operationName = /wrk2-api/review/compose
serviceName = nginx
------------------------------------------------------------------------------------
span = 1
span_id = 796e539d3fed5a6d
parent_id = c0dfe68961d0a434
start_time = 1682628697915759
end_time = 1682628697919950
inclusive_time = 4191
exclusive_time = 96
process_id = p7
operationName = /wrk2-api/review/compose
serviceName = nginx
------------------------------------------------------------------------------------
span = 2
span_id = 31602cb61f81f859
parent_id = 796e539d3fed5a6d
start_time = 1682628697915805
end_time = 1682628697919900
inclusive_time = 4095
exclusive_time = 484
process_id = p7
operationName = ComposeReview
serviceName = nginx
------------------------------------------------------------------------------------
span = 3
span_id = be6b564ab085dd83
parent_id = 31602cb61f81f859
start_time = 1682628697916281
end_time = 1682628697919748
inclusive_time = 3467
exclusive_time = 417
process_id = p8
operationName = UploadMovieId
serviceName = movie-id-service
------------------------------------------------------------------------------------
span = 4
span_id = 976a2b6f8055787f
parent_id = be6b564ab085dd83
start_time = 1682628697916782
end_time = 1682628697919599
inclusive_time = 2817
exclusive_time = 321
process_id = p5
operationName = UploadRating
serviceName = rating-service
------------------------------------------------------------------------------------
span = 5
span_id = 779c3b5c750f5ab7
parent_id = 976a2b6f8055787f
start_time = 1682628697916965
end_time = 1682628697919461
inclusive_time = 2496
exclusive_time = 1007
process_id = p4
operationName = UploadRating
serviceName = compose-review-service
------------------------------------------------------------------------------------
span = 6
span_id = e77a6801f7b61e57
parent_id = 779c3b5c750f5ab7
start_time = 1682628697917954
end_time = 1682628697919342
inclusive_time = 1388
exclusive_time = 18
process_id = p1
operationName = UploadMovieReview
serviceName = movie-review-service
------------------------------------------------------------------------------------
span = 7
span_id = 0b813de6cfd4a0c0
parent_id = e77a6801f7b61e57
start_time = 1682628697917972
end_time = 1682628697919346
inclusive_time = 1374
exclusive_time = 1374
process_id = p1
operationName = MongoFindMovie
serviceName = movie-review-service
------------------------------------------------------------------------------------
span = 8
span_id = aee52b1f2bb19714
parent_id = be6b564ab085dd83
start_time = 1682628697916519
end_time = 1682628697916641
inclusive_time = 122
exclusive_time = 122
process_id = p8
operationName = MmcSetMovieId
serviceName = movie-id-service
------------------------------------------------------------------------------------
span = 9
span_id = 169f9867faf0c391
parent_id = be6b564ab085dd83
start_time = 1682628697916294
end_time = 1682628697916404
inclusive_time = 110
exclusive_time = 110
process_id = p8
operationName = MmcGetMovieId
serviceName = movie-id-service
------------------------------------------------------------------------------------
