span = 0
span_id = d2d27b5c775ef4d7
parent_id = None
start_time = 1682628698022000
end_time = 1682628698026759
inclusive_time = 4759
exclusive_time = 638
process_id = p6
operationName = /wrk2-api/review/compose
serviceName = nginx
------------------------------------------------------------------------------------
span = 1
span_id = ec883dc2080d74fe
parent_id = d2d27b5c775ef4d7
start_time = 1682628698022638
end_time = 1682628698026759
inclusive_time = 4121
exclusive_time = 136
process_id = p6
operationName = /wrk2-api/review/compose
serviceName = nginx
------------------------------------------------------------------------------------
span = 2
span_id = 3b0392c556c6e5e4
parent_id = ec883dc2080d74fe
start_time = 1682628698022719
end_time = 1682628698026704
inclusive_time = 3985
exclusive_time = 389
process_id = p6
operationName = ComposeReview
serviceName = nginx
------------------------------------------------------------------------------------
span = 3
span_id = 8e56824c1e400b80
parent_id = 3b0392c556c6e5e4
start_time = 1682628698022988
end_time = 1682628698026488
inclusive_time = 3500
exclusive_time = 338
process_id = p1
operationName = UploadMovieId
serviceName = movie-id-service
------------------------------------------------------------------------------------
span = 4
span_id = 1bfb6043b768cda7
parent_id = 8e56824c1e400b80
start_time = 1682628698023422
end_time = 1682628698026348
inclusive_time = 2926
exclusive_time = 234
process_id = p9
operationName = UploadRating
serviceName = rating-service
------------------------------------------------------------------------------------
span = 5
span_id = 7116acab5cc4edea
parent_id = 1bfb6043b768cda7
start_time = 1682628698023586
end_time = 1682628698026235
inclusive_time = 2649
exclusive_time = 1402
process_id = p3
operationName = UploadRating
serviceName = compose-review-service
------------------------------------------------------------------------------------
span = 6
span_id = ec33d1f3e0676d1e
parent_id = 7116acab5cc4edea
start_time = 1682628698024841
end_time = 1682628698025984
inclusive_time = 1143
exclusive_time = 21
process_id = p4
operationName = UploadUserReview
serviceName = user-review-service
------------------------------------------------------------------------------------
span = 7
span_id = c135816120ab20d2
parent_id = ec33d1f3e0676d1e
start_time = 1682628698024862
end_time = 1682628698025989
inclusive_time = 1127
exclusive_time = 1127
process_id = p4
operationName = MongoFindUser
serviceName = user-review-service
------------------------------------------------------------------------------------
span = 8
span_id = 2c2734d73e3426f4
parent_id = 8e56824c1e400b80
start_time = 1682628698023275
end_time = 1682628698023383
inclusive_time = 108
exclusive_time = 108
process_id = p1
operationName = MmcSetMovieId
serviceName = movie-id-service
------------------------------------------------------------------------------------
span = 9
span_id = f38e13cda916de51
parent_id = 8e56824c1e400b80
start_time = 1682628698023005
end_time = 1682628698023112
inclusive_time = 107
exclusive_time = 107
process_id = p1
operationName = MmcGetMovieId
serviceName = movie-id-service
------------------------------------------------------------------------------------
