span 0
span_id = 00faef9360f37cb5
parent_id = None
start_time = 1682628698062000
end_time = 1682628698066320
inclusive_time = 4320
exclusive_time = 606
process_id = p2
operationName = /wrk2-api/review/compose
serviceName = None
------------------------------------------------------------------------------------
span 1
span_id = c76f79f7f058c5ac
parent_id = 00faef9360f37cb5
start_time = 1682628698062606
end_time = 1682628698066320
inclusive_time = 3714
exclusive_time = 92
process_id = p2
operationName = /wrk2-api/review/compose
serviceName = None
------------------------------------------------------------------------------------
span 2
span_id = 1fb209701dd570e4
parent_id = c76f79f7f058c5ac
start_time = 1682628698062643
end_time = 1682628698066265
inclusive_time = 3622
exclusive_time = 492
process_id = p2
operationName = ComposeReview
serviceName = None
------------------------------------------------------------------------------------
span 3
span_id = d4778c03e45a809e
parent_id = 1fb209701dd570e4
start_time = 1682628698062970
end_time = 1682628698065975
inclusive_time = 3005
exclusive_time = 293
process_id = p6
operationName = UploadMovieId
serviceName = None
------------------------------------------------------------------------------------
span 4
span_id = bcead7dcc7222ccf
parent_id = d4778c03e45a809e
start_time = 1682628698063396
end_time = 1682628698065849
inclusive_time = 2453
exclusive_time = 224
process_id = p8
operationName = UploadRating
serviceName = None
------------------------------------------------------------------------------------
span 5
span_id = 24303c9f88d9798e
parent_id = bcead7dcc7222ccf
start_time = 1682628698063535
end_time = 1682628698065744
inclusive_time = 2209
exclusive_time = 887
process_id = p4
operationName = UploadRating
serviceName = None
------------------------------------------------------------------------------------
span 6
span_id = cbb8ddd573a667b3
parent_id = 24303c9f88d9798e
start_time = 1682628698064333
end_time = 1682628698065538
inclusive_time = 1205
exclusive_time = 26
process_id = p3
operationName = UploadMovieReview
serviceName = None
------------------------------------------------------------------------------------
span 7
span_id = 22f988914c0129a6
parent_id = cbb8ddd573a667b3
start_time = 1682628698064359
end_time = 1682628698065544
inclusive_time = 1185
exclusive_time = 1185
process_id = p3
operationName = MongoFindMovie
serviceName = None
------------------------------------------------------------------------------------
span 8
span_id = 5b7c9ea5eb8d744c
parent_id = d4778c03e45a809e
start_time = 1682628698063222
end_time = 1682628698063344
inclusive_time = 122
exclusive_time = 122
process_id = p6
operationName = MmcSetMovieId
serviceName = None
------------------------------------------------------------------------------------
span 9
span_id = a991d475bf1a1ad8
parent_id = d4778c03e45a809e
start_time = 1682628698062994
end_time = 1682628698063084
inclusive_time = 90
exclusive_time = 90
process_id = p6
operationName = MmcGetMovieId
serviceName = None
------------------------------------------------------------------------------------
