span = 0
span_id = e79ec33cf4217144
parent_id = None
start_time = 1682628697904000
end_time = 1682628697908328
inclusive_time = 4328
exclusive_time = 155
process_id = p3
operationName = /wrk2-api/review/compose
serviceName = nginx
------------------------------------------------------------------------------------
span = 1
span_id = 4c7311c8e4617d4c
parent_id = e79ec33cf4217144
start_time = 1682628697904154
end_time = 1682628697908327
inclusive_time = 4173
exclusive_time = 87
process_id = p3
operationName = /wrk2-api/review/compose
serviceName = nginx
------------------------------------------------------------------------------------
span = 2
span_id = bc5e2241056b275f
parent_id = 4c7311c8e4617d4c
start_time = 1682628697904198
end_time = 1682628697908284
inclusive_time = 4086
exclusive_time = 452
process_id = p3
operationName = ComposeReview
serviceName = nginx
------------------------------------------------------------------------------------
span = 3
span_id = 97ccd72bf91a59c6
parent_id = bc5e2241056b275f
start_time = 1682628697904878
end_time = 1682628697908019
inclusive_time = 3141
exclusive_time = 493
process_id = p2
operationName = UploadMovieId
serviceName = movie-id-service
------------------------------------------------------------------------------------
span = 4
span_id = 443b7cd38cd3564d
parent_id = 97ccd72bf91a59c6
start_time = 1682628697905599
end_time = 1682628697907907
inclusive_time = 2308
exclusive_time = 327
process_id = p7
operationName = UploadRating
serviceName = rating-service
------------------------------------------------------------------------------------
span = 5
span_id = d4dba91c4477a029
parent_id = 443b7cd38cd3564d
start_time = 1682628697905808
end_time = 1682628697907789
inclusive_time = 1981
exclusive_time = 859
process_id = p1
operationName = UploadRating
serviceName = compose-review-service
------------------------------------------------------------------------------------
span = 6
span_id = 555c1ff5017e9515
parent_id = d4dba91c4477a029
start_time = 1682628697906653
end_time = 1682628697907695
inclusive_time = 1042
exclusive_time = 76
process_id = p4
operationName = UploadMovieReview
serviceName = movie-review-service
------------------------------------------------------------------------------------
span = 7
span_id = 75a136746d13cc97
parent_id = 555c1ff5017e9515
start_time = 1682628697906729
end_time = 1682628697907699
inclusive_time = 970
exclusive_time = 970
process_id = p4
operationName = MongoFindMovie
serviceName = movie-review-service
------------------------------------------------------------------------------------
span = 8
span_id = c9224474e24c0166
parent_id = 97ccd72bf91a59c6
start_time = 1682628697905211
end_time = 1682628697905395
inclusive_time = 184
exclusive_time = 184
process_id = p2
operationName = MmcSetMovieId
serviceName = movie-id-service
------------------------------------------------------------------------------------
span = 9
span_id = 7b0b67c20c074655
parent_id = 97ccd72bf91a59c6
start_time = 1682628697904894
end_time = 1682628697904995
inclusive_time = 101
exclusive_time = 101
process_id = p2
operationName = MmcGetMovieId
serviceName = movie-id-service
------------------------------------------------------------------------------------
