span 0
span_id = 926b0bdaeee36a39
parent_id = None
start_time = 1682628698251000
end_time = 1682628698256804
inclusive_time = 5804
exclusive_time = 1215
process_id = p3
operationName = /wrk2-api/review/compose
serviceName = None
------------------------------------------------------------------------------------
span 1
span_id = 7341ffb92982fd24
parent_id = 926b0bdaeee36a39
start_time = 1682628698252215
end_time = 1682628698256804
inclusive_time = 4589
exclusive_time = 86
process_id = p3
operationName = /wrk2-api/review/compose
serviceName = None
------------------------------------------------------------------------------------
span 2
span_id = f2f786f7dbdc1e1f
parent_id = 7341ffb92982fd24
start_time = 1682628698252255
end_time = 1682628698256758
inclusive_time = 4503
exclusive_time = 531
process_id = p3
operationName = ComposeReview
serviceName = None
------------------------------------------------------------------------------------
span 3
span_id = 729e765807df8342
parent_id = f2f786f7dbdc1e1f
start_time = 1682628698252553
end_time = 1682628698256401
inclusive_time = 3848
exclusive_time = 395
process_id = p6
operationName = UploadMovieId
serviceName = None
------------------------------------------------------------------------------------
span 4
span_id = 1d15726834fd47e7
parent_id = 729e765807df8342
start_time = 1682628698252998
end_time = 1682628698256225
inclusive_time = 3227
exclusive_time = 781
process_id = p10
operationName = UploadRating
serviceName = None
------------------------------------------------------------------------------------
span 5
span_id = 25206a763db95047
parent_id = 1d15726834fd47e7
start_time = 1682628698253165
end_time = 1682628698255569
inclusive_time = 2404
exclusive_time = 1096
process_id = p5
operationName = UploadRating
serviceName = None
------------------------------------------------------------------------------------
span 6
span_id = 2d4ff526751a8393
parent_id = 25206a763db95047
start_time = 1682628698254122
end_time = 1682628698255365
inclusive_time = 1243
exclusive_time = 19
process_id = p1
operationName = UploadMovieReview
serviceName = None
------------------------------------------------------------------------------------
span 7
span_id = d2119237bf3b48bb
parent_id = 2d4ff526751a8393
start_time = 1682628698254141
end_time = 1682628698255378
inclusive_time = 1237
exclusive_time = 1237
process_id = p1
operationName = MongoFindMovie
serviceName = None
------------------------------------------------------------------------------------
span 8
span_id = 8b6bb306ef7855c2
parent_id = 729e765807df8342
start_time = 1682628698252830
end_time = 1682628698252946
inclusive_time = 116
exclusive_time = 116
process_id = p6
operationName = MmcSetMovieId
serviceName = None
------------------------------------------------------------------------------------
span 9
span_id = 9e0af53f7e5ba4c6
parent_id = 729e765807df8342
start_time = 1682628698252565
end_time = 1682628698252669
inclusive_time = 104
exclusive_time = 104
process_id = p6
operationName = MmcGetMovieId
serviceName = None
------------------------------------------------------------------------------------
