span 0
span_id = da69154f78d3b35b
parent_id = None
start_time = 1682628697998000
end_time = 1682628698005920
inclusive_time = 7920
exclusive_time = 627
process_id = p3
operationName = /wrk2-api/review/compose
serviceName = None
------------------------------------------------------------------------------------
span 1
span_id = 9950b93473e468ca
parent_id = da69154f78d3b35b
start_time = 1682628697998627
end_time = 1682628698005920
inclusive_time = 7293
exclusive_time = 234
process_id = p3
operationName = /wrk2-api/review/compose
serviceName = None
------------------------------------------------------------------------------------
span 2
span_id = 004718d0cbc87a01
parent_id = 9950b93473e468ca
start_time = 1682628697998796
end_time = 1682628698005855
inclusive_time = 7059
exclusive_time = 460
process_id = p3
operationName = ComposeReview
serviceName = None
------------------------------------------------------------------------------------
span 3
span_id = 57425e465bec17e4
parent_id = 004718d0cbc87a01
start_time = 1682628697999922
end_time = 1682628698005767
inclusive_time = 5845
exclusive_time = 3296
process_id = p7
operationName = UploadUniqueId
serviceName = None
------------------------------------------------------------------------------------
span 4
span_id = d1baefbce69ac7b0
parent_id = 57425e465bec17e4
start_time = 1682628698003144
end_time = 1682628698005693
inclusive_time = 2549
exclusive_time = 1022
process_id = p5
operationName = UploadUniqueId
serviceName = None
------------------------------------------------------------------------------------
span 5
span_id = d243aafdb83f7d46
parent_id = d1baefbce69ac7b0
start_time = 1682628698004175
end_time = 1682628698005539
inclusive_time = 1364
exclusive_time = 18
process_id = p1
operationName = UploadMovieReview
serviceName = None
------------------------------------------------------------------------------------
span 6
span_id = 4e00045133f33268
parent_id = d243aafdb83f7d46
start_time = 1682628698004193
end_time = 1682628698005570
inclusive_time = 1377
exclusive_time = 1377
process_id = p1
operationName = MongoFindMovie
serviceName = None
------------------------------------------------------------------------------------
