span = 0
span_id = d9f5452e386a3d55
parent_id = None
start_time = 1682628697947000
end_time = 1682628697952563
inclusive_time = 5563
exclusive_time = 523
process_id = p6
operationName = /wrk2-api/review/compose
serviceName = nginx
------------------------------------------------------------------------------------
span = 1
span_id = 5b9eb7e4378eb71a
parent_id = d9f5452e386a3d55
start_time = 1682628697947522
end_time = 1682628697952562
inclusive_time = 5040
exclusive_time = 100
process_id = p6
operationName = /wrk2-api/review/compose
serviceName = nginx
------------------------------------------------------------------------------------
span = 2
span_id = f4269ee108422796
parent_id = 5b9eb7e4378eb71a
start_time = 1682628697947569
end_time = 1682628697952509
inclusive_time = 4940
exclusive_time = 271
process_id = p6
operationName = ComposeReview
serviceName = nginx
------------------------------------------------------------------------------------
span = 3
span_id = 1f76ac31d9d5852b
parent_id = f4269ee108422796
start_time = 1682628697948275
end_time = 1682628697952437
inclusive_time = 4162
exclusive_time = 643
process_id = p8
operationName = UploadMovieId
serviceName = movie-id-service
------------------------------------------------------------------------------------
span = 4
span_id = 56ea45a872618a15
parent_id = 1f76ac31d9d5852b
start_time = 1682628697949163
end_time = 1682628697952296
inclusive_time = 3133
exclusive_time = 402
process_id = p4
operationName = UploadRating
serviceName = rating-service
------------------------------------------------------------------------------------
span = 5
span_id = 5d71037ecf6b73db
parent_id = 56ea45a872618a15
start_time = 1682628697949453
end_time = 1682628697952184
inclusive_time = 2731
exclusive_time = 1325
process_id = p3
operationName = UploadRating
serviceName = compose-review-service
------------------------------------------------------------------------------------
span = 6
span_id = 52bcdd9d4802387e
parent_id = 5d71037ecf6b73db
start_time = 1682628697950808
end_time = 1682628697952025
inclusive_time = 1217
exclusive_time = 28
process_id = p7
operationName = UploadMovieReview
serviceName = movie-review-service
------------------------------------------------------------------------------------
span = 7
span_id = eabb0562e144287c
parent_id = 52bcdd9d4802387e
start_time = 1682628697950836
end_time = 1682628697952031
inclusive_time = 1195
exclusive_time = 1195
process_id = p7
operationName = MongoFindMovie
serviceName = movie-review-service
------------------------------------------------------------------------------------
span = 8
span_id = 557fcb98ed708390
parent_id = 1f76ac31d9d5852b
start_time = 1682628697948621
end_time = 1682628697948718
inclusive_time = 97
exclusive_time = 97
process_id = p8
operationName = MmcSetMovieId
serviceName = movie-id-service
------------------------------------------------------------------------------------
span = 9
span_id = 051596eb8f42ad4c
parent_id = 1f76ac31d9d5852b
start_time = 1682628697948301
end_time = 1682628697948417
inclusive_time = 116
exclusive_time = 116
process_id = p8
operationName = MmcGetMovieId
serviceName = movie-id-service
------------------------------------------------------------------------------------
