span = 0
trace_id = 854426860c0f599c
span_id = 854426860c0f599c
parent_id = None
start_time = 1682628698157000
end_time = 1682628698162039
inclusive_time = 5039
exclusive_time = 1006
process_id = p2
operationName = /wrk2-api/review/compose
serviceName = nginx
call path = 
------------------------------------------------------------------------------------
span = 1
trace_id = 854426860c0f599c
span_id = b246185beb4dec92
parent_id = 854426860c0f599c
start_time = 1682628698158006
end_time = 1682628698162039
inclusive_time = 4033
exclusive_time = 103
process_id = p2
operationName = /wrk2-api/review/compose
serviceName = nginx
call path = ->/wrk2-api/review/compose_nginx
------------------------------------------------------------------------------------
span = 2
trace_id = 854426860c0f599c
span_id = 06f561af0fd39d8d
parent_id = b246185beb4dec92
start_time = 1682628698158056
end_time = 1682628698161986
inclusive_time = 3930
exclusive_time = 252
process_id = p2
operationName = ComposeReview
serviceName = nginx
call path = ->/wrk2-api/review/compose_nginx->/wrk2-api/review/compose_nginx
------------------------------------------------------------------------------------
span = 3
trace_id = 854426860c0f599c
span_id = 3891a07361989158
parent_id = 06f561af0fd39d8d
start_time = 1682628698158351
end_time = 1682628698161903
inclusive_time = 3552
exclusive_time = 328
process_id = p7
operationName = UploadMovieId
serviceName = movie-id-service
call path = ->/wrk2-api/review/compose_nginx->/wrk2-api/review/compose_nginx->ComposeReview_nginx
------------------------------------------------------------------------------------
span = 4
trace_id = 854426860c0f599c
span_id = cd1c736d5d2e1334
parent_id = 3891a07361989158
start_time = 1682628698158855
end_time = 1682628698161796
inclusive_time = 2941
exclusive_time = 217
process_id = p1
operationName = UploadRating
serviceName = rating-service
call path = ->/wrk2-api/review/compose_nginx->/wrk2-api/review/compose_nginx->ComposeReview_nginx->UploadMovieId_movie-id-service
------------------------------------------------------------------------------------
span = 5
trace_id = 854426860c0f599c
span_id = fe172cc90887f849
parent_id = cd1c736d5d2e1334
start_time = 1682628698158991
end_time = 1682628698161670
inclusive_time = 2679
exclusive_time = 945
process_id = p3
operationName = UploadRating
serviceName = compose-review-service
call path = ->/wrk2-api/review/compose_nginx->/wrk2-api/review/compose_nginx->ComposeReview_nginx->UploadMovieId_movie-id-service->UploadRating_rating-service
------------------------------------------------------------------------------------
span = 6
trace_id = 854426860c0f599c
span_id = b08cfcff9b7c3e31
parent_id = fe172cc90887f849
start_time = 1682628698159903
end_time = 1682628698161555
inclusive_time = 1652
exclusive_time = 28
process_id = p6
operationName = UploadUserReview
serviceName = user-review-service
call path = ->/wrk2-api/review/compose_nginx->/wrk2-api/review/compose_nginx->ComposeReview_nginx->UploadMovieId_movie-id-service->UploadRating_rating-service->UploadRating_compose-review-service
------------------------------------------------------------------------------------
span = 7
trace_id = 854426860c0f599c
span_id = 56d6d74e91c54f8d
parent_id = b08cfcff9b7c3e31
start_time = 1682628698159931
end_time = 1682628698161560
inclusive_time = 1629
exclusive_time = 1629
process_id = p6
operationName = MongoFindUser
serviceName = user-review-service
call path = ->/wrk2-api/review/compose_nginx->/wrk2-api/review/compose_nginx->ComposeReview_nginx->UploadMovieId_movie-id-service->UploadRating_rating-service->UploadRating_compose-review-service->UploadUserReview_user-review-service
------------------------------------------------------------------------------------
span = 8
trace_id = 854426860c0f599c
span_id = 9a57e243a84ae25a
parent_id = 3891a07361989158
start_time = 1682628698158609
end_time = 1682628698158726
inclusive_time = 117
exclusive_time = 117
process_id = p7
operationName = MmcSetMovieId
serviceName = movie-id-service
call path = ->/wrk2-api/review/compose_nginx->/wrk2-api/review/compose_nginx->ComposeReview_nginx->UploadMovieId_movie-id-service
------------------------------------------------------------------------------------
span = 9
trace_id = 854426860c0f599c
span_id = a0188228f7fa3518
parent_id = 3891a07361989158
start_time = 1682628698158365
end_time = 1682628698158462
inclusive_time = 97
exclusive_time = 97
process_id = p7
operationName = MmcGetMovieId
serviceName = movie-id-service
call path = ->/wrk2-api/review/compose_nginx->/wrk2-api/review/compose_nginx->ComposeReview_nginx->UploadMovieId_movie-id-service
------------------------------------------------------------------------------------
