span 0
span_id = 90dad8de480d2c1a
parent_id = None
start_time = 1682628698053000
end_time = 1682628698057278
inclusive_time = 4278
exclusive_time = 77
process_id = p8
operationName = /wrk2-api/review/compose
serviceName = None
------------------------------------------------------------------------------------
span 1
span_id = dba918eb8d44d477
parent_id = 90dad8de480d2c1a
start_time = 1682628698053076
end_time = 1682628698057277
inclusive_time = 4201
exclusive_time = 114
process_id = p8
operationName = /wrk2-api/review/compose
serviceName = None
------------------------------------------------------------------------------------
span 2
span_id = 8d932d842371016a
parent_id = dba918eb8d44d477
start_time = 1682628698053133
end_time = 1682628698057220
inclusive_time = 4087
exclusive_time = 342
process_id = p8
operationName = ComposeReview
serviceName = None
------------------------------------------------------------------------------------
span 3
span_id = d0fdbc4d0edba7ac
parent_id = 8d932d842371016a
start_time = 1682628698054435
end_time = 1682628698057139
inclusive_time = 2704
exclusive_time = 247
process_id = p2
operationName = UploadUniqueId
serviceName = None
------------------------------------------------------------------------------------
span 4
span_id = 95becd6310f2e532
parent_id = d0fdbc4d0edba7ac
start_time = 1682628698054626
end_time = 1682628698057083
inclusive_time = 2457
exclusive_time = 1321
process_id = p4
operationName = UploadUniqueId
serviceName = None
------------------------------------------------------------------------------------
span 5
span_id = 9c4f1f67dacca7b0
parent_id = 95becd6310f2e532
start_time = 1682628698055884
end_time = 1682628698056959
inclusive_time = 1075
exclusive_time = 29
process_id = p3
operationName = UploadMovieReview
serviceName = None
------------------------------------------------------------------------------------
span 6
span_id = 8ae9862147c26dbe
parent_id = 9c4f1f67dacca7b0
start_time = 1682628698055913
end_time = 1682628698056965
inclusive_time = 1052
exclusive_time = 1052
process_id = p3
operationName = MongoFindMovie
serviceName = None
------------------------------------------------------------------------------------
span 7
span_id = 86bd69ae29af3b4a
parent_id = 8d932d842371016a
start_time = 1682628698053677
end_time = 1682628698054275
inclusive_time = 598
exclusive_time = 199
process_id = p10
operationName = UploadText
serviceName = None
------------------------------------------------------------------------------------
span 8
span_id = 87f486aabd739143
parent_id = 86bd69ae29af3b4a
start_time = 1682628698053785
end_time = 1682628698054184
inclusive_time = 399
exclusive_time = 399
process_id = p4
operationName = UploadText
serviceName = None
------------------------------------------------------------------------------------
