span = 0
trace_id = 785a0bb660ea240e
span_id = 785a0bb660ea240e
parent_id = None
start_time = 1682628698127000
end_time = 1682628698131527
inclusive_time = 4527
exclusive_time = 869
process_id = p6
operationName = /wrk2-api/review/compose
serviceName = nginx
call path = 
------------------------------------------------------------------------------------
span = 1
trace_id = 785a0bb660ea240e
span_id = 80cac4546488b539
parent_id = 785a0bb660ea240e
start_time = 1682628698127868
end_time = 1682628698131526
inclusive_time = 3658
exclusive_time = 107
process_id = p6
operationName = /wrk2-api/review/compose
serviceName = nginx
call path = ->/wrk2-api/review/compose_nginx
------------------------------------------------------------------------------------
span = 2
trace_id = 785a0bb660ea240e
span_id = 61d14ab08f986744
parent_id = 80cac4546488b539
start_time = 1682628698127921
end_time = 1682628698131472
inclusive_time = 3551
exclusive_time = 277
process_id = p6
operationName = ComposeReview
serviceName = nginx
call path = ->/wrk2-api/review/compose_nginx->/wrk2-api/review/compose_nginx
------------------------------------------------------------------------------------
span = 3
trace_id = 785a0bb660ea240e
span_id = cfdaddefc830fe5c
parent_id = 61d14ab08f986744
start_time = 1682628698128234
end_time = 1682628698131388
inclusive_time = 3154
exclusive_time = 418
process_id = p1
operationName = UploadMovieId
serviceName = movie-id-service
call path = ->/wrk2-api/review/compose_nginx->/wrk2-api/review/compose_nginx->ComposeReview_nginx
------------------------------------------------------------------------------------
span = 4
trace_id = 785a0bb660ea240e
span_id = 4469f9e778e5c6ec
parent_id = cfdaddefc830fe5c
start_time = 1682628698128683
end_time = 1682628698131219
inclusive_time = 2536
exclusive_time = 249
process_id = p3
operationName = UploadRating
serviceName = rating-service
call path = ->/wrk2-api/review/compose_nginx->/wrk2-api/review/compose_nginx->ComposeReview_nginx->UploadMovieId_movie-id-service
------------------------------------------------------------------------------------
span = 5
trace_id = 785a0bb660ea240e
span_id = 83cb0a7b5565e5f9
parent_id = 4469f9e778e5c6ec
start_time = 1682628698128871
end_time = 1682628698131093
inclusive_time = 2222
exclusive_time = 954
process_id = p4
operationName = UploadRating
serviceName = compose-review-service
call path = ->/wrk2-api/review/compose_nginx->/wrk2-api/review/compose_nginx->ComposeReview_nginx->UploadMovieId_movie-id-service->UploadRating_rating-service
------------------------------------------------------------------------------------
span = 6
trace_id = 785a0bb660ea240e
span_id = cc72e0869f44d038
parent_id = 83cb0a7b5565e5f9
start_time = 1682628698129631
end_time = 1682628698130869
inclusive_time = 1238
exclusive_time = 17
process_id = p5
operationName = UploadMovieReview
serviceName = movie-review-service
call path = ->/wrk2-api/review/compose_nginx->/wrk2-api/review/compose_nginx->ComposeReview_nginx->UploadMovieId_movie-id-service->UploadRating_rating-service->UploadRating_compose-review-service
------------------------------------------------------------------------------------
span = 7
trace_id = 785a0bb660ea240e
span_id = e6cd2f3349f67b07
parent_id = cc72e0869f44d038
start_time = 1682628698129648
end_time = 1682628698130873
inclusive_time = 1225
exclusive_time = 1225
process_id = p5
operationName = MongoFindMovie
serviceName = movie-review-service
call path = ->/wrk2-api/review/compose_nginx->/wrk2-api/review/compose_nginx->ComposeReview_nginx->UploadMovieId_movie-id-service->UploadRating_rating-service->UploadRating_compose-review-service->UploadMovieReview_movie-review-service
------------------------------------------------------------------------------------
span = 8
trace_id = 785a0bb660ea240e
span_id = c103967e2be7b521
parent_id = cfdaddefc830fe5c
start_time = 1682628698128456
end_time = 1682628698128542
inclusive_time = 86
exclusive_time = 86
process_id = p1
operationName = MmcSetMovieId
serviceName = movie-id-service
call path = ->/wrk2-api/review/compose_nginx->/wrk2-api/review/compose_nginx->ComposeReview_nginx->UploadMovieId_movie-id-service
------------------------------------------------------------------------------------
span = 9
trace_id = 785a0bb660ea240e
span_id = 72884c4a8793fd65
parent_id = cfdaddefc830fe5c
start_time = 1682628698128247
end_time = 1682628698128342
inclusive_time = 95
exclusive_time = 95
process_id = p1
operationName = MmcGetMovieId
serviceName = movie-id-service
call path = ->/wrk2-api/review/compose_nginx->/wrk2-api/review/compose_nginx->ComposeReview_nginx->UploadMovieId_movie-id-service
------------------------------------------------------------------------------------
