span = 0
trace_id = db2764cd9c285eca
span_id = db2764cd9c285eca
parent_id = None
start_time = 1682628697912000
end_time = 1682628697916516
inclusive_time = 4516
exclusive_time = 151
process_id = p1
operationName = /wrk2-api/review/compose
serviceName = nginx
call path = 
------------------------------------------------------------------------------------
span = 1
trace_id = db2764cd9c285eca
span_id = 8ed9890b1439c623
parent_id = db2764cd9c285eca
start_time = 1682628697912151
end_time = 1682628697916516
inclusive_time = 4365
exclusive_time = 90
process_id = p1
operationName = /wrk2-api/review/compose
serviceName = nginx
call path = ->/wrk2-api/review/compose_nginx
------------------------------------------------------------------------------------
span = 2
trace_id = db2764cd9c285eca
span_id = 226a6baad1ca2c6a
parent_id = 8ed9890b1439c623
start_time = 1682628697912194
end_time = 1682628697916469
inclusive_time = 4275
exclusive_time = 749
process_id = p1
operationName = ComposeReview
serviceName = nginx
call path = ->/wrk2-api/review/compose_nginx->/wrk2-api/review/compose_nginx
------------------------------------------------------------------------------------
span = 3
trace_id = db2764cd9c285eca
span_id = c0ad22aa5486045f
parent_id = 226a6baad1ca2c6a
start_time = 1682628697912444
end_time = 1682628697915898
inclusive_time = 3454
exclusive_time = 295
process_id = p8
operationName = UploadMovieId
serviceName = movie-id-service
call path = ->/wrk2-api/review/compose_nginx->/wrk2-api/review/compose_nginx->ComposeReview_nginx
------------------------------------------------------------------------------------
span = 4
trace_id = db2764cd9c285eca
span_id = 27b3ce72d4213086
parent_id = c0ad22aa5486045f
start_time = 1682628697912967
end_time = 1682628697915780
inclusive_time = 2813
exclusive_time = 315
process_id = p6
operationName = UploadRating
serviceName = rating-service
call path = ->/wrk2-api/review/compose_nginx->/wrk2-api/review/compose_nginx->ComposeReview_nginx->UploadMovieId_movie-id-service
------------------------------------------------------------------------------------
span = 5
trace_id = db2764cd9c285eca
span_id = 6548a25c72a4ec11
parent_id = 27b3ce72d4213086
start_time = 1682628697913243
end_time = 1682628697915647
inclusive_time = 2404
exclusive_time = 942
process_id = p5
operationName = UploadRating
serviceName = compose-review-service
call path = ->/wrk2-api/review/compose_nginx->/wrk2-api/review/compose_nginx->ComposeReview_nginx->UploadMovieId_movie-id-service->UploadRating_rating-service
------------------------------------------------------------------------------------
span = 6
trace_id = db2764cd9c285eca
span_id = dca4ee0b9045018f
parent_id = 6548a25c72a4ec11
start_time = 1682628697914268
end_time = 1682628697915442
inclusive_time = 1174
exclusive_time = 25
process_id = p2
operationName = UploadMovieReview
serviceName = movie-review-service
call path = ->/wrk2-api/review/compose_nginx->/wrk2-api/review/compose_nginx->ComposeReview_nginx->UploadMovieId_movie-id-service->UploadRating_rating-service->UploadRating_compose-review-service
------------------------------------------------------------------------------------
span = 7
trace_id = db2764cd9c285eca
span_id = 700fb5a3f3309d96
parent_id = dca4ee0b9045018f
start_time = 1682628697914293
end_time = 1682628697915455
inclusive_time = 1162
exclusive_time = 1162
process_id = p2
operationName = MongoFindMovie
serviceName = movie-review-service
call path = ->/wrk2-api/review/compose_nginx->/wrk2-api/review/compose_nginx->ComposeReview_nginx->UploadMovieId_movie-id-service->UploadRating_rating-service->UploadRating_compose-review-service->UploadMovieReview_movie-review-service
------------------------------------------------------------------------------------
span = 8
trace_id = db2764cd9c285eca
span_id = 89a3a8a877d26c5a
parent_id = c0ad22aa5486045f
start_time = 1682628697912711
end_time = 1682628697912808
inclusive_time = 97
exclusive_time = 97
process_id = p8
operationName = MmcSetMovieId
serviceName = movie-id-service
call path = ->/wrk2-api/review/compose_nginx->/wrk2-api/review/compose_nginx->ComposeReview_nginx->UploadMovieId_movie-id-service
------------------------------------------------------------------------------------
span = 9
trace_id = db2764cd9c285eca
span_id = 24deba57c0838a1d
parent_id = c0ad22aa5486045f
start_time = 1682628697912455
end_time = 1682628697912546
inclusive_time = 91
exclusive_time = 91
process_id = p8
operationName = MmcGetMovieId
serviceName = movie-id-service
call path = ->/wrk2-api/review/compose_nginx->/wrk2-api/review/compose_nginx->ComposeReview_nginx->UploadMovieId_movie-id-service
------------------------------------------------------------------------------------
