span 0
span_id = 8dbd64202a60d59e
parent_id = None
start_time = 1682628698073000
end_time = 1682628698077363
inclusive_time = 4363
exclusive_time = 782
process_id = p7
operationName = /wrk2-api/review/compose
serviceName = None
------------------------------------------------------------------------------------
span 1
span_id = 465a000d35217bfb
parent_id = 8dbd64202a60d59e
start_time = 1682628698073781
end_time = 1682628698077362
inclusive_time = 3581
exclusive_time = 93
process_id = p7
operationName = /wrk2-api/review/compose
serviceName = None
------------------------------------------------------------------------------------
span 2
span_id = f7889d41e9255ae8
parent_id = 465a000d35217bfb
start_time = 1682628698073826
end_time = 1682628698077314
inclusive_time = 3488
exclusive_time = 280
process_id = p7
operationName = ComposeReview
serviceName = None
------------------------------------------------------------------------------------
span 3
span_id = 01cfdf6ce100cbfc
parent_id = f7889d41e9255ae8
start_time = 1682628698074048
end_time = 1682628698077203
inclusive_time = 3155
exclusive_time = 375
process_id = p4
operationName = UploadMovieId
serviceName = None
------------------------------------------------------------------------------------
span 4
span_id = 5db9394c51a222a9
parent_id = 01cfdf6ce100cbfc
start_time = 1682628698074560
end_time = 1682628698077087
inclusive_time = 2527
exclusive_time = 292
process_id = p6
operationName = UploadRating
serviceName = None
------------------------------------------------------------------------------------
span 5
span_id = 61908844d8cbf51d
parent_id = 5db9394c51a222a9
start_time = 1682628698074791
end_time = 1682628698076989
inclusive_time = 2198
exclusive_time = 1039
process_id = p2
operationName = UploadRating
serviceName = None
------------------------------------------------------------------------------------
span 6
span_id = 0e5d5a6193156495
parent_id = 61908844d8cbf51d
start_time = 1682628698075863
end_time = 1682628698076899
inclusive_time = 1036
exclusive_time = 21
process_id = p1
operationName = UploadMovieReview
serviceName = None
------------------------------------------------------------------------------------
span 7
span_id = ee2ed6c0b2456fba
parent_id = 0e5d5a6193156495
start_time = 1682628698075884
end_time = 1682628698076903
inclusive_time = 1019
exclusive_time = 1019
process_id = p1
operationName = MongoFindMovie
serviceName = None
------------------------------------------------------------------------------------
span 8
span_id = 325988be80cf343e
parent_id = 01cfdf6ce100cbfc
start_time = 1682628698074313
end_time = 1682628698074409
inclusive_time = 96
exclusive_time = 96
process_id = p4
operationName = MmcSetMovieId
serviceName = None
------------------------------------------------------------------------------------
span 9
span_id = dbd6ae89133b7c71
parent_id = 01cfdf6ce100cbfc
start_time = 1682628698074059
end_time = 1682628698074133
inclusive_time = 74
exclusive_time = 74
process_id = p4
operationName = MmcGetMovieId
serviceName = None
------------------------------------------------------------------------------------
