span = 0
trace_id = 65c339556fdf9a36
span_id = 65c339556fdf9a36
parent_id = None
start_time = 1682628698064000
end_time = 1682628698068052
inclusive_time = 4052
exclusive_time = 192
process_id = p1
operationName = /wrk2-api/review/compose
serviceName = nginx
------------------------------------------------------------------------------------
span = 1
trace_id = 65c339556fdf9a36
span_id = 87c8917d10a92dca
parent_id = 65c339556fdf9a36
start_time = 1682628698064192
end_time = 1682628698068052
inclusive_time = 3860
exclusive_time = 94
process_id = p1
operationName = /wrk2-api/review/compose
serviceName = nginx
------------------------------------------------------------------------------------
span = 2
trace_id = 65c339556fdf9a36
span_id = 82862ec5e95824ac
parent_id = 87c8917d10a92dca
start_time = 1682628698064239
end_time = 1682628698068005
inclusive_time = 3766
exclusive_time = 539
process_id = p1
operationName = ComposeReview
serviceName = nginx
------------------------------------------------------------------------------------
span = 3
trace_id = 65c339556fdf9a36
span_id = ceb9091df80dd93c
parent_id = 82862ec5e95824ac
start_time = 1682628698064493
end_time = 1682628698067638
inclusive_time = 3145
exclusive_time = 282
process_id = p5
operationName = UploadMovieId
serviceName = movie-id-service
------------------------------------------------------------------------------------
span = 4
trace_id = 65c339556fdf9a36
span_id = da8ed6dc89eb868a
parent_id = ceb9091df80dd93c
start_time = 1682628698065042
end_time = 1682628698067524
inclusive_time = 2482
exclusive_time = 233
process_id = p7
operationName = UploadRating
serviceName = rating-service
------------------------------------------------------------------------------------
span = 5
trace_id = 65c339556fdf9a36
span_id = c7c280850f1d98e3
parent_id = da8ed6dc89eb868a
start_time = 1682628698065228
end_time = 1682628698067414
inclusive_time = 2186
exclusive_time = 993
process_id = p3
operationName = UploadRating
serviceName = compose-review-service
------------------------------------------------------------------------------------
span = 6
trace_id = 65c339556fdf9a36
span_id = 896155a6a201d13e
parent_id = c7c280850f1d98e3
start_time = 1682628698066161
end_time = 1682628698067270
inclusive_time = 1109
exclusive_time = 19
process_id = p2
operationName = UploadMovieReview
serviceName = movie-review-service
------------------------------------------------------------------------------------
span = 7
trace_id = 65c339556fdf9a36
span_id = ab11f1aa0d29cc3e
parent_id = 896155a6a201d13e
start_time = 1682628698066180
end_time = 1682628698067272
inclusive_time = 1092
exclusive_time = 1092
process_id = p2
operationName = MongoFindMovie
serviceName = movie-review-service
------------------------------------------------------------------------------------
span = 8
trace_id = 65c339556fdf9a36
span_id = 69f0a03fd5ac7619
parent_id = ceb9091df80dd93c
start_time = 1682628698064757
end_time = 1682628698064941
inclusive_time = 184
exclusive_time = 184
process_id = p5
operationName = MmcSetMovieId
serviceName = movie-id-service
------------------------------------------------------------------------------------
span = 9
trace_id = 65c339556fdf9a36
span_id = 126479091d9e0424
parent_id = ceb9091df80dd93c
start_time = 1682628698064510
end_time = 1682628698064606
inclusive_time = 96
exclusive_time = 96
process_id = p5
operationName = MmcGetMovieId
serviceName = movie-id-service
------------------------------------------------------------------------------------
