span 0
span_id = 8c009758f8e7d5a9
parent_id = None
start_time = 1682628698268000
end_time = 1682628698272279
inclusive_time = 4279
exclusive_time = 481
process_id = p3
operationName = /wrk2-api/review/compose
serviceName = None
------------------------------------------------------------------------------------
span 1
span_id = bc61cf4ac099e865
parent_id = 8c009758f8e7d5a9
start_time = 1682628698268480
end_time = 1682628698272278
inclusive_time = 3798
exclusive_time = 87
process_id = p3
operationName = /wrk2-api/review/compose
serviceName = None
------------------------------------------------------------------------------------
span 2
span_id = 60001ce436267bd1
parent_id = bc61cf4ac099e865
start_time = 1682628698268520
end_time = 1682628698272231
inclusive_time = 3711
exclusive_time = 318
process_id = p3
operationName = ComposeReview
serviceName = None
------------------------------------------------------------------------------------
span 3
span_id = af4cfd27993d4795
parent_id = 60001ce436267bd1
start_time = 1682628698268827
end_time = 1682628698272148
inclusive_time = 3321
exclusive_time = 390
process_id = p6
operationName = UploadMovieId
serviceName = None
------------------------------------------------------------------------------------
span 4
span_id = c16924f9e338eeb4
parent_id = af4cfd27993d4795
start_time = 1682628698269435
end_time = 1682628698272018
inclusive_time = 2583
exclusive_time = 257
process_id = p10
operationName = UploadRating
serviceName = None
------------------------------------------------------------------------------------
span 5
span_id = f4e155a3966a5257
parent_id = c16924f9e338eeb4
start_time = 1682628698269576
end_time = 1682628698271902
inclusive_time = 2326
exclusive_time = 1021
process_id = p5
operationName = UploadRating
serviceName = None
------------------------------------------------------------------------------------
span 6
span_id = 0a1fd60e7de6bd07
parent_id = f4e155a3966a5257
start_time = 1682628698270526
end_time = 1682628698271807
inclusive_time = 1281
exclusive_time = 17
process_id = p1
operationName = UploadMovieReview
serviceName = None
------------------------------------------------------------------------------------
span 7
span_id = 50caed38f926fe31
parent_id = 0a1fd60e7de6bd07
start_time = 1682628698270543
end_time = 1682628698271810
inclusive_time = 1267
exclusive_time = 1267
process_id = p1
operationName = MongoFindMovie
serviceName = None
------------------------------------------------------------------------------------
span 8
span_id = e9b84e1c520b71cb
parent_id = af4cfd27993d4795
start_time = 1682628698269177
end_time = 1682628698269280
inclusive_time = 103
exclusive_time = 103
process_id = p6
operationName = MmcSetMovieId
serviceName = None
------------------------------------------------------------------------------------
span 9
span_id = aa0084b29f6834aa
parent_id = af4cfd27993d4795
start_time = 1682628698268849
end_time = 1682628698268955
inclusive_time = 106
exclusive_time = 106
process_id = p6
operationName = MmcGetMovieId
serviceName = None
------------------------------------------------------------------------------------
