span 0
span_id = cdbfaaff1a2b3761
parent_id = None
start_time = 1682628698167000
end_time = 1682628698171515
inclusive_time = 4515
exclusive_time = 418
process_id = p8
operationName = /wrk2-api/review/compose
serviceName = None
------------------------------------------------------------------------------------
span 1
span_id = 87bec2f3b68862ed
parent_id = cdbfaaff1a2b3761
start_time = 1682628698167418
end_time = 1682628698171515
inclusive_time = 4097
exclusive_time = 110
process_id = p8
operationName = /wrk2-api/review/compose
serviceName = None
------------------------------------------------------------------------------------
span 2
span_id = d3de1f66aa615405
parent_id = 87bec2f3b68862ed
start_time = 1682628698167465
end_time = 1682628698171452
inclusive_time = 3987
exclusive_time = 336
process_id = p8
operationName = ComposeReview
serviceName = None
------------------------------------------------------------------------------------
span 3
span_id = a3e05e89c8204b90
parent_id = d3de1f66aa615405
start_time = 1682628698167762
end_time = 1682628698171337
inclusive_time = 3575
exclusive_time = 288
process_id = p6
operationName = UploadMovieId
serviceName = None
------------------------------------------------------------------------------------
span 4
span_id = ac556c1737711738
parent_id = a3e05e89c8204b90
start_time = 1682628698168351
end_time = 1682628698171226
inclusive_time = 2875
exclusive_time = 282
process_id = p1
operationName = UploadRating
serviceName = None
------------------------------------------------------------------------------------
span 5
span_id = 8952d071f959468c
parent_id = ac556c1737711738
start_time = 1682628698168506
end_time = 1682628698171027
inclusive_time = 2521
exclusive_time = 915
process_id = p2
operationName = UploadRating
serviceName = None
------------------------------------------------------------------------------------
span 6
span_id = 81f76b1eb4b9b84d
parent_id = 8952d071f959468c
start_time = 1682628698169410
end_time = 1682628698170883
inclusive_time = 1473
exclusive_time = 32
process_id = p3
operationName = UploadMovieReview
serviceName = None
------------------------------------------------------------------------------------
span 7
span_id = 11123a27db79025f
parent_id = 81f76b1eb4b9b84d
start_time = 1682628698169442
end_time = 1682628698170889
inclusive_time = 1447
exclusive_time = 1447
process_id = p3
operationName = MongoFindMovie
serviceName = None
------------------------------------------------------------------------------------
span 8
span_id = d57e70f8f06289a0
parent_id = a3e05e89c8204b90
start_time = 1682628698168053
end_time = 1682628698168194
inclusive_time = 141
exclusive_time = 141
process_id = p6
operationName = MmcSetMovieId
serviceName = None
------------------------------------------------------------------------------------
span 9
span_id = 8f73ccb8ce50c3c4
parent_id = a3e05e89c8204b90
start_time = 1682628698167779
end_time = 1682628698167908
inclusive_time = 129
exclusive_time = 129
process_id = p6
operationName = MmcGetMovieId
serviceName = None
------------------------------------------------------------------------------------
