span = 0
trace_id = 1070b5948120f1f9
span_id = 1070b5948120f1f9
parent_id = None
start_time = 1682628698307000
end_time = 1682628698311109
inclusive_time = 4109
exclusive_time = 424
process_id = p10
operationName = /wrk2-api/review/compose
serviceName = nginx
------------------------------------------------------------------------------------
span = 1
trace_id = 1070b5948120f1f9
span_id = 3d97d79326e781e3
parent_id = 1070b5948120f1f9
start_time = 1682628698307424
end_time = 1682628698311109
inclusive_time = 3685
exclusive_time = 93
process_id = p10
operationName = /wrk2-api/review/compose
serviceName = nginx
------------------------------------------------------------------------------------
span = 2
trace_id = 1070b5948120f1f9
span_id = 7c0ee80e4a643726
parent_id = 3d97d79326e781e3
start_time = 1682628698307463
end_time = 1682628698311055
inclusive_time = 3592
exclusive_time = 241
process_id = p10
operationName = ComposeReview
serviceName = nginx
------------------------------------------------------------------------------------
span = 3
trace_id = 1070b5948120f1f9
span_id = ba4d29ff350baadc
parent_id = 7c0ee80e4a643726
start_time = 1682628698307698
end_time = 1682628698310984
inclusive_time = 3286
exclusive_time = 319
process_id = p3
operationName = UploadMovieId
serviceName = movie-id-service
------------------------------------------------------------------------------------
span = 4
trace_id = 1070b5948120f1f9
span_id = 7872e458e50064aa
parent_id = ba4d29ff350baadc
start_time = 1682628698308183
end_time = 1682628698310866
inclusive_time = 2683
exclusive_time = 249
process_id = p9
operationName = UploadRating
serviceName = rating-service
------------------------------------------------------------------------------------
span = 5
trace_id = 1070b5948120f1f9
span_id = aa4fe3fb8c2af0ec
parent_id = 7872e458e50064aa
start_time = 1682628698308342
end_time = 1682628698310728
inclusive_time = 2386
exclusive_time = 1032
process_id = p2
operationName = UploadRating
serviceName = compose-review-service
------------------------------------------------------------------------------------
span = 6
trace_id = 1070b5948120f1f9
span_id = b20904fa6f685ac5
parent_id = aa4fe3fb8c2af0ec
start_time = 1682628698309205
end_time = 1682628698310502
inclusive_time = 1297
exclusive_time = 18
process_id = p1
operationName = UploadUserReview
serviceName = user-review-service
------------------------------------------------------------------------------------
span = 7
trace_id = 1070b5948120f1f9
span_id = 8921fb2b6038d7bf
parent_id = b20904fa6f685ac5
start_time = 1682628698309223
end_time = 1682628698310505
inclusive_time = 1282
exclusive_time = 1282
process_id = p1
operationName = MongoFindUser
serviceName = user-review-service
------------------------------------------------------------------------------------
span = 8
trace_id = 1070b5948120f1f9
span_id = 94513fb96e7c4477
parent_id = ba4d29ff350baadc
start_time = 1682628698307995
end_time = 1682628698308107
inclusive_time = 112
exclusive_time = 112
process_id = p3
operationName = MmcSetMovieId
serviceName = movie-id-service
------------------------------------------------------------------------------------
span = 9
trace_id = 1070b5948120f1f9
span_id = 53e1ad9af1c4c8c9
parent_id = ba4d29ff350baadc
start_time = 1682628698307709
end_time = 1682628698307805
inclusive_time = 96
exclusive_time = 96
process_id = p3
operationName = MmcGetMovieId
serviceName = movie-id-service
------------------------------------------------------------------------------------
