span 0
span_id = 107874286441df70
parent_id = None
start_time = 1682628698188000
end_time = 1682628698193971
inclusive_time = 5971
exclusive_time = 822
process_id = p7
operationName = /wrk2-api/review/compose
serviceName = None
------------------------------------------------------------------------------------
span 1
span_id = cea2aac80f689a9b
parent_id = 107874286441df70
start_time = 1682628698188821
end_time = 1682628698193970
inclusive_time = 5149
exclusive_time = 96
process_id = p7
operationName = /wrk2-api/review/compose
serviceName = None
------------------------------------------------------------------------------------
span 2
span_id = 3d6e164aae17211d
parent_id = cea2aac80f689a9b
start_time = 1682628698188872
end_time = 1682628698193925
inclusive_time = 5053
exclusive_time = 305
process_id = p7
operationName = ComposeReview
serviceName = None
------------------------------------------------------------------------------------
span 3
span_id = e8dbf7465847353b
parent_id = 3d6e164aae17211d
start_time = 1682628698189617
end_time = 1682628698193845
inclusive_time = 4228
exclusive_time = 300
process_id = p4
operationName = UploadMovieId
serviceName = None
------------------------------------------------------------------------------------
span 4
span_id = 03c2f97f6dcf6f07
parent_id = e8dbf7465847353b
start_time = 1682628698190071
end_time = 1682628698193731
inclusive_time = 3660
exclusive_time = 411
process_id = p10
operationName = UploadRating
serviceName = None
------------------------------------------------------------------------------------
span 5
span_id = 7fc84c4564c2a3d8
parent_id = 03c2f97f6dcf6f07
start_time = 1682628698190271
end_time = 1682628698193491
inclusive_time = 3220
exclusive_time = 1231
process_id = p3
operationName = UploadRating
serviceName = None
------------------------------------------------------------------------------------
span 6
span_id = 4dff833dddd1f2f9
parent_id = 7fc84c4564c2a3d8
start_time = 1682628698191365
end_time = 1682628698193286
inclusive_time = 1921
exclusive_time = 19
process_id = p5
operationName = UploadMovieReview
serviceName = None
------------------------------------------------------------------------------------
span 7
span_id = 22b93918b1b2e5f7
parent_id = 4dff833dddd1f2f9
start_time = 1682628698191384
end_time = 1682628698193292
inclusive_time = 1908
exclusive_time = 1908
process_id = p5
operationName = MongoFindMovie
serviceName = None
------------------------------------------------------------------------------------
span 8
span_id = 9846b557e515ee57
parent_id = e8dbf7465847353b
start_time = 1682628698189633
end_time = 1682628698189735
inclusive_time = 102
exclusive_time = 102
process_id = p4
operationName = MmcGetMovieId
serviceName = None
------------------------------------------------------------------------------------
