span = 0
trace_id = 8932a09424386376
span_id = 8932a09424386376
parent_id = None
start_time = 1682628698312000
end_time = 1682628698316360
inclusive_time = 4360
exclusive_time = 439
process_id = p10
operationName = /wrk2-api/review/compose
serviceName = nginx
------------------------------------------------------------------------------------
span = 1
trace_id = 8932a09424386376
span_id = 9c1e8b362bb8e1d2
parent_id = 8932a09424386376
start_time = 1682628698312439
end_time = 1682628698316360
inclusive_time = 3921
exclusive_time = 99
process_id = p10
operationName = /wrk2-api/review/compose
serviceName = nginx
------------------------------------------------------------------------------------
span = 2
trace_id = 8932a09424386376
span_id = f47893d52dfd19a9
parent_id = 9c1e8b362bb8e1d2
start_time = 1682628698312475
end_time = 1682628698316297
inclusive_time = 3822
exclusive_time = 247
process_id = p10
operationName = ComposeReview
serviceName = nginx
------------------------------------------------------------------------------------
span = 3
trace_id = 8932a09424386376
span_id = 36cd089d241a5ec4
parent_id = f47893d52dfd19a9
start_time = 1682628698312888
end_time = 1682628698316217
inclusive_time = 3329
exclusive_time = 304
process_id = p3
operationName = UploadUniqueId
serviceName = unique-id-service
------------------------------------------------------------------------------------
span = 4
trace_id = 8932a09424386376
span_id = 85bdb94ff6e95036
parent_id = 36cd089d241a5ec4
start_time = 1682628698313118
end_time = 1682628698316143
inclusive_time = 3025
exclusive_time = 1580
process_id = p1
operationName = UploadUniqueId
serviceName = compose-review-service
------------------------------------------------------------------------------------
span = 5
trace_id = 8932a09424386376
span_id = 1f979b5cca501a11
parent_id = 85bdb94ff6e95036
start_time = 1682628698314703
end_time = 1682628698315968
inclusive_time = 1265
exclusive_time = 33
process_id = p6
operationName = UploadUserReview
serviceName = user-review-service
------------------------------------------------------------------------------------
span = 6
trace_id = 8932a09424386376
span_id = 2bf5cdff4462e80b
parent_id = 1f979b5cca501a11
start_time = 1682628698314736
end_time = 1682628698315972
inclusive_time = 1236
exclusive_time = 1236
process_id = p6
operationName = MongoFindUser
serviceName = user-review-service
------------------------------------------------------------------------------------
