span = 0
trace_id = 92f4930ad42c378f
span_id = 92f4930ad42c378f
parent_id = None
start_time = 1682628698221000
end_time = 1682628698225421
inclusive_time = 4421
exclusive_time = 590
process_id = p6
operationName = /wrk2-api/review/compose
serviceName = nginx
------------------------------------------------------------------------------------
span = 1
trace_id = 92f4930ad42c378f
span_id = f611810857340b58
parent_id = 92f4930ad42c378f
start_time = 1682628698221590
end_time = 1682628698225421
inclusive_time = 3831
exclusive_time = 109
process_id = p6
operationName = /wrk2-api/review/compose
serviceName = nginx
------------------------------------------------------------------------------------
span = 2
trace_id = 92f4930ad42c378f
span_id = f4422c83ac62c2ed
parent_id = f611810857340b58
start_time = 1682628698221638
end_time = 1682628698225360
inclusive_time = 3722
exclusive_time = 294
process_id = p6
operationName = ComposeReview
serviceName = nginx
------------------------------------------------------------------------------------
span = 3
trace_id = 92f4930ad42c378f
span_id = a2db1566c84d4023
parent_id = f4422c83ac62c2ed
start_time = 1682628698221975
end_time = 1682628698225270
inclusive_time = 3295
exclusive_time = 429
process_id = p3
operationName = UploadMovieId
serviceName = movie-id-service
------------------------------------------------------------------------------------
span = 4
trace_id = 92f4930ad42c378f
span_id = 1534eca3979c1206
parent_id = a2db1566c84d4023
start_time = 1682628698222379
end_time = 1682628698225105
inclusive_time = 2726
exclusive_time = 231
process_id = p10
operationName = UploadRating
serviceName = rating-service
------------------------------------------------------------------------------------
span = 5
trace_id = 92f4930ad42c378f
span_id = cfb2cc559b875689
parent_id = 1534eca3979c1206
start_time = 1682628698222545
end_time = 1682628698224992
inclusive_time = 2447
exclusive_time = 1315
process_id = p2
operationName = UploadRating
serviceName = compose-review-service
------------------------------------------------------------------------------------
span = 6
trace_id = 92f4930ad42c378f
span_id = b58ee940df221cf1
parent_id = cfb2cc559b875689
start_time = 1682628698223632
end_time = 1682628698224701
inclusive_time = 1069
exclusive_time = 16
process_id = p4
operationName = UploadMovieReview
serviceName = movie-review-service
------------------------------------------------------------------------------------
span = 7
trace_id = 92f4930ad42c378f
span_id = 3597504708265d8d
parent_id = b58ee940df221cf1
start_time = 1682628698223648
end_time = 1682628698224705
inclusive_time = 1057
exclusive_time = 1057
process_id = p4
operationName = MongoFindMovie
serviceName = movie-review-service
------------------------------------------------------------------------------------
span = 8
trace_id = 92f4930ad42c378f
span_id = 997546eaa4d42136
parent_id = a2db1566c84d4023
start_time = 1682628698221993
end_time = 1682628698222101
inclusive_time = 108
exclusive_time = 108
process_id = p3
operationName = MmcGetMovieId
serviceName = movie-id-service
------------------------------------------------------------------------------------
