span 0
span_id = dd2f2aa996447560
parent_id = None
start_time = 1682730806798000
end_time = 1682730806931707
inclusive_time = 133707
exclusive_time = 956
process_id = p1
operationName = 
serviceName = None
------------------------------------------------------------------------------------
span 1
span_id = 904e3f31969ef371
parent_id = dd2f2aa996447560
start_time = 1682730806798956
end_time = 1682730806931707
inclusive_time = 132751
exclusive_time = 132751
process_id = p1
operationName = 
serviceName = None
------------------------------------------------------------------------------------
