span = 0
span_id = 7fc3eb54738d23fe
parent_id = None
start_time = 1682628697931000
end_time = 1682628697935528
inclusive_time = 4528
exclusive_time = 788
process_id = p7
operationName = /wrk2-api/review/compose
serviceName = nginx
------------------------------------------------------------------------------------
span = 1
span_id = 5d3c3fa59cf2e38c
parent_id = 7fc3eb54738d23fe
start_time = 1682628697931788
end_time = 1682628697935528
inclusive_time = 3740
exclusive_time = 93
process_id = p7
operationName = /wrk2-api/review/compose
serviceName = nginx
------------------------------------------------------------------------------------
span = 2
span_id = 1a63e245a915ed01
parent_id = 5d3c3fa59cf2e38c
start_time = 1682628697931834
end_time = 1682628697935481
inclusive_time = 3647
exclusive_time = 291
process_id = p7
operationName = ComposeReview
serviceName = nginx
------------------------------------------------------------------------------------
span = 3
span_id = 14f761324e0e069e
parent_id = 1a63e245a915ed01
start_time = 1682628697932128
end_time = 1682628697935402
inclusive_time = 3274
exclusive_time = 278
process_id = p8
operationName = UploadMovieId
serviceName = movie-id-service
------------------------------------------------------------------------------------
span = 4
span_id = 082635c6d7a6a109
parent_id = 14f761324e0e069e
start_time = 1682628697932569
end_time = 1682628697935308
inclusive_time = 2739
exclusive_time = 209
process_id = p5
operationName = UploadRating
serviceName = rating-service
------------------------------------------------------------------------------------
span = 5
span_id = 1b727d1d5ab25b56
parent_id = 082635c6d7a6a109
start_time = 1682628697932695
end_time = 1682628697935181
inclusive_time = 2486
exclusive_time = 1241
process_id = p4
operationName = UploadRating
serviceName = compose-review-service
------------------------------------------------------------------------------------
span = 6
span_id = 3437e5bd3ceff0b0
parent_id = 1b727d1d5ab25b56
start_time = 1682628697933808
end_time = 1682628697935013
inclusive_time = 1205
exclusive_time = 25
process_id = p3
operationName = UploadUserReview
serviceName = user-review-service
------------------------------------------------------------------------------------
span = 7
span_id = 5bb3e403d6071fb7
parent_id = 3437e5bd3ceff0b0
start_time = 1682628697933833
end_time = 1682628697935017
inclusive_time = 1184
exclusive_time = 1184
process_id = p3
operationName = MongoFindUser
serviceName = user-review-service
------------------------------------------------------------------------------------
span = 8
span_id = 5ad485d11c6cbd6f
parent_id = 14f761324e0e069e
start_time = 1682628697932395
end_time = 1682628697932495
inclusive_time = 100
exclusive_time = 100
process_id = p8
operationName = MmcSetMovieId
serviceName = movie-id-service
------------------------------------------------------------------------------------
span = 9
span_id = ddb65b7c2cc82e76
parent_id = 14f761324e0e069e
start_time = 1682628697932146
end_time = 1682628697932239
inclusive_time = 93
exclusive_time = 93
process_id = p8
operationName = MmcGetMovieId
serviceName = movie-id-service
------------------------------------------------------------------------------------
