span = 0
trace_id = a67564bbba08cfa8
span_id = a67564bbba08cfa8
parent_id = None
start_time = 1682628698052000
end_time = 1682628698056443
inclusive_time = 4443
exclusive_time = 612
process_id = p3
operationName = /wrk2-api/review/compose
serviceName = nginx
------------------------------------------------------------------------------------
span = 1
trace_id = a67564bbba08cfa8
span_id = fcb3dcca71913e75
parent_id = a67564bbba08cfa8
start_time = 1682628698052612
end_time = 1682628698056444
inclusive_time = 3832
exclusive_time = 98
process_id = p3
operationName = /wrk2-api/review/compose
serviceName = nginx
------------------------------------------------------------------------------------
span = 2
trace_id = a67564bbba08cfa8
span_id = 8fb22483aab8a5a2
parent_id = fcb3dcca71913e75
start_time = 1682628698052649
end_time = 1682628698056383
inclusive_time = 3734
exclusive_time = 646
process_id = p3
operationName = ComposeReview
serviceName = nginx
------------------------------------------------------------------------------------
span = 3
trace_id = a67564bbba08cfa8
span_id = 51c25766ca992760
parent_id = 8fb22483aab8a5a2
start_time = 1682628698052836
end_time = 1682628698055924
inclusive_time = 3088
exclusive_time = 273
process_id = p6
operationName = UploadUserWithUsername
serviceName = user-service
------------------------------------------------------------------------------------
span = 4
trace_id = a67564bbba08cfa8
span_id = b934e1e66809f5bc
parent_id = 51c25766ca992760
start_time = 1682628698053681
end_time = 1682628698055854
inclusive_time = 2173
exclusive_time = 975
process_id = p5
operationName = UploadUserId
serviceName = compose-review-service
------------------------------------------------------------------------------------
span = 5
trace_id = a67564bbba08cfa8
span_id = ffd4dcb1a7b43889
parent_id = b934e1e66809f5bc
start_time = 1682628698054495
end_time = 1682628698055693
inclusive_time = 1198
exclusive_time = 29
process_id = p1
operationName = UploadUserReview
serviceName = user-review-service
------------------------------------------------------------------------------------
span = 6
trace_id = a67564bbba08cfa8
span_id = 5c762a2307d0b9ca
parent_id = ffd4dcb1a7b43889
start_time = 1682628698054524
end_time = 1682628698055701
inclusive_time = 1177
exclusive_time = 1177
process_id = p1
operationName = MongoFindUser
serviceName = user-review-service
------------------------------------------------------------------------------------
span = 7
trace_id = a67564bbba08cfa8
span_id = fccd85e0c2f2699d
parent_id = 51c25766ca992760
start_time = 1682628698052855
end_time = 1682628698053497
inclusive_time = 642
exclusive_time = 642
process_id = p6
operationName = MmcGetUserId
serviceName = user-service
------------------------------------------------------------------------------------
