span = 0
trace_id = 1fd34f6d5eb52485
span_id = 1fd34f6d5eb52485
parent_id = None
start_time = 1682628697889000
end_time = 1682628697893454
inclusive_time = 4454
exclusive_time = 240
process_id = p1
operationName = /wrk2-api/review/compose
serviceName = nginx
call path = 
------------------------------------------------------------------------------------
span = 1
trace_id = 1fd34f6d5eb52485
span_id = f1c6994c636ad1b6
parent_id = 1fd34f6d5eb52485
start_time = 1682628697889239
end_time = 1682628697893453
inclusive_time = 4214
exclusive_time = 189
process_id = p1
operationName = /wrk2-api/review/compose
serviceName = nginx
call path = ->/wrk2-api/review/compose_nginx
------------------------------------------------------------------------------------
span = 2
trace_id = 1fd34f6d5eb52485
span_id = 2a8c208f2fb57da2
parent_id = f1c6994c636ad1b6
start_time = 1682628697889280
end_time = 1682628697893305
inclusive_time = 4025
exclusive_time = 276
process_id = p1
operationName = ComposeReview
serviceName = nginx
call path = ->/wrk2-api/review/compose_nginx->/wrk2-api/review/compose_nginx
------------------------------------------------------------------------------------
span = 3
trace_id = 1fd34f6d5eb52485
span_id = b1c2ce5f69483b68
parent_id = 2a8c208f2fb57da2
start_time = 1682628697889727
end_time = 1682628697893211
inclusive_time = 3484
exclusive_time = 334
process_id = p3
operationName = UploadMovieId
serviceName = movie-id-service
call path = ->/wrk2-api/review/compose_nginx->/wrk2-api/review/compose_nginx->ComposeReview_nginx
------------------------------------------------------------------------------------
span = 4
trace_id = 1fd34f6d5eb52485
span_id = 8b8d3c1728831253
parent_id = b1c2ce5f69483b68
start_time = 1682628697890206
end_time = 1682628697893085
inclusive_time = 2879
exclusive_time = 279
process_id = p7
operationName = UploadRating
serviceName = rating-service
call path = ->/wrk2-api/review/compose_nginx->/wrk2-api/review/compose_nginx->ComposeReview_nginx->UploadMovieId_movie-id-service
------------------------------------------------------------------------------------
span = 5
trace_id = 1fd34f6d5eb52485
span_id = 5e546ba5a54ffa08
parent_id = 8b8d3c1728831253
start_time = 1682628697890357
end_time = 1682628697892957
inclusive_time = 2600
exclusive_time = 1303
process_id = p2
operationName = UploadRating
serviceName = compose-review-service
call path = ->/wrk2-api/review/compose_nginx->/wrk2-api/review/compose_nginx->ComposeReview_nginx->UploadMovieId_movie-id-service->UploadRating_rating-service
------------------------------------------------------------------------------------
span = 6
trace_id = 1fd34f6d5eb52485
span_id = 3d2d9ca9b250b157
parent_id = 5e546ba5a54ffa08
start_time = 1682628697891544
end_time = 1682628697892694
inclusive_time = 1150
exclusive_time = 27
process_id = p6
operationName = UploadUserReview
serviceName = user-review-service
call path = ->/wrk2-api/review/compose_nginx->/wrk2-api/review/compose_nginx->ComposeReview_nginx->UploadMovieId_movie-id-service->UploadRating_rating-service->UploadRating_compose-review-service
------------------------------------------------------------------------------------
span = 7
trace_id = 1fd34f6d5eb52485
span_id = 1fc2254301b49f90
parent_id = 3d2d9ca9b250b157
start_time = 1682628697891571
end_time = 1682628697892701
inclusive_time = 1130
exclusive_time = 1130
process_id = p6
operationName = MongoFindUser
serviceName = user-review-service
call path = ->/wrk2-api/review/compose_nginx->/wrk2-api/review/compose_nginx->ComposeReview_nginx->UploadMovieId_movie-id-service->UploadRating_rating-service->UploadRating_compose-review-service->UploadUserReview_user-review-service
------------------------------------------------------------------------------------
span = 8
trace_id = 1fd34f6d5eb52485
span_id = 6fb90879d945ce58
parent_id = b1c2ce5f69483b68
start_time = 1682628697889740
end_time = 1682628697889832
inclusive_time = 92
exclusive_time = 92
process_id = p3
operationName = MmcGetMovieId
serviceName = movie-id-service
call path = ->/wrk2-api/review/compose_nginx->/wrk2-api/review/compose_nginx->ComposeReview_nginx->UploadMovieId_movie-id-service
------------------------------------------------------------------------------------
