span = 0
trace_id = e44f60369ef5e885
span_id = e44f60369ef5e885
parent_id = None
start_time = 1682640572053000
end_time = 1682640572053438
inclusive_time = 438
exclusive_time = 297
process_id = p1
operationName = 
serviceName = nginx
------------------------------------------------------------------------------------
span = 1
trace_id = e44f60369ef5e885
span_id = 9ce371946dc2d7f7
parent_id = e44f60369ef5e885
start_time = 1682640572053340
end_time = 1682640572053437
inclusive_time = 97
exclusive_time = 97
process_id = p1
operationName = 
serviceName = nginx
------------------------------------------------------------------------------------
span = 2
trace_id = e44f60369ef5e885
span_id = 222cc6e4d7b1f68f
parent_id = e44f60369ef5e885
start_time = 1682640572053226
end_time = 1682640572053270
inclusive_time = 44
exclusive_time = 44
process_id = p1
operationName = 
serviceName = nginx
------------------------------------------------------------------------------------
