span = 0
trace_id = a9acd021757b5d8f
span_id = a9acd021757b5d8f
parent_id = None
start_time = 1682628698232000
end_time = 1682628698236744
inclusive_time = 4744
exclusive_time = 522
process_id = p5
operationName = /wrk2-api/review/compose
serviceName = nginx
------------------------------------------------------------------------------------
span = 1
trace_id = a9acd021757b5d8f
span_id = 435ac1c8fb38389a
parent_id = a9acd021757b5d8f
start_time = 1682628698232521
end_time = 1682628698236743
inclusive_time = 4222
exclusive_time = 102
process_id = p5
operationName = /wrk2-api/review/compose
serviceName = nginx
------------------------------------------------------------------------------------
span = 2
trace_id = a9acd021757b5d8f
span_id = 1a157c594dd0aff4
parent_id = 435ac1c8fb38389a
start_time = 1682628698232566
end_time = 1682628698236686
inclusive_time = 4120
exclusive_time = 696
process_id = p5
operationName = ComposeReview
serviceName = nginx
------------------------------------------------------------------------------------
span = 3
trace_id = a9acd021757b5d8f
span_id = 84707134351f45ff
parent_id = 1a157c594dd0aff4
start_time = 1682628698232888
end_time = 1682628698236216
inclusive_time = 3328
exclusive_time = 261
process_id = p1
operationName = UploadMovieId
serviceName = movie-id-service
------------------------------------------------------------------------------------
span = 4
trace_id = a9acd021757b5d8f
span_id = 1de2298df2891fab
parent_id = 84707134351f45ff
start_time = 1682628698233280
end_time = 1682628698236107
inclusive_time = 2827
exclusive_time = 399
process_id = p10
operationName = UploadRating
serviceName = rating-service
------------------------------------------------------------------------------------
span = 5
trace_id = a9acd021757b5d8f
span_id = ee9b552d87a9f2b4
parent_id = 1de2298df2891fab
start_time = 1682628698233445
end_time = 1682628698235873
inclusive_time = 2428
exclusive_time = 1160
process_id = p2
operationName = UploadRating
serviceName = compose-review-service
------------------------------------------------------------------------------------
span = 6
trace_id = a9acd021757b5d8f
span_id = 8f81157bd1209340
parent_id = ee9b552d87a9f2b4
start_time = 1682628698234451
end_time = 1682628698235682
inclusive_time = 1231
exclusive_time = 25
process_id = p3
operationName = UploadMovieReview
serviceName = movie-review-service
------------------------------------------------------------------------------------
span = 7
trace_id = a9acd021757b5d8f
span_id = a2a3c4f8e7e175bc
parent_id = 8f81157bd1209340
start_time = 1682628698234476
end_time = 1682628698235689
inclusive_time = 1213
exclusive_time = 1213
process_id = p3
operationName = MongoFindMovie
serviceName = movie-review-service
------------------------------------------------------------------------------------
span = 8
trace_id = a9acd021757b5d8f
span_id = f06e025a75f436de
parent_id = 84707134351f45ff
start_time = 1682628698233115
end_time = 1682628698233212
inclusive_time = 97
exclusive_time = 97
process_id = p1
operationName = MmcSetMovieId
serviceName = movie-id-service
------------------------------------------------------------------------------------
span = 9
trace_id = a9acd021757b5d8f
span_id = c0d5b99868661c77
parent_id = 84707134351f45ff
start_time = 1682628698232907
end_time = 1682628698232983
inclusive_time = 76
exclusive_time = 76
process_id = p1
operationName = MmcGetMovieId
serviceName = movie-id-service
------------------------------------------------------------------------------------
