span 0
span_id = 6deeb0c5a637349e
parent_id = None
start_time = 1682628698005000
end_time = 1682628698010617
inclusive_time = 5617
exclusive_time = 791
process_id = p1
operationName = /wrk2-api/review/compose
serviceName = None
------------------------------------------------------------------------------------
span 1
span_id = a99819a5519ba138
parent_id = 6deeb0c5a637349e
start_time = 1682628698005790
end_time = 1682628698010616
inclusive_time = 4826
exclusive_time = 73
process_id = p1
operationName = /wrk2-api/review/compose
serviceName = None
------------------------------------------------------------------------------------
span 2
span_id = 0cd6283bbf870180
parent_id = a99819a5519ba138
start_time = 1682628698005824
end_time = 1682628698010577
inclusive_time = 4753
exclusive_time = 505
process_id = p1
operationName = ComposeReview
serviceName = None
------------------------------------------------------------------------------------
span 3
span_id = d1fda5c1a1866bf6
parent_id = 0cd6283bbf870180
start_time = 1682628698006115
end_time = 1682628698010277
inclusive_time = 4162
exclusive_time = 346
process_id = p3
operationName = UploadMovieId
serviceName = None
------------------------------------------------------------------------------------
span 4
span_id = 2fe5d5ba0cc54091
parent_id = d1fda5c1a1866bf6
start_time = 1682628698006579
end_time = 1682628698010132
inclusive_time = 3553
exclusive_time = 302
process_id = p9
operationName = UploadRating
serviceName = None
------------------------------------------------------------------------------------
span 5
span_id = cfd314c19df36b91
parent_id = 2fe5d5ba0cc54091
start_time = 1682628698006775
end_time = 1682628698009989
inclusive_time = 3214
exclusive_time = 1627
process_id = p5
operationName = UploadRating
serviceName = None
------------------------------------------------------------------------------------
span 6
span_id = 1121a973bdfd83f5
parent_id = cfd314c19df36b91
start_time = 1682628698008775
end_time = 1682628698009762
inclusive_time = 987
exclusive_time = 20
process_id = p6
operationName = UploadUserReview
serviceName = None
------------------------------------------------------------------------------------
span 7
span_id = 4a54540bfb356e0c
parent_id = 1121a973bdfd83f5
start_time = 1682628698008795
end_time = 1682628698009764
inclusive_time = 969
exclusive_time = 969
process_id = p6
operationName = MongoFindUser
serviceName = None
------------------------------------------------------------------------------------
span 8
span_id = c63539248780ab7a
parent_id = cfd314c19df36b91
start_time = 1682628698008175
end_time = 1682628698008525
inclusive_time = 350
exclusive_time = 44
process_id = p4
operationName = StoreReview
serviceName = None
------------------------------------------------------------------------------------
span 9
span_id = 9c5bdccdf6cc27c0
parent_id = c63539248780ab7a
start_time = 1682628698008205
end_time = 1682628698008511
inclusive_time = 306
exclusive_time = 306
process_id = p4
operationName = MongoInsertReview
serviceName = None
------------------------------------------------------------------------------------
span 10
span_id = 64b1dd7356bf83d4
parent_id = d1fda5c1a1866bf6
start_time = 1682628698006379
end_time = 1682628698006479
inclusive_time = 100
exclusive_time = 100
process_id = p3
operationName = MmcSetMovieId
serviceName = None
------------------------------------------------------------------------------------
span 11
span_id = 02d30f4059540198
parent_id = d1fda5c1a1866bf6
start_time = 1682628698006138
end_time = 1682628698006234
inclusive_time = 96
exclusive_time = 96
process_id = p3
operationName = MmcGetMovieId
serviceName = None
------------------------------------------------------------------------------------
