span 0
span_id = 9d419dfb544c8cdd
parent_id = None
start_time = 1682628698184000
end_time = 1682628698188604
inclusive_time = 4604
exclusive_time = 241
process_id = p7
operationName = /wrk2-api/review/compose
serviceName = None
------------------------------------------------------------------------------------
span 1
span_id = 3601cf7f5b6798e0
parent_id = 9d419dfb544c8cdd
start_time = 1682628698184241
end_time = 1682628698188604
inclusive_time = 4363
exclusive_time = 98
process_id = p7
operationName = /wrk2-api/review/compose
serviceName = None
------------------------------------------------------------------------------------
span 2
span_id = 9d4df249d7becee9
parent_id = 3601cf7f5b6798e0
start_time = 1682628698184300
end_time = 1682628698188565
inclusive_time = 4265
exclusive_time = 845
process_id = p7
operationName = ComposeReview
serviceName = None
------------------------------------------------------------------------------------
span 3
span_id = e48851241bcdccb0
parent_id = 9d4df249d7becee9
start_time = 1682628698184622
end_time = 1682628698187937
inclusive_time = 3315
exclusive_time = 310
process_id = p5
operationName = UploadMovieId
serviceName = None
------------------------------------------------------------------------------------
span 4
span_id = 40095962b532340d
parent_id = e48851241bcdccb0
start_time = 1682628698185147
end_time = 1682628698187823
inclusive_time = 2676
exclusive_time = 269
process_id = p10
operationName = UploadRating
serviceName = None
------------------------------------------------------------------------------------
span 5
span_id = c2f3356c0cc044dd
parent_id = 40095962b532340d
start_time = 1682628698185348
end_time = 1682628698187685
inclusive_time = 2337
exclusive_time = 934
process_id = p4
operationName = UploadRating
serviceName = None
------------------------------------------------------------------------------------
span 6
span_id = 697173e69d7aaa93
parent_id = c2f3356c0cc044dd
start_time = 1682628698186158
end_time = 1682628698187497
inclusive_time = 1339
exclusive_time = 18
process_id = p1
operationName = UploadMovieReview
serviceName = None
------------------------------------------------------------------------------------
span 7
span_id = db080f9c5ffa59dd
parent_id = 697173e69d7aaa93
start_time = 1682628698186176
end_time = 1682628698187503
inclusive_time = 1327
exclusive_time = 1327
process_id = p1
operationName = MongoFindMovie
serviceName = None
------------------------------------------------------------------------------------
span 8
span_id = 491ff10411e666ef
parent_id = e48851241bcdccb0
start_time = 1682628698184907
end_time = 1682628698185009
inclusive_time = 102
exclusive_time = 102
process_id = p5
operationName = MmcSetMovieId
serviceName = None
------------------------------------------------------------------------------------
span 9
span_id = 6b3c0a74d7cf4b55
parent_id = e48851241bcdccb0
start_time = 1682628698184635
end_time = 1682628698184749
inclusive_time = 114
exclusive_time = 114
process_id = p5
operationName = MmcGetMovieId
serviceName = None
------------------------------------------------------------------------------------
