span = 0
span_id = 3d3a4d62b7c7ede7
parent_id = None
start_time = 1682628697887000
end_time = 1682628697890928
inclusive_time = 3928
exclusive_time = 153
process_id = p3
operationName = /wrk2-api/review/compose
serviceName = nginx
------------------------------------------------------------------------------------
span = 1
span_id = 06ab5394b36052be
parent_id = 3d3a4d62b7c7ede7
start_time = 1682628697887152
end_time = 1682628697890927
inclusive_time = 3775
exclusive_time = 110
process_id = p3
operationName = /wrk2-api/review/compose
serviceName = nginx
------------------------------------------------------------------------------------
span = 2
span_id = 5eb385682dfa636d
parent_id = 06ab5394b36052be
start_time = 1682628697887213
end_time = 1682628697890878
inclusive_time = 3665
exclusive_time = 345
process_id = p3
operationName = ComposeReview
serviceName = nginx
------------------------------------------------------------------------------------
span = 3
span_id = a4a4db363e4e9601
parent_id = 5eb385682dfa636d
start_time = 1682628697888197
end_time = 1682628697890825
inclusive_time = 2628
exclusive_time = 257
process_id = p10
operationName = UploadUniqueId
serviceName = unique-id-service
------------------------------------------------------------------------------------
span = 4
span_id = dba9047c633895e5
parent_id = a4a4db363e4e9601
start_time = 1682628697888361
end_time = 1682628697890732
inclusive_time = 2371
exclusive_time = 1120
process_id = p1
operationName = UploadUniqueId
serviceName = compose-review-service
------------------------------------------------------------------------------------
span = 5
span_id = 64974569a2a6b9f3
parent_id = dba9047c633895e5
start_time = 1682628697889369
end_time = 1682628697890478
inclusive_time = 1109
exclusive_time = 25
process_id = p6
operationName = UploadUserReview
serviceName = user-review-service
------------------------------------------------------------------------------------
span = 6
span_id = 674cd7fb4df43b4f
parent_id = 64974569a2a6b9f3
start_time = 1682628697889394
end_time = 1682628697890482
inclusive_time = 1088
exclusive_time = 1088
process_id = p6
operationName = MongoFindUser
serviceName = user-review-service
------------------------------------------------------------------------------------
span = 7
span_id = 4b750a9ce0ec4361
parent_id = 5eb385682dfa636d
start_time = 1682628697887505
end_time = 1682628697888077
inclusive_time = 572
exclusive_time = 231
process_id = p5
operationName = UploadUserWithUsername
serviceName = user-service
------------------------------------------------------------------------------------
span = 8
span_id = 433feecca272f71c
parent_id = 4b750a9ce0ec4361
start_time = 1682628697887758
end_time = 1682628697888008
inclusive_time = 250
exclusive_time = 250
process_id = p1
operationName = UploadUserId
serviceName = compose-review-service
------------------------------------------------------------------------------------
span = 9
span_id = bb9b0c0b4ee3d8cb
parent_id = 4b750a9ce0ec4361
start_time = 1682628697887523
end_time = 1682628697887614
inclusive_time = 91
exclusive_time = 91
process_id = p5
operationName = MmcGetUserId
serviceName = user-service
------------------------------------------------------------------------------------
