span 0
span_id = bad812c3e740f15f
parent_id = None
start_time = 1682628698034000
end_time = 1682628698040721
inclusive_time = 6721
exclusive_time = 814
process_id = p9
operationName = /wrk2-api/review/compose
serviceName = None
------------------------------------------------------------------------------------
span 1
span_id = 33312bd52a7d4c25
parent_id = bad812c3e740f15f
start_time = 1682628698034814
end_time = 1682628698040721
inclusive_time = 5907
exclusive_time = 108
process_id = p9
operationName = /wrk2-api/review/compose
serviceName = None
------------------------------------------------------------------------------------
span 2
span_id = 41e6740212834770
parent_id = 33312bd52a7d4c25
start_time = 1682628698034860
end_time = 1682628698040659
inclusive_time = 5799
exclusive_time = 447
process_id = p9
operationName = ComposeReview
serviceName = None
------------------------------------------------------------------------------------
span 3
span_id = 34d37f53544cd9e1
parent_id = 41e6740212834770
start_time = 1682628698035171
end_time = 1682628698040402
inclusive_time = 5231
exclusive_time = 429
process_id = p7
operationName = UploadMovieId
serviceName = None
------------------------------------------------------------------------------------
span 4
span_id = fee8685512eddfba
parent_id = 34d37f53544cd9e1
start_time = 1682628698036034
end_time = 1682628698040256
inclusive_time = 4222
exclusive_time = 322
process_id = p8
operationName = UploadRating
serviceName = None
------------------------------------------------------------------------------------
span 5
span_id = e958d42eae39729d
parent_id = fee8685512eddfba
start_time = 1682628698036231
end_time = 1682628698040131
inclusive_time = 3900
exclusive_time = 2681
process_id = p2
operationName = UploadRating
serviceName = None
------------------------------------------------------------------------------------
span 6
span_id = 1db65bee3c719bc0
parent_id = e958d42eae39729d
start_time = 1682628698038530
end_time = 1682628698039688
inclusive_time = 1158
exclusive_time = 24
process_id = p5
operationName = UploadMovieReview
serviceName = None
------------------------------------------------------------------------------------
span 7
span_id = a156fdada521ad9b
parent_id = 1db65bee3c719bc0
start_time = 1682628698038554
end_time = 1682628698039692
inclusive_time = 1138
exclusive_time = 1138
process_id = p5
operationName = MongoFindMovie
serviceName = None
------------------------------------------------------------------------------------
span 8
span_id = 24e241720bd1fe2f
parent_id = 34d37f53544cd9e1
start_time = 1682628698035549
end_time = 1682628698035656
inclusive_time = 107
exclusive_time = 107
process_id = p7
operationName = MmcSetMovieId
serviceName = None
------------------------------------------------------------------------------------
span 9
span_id = 3647a233afb5275c
parent_id = 34d37f53544cd9e1
start_time = 1682628698035188
end_time = 1682628698035316
inclusive_time = 128
exclusive_time = 128
process_id = p7
operationName = MmcGetMovieId
serviceName = None
------------------------------------------------------------------------------------
