span 0
span_id = b33596ef7cb8d686
parent_id = None
start_time = 1682628698160000
end_time = 1682628698164942
inclusive_time = 4942
exclusive_time = 898
process_id = p4
operationName = /wrk2-api/review/compose
serviceName = None
------------------------------------------------------------------------------------
span 1
span_id = d2ff999c599cebec
parent_id = b33596ef7cb8d686
start_time = 1682628698160898
end_time = 1682628698164942
inclusive_time = 4044
exclusive_time = 88
process_id = p4
operationName = /wrk2-api/review/compose
serviceName = None
------------------------------------------------------------------------------------
span 2
span_id = fb8b62faec149ec2
parent_id = d2ff999c599cebec
start_time = 1682628698160937
end_time = 1682628698164893
inclusive_time = 3956
exclusive_time = 607
process_id = p4
operationName = ComposeReview
serviceName = None
------------------------------------------------------------------------------------
span 3
span_id = 0d03fc933427bf35
parent_id = fb8b62faec149ec2
start_time = 1682628698161231
end_time = 1682628698164472
inclusive_time = 3241
exclusive_time = 394
process_id = p7
operationName = UploadMovieId
serviceName = None
------------------------------------------------------------------------------------
span 4
span_id = 0f6643c888ef89ce
parent_id = 0d03fc933427bf35
start_time = 1682628698161681
end_time = 1682628698164332
inclusive_time = 2651
exclusive_time = 286
process_id = p1
operationName = UploadRating
serviceName = None
------------------------------------------------------------------------------------
span 5
span_id = fa07494d569e5881
parent_id = 0f6643c888ef89ce
start_time = 1682628698161858
end_time = 1682628698164223
inclusive_time = 2365
exclusive_time = 1100
process_id = p2
operationName = UploadRating
serviceName = None
------------------------------------------------------------------------------------
span 6
span_id = 36d93acc8fdcb9f5
parent_id = fa07494d569e5881
start_time = 1682628698162862
end_time = 1682628698164079
inclusive_time = 1217
exclusive_time = 19
process_id = p3
operationName = UploadMovieReview
serviceName = None
------------------------------------------------------------------------------------
span 7
span_id = a20da6ae2d41e4f7
parent_id = 36d93acc8fdcb9f5
start_time = 1682628698162881
end_time = 1682628698164083
inclusive_time = 1202
exclusive_time = 1202
process_id = p3
operationName = MongoFindMovie
serviceName = None
------------------------------------------------------------------------------------
span 8
span_id = c7816ec162c4ef7d
parent_id = 0d03fc933427bf35
start_time = 1682628698161585
end_time = 1682628698161663
inclusive_time = 78
exclusive_time = 78
process_id = p7
operationName = MmcSetMovieId
serviceName = None
------------------------------------------------------------------------------------
span 9
span_id = 43ef398a89d4fec7
parent_id = 0d03fc933427bf35
start_time = 1682628698161252
end_time = 1682628698161363
inclusive_time = 111
exclusive_time = 111
process_id = p7
operationName = MmcGetMovieId
serviceName = None
------------------------------------------------------------------------------------
