span = 0
span_id = 3d0b640bb9e9d8e3
parent_id = None
start_time = 1682628698304000
end_time = 1682628698308991
inclusive_time = 4991
exclusive_time = 955
process_id = p1
operationName = /wrk2-api/review/compose
serviceName = nginx
------------------------------------------------------------------------------------
span = 1
span_id = 9bf5ce9770ca88b9
parent_id = 3d0b640bb9e9d8e3
start_time = 1682628698304955
end_time = 1682628698308991
inclusive_time = 4036
exclusive_time = 82
process_id = p1
operationName = /wrk2-api/review/compose
serviceName = nginx
------------------------------------------------------------------------------------
span = 2
span_id = cbf9198d6dfb3aa7
parent_id = 9bf5ce9770ca88b9
start_time = 1682628698304991
end_time = 1682628698308945
inclusive_time = 3954
exclusive_time = 482
process_id = p1
operationName = ComposeReview
serviceName = nginx
------------------------------------------------------------------------------------
span = 3
span_id = 826b8717909c0c87
parent_id = cbf9198d6dfb3aa7
start_time = 1682628698305263
end_time = 1682628698308638
inclusive_time = 3375
exclusive_time = 397
process_id = p4
operationName = UploadMovieId
serviceName = movie-id-service
------------------------------------------------------------------------------------
span = 4
span_id = fa6e612073a9f243
parent_id = 826b8717909c0c87
start_time = 1682628698305821
end_time = 1682628698308526
inclusive_time = 2705
exclusive_time = 228
process_id = p10
operationName = UploadRating
serviceName = rating-service
------------------------------------------------------------------------------------
span = 5
span_id = 7ac95c7a5a7eea75
parent_id = fa6e612073a9f243
start_time = 1682628698306004
end_time = 1682628698308414
inclusive_time = 2410
exclusive_time = 1089
process_id = p3
operationName = UploadRating
serviceName = compose-review-service
------------------------------------------------------------------------------------
span = 6
span_id = 3c4b0546548add31
parent_id = 7ac95c7a5a7eea75
start_time = 1682628698306938
end_time = 1682628698308259
inclusive_time = 1321
exclusive_time = 25
process_id = p2
operationName = UploadUserReview
serviceName = user-review-service
------------------------------------------------------------------------------------
span = 7
span_id = f5adc59480001810
parent_id = 3c4b0546548add31
start_time = 1682628698306963
end_time = 1682628698308267
inclusive_time = 1304
exclusive_time = 1304
process_id = p2
operationName = MongoFindUser
serviceName = user-review-service
------------------------------------------------------------------------------------
span = 8
span_id = 7a477230aa34708a
parent_id = 826b8717909c0c87
start_time = 1682628698305581
end_time = 1682628698305669
inclusive_time = 88
exclusive_time = 88
process_id = p4
operationName = MmcSetMovieId
serviceName = movie-id-service
------------------------------------------------------------------------------------
span = 9
span_id = ccb83dcccc2a15f6
parent_id = 826b8717909c0c87
start_time = 1682628698305282
end_time = 1682628698305404
inclusive_time = 122
exclusive_time = 122
process_id = p4
operationName = MmcGetMovieId
serviceName = movie-id-service
------------------------------------------------------------------------------------
