span 0
span_id = e6e8c7c2d63d5359
parent_id = None
start_time = 1682628698204000
end_time = 1682628698208691
inclusive_time = 4691
exclusive_time = 508
process_id = p7
operationName = /wrk2-api/review/compose
serviceName = None
------------------------------------------------------------------------------------
span 1
span_id = 113ed8942f5eb399
parent_id = e6e8c7c2d63d5359
start_time = 1682628698204508
end_time = 1682628698208691
inclusive_time = 4183
exclusive_time = 92
process_id = p7
operationName = /wrk2-api/review/compose
serviceName = None
------------------------------------------------------------------------------------
span 2
span_id = b19466f63b9cd60a
parent_id = 113ed8942f5eb399
start_time = 1682628698204547
end_time = 1682628698208638
inclusive_time = 4091
exclusive_time = 840
process_id = p7
operationName = ComposeReview
serviceName = None
------------------------------------------------------------------------------------
span 3
span_id = 2668b5ad5360a054
parent_id = b19466f63b9cd60a
start_time = 1682628698204948
end_time = 1682628698208006
inclusive_time = 3058
exclusive_time = 292
process_id = p4
operationName = UploadMovieId
serviceName = None
------------------------------------------------------------------------------------
span 4
span_id = 4d69091b28f4ae3b
parent_id = 2668b5ad5360a054
start_time = 1682628698205443
end_time = 1682628698207910
inclusive_time = 2467
exclusive_time = 190
process_id = p10
operationName = UploadRating
serviceName = None
------------------------------------------------------------------------------------
span 5
span_id = b51da7178a346194
parent_id = 4d69091b28f4ae3b
start_time = 1682628698205582
end_time = 1682628698207797
inclusive_time = 2215
exclusive_time = 998
process_id = p3
operationName = UploadRating
serviceName = None
------------------------------------------------------------------------------------
span 6
span_id = bf499f7a1e4affd8
parent_id = b51da7178a346194
start_time = 1682628698206419
end_time = 1682628698207548
inclusive_time = 1129
exclusive_time = 28
process_id = p5
operationName = UploadMovieReview
serviceName = None
------------------------------------------------------------------------------------
span 7
span_id = 7a74dc145b587864
parent_id = bf499f7a1e4affd8
start_time = 1682628698206447
end_time = 1682628698207552
inclusive_time = 1105
exclusive_time = 1105
process_id = p5
operationName = MongoFindMovie
serviceName = None
------------------------------------------------------------------------------------
span 8
span_id = 6a12250ab1976620
parent_id = 2668b5ad5360a054
start_time = 1682628698205218
end_time = 1682628698205307
inclusive_time = 89
exclusive_time = 89
process_id = p4
operationName = MmcSetMovieId
serviceName = None
------------------------------------------------------------------------------------
span 9
span_id = baaf5f5365205cb9
parent_id = 2668b5ad5360a054
start_time = 1682628698204967
end_time = 1682628698205076
inclusive_time = 109
exclusive_time = 109
process_id = p4
operationName = MmcGetMovieId
serviceName = None
------------------------------------------------------------------------------------
