span = 0
trace_id = 220ee15a47006d6b
span_id = 220ee15a47006d6b
parent_id = None
start_time = 1682628697963000
end_time = 1682628697967730
inclusive_time = 4730
exclusive_time = 310
process_id = p7
operationName = /wrk2-api/review/compose
serviceName = nginx
------------------------------------------------------------------------------------
span = 1
trace_id = 220ee15a47006d6b
span_id = 8b49e019ecda6d60
parent_id = 220ee15a47006d6b
start_time = 1682628697963310
end_time = 1682628697967730
inclusive_time = 4420
exclusive_time = 103
process_id = p7
operationName = /wrk2-api/review/compose
serviceName = nginx
------------------------------------------------------------------------------------
span = 2
trace_id = 220ee15a47006d6b
span_id = 18692e37935b7b9e
parent_id = 8b49e019ecda6d60
start_time = 1682628697963341
end_time = 1682628697967658
inclusive_time = 4317
exclusive_time = 740
process_id = p7
operationName = ComposeReview
serviceName = nginx
------------------------------------------------------------------------------------
span = 3
trace_id = 220ee15a47006d6b
span_id = e154ace336774ec5
parent_id = 18692e37935b7b9e
start_time = 1682628697963555
end_time = 1682628697967072
inclusive_time = 3517
exclusive_time = 404
process_id = p6
operationName = UploadMovieId
serviceName = movie-id-service
------------------------------------------------------------------------------------
span = 4
trace_id = 220ee15a47006d6b
span_id = ffe51b6ef166137d
parent_id = e154ace336774ec5
start_time = 1682628697963969
end_time = 1682628697966947
inclusive_time = 2978
exclusive_time = 312
process_id = p3
operationName = UploadRating
serviceName = rating-service
------------------------------------------------------------------------------------
span = 5
trace_id = 220ee15a47006d6b
span_id = e5cd52459db16397
parent_id = ffe51b6ef166137d
start_time = 1682628697964186
end_time = 1682628697966769
inclusive_time = 2583
exclusive_time = 1196
process_id = p2
operationName = UploadRating
serviceName = compose-review-service
------------------------------------------------------------------------------------
span = 6
trace_id = 220ee15a47006d6b
span_id = 9fa2083b0d7d5593
parent_id = e5cd52459db16397
start_time = 1682628697965367
end_time = 1682628697966568
inclusive_time = 1201
exclusive_time = 27
process_id = p5
operationName = UploadMovieReview
serviceName = movie-review-service
------------------------------------------------------------------------------------
span = 7
trace_id = 220ee15a47006d6b
span_id = 4a36faeeb951b1ca
parent_id = 9fa2083b0d7d5593
start_time = 1682628697965394
end_time = 1682628697966573
inclusive_time = 1179
exclusive_time = 1179
process_id = p5
operationName = MongoFindMovie
serviceName = movie-review-service
------------------------------------------------------------------------------------
span = 8
trace_id = 220ee15a47006d6b
span_id = ab602186b7665a0b
parent_id = e154ace336774ec5
start_time = 1682628697963570
end_time = 1682628697963680
inclusive_time = 110
exclusive_time = 110
process_id = p6
operationName = MmcGetMovieId
serviceName = movie-id-service
------------------------------------------------------------------------------------
