span = 0
trace_id = f5d4443af40b1c6b
span_id = f5d4443af40b1c6b
parent_id = None
start_time = 1682628698286000
end_time = 1682628698290214
inclusive_time = 4214
exclusive_time = 390
process_id = p1
operationName = /wrk2-api/review/compose
serviceName = nginx
call path = 
------------------------------------------------------------------------------------
span = 1
trace_id = f5d4443af40b1c6b
span_id = 4497bc7acc8711ee
parent_id = f5d4443af40b1c6b
start_time = 1682628698286389
end_time = 1682628698290213
inclusive_time = 3824
exclusive_time = 98
process_id = p1
operationName = /wrk2-api/review/compose
serviceName = nginx
call path = ->/wrk2-api/review/compose_nginx
------------------------------------------------------------------------------------
span = 2
trace_id = f5d4443af40b1c6b
span_id = 093d5baeea08776b
parent_id = 4497bc7acc8711ee
start_time = 1682628698286428
end_time = 1682628698290154
inclusive_time = 3726
exclusive_time = 276
process_id = p1
operationName = ComposeReview
serviceName = nginx
call path = ->/wrk2-api/review/compose_nginx->/wrk2-api/review/compose_nginx
------------------------------------------------------------------------------------
span = 3
trace_id = f5d4443af40b1c6b
span_id = ba094fc0f6b1d9dd
parent_id = 093d5baeea08776b
start_time = 1682628698286778
end_time = 1682628698290045
inclusive_time = 3267
exclusive_time = 312
process_id = p4
operationName = UploadMovieId
serviceName = movie-id-service
call path = ->/wrk2-api/review/compose_nginx->/wrk2-api/review/compose_nginx->ComposeReview_nginx
------------------------------------------------------------------------------------
span = 4
trace_id = f5d4443af40b1c6b
span_id = 135ea2a76f92a4fa
parent_id = ba094fc0f6b1d9dd
start_time = 1682628698287168
end_time = 1682628698289925
inclusive_time = 2757
exclusive_time = 241
process_id = p10
operationName = UploadRating
serviceName = rating-service
call path = ->/wrk2-api/review/compose_nginx->/wrk2-api/review/compose_nginx->ComposeReview_nginx->UploadMovieId_movie-id-service
------------------------------------------------------------------------------------
span = 5
trace_id = f5d4443af40b1c6b
span_id = b205aa446b5c3dc7
parent_id = 135ea2a76f92a4fa
start_time = 1682628698287347
end_time = 1682628698289801
inclusive_time = 2454
exclusive_time = 898
process_id = p3
operationName = UploadRating
serviceName = compose-review-service
call path = ->/wrk2-api/review/compose_nginx->/wrk2-api/review/compose_nginx->ComposeReview_nginx->UploadMovieId_movie-id-service->UploadRating_rating-service
------------------------------------------------------------------------------------
span = 6
trace_id = f5d4443af40b1c6b
span_id = 88607734fe74d3e6
parent_id = b205aa446b5c3dc7
start_time = 1682628698288152
end_time = 1682628698289651
inclusive_time = 1499
exclusive_time = 25
process_id = p2
operationName = UploadUserReview
serviceName = user-review-service
call path = ->/wrk2-api/review/compose_nginx->/wrk2-api/review/compose_nginx->ComposeReview_nginx->UploadMovieId_movie-id-service->UploadRating_rating-service->UploadRating_compose-review-service
------------------------------------------------------------------------------------
span = 7
trace_id = f5d4443af40b1c6b
span_id = c7a4a6382f513359
parent_id = 88607734fe74d3e6
start_time = 1682628698288177
end_time = 1682628698289657
inclusive_time = 1480
exclusive_time = 1480
process_id = p2
operationName = MongoFindUser
serviceName = user-review-service
call path = ->/wrk2-api/review/compose_nginx->/wrk2-api/review/compose_nginx->ComposeReview_nginx->UploadMovieId_movie-id-service->UploadRating_rating-service->UploadRating_compose-review-service->UploadUserReview_user-review-service
------------------------------------------------------------------------------------
span = 8
trace_id = f5d4443af40b1c6b
span_id = ac1d0790539dfa6b
parent_id = ba094fc0f6b1d9dd
start_time = 1682628698287034
end_time = 1682628698287116
inclusive_time = 82
exclusive_time = 82
process_id = p4
operationName = MmcSetMovieId
serviceName = movie-id-service
call path = ->/wrk2-api/review/compose_nginx->/wrk2-api/review/compose_nginx->ComposeReview_nginx->UploadMovieId_movie-id-service
------------------------------------------------------------------------------------
span = 9
trace_id = f5d4443af40b1c6b
span_id = df15b4754612a248
parent_id = ba094fc0f6b1d9dd
start_time = 1682628698286796
end_time = 1682628698286900
inclusive_time = 104
exclusive_time = 104
process_id = p4
operationName = MmcGetMovieId
serviceName = movie-id-service
call path = ->/wrk2-api/review/compose_nginx->/wrk2-api/review/compose_nginx->ComposeReview_nginx->UploadMovieId_movie-id-service
------------------------------------------------------------------------------------
