span 0
span_id = cb7869af2eb91eda
parent_id = None
start_time = 1682628697949000
end_time = 1682628697953788
inclusive_time = 4788
exclusive_time = 896
process_id = p8
operationName = /wrk2-api/review/compose
serviceName = None
------------------------------------------------------------------------------------
span 1
span_id = 1d1fe7849ec36a75
parent_id = cb7869af2eb91eda
start_time = 1682628697949896
end_time = 1682628697953788
inclusive_time = 3892
exclusive_time = 100
process_id = p8
operationName = /wrk2-api/review/compose
serviceName = None
------------------------------------------------------------------------------------
span 2
span_id = 6ab2f785af684ce2
parent_id = 1d1fe7849ec36a75
start_time = 1682628697949957
end_time = 1682628697953749
inclusive_time = 3792
exclusive_time = 535
process_id = p8
operationName = ComposeReview
serviceName = None
------------------------------------------------------------------------------------
span 3
span_id = 9f33fc1f662bc800
parent_id = 6ab2f785af684ce2
start_time = 1682628697950353
end_time = 1682628697953485
inclusive_time = 3132
exclusive_time = 355
process_id = p7
operationName = UploadMovieId
serviceName = None
------------------------------------------------------------------------------------
span 4
span_id = 4ee170550c05db82
parent_id = 9f33fc1f662bc800
start_time = 1682628697950892
end_time = 1682628697953350
inclusive_time = 2458
exclusive_time = 261
process_id = p4
operationName = UploadRating
serviceName = None
------------------------------------------------------------------------------------
span 5
span_id = bec13fb44ea927b5
parent_id = 4ee170550c05db82
start_time = 1682628697951106
end_time = 1682628697953229
inclusive_time = 2123
exclusive_time = 1069
process_id = p3
operationName = UploadRating
serviceName = None
------------------------------------------------------------------------------------
span 6
span_id = fe0f9ec90899197e
parent_id = bec13fb44ea927b5
start_time = 1682628697952123
end_time = 1682628697953129
inclusive_time = 1006
exclusive_time = 18
process_id = p6
operationName = UploadMovieReview
serviceName = None
------------------------------------------------------------------------------------
span 7
span_id = 5561a52de7a62553
parent_id = fe0f9ec90899197e
start_time = 1682628697952141
end_time = 1682628697953133
inclusive_time = 992
exclusive_time = 992
process_id = p6
operationName = MongoFindMovie
serviceName = None
------------------------------------------------------------------------------------
span 8
span_id = 2bf4254c6a8f7931
parent_id = 9f33fc1f662bc800
start_time = 1682628697950635
end_time = 1682628697950809
inclusive_time = 174
exclusive_time = 174
process_id = p7
operationName = MmcSetMovieId
serviceName = None
------------------------------------------------------------------------------------
span 9
span_id = f974af8b4c0d6ce6
parent_id = 9f33fc1f662bc800
start_time = 1682628697950376
end_time = 1682628697950495
inclusive_time = 119
exclusive_time = 119
process_id = p7
operationName = MmcGetMovieId
serviceName = None
------------------------------------------------------------------------------------
