span 0
span_id = ec80a78ea967da13
parent_id = None
start_time = 1682628697863000
end_time = 1682628697868110
inclusive_time = 5110
exclusive_time = 837
process_id = p5
operationName = /wrk2-api/review/compose
serviceName = None
------------------------------------------------------------------------------------
span 1
span_id = 4a34e2b0f01f8514
parent_id = ec80a78ea967da13
start_time = 1682628697863837
end_time = 1682628697868110
inclusive_time = 4273
exclusive_time = 91
process_id = p5
operationName = /wrk2-api/review/compose
serviceName = None
------------------------------------------------------------------------------------
span 2
span_id = 50ae1a1ac9a6ba14
parent_id = 4a34e2b0f01f8514
start_time = 1682628697863870
end_time = 1682628697868052
inclusive_time = 4182
exclusive_time = 501
process_id = p5
operationName = ComposeReview
serviceName = None
------------------------------------------------------------------------------------
span 3
span_id = 8040029a2ccf08ca
parent_id = 50ae1a1ac9a6ba14
start_time = 1682628697864435
end_time = 1682628697867719
inclusive_time = 3284
exclusive_time = 305
process_id = p4
operationName = UploadMovieId
serviceName = None
------------------------------------------------------------------------------------
span 4
span_id = 291f55da633c3d10
parent_id = 8040029a2ccf08ca
start_time = 1682628697865236
end_time = 1682628697867609
inclusive_time = 2373
exclusive_time = 276
process_id = p8
operationName = UploadRating
serviceName = None
------------------------------------------------------------------------------------
span 5
span_id = b72ea8e46a47e981
parent_id = 291f55da633c3d10
start_time = 1682628697865388
end_time = 1682628697867485
inclusive_time = 2097
exclusive_time = 762
process_id = p3
operationName = UploadRating
serviceName = None
------------------------------------------------------------------------------------
span 6
span_id = ad9d0cad1b5b5be8
parent_id = b72ea8e46a47e981
start_time = 1682628697866075
end_time = 1682628697867382
inclusive_time = 1307
exclusive_time = 22
process_id = p2
operationName = UploadUserReview
serviceName = None
------------------------------------------------------------------------------------
span 7
span_id = 321c90c7cb0c5d42
parent_id = ad9d0cad1b5b5be8
start_time = 1682628697866097
end_time = 1682628697867385
inclusive_time = 1288
exclusive_time = 1288
process_id = p2
operationName = MongoFindUser
serviceName = None
------------------------------------------------------------------------------------
span 8
span_id = 840a9b5bbf567c8f
parent_id = 8040029a2ccf08ca
start_time = 1682628697864719
end_time = 1682628697864890
inclusive_time = 171
exclusive_time = 171
process_id = p4
operationName = MmcSetMovieId
serviceName = None
------------------------------------------------------------------------------------
span 9
span_id = bce92abfb759a866
parent_id = 8040029a2ccf08ca
start_time = 1682628697864459
end_time = 1682628697864548
inclusive_time = 89
exclusive_time = 89
process_id = p4
operationName = MmcGetMovieId
serviceName = None
------------------------------------------------------------------------------------
