span 0
span_id = ea59f038af8c1824
parent_id = None
start_time = 1682628698332000
end_time = 1682628698337176
inclusive_time = 5176
exclusive_time = 951
process_id = p10
operationName = /wrk2-api/review/compose
serviceName = None
------------------------------------------------------------------------------------
span 1
span_id = b3a6babe1700cd5a
parent_id = ea59f038af8c1824
start_time = 1682628698332951
end_time = 1682628698337176
inclusive_time = 4225
exclusive_time = 109
process_id = p10
operationName = /wrk2-api/review/compose
serviceName = None
------------------------------------------------------------------------------------
span 2
span_id = a04f318f991eaf82
parent_id = b3a6babe1700cd5a
start_time = 1682628698332997
end_time = 1682628698337113
inclusive_time = 4116
exclusive_time = 254
process_id = p10
operationName = ComposeReview
serviceName = None
------------------------------------------------------------------------------------
span 3
span_id = 4fd403aa81bc9452
parent_id = a04f318f991eaf82
start_time = 1682628698333244
end_time = 1682628698337038
inclusive_time = 3794
exclusive_time = 387
process_id = p1
operationName = UploadMovieId
serviceName = None
------------------------------------------------------------------------------------
span 4
span_id = f8d8080e27e9c4f9
parent_id = 4fd403aa81bc9452
start_time = 1682628698333804
end_time = 1682628698336903
inclusive_time = 3099
exclusive_time = 243
process_id = p9
operationName = UploadRating
serviceName = None
------------------------------------------------------------------------------------
span 5
span_id = 149531d519af4884
parent_id = f8d8080e27e9c4f9
start_time = 1682628698333983
end_time = 1682628698336761
inclusive_time = 2778
exclusive_time = 1197
process_id = p2
operationName = UploadRating
serviceName = None
------------------------------------------------------------------------------------
span 6
span_id = 8996e01595239346
parent_id = 149531d519af4884
start_time = 1682628698335123
end_time = 1682628698336617
inclusive_time = 1494
exclusive_time = 25
process_id = p5
operationName = UploadMovieReview
serviceName = None
------------------------------------------------------------------------------------
span 7
span_id = 47801ecdb9e8d3b6
parent_id = 8996e01595239346
start_time = 1682628698335148
end_time = 1682628698336623
inclusive_time = 1475
exclusive_time = 1475
process_id = p5
operationName = MongoFindMovie
serviceName = None
------------------------------------------------------------------------------------
span 8
span_id = c010064b0354dde6
parent_id = 4fd403aa81bc9452
start_time = 1682628698333476
end_time = 1682628698333576
inclusive_time = 100
exclusive_time = 100
process_id = p1
operationName = MmcSetMovieId
serviceName = None
------------------------------------------------------------------------------------
span 9
span_id = 809997f99b0c625e
parent_id = 4fd403aa81bc9452
start_time = 1682628698333255
end_time = 1682628698333330
inclusive_time = 75
exclusive_time = 75
process_id = p1
operationName = MmcGetMovieId
serviceName = None
------------------------------------------------------------------------------------
