span = 0
trace_id = b0cd0ffb6c388fbd
span_id = b0cd0ffb6c388fbd
parent_id = None
start_time = 1682628698197000
end_time = 1682628698201360
inclusive_time = 4360
exclusive_time = 347
process_id = p7
operationName = /wrk2-api/review/compose
serviceName = nginx
------------------------------------------------------------------------------------
span = 1
trace_id = b0cd0ffb6c388fbd
span_id = 359a5c3cbc769205
parent_id = b0cd0ffb6c388fbd
start_time = 1682628698197346
end_time = 1682628698201359
inclusive_time = 4013
exclusive_time = 146
process_id = p7
operationName = /wrk2-api/review/compose
serviceName = nginx
------------------------------------------------------------------------------------
span = 2
trace_id = b0cd0ffb6c388fbd
span_id = 9976c7912bf0d9e5
parent_id = 359a5c3cbc769205
start_time = 1682628698197434
end_time = 1682628698201301
inclusive_time = 3867
exclusive_time = 435
process_id = p7
operationName = ComposeReview
serviceName = nginx
------------------------------------------------------------------------------------
span = 3
trace_id = b0cd0ffb6c388fbd
span_id = 6b313f48f1ecd1d5
parent_id = 9976c7912bf0d9e5
start_time = 1682628698198477
end_time = 1682628698201210
inclusive_time = 2733
exclusive_time = 391
process_id = p8
operationName = UploadUniqueId
serviceName = unique-id-service
------------------------------------------------------------------------------------
span = 4
trace_id = b0cd0ffb6c388fbd
span_id = 5c3cd16fb7db642e
parent_id = 6b313f48f1ecd1d5
start_time = 1682628698198788
end_time = 1682628698201130
inclusive_time = 2342
exclusive_time = 953
process_id = p3
operationName = UploadUniqueId
serviceName = compose-review-service
------------------------------------------------------------------------------------
span = 5
trace_id = b0cd0ffb6c388fbd
span_id = 2798c430982f3487
parent_id = 5c3cd16fb7db642e
start_time = 1682628698199758
end_time = 1682628698200996
inclusive_time = 1238
exclusive_time = 27
process_id = p5
operationName = UploadMovieReview
serviceName = movie-review-service
------------------------------------------------------------------------------------
span = 6
trace_id = b0cd0ffb6c388fbd
span_id = a0b6296573bd4030
parent_id = 2798c430982f3487
start_time = 1682628698199785
end_time = 1682628698201003
inclusive_time = 1218
exclusive_time = 1218
process_id = p5
operationName = MongoFindMovie
serviceName = movie-review-service
------------------------------------------------------------------------------------
