span 0
span_id = d3534d5b5b8604d5
parent_id = None
start_time = 1682628697867000
end_time = 1682628697873042
inclusive_time = 6042
exclusive_time = 750
process_id = p3
operationName = /wrk2-api/review/compose
serviceName = None
------------------------------------------------------------------------------------
span 1
span_id = 8ae1da7b1cae29f6
parent_id = d3534d5b5b8604d5
start_time = 1682628697867750
end_time = 1682628697873042
inclusive_time = 5292
exclusive_time = 92
process_id = p3
operationName = /wrk2-api/review/compose
serviceName = None
------------------------------------------------------------------------------------
span 2
span_id = ddda41660f2a4964
parent_id = 8ae1da7b1cae29f6
start_time = 1682628697867790
end_time = 1682628697872990
inclusive_time = 5200
exclusive_time = 530
process_id = p3
operationName = ComposeReview
serviceName = None
------------------------------------------------------------------------------------
span 3
span_id = d5ea89e69322ba12
parent_id = ddda41660f2a4964
start_time = 1682628697868014
end_time = 1682628697872622
inclusive_time = 4608
exclusive_time = 469
process_id = p5
operationName = UploadMovieId
serviceName = None
------------------------------------------------------------------------------------
span 4
span_id = 5c784bd04cb1114c
parent_id = d5ea89e69322ba12
start_time = 1682628697868513
end_time = 1682628697872374
inclusive_time = 3861
exclusive_time = 623
process_id = p8
operationName = UploadRating
serviceName = None
------------------------------------------------------------------------------------
span 5
span_id = 2e139d37de1c37a2
parent_id = 5c784bd04cb1114c
start_time = 1682628697868697
end_time = 1682628697871879
inclusive_time = 3182
exclusive_time = 1414
process_id = p4
operationName = UploadRating
serviceName = None
------------------------------------------------------------------------------------
span 6
span_id = 66c56116458a1030
parent_id = 2e139d37de1c37a2
start_time = 1682628697870291
end_time = 1682628697871704
inclusive_time = 1413
exclusive_time = 21
process_id = p6
operationName = UploadMovieReview
serviceName = None
------------------------------------------------------------------------------------
span 7
span_id = b1512421ebc2d760
parent_id = 66c56116458a1030
start_time = 1682628697870312
end_time = 1682628697871708
inclusive_time = 1396
exclusive_time = 1396
process_id = p6
operationName = MongoFindMovie
serviceName = None
------------------------------------------------------------------------------------
span 8
span_id = 59b871462b0b53c7
parent_id = 2e139d37de1c37a2
start_time = 1682628697869936
end_time = 1682628697870281
inclusive_time = 345
exclusive_time = 32
process_id = p1
operationName = StoreReview
serviceName = None
------------------------------------------------------------------------------------
span 9
span_id = 518a77142d0c2588
parent_id = 59b871462b0b53c7
start_time = 1682628697869956
end_time = 1682628697870269
inclusive_time = 313
exclusive_time = 313
process_id = p1
operationName = MongoInsertReview
serviceName = None
------------------------------------------------------------------------------------
span 10
span_id = b1e0001c5469d182
parent_id = d5ea89e69322ba12
start_time = 1682628697868310
end_time = 1682628697868417
inclusive_time = 107
exclusive_time = 107
process_id = p5
operationName = MmcSetMovieId
serviceName = None
------------------------------------------------------------------------------------
span 11
span_id = bf70a3b0415abab5
parent_id = d5ea89e69322ba12
start_time = 1682628697868026
end_time = 1682628697868123
inclusive_time = 97
exclusive_time = 97
process_id = p5
operationName = MmcGetMovieId
serviceName = None
------------------------------------------------------------------------------------
