span 0
span_id = fe692c36a34a03d2
parent_id = None
start_time = 1682628697952000
end_time = 1682628697957369
inclusive_time = 5369
exclusive_time = 1131
process_id = p6
operationName = /wrk2-api/review/compose
serviceName = None
------------------------------------------------------------------------------------
span 1
span_id = e2ce51d032d48d76
parent_id = fe692c36a34a03d2
start_time = 1682628697953131
end_time = 1682628697957369
inclusive_time = 4238
exclusive_time = 83
process_id = p6
operationName = /wrk2-api/review/compose
serviceName = None
------------------------------------------------------------------------------------
span 2
span_id = 57f2d90ed1811210
parent_id = e2ce51d032d48d76
start_time = 1682628697953174
end_time = 1682628697957329
inclusive_time = 4155
exclusive_time = 382
process_id = p6
operationName = ComposeReview
serviceName = None
------------------------------------------------------------------------------------
span 3
span_id = cfda711df57e02a9
parent_id = 57f2d90ed1811210
start_time = 1682628697953454
end_time = 1682628697957140
inclusive_time = 3686
exclusive_time = 599
process_id = p8
operationName = UploadMovieId
serviceName = None
------------------------------------------------------------------------------------
span 4
span_id = cd3c904732fed49a
parent_id = cfda711df57e02a9
start_time = 1682628697953985
end_time = 1682628697956843
inclusive_time = 2858
exclusive_time = 295
process_id = p4
operationName = UploadRating
serviceName = None
------------------------------------------------------------------------------------
span 5
span_id = 56a0130b2c5629ed
parent_id = cd3c904732fed49a
start_time = 1682628697954154
end_time = 1682628697956717
inclusive_time = 2563
exclusive_time = 1245
process_id = p3
operationName = UploadRating
serviceName = None
------------------------------------------------------------------------------------
span 6
span_id = 5b5e12b814b2c253
parent_id = 56a0130b2c5629ed
start_time = 1682628697955109
end_time = 1682628697956404
inclusive_time = 1295
exclusive_time = 18
process_id = p7
operationName = UploadMovieReview
serviceName = None
------------------------------------------------------------------------------------
span 7
span_id = 64ee0983aa7c8c5a
parent_id = 5b5e12b814b2c253
start_time = 1682628697955127
end_time = 1682628697956411
inclusive_time = 1284
exclusive_time = 1284
process_id = p7
operationName = MongoFindMovie
serviceName = None
------------------------------------------------------------------------------------
span 8
span_id = 3337c51c9d5727af
parent_id = cfda711df57e02a9
start_time = 1682628697953833
end_time = 1682628697953960
inclusive_time = 127
exclusive_time = 127
process_id = p8
operationName = MmcSetMovieId
serviceName = None
------------------------------------------------------------------------------------
span 9
span_id = 804ed803041a881d
parent_id = cfda711df57e02a9
start_time = 1682628697953469
end_time = 1682628697953545
inclusive_time = 76
exclusive_time = 76
process_id = p8
operationName = MmcGetMovieId
serviceName = None
------------------------------------------------------------------------------------
