span 0
span_id = 8f30a9d2044b5067
parent_id = None
start_time = 1682628698074000
end_time = 1682628698078881
inclusive_time = 4881
exclusive_time = 864
process_id = p1
operationName = /wrk2-api/review/compose
serviceName = None
------------------------------------------------------------------------------------
span 1
span_id = 4c0dfff05d0a6e99
parent_id = 8f30a9d2044b5067
start_time = 1682628698074863
end_time = 1682628698078880
inclusive_time = 4017
exclusive_time = 98
process_id = p1
operationName = /wrk2-api/review/compose
serviceName = None
------------------------------------------------------------------------------------
span 2
span_id = c7615dfea38582a9
parent_id = 4c0dfff05d0a6e99
start_time = 1682628698074914
end_time = 1682628698078833
inclusive_time = 3919
exclusive_time = 647
process_id = p1
operationName = ComposeReview
serviceName = None
------------------------------------------------------------------------------------
span 3
span_id = 169b05f65e8c06e5
parent_id = c7615dfea38582a9
start_time = 1682628698075235
end_time = 1682628698078411
inclusive_time = 3176
exclusive_time = 441
process_id = p5
operationName = UploadMovieId
serviceName = None
------------------------------------------------------------------------------------
span 4
span_id = dc03be97ce8aff56
parent_id = 169b05f65e8c06e5
start_time = 1682628698075739
end_time = 1682628698078285
inclusive_time = 2546
exclusive_time = 311
process_id = p7
operationName = UploadRating
serviceName = None
------------------------------------------------------------------------------------
span 5
span_id = 31bf3a5232e60f91
parent_id = dc03be97ce8aff56
start_time = 1682628698075996
end_time = 1682628698078139
inclusive_time = 2143
exclusive_time = 999
process_id = p3
operationName = UploadRating
serviceName = None
------------------------------------------------------------------------------------
span 6
span_id = 63988eff88540cf5
parent_id = 31bf3a5232e60f91
start_time = 1682628698076846
end_time = 1682628698077954
inclusive_time = 1108
exclusive_time = 25
process_id = p6
operationName = UploadUserReview
serviceName = None
------------------------------------------------------------------------------------
span 7
span_id = e8f9f49a194afeda
parent_id = 63988eff88540cf5
start_time = 1682628698076871
end_time = 1682628698077960
inclusive_time = 1089
exclusive_time = 1089
process_id = p6
operationName = MongoFindUser
serviceName = None
------------------------------------------------------------------------------------
span 8
span_id = c8aabb752d35012a
parent_id = 169b05f65e8c06e5
start_time = 1682628698075254
end_time = 1682628698075368
inclusive_time = 114
exclusive_time = 114
process_id = p5
operationName = MmcGetMovieId
serviceName = None
------------------------------------------------------------------------------------
