span = 0
trace_id = bc81f8ced8729ba7
span_id = bc81f8ced8729ba7
parent_id = None
start_time = 1682628698048000
end_time = 1682628698053492
inclusive_time = 5492
exclusive_time = 931
process_id = p3
operationName = /wrk2-api/review/compose
serviceName = nginx
call path = 
------------------------------------------------------------------------------------
span = 1
trace_id = bc81f8ced8729ba7
span_id = 313c4c47e99f277d
parent_id = bc81f8ced8729ba7
start_time = 1682628698048931
end_time = 1682628698053492
inclusive_time = 4561
exclusive_time = 88
process_id = p3
operationName = /wrk2-api/review/compose
serviceName = nginx
call path = ->/wrk2-api/review/compose_nginx
------------------------------------------------------------------------------------
span = 2
trace_id = bc81f8ced8729ba7
span_id = dbfbc2bf744df718
parent_id = 313c4c47e99f277d
start_time = 1682628698048974
end_time = 1682628698053447
inclusive_time = 4473
exclusive_time = 267
process_id = p3
operationName = ComposeReview
serviceName = nginx
call path = ->/wrk2-api/review/compose_nginx->/wrk2-api/review/compose_nginx
------------------------------------------------------------------------------------
span = 3
trace_id = bc81f8ced8729ba7
span_id = 296654be84cc1700
parent_id = dbfbc2bf744df718
start_time = 1682628698049536
end_time = 1682628698053362
inclusive_time = 3826
exclusive_time = 351
process_id = p7
operationName = UploadMovieId
serviceName = movie-id-service
call path = ->/wrk2-api/review/compose_nginx->/wrk2-api/review/compose_nginx->ComposeReview_nginx
------------------------------------------------------------------------------------
span = 4
trace_id = bc81f8ced8729ba7
span_id = 6c1542ae4cd5f45b
parent_id = 296654be84cc1700
start_time = 1682628698049980
end_time = 1682628698053221
inclusive_time = 3241
exclusive_time = 342
process_id = p8
operationName = UploadRating
serviceName = rating-service
call path = ->/wrk2-api/review/compose_nginx->/wrk2-api/review/compose_nginx->ComposeReview_nginx->UploadMovieId_movie-id-service
------------------------------------------------------------------------------------
span = 5
trace_id = bc81f8ced8729ba7
span_id = 2ac3b2b296d6c522
parent_id = 6c1542ae4cd5f45b
start_time = 1682628698050143
end_time = 1682628698053039
inclusive_time = 2896
exclusive_time = 1488
process_id = p5
operationName = UploadRating
serviceName = compose-review-service
call path = ->/wrk2-api/review/compose_nginx->/wrk2-api/review/compose_nginx->ComposeReview_nginx->UploadMovieId_movie-id-service->UploadRating_rating-service
------------------------------------------------------------------------------------
span = 6
trace_id = bc81f8ced8729ba7
span_id = 05dced750af1c7de
parent_id = 2ac3b2b296d6c522
start_time = 1682628698051787
end_time = 1682628698052926
inclusive_time = 1139
exclusive_time = 18
process_id = p4
operationName = UploadMovieReview
serviceName = movie-review-service
call path = ->/wrk2-api/review/compose_nginx->/wrk2-api/review/compose_nginx->ComposeReview_nginx->UploadMovieId_movie-id-service->UploadRating_rating-service->UploadRating_compose-review-service
------------------------------------------------------------------------------------
span = 7
trace_id = bc81f8ced8729ba7
span_id = 29cde8d038f23c86
parent_id = 05dced750af1c7de
start_time = 1682628698051805
end_time = 1682628698052930
inclusive_time = 1125
exclusive_time = 1125
process_id = p4
operationName = MongoFindMovie
serviceName = movie-review-service
call path = ->/wrk2-api/review/compose_nginx->/wrk2-api/review/compose_nginx->ComposeReview_nginx->UploadMovieId_movie-id-service->UploadRating_rating-service->UploadRating_compose-review-service->UploadMovieReview_movie-review-service
------------------------------------------------------------------------------------
span = 8
trace_id = bc81f8ced8729ba7
span_id = a50c843047f26a96
parent_id = 296654be84cc1700
start_time = 1682628698049858
end_time = 1682628698049964
inclusive_time = 106
exclusive_time = 106
process_id = p7
operationName = MmcSetMovieId
serviceName = movie-id-service
call path = ->/wrk2-api/review/compose_nginx->/wrk2-api/review/compose_nginx->ComposeReview_nginx->UploadMovieId_movie-id-service
------------------------------------------------------------------------------------
span = 9
trace_id = bc81f8ced8729ba7
span_id = f79b3e81f6ca8b0f
parent_id = 296654be84cc1700
start_time = 1682628698049550
end_time = 1682628698049662
inclusive_time = 112
exclusive_time = 112
process_id = p7
operationName = MmcGetMovieId
serviceName = movie-id-service
call path = ->/wrk2-api/review/compose_nginx->/wrk2-api/review/compose_nginx->ComposeReview_nginx->UploadMovieId_movie-id-service
------------------------------------------------------------------------------------
