span = 0
span_id = 41d94323d6d1c8b3
parent_id = None
start_time = 1682628698098000
end_time = 1682628698101674
inclusive_time = 3674
exclusive_time = 37
process_id = p7
operationName = /wrk2-api/review/compose
serviceName = nginx
------------------------------------------------------------------------------------
span = 1
span_id = 3bb2794369786c05
parent_id = 41d94323d6d1c8b3
start_time = 1682628698098036
end_time = 1682628698101673
inclusive_time = 3637
exclusive_time = 85
process_id = p7
operationName = /wrk2-api/review/compose
serviceName = nginx
------------------------------------------------------------------------------------
span = 2
span_id = 7b74685ccd95cc35
parent_id = 3bb2794369786c05
start_time = 1682628698098071
end_time = 1682628698101623
inclusive_time = 3552
exclusive_time = 267
process_id = p7
operationName = ComposeReview
serviceName = nginx
------------------------------------------------------------------------------------
span = 3
span_id = f1f8b21e8a61b153
parent_id = 7b74685ccd95cc35
start_time = 1682628698098346
end_time = 1682628698101536
inclusive_time = 3190
exclusive_time = 378
process_id = p4
operationName = UploadMovieId
serviceName = movie-id-service
------------------------------------------------------------------------------------
span = 4
span_id = 7dbb51ef16fca1c1
parent_id = f1f8b21e8a61b153
start_time = 1682628698098762
end_time = 1682628698101355
inclusive_time = 2593
exclusive_time = 310
process_id = p6
operationName = UploadRating
serviceName = rating-service
------------------------------------------------------------------------------------
span = 5
span_id = 0aa62882e894cd13
parent_id = 7dbb51ef16fca1c1
start_time = 1682628698099040
end_time = 1682628698101210
inclusive_time = 2170
exclusive_time = 974
process_id = p2
operationName = UploadRating
serviceName = compose-review-service
------------------------------------------------------------------------------------
span = 6
span_id = 977652f8b46b54c8
parent_id = 0aa62882e894cd13
start_time = 1682628698099882
end_time = 1682628698101016
inclusive_time = 1134
exclusive_time = 25
process_id = p1
operationName = UploadMovieReview
serviceName = movie-review-service
------------------------------------------------------------------------------------
span = 7
span_id = fd886de19e85ef97
parent_id = 977652f8b46b54c8
start_time = 1682628698099907
end_time = 1682628698101025
inclusive_time = 1118
exclusive_time = 1118
process_id = p1
operationName = MongoFindMovie
serviceName = movie-review-service
------------------------------------------------------------------------------------
span = 8
span_id = 5da184c0e92408d9
parent_id = f1f8b21e8a61b153
start_time = 1682628698098554
end_time = 1682628698098662
inclusive_time = 108
exclusive_time = 108
process_id = p4
operationName = MmcSetMovieId
serviceName = movie-id-service
------------------------------------------------------------------------------------
span = 9
span_id = a3fa9c9e168d8aa2
parent_id = f1f8b21e8a61b153
start_time = 1682628698098363
end_time = 1682628698098438
inclusive_time = 75
exclusive_time = 75
process_id = p4
operationName = MmcGetMovieId
serviceName = movie-id-service
------------------------------------------------------------------------------------
