span = 0
span_id = 5c3eec756c31a8f1
parent_id = None
start_time = 1682628698251000
end_time = 1682628698255945
inclusive_time = 4945
exclusive_time = 512
process_id = p3
operationName = /wrk2-api/review/compose
serviceName = nginx
------------------------------------------------------------------------------------
span = 1
span_id = 94ec1b7f81827848
parent_id = 5c3eec756c31a8f1
start_time = 1682628698251512
end_time = 1682628698255945
inclusive_time = 4433
exclusive_time = 113
process_id = p3
operationName = /wrk2-api/review/compose
serviceName = nginx
------------------------------------------------------------------------------------
span = 2
span_id = 34d792b1fa78978a
parent_id = 94ec1b7f81827848
start_time = 1682628698251561
end_time = 1682628698255881
inclusive_time = 4320
exclusive_time = 413
process_id = p3
operationName = ComposeReview
serviceName = nginx
------------------------------------------------------------------------------------
span = 3
span_id = d03220bbd46bc269
parent_id = 34d792b1fa78978a
start_time = 1682628698251867
end_time = 1682628698255774
inclusive_time = 3907
exclusive_time = 315
process_id = p6
operationName = UploadMovieId
serviceName = movie-id-service
------------------------------------------------------------------------------------
span = 4
span_id = aa70a6a8933f4619
parent_id = d03220bbd46bc269
start_time = 1682628698252273
end_time = 1682628698255645
inclusive_time = 3372
exclusive_time = 211
process_id = p10
operationName = UploadRating
serviceName = rating-service
------------------------------------------------------------------------------------
span = 5
span_id = fd7c810d28ee8a27
parent_id = aa70a6a8933f4619
start_time = 1682628698252448
end_time = 1682628698255540
inclusive_time = 3092
exclusive_time = 1104
process_id = p5
operationName = UploadRating
serviceName = compose-review-service
------------------------------------------------------------------------------------
span = 6
span_id = 5adce059b61fbdba
parent_id = fd7c810d28ee8a27
start_time = 1682628698253458
end_time = 1682628698255366
inclusive_time = 1908
exclusive_time = 24
process_id = p1
operationName = UploadMovieReview
serviceName = movie-review-service
------------------------------------------------------------------------------------
span = 7
span_id = d864a6fcde98983f
parent_id = 5adce059b61fbdba
start_time = 1682628698253482
end_time = 1682628698255442
inclusive_time = 1960
exclusive_time = 1960
process_id = p1
operationName = MongoFindMovie
serviceName = movie-review-service
------------------------------------------------------------------------------------
span = 8
span_id = 87a4d7ac3a6548d4
parent_id = d03220bbd46bc269
start_time = 1682628698252124
end_time = 1682628698252229
inclusive_time = 105
exclusive_time = 105
process_id = p6
operationName = MmcSetMovieId
serviceName = movie-id-service
------------------------------------------------------------------------------------
span = 9
span_id = 3f29fc1177413651
parent_id = d03220bbd46bc269
start_time = 1682628698251879
end_time = 1682628698251992
inclusive_time = 113
exclusive_time = 113
process_id = p6
operationName = MmcGetMovieId
serviceName = movie-id-service
------------------------------------------------------------------------------------
