span = 0
trace_id = 572de7a08b21f3c0
span_id = 572de7a08b21f3c0
parent_id = None
start_time = 1682628698090000
end_time = 1682628698094533
inclusive_time = 4533
exclusive_time = 925
process_id = p7
operationName = /wrk2-api/review/compose
serviceName = nginx
------------------------------------------------------------------------------------
span = 1
trace_id = 572de7a08b21f3c0
span_id = 95dafa1a39079e3d
parent_id = 572de7a08b21f3c0
start_time = 1682628698090925
end_time = 1682628698094533
inclusive_time = 3608
exclusive_time = 84
process_id = p7
operationName = /wrk2-api/review/compose
serviceName = nginx
------------------------------------------------------------------------------------
span = 2
trace_id = 572de7a08b21f3c0
span_id = 9c1d069e91d5aab3
parent_id = 95dafa1a39079e3d
start_time = 1682628698090958
end_time = 1682628698094482
inclusive_time = 3524
exclusive_time = 306
process_id = p7
operationName = ComposeReview
serviceName = nginx
------------------------------------------------------------------------------------
span = 3
trace_id = 572de7a08b21f3c0
span_id = cf858adce2e88070
parent_id = 9c1d069e91d5aab3
start_time = 1682628698091270
end_time = 1682628698094379
inclusive_time = 3109
exclusive_time = 414
process_id = p4
operationName = UploadMovieId
serviceName = movie-id-service
------------------------------------------------------------------------------------
span = 4
trace_id = 572de7a08b21f3c0
span_id = de7797518560357d
parent_id = cf858adce2e88070
start_time = 1682628698091781
end_time = 1682628698094254
inclusive_time = 2473
exclusive_time = 261
process_id = p6
operationName = UploadRating
serviceName = rating-service
------------------------------------------------------------------------------------
span = 5
trace_id = 572de7a08b21f3c0
span_id = b12cea939cfa7cc4
parent_id = de7797518560357d
start_time = 1682628698091918
end_time = 1682628698094130
inclusive_time = 2212
exclusive_time = 887
process_id = p2
operationName = UploadRating
serviceName = compose-review-service
------------------------------------------------------------------------------------
span = 6
trace_id = 572de7a08b21f3c0
span_id = e9df528aa551b19f
parent_id = b12cea939cfa7cc4
start_time = 1682628698093037
end_time = 1682628698093975
inclusive_time = 938
exclusive_time = 28
process_id = p5
operationName = UploadUserReview
serviceName = user-review-service
------------------------------------------------------------------------------------
span = 7
trace_id = 572de7a08b21f3c0
span_id = b8e32a188335c39e
parent_id = e9df528aa551b19f
start_time = 1682628698093065
end_time = 1682628698093980
inclusive_time = 915
exclusive_time = 915
process_id = p5
operationName = MongoFindUser
serviceName = user-review-service
------------------------------------------------------------------------------------
span = 8
trace_id = 572de7a08b21f3c0
span_id = 94d0c0b922ecfb6f
parent_id = b12cea939cfa7cc4
start_time = 1682628698092650
end_time = 1682628698092940
inclusive_time = 290
exclusive_time = 36
process_id = p8
operationName = StoreReview
serviceName = review-storage-service
------------------------------------------------------------------------------------
span = 9
trace_id = 572de7a08b21f3c0
span_id = bb950a0ead74344b
parent_id = 94d0c0b922ecfb6f
start_time = 1682628698092674
end_time = 1682628698092928
inclusive_time = 254
exclusive_time = 254
process_id = p8
operationName = MongoInsertReview
serviceName = review-storage-service
------------------------------------------------------------------------------------
span = 10
trace_id = 572de7a08b21f3c0
span_id = 53014dccd15a59c4
parent_id = cf858adce2e88070
start_time = 1682628698091287
end_time = 1682628698091425
inclusive_time = 138
exclusive_time = 138
process_id = p4
operationName = MmcGetMovieId
serviceName = movie-id-service
------------------------------------------------------------------------------------
