span = 0
span_id = 182272af456a2ecd
parent_id = None
start_time = 1682628697933000
end_time = 1682628697937669
inclusive_time = 4669
exclusive_time = 213
process_id = p8
operationName = /wrk2-api/review/compose
serviceName = nginx
------------------------------------------------------------------------------------
span = 1
span_id = e180f46fefc3bb68
parent_id = 182272af456a2ecd
start_time = 1682628697933213
end_time = 1682628697937669
inclusive_time = 4456
exclusive_time = 98
process_id = p8
operationName = /wrk2-api/review/compose
serviceName = nginx
------------------------------------------------------------------------------------
span = 2
span_id = 443cfa21749c8441
parent_id = e180f46fefc3bb68
start_time = 1682628697933261
end_time = 1682628697937619
inclusive_time = 4358
exclusive_time = 324
process_id = p8
operationName = ComposeReview
serviceName = nginx
------------------------------------------------------------------------------------
span = 3
span_id = 5260fc65f6f553a2
parent_id = 443cfa21749c8441
start_time = 1682628697933630
end_time = 1682628697937522
inclusive_time = 3892
exclusive_time = 345
process_id = p7
operationName = UploadMovieId
serviceName = movie-id-service
------------------------------------------------------------------------------------
span = 4
span_id = eca4ae8b43f42909
parent_id = 5260fc65f6f553a2
start_time = 1682628697934061
end_time = 1682628697937384
inclusive_time = 3323
exclusive_time = 310
process_id = p5
operationName = UploadRating
serviceName = rating-service
------------------------------------------------------------------------------------
span = 5
span_id = 880d2fbb601a5bee
parent_id = eca4ae8b43f42909
start_time = 1682628697934221
end_time = 1682628697937199
inclusive_time = 2978
exclusive_time = 1492
process_id = p4
operationName = UploadRating
serviceName = compose-review-service
------------------------------------------------------------------------------------
span = 6
span_id = 10989eee6b924d34
parent_id = 880d2fbb601a5bee
start_time = 1682628697935610
end_time = 1682628697936974
inclusive_time = 1364
exclusive_time = 28
process_id = p1
operationName = UploadMovieReview
serviceName = movie-review-service
------------------------------------------------------------------------------------
span = 7
span_id = d43c09a241b310da
parent_id = 10989eee6b924d34
start_time = 1682628697935638
end_time = 1682628697936978
inclusive_time = 1340
exclusive_time = 1340
process_id = p1
operationName = MongoFindMovie
serviceName = movie-review-service
------------------------------------------------------------------------------------
span = 8
span_id = 783d8d3d4511a8e0
parent_id = 5260fc65f6f553a2
start_time = 1682628697933648
end_time = 1682628697933788
inclusive_time = 140
exclusive_time = 140
process_id = p7
operationName = MmcGetMovieId
serviceName = movie-id-service
------------------------------------------------------------------------------------
