span = 0
trace_id = 7edfc75184c06f88
span_id = 7edfc75184c06f88
parent_id = None
start_time = 1682628698014000
end_time = 1682628698018928
inclusive_time = 4928
exclusive_time = 987
process_id = p3
operationName = /wrk2-api/review/compose
serviceName = nginx
call path = 
------------------------------------------------------------------------------------
span = 1
trace_id = 7edfc75184c06f88
span_id = 8189c11dd3a5fbb7
parent_id = 7edfc75184c06f88
start_time = 1682628698014987
end_time = 1682628698018928
inclusive_time = 3941
exclusive_time = 108
process_id = p3
operationName = /wrk2-api/review/compose
serviceName = nginx
call path = ->/wrk2-api/review/compose_nginx
------------------------------------------------------------------------------------
span = 2
trace_id = 7edfc75184c06f88
span_id = 698d713a7e683024
parent_id = 8189c11dd3a5fbb7
start_time = 1682628698015034
end_time = 1682628698018867
inclusive_time = 3833
exclusive_time = 292
process_id = p3
operationName = ComposeReview
serviceName = nginx
call path = ->/wrk2-api/review/compose_nginx->/wrk2-api/review/compose_nginx
------------------------------------------------------------------------------------
span = 3
trace_id = 7edfc75184c06f88
span_id = febbeeb1667ce7b4
parent_id = 698d713a7e683024
start_time = 1682628698015391
end_time = 1682628698018780
inclusive_time = 3389
exclusive_time = 390
process_id = p2
operationName = UploadMovieId
serviceName = movie-id-service
call path = ->/wrk2-api/review/compose_nginx->/wrk2-api/review/compose_nginx->ComposeReview_nginx
------------------------------------------------------------------------------------
span = 4
trace_id = 7edfc75184c06f88
span_id = 90343f276dd06942
parent_id = febbeeb1667ce7b4
start_time = 1682628698015837
end_time = 1682628698018590
inclusive_time = 2753
exclusive_time = 493
process_id = p9
operationName = UploadRating
serviceName = rating-service
call path = ->/wrk2-api/review/compose_nginx->/wrk2-api/review/compose_nginx->ComposeReview_nginx->UploadMovieId_movie-id-service
------------------------------------------------------------------------------------
span = 5
trace_id = 7edfc75184c06f88
span_id = 2b571f5a1ee7fa26
parent_id = 90343f276dd06942
start_time = 1682628698016180
end_time = 1682628698018262
inclusive_time = 2082
exclusive_time = 949
process_id = p5
operationName = UploadRating
serviceName = compose-review-service
call path = ->/wrk2-api/review/compose_nginx->/wrk2-api/review/compose_nginx->ComposeReview_nginx->UploadMovieId_movie-id-service->UploadRating_rating-service
------------------------------------------------------------------------------------
span = 6
trace_id = 7edfc75184c06f88
span_id = 090bd48cff05db55
parent_id = 2b571f5a1ee7fa26
start_time = 1682628698016979
end_time = 1682628698018089
inclusive_time = 1110
exclusive_time = 23
process_id = p6
operationName = UploadUserReview
serviceName = user-review-service
call path = ->/wrk2-api/review/compose_nginx->/wrk2-api/review/compose_nginx->ComposeReview_nginx->UploadMovieId_movie-id-service->UploadRating_rating-service->UploadRating_compose-review-service
------------------------------------------------------------------------------------
span = 7
trace_id = 7edfc75184c06f88
span_id = 3deec40842368b6a
parent_id = 090bd48cff05db55
start_time = 1682628698017002
end_time = 1682628698018093
inclusive_time = 1091
exclusive_time = 1091
process_id = p6
operationName = MongoFindUser
serviceName = user-review-service
call path = ->/wrk2-api/review/compose_nginx->/wrk2-api/review/compose_nginx->ComposeReview_nginx->UploadMovieId_movie-id-service->UploadRating_rating-service->UploadRating_compose-review-service->UploadUserReview_user-review-service
------------------------------------------------------------------------------------
span = 8
trace_id = 7edfc75184c06f88
span_id = a8148ebb17f19421
parent_id = febbeeb1667ce7b4
start_time = 1682628698015673
end_time = 1682628698015757
inclusive_time = 84
exclusive_time = 84
process_id = p2
operationName = MmcSetMovieId
serviceName = movie-id-service
call path = ->/wrk2-api/review/compose_nginx->/wrk2-api/review/compose_nginx->ComposeReview_nginx->UploadMovieId_movie-id-service
------------------------------------------------------------------------------------
span = 9
trace_id = 7edfc75184c06f88
span_id = 45bad08304d51457
parent_id = febbeeb1667ce7b4
start_time = 1682628698015402
end_time = 1682628698015516
inclusive_time = 114
exclusive_time = 114
process_id = p2
operationName = MmcGetMovieId
serviceName = movie-id-service
call path = ->/wrk2-api/review/compose_nginx->/wrk2-api/review/compose_nginx->ComposeReview_nginx->UploadMovieId_movie-id-service
------------------------------------------------------------------------------------
