span 0
span_id = c11cbde13c6ba7e9
parent_id = None
start_time = 1682628697968000
end_time = 1682628697973537
inclusive_time = 5537
exclusive_time = 332
process_id = p7
operationName = /wrk2-api/review/compose
serviceName = None
------------------------------------------------------------------------------------
span 1
span_id = b7f25e14208a3e22
parent_id = c11cbde13c6ba7e9
start_time = 1682628697968332
end_time = 1682628697973537
inclusive_time = 5205
exclusive_time = 111
process_id = p7
operationName = /wrk2-api/review/compose
serviceName = None
------------------------------------------------------------------------------------
span 2
span_id = 6c1a1676dad550ff
parent_id = b7f25e14208a3e22
start_time = 1682628697968380
end_time = 1682628697973474
inclusive_time = 5094
exclusive_time = 614
process_id = p7
operationName = ComposeReview
serviceName = None
------------------------------------------------------------------------------------
span 3
span_id = 967f201aae7308a5
parent_id = 6c1a1676dad550ff
start_time = 1682628697968730
end_time = 1682628697973046
inclusive_time = 4316
exclusive_time = 693
process_id = p6
operationName = UploadMovieId
serviceName = None
------------------------------------------------------------------------------------
span 4
span_id = bad7b6807c413828
parent_id = 967f201aae7308a5
start_time = 1682628697969413
end_time = 1682628697972829
inclusive_time = 3416
exclusive_time = 1940
process_id = p2
operationName = UploadMovieId
serviceName = None
------------------------------------------------------------------------------------
span 5
span_id = a6a9d86782da9b67
parent_id = bad7b6807c413828
start_time = 1682628697970988
end_time = 1682628697972252
inclusive_time = 1264
exclusive_time = 35
process_id = p5
operationName = UploadMovieReview
serviceName = None
------------------------------------------------------------------------------------
span 6
span_id = 1943a829c185d630
parent_id = a6a9d86782da9b67
start_time = 1682628697971023
end_time = 1682628697972255
inclusive_time = 1232
exclusive_time = 1232
process_id = p5
operationName = MongoFindMovie
serviceName = None
------------------------------------------------------------------------------------
span 7
span_id = f3d4298986b86a2b
parent_id = 967f201aae7308a5
start_time = 1682628697969291
end_time = 1682628697969383
inclusive_time = 92
exclusive_time = 92
process_id = p6
operationName = MmcSetMovieId
serviceName = None
------------------------------------------------------------------------------------
span 8
span_id = aabec348dfcee610
parent_id = 967f201aae7308a5
start_time = 1682628697968746
end_time = 1682628697968861
inclusive_time = 115
exclusive_time = 115
process_id = p6
operationName = MmcGetMovieId
serviceName = None
------------------------------------------------------------------------------------
