span = 0
trace_id = a64b35c564dacf61
span_id = a64b35c564dacf61
parent_id = None
start_time = 1682628698038000
end_time = 1682628698043453
inclusive_time = 5453
exclusive_time = 282
process_id = p5
operationName = /wrk2-api/review/compose
serviceName = nginx
call path = 
------------------------------------------------------------------------------------
span = 1
trace_id = a64b35c564dacf61
span_id = aac05d1c352a2311
parent_id = a64b35c564dacf61
start_time = 1682628698038282
end_time = 1682628698043453
inclusive_time = 5171
exclusive_time = 108
process_id = p5
operationName = /wrk2-api/review/compose
serviceName = nginx
call path = ->/wrk2-api/review/compose_nginx
------------------------------------------------------------------------------------
span = 2
trace_id = a64b35c564dacf61
span_id = 2da15ef9453b181d
parent_id = aac05d1c352a2311
start_time = 1682628698038332
end_time = 1682628698043395
inclusive_time = 5063
exclusive_time = 1758
process_id = p5
operationName = ComposeReview
serviceName = nginx
call path = ->/wrk2-api/review/compose_nginx->/wrk2-api/review/compose_nginx
------------------------------------------------------------------------------------
span = 3
trace_id = a64b35c564dacf61
span_id = 58147ea45558b877
parent_id = 2da15ef9453b181d
start_time = 1682628698038664
end_time = 1682628698041844
inclusive_time = 3180
exclusive_time = 350
process_id = p8
operationName = UploadMovieId
serviceName = movie-id-service
call path = ->/wrk2-api/review/compose_nginx->/wrk2-api/review/compose_nginx->ComposeReview_nginx
------------------------------------------------------------------------------------
span = 4
trace_id = a64b35c564dacf61
span_id = 91c0bc1de0fba5fb
parent_id = 58147ea45558b877
start_time = 1682628698039121
end_time = 1682628698041720
inclusive_time = 2599
exclusive_time = 335
process_id = p9
operationName = UploadRating
serviceName = rating-service
call path = ->/wrk2-api/review/compose_nginx->/wrk2-api/review/compose_nginx->ComposeReview_nginx->UploadMovieId_movie-id-service
------------------------------------------------------------------------------------
span = 5
trace_id = a64b35c564dacf61
span_id = c41e9e623c0ee52c
parent_id = 91c0bc1de0fba5fb
start_time = 1682628698039343
end_time = 1682628698041496
inclusive_time = 2153
exclusive_time = 909
process_id = p2
operationName = UploadRating
serviceName = compose-review-service
call path = ->/wrk2-api/review/compose_nginx->/wrk2-api/review/compose_nginx->ComposeReview_nginx->UploadMovieId_movie-id-service->UploadRating_rating-service
------------------------------------------------------------------------------------
span = 6
trace_id = a64b35c564dacf61
span_id = 68f516980a548742
parent_id = c41e9e623c0ee52c
start_time = 1682628698040148
end_time = 1682628698041343
inclusive_time = 1195
exclusive_time = 26
process_id = p3
operationName = UploadUserReview
serviceName = user-review-service
call path = ->/wrk2-api/review/compose_nginx->/wrk2-api/review/compose_nginx->ComposeReview_nginx->UploadMovieId_movie-id-service->UploadRating_rating-service->UploadRating_compose-review-service
------------------------------------------------------------------------------------
span = 7
trace_id = a64b35c564dacf61
span_id = 1b68d9adb2cb29db
parent_id = 68f516980a548742
start_time = 1682628698040174
end_time = 1682628698041349
inclusive_time = 1175
exclusive_time = 1175
process_id = p3
operationName = MongoFindUser
serviceName = user-review-service
call path = ->/wrk2-api/review/compose_nginx->/wrk2-api/review/compose_nginx->ComposeReview_nginx->UploadMovieId_movie-id-service->UploadRating_rating-service->UploadRating_compose-review-service->UploadUserReview_user-review-service
------------------------------------------------------------------------------------
span = 8
trace_id = a64b35c564dacf61
span_id = 36fe1035a579f8d6
parent_id = 58147ea45558b877
start_time = 1682628698038923
end_time = 1682628698039001
inclusive_time = 78
exclusive_time = 78
process_id = p8
operationName = MmcSetMovieId
serviceName = movie-id-service
call path = ->/wrk2-api/review/compose_nginx->/wrk2-api/review/compose_nginx->ComposeReview_nginx->UploadMovieId_movie-id-service
------------------------------------------------------------------------------------
span = 9
trace_id = a64b35c564dacf61
span_id = 65540cd65e3a23f2
parent_id = 58147ea45558b877
start_time = 1682628698038711
end_time = 1682628698038805
inclusive_time = 94
exclusive_time = 94
process_id = p8
operationName = MmcGetMovieId
serviceName = movie-id-service
call path = ->/wrk2-api/review/compose_nginx->/wrk2-api/review/compose_nginx->ComposeReview_nginx->UploadMovieId_movie-id-service
------------------------------------------------------------------------------------
