span = 0
span_id = b4458ec65bde9c53
parent_id = None
start_time = 1682628698306000
end_time = 1682628698310750
inclusive_time = 4750
exclusive_time = 769
process_id = p10
operationName = /wrk2-api/review/compose
serviceName = nginx
------------------------------------------------------------------------------------
span = 1
span_id = 9a012e5f891716bb
parent_id = b4458ec65bde9c53
start_time = 1682628698306769
end_time = 1682628698310750
inclusive_time = 3981
exclusive_time = 213
process_id = p10
operationName = /wrk2-api/review/compose
serviceName = nginx
------------------------------------------------------------------------------------
span = 2
span_id = 2ad201b1f2b3e017
parent_id = 9a012e5f891716bb
start_time = 1682628698306814
end_time = 1682628698310582
inclusive_time = 3768
exclusive_time = 291
process_id = p10
operationName = ComposeReview
serviceName = nginx
------------------------------------------------------------------------------------
span = 3
span_id = 82c2c54010d39ee1
parent_id = 2ad201b1f2b3e017
start_time = 1682628698307087
end_time = 1682628698310477
inclusive_time = 3390
exclusive_time = 306
process_id = p3
operationName = UploadMovieId
serviceName = movie-id-service
------------------------------------------------------------------------------------
span = 4
span_id = 870a5bb43fa02aee
parent_id = 82c2c54010d39ee1
start_time = 1682628698307486
end_time = 1682628698310343
inclusive_time = 2857
exclusive_time = 270
process_id = p9
operationName = UploadRating
serviceName = rating-service
------------------------------------------------------------------------------------
span = 5
span_id = 7338ba1844bf189e
parent_id = 870a5bb43fa02aee
start_time = 1682628698307645
end_time = 1682628698310180
inclusive_time = 2535
exclusive_time = 1216
process_id = p2
operationName = UploadRating
serviceName = compose-review-service
------------------------------------------------------------------------------------
span = 6
span_id = 9a4b1d40d1d5f76c
parent_id = 7338ba1844bf189e
start_time = 1682628698308905
end_time = 1682628698310026
inclusive_time = 1121
exclusive_time = 38
process_id = p6
operationName = UploadMovieReview
serviceName = movie-review-service
------------------------------------------------------------------------------------
span = 7
span_id = 52bcbf52b3e1b553
parent_id = 9a4b1d40d1d5f76c
start_time = 1682628698308943
end_time = 1682628698310029
inclusive_time = 1086
exclusive_time = 1086
process_id = p6
operationName = MongoFindMovie
serviceName = movie-review-service
------------------------------------------------------------------------------------
span = 8
span_id = e55b73cd03f398ef
parent_id = 82c2c54010d39ee1
start_time = 1682628698307315
end_time = 1682628698307407
inclusive_time = 92
exclusive_time = 92
process_id = p3
operationName = MmcSetMovieId
serviceName = movie-id-service
------------------------------------------------------------------------------------
span = 9
span_id = 5c2a5de5439fb4fd
parent_id = 82c2c54010d39ee1
start_time = 1682628698307099
end_time = 1682628698307187
inclusive_time = 88
exclusive_time = 88
process_id = p3
operationName = MmcGetMovieId
serviceName = movie-id-service
------------------------------------------------------------------------------------
