span = 0
span_id = 4d65aef2a999ad0b
parent_id = None
start_time = 1682628697940000
end_time = 1682628697945153
inclusive_time = 5153
exclusive_time = 992
process_id = p8
operationName = /wrk2-api/review/compose
serviceName = nginx
------------------------------------------------------------------------------------
span = 1
span_id = dd1f6df75669b0f6
parent_id = 4d65aef2a999ad0b
start_time = 1682628697940992
end_time = 1682628697945153
inclusive_time = 4161
exclusive_time = 149
process_id = p8
operationName = /wrk2-api/review/compose
serviceName = nginx
------------------------------------------------------------------------------------
span = 2
span_id = f34016924357e923
parent_id = dd1f6df75669b0f6
start_time = 1682628697941029
end_time = 1682628697945041
inclusive_time = 4012
exclusive_time = 262
process_id = p8
operationName = ComposeReview
serviceName = nginx
------------------------------------------------------------------------------------
span = 3
span_id = 686b5d4c35190750
parent_id = f34016924357e923
start_time = 1682628697941296
end_time = 1682628697944954
inclusive_time = 3658
exclusive_time = 698
process_id = p7
operationName = UploadMovieId
serviceName = movie-id-service
------------------------------------------------------------------------------------
span = 4
span_id = b8ddc8563d82c400
parent_id = 686b5d4c35190750
start_time = 1682628697942136
end_time = 1682628697944829
inclusive_time = 2693
exclusive_time = 254
process_id = p4
operationName = UploadRating
serviceName = rating-service
------------------------------------------------------------------------------------
span = 5
span_id = f4df88ad06c49847
parent_id = b8ddc8563d82c400
start_time = 1682628697942297
end_time = 1682628697944698
inclusive_time = 2401
exclusive_time = 1181
process_id = p3
operationName = UploadRating
serviceName = compose-review-service
------------------------------------------------------------------------------------
span = 6
span_id = 6def108830ebb1a5
parent_id = f4df88ad06c49847
start_time = 1682628697943290
end_time = 1682628697944487
inclusive_time = 1197
exclusive_time = 18
process_id = p2
operationName = UploadUserReview
serviceName = user-review-service
------------------------------------------------------------------------------------
span = 7
span_id = f534a616dc3d16d3
parent_id = 6def108830ebb1a5
start_time = 1682628697943308
end_time = 1682628697944494
inclusive_time = 1186
exclusive_time = 1186
process_id = p2
operationName = MongoFindUser
serviceName = user-review-service
------------------------------------------------------------------------------------
span = 8
span_id = 95e3c998b65a5d36
parent_id = 686b5d4c35190750
start_time = 1682628697941942
end_time = 1682628697942048
inclusive_time = 106
exclusive_time = 106
process_id = p7
operationName = MmcSetMovieId
serviceName = movie-id-service
------------------------------------------------------------------------------------
span = 9
span_id = e3abaade23c04dce
parent_id = 686b5d4c35190750
start_time = 1682628697941314
end_time = 1682628697941414
inclusive_time = 100
exclusive_time = 100
process_id = p7
operationName = MmcGetMovieId
serviceName = movie-id-service
------------------------------------------------------------------------------------
