span = 0
trace_id = d62e4ec28daa2f63
span_id = d62e4ec28daa2f63
parent_id = None
start_time = 1682628698272000
end_time = 1682628698276361
inclusive_time = 4361
exclusive_time = 962
process_id = p3
operationName = /wrk2-api/review/compose
serviceName = nginx
------------------------------------------------------------------------------------
span = 1
trace_id = d62e4ec28daa2f63
span_id = 0bbf941a91e43754
parent_id = d62e4ec28daa2f63
start_time = 1682628698272961
end_time = 1682628698276360
inclusive_time = 3399
exclusive_time = 94
process_id = p3
operationName = /wrk2-api/review/compose
serviceName = nginx
------------------------------------------------------------------------------------
span = 2
trace_id = d62e4ec28daa2f63
span_id = 268496efc452167b
parent_id = 0bbf941a91e43754
start_time = 1682628698273004
end_time = 1682628698276309
inclusive_time = 3305
exclusive_time = 254
process_id = p3
operationName = ComposeReview
serviceName = nginx
------------------------------------------------------------------------------------
span = 3
trace_id = d62e4ec28daa2f63
span_id = 3a528493c0976f27
parent_id = 268496efc452167b
start_time = 1682628698273291
end_time = 1682628698276208
inclusive_time = 2917
exclusive_time = 394
process_id = p6
operationName = UploadMovieId
serviceName = movie-id-service
------------------------------------------------------------------------------------
span = 4
trace_id = d62e4ec28daa2f63
span_id = 1ef80a4228087239
parent_id = 3a528493c0976f27
start_time = 1682628698273806
end_time = 1682628698276073
inclusive_time = 2267
exclusive_time = 282
process_id = p10
operationName = UploadRating
serviceName = rating-service
------------------------------------------------------------------------------------
span = 5
trace_id = d62e4ec28daa2f63
span_id = 7b5aa1c9f31c2b10
parent_id = 1ef80a4228087239
start_time = 1682628698273955
end_time = 1682628698275922
inclusive_time = 1967
exclusive_time = 816
process_id = p5
operationName = UploadRating
serviceName = compose-review-service
------------------------------------------------------------------------------------
span = 6
trace_id = d62e4ec28daa2f63
span_id = 8cc7f6032e0967ab
parent_id = 7b5aa1c9f31c2b10
start_time = 1682628698274642
end_time = 1682628698275763
inclusive_time = 1121
exclusive_time = 22
process_id = p4
operationName = UploadUserReview
serviceName = user-review-service
------------------------------------------------------------------------------------
span = 7
trace_id = d62e4ec28daa2f63
span_id = 30309dacc220dc9a
parent_id = 8cc7f6032e0967ab
start_time = 1682628698274664
end_time = 1682628698275824
inclusive_time = 1160
exclusive_time = 1160
process_id = p4
operationName = MongoFindUser
serviceName = user-review-service
------------------------------------------------------------------------------------
span = 8
trace_id = d62e4ec28daa2f63
span_id = 0753f7906798c8e8
parent_id = 3a528493c0976f27
start_time = 1682628698273560
end_time = 1682628698273666
inclusive_time = 106
exclusive_time = 106
process_id = p6
operationName = MmcSetMovieId
serviceName = movie-id-service
------------------------------------------------------------------------------------
span = 9
trace_id = d62e4ec28daa2f63
span_id = c90c9207f4908a53
parent_id = 3a528493c0976f27
start_time = 1682628698273309
end_time = 1682628698273412
inclusive_time = 103
exclusive_time = 103
process_id = p6
operationName = MmcGetMovieId
serviceName = movie-id-service
------------------------------------------------------------------------------------
