span = 0
trace_id = ec986eaf5f48e31b
span_id = ec986eaf5f48e31b
parent_id = None
start_time = 1682628697981000
end_time = 1682628697986767
inclusive_time = 5767
exclusive_time = 1437
process_id = p5
operationName = /wrk2-api/review/compose
serviceName = nginx
------------------------------------------------------------------------------------
span = 1
trace_id = ec986eaf5f48e31b
span_id = 988d717d04d01a81
parent_id = ec986eaf5f48e31b
start_time = 1682628697982437
end_time = 1682628697986767
inclusive_time = 4330
exclusive_time = 99
process_id = p5
operationName = /wrk2-api/review/compose
serviceName = nginx
------------------------------------------------------------------------------------
span = 2
trace_id = ec986eaf5f48e31b
span_id = c5cf371b82827712
parent_id = 988d717d04d01a81
start_time = 1682628697982492
end_time = 1682628697986723
inclusive_time = 4231
exclusive_time = 368
process_id = p5
operationName = ComposeReview
serviceName = nginx
------------------------------------------------------------------------------------
span = 3
trace_id = ec986eaf5f48e31b
span_id = f66bc6af873f9f01
parent_id = c5cf371b82827712
start_time = 1682628697982869
end_time = 1682628697986594
inclusive_time = 3725
exclusive_time = 407
process_id = p4
operationName = UploadMovieId
serviceName = movie-id-service
------------------------------------------------------------------------------------
span = 4
trace_id = ec986eaf5f48e31b
span_id = b37445a55b907c9e
parent_id = f66bc6af873f9f01
start_time = 1682628697983419
end_time = 1682628697986454
inclusive_time = 3035
exclusive_time = 273
process_id = p1
operationName = UploadRating
serviceName = rating-service
------------------------------------------------------------------------------------
span = 5
trace_id = ec986eaf5f48e31b
span_id = b77803b862a8c4b6
parent_id = b37445a55b907c9e
start_time = 1682628697983570
end_time = 1682628697986272
inclusive_time = 2702
exclusive_time = 1356
process_id = p7
operationName = UploadRating
serviceName = compose-review-service
------------------------------------------------------------------------------------
span = 6
trace_id = ec986eaf5f48e31b
span_id = 2dffc1b8dadef953
parent_id = b77803b862a8c4b6
start_time = 1682628697984746
end_time = 1682628697986092
inclusive_time = 1346
exclusive_time = 20
process_id = p8
operationName = UploadUserReview
serviceName = user-review-service
------------------------------------------------------------------------------------
span = 7
trace_id = ec986eaf5f48e31b
span_id = b0d3da5aa779aeb5
parent_id = 2dffc1b8dadef953
start_time = 1682628697984766
end_time = 1682628697986095
inclusive_time = 1329
exclusive_time = 1329
process_id = p8
operationName = MongoFindUser
serviceName = user-review-service
------------------------------------------------------------------------------------
span = 8
trace_id = ec986eaf5f48e31b
span_id = f3776c83636e8aba
parent_id = f66bc6af873f9f01
start_time = 1682628697983188
end_time = 1682628697983297
inclusive_time = 109
exclusive_time = 109
process_id = p4
operationName = MmcSetMovieId
serviceName = movie-id-service
------------------------------------------------------------------------------------
span = 9
trace_id = ec986eaf5f48e31b
span_id = d75d7a9276b650ac
parent_id = f66bc6af873f9f01
start_time = 1682628697982890
end_time = 1682628697983064
inclusive_time = 174
exclusive_time = 174
process_id = p4
operationName = MmcGetMovieId
serviceName = movie-id-service
------------------------------------------------------------------------------------
