span = 0
trace_id = 07fcb47b3f1f7b97
span_id = 07fcb47b3f1f7b97
parent_id = None
start_time = 1682628697964000
end_time = 1682628697967985
inclusive_time = 3985
exclusive_time = 148
process_id = p5
operationName = /wrk2-api/review/compose
serviceName = nginx
------------------------------------------------------------------------------------
span = 1
trace_id = 07fcb47b3f1f7b97
span_id = 7b6c41bd35f2da2c
parent_id = 07fcb47b3f1f7b97
start_time = 1682628697964148
end_time = 1682628697967985
inclusive_time = 3837
exclusive_time = 93
process_id = p5
operationName = /wrk2-api/review/compose
serviceName = nginx
------------------------------------------------------------------------------------
span = 2
trace_id = 07fcb47b3f1f7b97
span_id = 6eef7193f5bafeb9
parent_id = 7b6c41bd35f2da2c
start_time = 1682628697964179
end_time = 1682628697967923
inclusive_time = 3744
exclusive_time = 223
process_id = p5
operationName = ComposeReview
serviceName = nginx
------------------------------------------------------------------------------------
span = 3
trace_id = 07fcb47b3f1f7b97
span_id = 00a4b4810f521459
parent_id = 6eef7193f5bafeb9
start_time = 1682628697964425
end_time = 1682628697967854
inclusive_time = 3429
exclusive_time = 501
process_id = p7
operationName = UploadMovieId
serviceName = movie-id-service
------------------------------------------------------------------------------------
span = 4
trace_id = 07fcb47b3f1f7b97
span_id = 881e62bad7897fd5
parent_id = 00a4b4810f521459
start_time = 1682628697964953
end_time = 1682628697967735
inclusive_time = 2782
exclusive_time = 300
process_id = p3
operationName = UploadRating
serviceName = rating-service
------------------------------------------------------------------------------------
span = 5
trace_id = 07fcb47b3f1f7b97
span_id = 98ac358b8df0f6c5
parent_id = 881e62bad7897fd5
start_time = 1682628697965119
end_time = 1682628697967601
inclusive_time = 2482
exclusive_time = 1077
process_id = p2
operationName = UploadRating
serviceName = compose-review-service
------------------------------------------------------------------------------------
span = 6
trace_id = 07fcb47b3f1f7b97
span_id = 83dad03401463b73
parent_id = 98ac358b8df0f6c5
start_time = 1682628697966256
end_time = 1682628697967442
inclusive_time = 1186
exclusive_time = 28
process_id = p6
operationName = UploadMovieReview
serviceName = movie-review-service
------------------------------------------------------------------------------------
span = 7
trace_id = 07fcb47b3f1f7b97
span_id = 4a1914793b2393f1
parent_id = 83dad03401463b73
start_time = 1682628697966284
end_time = 1682628697967445
inclusive_time = 1161
exclusive_time = 1161
process_id = p6
operationName = MongoFindMovie
serviceName = movie-review-service
------------------------------------------------------------------------------------
span = 8
trace_id = 07fcb47b3f1f7b97
span_id = 3bda652d8470781c
parent_id = 00a4b4810f521459
start_time = 1682628697964448
end_time = 1682628697964566
inclusive_time = 118
exclusive_time = 118
process_id = p7
operationName = MmcGetMovieId
serviceName = movie-id-service
------------------------------------------------------------------------------------
