span = 0
span_id = 88e15af6239f8d1b
parent_id = None
start_time = 1682628698187000
end_time = 1682628698190972
inclusive_time = 3972
exclusive_time = 523
process_id = p7
operationName = /wrk2-api/review/compose
serviceName = nginx
------------------------------------------------------------------------------------
span = 1
span_id = e0ee2c4955a30e86
parent_id = 88e15af6239f8d1b
start_time = 1682628698187523
end_time = 1682628698190972
inclusive_time = 3449
exclusive_time = 90
process_id = p7
operationName = /wrk2-api/review/compose
serviceName = nginx
------------------------------------------------------------------------------------
span = 2
span_id = 00d8500c81fc60ed
parent_id = e0ee2c4955a30e86
start_time = 1682628698187563
end_time = 1682628698190922
inclusive_time = 3359
exclusive_time = 284
process_id = p7
operationName = ComposeReview
serviceName = nginx
------------------------------------------------------------------------------------
span = 3
span_id = 298408fb7641dc29
parent_id = 00d8500c81fc60ed
start_time = 1682628698188138
end_time = 1682628698190836
inclusive_time = 2698
exclusive_time = 231
process_id = p8
operationName = UploadUniqueId
serviceName = unique-id-service
------------------------------------------------------------------------------------
span = 4
span_id = 83130b1b2f7587ee
parent_id = 298408fb7641dc29
start_time = 1682628698188302
end_time = 1682628698190769
inclusive_time = 2467
exclusive_time = 1269
process_id = p4
operationName = UploadUniqueId
serviceName = compose-review-service
------------------------------------------------------------------------------------
span = 5
span_id = 8b8bdc939815b430
parent_id = 83130b1b2f7587ee
start_time = 1682628698189425
end_time = 1682628698190623
inclusive_time = 1198
exclusive_time = 22
process_id = p3
operationName = UploadUserReview
serviceName = user-review-service
------------------------------------------------------------------------------------
span = 6
span_id = 412155b5521202ac
parent_id = 8b8bdc939815b430
start_time = 1682628698189447
end_time = 1682628698190628
inclusive_time = 1181
exclusive_time = 1181
process_id = p3
operationName = MongoFindUser
serviceName = user-review-service
------------------------------------------------------------------------------------
