span = 0
span_id = 3962831dbf716a08
parent_id = None
start_time = 1682628698113000
end_time = 1682628698120239
inclusive_time = 7239
exclusive_time = 120
process_id = p5
operationName = /wrk2-api/review/compose
serviceName = nginx
------------------------------------------------------------------------------------
span = 1
span_id = 9c4e3c5d3e9bcac9
parent_id = 3962831dbf716a08
start_time = 1682628698113120
end_time = 1682628698120239
inclusive_time = 7119
exclusive_time = 184
process_id = p5
operationName = /wrk2-api/review/compose
serviceName = nginx
------------------------------------------------------------------------------------
span = 2
span_id = b1782ef68024b9d1
parent_id = 9c4e3c5d3e9bcac9
start_time = 1682628698113183
end_time = 1682628698120118
inclusive_time = 6935
exclusive_time = 529
process_id = p5
operationName = ComposeReview
serviceName = nginx
------------------------------------------------------------------------------------
span = 3
span_id = 09c1d678e9b4dc87
parent_id = b1782ef68024b9d1
start_time = 1682628698114731
end_time = 1682628698119843
inclusive_time = 5112
exclusive_time = 607
process_id = p2
operationName = UploadMovieId
serviceName = movie-id-service
------------------------------------------------------------------------------------
span = 4
span_id = c0cb83bee997b8b0
parent_id = 09c1d678e9b4dc87
start_time = 1682628698115289
end_time = 1682628698119598
inclusive_time = 4309
exclusive_time = 396
process_id = p4
operationName = UploadRating
serviceName = rating-service
------------------------------------------------------------------------------------
span = 5
span_id = 4bc1702ff214e059
parent_id = c0cb83bee997b8b0
start_time = 1682628698115701
end_time = 1682628698119454
inclusive_time = 3753
exclusive_time = 1376
process_id = p6
operationName = UploadRating
serviceName = compose-review-service
------------------------------------------------------------------------------------
span = 6
span_id = f7f68c4b5e0a81d3
parent_id = 4bc1702ff214e059
start_time = 1682628698116839
end_time = 1682628698119168
inclusive_time = 2329
exclusive_time = 28
process_id = p3
operationName = UploadUserReview
serviceName = user-review-service
------------------------------------------------------------------------------------
span = 7
span_id = b743931a316b46b3
parent_id = f7f68c4b5e0a81d3
start_time = 1682628698116867
end_time = 1682628698119177
inclusive_time = 2310
exclusive_time = 2310
process_id = p3
operationName = MongoFindUser
serviceName = user-review-service
------------------------------------------------------------------------------------
span = 8
span_id = 58659e76ba0e619b
parent_id = 09c1d678e9b4dc87
start_time = 1682628698114752
end_time = 1682628698114864
inclusive_time = 112
exclusive_time = 112
process_id = p2
operationName = MmcGetMovieId
serviceName = movie-id-service
------------------------------------------------------------------------------------
span = 9
span_id = c925d901b0d8a070
parent_id = b1782ef68024b9d1
start_time = 1682628698113437
end_time = 1682628698114352
inclusive_time = 915
exclusive_time = 385
process_id = p1
operationName = UploadUserWithUsername
serviceName = user-service
------------------------------------------------------------------------------------
span = 10
span_id = 86e4397712fbe370
parent_id = c925d901b0d8a070
start_time = 1682628698113743
end_time = 1682628698114175
inclusive_time = 432
exclusive_time = 432
process_id = p6
operationName = UploadUserId
serviceName = compose-review-service
------------------------------------------------------------------------------------
span = 11
span_id = 579f23ab7c16908a
parent_id = c925d901b0d8a070
start_time = 1682628698113453
end_time = 1682628698113551
inclusive_time = 98
exclusive_time = 98
process_id = p1
operationName = MmcGetUserId
serviceName = user-service
------------------------------------------------------------------------------------
