span = 0
trace_id = 308f07717ece0202
span_id = 308f07717ece0202
parent_id = None
start_time = 1682628698131000
end_time = 1682628698136586
inclusive_time = 5586
exclusive_time = 693
process_id = p6
operationName = /wrk2-api/review/compose
serviceName = nginx
------------------------------------------------------------------------------------
span = 1
trace_id = 308f07717ece0202
span_id = 81babc6eb6fdb521
parent_id = 308f07717ece0202
start_time = 1682628698131692
end_time = 1682628698136585
inclusive_time = 4893
exclusive_time = 86
process_id = p6
operationName = /wrk2-api/review/compose
serviceName = nginx
------------------------------------------------------------------------------------
span = 2
trace_id = 308f07717ece0202
span_id = 1fa1b72ac1311990
parent_id = 81babc6eb6fdb521
start_time = 1682628698131728
end_time = 1682628698136535
inclusive_time = 4807
exclusive_time = 629
process_id = p6
operationName = ComposeReview
serviceName = nginx
------------------------------------------------------------------------------------
span = 3
trace_id = 308f07717ece0202
span_id = ed4ace3363578b7b
parent_id = 1fa1b72ac1311990
start_time = 1682628698132000
end_time = 1682628698136178
inclusive_time = 4178
exclusive_time = 350
process_id = p1
operationName = UploadMovieId
serviceName = movie-id-service
------------------------------------------------------------------------------------
span = 4
trace_id = 308f07717ece0202
span_id = 8950728c5eacb7c4
parent_id = ed4ace3363578b7b
start_time = 1682628698132434
end_time = 1682628698136041
inclusive_time = 3607
exclusive_time = 280
process_id = p3
operationName = UploadRating
serviceName = rating-service
------------------------------------------------------------------------------------
span = 5
trace_id = 308f07717ece0202
span_id = 666ddc5e5fac900e
parent_id = 8950728c5eacb7c4
start_time = 1682628698132793
end_time = 1682628698135885
inclusive_time = 3092
exclusive_time = 1423
process_id = p4
operationName = UploadRating
serviceName = compose-review-service
------------------------------------------------------------------------------------
span = 6
trace_id = 308f07717ece0202
span_id = c60d0255de46447c
parent_id = 666ddc5e5fac900e
start_time = 1682628698134238
end_time = 1682628698135724
inclusive_time = 1486
exclusive_time = 28
process_id = p5
operationName = UploadMovieReview
serviceName = movie-review-service
------------------------------------------------------------------------------------
span = 7
trace_id = 308f07717ece0202
span_id = 5931e4887dc26d59
parent_id = c60d0255de46447c
start_time = 1682628698134266
end_time = 1682628698135728
inclusive_time = 1462
exclusive_time = 1462
process_id = p5
operationName = MongoFindMovie
serviceName = movie-review-service
------------------------------------------------------------------------------------
span = 8
trace_id = 308f07717ece0202
span_id = 81aad9c83e6ccdf3
parent_id = ed4ace3363578b7b
start_time = 1682628698132289
end_time = 1682628698132389
inclusive_time = 100
exclusive_time = 100
process_id = p1
operationName = MmcSetMovieId
serviceName = movie-id-service
------------------------------------------------------------------------------------
span = 9
trace_id = 308f07717ece0202
span_id = 891dcdc53514631c
parent_id = ed4ace3363578b7b
start_time = 1682628698132014
end_time = 1682628698132122
inclusive_time = 108
exclusive_time = 108
process_id = p1
operationName = MmcGetMovieId
serviceName = movie-id-service
------------------------------------------------------------------------------------
