span = 0
trace_id = 96a50a96f1d98403
span_id = 96a50a96f1d98403
parent_id = None
start_time = 1682628698124000
end_time = 1682628698129575
inclusive_time = 5575
exclusive_time = 1102
process_id = p4
operationName = /wrk2-api/review/compose
serviceName = nginx
call path = 
------------------------------------------------------------------------------------
span = 1
trace_id = 96a50a96f1d98403
span_id = caeaa80b009edfd4
parent_id = 96a50a96f1d98403
start_time = 1682628698125101
end_time = 1682628698129574
inclusive_time = 4473
exclusive_time = 94
process_id = p4
operationName = /wrk2-api/review/compose
serviceName = nginx
call path = ->/wrk2-api/review/compose_nginx
------------------------------------------------------------------------------------
span = 2
trace_id = 96a50a96f1d98403
span_id = 123be59fe15e6c8e
parent_id = caeaa80b009edfd4
start_time = 1682628698125144
end_time = 1682628698129523
inclusive_time = 4379
exclusive_time = 251
process_id = p4
operationName = ComposeReview
serviceName = nginx
call path = ->/wrk2-api/review/compose_nginx->/wrk2-api/review/compose_nginx
------------------------------------------------------------------------------------
span = 3
trace_id = 96a50a96f1d98403
span_id = b5112d05f636695d
parent_id = 123be59fe15e6c8e
start_time = 1682628698125433
end_time = 1682628698129451
inclusive_time = 4018
exclusive_time = 417
process_id = p1
operationName = UploadMovieId
serviceName = movie-id-service
call path = ->/wrk2-api/review/compose_nginx->/wrk2-api/review/compose_nginx->ComposeReview_nginx
------------------------------------------------------------------------------------
span = 4
trace_id = 96a50a96f1d98403
span_id = 73854df198c658ca
parent_id = b5112d05f636695d
start_time = 1682628698125973
end_time = 1682628698129321
inclusive_time = 3348
exclusive_time = 317
process_id = p3
operationName = UploadRating
serviceName = rating-service
call path = ->/wrk2-api/review/compose_nginx->/wrk2-api/review/compose_nginx->ComposeReview_nginx->UploadMovieId_movie-id-service
------------------------------------------------------------------------------------
span = 5
trace_id = 96a50a96f1d98403
span_id = a67340546b6dd385
parent_id = 73854df198c658ca
start_time = 1682628698126169
end_time = 1682628698129088
inclusive_time = 2919
exclusive_time = 1393
process_id = p5
operationName = UploadRating
serviceName = compose-review-service
call path = ->/wrk2-api/review/compose_nginx->/wrk2-api/review/compose_nginx->ComposeReview_nginx->UploadMovieId_movie-id-service->UploadRating_rating-service
------------------------------------------------------------------------------------
span = 6
trace_id = 96a50a96f1d98403
span_id = 91d60c127876d83c
parent_id = a67340546b6dd385
start_time = 1682628698127192
end_time = 1682628698128682
inclusive_time = 1490
exclusive_time = 32
process_id = p2
operationName = UploadUserReview
serviceName = user-review-service
call path = ->/wrk2-api/review/compose_nginx->/wrk2-api/review/compose_nginx->ComposeReview_nginx->UploadMovieId_movie-id-service->UploadRating_rating-service->UploadRating_compose-review-service
------------------------------------------------------------------------------------
span = 7
trace_id = 96a50a96f1d98403
span_id = ec19d4aa6392e101
parent_id = 91d60c127876d83c
start_time = 1682628698127224
end_time = 1682628698128687
inclusive_time = 1463
exclusive_time = 1463
process_id = p2
operationName = MongoFindUser
serviceName = user-review-service
call path = ->/wrk2-api/review/compose_nginx->/wrk2-api/review/compose_nginx->ComposeReview_nginx->UploadMovieId_movie-id-service->UploadRating_rating-service->UploadRating_compose-review-service->UploadUserReview_user-review-service
------------------------------------------------------------------------------------
span = 8
trace_id = 96a50a96f1d98403
span_id = 7c332231bef83dcf
parent_id = b5112d05f636695d
start_time = 1682628698125727
end_time = 1682628698125826
inclusive_time = 99
exclusive_time = 99
process_id = p1
operationName = MmcSetMovieId
serviceName = movie-id-service
call path = ->/wrk2-api/review/compose_nginx->/wrk2-api/review/compose_nginx->ComposeReview_nginx->UploadMovieId_movie-id-service
------------------------------------------------------------------------------------
span = 9
trace_id = 96a50a96f1d98403
span_id = 9e2eed15955dc7bd
parent_id = b5112d05f636695d
start_time = 1682628698125449
end_time = 1682628698125578
inclusive_time = 129
exclusive_time = 129
process_id = p1
operationName = MmcGetMovieId
serviceName = movie-id-service
call path = ->/wrk2-api/review/compose_nginx->/wrk2-api/review/compose_nginx->ComposeReview_nginx->UploadMovieId_movie-id-service
------------------------------------------------------------------------------------
