span = 0
span_id = a57c907bfe5bf8de
parent_id = None
start_time = 1682628697866000
end_time = 1682628697871436
inclusive_time = 5436
exclusive_time = 990
process_id = p5
operationName = /wrk2-api/review/compose
serviceName = nginx
------------------------------------------------------------------------------------
span = 1
span_id = 940ea7d084d3cf31
parent_id = a57c907bfe5bf8de
start_time = 1682628697866990
end_time = 1682628697871436
inclusive_time = 4446
exclusive_time = 94
process_id = p5
operationName = /wrk2-api/review/compose
serviceName = nginx
------------------------------------------------------------------------------------
span = 2
span_id = b9939d8b7114fe71
parent_id = 940ea7d084d3cf31
start_time = 1682628697867033
end_time = 1682628697871385
inclusive_time = 4352
exclusive_time = 243
process_id = p5
operationName = ComposeReview
serviceName = nginx
------------------------------------------------------------------------------------
span = 3
span_id = f8ab648b68b56ff3
parent_id = b9939d8b7114fe71
start_time = 1682628697867367
end_time = 1682628697871310
inclusive_time = 3943
exclusive_time = 314
process_id = p4
operationName = UploadMovieId
serviceName = movie-id-service
------------------------------------------------------------------------------------
span = 4
span_id = 6e273c31308947a3
parent_id = f8ab648b68b56ff3
start_time = 1682628697867799
end_time = 1682628697871201
inclusive_time = 3402
exclusive_time = 299
process_id = p8
operationName = UploadRating
serviceName = rating-service
------------------------------------------------------------------------------------
span = 5
span_id = 5b1dcdafed05de7f
parent_id = 6e273c31308947a3
start_time = 1682628697868034
end_time = 1682628697871038
inclusive_time = 3004
exclusive_time = 1766
process_id = p3
operationName = UploadRating
serviceName = compose-review-service
------------------------------------------------------------------------------------
span = 6
span_id = af995676c33db38e
parent_id = 5b1dcdafed05de7f
start_time = 1682628697869672
end_time = 1682628697870887
inclusive_time = 1215
exclusive_time = 19
process_id = p6
operationName = UploadMovieReview
serviceName = movie-review-service
------------------------------------------------------------------------------------
span = 7
span_id = 85be893a0f9fe0e2
parent_id = af995676c33db38e
start_time = 1682628697869691
end_time = 1682628697870892
inclusive_time = 1201
exclusive_time = 1201
process_id = p6
operationName = MongoFindMovie
serviceName = movie-review-service
------------------------------------------------------------------------------------
span = 8
span_id = 9fe3e3e69b9625ed
parent_id = f8ab648b68b56ff3
start_time = 1682628697867646
end_time = 1682628697867744
inclusive_time = 98
exclusive_time = 98
process_id = p4
operationName = MmcSetMovieId
serviceName = movie-id-service
------------------------------------------------------------------------------------
span = 9
span_id = ef5cb2fef588c32e
parent_id = f8ab648b68b56ff3
start_time = 1682628697867385
end_time = 1682628697867482
inclusive_time = 97
exclusive_time = 97
process_id = p4
operationName = MmcGetMovieId
serviceName = movie-id-service
------------------------------------------------------------------------------------
