span = 0
span_id = 4c663502ecbd2f43
parent_id = None
start_time = 1682628697901000
end_time = 1682628697905392
inclusive_time = 4392
exclusive_time = 535
process_id = p3
operationName = /wrk2-api/review/compose
serviceName = nginx
------------------------------------------------------------------------------------
span = 1
span_id = 307073e354a1389a
parent_id = 4c663502ecbd2f43
start_time = 1682628697901535
end_time = 1682628697905392
inclusive_time = 3857
exclusive_time = 100
process_id = p3
operationName = /wrk2-api/review/compose
serviceName = nginx
------------------------------------------------------------------------------------
span = 2
span_id = 9a61414d5140c522
parent_id = 307073e354a1389a
start_time = 1682628697901567
end_time = 1682628697905324
inclusive_time = 3757
exclusive_time = 282
process_id = p3
operationName = ComposeReview
serviceName = nginx
------------------------------------------------------------------------------------
span = 3
span_id = dc9483c273966015
parent_id = 9a61414d5140c522
start_time = 1682628697901817
end_time = 1682628697905225
inclusive_time = 3408
exclusive_time = 391
process_id = p2
operationName = UploadMovieId
serviceName = movie-id-service
------------------------------------------------------------------------------------
span = 4
span_id = 690b265830062e7a
parent_id = dc9483c273966015
start_time = 1682628697902266
end_time = 1682628697905112
inclusive_time = 2846
exclusive_time = 314
process_id = p7
operationName = UploadRating
serviceName = rating-service
------------------------------------------------------------------------------------
span = 5
span_id = ad40e1eef7241ddd
parent_id = 690b265830062e7a
start_time = 1682628697902425
end_time = 1682628697904957
inclusive_time = 2532
exclusive_time = 1016
process_id = p1
operationName = UploadRating
serviceName = compose-review-service
------------------------------------------------------------------------------------
span = 6
span_id = da79b44791ac5657
parent_id = ad40e1eef7241ddd
start_time = 1682628697903577
end_time = 1682628697904835
inclusive_time = 1258
exclusive_time = 25
process_id = p4
operationName = UploadMovieReview
serviceName = movie-review-service
------------------------------------------------------------------------------------
span = 7
span_id = 509423599cab4244
parent_id = da79b44791ac5657
start_time = 1682628697903602
end_time = 1682628697904843
inclusive_time = 1241
exclusive_time = 1241
process_id = p4
operationName = MongoFindMovie
serviceName = movie-review-service
------------------------------------------------------------------------------------
span = 8
span_id = ffd76372be055161
parent_id = dc9483c273966015
start_time = 1682628697901831
end_time = 1682628697901932
inclusive_time = 101
exclusive_time = 101
process_id = p2
operationName = MmcGetMovieId
serviceName = movie-id-service
------------------------------------------------------------------------------------
