span 0
span_id = aa5ef9c874bd59ed
parent_id = None
start_time = 1682628697880000
end_time = 1682628697883950
inclusive_time = 3950
exclusive_time = 39
process_id = p2
operationName = /wrk2-api/review/compose
serviceName = None
------------------------------------------------------------------------------------
span 1
span_id = bddede45bdc3fcc6
parent_id = aa5ef9c874bd59ed
start_time = 1682628697880039
end_time = 1682628697883950
inclusive_time = 3911
exclusive_time = 104
process_id = p2
operationName = /wrk2-api/review/compose
serviceName = None
------------------------------------------------------------------------------------
span 2
span_id = 555584420f45ef36
parent_id = bddede45bdc3fcc6
start_time = 1682628697880085
end_time = 1682628697883892
inclusive_time = 3807
exclusive_time = 493
process_id = p2
operationName = ComposeReview
serviceName = None
------------------------------------------------------------------------------------
span 3
span_id = ebb6b88d9a504b88
parent_id = 555584420f45ef36
start_time = 1682628697880518
end_time = 1682628697883653
inclusive_time = 3135
exclusive_time = 384
process_id = p4
operationName = UploadMovieId
serviceName = None
------------------------------------------------------------------------------------
span 4
span_id = 4e8ffc8838c63f31
parent_id = ebb6b88d9a504b88
start_time = 1682628697881054
end_time = 1682628697883537
inclusive_time = 2483
exclusive_time = 322
process_id = p7
operationName = UploadRating
serviceName = None
------------------------------------------------------------------------------------
span 5
span_id = ea9dc3f52fdbe62a
parent_id = 4e8ffc8838c63f31
start_time = 1682628697881243
end_time = 1682628697883387
inclusive_time = 2144
exclusive_time = 920
process_id = p3
operationName = UploadRating
serviceName = None
------------------------------------------------------------------------------------
span 6
span_id = 5ad91986f67dc81c
parent_id = ea9dc3f52fdbe62a
start_time = 1682628697882046
end_time = 1682628697883220
inclusive_time = 1174
exclusive_time = 26
process_id = p5
operationName = UploadMovieReview
serviceName = None
------------------------------------------------------------------------------------
span 7
span_id = a652c9fea0c9acaf
parent_id = 5ad91986f67dc81c
start_time = 1682628697882072
end_time = 1682628697883225
inclusive_time = 1153
exclusive_time = 1153
process_id = p5
operationName = MongoFindMovie
serviceName = None
------------------------------------------------------------------------------------
span 8
span_id = 9deaba3cece6b7bd
parent_id = ebb6b88d9a504b88
start_time = 1682628697880793
end_time = 1682628697880893
inclusive_time = 100
exclusive_time = 100
process_id = p4
operationName = MmcSetMovieId
serviceName = None
------------------------------------------------------------------------------------
span 9
span_id = a9b700efd1e0294c
parent_id = ebb6b88d9a504b88
start_time = 1682628697880542
end_time = 1682628697880640
inclusive_time = 98
exclusive_time = 98
process_id = p4
operationName = MmcGetMovieId
serviceName = None
------------------------------------------------------------------------------------
