span = 0
span_id = 2fb377981c2f981e
parent_id = None
start_time = 1682628698264000
end_time = 1682628698268753
inclusive_time = 4753
exclusive_time = 760
process_id = p3
operationName = /wrk2-api/review/compose
serviceName = nginx
------------------------------------------------------------------------------------
span = 1
span_id = 0e9222c9f1dd731b
parent_id = 2fb377981c2f981e
start_time = 1682628698264760
end_time = 1682628698268753
inclusive_time = 3993
exclusive_time = 104
process_id = p3
operationName = /wrk2-api/review/compose
serviceName = nginx
------------------------------------------------------------------------------------
span = 2
span_id = cc4c60689e8f709a
parent_id = 0e9222c9f1dd731b
start_time = 1682628698264808
end_time = 1682628698268697
inclusive_time = 3889
exclusive_time = 300
process_id = p3
operationName = ComposeReview
serviceName = nginx
------------------------------------------------------------------------------------
span = 3
span_id = e51cd3460c3a804e
parent_id = cc4c60689e8f709a
start_time = 1682628698265162
end_time = 1682628698268610
inclusive_time = 3448
exclusive_time = 443
process_id = p6
operationName = UploadMovieId
serviceName = movie-id-service
------------------------------------------------------------------------------------
span = 4
span_id = 9af74f660f740836
parent_id = e51cd3460c3a804e
start_time = 1682628698265626
end_time = 1682628698268448
inclusive_time = 2822
exclusive_time = 216
process_id = p10
operationName = UploadRating
serviceName = rating-service
------------------------------------------------------------------------------------
span = 5
span_id = a0df66625ee3f6cc
parent_id = 9af74f660f740836
start_time = 1682628698265779
end_time = 1682628698268335
inclusive_time = 2556
exclusive_time = 1281
process_id = p5
operationName = UploadRating
serviceName = compose-review-service
------------------------------------------------------------------------------------
span = 6
span_id = 6ea9ac58391379c8
parent_id = a0df66625ee3f6cc
start_time = 1682628698266982
end_time = 1682628698268224
inclusive_time = 1242
exclusive_time = 30
process_id = p4
operationName = UploadUserReview
serviceName = user-review-service
------------------------------------------------------------------------------------
span = 7
span_id = 800069b78b5e295c
parent_id = 6ea9ac58391379c8
start_time = 1682628698267012
end_time = 1682628698268227
inclusive_time = 1215
exclusive_time = 1215
process_id = p4
operationName = MongoFindUser
serviceName = user-review-service
------------------------------------------------------------------------------------
span = 8
span_id = e7baec107a2eb3ec
parent_id = e51cd3460c3a804e
start_time = 1682628698265503
end_time = 1682628698265590
inclusive_time = 87
exclusive_time = 87
process_id = p6
operationName = MmcSetMovieId
serviceName = movie-id-service
------------------------------------------------------------------------------------
span = 9
span_id = 928efccb1721056b
parent_id = e51cd3460c3a804e
start_time = 1682628698265181
end_time = 1682628698265277
inclusive_time = 96
exclusive_time = 96
process_id = p6
operationName = MmcGetMovieId
serviceName = movie-id-service
------------------------------------------------------------------------------------
