span = 0
trace_id = e30d49be1545c03f
span_id = e30d49be1545c03f
parent_id = None
start_time = 1682628698019000
end_time = 1682628698024256
inclusive_time = 5256
exclusive_time = 634
process_id = p3
operationName = /wrk2-api/review/compose
serviceName = nginx
call path = 
------------------------------------------------------------------------------------
span = 1
trace_id = e30d49be1545c03f
span_id = e10a7209f8b22c16
parent_id = e30d49be1545c03f
start_time = 1682628698019634
end_time = 1682628698024256
inclusive_time = 4622
exclusive_time = 94
process_id = p3
operationName = /wrk2-api/review/compose
serviceName = nginx
call path = ->/wrk2-api/review/compose_nginx
------------------------------------------------------------------------------------
span = 2
trace_id = e30d49be1545c03f
span_id = 9d6793bfd322842e
parent_id = e10a7209f8b22c16
start_time = 1682628698019678
end_time = 1682628698024206
inclusive_time = 4528
exclusive_time = 280
process_id = p3
operationName = ComposeReview
serviceName = nginx
call path = ->/wrk2-api/review/compose_nginx->/wrk2-api/review/compose_nginx
------------------------------------------------------------------------------------
span = 3
trace_id = e30d49be1545c03f
span_id = 5eb29ec7e479e913
parent_id = 9d6793bfd322842e
start_time = 1682628698020034
end_time = 1682628698024138
inclusive_time = 4104
exclusive_time = 541
process_id = p2
operationName = UploadMovieId
serviceName = movie-id-service
call path = ->/wrk2-api/review/compose_nginx->/wrk2-api/review/compose_nginx->ComposeReview_nginx
------------------------------------------------------------------------------------
span = 4
trace_id = e30d49be1545c03f
span_id = b48731d37035a1cf
parent_id = 5eb29ec7e479e913
start_time = 1682628698020689
end_time = 1682628698024043
inclusive_time = 3354
exclusive_time = 247
process_id = p9
operationName = UploadRating
serviceName = rating-service
call path = ->/wrk2-api/review/compose_nginx->/wrk2-api/review/compose_nginx->ComposeReview_nginx->UploadMovieId_movie-id-service
------------------------------------------------------------------------------------
span = 5
trace_id = e30d49be1545c03f
span_id = 811c68682ccc55f5
parent_id = b48731d37035a1cf
start_time = 1682628698020836
end_time = 1682628698023892
inclusive_time = 3056
exclusive_time = 1435
process_id = p5
operationName = UploadRating
serviceName = compose-review-service
call path = ->/wrk2-api/review/compose_nginx->/wrk2-api/review/compose_nginx->ComposeReview_nginx->UploadMovieId_movie-id-service->UploadRating_rating-service
------------------------------------------------------------------------------------
span = 6
trace_id = e30d49be1545c03f
span_id = 9c192af47efdf6fc
parent_id = 811c68682ccc55f5
start_time = 1682628698022250
end_time = 1682628698023731
inclusive_time = 1481
exclusive_time = 33
process_id = p6
operationName = UploadUserReview
serviceName = user-review-service
call path = ->/wrk2-api/review/compose_nginx->/wrk2-api/review/compose_nginx->ComposeReview_nginx->UploadMovieId_movie-id-service->UploadRating_rating-service->UploadRating_compose-review-service
------------------------------------------------------------------------------------
span = 7
trace_id = e30d49be1545c03f
span_id = cec7d3a4a357217c
parent_id = 9c192af47efdf6fc
start_time = 1682628698022283
end_time = 1682628698023736
inclusive_time = 1453
exclusive_time = 1453
process_id = p6
operationName = MongoFindUser
serviceName = user-review-service
call path = ->/wrk2-api/review/compose_nginx->/wrk2-api/review/compose_nginx->ComposeReview_nginx->UploadMovieId_movie-id-service->UploadRating_rating-service->UploadRating_compose-review-service->UploadUserReview_user-review-service
------------------------------------------------------------------------------------
span = 8
trace_id = e30d49be1545c03f
span_id = ef6b5ad50f50b478
parent_id = 5eb29ec7e479e913
start_time = 1682628698020059
end_time = 1682628698020164
inclusive_time = 105
exclusive_time = 105
process_id = p2
operationName = MmcGetMovieId
serviceName = movie-id-service
call path = ->/wrk2-api/review/compose_nginx->/wrk2-api/review/compose_nginx->ComposeReview_nginx->UploadMovieId_movie-id-service
------------------------------------------------------------------------------------
