span = 0
trace_id = 736afba7cbd3bada
span_id = 736afba7cbd3bada
parent_id = None
start_time = 1682628698248000
end_time = 1682628698252113
inclusive_time = 4113
exclusive_time = 537
process_id = p4
operationName = /wrk2-api/review/compose
serviceName = nginx
------------------------------------------------------------------------------------
span = 1
trace_id = 736afba7cbd3bada
span_id = 434a991d3fb3ba01
parent_id = 736afba7cbd3bada
start_time = 1682628698248536
end_time = 1682628698252112
inclusive_time = 3576
exclusive_time = 105
process_id = p4
operationName = /wrk2-api/review/compose
serviceName = nginx
------------------------------------------------------------------------------------
span = 2
trace_id = 736afba7cbd3bada
span_id = 157b3187143841c9
parent_id = 434a991d3fb3ba01
start_time = 1682628698248584
end_time = 1682628698252055
inclusive_time = 3471
exclusive_time = 251
process_id = p4
operationName = ComposeReview
serviceName = nginx
------------------------------------------------------------------------------------
span = 3
trace_id = 736afba7cbd3bada
span_id = acc8f9bb64a2568a
parent_id = 157b3187143841c9
start_time = 1682628698248838
end_time = 1682628698251968
inclusive_time = 3130
exclusive_time = 321
process_id = p1
operationName = UploadMovieId
serviceName = movie-id-service
------------------------------------------------------------------------------------
span = 4
trace_id = 736afba7cbd3bada
span_id = a6b17b46712d46d9
parent_id = acc8f9bb64a2568a
start_time = 1682628698249229
end_time = 1682628698251831
inclusive_time = 2602
exclusive_time = 192
process_id = p10
operationName = UploadRating
serviceName = rating-service
------------------------------------------------------------------------------------
span = 5
trace_id = 736afba7cbd3bada
span_id = 6103bc1aa4c4d91e
parent_id = a6b17b46712d46d9
start_time = 1682628698249487
end_time = 1682628698251724
inclusive_time = 2237
exclusive_time = 1086
process_id = p6
operationName = UploadRating
serviceName = compose-review-service
------------------------------------------------------------------------------------
span = 6
trace_id = 736afba7cbd3bada
span_id = 15d57dffeb732f1d
parent_id = 6103bc1aa4c4d91e
start_time = 1682628698250288
end_time = 1682628698251381
inclusive_time = 1093
exclusive_time = 16
process_id = p2
operationName = UploadMovieReview
serviceName = movie-review-service
------------------------------------------------------------------------------------
span = 7
trace_id = 736afba7cbd3bada
span_id = c8f0d16160a31a52
parent_id = 15d57dffeb732f1d
start_time = 1682628698250304
end_time = 1682628698251384
inclusive_time = 1080
exclusive_time = 1080
process_id = p2
operationName = MongoFindMovie
serviceName = movie-review-service
------------------------------------------------------------------------------------
span = 8
trace_id = 736afba7cbd3bada
span_id = 07c27aa45a1a6fe7
parent_id = acc8f9bb64a2568a
start_time = 1682628698249062
end_time = 1682628698249188
inclusive_time = 126
exclusive_time = 126
process_id = p1
operationName = MmcSetMovieId
serviceName = movie-id-service
------------------------------------------------------------------------------------
span = 9
trace_id = 736afba7cbd3bada
span_id = 222412c721f052ce
parent_id = acc8f9bb64a2568a
start_time = 1682628698248853
end_time = 1682628698248934
inclusive_time = 81
exclusive_time = 81
process_id = p1
operationName = MmcGetMovieId
serviceName = movie-id-service
------------------------------------------------------------------------------------
