span = 0
span_id = 998453369a277dce
parent_id = None
start_time = 1682628698019000
end_time = 1682628698023875
inclusive_time = 4875
exclusive_time = 1036
process_id = p3
operationName = /wrk2-api/review/compose
serviceName = nginx
------------------------------------------------------------------------------------
span = 1
span_id = e2096f33a11c2201
parent_id = 998453369a277dce
start_time = 1682628698020035
end_time = 1682628698023874
inclusive_time = 3839
exclusive_time = 120
process_id = p3
operationName = /wrk2-api/review/compose
serviceName = nginx
------------------------------------------------------------------------------------
span = 2
span_id = 378205fa35615bad
parent_id = e2096f33a11c2201
start_time = 1682628698020079
end_time = 1682628698023798
inclusive_time = 3719
exclusive_time = 352
process_id = p3
operationName = ComposeReview
serviceName = nginx
------------------------------------------------------------------------------------
span = 3
span_id = e8388c3ffaa01702
parent_id = 378205fa35615bad
start_time = 1682628698020324
end_time = 1682628698023624
inclusive_time = 3300
exclusive_time = 364
process_id = p2
operationName = UploadMovieId
serviceName = movie-id-service
------------------------------------------------------------------------------------
span = 4
span_id = e40940efe9e61bc6
parent_id = e8388c3ffaa01702
start_time = 1682628698020892
end_time = 1682628698023460
inclusive_time = 2568
exclusive_time = 325
process_id = p9
operationName = UploadRating
serviceName = rating-service
------------------------------------------------------------------------------------
span = 5
span_id = 64a9d4f91741764b
parent_id = e40940efe9e61bc6
start_time = 1682628698021154
end_time = 1682628698023346
inclusive_time = 2192
exclusive_time = 981
process_id = p5
operationName = UploadRating
serviceName = compose-review-service
------------------------------------------------------------------------------------
span = 6
span_id = 63384a1606c4572c
parent_id = 64a9d4f91741764b
start_time = 1682628698022115
end_time = 1682628698023208
inclusive_time = 1093
exclusive_time = 18
process_id = p1
operationName = UploadMovieReview
serviceName = movie-review-service
------------------------------------------------------------------------------------
span = 7
span_id = d7d45f275e4e90a7
parent_id = 63384a1606c4572c
start_time = 1682628698022133
end_time = 1682628698023212
inclusive_time = 1079
exclusive_time = 1079
process_id = p1
operationName = MongoFindMovie
serviceName = movie-review-service
------------------------------------------------------------------------------------
span = 8
span_id = e693828ae3c10bff
parent_id = e8388c3ffaa01702
start_time = 1682628698020703
end_time = 1682628698020816
inclusive_time = 113
exclusive_time = 113
process_id = p2
operationName = MmcSetMovieId
serviceName = movie-id-service
------------------------------------------------------------------------------------
span = 9
span_id = 61b028c586f9558f
parent_id = e8388c3ffaa01702
start_time = 1682628698020335
end_time = 1682628698020548
inclusive_time = 213
exclusive_time = 213
process_id = p2
operationName = MmcGetMovieId
serviceName = movie-id-service
------------------------------------------------------------------------------------
