span 0
span_id = 3365b3ae3ff83b84
parent_id = None
start_time = 1682628698054000
end_time = 1682628698059535
inclusive_time = 5535
exclusive_time = 537
process_id = p8
operationName = /wrk2-api/review/compose
serviceName = None
------------------------------------------------------------------------------------
span 1
span_id = 8c5ab9011809afb4
parent_id = 3365b3ae3ff83b84
start_time = 1682628698054537
end_time = 1682628698059535
inclusive_time = 4998
exclusive_time = 119
process_id = p8
operationName = /wrk2-api/review/compose
serviceName = None
------------------------------------------------------------------------------------
span 2
span_id = eee92917fa7ec0fe
parent_id = 8c5ab9011809afb4
start_time = 1682628698054596
end_time = 1682628698059475
inclusive_time = 4879
exclusive_time = 327
process_id = p8
operationName = ComposeReview
serviceName = None
------------------------------------------------------------------------------------
span 3
span_id = 2ba38850a35a7a41
parent_id = eee92917fa7ec0fe
start_time = 1682628698054967
end_time = 1682628698059390
inclusive_time = 4423
exclusive_time = 399
process_id = p6
operationName = UploadMovieId
serviceName = None
------------------------------------------------------------------------------------
span 4
span_id = 7b4228e8756ba1e4
parent_id = 2ba38850a35a7a41
start_time = 1682628698055480
end_time = 1682628698059251
inclusive_time = 3771
exclusive_time = 230
process_id = p7
operationName = UploadRating
serviceName = None
------------------------------------------------------------------------------------
span 5
span_id = 0d9617b5801e6a89
parent_id = 7b4228e8756ba1e4
start_time = 1682628698055636
end_time = 1682628698059144
inclusive_time = 3508
exclusive_time = 1197
process_id = p4
operationName = UploadRating
serviceName = None
------------------------------------------------------------------------------------
span 6
span_id = c636566e39006d02
parent_id = 0d9617b5801e6a89
start_time = 1682628698056505
end_time = 1682628698058768
inclusive_time = 2263
exclusive_time = 25
process_id = p1
operationName = UploadUserReview
serviceName = None
------------------------------------------------------------------------------------
span 7
span_id = 420a301869d2a7ba
parent_id = c636566e39006d02
start_time = 1682628698056530
end_time = 1682628698058775
inclusive_time = 2245
exclusive_time = 2245
process_id = p1
operationName = MongoFindUser
serviceName = None
------------------------------------------------------------------------------------
span 8
span_id = 16d0fd59e834b3c7
parent_id = 2ba38850a35a7a41
start_time = 1682628698055324
end_time = 1682628698055426
inclusive_time = 102
exclusive_time = 102
process_id = p6
operationName = MmcSetMovieId
serviceName = None
------------------------------------------------------------------------------------
span 9
span_id = 05fbb0d80a5c83d3
parent_id = 2ba38850a35a7a41
start_time = 1682628698054986
end_time = 1682628698055137
inclusive_time = 151
exclusive_time = 151
process_id = p6
operationName = MmcGetMovieId
serviceName = None
------------------------------------------------------------------------------------
