span = 0
trace_id = 3879a49bc63d4be9
span_id = 3879a49bc63d4be9
parent_id = None
start_time = 1682628698178000
end_time = 1682628698182258
inclusive_time = 4258
exclusive_time = 711
process_id = p7
operationName = /wrk2-api/review/compose
serviceName = nginx
call path = 
------------------------------------------------------------------------------------
span = 1
trace_id = 3879a49bc63d4be9
span_id = b79fcb07a939701c
parent_id = 3879a49bc63d4be9
start_time = 1682628698178711
end_time = 1682628698182258
inclusive_time = 3547
exclusive_time = 96
process_id = p7
operationName = /wrk2-api/review/compose
serviceName = nginx
call path = ->/wrk2-api/review/compose_nginx
------------------------------------------------------------------------------------
span = 2
trace_id = 3879a49bc63d4be9
span_id = 106a20ceca683bcb
parent_id = b79fcb07a939701c
start_time = 1682628698178748
end_time = 1682628698182199
inclusive_time = 3451
exclusive_time = 258
process_id = p7
operationName = ComposeReview
serviceName = nginx
call path = ->/wrk2-api/review/compose_nginx->/wrk2-api/review/compose_nginx
------------------------------------------------------------------------------------
span = 3
trace_id = 3879a49bc63d4be9
span_id = 876b0d6de138fe80
parent_id = 106a20ceca683bcb
start_time = 1682628698179052
end_time = 1682628698182127
inclusive_time = 3075
exclusive_time = 301
process_id = p5
operationName = UploadMovieId
serviceName = movie-id-service
call path = ->/wrk2-api/review/compose_nginx->/wrk2-api/review/compose_nginx->ComposeReview_nginx
------------------------------------------------------------------------------------
span = 4
trace_id = 3879a49bc63d4be9
span_id = f35bcb96b7cfad63
parent_id = 876b0d6de138fe80
start_time = 1682628698179589
end_time = 1682628698181988
inclusive_time = 2399
exclusive_time = 288
process_id = p10
operationName = UploadRating
serviceName = rating-service
call path = ->/wrk2-api/review/compose_nginx->/wrk2-api/review/compose_nginx->ComposeReview_nginx->UploadMovieId_movie-id-service
------------------------------------------------------------------------------------
span = 5
trace_id = 3879a49bc63d4be9
span_id = 48fb8e85da906854
parent_id = f35bcb96b7cfad63
start_time = 1682628698179764
end_time = 1682628698181873
inclusive_time = 2109
exclusive_time = 1037
process_id = p1
operationName = UploadRating
serviceName = compose-review-service
call path = ->/wrk2-api/review/compose_nginx->/wrk2-api/review/compose_nginx->ComposeReview_nginx->UploadMovieId_movie-id-service->UploadRating_rating-service
------------------------------------------------------------------------------------
span = 6
trace_id = 3879a49bc63d4be9
span_id = c1c455ecf4d67d95
parent_id = 48fb8e85da906854
start_time = 1682628698180676
end_time = 1682628698181738
inclusive_time = 1062
exclusive_time = 23
process_id = p4
operationName = UploadUserReview
serviceName = user-review-service
call path = ->/wrk2-api/review/compose_nginx->/wrk2-api/review/compose_nginx->ComposeReview_nginx->UploadMovieId_movie-id-service->UploadRating_rating-service->UploadRating_compose-review-service
------------------------------------------------------------------------------------
span = 7
trace_id = 3879a49bc63d4be9
span_id = 389089f9b86f2310
parent_id = c1c455ecf4d67d95
start_time = 1682628698180699
end_time = 1682628698181743
inclusive_time = 1044
exclusive_time = 1044
process_id = p4
operationName = MongoFindUser
serviceName = user-review-service
call path = ->/wrk2-api/review/compose_nginx->/wrk2-api/review/compose_nginx->ComposeReview_nginx->UploadMovieId_movie-id-service->UploadRating_rating-service->UploadRating_compose-review-service->UploadUserReview_user-review-service
------------------------------------------------------------------------------------
span = 8
trace_id = 3879a49bc63d4be9
span_id = 62a7bfe31033d1a6
parent_id = 876b0d6de138fe80
start_time = 1682628698179307
end_time = 1682628698179458
inclusive_time = 151
exclusive_time = 151
process_id = p5
operationName = MmcSetMovieId
serviceName = movie-id-service
call path = ->/wrk2-api/review/compose_nginx->/wrk2-api/review/compose_nginx->ComposeReview_nginx->UploadMovieId_movie-id-service
------------------------------------------------------------------------------------
span = 9
trace_id = 3879a49bc63d4be9
span_id = 8f55b858db57b365
parent_id = 876b0d6de138fe80
start_time = 1682628698179065
end_time = 1682628698179158
inclusive_time = 93
exclusive_time = 93
process_id = p5
operationName = MmcGetMovieId
serviceName = movie-id-service
call path = ->/wrk2-api/review/compose_nginx->/wrk2-api/review/compose_nginx->ComposeReview_nginx->UploadMovieId_movie-id-service
------------------------------------------------------------------------------------
