span = 0
span_id = be04dfd7df7a731d
parent_id = None
start_time = 1682628698173000
end_time = 1682628698178404
inclusive_time = 5404
exclusive_time = 896
process_id = p7
operationName = /wrk2-api/review/compose
serviceName = nginx
------------------------------------------------------------------------------------
span = 1
span_id = ef8610f7ff8cfd91
parent_id = be04dfd7df7a731d
start_time = 1682628698173896
end_time = 1682628698178405
inclusive_time = 4509
exclusive_time = 91
process_id = p7
operationName = /wrk2-api/review/compose
serviceName = nginx
------------------------------------------------------------------------------------
span = 2
span_id = 6e4ae5eb6083fec0
parent_id = ef8610f7ff8cfd91
start_time = 1682628698173935
end_time = 1682628698178353
inclusive_time = 4418
exclusive_time = 645
process_id = p7
operationName = ComposeReview
serviceName = nginx
------------------------------------------------------------------------------------
span = 3
span_id = 79868257587687ec
parent_id = 6e4ae5eb6083fec0
start_time = 1682628698174215
end_time = 1682628698177882
inclusive_time = 3667
exclusive_time = 312
process_id = p5
operationName = UploadMovieId
serviceName = movie-id-service
------------------------------------------------------------------------------------
span = 4
span_id = 8ae2e017fcf5301e
parent_id = 79868257587687ec
start_time = 1682628698174713
end_time = 1682628698177758
inclusive_time = 3045
exclusive_time = 411
process_id = p10
operationName = UploadRating
serviceName = rating-service
------------------------------------------------------------------------------------
span = 5
span_id = e276dce2ed5a2f3b
parent_id = 8ae2e017fcf5301e
start_time = 1682628698174926
end_time = 1682628698177471
inclusive_time = 2545
exclusive_time = 1167
process_id = p1
operationName = UploadRating
serviceName = compose-review-service
------------------------------------------------------------------------------------
span = 6
span_id = 7c2e1e808c33c0d4
parent_id = e276dce2ed5a2f3b
start_time = 1682628698176064
end_time = 1682628698177300
inclusive_time = 1236
exclusive_time = 25
process_id = p4
operationName = UploadUserReview
serviceName = user-review-service
------------------------------------------------------------------------------------
span = 7
span_id = 725291b51ea0c9e8
parent_id = 7c2e1e808c33c0d4
start_time = 1682628698176089
end_time = 1682628698177305
inclusive_time = 1216
exclusive_time = 1216
process_id = p4
operationName = MongoFindUser
serviceName = user-review-service
------------------------------------------------------------------------------------
span = 8
span_id = 6d8a4d399e82a1c8
parent_id = 79868257587687ec
start_time = 1682628698174484
end_time = 1682628698174597
inclusive_time = 113
exclusive_time = 113
process_id = p5
operationName = MmcSetMovieId
serviceName = movie-id-service
------------------------------------------------------------------------------------
span = 9
span_id = cbe1212c147e7856
parent_id = 79868257587687ec
start_time = 1682628698174234
end_time = 1682628698174315
inclusive_time = 81
exclusive_time = 81
process_id = p5
operationName = MmcGetMovieId
serviceName = movie-id-service
------------------------------------------------------------------------------------
