span 0
span_id = e3c46cd18237c69c
parent_id = None
start_time = 1682628698043000
end_time = 1682628698048447
inclusive_time = 5447
exclusive_time = 604
process_id = p4
operationName = /wrk2-api/review/compose
serviceName = None
------------------------------------------------------------------------------------
span 1
span_id = ac316a2c4228598d
parent_id = e3c46cd18237c69c
start_time = 1682628698043603
end_time = 1682628698048446
inclusive_time = 4843
exclusive_time = 73
process_id = p4
operationName = /wrk2-api/review/compose
serviceName = None
------------------------------------------------------------------------------------
span 2
span_id = ad46dd9981bf2022
parent_id = ac316a2c4228598d
start_time = 1682628698043633
end_time = 1682628698048403
inclusive_time = 4770
exclusive_time = 783
process_id = p4
operationName = ComposeReview
serviceName = None
------------------------------------------------------------------------------------
span 3
span_id = b9fe5a0d94cef8ec
parent_id = ad46dd9981bf2022
start_time = 1682628698043953
end_time = 1682628698047830
inclusive_time = 3877
exclusive_time = 367
process_id = p7
operationName = UploadMovieId
serviceName = None
------------------------------------------------------------------------------------
span 4
span_id = 732986ea2f4453aa
parent_id = b9fe5a0d94cef8ec
start_time = 1682628698044462
end_time = 1682628698047698
inclusive_time = 3236
exclusive_time = 359
process_id = p8
operationName = UploadRating
serviceName = None
------------------------------------------------------------------------------------
span 5
span_id = b4de647f181f8ae6
parent_id = 732986ea2f4453aa
start_time = 1682628698044662
end_time = 1682628698047471
inclusive_time = 2809
exclusive_time = 1248
process_id = p1
operationName = UploadRating
serviceName = None
------------------------------------------------------------------------------------
span 6
span_id = e92adc8111627c8d
parent_id = b4de647f181f8ae6
start_time = 1682628698045567
end_time = 1682628698047090
inclusive_time = 1523
exclusive_time = 29
process_id = p2
operationName = UploadUserReview
serviceName = None
------------------------------------------------------------------------------------
span 7
span_id = 9dbdcb4de1f2614d
parent_id = e92adc8111627c8d
start_time = 1682628698045596
end_time = 1682628698047096
inclusive_time = 1500
exclusive_time = 1500
process_id = p2
operationName = MongoFindUser
serviceName = None
------------------------------------------------------------------------------------
span 8
span_id = 14d7b4860a52bc59
parent_id = b9fe5a0d94cef8ec
start_time = 1682628698044263
end_time = 1682628698044356
inclusive_time = 93
exclusive_time = 93
process_id = p7
operationName = MmcSetMovieId
serviceName = None
------------------------------------------------------------------------------------
span 9
span_id = a54e3cbbd7aba549
parent_id = b9fe5a0d94cef8ec
start_time = 1682628698043967
end_time = 1682628698044090
inclusive_time = 123
exclusive_time = 123
process_id = p7
operationName = MmcGetMovieId
serviceName = None
------------------------------------------------------------------------------------
