span = 0
span_id = 7f5ecf22d64a9304
parent_id = None
start_time = 1682628698297000
end_time = 1682628698303432
inclusive_time = 6432
exclusive_time = 618
process_id = p1
operationName = /wrk2-api/review/compose
serviceName = nginx
------------------------------------------------------------------------------------
span = 1
span_id = fb0e14f28f515048
parent_id = 7f5ecf22d64a9304
start_time = 1682628698297617
end_time = 1682628698303431
inclusive_time = 5814
exclusive_time = 93
process_id = p1
operationName = /wrk2-api/review/compose
serviceName = nginx
------------------------------------------------------------------------------------
span = 2
span_id = 5232d8a7da6cd9e9
parent_id = fb0e14f28f515048
start_time = 1682628698297660
end_time = 1682628698303381
inclusive_time = 5721
exclusive_time = 385
process_id = p1
operationName = ComposeReview
serviceName = nginx
------------------------------------------------------------------------------------
span = 3
span_id = 84f4c533b69b8a85
parent_id = 5232d8a7da6cd9e9
start_time = 1682628698298161
end_time = 1682628698303286
inclusive_time = 5125
exclusive_time = 317
process_id = p4
operationName = UploadMovieId
serviceName = movie-id-service
------------------------------------------------------------------------------------
span = 4
span_id = 44d93dda68e19c69
parent_id = 84f4c533b69b8a85
start_time = 1682628698298794
end_time = 1682628698303164
inclusive_time = 4370
exclusive_time = 229
process_id = p10
operationName = UploadRating
serviceName = rating-service
------------------------------------------------------------------------------------
span = 5
span_id = ef4a8940866ddc86
parent_id = 44d93dda68e19c69
start_time = 1682628698298945
end_time = 1682628698303039
inclusive_time = 4094
exclusive_time = 2230
process_id = p3
operationName = UploadRating
serviceName = compose-review-service
------------------------------------------------------------------------------------
span = 6
span_id = 89c1d794aa742ec5
parent_id = ef4a8940866ddc86
start_time = 1682628698300784
end_time = 1682628698302364
inclusive_time = 1580
exclusive_time = 27
process_id = p2
operationName = UploadUserReview
serviceName = user-review-service
------------------------------------------------------------------------------------
span = 7
span_id = 24fd1702cc58aa8d
parent_id = 89c1d794aa742ec5
start_time = 1682628698300811
end_time = 1682628698302367
inclusive_time = 1556
exclusive_time = 1556
process_id = p2
operationName = MongoFindUser
serviceName = user-review-service
------------------------------------------------------------------------------------
span = 8
span_id = 281f2b1291729131
parent_id = 84f4c533b69b8a85
start_time = 1682628698298421
end_time = 1682628698298518
inclusive_time = 97
exclusive_time = 97
process_id = p4
operationName = MmcSetMovieId
serviceName = movie-id-service
------------------------------------------------------------------------------------
span = 9
span_id = ec165893bf63de98
parent_id = 84f4c533b69b8a85
start_time = 1682628698298178
end_time = 1682628698298266
inclusive_time = 88
exclusive_time = 88
process_id = p4
operationName = MmcGetMovieId
serviceName = movie-id-service
------------------------------------------------------------------------------------
