span = 0
trace_id = 5ba2f0513c715970
span_id = 5ba2f0513c715970
parent_id = None
start_time = 1682628698129000
end_time = 1682628698134134
inclusive_time = 5134
exclusive_time = 654
process_id = p4
operationName = /wrk2-api/review/compose
serviceName = nginx
------------------------------------------------------------------------------------
span = 1
trace_id = 5ba2f0513c715970
span_id = 66f7b21af55ad205
parent_id = 5ba2f0513c715970
start_time = 1682628698129653
end_time = 1682628698134133
inclusive_time = 4480
exclusive_time = 93
process_id = p4
operationName = /wrk2-api/review/compose
serviceName = nginx
------------------------------------------------------------------------------------
span = 2
trace_id = 5ba2f0513c715970
span_id = fcd9c43474053659
parent_id = 66f7b21af55ad205
start_time = 1682628698129700
end_time = 1682628698134087
inclusive_time = 4387
exclusive_time = 459
process_id = p4
operationName = ComposeReview
serviceName = nginx
------------------------------------------------------------------------------------
span = 3
trace_id = 5ba2f0513c715970
span_id = 67e428ecb3e7c094
parent_id = fcd9c43474053659
start_time = 1682628698130971
end_time = 1682628698134013
inclusive_time = 3042
exclusive_time = 251
process_id = p9
operationName = UploadUniqueId
serviceName = unique-id-service
------------------------------------------------------------------------------------
span = 4
trace_id = 5ba2f0513c715970
span_id = 8dabfedb683827a2
parent_id = 67e428ecb3e7c094
start_time = 1682628698131157
end_time = 1682628698133948
inclusive_time = 2791
exclusive_time = 1073
process_id = p5
operationName = UploadUniqueId
serviceName = compose-review-service
------------------------------------------------------------------------------------
span = 5
trace_id = 5ba2f0513c715970
span_id = 1ef3fbfd6f3c1c18
parent_id = 8dabfedb683827a2
start_time = 1682628698132392
end_time = 1682628698133841
inclusive_time = 1449
exclusive_time = 24
process_id = p6
operationName = UploadMovieReview
serviceName = movie-review-service
------------------------------------------------------------------------------------
span = 6
trace_id = 5ba2f0513c715970
span_id = f8196bb95f6650be
parent_id = 1ef3fbfd6f3c1c18
start_time = 1682628698132416
end_time = 1682628698133844
inclusive_time = 1428
exclusive_time = 1428
process_id = p6
operationName = MongoFindMovie
serviceName = movie-review-service
------------------------------------------------------------------------------------
