span 0
span_id = dc8f11cd3bad8512
parent_id = None
start_time = 1682628697868000
end_time = 1682628697874017
inclusive_time = 6017
exclusive_time = 800
process_id = p3
operationName = /wrk2-api/review/compose
serviceName = None
------------------------------------------------------------------------------------
span 1
span_id = 3af8d995e52cdaa7
parent_id = dc8f11cd3bad8512
start_time = 1682628697868800
end_time = 1682628697874017
inclusive_time = 5217
exclusive_time = 88
process_id = p3
operationName = /wrk2-api/review/compose
serviceName = None
------------------------------------------------------------------------------------
span 2
span_id = 4173164c442dd5ba
parent_id = 3af8d995e52cdaa7
start_time = 1682628697868839
end_time = 1682628697873968
inclusive_time = 5129
exclusive_time = 300
process_id = p3
operationName = ComposeReview
serviceName = None
------------------------------------------------------------------------------------
span 3
span_id = 4e55fa0c86c53db9
parent_id = 4173164c442dd5ba
start_time = 1682628697869454
end_time = 1682628697873876
inclusive_time = 4422
exclusive_time = 328
process_id = p5
operationName = UploadMovieId
serviceName = None
------------------------------------------------------------------------------------
span 4
span_id = 4ed5350a6623434a
parent_id = 4e55fa0c86c53db9
start_time = 1682628697869947
end_time = 1682628697873752
inclusive_time = 3805
exclusive_time = 458
process_id = p8
operationName = UploadRating
serviceName = None
------------------------------------------------------------------------------------
span 5
span_id = f4785b0a1612b515
parent_id = 4ed5350a6623434a
start_time = 1682628697870105
end_time = 1682628697873415
inclusive_time = 3310
exclusive_time = 2020
process_id = p4
operationName = UploadRating
serviceName = None
------------------------------------------------------------------------------------
span 6
span_id = 0de23960e05380a4
parent_id = f4785b0a1612b515
start_time = 1682628697872085
end_time = 1682628697873285
inclusive_time = 1200
exclusive_time = 22
process_id = p6
operationName = UploadMovieReview
serviceName = None
------------------------------------------------------------------------------------
span 7
span_id = e756a32f5a5f38f2
parent_id = 0de23960e05380a4
start_time = 1682628697872107
end_time = 1682628697873291
inclusive_time = 1184
exclusive_time = 1184
process_id = p6
operationName = MongoFindMovie
serviceName = None
------------------------------------------------------------------------------------
span 8
span_id = f4591cdc3af51ff1
parent_id = 4e55fa0c86c53db9
start_time = 1682628697869477
end_time = 1682628697869582
inclusive_time = 105
exclusive_time = 105
process_id = p5
operationName = MmcGetMovieId
serviceName = None
------------------------------------------------------------------------------------
