span = 0
trace_id = 11ea71f11992bac8
span_id = 11ea71f11992bac8
parent_id = None
start_time = 1682628698223000
end_time = 1682628698226817
inclusive_time = 3817
exclusive_time = 156
process_id = p6
operationName = /wrk2-api/review/compose
serviceName = nginx
call path = 
------------------------------------------------------------------------------------
span = 1
trace_id = 11ea71f11992bac8
span_id = 6b782d1401bfee02
parent_id = 11ea71f11992bac8
start_time = 1682628698223155
end_time = 1682628698226816
inclusive_time = 3661
exclusive_time = 108
process_id = p6
operationName = /wrk2-api/review/compose
serviceName = nginx
call path = ->/wrk2-api/review/compose_nginx
------------------------------------------------------------------------------------
span = 2
trace_id = 11ea71f11992bac8
span_id = 054d6dec4006270f
parent_id = 6b782d1401bfee02
start_time = 1682628698223219
end_time = 1682628698226772
inclusive_time = 3553
exclusive_time = 353
process_id = p6
operationName = ComposeReview
serviceName = nginx
call path = ->/wrk2-api/review/compose_nginx->/wrk2-api/review/compose_nginx
------------------------------------------------------------------------------------
span = 3
trace_id = 11ea71f11992bac8
span_id = 604e6b24c92797c3
parent_id = 054d6dec4006270f
start_time = 1682628698223547
end_time = 1682628698226665
inclusive_time = 3118
exclusive_time = 245
process_id = p3
operationName = UploadMovieId
serviceName = movie-id-service
call path = ->/wrk2-api/review/compose_nginx->/wrk2-api/review/compose_nginx->ComposeReview_nginx
------------------------------------------------------------------------------------
span = 4
trace_id = 11ea71f11992bac8
span_id = 67846733bb847e8d
parent_id = 604e6b24c92797c3
start_time = 1682628698224092
end_time = 1682628698226564
inclusive_time = 2472
exclusive_time = 222
process_id = p10
operationName = UploadRating
serviceName = rating-service
call path = ->/wrk2-api/review/compose_nginx->/wrk2-api/review/compose_nginx->ComposeReview_nginx->UploadMovieId_movie-id-service
------------------------------------------------------------------------------------
span = 5
trace_id = 11ea71f11992bac8
span_id = 56c4190eb63c15b1
parent_id = 67846733bb847e8d
start_time = 1682628698224255
end_time = 1682628698226456
inclusive_time = 2201
exclusive_time = 990
process_id = p2
operationName = UploadRating
serviceName = compose-review-service
call path = ->/wrk2-api/review/compose_nginx->/wrk2-api/review/compose_nginx->ComposeReview_nginx->UploadMovieId_movie-id-service->UploadRating_rating-service
------------------------------------------------------------------------------------
span = 6
trace_id = 11ea71f11992bac8
span_id = f322a853c30b4177
parent_id = 56c4190eb63c15b1
start_time = 1682628698225138
end_time = 1682628698226332
inclusive_time = 1194
exclusive_time = 17
process_id = p4
operationName = UploadMovieReview
serviceName = movie-review-service
call path = ->/wrk2-api/review/compose_nginx->/wrk2-api/review/compose_nginx->ComposeReview_nginx->UploadMovieId_movie-id-service->UploadRating_rating-service->UploadRating_compose-review-service
------------------------------------------------------------------------------------
span = 7
trace_id = 11ea71f11992bac8
span_id = 73b5a07e3ab1fea1
parent_id = f322a853c30b4177
start_time = 1682628698225155
end_time = 1682628698226334
inclusive_time = 1179
exclusive_time = 1179
process_id = p4
operationName = MongoFindMovie
serviceName = movie-review-service
call path = ->/wrk2-api/review/compose_nginx->/wrk2-api/review/compose_nginx->ComposeReview_nginx->UploadMovieId_movie-id-service->UploadRating_rating-service->UploadRating_compose-review-service->UploadMovieReview_movie-review-service
------------------------------------------------------------------------------------
span = 8
trace_id = 11ea71f11992bac8
span_id = ee8172e04e9550cf
parent_id = 604e6b24c92797c3
start_time = 1682628698223779
end_time = 1682628698223944
inclusive_time = 165
exclusive_time = 165
process_id = p3
operationName = MmcSetMovieId
serviceName = movie-id-service
call path = ->/wrk2-api/review/compose_nginx->/wrk2-api/review/compose_nginx->ComposeReview_nginx->UploadMovieId_movie-id-service
------------------------------------------------------------------------------------
span = 9
trace_id = 11ea71f11992bac8
span_id = d25540e94193b68b
parent_id = 604e6b24c92797c3
start_time = 1682628698223558
end_time = 1682628698223646
inclusive_time = 88
exclusive_time = 88
process_id = p3
operationName = MmcGetMovieId
serviceName = movie-id-service
call path = ->/wrk2-api/review/compose_nginx->/wrk2-api/review/compose_nginx->ComposeReview_nginx->UploadMovieId_movie-id-service
------------------------------------------------------------------------------------
