span = 0
span_id = 913da9ece8483ff0
parent_id = None
start_time = 1682628698077000
end_time = 1682628698081655
inclusive_time = 4655
exclusive_time = 833
process_id = p7
operationName = /wrk2-api/review/compose
serviceName = nginx
------------------------------------------------------------------------------------
span = 1
span_id = d28bc707870906a8
parent_id = 913da9ece8483ff0
start_time = 1682628698077833
end_time = 1682628698081655
inclusive_time = 3822
exclusive_time = 83
process_id = p7
operationName = /wrk2-api/review/compose
serviceName = nginx
------------------------------------------------------------------------------------
span = 2
span_id = f9c04be0b05bdd37
parent_id = d28bc707870906a8
start_time = 1682628698077868
end_time = 1682628698081607
inclusive_time = 3739
exclusive_time = 246
process_id = p7
operationName = ComposeReview
serviceName = nginx
------------------------------------------------------------------------------------
span = 3
span_id = 2408e676051f87c3
parent_id = f9c04be0b05bdd37
start_time = 1682628698078112
end_time = 1682628698081513
inclusive_time = 3401
exclusive_time = 339
process_id = p4
operationName = UploadMovieId
serviceName = movie-id-service
------------------------------------------------------------------------------------
span = 4
span_id = cd6f1822b74d05d8
parent_id = 2408e676051f87c3
start_time = 1682628698078567
end_time = 1682628698081413
inclusive_time = 2846
exclusive_time = 243
process_id = p6
operationName = UploadRating
serviceName = rating-service
------------------------------------------------------------------------------------
span = 5
span_id = bf3c1f7734cbac43
parent_id = cd6f1822b74d05d8
start_time = 1682628698078843
end_time = 1682628698081300
inclusive_time = 2457
exclusive_time = 1028
process_id = p2
operationName = UploadRating
serviceName = compose-review-service
------------------------------------------------------------------------------------
span = 6
span_id = 941564e04918c286
parent_id = bf3c1f7734cbac43
start_time = 1682628698079753
end_time = 1682628698081107
inclusive_time = 1354
exclusive_time = 33
process_id = p1
operationName = UploadMovieReview
serviceName = movie-review-service
------------------------------------------------------------------------------------
span = 7
span_id = 4d565bafbaa17b11
parent_id = 941564e04918c286
start_time = 1682628698079786
end_time = 1682628698081113
inclusive_time = 1327
exclusive_time = 1327
process_id = p1
operationName = MongoFindMovie
serviceName = movie-review-service
------------------------------------------------------------------------------------
span = 8
span_id = b9d786f607b752de
parent_id = 2408e676051f87c3
start_time = 1682628698078348
end_time = 1682628698078452
inclusive_time = 104
exclusive_time = 104
process_id = p4
operationName = MmcSetMovieId
serviceName = movie-id-service
------------------------------------------------------------------------------------
span = 9
span_id = aab8e2effdf9ffe0
parent_id = 2408e676051f87c3
start_time = 1682628698078124
end_time = 1682628698078214
inclusive_time = 90
exclusive_time = 90
process_id = p4
operationName = MmcGetMovieId
serviceName = movie-id-service
------------------------------------------------------------------------------------
