span = 0
trace_id = 6df96863457e23cc
span_id = 6df96863457e23cc
parent_id = None
start_time = 1682628698129000
end_time = 1682628698134108
inclusive_time = 5108
exclusive_time = 575
process_id = p4
operationName = /wrk2-api/review/compose
serviceName = nginx
------------------------------------------------------------------------------------
span = 1
trace_id = 6df96863457e23cc
span_id = 9e3d91788be842b1
parent_id = 6df96863457e23cc
start_time = 1682628698129574
end_time = 1682628698134107
inclusive_time = 4533
exclusive_time = 102
process_id = p4
operationName = /wrk2-api/review/compose
serviceName = nginx
------------------------------------------------------------------------------------
span = 2
trace_id = 6df96863457e23cc
span_id = 4930d925cbe4fa42
parent_id = 9e3d91788be842b1
start_time = 1682628698129615
end_time = 1682628698134046
inclusive_time = 4431
exclusive_time = 277
process_id = p4
operationName = ComposeReview
serviceName = nginx
------------------------------------------------------------------------------------
span = 3
trace_id = 6df96863457e23cc
span_id = 2e308d80b28558f4
parent_id = 4930d925cbe4fa42
start_time = 1682628698129922
end_time = 1682628698133957
inclusive_time = 4035
exclusive_time = 424
process_id = p1
operationName = UploadMovieId
serviceName = movie-id-service
------------------------------------------------------------------------------------
span = 4
trace_id = 6df96863457e23cc
span_id = d55f832123b00878
parent_id = 2e308d80b28558f4
start_time = 1682628698130406
end_time = 1682628698133776
inclusive_time = 3370
exclusive_time = 506
process_id = p3
operationName = UploadRating
serviceName = rating-service
------------------------------------------------------------------------------------
span = 5
trace_id = 6df96863457e23cc
span_id = 51e418462b579eed
parent_id = d55f832123b00878
start_time = 1682628698130769
end_time = 1682628698133432
inclusive_time = 2663
exclusive_time = 1254
process_id = p5
operationName = UploadRating
serviceName = compose-review-service
------------------------------------------------------------------------------------
span = 6
trace_id = 6df96863457e23cc
span_id = 81ef59b7fbdf6813
parent_id = 51e418462b579eed
start_time = 1682628698131918
end_time = 1682628698133293
inclusive_time = 1375
exclusive_time = 26
process_id = p6
operationName = UploadMovieReview
serviceName = movie-review-service
------------------------------------------------------------------------------------
span = 7
trace_id = 6df96863457e23cc
span_id = d1ab320d6176d152
parent_id = 81ef59b7fbdf6813
start_time = 1682628698131944
end_time = 1682628698133296
inclusive_time = 1352
exclusive_time = 1352
process_id = p6
operationName = MongoFindMovie
serviceName = movie-review-service
------------------------------------------------------------------------------------
span = 8
trace_id = 6df96863457e23cc
span_id = 113b19aad4c37847
parent_id = 2e308d80b28558f4
start_time = 1682628698130182
end_time = 1682628698130293
inclusive_time = 111
exclusive_time = 111
process_id = p1
operationName = MmcSetMovieId
serviceName = movie-id-service
------------------------------------------------------------------------------------
span = 9
trace_id = 6df96863457e23cc
span_id = 82dfda76c9f5c22d
parent_id = 2e308d80b28558f4
start_time = 1682628698129933
end_time = 1682628698130032
inclusive_time = 99
exclusive_time = 99
process_id = p1
operationName = MmcGetMovieId
serviceName = movie-id-service
------------------------------------------------------------------------------------
