span = 0
trace_id = 9f0f5b7aacae603a
span_id = 9f0f5b7aacae603a
parent_id = None
start_time = 1682628698302000
end_time = 1682628698306191
inclusive_time = 4191
exclusive_time = 261
process_id = p10
operationName = /wrk2-api/review/compose
serviceName = nginx
call path = 
------------------------------------------------------------------------------------
span = 1
trace_id = 9f0f5b7aacae603a
span_id = 083d1f0fd781c3d5
parent_id = 9f0f5b7aacae603a
start_time = 1682628698302261
end_time = 1682628698306191
inclusive_time = 3930
exclusive_time = 91
process_id = p10
operationName = /wrk2-api/review/compose
serviceName = nginx
call path = ->/wrk2-api/review/compose_nginx
------------------------------------------------------------------------------------
span = 2
trace_id = 9f0f5b7aacae603a
span_id = 1b4f8cb4f2a22117
parent_id = 083d1f0fd781c3d5
start_time = 1682628698302304
end_time = 1682628698306143
inclusive_time = 3839
exclusive_time = 826
process_id = p10
operationName = ComposeReview
serviceName = nginx
call path = ->/wrk2-api/review/compose_nginx->/wrk2-api/review/compose_nginx
------------------------------------------------------------------------------------
span = 3
trace_id = 9f0f5b7aacae603a
span_id = 200f8f18b09be05a
parent_id = 1b4f8cb4f2a22117
start_time = 1682628698302818
end_time = 1682628698305509
inclusive_time = 2691
exclusive_time = 412
process_id = p4
operationName = UploadUniqueId
serviceName = unique-id-service
call path = ->/wrk2-api/review/compose_nginx->/wrk2-api/review/compose_nginx->ComposeReview_nginx
------------------------------------------------------------------------------------
span = 4
trace_id = 9f0f5b7aacae603a
span_id = 958945992aa8bce1
parent_id = 200f8f18b09be05a
start_time = 1682628698303161
end_time = 1682628698305440
inclusive_time = 2279
exclusive_time = 1093
process_id = p2
operationName = UploadUniqueId
serviceName = compose-review-service
call path = ->/wrk2-api/review/compose_nginx->/wrk2-api/review/compose_nginx->ComposeReview_nginx->UploadUniqueId_unique-id-service
------------------------------------------------------------------------------------
span = 5
trace_id = 9f0f5b7aacae603a
span_id = 22da314a6dfafa9a
parent_id = 958945992aa8bce1
start_time = 1682628698304259
end_time = 1682628698305258
inclusive_time = 999
exclusive_time = 25
process_id = p6
operationName = UploadMovieReview
serviceName = movie-review-service
call path = ->/wrk2-api/review/compose_nginx->/wrk2-api/review/compose_nginx->ComposeReview_nginx->UploadUniqueId_unique-id-service->UploadUniqueId_compose-review-service
------------------------------------------------------------------------------------
span = 6
trace_id = 9f0f5b7aacae603a
span_id = 8d4fdd210d01c993
parent_id = 22da314a6dfafa9a
start_time = 1682628698304284
end_time = 1682628698305261
inclusive_time = 977
exclusive_time = 977
process_id = p6
operationName = MongoFindMovie
serviceName = movie-review-service
call path = ->/wrk2-api/review/compose_nginx->/wrk2-api/review/compose_nginx->ComposeReview_nginx->UploadUniqueId_unique-id-service->UploadUniqueId_compose-review-service->UploadMovieReview_movie-review-service
------------------------------------------------------------------------------------
