span 0
span_id = 974275dd38bc226e
parent_id = None
start_time = 1682628698292000
end_time = 1682628698296412
inclusive_time = 4412
exclusive_time = 887
process_id = p1
operationName = /wrk2-api/review/compose
serviceName = None
------------------------------------------------------------------------------------
span 1
span_id = 9c8b8c7f3029441c
parent_id = 974275dd38bc226e
start_time = 1682628698292887
end_time = 1682628698296412
inclusive_time = 3525
exclusive_time = 100
process_id = p1
operationName = /wrk2-api/review/compose
serviceName = None
------------------------------------------------------------------------------------
span 2
span_id = 549c7f2d6ed36f0b
parent_id = 9c8b8c7f3029441c
start_time = 1682628698292927
end_time = 1682628698296352
inclusive_time = 3425
exclusive_time = 236
process_id = p1
operationName = ComposeReview
serviceName = None
------------------------------------------------------------------------------------
span 3
span_id = 044adc1ffe93979b
parent_id = 549c7f2d6ed36f0b
start_time = 1682628698293197
end_time = 1682628698296276
inclusive_time = 3079
exclusive_time = 308
process_id = p4
operationName = UploadMovieId
serviceName = None
------------------------------------------------------------------------------------
span 4
span_id = 7183a030b7cb3d25
parent_id = 044adc1ffe93979b
start_time = 1682628698293591
end_time = 1682628698296154
inclusive_time = 2563
exclusive_time = 217
process_id = p10
operationName = UploadRating
serviceName = None
------------------------------------------------------------------------------------
span 5
span_id = 39eb6d0274d6c7dc
parent_id = 7183a030b7cb3d25
start_time = 1682628698293908
end_time = 1682628698296063
inclusive_time = 2155
exclusive_time = 1080
process_id = p3
operationName = UploadRating
serviceName = None
------------------------------------------------------------------------------------
span 6
span_id = bcb344c4a240c8f7
parent_id = 39eb6d0274d6c7dc
start_time = 1682628698294859
end_time = 1682628698295921
inclusive_time = 1062
exclusive_time = 31
process_id = p7
operationName = UploadMovieReview
serviceName = None
------------------------------------------------------------------------------------
span 7
span_id = f97dc4a5dbb7e227
parent_id = bcb344c4a240c8f7
start_time = 1682628698294890
end_time = 1682628698295924
inclusive_time = 1034
exclusive_time = 1034
process_id = p7
operationName = MongoFindMovie
serviceName = None
------------------------------------------------------------------------------------
span 8
span_id = 6e1d6b007fb08328
parent_id = 044adc1ffe93979b
start_time = 1682628698293443
end_time = 1682628698293532
inclusive_time = 89
exclusive_time = 89
process_id = p4
operationName = MmcSetMovieId
serviceName = None
------------------------------------------------------------------------------------
span 9
span_id = 605e48993d7ade93
parent_id = 044adc1ffe93979b
start_time = 1682628698293212
end_time = 1682628698293298
inclusive_time = 86
exclusive_time = 86
process_id = p4
operationName = MmcGetMovieId
serviceName = None
------------------------------------------------------------------------------------
