span 0
span_id = cf33446f2a88f758
parent_id = None
start_time = 1682628697862000
end_time = 1682628697866761
inclusive_time = 4761
exclusive_time = 423
process_id = p3
operationName = /wrk2-api/review/compose
serviceName = None
------------------------------------------------------------------------------------
span 1
span_id = 98a535cadf07d1a9
parent_id = cf33446f2a88f758
start_time = 1682628697862423
end_time = 1682628697866761
inclusive_time = 4338
exclusive_time = 104
process_id = p3
operationName = /wrk2-api/review/compose
serviceName = None
------------------------------------------------------------------------------------
span 2
span_id = 5a5e1dc136632d74
parent_id = 98a535cadf07d1a9
start_time = 1682628697862469
end_time = 1682628697866703
inclusive_time = 4234
exclusive_time = 473
process_id = p3
operationName = ComposeReview
serviceName = None
------------------------------------------------------------------------------------
span 3
span_id = 925cf44762f1d5f5
parent_id = 5a5e1dc136632d74
start_time = 1682628697862956
end_time = 1682628697866583
inclusive_time = 3627
exclusive_time = 433
process_id = p5
operationName = UploadMovieId
serviceName = None
------------------------------------------------------------------------------------
span 4
span_id = a923dfd1b55e95d0
parent_id = 925cf44762f1d5f5
start_time = 1682628697863594
end_time = 1682628697866408
inclusive_time = 2814
exclusive_time = 1475
process_id = p4
operationName = UploadMovieId
serviceName = None
------------------------------------------------------------------------------------
span 5
span_id = 74f636ffc38bdd08
parent_id = a923dfd1b55e95d0
start_time = 1682628697864922
end_time = 1682628697866218
inclusive_time = 1296
exclusive_time = 27
process_id = p6
operationName = UploadMovieReview
serviceName = None
------------------------------------------------------------------------------------
span 6
span_id = a09a7367bb095ab8
parent_id = 74f636ffc38bdd08
start_time = 1682628697864949
end_time = 1682628697866274
inclusive_time = 1325
exclusive_time = 1325
process_id = p6
operationName = MongoFindMovie
serviceName = None
------------------------------------------------------------------------------------
span 7
span_id = 450606e2d38677a6
parent_id = 925cf44762f1d5f5
start_time = 1682628697863297
end_time = 1682628697863390
inclusive_time = 93
exclusive_time = 93
process_id = p5
operationName = MmcSetMovieId
serviceName = None
------------------------------------------------------------------------------------
span 8
span_id = 0f3dae8d463c7895
parent_id = 925cf44762f1d5f5
start_time = 1682628697862984
end_time = 1682628697863100
inclusive_time = 116
exclusive_time = 116
process_id = p5
operationName = MmcGetMovieId
serviceName = None
------------------------------------------------------------------------------------
