span = 0
trace_id = 1a4d40139b6df3b1
span_id = 1a4d40139b6df3b1
parent_id = None
start_time = 1682628698224000
end_time = 1682628698229149
inclusive_time = 5149
exclusive_time = 930
process_id = p5
operationName = /wrk2-api/review/compose
serviceName = nginx
------------------------------------------------------------------------------------
span = 1
trace_id = 1a4d40139b6df3b1
span_id = b7e43aa10f8f1a2b
parent_id = 1a4d40139b6df3b1
start_time = 1682628698224930
end_time = 1682628698229149
inclusive_time = 4219
exclusive_time = 96
process_id = p5
operationName = /wrk2-api/review/compose
serviceName = nginx
------------------------------------------------------------------------------------
span = 2
trace_id = 1a4d40139b6df3b1
span_id = 8a7d60a57746afe7
parent_id = b7e43aa10f8f1a2b
start_time = 1682628698224972
end_time = 1682628698229095
inclusive_time = 4123
exclusive_time = 521
process_id = p5
operationName = ComposeReview
serviceName = nginx
------------------------------------------------------------------------------------
span = 3
trace_id = 1a4d40139b6df3b1
span_id = 2bb3b3766cc9e182
parent_id = 8a7d60a57746afe7
start_time = 1682628698225586
end_time = 1682628698228759
inclusive_time = 3173
exclusive_time = 346
process_id = p2
operationName = UploadMovieId
serviceName = movie-id-service
------------------------------------------------------------------------------------
span = 4
trace_id = 1a4d40139b6df3b1
span_id = 360365c904e48ed9
parent_id = 2bb3b3766cc9e182
start_time = 1682628698226020
end_time = 1682628698228650
inclusive_time = 2630
exclusive_time = 313
process_id = p10
operationName = UploadRating
serviceName = rating-service
------------------------------------------------------------------------------------
span = 5
trace_id = 1a4d40139b6df3b1
span_id = 0022296e20a525bd
parent_id = 360365c904e48ed9
start_time = 1682628698226210
end_time = 1682628698228494
inclusive_time = 2284
exclusive_time = 854
process_id = p1
operationName = UploadRating
serviceName = compose-review-service
------------------------------------------------------------------------------------
span = 6
trace_id = 1a4d40139b6df3b1
span_id = b0d0f04a7d62a671
parent_id = 0022296e20a525bd
start_time = 1682628698226993
end_time = 1682628698228375
inclusive_time = 1382
exclusive_time = 24
process_id = p6
operationName = UploadUserReview
serviceName = user-review-service
------------------------------------------------------------------------------------
span = 7
trace_id = 1a4d40139b6df3b1
span_id = 7793467501d2fbfb
parent_id = b0d0f04a7d62a671
start_time = 1682628698227017
end_time = 1682628698228379
inclusive_time = 1362
exclusive_time = 1362
process_id = p6
operationName = MongoFindUser
serviceName = user-review-service
------------------------------------------------------------------------------------
span = 8
trace_id = 1a4d40139b6df3b1
span_id = 17b97b62469e16d0
parent_id = 2bb3b3766cc9e182
start_time = 1682628698225819
end_time = 1682628698225940
inclusive_time = 121
exclusive_time = 121
process_id = p2
operationName = MmcSetMovieId
serviceName = movie-id-service
------------------------------------------------------------------------------------
span = 9
trace_id = 1a4d40139b6df3b1
span_id = 1dc9cf9f89751166
parent_id = 2bb3b3766cc9e182
start_time = 1682628698225603
end_time = 1682628698225679
inclusive_time = 76
exclusive_time = 76
process_id = p2
operationName = MmcGetMovieId
serviceName = movie-id-service
------------------------------------------------------------------------------------
