span = 0
span_id = d8ff895468754638
parent_id = None
start_time = 1682628698275000
end_time = 1682628698279960
inclusive_time = 4960
exclusive_time = 706
process_id = p2
operationName = /wrk2-api/review/compose
serviceName = nginx
------------------------------------------------------------------------------------
span = 1
span_id = 4406a40f30caac1c
parent_id = d8ff895468754638
start_time = 1682628698275706
end_time = 1682628698279960
inclusive_time = 4254
exclusive_time = 99
process_id = p2
operationName = /wrk2-api/review/compose
serviceName = nginx
------------------------------------------------------------------------------------
span = 2
span_id = 34fd59b3a97077eb
parent_id = 4406a40f30caac1c
start_time = 1682628698275754
end_time = 1682628698279909
inclusive_time = 4155
exclusive_time = 675
process_id = p2
operationName = ComposeReview
serviceName = nginx
------------------------------------------------------------------------------------
span = 3
span_id = 953c9552dfa8bdda
parent_id = 34fd59b3a97077eb
start_time = 1682628698276073
end_time = 1682628698279433
inclusive_time = 3360
exclusive_time = 358
process_id = p5
operationName = UploadMovieId
serviceName = movie-id-service
------------------------------------------------------------------------------------
span = 4
span_id = bbf7ed3e265262a8
parent_id = 953c9552dfa8bdda
start_time = 1682628698276553
end_time = 1682628698279293
inclusive_time = 2740
exclusive_time = 267
process_id = p10
operationName = UploadRating
serviceName = rating-service
------------------------------------------------------------------------------------
span = 5
span_id = 35990b90e990b342
parent_id = bbf7ed3e265262a8
start_time = 1682628698276711
end_time = 1682628698279170
inclusive_time = 2459
exclusive_time = 1152
process_id = p4
operationName = UploadRating
serviceName = compose-review-service
------------------------------------------------------------------------------------
span = 6
span_id = 87379221f5c17a64
parent_id = 35990b90e990b342
start_time = 1682628698277569
end_time = 1682628698278876
inclusive_time = 1307
exclusive_time = 20
process_id = p3
operationName = UploadUserReview
serviceName = user-review-service
------------------------------------------------------------------------------------
span = 7
span_id = 2f2c33bfd673c9ca
parent_id = 87379221f5c17a64
start_time = 1682628698277589
end_time = 1682628698278880
inclusive_time = 1291
exclusive_time = 1291
process_id = p3
operationName = MongoFindUser
serviceName = user-review-service
------------------------------------------------------------------------------------
span = 8
span_id = fbaac3bf9b8ae60c
parent_id = 953c9552dfa8bdda
start_time = 1682628698276384
end_time = 1682628698276471
inclusive_time = 87
exclusive_time = 87
process_id = p5
operationName = MmcSetMovieId
serviceName = movie-id-service
------------------------------------------------------------------------------------
span = 9
span_id = e12cd7fc537b584a
parent_id = 953c9552dfa8bdda
start_time = 1682628698276093
end_time = 1682628698276186
inclusive_time = 93
exclusive_time = 93
process_id = p5
operationName = MmcGetMovieId
serviceName = movie-id-service
------------------------------------------------------------------------------------
