span = 0
span_id = b56a063d4824cda7
parent_id = None
start_time = 1682628697862000
end_time = 1682628697867539
inclusive_time = 5539
exclusive_time = 708
process_id = p3
operationName = /wrk2-api/review/compose
serviceName = nginx
------------------------------------------------------------------------------------
span = 1
span_id = 4e5f6959b0859f04
parent_id = b56a063d4824cda7
start_time = 1682628697862707
end_time = 1682628697867538
inclusive_time = 4831
exclusive_time = 149
process_id = p3
operationName = /wrk2-api/review/compose
serviceName = nginx
------------------------------------------------------------------------------------
span = 2
span_id = 70de65da22a9fe80
parent_id = 4e5f6959b0859f04
start_time = 1682628697862789
end_time = 1682628697867471
inclusive_time = 4682
exclusive_time = 565
process_id = p3
operationName = ComposeReview
serviceName = nginx
------------------------------------------------------------------------------------
span = 3
span_id = 84baf2fc7b8db2e3
parent_id = 70de65da22a9fe80
start_time = 1682628697863925
end_time = 1682628697867336
inclusive_time = 3411
exclusive_time = 529
process_id = p5
operationName = UploadMovieId
serviceName = movie-id-service
------------------------------------------------------------------------------------
span = 4
span_id = e6a11951081b911e
parent_id = 84baf2fc7b8db2e3
start_time = 1682628697864592
end_time = 1682628697867217
inclusive_time = 2625
exclusive_time = 177
process_id = p8
operationName = UploadRating
serviceName = rating-service
------------------------------------------------------------------------------------
span = 5
span_id = aeb61437f0868689
parent_id = e6a11951081b911e
start_time = 1682628697864737
end_time = 1682628697867121
inclusive_time = 2384
exclusive_time = 1026
process_id = p4
operationName = UploadRating
serviceName = compose-review-service
------------------------------------------------------------------------------------
span = 6
span_id = cc69c9c5de220ca6
parent_id = aeb61437f0868689
start_time = 1682628697865663
end_time = 1682628697866977
inclusive_time = 1314
exclusive_time = 33
process_id = p6
operationName = UploadMovieReview
serviceName = movie-review-service
------------------------------------------------------------------------------------
span = 7
span_id = a3cb1e3b7ca73f88
parent_id = cc69c9c5de220ca6
start_time = 1682628697865696
end_time = 1682628697866984
inclusive_time = 1288
exclusive_time = 1288
process_id = p6
operationName = MongoFindMovie
serviceName = movie-review-service
------------------------------------------------------------------------------------
span = 8
span_id = da5ef2ea393f4c52
parent_id = 84baf2fc7b8db2e3
start_time = 1682628697864264
end_time = 1682628697864400
inclusive_time = 136
exclusive_time = 136
process_id = p5
operationName = MmcSetMovieId
serviceName = movie-id-service
------------------------------------------------------------------------------------
span = 9
span_id = 549c84de4fef84aa
parent_id = 84baf2fc7b8db2e3
start_time = 1682628697863951
end_time = 1682628697864072
inclusive_time = 121
exclusive_time = 121
process_id = p5
operationName = MmcGetMovieId
serviceName = movie-id-service
------------------------------------------------------------------------------------
