span = 0
trace_id = 599c4ea2094ab069
span_id = 599c4ea2094ab069
parent_id = None
start_time = 1682628698225000
end_time = 1682628698231706
inclusive_time = 6706
exclusive_time = 849
process_id = p5
operationName = /wrk2-api/review/compose
serviceName = nginx
call path = 
------------------------------------------------------------------------------------
span = 1
trace_id = 599c4ea2094ab069
span_id = 723b043325c1888b
parent_id = 599c4ea2094ab069
start_time = 1682628698225849
end_time = 1682628698231706
inclusive_time = 5857
exclusive_time = 102
process_id = p5
operationName = /wrk2-api/review/compose
serviceName = nginx
call path = ->/wrk2-api/review/compose_nginx
------------------------------------------------------------------------------------
span = 2
trace_id = 599c4ea2094ab069
span_id = 591540eb05b17cb1
parent_id = 723b043325c1888b
start_time = 1682628698225892
end_time = 1682628698231647
inclusive_time = 5755
exclusive_time = 264
process_id = p5
operationName = ComposeReview
serviceName = nginx
call path = ->/wrk2-api/review/compose_nginx->/wrk2-api/review/compose_nginx
------------------------------------------------------------------------------------
span = 3
trace_id = 599c4ea2094ab069
span_id = 4d05be4c988dfce6
parent_id = 591540eb05b17cb1
start_time = 1682628698226165
end_time = 1682628698231572
inclusive_time = 5407
exclusive_time = 338
process_id = p2
operationName = UploadMovieId
serviceName = movie-id-service
call path = ->/wrk2-api/review/compose_nginx->/wrk2-api/review/compose_nginx->ComposeReview_nginx
------------------------------------------------------------------------------------
span = 4
trace_id = 599c4ea2094ab069
span_id = dbe87ad5d2822220
parent_id = 4d05be4c988dfce6
start_time = 1682628698226649
end_time = 1682628698231452
inclusive_time = 4803
exclusive_time = 532
process_id = p10
operationName = UploadRating
serviceName = rating-service
call path = ->/wrk2-api/review/compose_nginx->/wrk2-api/review/compose_nginx->ComposeReview_nginx->UploadMovieId_movie-id-service
------------------------------------------------------------------------------------
span = 5
trace_id = 599c4ea2094ab069
span_id = 362caa32abcd1941
parent_id = dbe87ad5d2822220
start_time = 1682628698226816
end_time = 1682628698231051
inclusive_time = 4235
exclusive_time = 1397
process_id = p1
operationName = UploadRating
serviceName = compose-review-service
call path = ->/wrk2-api/review/compose_nginx->/wrk2-api/review/compose_nginx->ComposeReview_nginx->UploadMovieId_movie-id-service->UploadRating_rating-service
------------------------------------------------------------------------------------
span = 6
trace_id = 599c4ea2094ab069
span_id = 539776a0ccc18fc8
parent_id = 362caa32abcd1941
start_time = 1682628698228086
end_time = 1682628698230924
inclusive_time = 2838
exclusive_time = 38
process_id = p8
operationName = StoreReview
serviceName = review-storage-service
call path = ->/wrk2-api/review/compose_nginx->/wrk2-api/review/compose_nginx->ComposeReview_nginx->UploadMovieId_movie-id-service->UploadRating_rating-service->UploadRating_compose-review-service
------------------------------------------------------------------------------------
span = 7
trace_id = 599c4ea2094ab069
span_id = 08629e1773527823
parent_id = 539776a0ccc18fc8
start_time = 1682628698228110
end_time = 1682628698230910
inclusive_time = 2800
exclusive_time = 2800
process_id = p8
operationName = MongoInsertReview
serviceName = review-storage-service
call path = ->/wrk2-api/review/compose_nginx->/wrk2-api/review/compose_nginx->ComposeReview_nginx->UploadMovieId_movie-id-service->UploadRating_rating-service->UploadRating_compose-review-service->StoreReview_review-storage-service
------------------------------------------------------------------------------------
span = 8
trace_id = 599c4ea2094ab069
span_id = d80dfadf2f32778c
parent_id = 4d05be4c988dfce6
start_time = 1682628698226413
end_time = 1682628698226508
inclusive_time = 95
exclusive_time = 95
process_id = p2
operationName = MmcSetMovieId
serviceName = movie-id-service
call path = ->/wrk2-api/review/compose_nginx->/wrk2-api/review/compose_nginx->ComposeReview_nginx->UploadMovieId_movie-id-service
------------------------------------------------------------------------------------
span = 9
trace_id = 599c4ea2094ab069
span_id = 3bf72ba519f5babb
parent_id = 4d05be4c988dfce6
start_time = 1682628698226176
end_time = 1682628698226275
inclusive_time = 99
exclusive_time = 99
process_id = p2
operationName = MmcGetMovieId
serviceName = movie-id-service
call path = ->/wrk2-api/review/compose_nginx->/wrk2-api/review/compose_nginx->ComposeReview_nginx->UploadMovieId_movie-id-service
------------------------------------------------------------------------------------
