span = 0
trace_id = 632ba52405f9d305
span_id = 632ba52405f9d305
parent_id = None
start_time = 1682628698154000
end_time = 1682628698158825
inclusive_time = 4825
exclusive_time = 545
process_id = p2
operationName = /wrk2-api/review/compose
serviceName = nginx
------------------------------------------------------------------------------------
span = 1
trace_id = 632ba52405f9d305
span_id = aa302caf697a6b1e
parent_id = 632ba52405f9d305
start_time = 1682628698154544
end_time = 1682628698158824
inclusive_time = 4280
exclusive_time = 90
process_id = p2
operationName = /wrk2-api/review/compose
serviceName = nginx
------------------------------------------------------------------------------------
span = 2
trace_id = 632ba52405f9d305
span_id = 264616118338c0bc
parent_id = aa302caf697a6b1e
start_time = 1682628698154578
end_time = 1682628698158768
inclusive_time = 4190
exclusive_time = 410
process_id = p2
operationName = ComposeReview
serviceName = nginx
------------------------------------------------------------------------------------
span = 3
trace_id = 632ba52405f9d305
span_id = 55f73388cddbc8a8
parent_id = 264616118338c0bc
start_time = 1682628698154895
end_time = 1682628698158563
inclusive_time = 3668
exclusive_time = 381
process_id = p7
operationName = UploadMovieId
serviceName = movie-id-service
------------------------------------------------------------------------------------
span = 4
trace_id = 632ba52405f9d305
span_id = 37e79f93be7ae73d
parent_id = 55f73388cddbc8a8
start_time = 1682628698155403
end_time = 1682628698158395
inclusive_time = 2992
exclusive_time = 648
process_id = p1
operationName = UploadRating
serviceName = rating-service
------------------------------------------------------------------------------------
span = 5
trace_id = 632ba52405f9d305
span_id = 277774c8e4e696ff
parent_id = 37e79f93be7ae73d
start_time = 1682628698156139
end_time = 1682628698158281
inclusive_time = 2142
exclusive_time = 948
process_id = p3
operationName = UploadRating
serviceName = compose-review-service
------------------------------------------------------------------------------------
span = 6
trace_id = 632ba52405f9d305
span_id = 512cd2828005bed1
parent_id = 277774c8e4e696ff
start_time = 1682628698156960
end_time = 1682628698158085
inclusive_time = 1125
exclusive_time = 17
process_id = p4
operationName = UploadMovieReview
serviceName = movie-review-service
------------------------------------------------------------------------------------
span = 7
trace_id = 632ba52405f9d305
span_id = 9b57db0a69482d15
parent_id = 512cd2828005bed1
start_time = 1682628698156977
end_time = 1682628698158088
inclusive_time = 1111
exclusive_time = 1111
process_id = p4
operationName = MongoFindMovie
serviceName = movie-review-service
------------------------------------------------------------------------------------
span = 8
trace_id = 632ba52405f9d305
span_id = 1c0f4c917e8fbff0
parent_id = 37e79f93be7ae73d
start_time = 1682628698155525
end_time = 1682628698155727
inclusive_time = 202
exclusive_time = 202
process_id = p1
operationName = RedisInsert
serviceName = rating-service
------------------------------------------------------------------------------------
span = 9
trace_id = 632ba52405f9d305
span_id = 939b943bc9c88cb4
parent_id = 55f73388cddbc8a8
start_time = 1682628698155203
end_time = 1682628698155306
inclusive_time = 103
exclusive_time = 103
process_id = p7
operationName = MmcSetMovieId
serviceName = movie-id-service
------------------------------------------------------------------------------------
span = 10
trace_id = 632ba52405f9d305
span_id = f21a17c41d0b08b8
parent_id = 55f73388cddbc8a8
start_time = 1682628698154911
end_time = 1682628698155026
inclusive_time = 115
exclusive_time = 115
process_id = p7
operationName = MmcGetMovieId
serviceName = movie-id-service
------------------------------------------------------------------------------------
