span = 0
span_id = 61d81fa61518ac0b
parent_id = None
start_time = 1682628697898000
end_time = 1682628697902485
inclusive_time = 4485
exclusive_time = 229
process_id = p1
operationName = /wrk2-api/review/compose
serviceName = nginx
------------------------------------------------------------------------------------
span = 1
span_id = c6db6ee1a227a72a
parent_id = 61d81fa61518ac0b
start_time = 1682628697898229
end_time = 1682628697902485
inclusive_time = 4256
exclusive_time = 98
process_id = p1
operationName = /wrk2-api/review/compose
serviceName = nginx
------------------------------------------------------------------------------------
span = 2
span_id = 1f6487ba9d0813e9
parent_id = c6db6ee1a227a72a
start_time = 1682628697898278
end_time = 1682628697902436
inclusive_time = 4158
exclusive_time = 320
process_id = p1
operationName = ComposeReview
serviceName = nginx
------------------------------------------------------------------------------------
span = 3
span_id = d0beea32710eff1b
parent_id = 1f6487ba9d0813e9
start_time = 1682628697898734
end_time = 1682628697902294
inclusive_time = 3560
exclusive_time = 217
process_id = p10
operationName = UploadUniqueId
serviceName = unique-id-service
------------------------------------------------------------------------------------
span = 4
span_id = a029103561cd4c62
parent_id = d0beea32710eff1b
start_time = 1682628697898880
end_time = 1682628697902223
inclusive_time = 3343
exclusive_time = 1560
process_id = p2
operationName = UploadUniqueId
serviceName = compose-review-service
------------------------------------------------------------------------------------
span = 5
span_id = e5f862e29d4f9910
parent_id = a029103561cd4c62
start_time = 1682628697900210
end_time = 1682628697901958
inclusive_time = 1748
exclusive_time = 24
process_id = p4
operationName = UploadMovieReview
serviceName = movie-review-service
------------------------------------------------------------------------------------
span = 6
span_id = 7f82c335a14ce9a3
parent_id = e5f862e29d4f9910
start_time = 1682628697900234
end_time = 1682628697902121
inclusive_time = 1887
exclusive_time = 1887
process_id = p4
operationName = MongoFindMovie
serviceName = movie-review-service
------------------------------------------------------------------------------------
