span = 0
span_id = 5fe2fc07a1436cbd
parent_id = None
start_time = 1682628698067000
end_time = 1682628698071233
inclusive_time = 4233
exclusive_time = 354
process_id = p7
operationName = /wrk2-api/review/compose
serviceName = nginx
------------------------------------------------------------------------------------
span = 1
span_id = e3824f5ba1ba9bb9
parent_id = 5fe2fc07a1436cbd
start_time = 1682628698067353
end_time = 1682628698071232
inclusive_time = 3879
exclusive_time = 109
process_id = p7
operationName = /wrk2-api/review/compose
serviceName = nginx
------------------------------------------------------------------------------------
span = 2
span_id = f417d9517c91a585
parent_id = e3824f5ba1ba9bb9
start_time = 1682628698067401
end_time = 1682628698071171
inclusive_time = 3770
exclusive_time = 290
process_id = p7
operationName = ComposeReview
serviceName = nginx
------------------------------------------------------------------------------------
span = 3
span_id = faa295bc5c59d804
parent_id = f417d9517c91a585
start_time = 1682628698067700
end_time = 1682628698071075
inclusive_time = 3375
exclusive_time = 252
process_id = p4
operationName = UploadMovieId
serviceName = movie-id-service
------------------------------------------------------------------------------------
span = 4
span_id = f792ec54363304bb
parent_id = faa295bc5c59d804
start_time = 1682628698068090
end_time = 1682628698070976
inclusive_time = 2886
exclusive_time = 228
process_id = p6
operationName = UploadRating
serviceName = rating-service
------------------------------------------------------------------------------------
span = 5
span_id = 00b8df60881c3dc4
parent_id = f792ec54363304bb
start_time = 1682628698068363
end_time = 1682628698070858
inclusive_time = 2495
exclusive_time = 1112
process_id = p2
operationName = UploadRating
serviceName = compose-review-service
------------------------------------------------------------------------------------
span = 6
span_id = a746e74ca1bac182
parent_id = 00b8df60881c3dc4
start_time = 1682628698069357
end_time = 1682628698070605
inclusive_time = 1248
exclusive_time = 27
process_id = p5
operationName = UploadUserReview
serviceName = user-review-service
------------------------------------------------------------------------------------
span = 7
span_id = 4215a6fca3dfde18
parent_id = a746e74ca1bac182
start_time = 1682628698069384
end_time = 1682628698070610
inclusive_time = 1226
exclusive_time = 1226
process_id = p5
operationName = MongoFindUser
serviceName = user-review-service
------------------------------------------------------------------------------------
span = 8
span_id = e283b0a79a4833c7
parent_id = faa295bc5c59d804
start_time = 1682628698067974
end_time = 1682628698068070
inclusive_time = 96
exclusive_time = 96
process_id = p4
operationName = MmcSetMovieId
serviceName = movie-id-service
------------------------------------------------------------------------------------
span = 9
span_id = f5226698ed16f11f
parent_id = faa295bc5c59d804
start_time = 1682628698067711
end_time = 1682628698067846
inclusive_time = 135
exclusive_time = 135
process_id = p4
operationName = MmcGetMovieId
serviceName = movie-id-service
------------------------------------------------------------------------------------
