span = 0
span_id = 575a34e312f4af95
parent_id = None
start_time = 1682628697888000
end_time = 1682628697892569
inclusive_time = 4569
exclusive_time = 228
process_id = p1
operationName = /wrk2-api/review/compose
serviceName = nginx
------------------------------------------------------------------------------------
span = 1
span_id = a6590681751cf4d1
parent_id = 575a34e312f4af95
start_time = 1682628697888228
end_time = 1682628697892570
inclusive_time = 4342
exclusive_time = 103
process_id = p1
operationName = /wrk2-api/review/compose
serviceName = nginx
------------------------------------------------------------------------------------
span = 2
span_id = feb9a1eb0d733ae7
parent_id = a6590681751cf4d1
start_time = 1682628697888277
end_time = 1682628697892516
inclusive_time = 4239
exclusive_time = 301
process_id = p1
operationName = ComposeReview
serviceName = nginx
------------------------------------------------------------------------------------
span = 3
span_id = 8e509486dfb5a841
parent_id = feb9a1eb0d733ae7
start_time = 1682628697888589
end_time = 1682628697892434
inclusive_time = 3845
exclusive_time = 267
process_id = p3
operationName = UploadMovieId
serviceName = movie-id-service
------------------------------------------------------------------------------------
span = 4
span_id = cf2d78f8049d5585
parent_id = 8e509486dfb5a841
start_time = 1682628697889320
end_time = 1682628697892311
inclusive_time = 2991
exclusive_time = 299
process_id = p7
operationName = UploadRating
serviceName = rating-service
------------------------------------------------------------------------------------
span = 5
span_id = 244e7952be424231
parent_id = cf2d78f8049d5585
start_time = 1682628697889475
end_time = 1682628697892119
inclusive_time = 2644
exclusive_time = 1389
process_id = p2
operationName = UploadRating
serviceName = compose-review-service
------------------------------------------------------------------------------------
span = 6
span_id = 6a26a6012626af76
parent_id = 244e7952be424231
start_time = 1682628697890664
end_time = 1682628697891819
inclusive_time = 1155
exclusive_time = 53
process_id = p4
operationName = UploadMovieReview
serviceName = movie-review-service
------------------------------------------------------------------------------------
span = 7
span_id = c19fdf41dfbca482
parent_id = 6a26a6012626af76
start_time = 1682628697890717
end_time = 1682628697891826
inclusive_time = 1109
exclusive_time = 1109
process_id = p4
operationName = MongoFindMovie
serviceName = movie-review-service
------------------------------------------------------------------------------------
span = 8
span_id = 32f23db68563202f
parent_id = 8e509486dfb5a841
start_time = 1682628697888861
end_time = 1682628697889079
inclusive_time = 218
exclusive_time = 218
process_id = p3
operationName = MmcSetMovieId
serviceName = movie-id-service
------------------------------------------------------------------------------------
span = 9
span_id = 57ffacef2be8892d
parent_id = 8e509486dfb5a841
start_time = 1682628697888608
end_time = 1682628697888736
inclusive_time = 128
exclusive_time = 128
process_id = p3
operationName = MmcGetMovieId
serviceName = movie-id-service
------------------------------------------------------------------------------------
