span = 0
trace_id = 438476b112362a53
span_id = 438476b112362a53
parent_id = None
start_time = 1682628698088000
end_time = 1682628698092237
inclusive_time = 4237
exclusive_time = 444
process_id = p7
operationName = /wrk2-api/review/compose
serviceName = nginx
call path = 
------------------------------------------------------------------------------------
span = 1
trace_id = 438476b112362a53
span_id = 47654acae9091441
parent_id = 438476b112362a53
start_time = 1682628698088444
end_time = 1682628698092237
inclusive_time = 3793
exclusive_time = 79
process_id = p7
operationName = /wrk2-api/review/compose
serviceName = nginx
call path = ->/wrk2-api/review/compose_nginx
------------------------------------------------------------------------------------
span = 2
trace_id = 438476b112362a53
span_id = 76d23b2c3020d5ed
parent_id = 47654acae9091441
start_time = 1682628698088479
end_time = 1682628698092193
inclusive_time = 3714
exclusive_time = 282
process_id = p7
operationName = ComposeReview
serviceName = nginx
call path = ->/wrk2-api/review/compose_nginx->/wrk2-api/review/compose_nginx
------------------------------------------------------------------------------------
span = 3
trace_id = 438476b112362a53
span_id = abfcb26b6333a7ef
parent_id = 76d23b2c3020d5ed
start_time = 1682628698088709
end_time = 1682628698092070
inclusive_time = 3361
exclusive_time = 303
process_id = p4
operationName = UploadMovieId
serviceName = movie-id-service
call path = ->/wrk2-api/review/compose_nginx->/wrk2-api/review/compose_nginx->ComposeReview_nginx
------------------------------------------------------------------------------------
span = 4
trace_id = 438476b112362a53
span_id = 354f1eb5e9c70b83
parent_id = abfcb26b6333a7ef
start_time = 1682628698089505
end_time = 1682628698091951
inclusive_time = 2446
exclusive_time = 276
process_id = p6
operationName = UploadRating
serviceName = rating-service
call path = ->/wrk2-api/review/compose_nginx->/wrk2-api/review/compose_nginx->ComposeReview_nginx->UploadMovieId_movie-id-service
------------------------------------------------------------------------------------
span = 5
trace_id = 438476b112362a53
span_id = 7c8caea57750d2e8
parent_id = 354f1eb5e9c70b83
start_time = 1682628698089675
end_time = 1682628698091844
inclusive_time = 2169
exclusive_time = 925
process_id = p2
operationName = UploadRating
serviceName = compose-review-service
call path = ->/wrk2-api/review/compose_nginx->/wrk2-api/review/compose_nginx->ComposeReview_nginx->UploadMovieId_movie-id-service->UploadRating_rating-service
------------------------------------------------------------------------------------
span = 6
trace_id = 438476b112362a53
span_id = e55d2636a527eb72
parent_id = 7c8caea57750d2e8
start_time = 1682628698090492
end_time = 1682628698091673
inclusive_time = 1181
exclusive_time = 19
process_id = p1
operationName = UploadMovieReview
serviceName = movie-review-service
call path = ->/wrk2-api/review/compose_nginx->/wrk2-api/review/compose_nginx->ComposeReview_nginx->UploadMovieId_movie-id-service->UploadRating_rating-service->UploadRating_compose-review-service
------------------------------------------------------------------------------------
span = 7
trace_id = 438476b112362a53
span_id = a7e86f03f524dcad
parent_id = e55d2636a527eb72
start_time = 1682628698090511
end_time = 1682628698091677
inclusive_time = 1166
exclusive_time = 1166
process_id = p1
operationName = MongoFindMovie
serviceName = movie-review-service
call path = ->/wrk2-api/review/compose_nginx->/wrk2-api/review/compose_nginx->ComposeReview_nginx->UploadMovieId_movie-id-service->UploadRating_rating-service->UploadRating_compose-review-service->UploadMovieReview_movie-review-service
------------------------------------------------------------------------------------
span = 8
trace_id = 438476b112362a53
span_id = 6b3f85e8d72349bd
parent_id = abfcb26b6333a7ef
start_time = 1682628698089079
end_time = 1682628698089192
inclusive_time = 113
exclusive_time = 113
process_id = p4
operationName = MmcSetMovieId
serviceName = movie-id-service
call path = ->/wrk2-api/review/compose_nginx->/wrk2-api/review/compose_nginx->ComposeReview_nginx->UploadMovieId_movie-id-service
------------------------------------------------------------------------------------
span = 9
trace_id = 438476b112362a53
span_id = 0a1b8d20494079f2
parent_id = abfcb26b6333a7ef
start_time = 1682628698088730
end_time = 1682628698088958
inclusive_time = 228
exclusive_time = 228
process_id = p4
operationName = MmcGetMovieId
serviceName = movie-id-service
call path = ->/wrk2-api/review/compose_nginx->/wrk2-api/review/compose_nginx->ComposeReview_nginx->UploadMovieId_movie-id-service
------------------------------------------------------------------------------------
