span = 0
trace_id = bb4dfca3087c7730
span_id = bb4dfca3087c7730
parent_id = None
start_time = 1682628698293000
end_time = 1682628698297910
inclusive_time = 4910
exclusive_time = 603
process_id = p1
operationName = /wrk2-api/review/compose
serviceName = nginx
call path = 
------------------------------------------------------------------------------------
span = 1
trace_id = bb4dfca3087c7730
span_id = 19439ecc647e0654
parent_id = bb4dfca3087c7730
start_time = 1682628698293603
end_time = 1682628698297910
inclusive_time = 4307
exclusive_time = 101
process_id = p1
operationName = /wrk2-api/review/compose
serviceName = nginx
call path = ->/wrk2-api/review/compose_nginx
------------------------------------------------------------------------------------
span = 2
trace_id = bb4dfca3087c7730
span_id = 30c533b72de55789
parent_id = 19439ecc647e0654
start_time = 1682628698293639
end_time = 1682628698297845
inclusive_time = 4206
exclusive_time = 270
process_id = p1
operationName = ComposeReview
serviceName = nginx
call path = ->/wrk2-api/review/compose_nginx->/wrk2-api/review/compose_nginx
------------------------------------------------------------------------------------
span = 3
trace_id = bb4dfca3087c7730
span_id = 53fd78010dc763a2
parent_id = 30c533b72de55789
start_time = 1682628698293901
end_time = 1682628698297750
inclusive_time = 3849
exclusive_time = 411
process_id = p4
operationName = UploadMovieId
serviceName = movie-id-service
call path = ->/wrk2-api/review/compose_nginx->/wrk2-api/review/compose_nginx->ComposeReview_nginx
------------------------------------------------------------------------------------
span = 4
trace_id = bb4dfca3087c7730
span_id = 96fc2f0e6874c034
parent_id = 53fd78010dc763a2
start_time = 1682628698294400
end_time = 1682628698297650
inclusive_time = 3250
exclusive_time = 269
process_id = p10
operationName = UploadRating
serviceName = rating-service
call path = ->/wrk2-api/review/compose_nginx->/wrk2-api/review/compose_nginx->ComposeReview_nginx->UploadMovieId_movie-id-service
------------------------------------------------------------------------------------
span = 5
trace_id = bb4dfca3087c7730
span_id = 8a2fcd37337fda01
parent_id = 96fc2f0e6874c034
start_time = 1682628698294741
end_time = 1682628698297525
inclusive_time = 2784
exclusive_time = 1623
process_id = p3
operationName = UploadRating
serviceName = compose-review-service
call path = ->/wrk2-api/review/compose_nginx->/wrk2-api/review/compose_nginx->ComposeReview_nginx->UploadMovieId_movie-id-service->UploadRating_rating-service
------------------------------------------------------------------------------------
span = 6
trace_id = bb4dfca3087c7730
span_id = 89f0f54e62433e6f
parent_id = 8a2fcd37337fda01
start_time = 1682628698296158
end_time = 1682628698297285
inclusive_time = 1127
exclusive_time = 26
process_id = p2
operationName = UploadUserReview
serviceName = user-review-service
call path = ->/wrk2-api/review/compose_nginx->/wrk2-api/review/compose_nginx->ComposeReview_nginx->UploadMovieId_movie-id-service->UploadRating_rating-service->UploadRating_compose-review-service
------------------------------------------------------------------------------------
span = 7
trace_id = bb4dfca3087c7730
span_id = 0294d379d924bcc9
parent_id = 89f0f54e62433e6f
start_time = 1682628698296184
end_time = 1682628698297293
inclusive_time = 1109
exclusive_time = 1109
process_id = p2
operationName = MongoFindUser
serviceName = user-review-service
call path = ->/wrk2-api/review/compose_nginx->/wrk2-api/review/compose_nginx->ComposeReview_nginx->UploadMovieId_movie-id-service->UploadRating_rating-service->UploadRating_compose-review-service->UploadUserReview_user-review-service
------------------------------------------------------------------------------------
span = 8
trace_id = bb4dfca3087c7730
span_id = 582bbe310ad2a372
parent_id = 53fd78010dc763a2
start_time = 1682628698294273
end_time = 1682628698294384
inclusive_time = 111
exclusive_time = 111
process_id = p4
operationName = MmcSetMovieId
serviceName = movie-id-service
call path = ->/wrk2-api/review/compose_nginx->/wrk2-api/review/compose_nginx->ComposeReview_nginx->UploadMovieId_movie-id-service
------------------------------------------------------------------------------------
span = 9
trace_id = bb4dfca3087c7730
span_id = 2808baabe1927d96
parent_id = 53fd78010dc763a2
start_time = 1682628698293921
end_time = 1682628698293998
inclusive_time = 77
exclusive_time = 77
process_id = p4
operationName = MmcGetMovieId
serviceName = movie-id-service
call path = ->/wrk2-api/review/compose_nginx->/wrk2-api/review/compose_nginx->ComposeReview_nginx->UploadMovieId_movie-id-service
------------------------------------------------------------------------------------
