span = 0
trace_id = 2297eec3c7913b4b
span_id = 2297eec3c7913b4b
parent_id = None
start_time = 1682628698199000
end_time = 1682628698203945
inclusive_time = 4945
exclusive_time = 347
process_id = p1
operationName = /wrk2-api/review/compose
serviceName = nginx
call path = 
------------------------------------------------------------------------------------
span = 1
trace_id = 2297eec3c7913b4b
span_id = 5cc01bdb75f5060e
parent_id = 2297eec3c7913b4b
start_time = 1682628698199347
end_time = 1682628698203945
inclusive_time = 4598
exclusive_time = 98
process_id = p1
operationName = /wrk2-api/review/compose
serviceName = nginx
call path = ->/wrk2-api/review/compose_nginx
------------------------------------------------------------------------------------
span = 2
trace_id = 2297eec3c7913b4b
span_id = d3cb509a6eceb672
parent_id = 5cc01bdb75f5060e
start_time = 1682628698199390
end_time = 1682628698203890
inclusive_time = 4500
exclusive_time = 308
process_id = p1
operationName = ComposeReview
serviceName = nginx
call path = ->/wrk2-api/review/compose_nginx->/wrk2-api/review/compose_nginx
------------------------------------------------------------------------------------
span = 3
trace_id = 2297eec3c7913b4b
span_id = 08348e4c045b3fd0
parent_id = d3cb509a6eceb672
start_time = 1682628698200837
end_time = 1682628698203777
inclusive_time = 2940
exclusive_time = 427
process_id = p5
operationName = UploadMovieId
serviceName = movie-id-service
call path = ->/wrk2-api/review/compose_nginx->/wrk2-api/review/compose_nginx->ComposeReview_nginx
------------------------------------------------------------------------------------
span = 4
trace_id = 2297eec3c7913b4b
span_id = 0d740a58dd313ce7
parent_id = 08348e4c045b3fd0
start_time = 1682628698201312
end_time = 1682628698203615
inclusive_time = 2303
exclusive_time = 278
process_id = p10
operationName = UploadRating
serviceName = rating-service
call path = ->/wrk2-api/review/compose_nginx->/wrk2-api/review/compose_nginx->ComposeReview_nginx->UploadMovieId_movie-id-service
------------------------------------------------------------------------------------
span = 5
trace_id = 2297eec3c7913b4b
span_id = 983258ef0742bae5
parent_id = 0d740a58dd313ce7
start_time = 1682628698201557
end_time = 1682628698203499
inclusive_time = 1942
exclusive_time = 833
process_id = p4
operationName = UploadRating
serviceName = compose-review-service
call path = ->/wrk2-api/review/compose_nginx->/wrk2-api/review/compose_nginx->ComposeReview_nginx->UploadMovieId_movie-id-service->UploadRating_rating-service
------------------------------------------------------------------------------------
span = 6
trace_id = 2297eec3c7913b4b
span_id = 0e17b90e23c31393
parent_id = 983258ef0742bae5
start_time = 1682628698202266
end_time = 1682628698203375
inclusive_time = 1109
exclusive_time = 24
process_id = p3
operationName = UploadUserReview
serviceName = user-review-service
call path = ->/wrk2-api/review/compose_nginx->/wrk2-api/review/compose_nginx->ComposeReview_nginx->UploadMovieId_movie-id-service->UploadRating_rating-service->UploadRating_compose-review-service
------------------------------------------------------------------------------------
span = 7
trace_id = 2297eec3c7913b4b
span_id = b06e52f6b0212a5f
parent_id = 0e17b90e23c31393
start_time = 1682628698202290
end_time = 1682628698203378
inclusive_time = 1088
exclusive_time = 1088
process_id = p3
operationName = MongoFindUser
serviceName = user-review-service
call path = ->/wrk2-api/review/compose_nginx->/wrk2-api/review/compose_nginx->ComposeReview_nginx->UploadMovieId_movie-id-service->UploadRating_rating-service->UploadRating_compose-review-service->UploadUserReview_user-review-service
------------------------------------------------------------------------------------
span = 8
trace_id = 2297eec3c7913b4b
span_id = 82ad0070b633df7a
parent_id = 08348e4c045b3fd0
start_time = 1682628698201161
end_time = 1682628698201253
inclusive_time = 92
exclusive_time = 92
process_id = p5
operationName = MmcSetMovieId
serviceName = movie-id-service
call path = ->/wrk2-api/review/compose_nginx->/wrk2-api/review/compose_nginx->ComposeReview_nginx->UploadMovieId_movie-id-service
------------------------------------------------------------------------------------
span = 9
trace_id = 2297eec3c7913b4b
span_id = b6f7bb14a021d3ab
parent_id = 08348e4c045b3fd0
start_time = 1682628698200855
end_time = 1682628698200950
inclusive_time = 95
exclusive_time = 95
process_id = p5
operationName = MmcGetMovieId
serviceName = movie-id-service
call path = ->/wrk2-api/review/compose_nginx->/wrk2-api/review/compose_nginx->ComposeReview_nginx->UploadMovieId_movie-id-service
------------------------------------------------------------------------------------
span = 10
trace_id = 2297eec3c7913b4b
span_id = 1dff37bf33fce938
parent_id = d3cb509a6eceb672
start_time = 1682628698199910
end_time = 1682628698200814
inclusive_time = 904
exclusive_time = 350
process_id = p8
operationName = UploadUniqueId
serviceName = unique-id-service
call path = ->/wrk2-api/review/compose_nginx->/wrk2-api/review/compose_nginx->ComposeReview_nginx
------------------------------------------------------------------------------------
span = 11
trace_id = 2297eec3c7913b4b
span_id = 862a03bbc55b7a1b
parent_id = 1dff37bf33fce938
start_time = 1682628698200206
end_time = 1682628698200760
inclusive_time = 554
exclusive_time = 554
process_id = p4
operationName = UploadUniqueId
serviceName = compose-review-service
call path = ->/wrk2-api/review/compose_nginx->/wrk2-api/review/compose_nginx->ComposeReview_nginx->UploadUniqueId_unique-id-service
------------------------------------------------------------------------------------
