span = 0
trace_id = a5bbc314705c2cef
span_id = a5bbc314705c2cef
parent_id = None
start_time = 1682628697959000
end_time = 1682628697963852
inclusive_time = 4852
exclusive_time = 550
process_id = p5
operationName = /wrk2-api/review/compose
serviceName = nginx
call path = 
------------------------------------------------------------------------------------
span = 1
trace_id = a5bbc314705c2cef
span_id = 83b8787b05de21c5
parent_id = a5bbc314705c2cef
start_time = 1682628697959550
end_time = 1682628697963852
inclusive_time = 4302
exclusive_time = 109
process_id = p5
operationName = /wrk2-api/review/compose
serviceName = nginx
call path = ->/wrk2-api/review/compose_nginx
------------------------------------------------------------------------------------
span = 2
trace_id = a5bbc314705c2cef
span_id = 2a96e6a9cc1b66cb
parent_id = 83b8787b05de21c5
start_time = 1682628697959596
end_time = 1682628697963789
inclusive_time = 4193
exclusive_time = 282
process_id = p5
operationName = ComposeReview
serviceName = nginx
call path = ->/wrk2-api/review/compose_nginx->/wrk2-api/review/compose_nginx
------------------------------------------------------------------------------------
span = 3
trace_id = a5bbc314705c2cef
span_id = 85534c0a5bd6fbf1
parent_id = 2a96e6a9cc1b66cb
start_time = 1682628697959865
end_time = 1682628697963702
inclusive_time = 3837
exclusive_time = 342
process_id = p7
operationName = UploadMovieId
serviceName = movie-id-service
call path = ->/wrk2-api/review/compose_nginx->/wrk2-api/review/compose_nginx->ComposeReview_nginx
------------------------------------------------------------------------------------
span = 4
trace_id = a5bbc314705c2cef
span_id = 3aff256670c3d3da
parent_id = 85534c0a5bd6fbf1
start_time = 1682628697960314
end_time = 1682628697963560
inclusive_time = 3246
exclusive_time = 226
process_id = p3
operationName = UploadRating
serviceName = rating-service
call path = ->/wrk2-api/review/compose_nginx->/wrk2-api/review/compose_nginx->ComposeReview_nginx->UploadMovieId_movie-id-service
------------------------------------------------------------------------------------
span = 5
trace_id = a5bbc314705c2cef
span_id = c9b18550208b9e25
parent_id = 3aff256670c3d3da
start_time = 1682628697960465
end_time = 1682628697963440
inclusive_time = 2975
exclusive_time = 1333
process_id = p2
operationName = UploadRating
serviceName = compose-review-service
call path = ->/wrk2-api/review/compose_nginx->/wrk2-api/review/compose_nginx->ComposeReview_nginx->UploadMovieId_movie-id-service->UploadRating_rating-service
------------------------------------------------------------------------------------
span = 6
trace_id = a5bbc314705c2cef
span_id = cccad7b5a752f07b
parent_id = c9b18550208b9e25
start_time = 1682628697961645
end_time = 1682628697963244
inclusive_time = 1599
exclusive_time = 20
process_id = p1
operationName = UploadUserReview
serviceName = user-review-service
call path = ->/wrk2-api/review/compose_nginx->/wrk2-api/review/compose_nginx->ComposeReview_nginx->UploadMovieId_movie-id-service->UploadRating_rating-service->UploadRating_compose-review-service
------------------------------------------------------------------------------------
span = 7
trace_id = a5bbc314705c2cef
span_id = 03caf1f1b4b398d4
parent_id = cccad7b5a752f07b
start_time = 1682628697961665
end_time = 1682628697963252
inclusive_time = 1587
exclusive_time = 1587
process_id = p1
operationName = MongoFindUser
serviceName = user-review-service
call path = ->/wrk2-api/review/compose_nginx->/wrk2-api/review/compose_nginx->ComposeReview_nginx->UploadMovieId_movie-id-service->UploadRating_rating-service->UploadRating_compose-review-service->UploadUserReview_user-review-service
------------------------------------------------------------------------------------
span = 8
trace_id = a5bbc314705c2cef
span_id = 796c3696d3ed7f45
parent_id = 85534c0a5bd6fbf1
start_time = 1682628697960146
end_time = 1682628697960243
inclusive_time = 97
exclusive_time = 97
process_id = p7
operationName = MmcSetMovieId
serviceName = movie-id-service
call path = ->/wrk2-api/review/compose_nginx->/wrk2-api/review/compose_nginx->ComposeReview_nginx->UploadMovieId_movie-id-service
------------------------------------------------------------------------------------
span = 9
trace_id = a5bbc314705c2cef
span_id = 0b62378b07f7c86a
parent_id = 85534c0a5bd6fbf1
start_time = 1682628697959882
end_time = 1682628697959992
inclusive_time = 110
exclusive_time = 110
process_id = p7
operationName = MmcGetMovieId
serviceName = movie-id-service
call path = ->/wrk2-api/review/compose_nginx->/wrk2-api/review/compose_nginx->ComposeReview_nginx->UploadMovieId_movie-id-service
------------------------------------------------------------------------------------
