span = 0
trace_id = 56125121daaf7dcb
span_id = 56125121daaf7dcb
parent_id = None
start_time = 1682628697981000
end_time = 1682628697985541
inclusive_time = 4541
exclusive_time = 381
process_id = p5
operationName = /wrk2-api/review/compose
serviceName = nginx
call path = 
------------------------------------------------------------------------------------
span = 1
trace_id = 56125121daaf7dcb
span_id = 6d1c5f5994d07de8
parent_id = 56125121daaf7dcb
start_time = 1682628697981381
end_time = 1682628697985541
inclusive_time = 4160
exclusive_time = 110
process_id = p5
operationName = /wrk2-api/review/compose
serviceName = nginx
call path = ->/wrk2-api/review/compose_nginx
------------------------------------------------------------------------------------
span = 2
trace_id = 56125121daaf7dcb
span_id = 05c36ac8c75f192f
parent_id = 6d1c5f5994d07de8
start_time = 1682628697981426
end_time = 1682628697985476
inclusive_time = 4050
exclusive_time = 293
process_id = p5
operationName = ComposeReview
serviceName = nginx
call path = ->/wrk2-api/review/compose_nginx->/wrk2-api/review/compose_nginx
------------------------------------------------------------------------------------
span = 3
trace_id = 56125121daaf7dcb
span_id = 0c89256dc8fca4aa
parent_id = 05c36ac8c75f192f
start_time = 1682628697981731
end_time = 1682628697985383
inclusive_time = 3652
exclusive_time = 640
process_id = p4
operationName = UploadMovieId
serviceName = movie-id-service
call path = ->/wrk2-api/review/compose_nginx->/wrk2-api/review/compose_nginx->ComposeReview_nginx
------------------------------------------------------------------------------------
span = 4
trace_id = 56125121daaf7dcb
span_id = ea69a110b61c454f
parent_id = 0c89256dc8fca4aa
start_time = 1682628697982644
end_time = 1682628697985258
inclusive_time = 2614
exclusive_time = 324
process_id = p1
operationName = UploadRating
serviceName = rating-service
call path = ->/wrk2-api/review/compose_nginx->/wrk2-api/review/compose_nginx->ComposeReview_nginx->UploadMovieId_movie-id-service
------------------------------------------------------------------------------------
span = 5
trace_id = 56125121daaf7dcb
span_id = 2daaa40140517aed
parent_id = ea69a110b61c454f
start_time = 1682628697982876
end_time = 1682628697985115
inclusive_time = 2239
exclusive_time = 984
process_id = p7
operationName = UploadRating
serviceName = compose-review-service
call path = ->/wrk2-api/review/compose_nginx->/wrk2-api/review/compose_nginx->ComposeReview_nginx->UploadMovieId_movie-id-service->UploadRating_rating-service
------------------------------------------------------------------------------------
span = 6
trace_id = 56125121daaf7dcb
span_id = 689d05f545032a1f
parent_id = 2daaa40140517aed
start_time = 1682628697983805
end_time = 1682628697984988
inclusive_time = 1183
exclusive_time = 30
process_id = p3
operationName = UploadMovieReview
serviceName = movie-review-service
call path = ->/wrk2-api/review/compose_nginx->/wrk2-api/review/compose_nginx->ComposeReview_nginx->UploadMovieId_movie-id-service->UploadRating_rating-service->UploadRating_compose-review-service
------------------------------------------------------------------------------------
span = 7
trace_id = 56125121daaf7dcb
span_id = aae1d3e6265f590b
parent_id = 689d05f545032a1f
start_time = 1682628697983835
end_time = 1682628697984991
inclusive_time = 1156
exclusive_time = 1156
process_id = p3
operationName = MongoFindMovie
serviceName = movie-review-service
call path = ->/wrk2-api/review/compose_nginx->/wrk2-api/review/compose_nginx->ComposeReview_nginx->UploadMovieId_movie-id-service->UploadRating_rating-service->UploadRating_compose-review-service->UploadMovieReview_movie-review-service
------------------------------------------------------------------------------------
span = 8
trace_id = 56125121daaf7dcb
span_id = b3b314a1f20b9777
parent_id = 0c89256dc8fca4aa
start_time = 1682628697982172
end_time = 1682628697982289
inclusive_time = 117
exclusive_time = 117
process_id = p4
operationName = MmcSetMovieId
serviceName = movie-id-service
call path = ->/wrk2-api/review/compose_nginx->/wrk2-api/review/compose_nginx->ComposeReview_nginx->UploadMovieId_movie-id-service
------------------------------------------------------------------------------------
span = 9
trace_id = 56125121daaf7dcb
span_id = 96d7d1183c249ef9
parent_id = 0c89256dc8fca4aa
start_time = 1682628697981748
end_time = 1682628697981888
inclusive_time = 140
exclusive_time = 140
process_id = p4
operationName = MmcGetMovieId
serviceName = movie-id-service
call path = ->/wrk2-api/review/compose_nginx->/wrk2-api/review/compose_nginx->ComposeReview_nginx->UploadMovieId_movie-id-service
------------------------------------------------------------------------------------
