span 0
span_id = b39d68df19679a1e
parent_id = None
start_time = 1682628697924000
end_time = 1682628697929687
inclusive_time = 5687
exclusive_time = 1134
process_id = p7
operationName = /wrk2-api/review/compose
serviceName = None
------------------------------------------------------------------------------------
span 1
span_id = 3af78beb5c2b6fff
parent_id = b39d68df19679a1e
start_time = 1682628697925133
end_time = 1682628697929686
inclusive_time = 4553
exclusive_time = 104
process_id = p7
operationName = /wrk2-api/review/compose
serviceName = None
------------------------------------------------------------------------------------
span 2
span_id = 54c8179bd20623ed
parent_id = 3af78beb5c2b6fff
start_time = 1682628697925183
end_time = 1682628697929632
inclusive_time = 4449
exclusive_time = 716
process_id = p7
operationName = ComposeReview
serviceName = None
------------------------------------------------------------------------------------
span 3
span_id = 750caa03754c590b
parent_id = 54c8179bd20623ed
start_time = 1682628697925519
end_time = 1682628697929117
inclusive_time = 3598
exclusive_time = 555
process_id = p8
operationName = UploadMovieId
serviceName = None
------------------------------------------------------------------------------------
span 4
span_id = 48c693e263a058a7
parent_id = 750caa03754c590b
start_time = 1682628697926141
end_time = 1682628697928924
inclusive_time = 2783
exclusive_time = 387
process_id = p5
operationName = UploadRating
serviceName = None
------------------------------------------------------------------------------------
span 5
span_id = d0276c9e2b0b6ee0
parent_id = 48c693e263a058a7
start_time = 1682628697926363
end_time = 1682628697928657
inclusive_time = 2294
exclusive_time = 929
process_id = p4
operationName = UploadRating
serviceName = None
------------------------------------------------------------------------------------
span 6
span_id = c0f2d658dc3ccdb0
parent_id = d0276c9e2b0b6ee0
start_time = 1682628697927256
end_time = 1682628697928532
inclusive_time = 1276
exclusive_time = 23
process_id = p1
operationName = UploadMovieReview
serviceName = None
------------------------------------------------------------------------------------
span 7
span_id = 702671338c54c1e4
parent_id = c0f2d658dc3ccdb0
start_time = 1682628697927279
end_time = 1682628697928536
inclusive_time = 1257
exclusive_time = 1257
process_id = p1
operationName = MongoFindMovie
serviceName = None
------------------------------------------------------------------------------------
span 8
span_id = 336eab41e8aea83e
parent_id = 750caa03754c590b
start_time = 1682628697925892
end_time = 1682628697925995
inclusive_time = 103
exclusive_time = 103
process_id = p8
operationName = MmcSetMovieId
serviceName = None
------------------------------------------------------------------------------------
span 9
span_id = c9c56f3c4a4b47bb
parent_id = 750caa03754c590b
start_time = 1682628697925540
end_time = 1682628697925651
inclusive_time = 111
exclusive_time = 111
process_id = p8
operationName = MmcGetMovieId
serviceName = None
------------------------------------------------------------------------------------
