span = 0
span_id = 8ce8cc973f952477
parent_id = None
start_time = 1682628698056000
end_time = 1682628698060156
inclusive_time = 4156
exclusive_time = 807
process_id = p2
operationName = /wrk2-api/review/compose
serviceName = nginx
------------------------------------------------------------------------------------
span = 1
span_id = 7eaf0825fe0042e3
parent_id = 8ce8cc973f952477
start_time = 1682628698056807
end_time = 1682628698060156
inclusive_time = 3349
exclusive_time = 153
process_id = p2
operationName = /wrk2-api/review/compose
serviceName = nginx
------------------------------------------------------------------------------------
span = 2
span_id = c7e5117c7892b8be
parent_id = 7eaf0825fe0042e3
start_time = 1682628698056850
end_time = 1682628698060046
inclusive_time = 3196
exclusive_time = 388
process_id = p2
operationName = ComposeReview
serviceName = nginx
------------------------------------------------------------------------------------
span = 3
span_id = 24d5df781c4134ca
parent_id = c7e5117c7892b8be
start_time = 1682628698057478
end_time = 1682628698059969
inclusive_time = 2491
exclusive_time = 229
process_id = p1
operationName = UploadUniqueId
serviceName = unique-id-service
------------------------------------------------------------------------------------
span = 4
span_id = b59da581f0c3488d
parent_id = 24d5df781c4134ca
start_time = 1682628698057621
end_time = 1682628698059883
inclusive_time = 2262
exclusive_time = 1267
process_id = p4
operationName = UploadUniqueId
serviceName = compose-review-service
------------------------------------------------------------------------------------
span = 5
span_id = fb4451ca0c455aa0
parent_id = b59da581f0c3488d
start_time = 1682628698058751
end_time = 1682628698059722
inclusive_time = 971
exclusive_time = 26
process_id = p3
operationName = UploadMovieReview
serviceName = movie-review-service
------------------------------------------------------------------------------------
span = 6
span_id = ea98d70e29c0beb2
parent_id = fb4451ca0c455aa0
start_time = 1682628698058777
end_time = 1682628698059726
inclusive_time = 949
exclusive_time = 949
process_id = p3
operationName = MongoFindMovie
serviceName = movie-review-service
------------------------------------------------------------------------------------
