span = 0
span_id = 30e7eb504dbce6b4
parent_id = None
start_time = 1682628698050000
end_time = 1682628698053832
inclusive_time = 3832
exclusive_time = 269
process_id = p3
operationName = /wrk2-api/review/compose
serviceName = nginx
------------------------------------------------------------------------------------
span = 1
span_id = 2879449d7673051e
parent_id = 30e7eb504dbce6b4
start_time = 1682628698050269
end_time = 1682628698053832
inclusive_time = 3563
exclusive_time = 101
process_id = p3
operationName = /wrk2-api/review/compose
serviceName = nginx
------------------------------------------------------------------------------------
span = 2
span_id = 37cbb2b061ae9c49
parent_id = 2879449d7673051e
start_time = 1682628698050312
end_time = 1682628698053774
inclusive_time = 3462
exclusive_time = 271
process_id = p3
operationName = ComposeReview
serviceName = nginx
------------------------------------------------------------------------------------
span = 3
span_id = a4817a338db8206d
parent_id = 37cbb2b061ae9c49
start_time = 1682628698050972
end_time = 1682628698053677
inclusive_time = 2705
exclusive_time = 294
process_id = p2
operationName = UploadUniqueId
serviceName = unique-id-service
------------------------------------------------------------------------------------
span = 4
span_id = f84cdc185b584479
parent_id = a4817a338db8206d
start_time = 1682628698051191
end_time = 1682628698053602
inclusive_time = 2411
exclusive_time = 1152
process_id = p5
operationName = UploadUniqueId
serviceName = compose-review-service
------------------------------------------------------------------------------------
span = 5
span_id = 0b55a679c3c1e3a9
parent_id = f84cdc185b584479
start_time = 1682628698052246
end_time = 1682628698053444
inclusive_time = 1198
exclusive_time = 22
process_id = p4
operationName = UploadMovieReview
serviceName = movie-review-service
------------------------------------------------------------------------------------
span = 6
span_id = 6f146dcde9279c89
parent_id = 0b55a679c3c1e3a9
start_time = 1682628698052268
end_time = 1682628698053447
inclusive_time = 1179
exclusive_time = 1179
process_id = p4
operationName = MongoFindMovie
serviceName = movie-review-service
------------------------------------------------------------------------------------
