span = 0
trace_id = 9a0c1b88cf5f4134
span_id = 9a0c1b88cf5f4134
parent_id = None
start_time = 1682628698181000
end_time = 1682628698186127
inclusive_time = 5127
exclusive_time = 1059
process_id = p2
operationName = /wrk2-api/review/compose
serviceName = nginx
------------------------------------------------------------------------------------
span = 1
trace_id = 9a0c1b88cf5f4134
span_id = fac75ecf8a1ad8a4
parent_id = 9a0c1b88cf5f4134
start_time = 1682628698182059
end_time = 1682628698186127
inclusive_time = 4068
exclusive_time = 95
process_id = p2
operationName = /wrk2-api/review/compose
serviceName = nginx
------------------------------------------------------------------------------------
span = 2
trace_id = 9a0c1b88cf5f4134
span_id = b638ab1b542d19bf
parent_id = fac75ecf8a1ad8a4
start_time = 1682628698182101
end_time = 1682628698186074
inclusive_time = 3973
exclusive_time = 475
process_id = p2
operationName = ComposeReview
serviceName = nginx
------------------------------------------------------------------------------------
span = 3
trace_id = 9a0c1b88cf5f4134
span_id = e1343438379464d0
parent_id = b638ab1b542d19bf
start_time = 1682628698182382
end_time = 1682628698185755
inclusive_time = 3373
exclusive_time = 488
process_id = p6
operationName = UploadMovieId
serviceName = movie-id-service
------------------------------------------------------------------------------------
span = 4
trace_id = 9a0c1b88cf5f4134
span_id = 12754f96dd8e7b0c
parent_id = e1343438379464d0
start_time = 1682628698182842
end_time = 1682628698185457
inclusive_time = 2615
exclusive_time = 246
process_id = p10
operationName = UploadRating
serviceName = rating-service
------------------------------------------------------------------------------------
span = 5
trace_id = 9a0c1b88cf5f4134
span_id = c0c4a25ae48db3c9
parent_id = 12754f96dd8e7b0c
start_time = 1682628698182982
end_time = 1682628698185310
inclusive_time = 2328
exclusive_time = 1003
process_id = p5
operationName = UploadRating
serviceName = compose-review-service
------------------------------------------------------------------------------------
span = 6
trace_id = 9a0c1b88cf5f4134
span_id = bb9c3cbc7d34f37e
parent_id = c0c4a25ae48db3c9
start_time = 1682628698183846
end_time = 1682628698185010
inclusive_time = 1164
exclusive_time = 20
process_id = p4
operationName = UploadUserReview
serviceName = user-review-service
------------------------------------------------------------------------------------
span = 7
trace_id = 9a0c1b88cf5f4134
span_id = a70ac75ca408bca2
parent_id = bb9c3cbc7d34f37e
start_time = 1682628698183866
end_time = 1682628698185015
inclusive_time = 1149
exclusive_time = 1149
process_id = p4
operationName = MongoFindUser
serviceName = user-review-service
------------------------------------------------------------------------------------
span = 8
trace_id = 9a0c1b88cf5f4134
span_id = 3954bbde5f9d88d3
parent_id = e1343438379464d0
start_time = 1682628698182624
end_time = 1682628698182744
inclusive_time = 120
exclusive_time = 120
process_id = p6
operationName = MmcSetMovieId
serviceName = movie-id-service
------------------------------------------------------------------------------------
span = 9
trace_id = 9a0c1b88cf5f4134
span_id = 84cf644b406be7c0
parent_id = e1343438379464d0
start_time = 1682628698182406
end_time = 1682628698182505
inclusive_time = 99
exclusive_time = 99
process_id = p6
operationName = MmcGetMovieId
serviceName = movie-id-service
------------------------------------------------------------------------------------
