span = 0
span_id = 5709b75d48809fb9
parent_id = None
start_time = 1682628698257000
end_time = 1682628698261716
inclusive_time = 4716
exclusive_time = 643
process_id = p3
operationName = /wrk2-api/review/compose
serviceName = nginx
------------------------------------------------------------------------------------
span = 1
span_id = ef83a34b379ea78f
parent_id = 5709b75d48809fb9
start_time = 1682628698257643
end_time = 1682628698261716
inclusive_time = 4073
exclusive_time = 115
process_id = p3
operationName = /wrk2-api/review/compose
serviceName = nginx
------------------------------------------------------------------------------------
span = 2
span_id = 736e4d45244b6d2d
parent_id = ef83a34b379ea78f
start_time = 1682628698257694
end_time = 1682628698261652
inclusive_time = 3958
exclusive_time = 406
process_id = p3
operationName = ComposeReview
serviceName = nginx
------------------------------------------------------------------------------------
span = 3
span_id = a5e4265d09776a1f
parent_id = 736e4d45244b6d2d
start_time = 1682628698258845
end_time = 1682628698261557
inclusive_time = 2712
exclusive_time = 257
process_id = p2
operationName = UploadUserWithUsername
serviceName = user-service
------------------------------------------------------------------------------------
span = 4
span_id = 3482cc219480db8d
parent_id = a5e4265d09776a1f
start_time = 1682628698259135
end_time = 1682628698261479
inclusive_time = 2344
exclusive_time = 1256
process_id = p5
operationName = UploadUserId
serviceName = compose-review-service
------------------------------------------------------------------------------------
span = 5
span_id = f18cf0821d549a89
parent_id = 3482cc219480db8d
start_time = 1682628698260389
end_time = 1682628698261345
inclusive_time = 956
exclusive_time = 25
process_id = p1
operationName = UploadMovieReview
serviceName = movie-review-service
------------------------------------------------------------------------------------
span = 6
span_id = 5d64904c7adebeef
parent_id = f18cf0821d549a89
start_time = 1682628698260414
end_time = 1682628698261351
inclusive_time = 937
exclusive_time = 937
process_id = p1
operationName = MongoFindMovie
serviceName = movie-review-service
------------------------------------------------------------------------------------
span = 7
span_id = f11c78aa84e086ed
parent_id = a5e4265d09776a1f
start_time = 1682628698258863
end_time = 1682628698258974
inclusive_time = 111
exclusive_time = 111
process_id = p2
operationName = MmcGetUserId
serviceName = user-service
------------------------------------------------------------------------------------
span = 8
span_id = 98ff8ff36d88a08d
parent_id = 736e4d45244b6d2d
start_time = 1682628698258093
end_time = 1682628698258593
inclusive_time = 500
exclusive_time = 179
process_id = p9
operationName = UploadText
serviceName = text-service
------------------------------------------------------------------------------------
span = 9
span_id = 368c640db293cd54
parent_id = 98ff8ff36d88a08d
start_time = 1682628698258198
end_time = 1682628698258519
inclusive_time = 321
exclusive_time = 321
process_id = p5
operationName = UploadText
serviceName = compose-review-service
------------------------------------------------------------------------------------
