span = 0
span_id = 10e694c7ffb01e4c
parent_id = None
start_time = 1682628698276000
end_time = 1682628698280697
inclusive_time = 4697
exclusive_time = 696
process_id = p2
operationName = /wrk2-api/review/compose
serviceName = nginx
------------------------------------------------------------------------------------
span = 1
span_id = 4ed4200140663fef
parent_id = 10e694c7ffb01e4c
start_time = 1682628698276696
end_time = 1682628698280697
inclusive_time = 4001
exclusive_time = 104
process_id = p2
operationName = /wrk2-api/review/compose
serviceName = nginx
------------------------------------------------------------------------------------
span = 2
span_id = 36da11f85d8da6dd
parent_id = 4ed4200140663fef
start_time = 1682628698276741
end_time = 1682628698280638
inclusive_time = 3897
exclusive_time = 956
process_id = p2
operationName = ComposeReview
serviceName = nginx
------------------------------------------------------------------------------------
span = 3
span_id = cffcabcdfec8874e
parent_id = 36da11f85d8da6dd
start_time = 1682628698277014
end_time = 1682628698279873
inclusive_time = 2859
exclusive_time = 341
process_id = p5
operationName = UploadMovieId
serviceName = movie-id-service
------------------------------------------------------------------------------------
span = 4
span_id = 11f5cd76cca61c01
parent_id = cffcabcdfec8874e
start_time = 1682628698277477
end_time = 1682628698279714
inclusive_time = 2237
exclusive_time = 210
process_id = p10
operationName = UploadRating
serviceName = rating-service
------------------------------------------------------------------------------------
span = 5
span_id = 522bfcc8b2418dde
parent_id = 11f5cd76cca61c01
start_time = 1682628698277632
end_time = 1682628698279608
inclusive_time = 1976
exclusive_time = 852
process_id = p4
operationName = UploadRating
serviceName = compose-review-service
------------------------------------------------------------------------------------
span = 6
span_id = 64e05b525738ab70
parent_id = 522bfcc8b2418dde
start_time = 1682628698278409
end_time = 1682628698279464
inclusive_time = 1055
exclusive_time = 27
process_id = p8
operationName = UploadMovieReview
serviceName = movie-review-service
------------------------------------------------------------------------------------
span = 7
span_id = dafe38948cd06d89
parent_id = 64e05b525738ab70
start_time = 1682628698278436
end_time = 1682628698279469
inclusive_time = 1033
exclusive_time = 1033
process_id = p8
operationName = MongoFindMovie
serviceName = movie-review-service
------------------------------------------------------------------------------------
span = 8
span_id = 6095acd68b92a0a2
parent_id = cffcabcdfec8874e
start_time = 1682628698277272
end_time = 1682628698277372
inclusive_time = 100
exclusive_time = 100
process_id = p5
operationName = MmcSetMovieId
serviceName = movie-id-service
------------------------------------------------------------------------------------
span = 9
span_id = 5f8f56bffc6bab0d
parent_id = cffcabcdfec8874e
start_time = 1682628698277038
end_time = 1682628698277153
inclusive_time = 115
exclusive_time = 115
process_id = p5
operationName = MmcGetMovieId
serviceName = movie-id-service
------------------------------------------------------------------------------------
