span = 0
trace_id = de7e632771691685
span_id = de7e632771691685
parent_id = None
start_time = 1682628698228000
end_time = 1682628698232985
inclusive_time = 4985
exclusive_time = 475
process_id = p5
operationName = /wrk2-api/review/compose
serviceName = nginx
------------------------------------------------------------------------------------
span = 1
trace_id = de7e632771691685
span_id = bae44fa1ca66a47c
parent_id = de7e632771691685
start_time = 1682628698228475
end_time = 1682628698232985
inclusive_time = 4510
exclusive_time = 107
process_id = p5
operationName = /wrk2-api/review/compose
serviceName = nginx
------------------------------------------------------------------------------------
span = 2
trace_id = de7e632771691685
span_id = 04b0a8f6006a11c0
parent_id = bae44fa1ca66a47c
start_time = 1682628698228532
end_time = 1682628698232935
inclusive_time = 4403
exclusive_time = 300
process_id = p5
operationName = ComposeReview
serviceName = nginx
------------------------------------------------------------------------------------
span = 3
trace_id = de7e632771691685
span_id = 90e901642f812dd6
parent_id = 04b0a8f6006a11c0
start_time = 1682628698228894
end_time = 1682628698232842
inclusive_time = 3948
exclusive_time = 722
process_id = p2
operationName = UploadMovieId
serviceName = movie-id-service
------------------------------------------------------------------------------------
span = 4
trace_id = de7e632771691685
span_id = be1b9a96725f49bc
parent_id = 90e901642f812dd6
start_time = 1682628698229549
end_time = 1682628698232401
inclusive_time = 2852
exclusive_time = 238
process_id = p10
operationName = UploadRating
serviceName = rating-service
------------------------------------------------------------------------------------
span = 5
trace_id = de7e632771691685
span_id = deea45efbf7edd75
parent_id = be1b9a96725f49bc
start_time = 1682628698229723
end_time = 1682628698232304
inclusive_time = 2581
exclusive_time = 1245
process_id = p1
operationName = UploadRating
serviceName = compose-review-service
------------------------------------------------------------------------------------
span = 6
trace_id = de7e632771691685
span_id = 04a26aad90f88282
parent_id = deea45efbf7edd75
start_time = 1682628698230778
end_time = 1682628698232031
inclusive_time = 1253
exclusive_time = 28
process_id = p6
operationName = UploadUserReview
serviceName = user-review-service
------------------------------------------------------------------------------------
span = 7
trace_id = de7e632771691685
span_id = ec81d0722e10c487
parent_id = 04a26aad90f88282
start_time = 1682628698230806
end_time = 1682628698232034
inclusive_time = 1228
exclusive_time = 1228
process_id = p6
operationName = MongoFindUser
serviceName = user-review-service
------------------------------------------------------------------------------------
span = 8
trace_id = de7e632771691685
span_id = 08480d226348d8ab
parent_id = 90e901642f812dd6
start_time = 1682628698229237
end_time = 1682628698229432
inclusive_time = 195
exclusive_time = 195
process_id = p2
operationName = MmcSetMovieId
serviceName = movie-id-service
------------------------------------------------------------------------------------
span = 9
trace_id = de7e632771691685
span_id = 121b88632b1df493
parent_id = 90e901642f812dd6
start_time = 1682628698228907
end_time = 1682628698228987
inclusive_time = 80
exclusive_time = 80
process_id = p2
operationName = MmcGetMovieId
serviceName = movie-id-service
------------------------------------------------------------------------------------
