span = 0
trace_id = 3b40651b2cbbb2f2
span_id = 3b40651b2cbbb2f2
parent_id = None
start_time = 1682628698285000
end_time = 1682628698289929
inclusive_time = 4929
exclusive_time = 149
process_id = p1
operationName = /wrk2-api/review/compose
serviceName = nginx
call path = 
------------------------------------------------------------------------------------
span = 1
trace_id = 3b40651b2cbbb2f2
span_id = 2447daeed2d9e68a
parent_id = 3b40651b2cbbb2f2
start_time = 1682628698285149
end_time = 1682628698289929
inclusive_time = 4780
exclusive_time = 103
process_id = p1
operationName = /wrk2-api/review/compose
serviceName = nginx
call path = ->/wrk2-api/review/compose_nginx
------------------------------------------------------------------------------------
span = 2
trace_id = 3b40651b2cbbb2f2
span_id = f699e773aea275a8
parent_id = 2447daeed2d9e68a
start_time = 1682628698285191
end_time = 1682628698289868
inclusive_time = 4677
exclusive_time = 271
process_id = p1
operationName = ComposeReview
serviceName = nginx
call path = ->/wrk2-api/review/compose_nginx->/wrk2-api/review/compose_nginx
------------------------------------------------------------------------------------
span = 3
trace_id = 3b40651b2cbbb2f2
span_id = 89c8440c8479f242
parent_id = f699e773aea275a8
start_time = 1682628698285895
end_time = 1682628698289761
inclusive_time = 3866
exclusive_time = 383
process_id = p4
operationName = UploadMovieId
serviceName = movie-id-service
call path = ->/wrk2-api/review/compose_nginx->/wrk2-api/review/compose_nginx->ComposeReview_nginx
------------------------------------------------------------------------------------
span = 4
trace_id = 3b40651b2cbbb2f2
span_id = 430010a9eaa5e03a
parent_id = 89c8440c8479f242
start_time = 1682628698286391
end_time = 1682628698289622
inclusive_time = 3231
exclusive_time = 275
process_id = p10
operationName = UploadRating
serviceName = rating-service
call path = ->/wrk2-api/review/compose_nginx->/wrk2-api/review/compose_nginx->ComposeReview_nginx->UploadMovieId_movie-id-service
------------------------------------------------------------------------------------
span = 5
trace_id = 3b40651b2cbbb2f2
span_id = fd23033a34403644
parent_id = 430010a9eaa5e03a
start_time = 1682628698286633
end_time = 1682628698289482
inclusive_time = 2849
exclusive_time = 1136
process_id = p3
operationName = UploadRating
serviceName = compose-review-service
call path = ->/wrk2-api/review/compose_nginx->/wrk2-api/review/compose_nginx->ComposeReview_nginx->UploadMovieId_movie-id-service->UploadRating_rating-service
------------------------------------------------------------------------------------
span = 6
trace_id = 3b40651b2cbbb2f2
span_id = eb09a1f39ab377f5
parent_id = fd23033a34403644
start_time = 1682628698287721
end_time = 1682628698289381
inclusive_time = 1660
exclusive_time = 23
process_id = p7
operationName = UploadMovieReview
serviceName = movie-review-service
call path = ->/wrk2-api/review/compose_nginx->/wrk2-api/review/compose_nginx->ComposeReview_nginx->UploadMovieId_movie-id-service->UploadRating_rating-service->UploadRating_compose-review-service
------------------------------------------------------------------------------------
span = 7
trace_id = 3b40651b2cbbb2f2
span_id = 0a6ba3b049cff93a
parent_id = eb09a1f39ab377f5
start_time = 1682628698287744
end_time = 1682628698289386
inclusive_time = 1642
exclusive_time = 1642
process_id = p7
operationName = MongoFindMovie
serviceName = movie-review-service
call path = ->/wrk2-api/review/compose_nginx->/wrk2-api/review/compose_nginx->ComposeReview_nginx->UploadMovieId_movie-id-service->UploadRating_rating-service->UploadRating_compose-review-service->UploadMovieReview_movie-review-service
------------------------------------------------------------------------------------
span = 8
trace_id = 3b40651b2cbbb2f2
span_id = 455b148500c6de77
parent_id = 89c8440c8479f242
start_time = 1682628698285912
end_time = 1682628698286035
inclusive_time = 123
exclusive_time = 123
process_id = p4
operationName = MmcGetMovieId
serviceName = movie-id-service
call path = ->/wrk2-api/review/compose_nginx->/wrk2-api/review/compose_nginx->ComposeReview_nginx->UploadMovieId_movie-id-service
------------------------------------------------------------------------------------
