span 0
span_id = 0adb676d340ac66f
parent_id = None
start_time = 1682628698058000
end_time = 1682628698062486
inclusive_time = 4486
exclusive_time = 639
process_id = p2
operationName = /wrk2-api/review/compose
serviceName = None
------------------------------------------------------------------------------------
span 1
span_id = c877d1b1dc2d5b5a
parent_id = 0adb676d340ac66f
start_time = 1682628698058638
end_time = 1682628698062485
inclusive_time = 3847
exclusive_time = 138
process_id = p2
operationName = /wrk2-api/review/compose
serviceName = None
------------------------------------------------------------------------------------
span 2
span_id = 796e50028efa086a
parent_id = c877d1b1dc2d5b5a
start_time = 1682628698058714
end_time = 1682628698062423
inclusive_time = 3709
exclusive_time = 814
process_id = p2
operationName = ComposeReview
serviceName = None
------------------------------------------------------------------------------------
span 3
span_id = 940434157bf89823
parent_id = 796e50028efa086a
start_time = 1682628698059203
end_time = 1682628698061827
inclusive_time = 2624
exclusive_time = 237
process_id = p1
operationName = UploadUniqueId
serviceName = None
------------------------------------------------------------------------------------
span 4
span_id = a0b462109aef990a
parent_id = 940434157bf89823
start_time = 1682628698059377
end_time = 1682628698061764
inclusive_time = 2387
exclusive_time = 1156
process_id = p4
operationName = UploadUniqueId
serviceName = None
------------------------------------------------------------------------------------
span 5
span_id = fde1382a8d414c73
parent_id = a0b462109aef990a
start_time = 1682628698060394
end_time = 1682628698061544
inclusive_time = 1150
exclusive_time = 19
process_id = p3
operationName = UploadMovieReview
serviceName = None
------------------------------------------------------------------------------------
span 6
span_id = 8a8a6ecf60202316
parent_id = fde1382a8d414c73
start_time = 1682628698060413
end_time = 1682628698061548
inclusive_time = 1135
exclusive_time = 1135
process_id = p3
operationName = MongoFindMovie
serviceName = None
------------------------------------------------------------------------------------
