span = 0
span_id = 211907e3cd9f2e50
parent_id = None
start_time = 1682628698313000
end_time = 1682628698317945
inclusive_time = 4945
exclusive_time = 977
process_id = p10
operationName = /wrk2-api/review/compose
serviceName = nginx
------------------------------------------------------------------------------------
span = 1
span_id = a0c0beabf207c9c2
parent_id = 211907e3cd9f2e50
start_time = 1682628698313977
end_time = 1682628698317945
inclusive_time = 3968
exclusive_time = 75
process_id = p10
operationName = /wrk2-api/review/compose
serviceName = nginx
------------------------------------------------------------------------------------
span = 2
span_id = 9028c8361a23d049
parent_id = a0c0beabf207c9c2
start_time = 1682628698314010
end_time = 1682628698317903
inclusive_time = 3893
exclusive_time = 474
process_id = p10
operationName = ComposeReview
serviceName = nginx
------------------------------------------------------------------------------------
span = 3
span_id = 0f04ca1c5d5b7f76
parent_id = 9028c8361a23d049
start_time = 1682628698314249
end_time = 1682628698317576
inclusive_time = 3327
exclusive_time = 341
process_id = p2
operationName = UploadMovieId
serviceName = movie-id-service
------------------------------------------------------------------------------------
span = 4
span_id = 0cacd8127daa2e8c
parent_id = 0f04ca1c5d5b7f76
start_time = 1682628698314748
end_time = 1682628698317455
inclusive_time = 2707
exclusive_time = 233
process_id = p9
operationName = UploadRating
serviceName = rating-service
------------------------------------------------------------------------------------
span = 5
span_id = 626180bdb80f30e3
parent_id = 0cacd8127daa2e8c
start_time = 1682628698315059
end_time = 1682628698317325
inclusive_time = 2266
exclusive_time = 893
process_id = p1
operationName = UploadRating
serviceName = compose-review-service
------------------------------------------------------------------------------------
span = 6
span_id = 98ccd13709b22ffc
parent_id = 626180bdb80f30e3
start_time = 1682628698315898
end_time = 1682628698317200
inclusive_time = 1302
exclusive_time = 30
process_id = p5
operationName = UploadMovieReview
serviceName = movie-review-service
------------------------------------------------------------------------------------
span = 7
span_id = 8f985ebdbe4427d4
parent_id = 98ccd13709b22ffc
start_time = 1682628698315928
end_time = 1682628698317207
inclusive_time = 1279
exclusive_time = 1279
process_id = p5
operationName = MongoFindMovie
serviceName = movie-review-service
------------------------------------------------------------------------------------
span = 8
span_id = 9321e3adf148a9af
parent_id = 0f04ca1c5d5b7f76
start_time = 1682628698314503
end_time = 1682628698314584
inclusive_time = 81
exclusive_time = 81
process_id = p2
operationName = MmcSetMovieId
serviceName = movie-id-service
------------------------------------------------------------------------------------
span = 9
span_id = 3c5901fd6e498912
parent_id = 0f04ca1c5d5b7f76
start_time = 1682628698314263
end_time = 1682628698314352
inclusive_time = 89
exclusive_time = 89
process_id = p2
operationName = MmcGetMovieId
serviceName = movie-id-service
------------------------------------------------------------------------------------
