span = 0
trace_id = 12341503c6c33ccd
span_id = 12341503c6c33ccd
parent_id = None
start_time = 1682628698046000
end_time = 1682628698050402
inclusive_time = 4402
exclusive_time = 171
process_id = p8
operationName = /wrk2-api/review/compose
serviceName = nginx
------------------------------------------------------------------------------------
span = 1
trace_id = 12341503c6c33ccd
span_id = be1dd32e4a237e73
parent_id = 12341503c6c33ccd
start_time = 1682628698046171
end_time = 1682628698050402
inclusive_time = 4231
exclusive_time = 95
process_id = p8
operationName = /wrk2-api/review/compose
serviceName = nginx
------------------------------------------------------------------------------------
span = 2
trace_id = 12341503c6c33ccd
span_id = ab6871f67573f684
parent_id = be1dd32e4a237e73
start_time = 1682628698046206
end_time = 1682628698050342
inclusive_time = 4136
exclusive_time = 920
process_id = p8
operationName = ComposeReview
serviceName = nginx
------------------------------------------------------------------------------------
span = 3
trace_id = 12341503c6c33ccd
span_id = 11c9b77e8c5d724b
parent_id = ab6871f67573f684
start_time = 1682628698046487
end_time = 1682628698049703
inclusive_time = 3216
exclusive_time = 323
process_id = p6
operationName = UploadMovieId
serviceName = movie-id-service
------------------------------------------------------------------------------------
span = 4
trace_id = 12341503c6c33ccd
span_id = 2c57294119e9c074
parent_id = 11c9b77e8c5d724b
start_time = 1682628698047169
end_time = 1682628698049575
inclusive_time = 2406
exclusive_time = 257
process_id = p7
operationName = UploadRating
serviceName = rating-service
------------------------------------------------------------------------------------
span = 5
trace_id = 12341503c6c33ccd
span_id = 9be3a58e8ec15325
parent_id = 2c57294119e9c074
start_time = 1682628698047418
end_time = 1682628698049418
inclusive_time = 2000
exclusive_time = 854
process_id = p4
operationName = UploadRating
serviceName = compose-review-service
------------------------------------------------------------------------------------
span = 6
trace_id = 12341503c6c33ccd
span_id = 9aba8775dc1250c4
parent_id = 9be3a58e8ec15325
start_time = 1682628698048146
end_time = 1682628698049292
inclusive_time = 1146
exclusive_time = 18
process_id = p1
operationName = UploadUserReview
serviceName = user-review-service
------------------------------------------------------------------------------------
span = 7
trace_id = 12341503c6c33ccd
span_id = 42dd747edd25f79f
parent_id = 9aba8775dc1250c4
start_time = 1682628698048164
end_time = 1682628698049296
inclusive_time = 1132
exclusive_time = 1132
process_id = p1
operationName = MongoFindUser
serviceName = user-review-service
------------------------------------------------------------------------------------
span = 8
trace_id = 12341503c6c33ccd
span_id = f71bfc67d5824787
parent_id = 11c9b77e8c5d724b
start_time = 1682628698046958
end_time = 1682628698047062
inclusive_time = 104
exclusive_time = 104
process_id = p6
operationName = MmcSetMovieId
serviceName = movie-id-service
------------------------------------------------------------------------------------
span = 9
trace_id = 12341503c6c33ccd
span_id = 3b1cc5e5519726bc
parent_id = 11c9b77e8c5d724b
start_time = 1682628698046498
end_time = 1682628698046798
inclusive_time = 300
exclusive_time = 300
process_id = p6
operationName = MmcGetMovieId
serviceName = movie-id-service
------------------------------------------------------------------------------------
