span = 0
span_id = 6a13afb035ebf9e5
parent_id = None
start_time = 1682733535327000
end_time = 1682733535327909
inclusive_time = 909
exclusive_time = 757
process_id = p1
operationName = 
serviceName = nginx
------------------------------------------------------------------------------------
span = 1
span_id = 15a258048354d99c
parent_id = 6a13afb035ebf9e5
start_time = 1682733535327802
end_time = 1682733535327910
inclusive_time = 108
exclusive_time = 108
process_id = p1
operationName = 
serviceName = nginx
------------------------------------------------------------------------------------
span = 2
span_id = 33205bc0caae8f34
parent_id = 6a13afb035ebf9e5
start_time = 1682733535327690
end_time = 1682733535327735
inclusive_time = 45
exclusive_time = 45
process_id = p1
operationName = 
serviceName = nginx
------------------------------------------------------------------------------------
