span = 0
trace_id = 4a5030c77f933388
span_id = 4a5030c77f933388
parent_id = None
start_time = 1682628697985000
end_time = 1682628697990215
inclusive_time = 5215
exclusive_time = 356
process_id = p3
operationName = /wrk2-api/review/compose
serviceName = nginx
------------------------------------------------------------------------------------
span = 1
trace_id = 4a5030c77f933388
span_id = c6669409ea5e58cb
parent_id = 4a5030c77f933388
start_time = 1682628697985356
end_time = 1682628697990215
inclusive_time = 4859
exclusive_time = 95
process_id = p3
operationName = /wrk2-api/review/compose
serviceName = nginx
------------------------------------------------------------------------------------
span = 2
trace_id = 4a5030c77f933388
span_id = 1a6ffa453dff2a34
parent_id = c6669409ea5e58cb
start_time = 1682628697985411
end_time = 1682628697990175
inclusive_time = 4764
exclusive_time = 1084
process_id = p3
operationName = ComposeReview
serviceName = nginx
------------------------------------------------------------------------------------
span = 3
trace_id = 4a5030c77f933388
span_id = 827a760387e21f37
parent_id = 1a6ffa453dff2a34
start_time = 1682628697985779
end_time = 1682628697989382
inclusive_time = 3603
exclusive_time = 274
process_id = p5
operationName = UploadMovieId
serviceName = movie-id-service
------------------------------------------------------------------------------------
span = 4
trace_id = 4a5030c77f933388
span_id = e135c8f34abd7827
parent_id = 827a760387e21f37
start_time = 1682628697986286
end_time = 1682628697989252
inclusive_time = 2966
exclusive_time = 396
process_id = p1
operationName = UploadRating
serviceName = rating-service
------------------------------------------------------------------------------------
span = 5
trace_id = 4a5030c77f933388
span_id = 8b3cb8c6d965deb3
parent_id = e135c8f34abd7827
start_time = 1682628697986474
end_time = 1682628697989036
inclusive_time = 2562
exclusive_time = 1335
process_id = p7
operationName = UploadRating
serviceName = compose-review-service
------------------------------------------------------------------------------------
span = 6
trace_id = 4a5030c77f933388
span_id = 529e52cbc2ca7f64
parent_id = 8b3cb8c6d965deb3
start_time = 1682628697987829
end_time = 1682628697988926
inclusive_time = 1097
exclusive_time = 18
process_id = p4
operationName = UploadMovieReview
serviceName = movie-review-service
------------------------------------------------------------------------------------
span = 7
trace_id = 4a5030c77f933388
span_id = eb28e7ce3284643f
parent_id = 529e52cbc2ca7f64
start_time = 1682628697987847
end_time = 1682628697988930
inclusive_time = 1083
exclusive_time = 1083
process_id = p4
operationName = MongoFindMovie
serviceName = movie-review-service
------------------------------------------------------------------------------------
span = 8
trace_id = 4a5030c77f933388
span_id = 905638067e9aee22
parent_id = 827a760387e21f37
start_time = 1682628697985988
end_time = 1682628697986080
inclusive_time = 92
exclusive_time = 92
process_id = p5
operationName = MmcSetMovieId
serviceName = movie-id-service
------------------------------------------------------------------------------------
span = 9
trace_id = 4a5030c77f933388
span_id = b7a72efcd481bd5b
parent_id = 827a760387e21f37
start_time = 1682628697985790
end_time = 1682628697985880
inclusive_time = 90
exclusive_time = 90
process_id = p5
operationName = MmcGetMovieId
serviceName = movie-id-service
------------------------------------------------------------------------------------
