span 0
span_id = 49ae954249afe888
parent_id = None
start_time = 1682670323427000
end_time = 1682670323428031
inclusive_time = 1031
exclusive_time = 898
process_id = p1
operationName = 
serviceName = None
------------------------------------------------------------------------------------
span 1
span_id = 22a1c186fc360cc5
parent_id = 49ae954249afe888
start_time = 1682670323427939
end_time = 1682670323428031
inclusive_time = 92
exclusive_time = 92
process_id = p1
operationName = 
serviceName = None
------------------------------------------------------------------------------------
span 2
span_id = c2f0befe30e39b26
parent_id = 49ae954249afe888
start_time = 1682670323427835
end_time = 1682670323427876
inclusive_time = 41
exclusive_time = 41
process_id = p1
operationName = 
serviceName = None
------------------------------------------------------------------------------------
