span = 0
span_id = 2b26e94e12237b44
parent_id = None
start_time = 1682628698203000
end_time = 1682628698207249
inclusive_time = 4249
exclusive_time = 209
process_id = p7
operationName = /wrk2-api/review/compose
serviceName = nginx
------------------------------------------------------------------------------------
span = 1
span_id = 4989c74c70a6f423
parent_id = 2b26e94e12237b44
start_time = 1682628698203208
end_time = 1682628698207248
inclusive_time = 4040
exclusive_time = 121
process_id = p7
operationName = /wrk2-api/review/compose
serviceName = nginx
------------------------------------------------------------------------------------
span = 2
span_id = 17abffdb728de6a1
parent_id = 4989c74c70a6f423
start_time = 1682628698203254
end_time = 1682628698207173
inclusive_time = 3919
exclusive_time = 329
process_id = p7
operationName = ComposeReview
serviceName = nginx
------------------------------------------------------------------------------------
span = 3
span_id = f32805a3293483b7
parent_id = 17abffdb728de6a1
start_time = 1682628698203542
end_time = 1682628698207026
inclusive_time = 3484
exclusive_time = 345
process_id = p4
operationName = UploadMovieId
serviceName = movie-id-service
------------------------------------------------------------------------------------
span = 4
span_id = 0a52f6e7a58e7eae
parent_id = f32805a3293483b7
start_time = 1682628698204025
end_time = 1682628698206894
inclusive_time = 2869
exclusive_time = 285
process_id = p10
operationName = UploadRating
serviceName = rating-service
------------------------------------------------------------------------------------
span = 5
span_id = f1ed619decb8c69c
parent_id = 0a52f6e7a58e7eae
start_time = 1682628698204296
end_time = 1682628698206773
inclusive_time = 2477
exclusive_time = 1244
process_id = p3
operationName = UploadRating
serviceName = compose-review-service
------------------------------------------------------------------------------------
span = 6
span_id = 9214d0445346a0a5
parent_id = f1ed619decb8c69c
start_time = 1682628698205412
end_time = 1682628698206535
inclusive_time = 1123
exclusive_time = 26
process_id = p5
operationName = UploadMovieReview
serviceName = movie-review-service
------------------------------------------------------------------------------------
span = 7
span_id = f55d4b72f13ebe71
parent_id = 9214d0445346a0a5
start_time = 1682628698205438
end_time = 1682628698206538
inclusive_time = 1100
exclusive_time = 1100
process_id = p5
operationName = MongoFindMovie
serviceName = movie-review-service
------------------------------------------------------------------------------------
span = 8
span_id = f49812fd474084f2
parent_id = f32805a3293483b7
start_time = 1682628698203846
end_time = 1682628698203949
inclusive_time = 103
exclusive_time = 103
process_id = p4
operationName = MmcSetMovieId
serviceName = movie-id-service
------------------------------------------------------------------------------------
span = 9
span_id = 8fb3561240ac5bdd
parent_id = f32805a3293483b7
start_time = 1682628698203565
end_time = 1682628698203693
inclusive_time = 128
exclusive_time = 128
process_id = p4
operationName = MmcGetMovieId
serviceName = movie-id-service
------------------------------------------------------------------------------------
