span = 0
trace_id = 2664fc3582233ce2
span_id = 2664fc3582233ce2
parent_id = None
start_time = 1682628697911000
end_time = 1682628697915663
inclusive_time = 4663
exclusive_time = 645
process_id = p1
operationName = /wrk2-api/review/compose
serviceName = nginx
call path = 
------------------------------------------------------------------------------------
span = 1
trace_id = 2664fc3582233ce2
span_id = e07690a5cb406898
parent_id = 2664fc3582233ce2
start_time = 1682628697911645
end_time = 1682628697915663
inclusive_time = 4018
exclusive_time = 113
process_id = p1
operationName = /wrk2-api/review/compose
serviceName = nginx
call path = ->/wrk2-api/review/compose_nginx
------------------------------------------------------------------------------------
span = 2
trace_id = 2664fc3582233ce2
span_id = d7f09e7159500420
parent_id = e07690a5cb406898
start_time = 1682628697911700
end_time = 1682628697915605
inclusive_time = 3905
exclusive_time = 296
process_id = p1
operationName = ComposeReview
serviceName = nginx
call path = ->/wrk2-api/review/compose_nginx->/wrk2-api/review/compose_nginx
------------------------------------------------------------------------------------
span = 3
trace_id = 2664fc3582233ce2
span_id = 9280113bcd17d8b3
parent_id = d7f09e7159500420
start_time = 1682628697911969
end_time = 1682628697915501
inclusive_time = 3532
exclusive_time = 408
process_id = p8
operationName = UploadMovieId
serviceName = movie-id-service
call path = ->/wrk2-api/review/compose_nginx->/wrk2-api/review/compose_nginx->ComposeReview_nginx
------------------------------------------------------------------------------------
span = 4
trace_id = 2664fc3582233ce2
span_id = 847a80e94ff0c2a6
parent_id = 9280113bcd17d8b3
start_time = 1682628697912369
end_time = 1682628697915304
inclusive_time = 2935
exclusive_time = 268
process_id = p6
operationName = UploadRating
serviceName = rating-service
call path = ->/wrk2-api/review/compose_nginx->/wrk2-api/review/compose_nginx->ComposeReview_nginx->UploadMovieId_movie-id-service
------------------------------------------------------------------------------------
span = 5
trace_id = 2664fc3582233ce2
span_id = 669c4c4f480b016e
parent_id = 847a80e94ff0c2a6
start_time = 1682628697912520
end_time = 1682628697915119
inclusive_time = 2599
exclusive_time = 971
process_id = p5
operationName = UploadRating
serviceName = compose-review-service
call path = ->/wrk2-api/review/compose_nginx->/wrk2-api/review/compose_nginx->ComposeReview_nginx->UploadMovieId_movie-id-service->UploadRating_rating-service
------------------------------------------------------------------------------------
span = 6
trace_id = 2664fc3582233ce2
span_id = 9d43a15a3f7d8b8c
parent_id = 669c4c4f480b016e
start_time = 1682628697913477
end_time = 1682628697914996
inclusive_time = 1519
exclusive_time = 17
process_id = p2
operationName = UploadMovieReview
serviceName = movie-review-service
call path = ->/wrk2-api/review/compose_nginx->/wrk2-api/review/compose_nginx->ComposeReview_nginx->UploadMovieId_movie-id-service->UploadRating_rating-service->UploadRating_compose-review-service
------------------------------------------------------------------------------------
span = 7
trace_id = 2664fc3582233ce2
span_id = 054b1118f350d943
parent_id = 9d43a15a3f7d8b8c
start_time = 1682628697913494
end_time = 1682628697914999
inclusive_time = 1505
exclusive_time = 1505
process_id = p2
operationName = MongoFindMovie
serviceName = movie-review-service
call path = ->/wrk2-api/review/compose_nginx->/wrk2-api/review/compose_nginx->ComposeReview_nginx->UploadMovieId_movie-id-service->UploadRating_rating-service->UploadRating_compose-review-service->UploadMovieReview_movie-review-service
------------------------------------------------------------------------------------
span = 8
trace_id = 2664fc3582233ce2
span_id = 2a801ba64e340169
parent_id = 9280113bcd17d8b3
start_time = 1682628697912223
end_time = 1682628697912304
inclusive_time = 81
exclusive_time = 81
process_id = p8
operationName = MmcSetMovieId
serviceName = movie-id-service
call path = ->/wrk2-api/review/compose_nginx->/wrk2-api/review/compose_nginx->ComposeReview_nginx->UploadMovieId_movie-id-service
------------------------------------------------------------------------------------
span = 9
trace_id = 2664fc3582233ce2
span_id = 6458029e072941db
parent_id = 9280113bcd17d8b3
start_time = 1682628697911981
end_time = 1682628697912078
inclusive_time = 97
exclusive_time = 97
process_id = p8
operationName = MmcGetMovieId
serviceName = movie-id-service
call path = ->/wrk2-api/review/compose_nginx->/wrk2-api/review/compose_nginx->ComposeReview_nginx->UploadMovieId_movie-id-service
------------------------------------------------------------------------------------
