span = 0
trace_id = 109bf26e1979608e
span_id = 109bf26e1979608e
parent_id = None
start_time = 1682685703030000
end_time = 1682685703030359
inclusive_time = 359
exclusive_time = 220
process_id = p1
operationName = 
serviceName = nginx
call path = 
------------------------------------------------------------------------------------
span = 1
trace_id = 109bf26e1979608e
span_id = 60ba34770de36cab
parent_id = 109bf26e1979608e
start_time = 1682685703030263
end_time = 1682685703030359
inclusive_time = 96
exclusive_time = 96
process_id = p1
operationName = 
serviceName = nginx
call path = ->_nginx
------------------------------------------------------------------------------------
span = 2
trace_id = 109bf26e1979608e
span_id = 89aa593e4c5819de
parent_id = 109bf26e1979608e
start_time = 1682685703030155
end_time = 1682685703030198
inclusive_time = 43
exclusive_time = 43
process_id = p1
operationName = 
serviceName = nginx
call path = ->_nginx
------------------------------------------------------------------------------------
