span = 0
span_id = dcca63c0c774e383
parent_id = None
start_time = 1682628698024000
end_time = 1682628698029171
inclusive_time = 5171
exclusive_time = 347
process_id = p1
operationName = /wrk2-api/review/compose
serviceName = nginx
------------------------------------------------------------------------------------
span = 1
span_id = 2ad2dd1b8a36e8b2
parent_id = dcca63c0c774e383
start_time = 1682628698024347
end_time = 1682628698029171
inclusive_time = 4824
exclusive_time = 96
process_id = p1
operationName = /wrk2-api/review/compose
serviceName = nginx
------------------------------------------------------------------------------------
span = 2
span_id = ac5c327efee17301
parent_id = 2ad2dd1b8a36e8b2
start_time = 1682628698024381
end_time = 1682628698029109
inclusive_time = 4728
exclusive_time = 303
process_id = p1
operationName = ComposeReview
serviceName = nginx
------------------------------------------------------------------------------------
span = 3
span_id = e28ed535fa6cc8e9
parent_id = ac5c327efee17301
start_time = 1682628698024672
end_time = 1682628698028995
inclusive_time = 4323
exclusive_time = 945
process_id = p8
operationName = UploadMovieId
serviceName = movie-id-service
------------------------------------------------------------------------------------
span = 4
span_id = a3abcc9ab6c93f97
parent_id = e28ed535fa6cc8e9
start_time = 1682628698025877
end_time = 1682628698028866
inclusive_time = 2989
exclusive_time = 247
process_id = p9
operationName = UploadRating
serviceName = rating-service
------------------------------------------------------------------------------------
span = 5
span_id = 18a599d82b184b94
parent_id = a3abcc9ab6c93f97
start_time = 1682628698026021
end_time = 1682628698028723
inclusive_time = 2702
exclusive_time = 1586
process_id = p3
operationName = UploadRating
serviceName = compose-review-service
------------------------------------------------------------------------------------
span = 6
span_id = 05b298ea4ef53369
parent_id = 18a599d82b184b94
start_time = 1682628698027276
end_time = 1682628698028354
inclusive_time = 1078
exclusive_time = 24
process_id = p4
operationName = UploadUserReview
serviceName = user-review-service
------------------------------------------------------------------------------------
span = 7
span_id = 647d7087c8ddd48a
parent_id = 05b298ea4ef53369
start_time = 1682628698027300
end_time = 1682628698028359
inclusive_time = 1059
exclusive_time = 1059
process_id = p4
operationName = MongoFindUser
serviceName = user-review-service
------------------------------------------------------------------------------------
span = 8
span_id = 0f04e8e64bc055ca
parent_id = e28ed535fa6cc8e9
start_time = 1682628698025558
end_time = 1682628698025659
inclusive_time = 101
exclusive_time = 101
process_id = p8
operationName = MmcSetMovieId
serviceName = movie-id-service
------------------------------------------------------------------------------------
span = 9
span_id = a44ada3b90dc197d
parent_id = e28ed535fa6cc8e9
start_time = 1682628698024684
end_time = 1682628698024771
inclusive_time = 87
exclusive_time = 87
process_id = p8
operationName = MmcGetMovieId
serviceName = movie-id-service
------------------------------------------------------------------------------------
