span = 0
span_id = 71073b8ab78c1f8a
parent_id = None
start_time = 1682628697983000
end_time = 1682628697988194
inclusive_time = 5194
exclusive_time = 36
process_id = p5
operationName = /wrk2-api/review/compose
serviceName = nginx
------------------------------------------------------------------------------------
span = 1
span_id = f1753dedf467790a
parent_id = 71073b8ab78c1f8a
start_time = 1682628697983036
end_time = 1682628697988194
inclusive_time = 5158
exclusive_time = 112
process_id = p5
operationName = /wrk2-api/review/compose
serviceName = nginx
------------------------------------------------------------------------------------
span = 2
span_id = 34f712068bec46e6
parent_id = f1753dedf467790a
start_time = 1682628697983085
end_time = 1682628697988131
inclusive_time = 5046
exclusive_time = 290
process_id = p5
operationName = ComposeReview
serviceName = nginx
------------------------------------------------------------------------------------
span = 3
span_id = 7056e16e08d176fd
parent_id = 34f712068bec46e6
start_time = 1682628697983428
end_time = 1682628697988045
inclusive_time = 4617
exclusive_time = 1286
process_id = p4
operationName = UploadMovieId
serviceName = movie-id-service
------------------------------------------------------------------------------------
span = 4
span_id = 703d2d54a9530361
parent_id = 7056e16e08d176fd
start_time = 1682628697983912
end_time = 1682628697987035
inclusive_time = 3123
exclusive_time = 402
process_id = p1
operationName = UploadRating
serviceName = rating-service
------------------------------------------------------------------------------------
span = 5
span_id = 7038d707521f4af9
parent_id = 703d2d54a9530361
start_time = 1682628697984147
end_time = 1682628697986790
inclusive_time = 2643
exclusive_time = 1195
process_id = p7
operationName = UploadRating
serviceName = compose-review-service
------------------------------------------------------------------------------------
span = 6
span_id = 3e0cee758fb0e20f
parent_id = 7038d707521f4af9
start_time = 1682628697985149
end_time = 1682628697986479
inclusive_time = 1330
exclusive_time = 29
process_id = p8
operationName = UploadUserReview
serviceName = user-review-service
------------------------------------------------------------------------------------
span = 7
span_id = 673503e152f5a4be
parent_id = 3e0cee758fb0e20f
start_time = 1682628697985178
end_time = 1682628697986489
inclusive_time = 1311
exclusive_time = 1311
process_id = p8
operationName = MongoFindUser
serviceName = user-review-service
------------------------------------------------------------------------------------
span = 8
span_id = b07f6623b260e06e
parent_id = 7056e16e08d176fd
start_time = 1682628697983766
end_time = 1682628697983872
inclusive_time = 106
exclusive_time = 106
process_id = p4
operationName = MmcSetMovieId
serviceName = movie-id-service
------------------------------------------------------------------------------------
span = 9
span_id = d66e5cf977a0679a
parent_id = 7056e16e08d176fd
start_time = 1682628697983446
end_time = 1682628697983548
inclusive_time = 102
exclusive_time = 102
process_id = p4
operationName = MmcGetMovieId
serviceName = movie-id-service
------------------------------------------------------------------------------------
