span = 0
trace_id = 8c9c65e3fb2867f9
span_id = 8c9c65e3fb2867f9
parent_id = None
start_time = 1682628697955000
end_time = 1682628697959047
inclusive_time = 4047
exclusive_time = 217
process_id = p8
operationName = /wrk2-api/review/compose
serviceName = nginx
------------------------------------------------------------------------------------
span = 1
trace_id = 8c9c65e3fb2867f9
span_id = 3fda34d7f774942f
parent_id = 8c9c65e3fb2867f9
start_time = 1682628697955216
end_time = 1682628697959046
inclusive_time = 3830
exclusive_time = 111
process_id = p8
operationName = /wrk2-api/review/compose
serviceName = nginx
------------------------------------------------------------------------------------
span = 2
trace_id = 8c9c65e3fb2867f9
span_id = abbec8d93338cf58
parent_id = 3fda34d7f774942f
start_time = 1682628697955263
end_time = 1682628697958982
inclusive_time = 3719
exclusive_time = 297
process_id = p8
operationName = ComposeReview
serviceName = nginx
------------------------------------------------------------------------------------
span = 3
trace_id = 8c9c65e3fb2867f9
span_id = cdbb8cd7b26340b3
parent_id = abbec8d93338cf58
start_time = 1682628697955710
end_time = 1682628697958900
inclusive_time = 3190
exclusive_time = 238
process_id = p10
operationName = UploadUniqueId
serviceName = unique-id-service
------------------------------------------------------------------------------------
span = 4
trace_id = 8c9c65e3fb2867f9
span_id = 4173c35936046ed7
parent_id = cdbb8cd7b26340b3
start_time = 1682628697955888
end_time = 1682628697958840
inclusive_time = 2952
exclusive_time = 1868
process_id = p3
operationName = UploadUniqueId
serviceName = compose-review-service
------------------------------------------------------------------------------------
span = 5
trace_id = 8c9c65e3fb2867f9
span_id = 78d28e421b35eb04
parent_id = 4173c35936046ed7
start_time = 1682628697957527
end_time = 1682628697958588
inclusive_time = 1061
exclusive_time = 22
process_id = p6
operationName = UploadMovieReview
serviceName = movie-review-service
------------------------------------------------------------------------------------
span = 6
trace_id = 8c9c65e3fb2867f9
span_id = 7629e076ee0f35dd
parent_id = 78d28e421b35eb04
start_time = 1682628697957549
end_time = 1682628697958593
inclusive_time = 1044
exclusive_time = 1044
process_id = p6
operationName = MongoFindMovie
serviceName = movie-review-service
------------------------------------------------------------------------------------
