span 0
span_id = fe866aa0783a7b01
parent_id = None
start_time = 1682628697867000
end_time = 1682628697872345
inclusive_time = 5345
exclusive_time = 612
process_id = p5
operationName = /wrk2-api/review/compose
serviceName = None
------------------------------------------------------------------------------------
span 1
span_id = d1748cf4c6cc5a5c
parent_id = fe866aa0783a7b01
start_time = 1682628697867612
end_time = 1682628697872345
inclusive_time = 4733
exclusive_time = 94
process_id = p5
operationName = /wrk2-api/review/compose
serviceName = None
------------------------------------------------------------------------------------
span 2
span_id = 91d79bf35c7aec45
parent_id = d1748cf4c6cc5a5c
start_time = 1682628697867647
end_time = 1682628697872286
inclusive_time = 4639
exclusive_time = 322
process_id = p5
operationName = ComposeReview
serviceName = None
------------------------------------------------------------------------------------
span 3
span_id = 2fbff849fb4ac68d
parent_id = 91d79bf35c7aec45
start_time = 1682628697867922
end_time = 1682628697872143
inclusive_time = 4221
exclusive_time = 332
process_id = p4
operationName = UploadMovieId
serviceName = None
------------------------------------------------------------------------------------
span 4
span_id = a7abd7391809aae8
parent_id = 2fbff849fb4ac68d
start_time = 1682628697868452
end_time = 1682628697872033
inclusive_time = 3581
exclusive_time = 297
process_id = p8
operationName = UploadRating
serviceName = None
------------------------------------------------------------------------------------
span 5
span_id = f017d529c79b279e
parent_id = a7abd7391809aae8
start_time = 1682628697868667
end_time = 1682628697871857
inclusive_time = 3190
exclusive_time = 1852
process_id = p3
operationName = UploadRating
serviceName = None
------------------------------------------------------------------------------------
span 6
span_id = 841a8fd2a87042b6
parent_id = f017d529c79b279e
start_time = 1682628697870169
end_time = 1682628697871444
inclusive_time = 1275
exclusive_time = 21
process_id = p6
operationName = UploadMovieReview
serviceName = None
------------------------------------------------------------------------------------
span 7
span_id = 24feead769e6054b
parent_id = 841a8fd2a87042b6
start_time = 1682628697870190
end_time = 1682628697871455
inclusive_time = 1265
exclusive_time = 1265
process_id = p6
operationName = MongoFindMovie
serviceName = None
------------------------------------------------------------------------------------
span 8
span_id = 8d59fbced8eebe36
parent_id = 2fbff849fb4ac68d
start_time = 1682628697868182
end_time = 1682628697868285
inclusive_time = 103
exclusive_time = 103
process_id = p4
operationName = MmcSetMovieId
serviceName = None
------------------------------------------------------------------------------------
span 9
span_id = 31ce7a1134e1fcad
parent_id = 2fbff849fb4ac68d
start_time = 1682628697867937
end_time = 1682628697868027
inclusive_time = 90
exclusive_time = 90
process_id = p4
operationName = MmcGetMovieId
serviceName = None
------------------------------------------------------------------------------------
