span = 0
trace_id = 59aa99820c5e6f76
span_id = 59aa99820c5e6f76
parent_id = None
start_time = 1682628698258000
end_time = 1682628698263119
inclusive_time = 5119
exclusive_time = 990
process_id = p3
operationName = /wrk2-api/review/compose
serviceName = nginx
------------------------------------------------------------------------------------
span = 1
trace_id = 59aa99820c5e6f76
span_id = 32becd34e38a55a7
parent_id = 59aa99820c5e6f76
start_time = 1682628698258990
end_time = 1682628698263119
inclusive_time = 4129
exclusive_time = 92
process_id = p3
operationName = /wrk2-api/review/compose
serviceName = nginx
------------------------------------------------------------------------------------
span = 2
trace_id = 59aa99820c5e6f76
span_id = ab367effa77b4294
parent_id = 32becd34e38a55a7
start_time = 1682628698259040
end_time = 1682628698263077
inclusive_time = 4037
exclusive_time = 655
process_id = p3
operationName = ComposeReview
serviceName = nginx
------------------------------------------------------------------------------------
span = 3
trace_id = 59aa99820c5e6f76
span_id = b091e9b9a3f4e568
parent_id = ab367effa77b4294
start_time = 1682628698259343
end_time = 1682628698262634
inclusive_time = 3291
exclusive_time = 418
process_id = p6
operationName = UploadMovieId
serviceName = movie-id-service
------------------------------------------------------------------------------------
span = 4
trace_id = 59aa99820c5e6f76
span_id = 1e3eb87574c161cc
parent_id = b091e9b9a3f4e568
start_time = 1682628698259788
end_time = 1682628698262465
inclusive_time = 2677
exclusive_time = 1449
process_id = p5
operationName = UploadMovieId
serviceName = compose-review-service
------------------------------------------------------------------------------------
span = 5
trace_id = 59aa99820c5e6f76
span_id = 054dc59d90dbefcc
parent_id = 1e3eb87574c161cc
start_time = 1682628698261167
end_time = 1682628698262354
inclusive_time = 1187
exclusive_time = 20
process_id = p1
operationName = UploadMovieReview
serviceName = movie-review-service
------------------------------------------------------------------------------------
span = 6
trace_id = 59aa99820c5e6f76
span_id = f9999cfebc9dfcfb
parent_id = 054dc59d90dbefcc
start_time = 1682628698261187
end_time = 1682628698262359
inclusive_time = 1172
exclusive_time = 1172
process_id = p1
operationName = MongoFindMovie
serviceName = movie-review-service
------------------------------------------------------------------------------------
span = 7
trace_id = 59aa99820c5e6f76
span_id = db549d2ab49f1fd9
parent_id = b091e9b9a3f4e568
start_time = 1682628698259670
end_time = 1682628698259781
inclusive_time = 111
exclusive_time = 111
process_id = p6
operationName = MmcSetMovieId
serviceName = movie-id-service
------------------------------------------------------------------------------------
span = 8
trace_id = 59aa99820c5e6f76
span_id = 619fc138c3bad896
parent_id = b091e9b9a3f4e568
start_time = 1682628698259359
end_time = 1682628698259444
inclusive_time = 85
exclusive_time = 85
process_id = p6
operationName = MmcGetMovieId
serviceName = movie-id-service
------------------------------------------------------------------------------------
