span = 0
trace_id = 2ed658a02d96966d
span_id = 2ed658a02d96966d
parent_id = None
start_time = 1682628698312000
end_time = 1682628698316436
inclusive_time = 4436
exclusive_time = 166
process_id = p10
operationName = /wrk2-api/review/compose
serviceName = nginx
call path = 
------------------------------------------------------------------------------------
span = 1
trace_id = 2ed658a02d96966d
span_id = 1eef07cd91fd6e0c
parent_id = 2ed658a02d96966d
start_time = 1682628698312166
end_time = 1682628698316436
inclusive_time = 4270
exclusive_time = 78
process_id = p10
operationName = /wrk2-api/review/compose
serviceName = nginx
call path = ->/wrk2-api/review/compose_nginx
------------------------------------------------------------------------------------
span = 2
trace_id = 2ed658a02d96966d
span_id = d5ee4b26361c6bc0
parent_id = 1eef07cd91fd6e0c
start_time = 1682628698312198
end_time = 1682628698316390
inclusive_time = 4192
exclusive_time = 398
process_id = p10
operationName = ComposeReview
serviceName = nginx
call path = ->/wrk2-api/review/compose_nginx->/wrk2-api/review/compose_nginx
------------------------------------------------------------------------------------
span = 3
trace_id = 2ed658a02d96966d
span_id = 9981f1622b8087c6
parent_id = d5ee4b26361c6bc0
start_time = 1682628698312465
end_time = 1682628698316136
inclusive_time = 3671
exclusive_time = 328
process_id = p2
operationName = UploadMovieId
serviceName = movie-id-service
call path = ->/wrk2-api/review/compose_nginx->/wrk2-api/review/compose_nginx->ComposeReview_nginx
------------------------------------------------------------------------------------
span = 4
trace_id = 2ed658a02d96966d
span_id = 0866c0e679cec24c
parent_id = 9981f1622b8087c6
start_time = 1682628698312860
end_time = 1682628698316030
inclusive_time = 3170
exclusive_time = 192
process_id = p9
operationName = UploadRating
serviceName = rating-service
call path = ->/wrk2-api/review/compose_nginx->/wrk2-api/review/compose_nginx->ComposeReview_nginx->UploadMovieId_movie-id-service
------------------------------------------------------------------------------------
span = 5
trace_id = 2ed658a02d96966d
span_id = f40c90fb563e1956
parent_id = 0866c0e679cec24c
start_time = 1682628698313025
end_time = 1682628698315926
inclusive_time = 2901
exclusive_time = 1683
process_id = p1
operationName = UploadRating
serviceName = compose-review-service
call path = ->/wrk2-api/review/compose_nginx->/wrk2-api/review/compose_nginx->ComposeReview_nginx->UploadMovieId_movie-id-service->UploadRating_rating-service
------------------------------------------------------------------------------------
span = 6
trace_id = 2ed658a02d96966d
span_id = a0d3c224933935cc
parent_id = f40c90fb563e1956
start_time = 1682628698314430
end_time = 1682628698315626
inclusive_time = 1196
exclusive_time = 18
process_id = p6
operationName = UploadUserReview
serviceName = user-review-service
call path = ->/wrk2-api/review/compose_nginx->/wrk2-api/review/compose_nginx->ComposeReview_nginx->UploadMovieId_movie-id-service->UploadRating_rating-service->UploadRating_compose-review-service
------------------------------------------------------------------------------------
span = 7
trace_id = 2ed658a02d96966d
span_id = c8077e448dfaf618
parent_id = a0d3c224933935cc
start_time = 1682628698314448
end_time = 1682628698315634
inclusive_time = 1186
exclusive_time = 1186
process_id = p6
operationName = MongoFindUser
serviceName = user-review-service
call path = ->/wrk2-api/review/compose_nginx->/wrk2-api/review/compose_nginx->ComposeReview_nginx->UploadMovieId_movie-id-service->UploadRating_rating-service->UploadRating_compose-review-service->UploadUserReview_user-review-service
------------------------------------------------------------------------------------
span = 8
trace_id = 2ed658a02d96966d
span_id = 485373f715c84aad
parent_id = 9981f1622b8087c6
start_time = 1682628698312703
end_time = 1682628698312791
inclusive_time = 88
exclusive_time = 88
process_id = p2
operationName = MmcSetMovieId
serviceName = movie-id-service
call path = ->/wrk2-api/review/compose_nginx->/wrk2-api/review/compose_nginx->ComposeReview_nginx->UploadMovieId_movie-id-service
------------------------------------------------------------------------------------
span = 9
trace_id = 2ed658a02d96966d
span_id = 8bf6daab5a626367
parent_id = 9981f1622b8087c6
start_time = 1682628698312482
end_time = 1682628698312567
inclusive_time = 85
exclusive_time = 85
process_id = p2
operationName = MmcGetMovieId
serviceName = movie-id-service
call path = ->/wrk2-api/review/compose_nginx->/wrk2-api/review/compose_nginx->ComposeReview_nginx->UploadMovieId_movie-id-service
------------------------------------------------------------------------------------
