span = 0
trace_id = 01a9e9f98d9aa0fe
span_id = 01a9e9f98d9aa0fe
parent_id = None
start_time = 1682628698205000
end_time = 1682628698209029
inclusive_time = 4029
exclusive_time = 463
process_id = p7
operationName = /wrk2-api/review/compose
serviceName = nginx
------------------------------------------------------------------------------------
span = 1
trace_id = 01a9e9f98d9aa0fe
span_id = f212465d1c9826f8
parent_id = 01a9e9f98d9aa0fe
start_time = 1682628698205463
end_time = 1682628698209029
inclusive_time = 3566
exclusive_time = 101
process_id = p7
operationName = /wrk2-api/review/compose
serviceName = nginx
------------------------------------------------------------------------------------
span = 2
trace_id = 01a9e9f98d9aa0fe
span_id = 551eeaf4164a8069
parent_id = f212465d1c9826f8
start_time = 1682628698205506
end_time = 1682628698208971
inclusive_time = 3465
exclusive_time = 275
process_id = p7
operationName = ComposeReview
serviceName = nginx
------------------------------------------------------------------------------------
span = 3
trace_id = 01a9e9f98d9aa0fe
span_id = 8db327508d543ca4
parent_id = 551eeaf4164a8069
start_time = 1682628698206335
end_time = 1682628698208889
inclusive_time = 2554
exclusive_time = 233
process_id = p8
operationName = UploadUniqueId
serviceName = unique-id-service
------------------------------------------------------------------------------------
span = 4
trace_id = 01a9e9f98d9aa0fe
span_id = 9217203ddd4c0e92
parent_id = 8db327508d543ca4
start_time = 1682628698206491
end_time = 1682628698208812
inclusive_time = 2321
exclusive_time = 1249
process_id = p3
operationName = UploadUniqueId
serviceName = compose-review-service
------------------------------------------------------------------------------------
span = 5
trace_id = 01a9e9f98d9aa0fe
span_id = a6dd11a8c2945652
parent_id = 9217203ddd4c0e92
start_time = 1682628698207475
end_time = 1682628698208499
inclusive_time = 1024
exclusive_time = 17
process_id = p5
operationName = UploadMovieReview
serviceName = movie-review-service
------------------------------------------------------------------------------------
span = 6
trace_id = 01a9e9f98d9aa0fe
span_id = 876fc6a34e7f306d
parent_id = a6dd11a8c2945652
start_time = 1682628698207492
end_time = 1682628698208504
inclusive_time = 1012
exclusive_time = 1012
process_id = p5
operationName = MongoFindMovie
serviceName = movie-review-service
------------------------------------------------------------------------------------
