span = 0
span_id = 16c099059a23a6c5
parent_id = None
start_time = 1682628698109000
end_time = 1682628698113646
inclusive_time = 4646
exclusive_time = 405
process_id = p6
operationName = /wrk2-api/review/compose
serviceName = nginx
------------------------------------------------------------------------------------
span = 1
span_id = 533a204e9a5b7f85
parent_id = 16c099059a23a6c5
start_time = 1682628698109404
end_time = 1682628698113645
inclusive_time = 4241
exclusive_time = 99
process_id = p6
operationName = /wrk2-api/review/compose
serviceName = nginx
------------------------------------------------------------------------------------
span = 2
span_id = a498b7a583c65772
parent_id = 533a204e9a5b7f85
start_time = 1682628698109438
end_time = 1682628698113580
inclusive_time = 4142
exclusive_time = 460
process_id = p6
operationName = ComposeReview
serviceName = nginx
------------------------------------------------------------------------------------
span = 3
span_id = bb9cbe96740f2506
parent_id = a498b7a583c65772
start_time = 1682628698109747
end_time = 1682628698113304
inclusive_time = 3557
exclusive_time = 455
process_id = p3
operationName = UploadMovieId
serviceName = movie-id-service
------------------------------------------------------------------------------------
span = 4
span_id = cd34104ec6012bd4
parent_id = bb9cbe96740f2506
start_time = 1682628698110367
end_time = 1682628698113164
inclusive_time = 2797
exclusive_time = 275
process_id = p5
operationName = UploadRating
serviceName = rating-service
------------------------------------------------------------------------------------
span = 5
span_id = cd05bcbd8f64e0f4
parent_id = cd34104ec6012bd4
start_time = 1682628698110519
end_time = 1682628698113041
inclusive_time = 2522
exclusive_time = 1032
process_id = p1
operationName = UploadRating
serviceName = compose-review-service
------------------------------------------------------------------------------------
span = 6
span_id = 5e25a28b78d54701
parent_id = cd05bcbd8f64e0f4
start_time = 1682628698111494
end_time = 1682628698112934
inclusive_time = 1440
exclusive_time = 18
process_id = p7
operationName = UploadMovieReview
serviceName = movie-review-service
------------------------------------------------------------------------------------
span = 7
span_id = 1cf98ad1b053f53d
parent_id = 5e25a28b78d54701
start_time = 1682628698111512
end_time = 1682628698112938
inclusive_time = 1426
exclusive_time = 1426
process_id = p7
operationName = MongoFindMovie
serviceName = movie-review-service
------------------------------------------------------------------------------------
span = 8
span_id = 8561c6788fc2a4b7
parent_id = bb9cbe96740f2506
start_time = 1682628698110045
end_time = 1682628698110144
inclusive_time = 99
exclusive_time = 99
process_id = p3
operationName = MmcSetMovieId
serviceName = movie-id-service
------------------------------------------------------------------------------------
span = 9
span_id = 916e3125234ae544
parent_id = bb9cbe96740f2506
start_time = 1682628698109764
end_time = 1682628698109862
inclusive_time = 98
exclusive_time = 98
process_id = p3
operationName = MmcGetMovieId
serviceName = movie-id-service
------------------------------------------------------------------------------------
