span = 0
span_id = 555e5c45ab9841f4
parent_id = None
start_time = 1682628698297000
end_time = 1682628698302036
inclusive_time = 5036
exclusive_time = 1025
process_id = p1
operationName = /wrk2-api/review/compose
serviceName = nginx
------------------------------------------------------------------------------------
span = 1
span_id = abd25cb41fcdbd6c
parent_id = 555e5c45ab9841f4
start_time = 1682628698298025
end_time = 1682628698302036
inclusive_time = 4011
exclusive_time = 99
process_id = p1
operationName = /wrk2-api/review/compose
serviceName = nginx
------------------------------------------------------------------------------------
span = 2
span_id = 6d1f4a92d5cda52a
parent_id = abd25cb41fcdbd6c
start_time = 1682628698298069
end_time = 1682628698301981
inclusive_time = 3912
exclusive_time = 339
process_id = p1
operationName = ComposeReview
serviceName = nginx
------------------------------------------------------------------------------------
span = 3
span_id = f4f8a2e9d112fe5c
parent_id = 6d1f4a92d5cda52a
start_time = 1682628698298326
end_time = 1682628698301899
inclusive_time = 3573
exclusive_time = 438
process_id = p4
operationName = UploadMovieId
serviceName = movie-id-service
------------------------------------------------------------------------------------
span = 4
span_id = 1a99c469eadf5bdd
parent_id = f4f8a2e9d112fe5c
start_time = 1682628698298860
end_time = 1682628698301666
inclusive_time = 2806
exclusive_time = 283
process_id = p10
operationName = UploadRating
serviceName = rating-service
------------------------------------------------------------------------------------
span = 5
span_id = 6b644f41884ae76a
parent_id = 1a99c469eadf5bdd
start_time = 1682628698299064
end_time = 1682628698301568
inclusive_time = 2504
exclusive_time = 1134
process_id = p3
operationName = UploadRating
serviceName = compose-review-service
------------------------------------------------------------------------------------
span = 6
span_id = 2b08777dbfa7f60a
parent_id = 6b644f41884ae76a
start_time = 1682628698300288
end_time = 1682628698301446
inclusive_time = 1158
exclusive_time = 36
process_id = p7
operationName = UploadMovieReview
serviceName = movie-review-service
------------------------------------------------------------------------------------
span = 7
span_id = 78275b1d5e3ce647
parent_id = 2b08777dbfa7f60a
start_time = 1682628698300324
end_time = 1682628698301452
inclusive_time = 1128
exclusive_time = 1128
process_id = p7
operationName = MongoFindMovie
serviceName = movie-review-service
------------------------------------------------------------------------------------
span = 8
span_id = 5a651db90b1f57e1
parent_id = f4f8a2e9d112fe5c
start_time = 1682628698298579
end_time = 1682628698298796
inclusive_time = 217
exclusive_time = 217
process_id = p4
operationName = MmcSetMovieId
serviceName = movie-id-service
------------------------------------------------------------------------------------
span = 9
span_id = 1d106d6f30bf8972
parent_id = f4f8a2e9d112fe5c
start_time = 1682628698298338
end_time = 1682628698298450
inclusive_time = 112
exclusive_time = 112
process_id = p4
operationName = MmcGetMovieId
serviceName = movie-id-service
------------------------------------------------------------------------------------
