span = 0
span_id = ea885565e3501bb5
parent_id = None
start_time = 1682628698175000
end_time = 1682628698179978
inclusive_time = 4978
exclusive_time = 879
process_id = p3
operationName = /wrk2-api/review/compose
serviceName = nginx
------------------------------------------------------------------------------------
span = 1
span_id = 9303a84ba853459e
parent_id = ea885565e3501bb5
start_time = 1682628698175879
end_time = 1682628698179978
inclusive_time = 4099
exclusive_time = 101
process_id = p3
operationName = /wrk2-api/review/compose
serviceName = nginx
------------------------------------------------------------------------------------
span = 2
span_id = 54006cc3cde937d3
parent_id = 9303a84ba853459e
start_time = 1682628698175918
end_time = 1682628698179916
inclusive_time = 3998
exclusive_time = 554
process_id = p3
operationName = ComposeReview
serviceName = nginx
------------------------------------------------------------------------------------
span = 3
span_id = e3b18be372624f70
parent_id = 54006cc3cde937d3
start_time = 1682628698176388
end_time = 1682628698179533
inclusive_time = 3145
exclusive_time = 230
process_id = p8
operationName = UploadUniqueId
serviceName = unique-id-service
------------------------------------------------------------------------------------
span = 4
span_id = d59346814beb2c26
parent_id = e3b18be372624f70
start_time = 1682628698176553
end_time = 1682628698179468
inclusive_time = 2915
exclusive_time = 1572
process_id = p1
operationName = UploadUniqueId
serviceName = compose-review-service
------------------------------------------------------------------------------------
span = 5
span_id = 12575e231f19aa2b
parent_id = d59346814beb2c26
start_time = 1682628698177974
end_time = 1682628698179280
inclusive_time = 1306
exclusive_time = 25
process_id = p5
operationName = UploadUserReview
serviceName = user-review-service
------------------------------------------------------------------------------------
span = 6
span_id = b2e3425bf69abe37
parent_id = 12575e231f19aa2b
start_time = 1682628698177999
end_time = 1682628698179283
inclusive_time = 1284
exclusive_time = 1284
process_id = p5
operationName = MongoFindUser
serviceName = user-review-service
------------------------------------------------------------------------------------
