span = 0
trace_id = 450a7c9748ab794e
span_id = 450a7c9748ab794e
parent_id = None
start_time = 1682628698297000
end_time = 1682628698301821
inclusive_time = 4821
exclusive_time = 1063
process_id = p1
operationName = /wrk2-api/review/compose
serviceName = nginx
call path = 
------------------------------------------------------------------------------------
span = 1
trace_id = 450a7c9748ab794e
span_id = aaab638868a4a898
parent_id = 450a7c9748ab794e
start_time = 1682628698298062
end_time = 1682628698301820
inclusive_time = 3758
exclusive_time = 95
process_id = p1
operationName = /wrk2-api/review/compose
serviceName = nginx
call path = ->/wrk2-api/review/compose_nginx
------------------------------------------------------------------------------------
span = 2
trace_id = 450a7c9748ab794e
span_id = cf356304d4ff9320
parent_id = aaab638868a4a898
start_time = 1682628698298098
end_time = 1682628698301761
inclusive_time = 3663
exclusive_time = 244
process_id = p1
operationName = ComposeReview
serviceName = nginx
call path = ->/wrk2-api/review/compose_nginx->/wrk2-api/review/compose_nginx
------------------------------------------------------------------------------------
span = 3
trace_id = 450a7c9748ab794e
span_id = 6e2efc04b8933c22
parent_id = cf356304d4ff9320
start_time = 1682628698298336
end_time = 1682628698301680
inclusive_time = 3344
exclusive_time = 348
process_id = p4
operationName = UploadMovieId
serviceName = movie-id-service
call path = ->/wrk2-api/review/compose_nginx->/wrk2-api/review/compose_nginx->ComposeReview_nginx
------------------------------------------------------------------------------------
span = 4
trace_id = 450a7c9748ab794e
span_id = dd93e6516c5d7fab
parent_id = 6e2efc04b8933c22
start_time = 1682628698298863
end_time = 1682628698301561
inclusive_time = 2698
exclusive_time = 323
process_id = p10
operationName = UploadRating
serviceName = rating-service
call path = ->/wrk2-api/review/compose_nginx->/wrk2-api/review/compose_nginx->ComposeReview_nginx->UploadMovieId_movie-id-service
------------------------------------------------------------------------------------
span = 5
trace_id = 450a7c9748ab794e
span_id = 7420ef2b456509be
parent_id = dd93e6516c5d7fab
start_time = 1682628698299027
end_time = 1682628698301402
inclusive_time = 2375
exclusive_time = 1272
process_id = p3
operationName = UploadRating
serviceName = compose-review-service
call path = ->/wrk2-api/review/compose_nginx->/wrk2-api/review/compose_nginx->ComposeReview_nginx->UploadMovieId_movie-id-service->UploadRating_rating-service
------------------------------------------------------------------------------------
span = 6
trace_id = 450a7c9748ab794e
span_id = f8f0e6a8f12f2c8a
parent_id = 7420ef2b456509be
start_time = 1682628698300229
end_time = 1682628698301268
inclusive_time = 1039
exclusive_time = 18
process_id = p7
operationName = UploadMovieReview
serviceName = movie-review-service
call path = ->/wrk2-api/review/compose_nginx->/wrk2-api/review/compose_nginx->ComposeReview_nginx->UploadMovieId_movie-id-service->UploadRating_rating-service->UploadRating_compose-review-service
------------------------------------------------------------------------------------
span = 7
trace_id = 450a7c9748ab794e
span_id = 44d87a99d8c1a1f1
parent_id = f8f0e6a8f12f2c8a
start_time = 1682628698300247
end_time = 1682628698301275
inclusive_time = 1028
exclusive_time = 1028
process_id = p7
operationName = MongoFindMovie
serviceName = movie-review-service
call path = ->/wrk2-api/review/compose_nginx->/wrk2-api/review/compose_nginx->ComposeReview_nginx->UploadMovieId_movie-id-service->UploadRating_rating-service->UploadRating_compose-review-service->UploadMovieReview_movie-review-service
------------------------------------------------------------------------------------
span = 8
trace_id = 450a7c9748ab794e
span_id = df0d73fdc3eecec1
parent_id = 6e2efc04b8933c22
start_time = 1682628698298622
end_time = 1682628698298755
inclusive_time = 133
exclusive_time = 133
process_id = p4
operationName = MmcSetMovieId
serviceName = movie-id-service
call path = ->/wrk2-api/review/compose_nginx->/wrk2-api/review/compose_nginx->ComposeReview_nginx->UploadMovieId_movie-id-service
------------------------------------------------------------------------------------
span = 9
trace_id = 450a7c9748ab794e
span_id = 82e7e66fc77f5d68
parent_id = 6e2efc04b8933c22
start_time = 1682628698298348
end_time = 1682628698298476
inclusive_time = 128
exclusive_time = 128
process_id = p4
operationName = MmcGetMovieId
serviceName = movie-id-service
call path = ->/wrk2-api/review/compose_nginx->/wrk2-api/review/compose_nginx->ComposeReview_nginx->UploadMovieId_movie-id-service
------------------------------------------------------------------------------------
