span 0
span_id = 8a0f951a5973f7f5
parent_id = None
start_time = 1682628698111000
end_time = 1682628698115730
inclusive_time = 4730
exclusive_time = 828
process_id = p7
operationName = /wrk2-api/review/compose
serviceName = None
------------------------------------------------------------------------------------
span 1
span_id = 9e73704213004153
parent_id = 8a0f951a5973f7f5
start_time = 1682628698111828
end_time = 1682628698115730
inclusive_time = 3902
exclusive_time = 109
process_id = p7
operationName = /wrk2-api/review/compose
serviceName = None
------------------------------------------------------------------------------------
span 2
span_id = 256b1c246da51f26
parent_id = 9e73704213004153
start_time = 1682628698111872
end_time = 1682628698115665
inclusive_time = 3793
exclusive_time = 293
process_id = p7
operationName = ComposeReview
serviceName = None
------------------------------------------------------------------------------------
span 3
span_id = b6af5c4b3794d984
parent_id = 256b1c246da51f26
start_time = 1682628698112201
end_time = 1682628698115570
inclusive_time = 3369
exclusive_time = 329
process_id = p3
operationName = UploadMovieId
serviceName = None
------------------------------------------------------------------------------------
span 4
span_id = f55e99b91669be9f
parent_id = b6af5c4b3794d984
start_time = 1682628698112664
end_time = 1682628698115442
inclusive_time = 2778
exclusive_time = 294
process_id = p5
operationName = UploadRating
serviceName = None
------------------------------------------------------------------------------------
span 5
span_id = 996a39575785c4fa
parent_id = f55e99b91669be9f
start_time = 1682628698112844
end_time = 1682628698115263
inclusive_time = 2419
exclusive_time = 1112
process_id = p1
operationName = UploadRating
serviceName = None
------------------------------------------------------------------------------------
span 6
span_id = 0229526d3331896e
parent_id = 996a39575785c4fa
start_time = 1682628698113905
end_time = 1682628698115073
inclusive_time = 1168
exclusive_time = 23
process_id = p6
operationName = UploadMovieReview
serviceName = None
------------------------------------------------------------------------------------
span 7
span_id = 54fade01e004e428
parent_id = 0229526d3331896e
start_time = 1682628698113928
end_time = 1682628698115078
inclusive_time = 1150
exclusive_time = 1150
process_id = p6
operationName = MongoFindMovie
serviceName = None
------------------------------------------------------------------------------------
span 8
span_id = 52c8c8abf0e343ed
parent_id = b6af5c4b3794d984
start_time = 1682628698112442
end_time = 1682628698112546
inclusive_time = 104
exclusive_time = 104
process_id = p3
operationName = MmcSetMovieId
serviceName = None
------------------------------------------------------------------------------------
span 9
span_id = 082bc8c4a6aa75b3
parent_id = b6af5c4b3794d984
start_time = 1682628698112218
end_time = 1682628698112301
inclusive_time = 83
exclusive_time = 83
process_id = p3
operationName = MmcGetMovieId
serviceName = None
------------------------------------------------------------------------------------
