span 0
span_id = e8e836a8e4e80864
parent_id = None
start_time = 1682628698298000
end_time = 1682628698304767
inclusive_time = 6767
exclusive_time = 932
process_id = p10
operationName = /wrk2-api/review/compose
serviceName = None
------------------------------------------------------------------------------------
span 1
span_id = ef3251072c82843b
parent_id = e8e836a8e4e80864
start_time = 1682628698298932
end_time = 1682628698304767
inclusive_time = 5835
exclusive_time = 119
process_id = p10
operationName = /wrk2-api/review/compose
serviceName = None
------------------------------------------------------------------------------------
span 2
span_id = 465d1dad1011ba32
parent_id = ef3251072c82843b
start_time = 1682628698298998
end_time = 1682628698304714
inclusive_time = 5716
exclusive_time = 805
process_id = p10
operationName = ComposeReview
serviceName = None
------------------------------------------------------------------------------------
span 3
span_id = 3f0881b6131b8290
parent_id = 465d1dad1011ba32
start_time = 1682628698299467
end_time = 1682628698304120
inclusive_time = 4653
exclusive_time = 381
process_id = p3
operationName = UploadMovieId
serviceName = None
------------------------------------------------------------------------------------
span 4
span_id = a74d9c3420fcef8a
parent_id = 3f0881b6131b8290
start_time = 1682628698300337
end_time = 1682628698303933
inclusive_time = 3596
exclusive_time = 442
process_id = p9
operationName = UploadRating
serviceName = None
------------------------------------------------------------------------------------
span 5
span_id = 601b74bc4ede5525
parent_id = a74d9c3420fcef8a
start_time = 1682628698300528
end_time = 1682628698303682
inclusive_time = 3154
exclusive_time = 1547
process_id = p2
operationName = UploadRating
serviceName = None
------------------------------------------------------------------------------------
span 6
span_id = f02dd32b26d47883
parent_id = 601b74bc4ede5525
start_time = 1682628698301664
end_time = 1682628698303271
inclusive_time = 1607
exclusive_time = 18
process_id = p1
operationName = UploadUserReview
serviceName = None
------------------------------------------------------------------------------------
span 7
span_id = 2cc65137cd4ae846
parent_id = f02dd32b26d47883
start_time = 1682628698301682
end_time = 1682628698303275
inclusive_time = 1593
exclusive_time = 1593
process_id = p1
operationName = MongoFindUser
serviceName = None
------------------------------------------------------------------------------------
span 8
span_id = cf88ecaf62d85210
parent_id = 3f0881b6131b8290
start_time = 1682628698300071
end_time = 1682628698300223
inclusive_time = 152
exclusive_time = 152
process_id = p3
operationName = MmcSetMovieId
serviceName = None
------------------------------------------------------------------------------------
span 9
span_id = 02da8a935b71f6f1
parent_id = 3f0881b6131b8290
start_time = 1682628698299488
end_time = 1682628698299937
inclusive_time = 449
exclusive_time = 449
process_id = p3
operationName = MmcGetMovieId
serviceName = None
------------------------------------------------------------------------------------
