span = 0
trace_id = a5c323a17fd6c5f5
span_id = a5c323a17fd6c5f5
parent_id = None
start_time = 1682675734625000
end_time = 1682675734625525
inclusive_time = 525
exclusive_time = 417
process_id = p1
operationName = 
serviceName = nginx
call path = 
------------------------------------------------------------------------------------
span = 1
trace_id = a5c323a17fd6c5f5
span_id = f2da2a8ec290ac06
parent_id = a5c323a17fd6c5f5
start_time = 1682675734625416
end_time = 1682675734625524
inclusive_time = 108
exclusive_time = 108
process_id = p1
operationName = 
serviceName = nginx
call path = ->_nginx
------------------------------------------------------------------------------------
