span = 0
trace_id = 2feba637d6862e38
span_id = 2feba637d6862e38
parent_id = None
start_time = 1682628697878000
end_time = 1682628697882925
inclusive_time = 4925
exclusive_time = 775
process_id = p4
operationName = /wrk2-api/review/compose
serviceName = nginx
------------------------------------------------------------------------------------
span = 1
trace_id = 2feba637d6862e38
span_id = d91a2a56e43bbe22
parent_id = 2feba637d6862e38
start_time = 1682628697878774
end_time = 1682628697882924
inclusive_time = 4150
exclusive_time = 124
process_id = p4
operationName = /wrk2-api/review/compose
serviceName = nginx
------------------------------------------------------------------------------------
span = 2
trace_id = 2feba637d6862e38
span_id = 37a79a26e5837203
parent_id = d91a2a56e43bbe22
start_time = 1682628697878846
end_time = 1682628697882872
inclusive_time = 4026
exclusive_time = 446
process_id = p4
operationName = ComposeReview
serviceName = nginx
------------------------------------------------------------------------------------
span = 3
trace_id = 2feba637d6862e38
span_id = af8aff39d9bd8cea
parent_id = 37a79a26e5837203
start_time = 1682628697879212
end_time = 1682628697882792
inclusive_time = 3580
exclusive_time = 382
process_id = p3
operationName = UploadMovieId
serviceName = movie-id-service
------------------------------------------------------------------------------------
span = 4
trace_id = 2feba637d6862e38
span_id = e922234f1e225176
parent_id = af8aff39d9bd8cea
start_time = 1682628697879786
end_time = 1682628697882653
inclusive_time = 2867
exclusive_time = 301
process_id = p7
operationName = UploadRating
serviceName = rating-service
------------------------------------------------------------------------------------
span = 5
trace_id = 2feba637d6862e38
span_id = 5547b0cc2b52d82c
parent_id = e922234f1e225176
start_time = 1682628697879967
end_time = 1682628697882533
inclusive_time = 2566
exclusive_time = 1172
process_id = p2
operationName = UploadRating
serviceName = compose-review-service
------------------------------------------------------------------------------------
span = 6
trace_id = 2feba637d6862e38
span_id = 58952e6ca0a455f2
parent_id = 5547b0cc2b52d82c
start_time = 1682628697881174
end_time = 1682628697882423
inclusive_time = 1249
exclusive_time = 28
process_id = p5
operationName = UploadMovieReview
serviceName = movie-review-service
------------------------------------------------------------------------------------
span = 7
trace_id = 2feba637d6862e38
span_id = a1a120e42fcc89c7
parent_id = 58952e6ca0a455f2
start_time = 1682628697881202
end_time = 1682628697882427
inclusive_time = 1225
exclusive_time = 1225
process_id = p5
operationName = MongoFindMovie
serviceName = movie-review-service
------------------------------------------------------------------------------------
span = 8
trace_id = 2feba637d6862e38
span_id = f44ce1ac0a66ac0d
parent_id = af8aff39d9bd8cea
start_time = 1682628697879583
end_time = 1682628697879688
inclusive_time = 105
exclusive_time = 105
process_id = p3
operationName = MmcSetMovieId
serviceName = movie-id-service
------------------------------------------------------------------------------------
span = 9
trace_id = 2feba637d6862e38
span_id = a42561e63e086010
parent_id = af8aff39d9bd8cea
start_time = 1682628697879231
end_time = 1682628697879422
inclusive_time = 191
exclusive_time = 191
process_id = p3
operationName = MmcGetMovieId
serviceName = movie-id-service
------------------------------------------------------------------------------------
