span = 0
span_id = 81165ea15949c46c
parent_id = None
start_time = 1682628697926000
end_time = 1682628697930393
inclusive_time = 4393
exclusive_time = 646
process_id = p7
operationName = /wrk2-api/review/compose
serviceName = nginx
------------------------------------------------------------------------------------
span = 1
span_id = d3fdc56b8944e684
parent_id = 81165ea15949c46c
start_time = 1682628697926646
end_time = 1682628697930393
inclusive_time = 3747
exclusive_time = 143
process_id = p7
operationName = /wrk2-api/review/compose
serviceName = nginx
------------------------------------------------------------------------------------
span = 2
span_id = 38580515b49fbace
parent_id = d3fdc56b8944e684
start_time = 1682628697926727
end_time = 1682628697930331
inclusive_time = 3604
exclusive_time = 251
process_id = p7
operationName = ComposeReview
serviceName = nginx
------------------------------------------------------------------------------------
span = 3
span_id = d5833acd22d30472
parent_id = 38580515b49fbace
start_time = 1682628697926979
end_time = 1682628697930250
inclusive_time = 3271
exclusive_time = 274
process_id = p8
operationName = UploadMovieId
serviceName = movie-id-service
------------------------------------------------------------------------------------
span = 4
span_id = 2cc4279be06b394c
parent_id = d5833acd22d30472
start_time = 1682628697927387
end_time = 1682628697930141
inclusive_time = 2754
exclusive_time = 173
process_id = p5
operationName = UploadRating
serviceName = rating-service
------------------------------------------------------------------------------------
span = 5
span_id = c6124bc84c6b5fe6
parent_id = 2cc4279be06b394c
start_time = 1682628697927551
end_time = 1682628697930045
inclusive_time = 2494
exclusive_time = 1346
process_id = p4
operationName = UploadRating
serviceName = compose-review-service
------------------------------------------------------------------------------------
span = 6
span_id = 9f4b1a67dca9129e
parent_id = c6124bc84c6b5fe6
start_time = 1682628697928849
end_time = 1682628697929912
inclusive_time = 1063
exclusive_time = 19
process_id = p3
operationName = UploadUserReview
serviceName = user-review-service
------------------------------------------------------------------------------------
span = 7
span_id = 472ddde4c9de3e59
parent_id = 9f4b1a67dca9129e
start_time = 1682628697928868
end_time = 1682628697929916
inclusive_time = 1048
exclusive_time = 1048
process_id = p3
operationName = MongoFindUser
serviceName = user-review-service
------------------------------------------------------------------------------------
span = 8
span_id = de2767badc61e0da
parent_id = d5833acd22d30472
start_time = 1682628697927243
end_time = 1682628697927348
inclusive_time = 105
exclusive_time = 105
process_id = p8
operationName = MmcSetMovieId
serviceName = movie-id-service
------------------------------------------------------------------------------------
span = 9
span_id = fbba2e534dd4d549
parent_id = d5833acd22d30472
start_time = 1682628697927003
end_time = 1682628697927123
inclusive_time = 120
exclusive_time = 120
process_id = p8
operationName = MmcGetMovieId
serviceName = movie-id-service
------------------------------------------------------------------------------------
