span = 0
trace_id = a047e3046ea417b7
span_id = a047e3046ea417b7
parent_id = None
start_time = 1682628698013000
end_time = 1682628698017587
inclusive_time = 4587
exclusive_time = 943
process_id = p3
operationName = /wrk2-api/review/compose
serviceName = nginx
------------------------------------------------------------------------------------
span = 1
trace_id = a047e3046ea417b7
span_id = cd55f41ea8a96bb3
parent_id = a047e3046ea417b7
start_time = 1682628698013943
end_time = 1682628698017587
inclusive_time = 3644
exclusive_time = 99
process_id = p3
operationName = /wrk2-api/review/compose
serviceName = nginx
------------------------------------------------------------------------------------
span = 2
trace_id = a047e3046ea417b7
span_id = 9cd099b7af65f5fa
parent_id = cd55f41ea8a96bb3
start_time = 1682628698013977
end_time = 1682628698017522
inclusive_time = 3545
exclusive_time = 281
process_id = p3
operationName = ComposeReview
serviceName = nginx
------------------------------------------------------------------------------------
span = 3
trace_id = a047e3046ea417b7
span_id = beae61be15d5803b
parent_id = 9cd099b7af65f5fa
start_time = 1682628698014229
end_time = 1682628698017449
inclusive_time = 3220
exclusive_time = 256
process_id = p2
operationName = UploadMovieId
serviceName = movie-id-service
------------------------------------------------------------------------------------
span = 4
trace_id = a047e3046ea417b7
span_id = f218589c23f338dd
parent_id = beae61be15d5803b
start_time = 1682628698014659
end_time = 1682628698017347
inclusive_time = 2688
exclusive_time = 277
process_id = p9
operationName = UploadRating
serviceName = rating-service
------------------------------------------------------------------------------------
span = 5
trace_id = a047e3046ea417b7
span_id = 04dc1925908f5dd9
parent_id = f218589c23f338dd
start_time = 1682628698014908
end_time = 1682628698017246
inclusive_time = 2338
exclusive_time = 955
process_id = p5
operationName = UploadRating
serviceName = compose-review-service
------------------------------------------------------------------------------------
span = 6
trace_id = a047e3046ea417b7
span_id = e18fc47f5b9b3717
parent_id = 04dc1925908f5dd9
start_time = 1682628698016002
end_time = 1682628698017127
inclusive_time = 1125
exclusive_time = 35
process_id = p1
operationName = UploadMovieReview
serviceName = movie-review-service
------------------------------------------------------------------------------------
span = 7
trace_id = a047e3046ea417b7
span_id = fc93b3457f1718ef
parent_id = e18fc47f5b9b3717
start_time = 1682628698016037
end_time = 1682628698017133
inclusive_time = 1096
exclusive_time = 1096
process_id = p1
operationName = MongoFindMovie
serviceName = movie-review-service
------------------------------------------------------------------------------------
span = 8
trace_id = a047e3046ea417b7
span_id = 3039955a29d939ea
parent_id = beae61be15d5803b
start_time = 1682628698014460
end_time = 1682628698014554
inclusive_time = 94
exclusive_time = 94
process_id = p2
operationName = MmcSetMovieId
serviceName = movie-id-service
------------------------------------------------------------------------------------
span = 9
trace_id = a047e3046ea417b7
span_id = 325d4fe7077535b4
parent_id = beae61be15d5803b
start_time = 1682628698014241
end_time = 1682628698014337
inclusive_time = 96
exclusive_time = 96
process_id = p2
operationName = MmcGetMovieId
serviceName = movie-id-service
------------------------------------------------------------------------------------
