span = 0
trace_id = c7925e4a86e69551
span_id = c7925e4a86e69551
parent_id = None
start_time = 1682628698248000
end_time = 1682628698252371
inclusive_time = 4371
exclusive_time = 559
process_id = p4
operationName = /wrk2-api/review/compose
serviceName = nginx
------------------------------------------------------------------------------------
span = 1
trace_id = c7925e4a86e69551
span_id = 1bde257ac94f54e7
parent_id = c7925e4a86e69551
start_time = 1682628698248559
end_time = 1682628698252371
inclusive_time = 3812
exclusive_time = 109
process_id = p4
operationName = /wrk2-api/review/compose
serviceName = nginx
------------------------------------------------------------------------------------
span = 2
trace_id = c7925e4a86e69551
span_id = 801d201a30e693b0
parent_id = 1bde257ac94f54e7
start_time = 1682628698248602
end_time = 1682628698252305
inclusive_time = 3703
exclusive_time = 275
process_id = p4
operationName = ComposeReview
serviceName = nginx
------------------------------------------------------------------------------------
span = 3
trace_id = c7925e4a86e69551
span_id = 39dbca0e2089c1df
parent_id = 801d201a30e693b0
start_time = 1682628698248969
end_time = 1682628698252217
inclusive_time = 3248
exclusive_time = 411
process_id = p1
operationName = UploadMovieId
serviceName = movie-id-service
------------------------------------------------------------------------------------
span = 4
trace_id = c7925e4a86e69551
span_id = d8df1efa824dc707
parent_id = 39dbca0e2089c1df
start_time = 1682628698249543
end_time = 1682628698252073
inclusive_time = 2530
exclusive_time = 1318
process_id = p6
operationName = UploadMovieId
serviceName = compose-review-service
------------------------------------------------------------------------------------
span = 5
trace_id = c7925e4a86e69551
span_id = f102abd31941e2e5
parent_id = d8df1efa824dc707
start_time = 1682628698250866
end_time = 1682628698251970
inclusive_time = 1104
exclusive_time = 26
process_id = p2
operationName = UploadMovieReview
serviceName = movie-review-service
------------------------------------------------------------------------------------
span = 6
trace_id = c7925e4a86e69551
span_id = b922df81e4a8bc92
parent_id = f102abd31941e2e5
start_time = 1682628698250892
end_time = 1682628698251975
inclusive_time = 1083
exclusive_time = 1083
process_id = p2
operationName = MongoFindMovie
serviceName = movie-review-service
------------------------------------------------------------------------------------
span = 7
trace_id = c7925e4a86e69551
span_id = fceb11cebfd3e1c1
parent_id = 39dbca0e2089c1df
start_time = 1682628698249366
end_time = 1682628698249483
inclusive_time = 117
exclusive_time = 117
process_id = p1
operationName = MmcSetMovieId
serviceName = movie-id-service
------------------------------------------------------------------------------------
span = 8
trace_id = c7925e4a86e69551
span_id = 5ca59fff69ce94aa
parent_id = 39dbca0e2089c1df
start_time = 1682628698248994
end_time = 1682628698249124
inclusive_time = 130
exclusive_time = 130
process_id = p1
operationName = MmcGetMovieId
serviceName = movie-id-service
------------------------------------------------------------------------------------
