span 0
span_id = 2864f55380faebb5
parent_id = None
start_time = 1682628698113000
end_time = 1682628698118211
inclusive_time = 5211
exclusive_time = 489
process_id = p7
operationName = /wrk2-api/review/compose
serviceName = None
------------------------------------------------------------------------------------
span 1
span_id = e23018347a03b4c7
parent_id = 2864f55380faebb5
start_time = 1682628698113489
end_time = 1682628698118211
inclusive_time = 4722
exclusive_time = 103
process_id = p7
operationName = /wrk2-api/review/compose
serviceName = None
------------------------------------------------------------------------------------
span 2
span_id = 149c4e62870bbd5b
parent_id = e23018347a03b4c7
start_time = 1682628698113537
end_time = 1682628698118156
inclusive_time = 4619
exclusive_time = 354
process_id = p7
operationName = ComposeReview
serviceName = None
------------------------------------------------------------------------------------
span 3
span_id = 5bb6f36d58822388
parent_id = 149c4e62870bbd5b
start_time = 1682628698114062
end_time = 1682628698118005
inclusive_time = 3943
exclusive_time = 400
process_id = p2
operationName = UploadMovieId
serviceName = None
------------------------------------------------------------------------------------
span 4
span_id = c329134712d4acd3
parent_id = 5bb6f36d58822388
start_time = 1682628698114789
end_time = 1682628698117886
inclusive_time = 3097
exclusive_time = 313
process_id = p4
operationName = UploadRating
serviceName = None
------------------------------------------------------------------------------------
span 5
span_id = 0ea759f70ed9deb0
parent_id = c329134712d4acd3
start_time = 1682628698114977
end_time = 1682628698117694
inclusive_time = 2717
exclusive_time = 1241
process_id = p5
operationName = UploadRating
serviceName = None
------------------------------------------------------------------------------------
span 6
span_id = 78f9d1777982a421
parent_id = 0ea759f70ed9deb0
start_time = 1682628698116019
end_time = 1682628698117435
inclusive_time = 1416
exclusive_time = 19
process_id = p3
operationName = UploadUserReview
serviceName = None
------------------------------------------------------------------------------------
span 7
span_id = 411187455df8ae13
parent_id = 78f9d1777982a421
start_time = 1682628698116038
end_time = 1682628698117542
inclusive_time = 1504
exclusive_time = 1504
process_id = p3
operationName = MongoFindUser
serviceName = None
------------------------------------------------------------------------------------
span 8
span_id = 57ef5b174adf1b9b
parent_id = 5bb6f36d58822388
start_time = 1682628698114456
end_time = 1682628698114586
inclusive_time = 130
exclusive_time = 130
process_id = p2
operationName = MmcSetMovieId
serviceName = None
------------------------------------------------------------------------------------
span 9
span_id = 4b5c50a8251a25df
parent_id = 5bb6f36d58822388
start_time = 1682628698114080
end_time = 1682628698114193
inclusive_time = 113
exclusive_time = 113
process_id = p2
operationName = MmcGetMovieId
serviceName = None
------------------------------------------------------------------------------------
