span 0
span_id = 0348419b4d5562a0
parent_id = None
start_time = 1682628698049000
end_time = 1682628698054302
inclusive_time = 5302
exclusive_time = 46
process_id = p8
operationName = /wrk2-api/review/compose
serviceName = None
------------------------------------------------------------------------------------
span 1
span_id = 8e61b025373bac6b
parent_id = 0348419b4d5562a0
start_time = 1682628698049046
end_time = 1682628698054302
inclusive_time = 5256
exclusive_time = 88
process_id = p8
operationName = /wrk2-api/review/compose
serviceName = None
------------------------------------------------------------------------------------
span 2
span_id = d0e57d4cd90cef07
parent_id = 8e61b025373bac6b
start_time = 1682628698049081
end_time = 1682628698054249
inclusive_time = 5168
exclusive_time = 874
process_id = p8
operationName = ComposeReview
serviceName = None
------------------------------------------------------------------------------------
span 3
span_id = c941810795dd1725
parent_id = d0e57d4cd90cef07
start_time = 1682628698049356
end_time = 1682628698053534
inclusive_time = 4178
exclusive_time = 385
process_id = p6
operationName = UploadMovieId
serviceName = None
------------------------------------------------------------------------------------
span 4
span_id = 8dd3ec7478bface8
parent_id = c941810795dd1725
start_time = 1682628698050017
end_time = 1682628698053410
inclusive_time = 3393
exclusive_time = 279
process_id = p7
operationName = UploadRating
serviceName = None
------------------------------------------------------------------------------------
span 5
span_id = c136872273c1be64
parent_id = 8dd3ec7478bface8
start_time = 1682628698050226
end_time = 1682628698053217
inclusive_time = 2991
exclusive_time = 1423
process_id = p4
operationName = UploadRating
serviceName = None
------------------------------------------------------------------------------------
span 6
span_id = 1239516fae6c510c
parent_id = c136872273c1be64
start_time = 1682628698051906
end_time = 1682628698052971
inclusive_time = 1065
exclusive_time = 28
process_id = p3
operationName = UploadMovieReview
serviceName = None
------------------------------------------------------------------------------------
span 7
span_id = d195ce22d0bf0722
parent_id = 1239516fae6c510c
start_time = 1682628698051934
end_time = 1682628698052977
inclusive_time = 1043
exclusive_time = 1043
process_id = p3
operationName = MongoFindMovie
serviceName = None
------------------------------------------------------------------------------------
span 8
span_id = dc092f2de6c32423
parent_id = c136872273c1be64
start_time = 1682628698051363
end_time = 1682628698051692
inclusive_time = 329
exclusive_time = 39
process_id = p9
operationName = StoreReview
serviceName = None
------------------------------------------------------------------------------------
span 9
span_id = 683293b1a2936406
parent_id = dc092f2de6c32423
start_time = 1682628698051387
end_time = 1682628698051677
inclusive_time = 290
exclusive_time = 290
process_id = p9
operationName = MongoInsertReview
serviceName = None
------------------------------------------------------------------------------------
span 10
span_id = afaa8ec908434fc6
parent_id = c941810795dd1725
start_time = 1682628698049838
end_time = 1682628698049940
inclusive_time = 102
exclusive_time = 102
process_id = p6
operationName = MmcSetMovieId
serviceName = None
------------------------------------------------------------------------------------
span 11
span_id = c502b940dbe0775c
parent_id = c941810795dd1725
start_time = 1682628698049372
end_time = 1682628698049669
inclusive_time = 297
exclusive_time = 297
process_id = p6
operationName = MmcGetMovieId
serviceName = None
------------------------------------------------------------------------------------
