span 0
span_id = e70425177d68124b
parent_id = None
start_time = 1682628697940000
end_time = 1682628697944123
inclusive_time = 4123
exclusive_time = 459
process_id = p8
operationName = /wrk2-api/review/compose
serviceName = None
------------------------------------------------------------------------------------
span 1
span_id = 1fe522fc2b3bdd7e
parent_id = e70425177d68124b
start_time = 1682628697940458
end_time = 1682628697944122
inclusive_time = 3664
exclusive_time = 90
process_id = p8
operationName = /wrk2-api/review/compose
serviceName = None
------------------------------------------------------------------------------------
span 2
span_id = 11e0317edd5b61fe
parent_id = 1fe522fc2b3bdd7e
start_time = 1682628697940500
end_time = 1682628697944074
inclusive_time = 3574
exclusive_time = 264
process_id = p8
operationName = ComposeReview
serviceName = None
------------------------------------------------------------------------------------
span 3
span_id = 6b78121700f93943
parent_id = 11e0317edd5b61fe
start_time = 1682628697940812
end_time = 1682628697943988
inclusive_time = 3176
exclusive_time = 261
process_id = p7
operationName = UploadMovieId
serviceName = None
------------------------------------------------------------------------------------
span 4
span_id = e60cb4d656de4ad3
parent_id = 6b78121700f93943
start_time = 1682628697941394
end_time = 1682628697943893
inclusive_time = 2499
exclusive_time = 226
process_id = p4
operationName = UploadRating
serviceName = None
------------------------------------------------------------------------------------
span 5
span_id = 2c1db4c019d32333
parent_id = e60cb4d656de4ad3
start_time = 1682628697941549
end_time = 1682628697943786
inclusive_time = 2237
exclusive_time = 958
process_id = p3
operationName = UploadRating
serviceName = None
------------------------------------------------------------------------------------
span 6
span_id = 7f6baf863527d1cd
parent_id = 2c1db4c019d32333
start_time = 1682628697942470
end_time = 1682628697943662
inclusive_time = 1192
exclusive_time = 30
process_id = p6
operationName = UploadMovieReview
serviceName = None
------------------------------------------------------------------------------------
span 7
span_id = 19b0cfe01c3c9e88
parent_id = 7f6baf863527d1cd
start_time = 1682628697942500
end_time = 1682628697943665
inclusive_time = 1165
exclusive_time = 1165
process_id = p6
operationName = MongoFindMovie
serviceName = None
------------------------------------------------------------------------------------
span 8
span_id = e1f54d33648668c7
parent_id = 6b78121700f93943
start_time = 1682628697940829
end_time = 1682628697940929
inclusive_time = 100
exclusive_time = 100
process_id = p7
operationName = MmcGetMovieId
serviceName = None
------------------------------------------------------------------------------------
