span 0
span_id = 84df5a4422b0c228
parent_id = None
start_time = 1682628697875000
end_time = 1682628697879456
inclusive_time = 4456
exclusive_time = 342
process_id = p4
operationName = /wrk2-api/review/compose
serviceName = None
------------------------------------------------------------------------------------
span 1
span_id = be5ad30d624d96ba
parent_id = 84df5a4422b0c228
start_time = 1682628697875341
end_time = 1682628697879455
inclusive_time = 4114
exclusive_time = 105
process_id = p4
operationName = /wrk2-api/review/compose
serviceName = None
------------------------------------------------------------------------------------
span 2
span_id = b96c45604c483095
parent_id = be5ad30d624d96ba
start_time = 1682628697875379
end_time = 1682628697879388
inclusive_time = 4009
exclusive_time = 923
process_id = p4
operationName = ComposeReview
serviceName = None
------------------------------------------------------------------------------------
span 3
span_id = b5bc172ddc33a93d
parent_id = b96c45604c483095
start_time = 1682628697875649
end_time = 1682628697878631
inclusive_time = 2982
exclusive_time = 289
process_id = p3
operationName = UploadMovieId
serviceName = None
------------------------------------------------------------------------------------
span 4
span_id = 07c2e63424efee1f
parent_id = b5bc172ddc33a93d
start_time = 1682628697876018
end_time = 1682628697878519
inclusive_time = 2501
exclusive_time = 340
process_id = p7
operationName = UploadRating
serviceName = None
------------------------------------------------------------------------------------
span 5
span_id = 25977b49eabb9337
parent_id = 07c2e63424efee1f
start_time = 1682628697876195
end_time = 1682628697878337
inclusive_time = 2142
exclusive_time = 985
process_id = p2
operationName = UploadRating
serviceName = None
------------------------------------------------------------------------------------
span 6
span_id = 6a38e7daacd2ea54
parent_id = 25977b49eabb9337
start_time = 1682628697877025
end_time = 1682628697878133
inclusive_time = 1108
exclusive_time = 28
process_id = p1
operationName = UploadUserReview
serviceName = None
------------------------------------------------------------------------------------
span 7
span_id = b4e91b43a2028078
parent_id = 6a38e7daacd2ea54
start_time = 1682628697877053
end_time = 1682628697878138
inclusive_time = 1085
exclusive_time = 1085
process_id = p1
operationName = MongoFindUser
serviceName = None
------------------------------------------------------------------------------------
span 8
span_id = 1d98325a1476adf3
parent_id = b5bc172ddc33a93d
start_time = 1682628697875892
end_time = 1682628697875978
inclusive_time = 86
exclusive_time = 86
process_id = p3
operationName = MmcSetMovieId
serviceName = None
------------------------------------------------------------------------------------
span 9
span_id = 0b1884319e108e4b
parent_id = b5bc172ddc33a93d
start_time = 1682628697875665
end_time = 1682628697875758
inclusive_time = 93
exclusive_time = 93
process_id = p3
operationName = MmcGetMovieId
serviceName = None
------------------------------------------------------------------------------------
