span 0
span_id = 09d7fa57da5846a5
parent_id = None
start_time = 1682628698078000
end_time = 1682628698083092
inclusive_time = 5092
exclusive_time = 1019
process_id = p1
operationName = /wrk2-api/review/compose
serviceName = None
------------------------------------------------------------------------------------
span 1
span_id = d339d2e3d4983169
parent_id = 09d7fa57da5846a5
start_time = 1682628698079019
end_time = 1682628698083092
inclusive_time = 4073
exclusive_time = 111
process_id = p1
operationName = /wrk2-api/review/compose
serviceName = None
------------------------------------------------------------------------------------
span 2
span_id = 775e47f2545fbdbd
parent_id = d339d2e3d4983169
start_time = 1682628698079070
end_time = 1682628698083032
inclusive_time = 3962
exclusive_time = 325
process_id = p1
operationName = ComposeReview
serviceName = None
------------------------------------------------------------------------------------
span 3
span_id = 4d1cca3a407017bb
parent_id = 775e47f2545fbdbd
start_time = 1682628698079430
end_time = 1682628698082936
inclusive_time = 3506
exclusive_time = 438
process_id = p5
operationName = UploadMovieId
serviceName = None
------------------------------------------------------------------------------------
span 4
span_id = ee53044e141a137c
parent_id = 4d1cca3a407017bb
start_time = 1682628698080028
end_time = 1682628698082750
inclusive_time = 2722
exclusive_time = 398
process_id = p7
operationName = UploadRating
serviceName = None
------------------------------------------------------------------------------------
span 5
span_id = a85e44ca48e0b19b
parent_id = ee53044e141a137c
start_time = 1682628698080208
end_time = 1682628698082532
inclusive_time = 2324
exclusive_time = 1136
process_id = p3
operationName = UploadRating
serviceName = None
------------------------------------------------------------------------------------
span 6
span_id = e325443832445b71
parent_id = a85e44ca48e0b19b
start_time = 1682628698081408
end_time = 1682628698082408
inclusive_time = 1000
exclusive_time = 25
process_id = p6
operationName = UploadUserReview
serviceName = None
------------------------------------------------------------------------------------
span 7
span_id = 1f5899147d5d6185
parent_id = e325443832445b71
start_time = 1682628698081433
end_time = 1682628698082411
inclusive_time = 978
exclusive_time = 978
process_id = p6
operationName = MongoFindUser
serviceName = None
------------------------------------------------------------------------------------
span 8
span_id = 47f31f88c0c9e4ce
parent_id = 4d1cca3a407017bb
start_time = 1682628698079744
end_time = 1682628698079850
inclusive_time = 106
exclusive_time = 106
process_id = p5
operationName = MmcSetMovieId
serviceName = None
------------------------------------------------------------------------------------
span 9
span_id = 9c74c1d950f9c5e5
parent_id = 4d1cca3a407017bb
start_time = 1682628698079448
end_time = 1682628698079557
inclusive_time = 109
exclusive_time = 109
process_id = p5
operationName = MmcGetMovieId
serviceName = None
------------------------------------------------------------------------------------
