span = 0
span_id = c2eecdba62ccd9ef
parent_id = None
start_time = 1682628697876000
end_time = 1682628697880601
inclusive_time = 4601
exclusive_time = 762
process_id = p4
operationName = /wrk2-api/review/compose
serviceName = nginx
------------------------------------------------------------------------------------
span = 1
span_id = 358263cd2e715453
parent_id = c2eecdba62ccd9ef
start_time = 1682628697876762
end_time = 1682628697880601
inclusive_time = 3839
exclusive_time = 101
process_id = p4
operationName = /wrk2-api/review/compose
serviceName = nginx
------------------------------------------------------------------------------------
span = 2
span_id = b0560341ce07ede5
parent_id = 358263cd2e715453
start_time = 1682628697876804
end_time = 1682628697880542
inclusive_time = 3738
exclusive_time = 274
process_id = p4
operationName = ComposeReview
serviceName = nginx
------------------------------------------------------------------------------------
span = 3
span_id = ffb55f95898cb9e3
parent_id = b0560341ce07ede5
start_time = 1682628697877095
end_time = 1682628697880446
inclusive_time = 3351
exclusive_time = 318
process_id = p3
operationName = UploadMovieId
serviceName = movie-id-service
------------------------------------------------------------------------------------
span = 4
span_id = f27e67810542e2eb
parent_id = ffb55f95898cb9e3
start_time = 1682628697877512
end_time = 1682628697880310
inclusive_time = 2798
exclusive_time = 339
process_id = p7
operationName = UploadRating
serviceName = rating-service
------------------------------------------------------------------------------------
span = 5
span_id = c6bfefaf4bd51e1b
parent_id = f27e67810542e2eb
start_time = 1682628697877718
end_time = 1682628697880086
inclusive_time = 2368
exclusive_time = 1008
process_id = p2
operationName = UploadRating
serviceName = compose-review-service
------------------------------------------------------------------------------------
span = 6
span_id = 022506ba0edb7374
parent_id = c6bfefaf4bd51e1b
start_time = 1682628697878730
end_time = 1682628697879953
inclusive_time = 1223
exclusive_time = 19
process_id = p5
operationName = UploadMovieReview
serviceName = movie-review-service
------------------------------------------------------------------------------------
span = 7
span_id = 32a4c86a63d28548
parent_id = 022506ba0edb7374
start_time = 1682628697878749
end_time = 1682628697879958
inclusive_time = 1209
exclusive_time = 1209
process_id = p5
operationName = MongoFindMovie
serviceName = movie-review-service
------------------------------------------------------------------------------------
span = 8
span_id = 41c9520282c27504
parent_id = ffb55f95898cb9e3
start_time = 1682628697877359
end_time = 1682628697877452
inclusive_time = 93
exclusive_time = 93
process_id = p3
operationName = MmcSetMovieId
serviceName = movie-id-service
------------------------------------------------------------------------------------
span = 9
span_id = 61e285c57a424051
parent_id = ffb55f95898cb9e3
start_time = 1682628697877108
end_time = 1682628697877226
inclusive_time = 118
exclusive_time = 118
process_id = p3
operationName = MmcGetMovieId
serviceName = movie-id-service
------------------------------------------------------------------------------------
