span 0
span_id = c5b4791a7f7cea75
parent_id = None
start_time = 1682628697914000
end_time = 1682628697919389
inclusive_time = 5389
exclusive_time = 544
process_id = p8
operationName = /wrk2-api/review/compose
serviceName = None
------------------------------------------------------------------------------------
span 1
span_id = b690c1be3498b554
parent_id = c5b4791a7f7cea75
start_time = 1682628697914544
end_time = 1682628697919389
inclusive_time = 4845
exclusive_time = 100
process_id = p8
operationName = /wrk2-api/review/compose
serviceName = None
------------------------------------------------------------------------------------
span 2
span_id = 34ed83f3ca07d18d
parent_id = b690c1be3498b554
start_time = 1682628697914590
end_time = 1682628697919335
inclusive_time = 4745
exclusive_time = 341
process_id = p8
operationName = ComposeReview
serviceName = None
------------------------------------------------------------------------------------
span 3
span_id = c776fb63c4b7e4a8
parent_id = 34ed83f3ca07d18d
start_time = 1682628697915280
end_time = 1682628697919244
inclusive_time = 3964
exclusive_time = 325
process_id = p7
operationName = UploadMovieId
serviceName = None
------------------------------------------------------------------------------------
span 4
span_id = bf2d55334c3c8bac
parent_id = c776fb63c4b7e4a8
start_time = 1682628697915700
end_time = 1682628697919111
inclusive_time = 3411
exclusive_time = 250
process_id = p5
operationName = UploadRating
serviceName = None
------------------------------------------------------------------------------------
span 5
span_id = 13011c85901c1048
parent_id = bf2d55334c3c8bac
start_time = 1682628697915878
end_time = 1682628697918982
inclusive_time = 3104
exclusive_time = 1145
process_id = p4
operationName = UploadRating
serviceName = None
------------------------------------------------------------------------------------
span 6
span_id = d13f8c1f5f193f4e
parent_id = 13011c85901c1048
start_time = 1682628697917279
end_time = 1682628697918858
inclusive_time = 1579
exclusive_time = 32
process_id = p3
operationName = UploadUserReview
serviceName = None
------------------------------------------------------------------------------------
span 7
span_id = 92c60b581d2f4be2
parent_id = d13f8c1f5f193f4e
start_time = 1682628697917311
end_time = 1682628697918864
inclusive_time = 1553
exclusive_time = 1553
process_id = p3
operationName = MongoFindUser
serviceName = None
------------------------------------------------------------------------------------
span 8
span_id = 6b3127b4b4a79f54
parent_id = c776fb63c4b7e4a8
start_time = 1682628697915558
end_time = 1682628697915667
inclusive_time = 109
exclusive_time = 109
process_id = p7
operationName = MmcSetMovieId
serviceName = None
------------------------------------------------------------------------------------
span 9
span_id = 68f23cf6824c9103
parent_id = c776fb63c4b7e4a8
start_time = 1682628697915304
end_time = 1682628697915423
inclusive_time = 119
exclusive_time = 119
process_id = p7
operationName = MmcGetMovieId
serviceName = None
------------------------------------------------------------------------------------
