span = 0
trace_id = 90b109c9af19c3ea
span_id = 90b109c9af19c3ea
parent_id = None
start_time = 1682628698273000
end_time = 1682628698277747
inclusive_time = 4747
exclusive_time = 1144
process_id = p2
operationName = /wrk2-api/review/compose
serviceName = nginx
------------------------------------------------------------------------------------
span = 1
trace_id = 90b109c9af19c3ea
span_id = ad6773562c16e3fa
parent_id = 90b109c9af19c3ea
start_time = 1682628698274143
end_time = 1682628698277746
inclusive_time = 3603
exclusive_time = 91
process_id = p2
operationName = /wrk2-api/review/compose
serviceName = nginx
------------------------------------------------------------------------------------
span = 2
trace_id = 90b109c9af19c3ea
span_id = 895593fc0c48e379
parent_id = ad6773562c16e3fa
start_time = 1682628698274176
end_time = 1682628698277688
inclusive_time = 3512
exclusive_time = 247
process_id = p2
operationName = ComposeReview
serviceName = nginx
------------------------------------------------------------------------------------
span = 3
trace_id = 90b109c9af19c3ea
span_id = 62b8d664cfc1fb89
parent_id = 895593fc0c48e379
start_time = 1682628698274453
end_time = 1682628698277609
inclusive_time = 3156
exclusive_time = 356
process_id = p5
operationName = UploadMovieId
serviceName = movie-id-service
------------------------------------------------------------------------------------
span = 4
trace_id = 90b109c9af19c3ea
span_id = 50461fd5333b32f7
parent_id = 62b8d664cfc1fb89
start_time = 1682628698274880
end_time = 1682628698277473
inclusive_time = 2593
exclusive_time = 194
process_id = p10
operationName = UploadRating
serviceName = rating-service
------------------------------------------------------------------------------------
span = 5
trace_id = 90b109c9af19c3ea
span_id = dc45f134131c8449
parent_id = 50461fd5333b32f7
start_time = 1682628698275098
end_time = 1682628698277362
inclusive_time = 2264
exclusive_time = 835
process_id = p4
operationName = UploadRating
serviceName = compose-review-service
------------------------------------------------------------------------------------
span = 6
trace_id = 90b109c9af19c3ea
span_id = 8185a0377ae22b6a
parent_id = dc45f134131c8449
start_time = 1682628698275932
end_time = 1682628698277207
inclusive_time = 1275
exclusive_time = 26
process_id = p8
operationName = UploadMovieReview
serviceName = movie-review-service
------------------------------------------------------------------------------------
span = 7
trace_id = 90b109c9af19c3ea
span_id = b33f69ae9d7856cc
parent_id = 8185a0377ae22b6a
start_time = 1682628698275958
end_time = 1682628698277265
inclusive_time = 1307
exclusive_time = 1307
process_id = p8
operationName = MongoFindMovie
serviceName = movie-review-service
------------------------------------------------------------------------------------
span = 8
trace_id = 90b109c9af19c3ea
span_id = 99bf937933d2c850
parent_id = 62b8d664cfc1fb89
start_time = 1682628698274731
end_time = 1682628698274827
inclusive_time = 96
exclusive_time = 96
process_id = p5
operationName = MmcSetMovieId
serviceName = movie-id-service
------------------------------------------------------------------------------------
span = 9
trace_id = 90b109c9af19c3ea
span_id = 5fb0ff783e488026
parent_id = 62b8d664cfc1fb89
start_time = 1682628698274466
end_time = 1682628698274568
inclusive_time = 102
exclusive_time = 102
process_id = p5
operationName = MmcGetMovieId
serviceName = movie-id-service
------------------------------------------------------------------------------------
