span = 0
trace_id = 345f3292d53add5b
span_id = 345f3292d53add5b
parent_id = None
start_time = 1682628698040000
end_time = 1682628698044041
inclusive_time = 4041
exclusive_time = 149
process_id = p9
operationName = /wrk2-api/review/compose
serviceName = nginx
call path = 
------------------------------------------------------------------------------------
span = 1
trace_id = 345f3292d53add5b
span_id = 94f791f691318a7d
parent_id = 345f3292d53add5b
start_time = 1682628698040149
end_time = 1682628698044041
inclusive_time = 3892
exclusive_time = 162
process_id = p9
operationName = /wrk2-api/review/compose
serviceName = nginx
call path = ->/wrk2-api/review/compose_nginx
------------------------------------------------------------------------------------
span = 2
trace_id = 345f3292d53add5b
span_id = 80f120604abcc716
parent_id = 94f791f691318a7d
start_time = 1682628698040194
end_time = 1682628698043924
inclusive_time = 3730
exclusive_time = 416
process_id = p9
operationName = ComposeReview
serviceName = nginx
call path = ->/wrk2-api/review/compose_nginx->/wrk2-api/review/compose_nginx
------------------------------------------------------------------------------------
span = 3
trace_id = 345f3292d53add5b
span_id = 5c9d8dfa4ed42979
parent_id = 80f120604abcc716
start_time = 1682628698040528
end_time = 1682628698043842
inclusive_time = 3314
exclusive_time = 396
process_id = p7
operationName = UploadMovieId
serviceName = movie-id-service
call path = ->/wrk2-api/review/compose_nginx->/wrk2-api/review/compose_nginx->ComposeReview_nginx
------------------------------------------------------------------------------------
span = 4
trace_id = 345f3292d53add5b
span_id = 0cf2ed4dd08d3f48
parent_id = 5c9d8dfa4ed42979
start_time = 1682628698041201
end_time = 1682628698043684
inclusive_time = 2483
exclusive_time = 218
process_id = p8
operationName = UploadRating
serviceName = rating-service
call path = ->/wrk2-api/review/compose_nginx->/wrk2-api/review/compose_nginx->ComposeReview_nginx->UploadMovieId_movie-id-service
------------------------------------------------------------------------------------
span = 5
trace_id = 345f3292d53add5b
span_id = f7e17df08901402c
parent_id = 0cf2ed4dd08d3f48
start_time = 1682628698041358
end_time = 1682628698043561
inclusive_time = 2203
exclusive_time = 984
process_id = p2
operationName = UploadRating
serviceName = compose-review-service
call path = ->/wrk2-api/review/compose_nginx->/wrk2-api/review/compose_nginx->ComposeReview_nginx->UploadMovieId_movie-id-service->UploadRating_rating-service
------------------------------------------------------------------------------------
span = 6
trace_id = 345f3292d53add5b
span_id = 9617d20067fff33d
parent_id = f7e17df08901402c
start_time = 1682628698042255
end_time = 1682628698043431
inclusive_time = 1176
exclusive_time = 34
process_id = p5
operationName = UploadMovieReview
serviceName = movie-review-service
call path = ->/wrk2-api/review/compose_nginx->/wrk2-api/review/compose_nginx->ComposeReview_nginx->UploadMovieId_movie-id-service->UploadRating_rating-service->UploadRating_compose-review-service
------------------------------------------------------------------------------------
span = 7
trace_id = 345f3292d53add5b
span_id = 4a203546905bec78
parent_id = 9617d20067fff33d
start_time = 1682628698042289
end_time = 1682628698043435
inclusive_time = 1146
exclusive_time = 1146
process_id = p5
operationName = MongoFindMovie
serviceName = movie-review-service
call path = ->/wrk2-api/review/compose_nginx->/wrk2-api/review/compose_nginx->ComposeReview_nginx->UploadMovieId_movie-id-service->UploadRating_rating-service->UploadRating_compose-review-service->UploadMovieReview_movie-review-service
------------------------------------------------------------------------------------
span = 8
trace_id = 345f3292d53add5b
span_id = 61692fbb5210d0ac
parent_id = 5c9d8dfa4ed42979
start_time = 1682628698040857
end_time = 1682628698040966
inclusive_time = 109
exclusive_time = 109
process_id = p7
operationName = MmcSetMovieId
serviceName = movie-id-service
call path = ->/wrk2-api/review/compose_nginx->/wrk2-api/review/compose_nginx->ComposeReview_nginx->UploadMovieId_movie-id-service
------------------------------------------------------------------------------------
span = 9
trace_id = 345f3292d53add5b
span_id = b716266e3cab3d5d
parent_id = 5c9d8dfa4ed42979
start_time = 1682628698040546
end_time = 1682628698040720
inclusive_time = 174
exclusive_time = 174
process_id = p7
operationName = MmcGetMovieId
serviceName = movie-id-service
call path = ->/wrk2-api/review/compose_nginx->/wrk2-api/review/compose_nginx->ComposeReview_nginx->UploadMovieId_movie-id-service
------------------------------------------------------------------------------------
