span = 0
trace_id = 4988e57d815775a5
span_id = 4988e57d815775a5
parent_id = None
start_time = 1682628698291000
end_time = 1682628698295733
inclusive_time = 4733
exclusive_time = 976
process_id = p1
operationName = /wrk2-api/review/compose
serviceName = nginx
------------------------------------------------------------------------------------
span = 1
trace_id = 4988e57d815775a5
span_id = 01e6249de10efde1
parent_id = 4988e57d815775a5
start_time = 1682628698291976
end_time = 1682628698295733
inclusive_time = 3757
exclusive_time = 98
process_id = p1
operationName = /wrk2-api/review/compose
serviceName = nginx
------------------------------------------------------------------------------------
span = 2
trace_id = 4988e57d815775a5
span_id = aa85d4ba2cbd5794
parent_id = 01e6249de10efde1
start_time = 1682628698292024
end_time = 1682628698295683
inclusive_time = 3659
exclusive_time = 300
process_id = p1
operationName = ComposeReview
serviceName = nginx
------------------------------------------------------------------------------------
span = 3
trace_id = 4988e57d815775a5
span_id = c27b720c0c3624aa
parent_id = aa85d4ba2cbd5794
start_time = 1682628698292403
end_time = 1682628698295602
inclusive_time = 3199
exclusive_time = 349
process_id = p4
operationName = UploadMovieId
serviceName = movie-id-service
------------------------------------------------------------------------------------
span = 4
trace_id = 4988e57d815775a5
span_id = f6307c86a23a89c4
parent_id = c27b720c0c3624aa
start_time = 1682628698292773
end_time = 1682628698295450
inclusive_time = 2677
exclusive_time = 1374
process_id = p3
operationName = UploadMovieId
serviceName = compose-review-service
------------------------------------------------------------------------------------
span = 5
trace_id = 4988e57d815775a5
span_id = 869e0da714f5cf3e
parent_id = f6307c86a23a89c4
start_time = 1682628698294087
end_time = 1682628698295258
inclusive_time = 1171
exclusive_time = 42
process_id = p7
operationName = UploadMovieReview
serviceName = movie-review-service
------------------------------------------------------------------------------------
span = 6
trace_id = 4988e57d815775a5
span_id = 4acc1d99211f3084
parent_id = 869e0da714f5cf3e
start_time = 1682628698294129
end_time = 1682628698295262
inclusive_time = 1133
exclusive_time = 1133
process_id = p7
operationName = MongoFindMovie
serviceName = movie-review-service
------------------------------------------------------------------------------------
span = 7
trace_id = 4988e57d815775a5
span_id = 458fc544ac2e4f72
parent_id = c27b720c0c3624aa
start_time = 1682628698292635
end_time = 1682628698292718
inclusive_time = 83
exclusive_time = 83
process_id = p4
operationName = MmcSetMovieId
serviceName = movie-id-service
------------------------------------------------------------------------------------
span = 8
trace_id = 4988e57d815775a5
span_id = 8404b66ab513e71c
parent_id = c27b720c0c3624aa
start_time = 1682628698292423
end_time = 1682628698292513
inclusive_time = 90
exclusive_time = 90
process_id = p4
operationName = MmcGetMovieId
serviceName = movie-id-service
------------------------------------------------------------------------------------
