span = 0
span_id = 4675029e61316218
parent_id = None
start_time = 1682628698079000
end_time = 1682628698083785
inclusive_time = 4785
exclusive_time = 958
process_id = p7
operationName = /wrk2-api/review/compose
serviceName = nginx
------------------------------------------------------------------------------------
span = 1
span_id = ad2ca3af843a25cd
parent_id = 4675029e61316218
start_time = 1682628698079958
end_time = 1682628698083785
inclusive_time = 3827
exclusive_time = 115
process_id = p7
operationName = /wrk2-api/review/compose
serviceName = nginx
------------------------------------------------------------------------------------
span = 2
span_id = 891cb67f1e5a974a
parent_id = ad2ca3af843a25cd
start_time = 1682628698080010
end_time = 1682628698083722
inclusive_time = 3712
exclusive_time = 559
process_id = p7
operationName = ComposeReview
serviceName = nginx
------------------------------------------------------------------------------------
span = 3
span_id = 692fd905fc77ceb2
parent_id = 891cb67f1e5a974a
start_time = 1682628698080281
end_time = 1682628698083366
inclusive_time = 3085
exclusive_time = 277
process_id = p4
operationName = UploadMovieId
serviceName = movie-id-service
------------------------------------------------------------------------------------
span = 4
span_id = 225d96df778032b6
parent_id = 692fd905fc77ceb2
start_time = 1682628698080686
end_time = 1682628698083249
inclusive_time = 2563
exclusive_time = 226
process_id = p6
operationName = UploadRating
serviceName = rating-service
------------------------------------------------------------------------------------
span = 5
span_id = 8840d3ec78113182
parent_id = 225d96df778032b6
start_time = 1682628698080948
end_time = 1682628698083146
inclusive_time = 2198
exclusive_time = 1014
process_id = p2
operationName = UploadRating
serviceName = compose-review-service
------------------------------------------------------------------------------------
span = 6
span_id = 74149b0dd58b2c98
parent_id = 8840d3ec78113182
start_time = 1682628698081968
end_time = 1682628698083023
inclusive_time = 1055
exclusive_time = 21
process_id = p1
operationName = UploadMovieReview
serviceName = movie-review-service
------------------------------------------------------------------------------------
span = 7
span_id = 7e53de31d4c3e3cd
parent_id = 74149b0dd58b2c98
start_time = 1682628698081989
end_time = 1682628698083027
inclusive_time = 1038
exclusive_time = 1038
process_id = p1
operationName = MongoFindMovie
serviceName = movie-review-service
------------------------------------------------------------------------------------
span = 8
span_id = 6137a2bde34a7bf6
parent_id = 692fd905fc77ceb2
start_time = 1682628698080293
end_time = 1682628698080391
inclusive_time = 98
exclusive_time = 98
process_id = p4
operationName = MmcGetMovieId
serviceName = movie-id-service
------------------------------------------------------------------------------------
