span 0
span_id = 3a0f2e1745bbc439
parent_id = None
start_time = 1682628698091000
end_time = 1682628698095321
inclusive_time = 4321
exclusive_time = 493
process_id = p1
operationName = /wrk2-api/review/compose
serviceName = None
------------------------------------------------------------------------------------
span 1
span_id = 5ffa84c584100592
parent_id = 3a0f2e1745bbc439
start_time = 1682628698091493
end_time = 1682628698095321
inclusive_time = 3828
exclusive_time = 115
process_id = p1
operationName = /wrk2-api/review/compose
serviceName = None
------------------------------------------------------------------------------------
span 2
span_id = 53007a1575b466ee
parent_id = 5ffa84c584100592
start_time = 1682628698091560
end_time = 1682628698095273
inclusive_time = 3713
exclusive_time = 400
process_id = p1
operationName = ComposeReview
serviceName = None
------------------------------------------------------------------------------------
span 3
span_id = e3e8aeab48b2097f
parent_id = 53007a1575b466ee
start_time = 1682628698091970
end_time = 1682628698095124
inclusive_time = 3154
exclusive_time = 286
process_id = p5
operationName = UploadMovieId
serviceName = None
------------------------------------------------------------------------------------
span 4
span_id = 88d97c62c3804384
parent_id = e3e8aeab48b2097f
start_time = 1682628698092367
end_time = 1682628698095020
inclusive_time = 2653
exclusive_time = 183
process_id = p7
operationName = UploadRating
serviceName = None
------------------------------------------------------------------------------------
span 5
span_id = 77af22c6a55040f3
parent_id = 88d97c62c3804384
start_time = 1682628698092712
end_time = 1682628698094925
inclusive_time = 2213
exclusive_time = 1164
process_id = p3
operationName = UploadRating
serviceName = None
------------------------------------------------------------------------------------
span 6
span_id = 8680be4ad596fa17
parent_id = 77af22c6a55040f3
start_time = 1682628698093746
end_time = 1682628698094746
inclusive_time = 1000
exclusive_time = 29
process_id = p2
operationName = UploadMovieReview
serviceName = None
------------------------------------------------------------------------------------
span 7
span_id = 8ef01d447b5eff79
parent_id = 8680be4ad596fa17
start_time = 1682628698093775
end_time = 1682628698094752
inclusive_time = 977
exclusive_time = 977
process_id = p2
operationName = MongoFindMovie
serviceName = None
------------------------------------------------------------------------------------
span 8
span_id = 0cc8ffe1d7e059a6
parent_id = 88d97c62c3804384
start_time = 1682628698092453
end_time = 1682628698092710
inclusive_time = 257
exclusive_time = 257
process_id = p7
operationName = RedisInsert
serviceName = None
------------------------------------------------------------------------------------
span 9
span_id = 6ff74c7e79b051c8
parent_id = e3e8aeab48b2097f
start_time = 1682628698092229
end_time = 1682628698092308
inclusive_time = 79
exclusive_time = 79
process_id = p5
operationName = MmcSetMovieId
serviceName = None
------------------------------------------------------------------------------------
span 10
span_id = 36b1ab1ba156f5d0
parent_id = e3e8aeab48b2097f
start_time = 1682628698091989
end_time = 1682628698092099
inclusive_time = 110
exclusive_time = 110
process_id = p5
operationName = MmcGetMovieId
serviceName = None
------------------------------------------------------------------------------------
