span = 0
trace_id = 96133a7c440c51e6
span_id = 96133a7c440c51e6
parent_id = None
start_time = 1682628698057000
end_time = 1682628698062304
inclusive_time = 5304
exclusive_time = 689
process_id = p2
operationName = /wrk2-api/review/compose
serviceName = nginx
call path = 
------------------------------------------------------------------------------------
span = 1
trace_id = 96133a7c440c51e6
span_id = 0c7c045f91da38d3
parent_id = 96133a7c440c51e6
start_time = 1682628698057689
end_time = 1682628698062304
inclusive_time = 4615
exclusive_time = 95
process_id = p2
operationName = /wrk2-api/review/compose
serviceName = nginx
call path = ->/wrk2-api/review/compose_nginx
------------------------------------------------------------------------------------
span = 2
trace_id = 96133a7c440c51e6
span_id = 22b2d002114513ab
parent_id = 0c7c045f91da38d3
start_time = 1682628698057729
end_time = 1682628698062249
inclusive_time = 4520
exclusive_time = 598
process_id = p2
operationName = ComposeReview
serviceName = nginx
call path = ->/wrk2-api/review/compose_nginx->/wrk2-api/review/compose_nginx
------------------------------------------------------------------------------------
span = 3
trace_id = 96133a7c440c51e6
span_id = 3ddbfc1f0afb6019
parent_id = 22b2d002114513ab
start_time = 1682628698058009
end_time = 1682628698061814
inclusive_time = 3805
exclusive_time = 407
process_id = p6
operationName = UploadMovieId
serviceName = movie-id-service
call path = ->/wrk2-api/review/compose_nginx->/wrk2-api/review/compose_nginx->ComposeReview_nginx
------------------------------------------------------------------------------------
span = 4
trace_id = 96133a7c440c51e6
span_id = 5ea07e8df84ca44e
parent_id = 3ddbfc1f0afb6019
start_time = 1682628698058539
end_time = 1682628698061687
inclusive_time = 3148
exclusive_time = 309
process_id = p8
operationName = UploadRating
serviceName = rating-service
call path = ->/wrk2-api/review/compose_nginx->/wrk2-api/review/compose_nginx->ComposeReview_nginx->UploadMovieId_movie-id-service
------------------------------------------------------------------------------------
span = 5
trace_id = 96133a7c440c51e6
span_id = d67aaa0cf6339c6c
parent_id = 5ea07e8df84ca44e
start_time = 1682628698058807
end_time = 1682628698061578
inclusive_time = 2771
exclusive_time = 1372
process_id = p4
operationName = UploadRating
serviceName = compose-review-service
call path = ->/wrk2-api/review/compose_nginx->/wrk2-api/review/compose_nginx->ComposeReview_nginx->UploadMovieId_movie-id-service->UploadRating_rating-service
------------------------------------------------------------------------------------
span = 6
trace_id = 96133a7c440c51e6
span_id = 5c2adc7211e8788f
parent_id = d67aaa0cf6339c6c
start_time = 1682628698059711
end_time = 1682628698061047
inclusive_time = 1336
exclusive_time = 26
process_id = p3
operationName = UploadMovieReview
serviceName = movie-review-service
call path = ->/wrk2-api/review/compose_nginx->/wrk2-api/review/compose_nginx->ComposeReview_nginx->UploadMovieId_movie-id-service->UploadRating_rating-service->UploadRating_compose-review-service
------------------------------------------------------------------------------------
span = 7
trace_id = 96133a7c440c51e6
span_id = d797edabab7ff9c7
parent_id = 5c2adc7211e8788f
start_time = 1682628698059737
end_time = 1682628698061050
inclusive_time = 1313
exclusive_time = 1313
process_id = p3
operationName = MongoFindMovie
serviceName = movie-review-service
call path = ->/wrk2-api/review/compose_nginx->/wrk2-api/review/compose_nginx->ComposeReview_nginx->UploadMovieId_movie-id-service->UploadRating_rating-service->UploadRating_compose-review-service->UploadMovieReview_movie-review-service
------------------------------------------------------------------------------------
span = 8
trace_id = 96133a7c440c51e6
span_id = 0b1f981ca9af7739
parent_id = 3ddbfc1f0afb6019
start_time = 1682628698058306
end_time = 1682628698058417
inclusive_time = 111
exclusive_time = 111
process_id = p6
operationName = MmcSetMovieId
serviceName = movie-id-service
call path = ->/wrk2-api/review/compose_nginx->/wrk2-api/review/compose_nginx->ComposeReview_nginx->UploadMovieId_movie-id-service
------------------------------------------------------------------------------------
span = 9
trace_id = 96133a7c440c51e6
span_id = eeef9866fbb197d6
parent_id = 3ddbfc1f0afb6019
start_time = 1682628698058021
end_time = 1682628698058116
inclusive_time = 95
exclusive_time = 95
process_id = p6
operationName = MmcGetMovieId
serviceName = movie-id-service
call path = ->/wrk2-api/review/compose_nginx->/wrk2-api/review/compose_nginx->ComposeReview_nginx->UploadMovieId_movie-id-service
------------------------------------------------------------------------------------
