span = 0
trace_id = 8de2bad957dda6e8
span_id = 8de2bad957dda6e8
parent_id = None
start_time = 1682628698104000
end_time = 1682628698109294
inclusive_time = 5294
exclusive_time = 676
process_id = p6
operationName = /wrk2-api/review/compose
serviceName = nginx
call path = 
------------------------------------------------------------------------------------
span = 1
trace_id = 8de2bad957dda6e8
span_id = b58351c1a01792d5
parent_id = 8de2bad957dda6e8
start_time = 1682628698104676
end_time = 1682628698109294
inclusive_time = 4618
exclusive_time = 106
process_id = p6
operationName = /wrk2-api/review/compose
serviceName = nginx
call path = ->/wrk2-api/review/compose_nginx
------------------------------------------------------------------------------------
span = 2
trace_id = 8de2bad957dda6e8
span_id = a1569528a990667a
parent_id = b58351c1a01792d5
start_time = 1682628698104726
end_time = 1682628698109238
inclusive_time = 4512
exclusive_time = 377
process_id = p6
operationName = ComposeReview
serviceName = nginx
call path = ->/wrk2-api/review/compose_nginx->/wrk2-api/review/compose_nginx
------------------------------------------------------------------------------------
span = 3
trace_id = 8de2bad957dda6e8
span_id = a3e9eb25696a357c
parent_id = a1569528a990667a
start_time = 1682628698104996
end_time = 1682628698109066
inclusive_time = 4070
exclusive_time = 404
process_id = p3
operationName = UploadMovieId
serviceName = movie-id-service
call path = ->/wrk2-api/review/compose_nginx->/wrk2-api/review/compose_nginx->ComposeReview_nginx
------------------------------------------------------------------------------------
span = 4
trace_id = 8de2bad957dda6e8
span_id = 62a0b8d7df55b124
parent_id = a3e9eb25696a357c
start_time = 1682628698105365
end_time = 1682628698108894
inclusive_time = 3529
exclusive_time = 1563
process_id = p1
operationName = UploadMovieId
serviceName = compose-review-service
call path = ->/wrk2-api/review/compose_nginx->/wrk2-api/review/compose_nginx->ComposeReview_nginx->UploadMovieId_movie-id-service
------------------------------------------------------------------------------------
span = 5
trace_id = 8de2bad957dda6e8
span_id = cf0601dd247a9a8f
parent_id = 62a0b8d7df55b124
start_time = 1682628698106653
end_time = 1682628698108501
inclusive_time = 1848
exclusive_time = 57
process_id = p7
operationName = UploadMovieReview
serviceName = movie-review-service
call path = ->/wrk2-api/review/compose_nginx->/wrk2-api/review/compose_nginx->ComposeReview_nginx->UploadMovieId_movie-id-service->UploadMovieId_compose-review-service
------------------------------------------------------------------------------------
span = 6
trace_id = 8de2bad957dda6e8
span_id = 2be82994e734576a
parent_id = cf0601dd247a9a8f
start_time = 1682628698106710
end_time = 1682628698108507
inclusive_time = 1797
exclusive_time = 1797
process_id = p7
operationName = MongoFindMovie
serviceName = movie-review-service
call path = ->/wrk2-api/review/compose_nginx->/wrk2-api/review/compose_nginx->ComposeReview_nginx->UploadMovieId_movie-id-service->UploadMovieId_compose-review-service->UploadMovieReview_movie-review-service
------------------------------------------------------------------------------------
span = 7
trace_id = 8de2bad957dda6e8
span_id = e7d27cb7d5b65fee
parent_id = a3e9eb25696a357c
start_time = 1682628698105013
end_time = 1682628698105106
inclusive_time = 93
exclusive_time = 93
process_id = p3
operationName = MmcGetMovieId
serviceName = movie-id-service
call path = ->/wrk2-api/review/compose_nginx->/wrk2-api/review/compose_nginx->ComposeReview_nginx->UploadMovieId_movie-id-service
------------------------------------------------------------------------------------
