span = 0
span_id = 7e9c1f0a7e7900ef
parent_id = None
start_time = 1682628698328000
end_time = 1682628698332027
inclusive_time = 4027
exclusive_time = 481
process_id = p10
operationName = /wrk2-api/review/compose
serviceName = nginx
------------------------------------------------------------------------------------
span = 1
span_id = 3506449fab65d936
parent_id = 7e9c1f0a7e7900ef
start_time = 1682628698328481
end_time = 1682628698332027
inclusive_time = 3546
exclusive_time = 101
process_id = p10
operationName = /wrk2-api/review/compose
serviceName = nginx
------------------------------------------------------------------------------------
span = 2
span_id = 9b44cc80ad1f03b6
parent_id = 3506449fab65d936
start_time = 1682628698328531
end_time = 1682628698331976
inclusive_time = 3445
exclusive_time = 322
process_id = p10
operationName = ComposeReview
serviceName = nginx
------------------------------------------------------------------------------------
span = 3
span_id = 249742d0255a3b6e
parent_id = 9b44cc80ad1f03b6
start_time = 1682628698328864
end_time = 1682628698331889
inclusive_time = 3025
exclusive_time = 395
process_id = p1
operationName = UploadMovieId
serviceName = movie-id-service
------------------------------------------------------------------------------------
span = 4
span_id = 47d2b83adf521aa3
parent_id = 249742d0255a3b6e
start_time = 1682628698329388
end_time = 1682628698331754
inclusive_time = 2366
exclusive_time = 212
process_id = p9
operationName = UploadRating
serviceName = rating-service
------------------------------------------------------------------------------------
span = 5
span_id = 4dc64fa13e9a62be
parent_id = 47d2b83adf521aa3
start_time = 1682628698329594
end_time = 1682628698331652
inclusive_time = 2058
exclusive_time = 976
process_id = p2
operationName = UploadRating
serviceName = compose-review-service
------------------------------------------------------------------------------------
span = 6
span_id = de842224771a28c0
parent_id = 4dc64fa13e9a62be
start_time = 1682628698330445
end_time = 1682628698331500
inclusive_time = 1055
exclusive_time = 18
process_id = p6
operationName = UploadUserReview
serviceName = user-review-service
------------------------------------------------------------------------------------
span = 7
span_id = 8fbce9cecc95e7c0
parent_id = de842224771a28c0
start_time = 1682628698330463
end_time = 1682628698331506
inclusive_time = 1043
exclusive_time = 1043
process_id = p6
operationName = MongoFindUser
serviceName = user-review-service
------------------------------------------------------------------------------------
span = 8
span_id = 8db2672fb14908bc
parent_id = 249742d0255a3b6e
start_time = 1682628698329177
end_time = 1682628698329263
inclusive_time = 86
exclusive_time = 86
process_id = p1
operationName = MmcSetMovieId
serviceName = movie-id-service
------------------------------------------------------------------------------------
span = 9
span_id = a23e42f1b528ebee
parent_id = 249742d0255a3b6e
start_time = 1682628698328880
end_time = 1682628698328953
inclusive_time = 73
exclusive_time = 73
process_id = p1
operationName = MmcGetMovieId
serviceName = movie-id-service
------------------------------------------------------------------------------------
