span 0
span_id = bf58ff7db122f352
parent_id = None
start_time = 1682628697986000
end_time = 1682628697991561
inclusive_time = 5561
exclusive_time = 903
process_id = p4
operationName = /wrk2-api/review/compose
serviceName = None
------------------------------------------------------------------------------------
span 1
span_id = 79acf00b1fc08513
parent_id = bf58ff7db122f352
start_time = 1682628697986903
end_time = 1682628697991561
inclusive_time = 4658
exclusive_time = 103
process_id = p4
operationName = /wrk2-api/review/compose
serviceName = None
------------------------------------------------------------------------------------
span 2
span_id = 732377b36a1fb92e
parent_id = 79acf00b1fc08513
start_time = 1682628697986950
end_time = 1682628697991505
inclusive_time = 4555
exclusive_time = 268
process_id = p4
operationName = ComposeReview
serviceName = None
------------------------------------------------------------------------------------
span 3
span_id = 49b74d88b60d6631
parent_id = 732377b36a1fb92e
start_time = 1682628697987249
end_time = 1682628697991425
inclusive_time = 4176
exclusive_time = 380
process_id = p3
operationName = UploadMovieId
serviceName = None
------------------------------------------------------------------------------------
span 4
span_id = c254436ca97faabe
parent_id = 49b74d88b60d6631
start_time = 1682628697987628
end_time = 1682628697991237
inclusive_time = 3609
exclusive_time = 396
process_id = p10
operationName = UploadRating
serviceName = None
------------------------------------------------------------------------------------
span 5
span_id = a94f2a1c36c7e764
parent_id = c254436ca97faabe
start_time = 1682628697987801
end_time = 1682628697990981
inclusive_time = 3180
exclusive_time = 1808
process_id = p6
operationName = UploadRating
serviceName = None
------------------------------------------------------------------------------------
span 6
span_id = 8ae15354e6f669fc
parent_id = a94f2a1c36c7e764
start_time = 1682628697989523
end_time = 1682628697990855
inclusive_time = 1332
exclusive_time = 20
process_id = p2
operationName = UploadMovieReview
serviceName = None
------------------------------------------------------------------------------------
span 7
span_id = 084e367f549b7eba
parent_id = 8ae15354e6f669fc
start_time = 1682628697989543
end_time = 1682628697990860
inclusive_time = 1317
exclusive_time = 1317
process_id = p2
operationName = MongoFindMovie
serviceName = None
------------------------------------------------------------------------------------
span 8
span_id = ff52f8f3e88234cc
parent_id = 49b74d88b60d6631
start_time = 1682628697987516
end_time = 1682628697987599
inclusive_time = 83
exclusive_time = 83
process_id = p3
operationName = MmcSetMovieId
serviceName = None
------------------------------------------------------------------------------------
span 9
span_id = 1e16c46d647f2ac3
parent_id = 49b74d88b60d6631
start_time = 1682628697987261
end_time = 1682628697987336
inclusive_time = 75
exclusive_time = 75
process_id = p3
operationName = MmcGetMovieId
serviceName = None
------------------------------------------------------------------------------------
