span 0
span_id = 5867038f26bb3c88
parent_id = None
start_time = 1682628697972000
end_time = 1682628697976309
inclusive_time = 4309
exclusive_time = 210
process_id = p6
operationName = /wrk2-api/review/compose
serviceName = None
------------------------------------------------------------------------------------
span 1
span_id = e8e773384672fd0c
parent_id = 5867038f26bb3c88
start_time = 1682628697972210
end_time = 1682628697976309
inclusive_time = 4099
exclusive_time = 105
process_id = p6
operationName = /wrk2-api/review/compose
serviceName = None
------------------------------------------------------------------------------------
span 2
span_id = 2c77a3517463f354
parent_id = e8e773384672fd0c
start_time = 1682628697972255
end_time = 1682628697976249
inclusive_time = 3994
exclusive_time = 272
process_id = p6
operationName = ComposeReview
serviceName = None
------------------------------------------------------------------------------------
span 3
span_id = 99a8f91c35216d59
parent_id = 2c77a3517463f354
start_time = 1682628697972697
end_time = 1682628697976170
inclusive_time = 3473
exclusive_time = 405
process_id = p5
operationName = UploadMovieId
serviceName = None
------------------------------------------------------------------------------------
span 4
span_id = b6543f59383d7798
parent_id = 99a8f91c35216d59
start_time = 1682628697973313
end_time = 1682628697976022
inclusive_time = 2709
exclusive_time = 274
process_id = p2
operationName = UploadRating
serviceName = None
------------------------------------------------------------------------------------
span 5
span_id = 1fb8f1907e3d1697
parent_id = b6543f59383d7798
start_time = 1682628697973558
end_time = 1682628697975913
inclusive_time = 2355
exclusive_time = 1090
process_id = p1
operationName = UploadRating
serviceName = None
------------------------------------------------------------------------------------
span 6
span_id = 959570a0e7174c03
parent_id = 1fb8f1907e3d1697
start_time = 1682628697974552
end_time = 1682628697975797
inclusive_time = 1245
exclusive_time = 21
process_id = p8
operationName = UploadUserReview
serviceName = None
------------------------------------------------------------------------------------
span 7
span_id = d43a5db05636fb1d
parent_id = 959570a0e7174c03
start_time = 1682628697974573
end_time = 1682628697975801
inclusive_time = 1228
exclusive_time = 1228
process_id = p8
operationName = MongoFindUser
serviceName = None
------------------------------------------------------------------------------------
span 8
span_id = 109123770e62988b
parent_id = 99a8f91c35216d59
start_time = 1682628697972929
end_time = 1682628697973014
inclusive_time = 85
exclusive_time = 85
process_id = p5
operationName = MmcSetMovieId
serviceName = None
------------------------------------------------------------------------------------
span 9
span_id = c259d726d5aa8155
parent_id = 99a8f91c35216d59
start_time = 1682628697972716
end_time = 1682628697972803
inclusive_time = 87
exclusive_time = 87
process_id = p5
operationName = MmcGetMovieId
serviceName = None
------------------------------------------------------------------------------------
