span = 0
span_id = 033bae4c07c35264
parent_id = None
start_time = 1682628697962000
end_time = 1682628697966990
inclusive_time = 4990
exclusive_time = 874
process_id = p7
operationName = /wrk2-api/review/compose
serviceName = nginx
------------------------------------------------------------------------------------
span = 1
span_id = e12b757925746f88
parent_id = 033bae4c07c35264
start_time = 1682628697962873
end_time = 1682628697966989
inclusive_time = 4116
exclusive_time = 99
process_id = p7
operationName = /wrk2-api/review/compose
serviceName = nginx
------------------------------------------------------------------------------------
span = 2
span_id = f0b62321281259d7
parent_id = e12b757925746f88
start_time = 1682628697962917
end_time = 1682628697966934
inclusive_time = 4017
exclusive_time = 370
process_id = p7
operationName = ComposeReview
serviceName = nginx
------------------------------------------------------------------------------------
span = 3
span_id = 5f240e70dd230542
parent_id = f0b62321281259d7
start_time = 1682628697963754
end_time = 1682628697966844
inclusive_time = 3090
exclusive_time = 283
process_id = p10
operationName = UploadUserWithUsername
serviceName = user-service
------------------------------------------------------------------------------------
span = 4
span_id = 30a50d385e682820
parent_id = 5f240e70dd230542
start_time = 1682628697964088
end_time = 1682628697966787
inclusive_time = 2699
exclusive_time = 1121
process_id = p2
operationName = UploadUserId
serviceName = compose-review-service
------------------------------------------------------------------------------------
span = 5
span_id = d7194a652f0d9baa
parent_id = 30a50d385e682820
start_time = 1682628697965188
end_time = 1682628697966430
inclusive_time = 1242
exclusive_time = 25
process_id = p5
operationName = UploadMovieReview
serviceName = movie-review-service
------------------------------------------------------------------------------------
span = 6
span_id = 86629ccce0023af5
parent_id = d7194a652f0d9baa
start_time = 1682628697965213
end_time = 1682628697966435
inclusive_time = 1222
exclusive_time = 1222
process_id = p5
operationName = MongoFindMovie
serviceName = movie-review-service
------------------------------------------------------------------------------------
span = 7
span_id = 8b72f9d61e0f1222
parent_id = 5f240e70dd230542
start_time = 1682628697963772
end_time = 1682628697963880
inclusive_time = 108
exclusive_time = 108
process_id = p10
operationName = MmcGetUserId
serviceName = user-service
------------------------------------------------------------------------------------
