span = 0
trace_id = 25e860c86ab15cf1
span_id = 25e860c86ab15cf1
parent_id = None
start_time = 1682707470503000
end_time = 1682707470504142
inclusive_time = 1142
exclusive_time = 1005
process_id = p1
operationName = 
serviceName = nginx
call path = 
------------------------------------------------------------------------------------
span = 1
trace_id = 25e860c86ab15cf1
span_id = 9d438b1aad9db2a4
parent_id = 25e860c86ab15cf1
start_time = 1682707470504048
end_time = 1682707470504142
inclusive_time = 94
exclusive_time = 94
process_id = p1
operationName = 
serviceName = nginx
call path = ->_nginx
------------------------------------------------------------------------------------
span = 2
trace_id = 25e860c86ab15cf1
span_id = 12aee71445d9ffa4
parent_id = 25e860c86ab15cf1
start_time = 1682707470503940
end_time = 1682707470503983
inclusive_time = 43
exclusive_time = 43
process_id = p1
operationName = 
serviceName = nginx
call path = ->_nginx
------------------------------------------------------------------------------------
