span = 0
trace_id = 6b57d54e50efe74e
span_id = 6b57d54e50efe74e
parent_id = None
start_time = 1682628698138000
end_time = 1682628698142432
inclusive_time = 4432
exclusive_time = 964
process_id = p3
operationName = /wrk2-api/review/compose
serviceName = nginx
call path = 
------------------------------------------------------------------------------------
span = 1
trace_id = 6b57d54e50efe74e
span_id = 60c912c46f89e140
parent_id = 6b57d54e50efe74e
start_time = 1682628698138964
end_time = 1682628698142432
inclusive_time = 3468
exclusive_time = 97
process_id = p3
operationName = /wrk2-api/review/compose
serviceName = nginx
call path = ->/wrk2-api/review/compose_nginx
------------------------------------------------------------------------------------
span = 2
trace_id = 6b57d54e50efe74e
span_id = b3f544f48f02f183
parent_id = 60c912c46f89e140
start_time = 1682628698139010
end_time = 1682628698142381
inclusive_time = 3371
exclusive_time = 270
process_id = p3
operationName = ComposeReview
serviceName = nginx
call path = ->/wrk2-api/review/compose_nginx->/wrk2-api/review/compose_nginx
------------------------------------------------------------------------------------
span = 3
trace_id = 6b57d54e50efe74e
span_id = a702a25a819452bd
parent_id = b3f544f48f02f183
start_time = 1682628698139327
end_time = 1682628698142301
inclusive_time = 2974
exclusive_time = 535
process_id = p7
operationName = UploadMovieId
serviceName = movie-id-service
call path = ->/wrk2-api/review/compose_nginx->/wrk2-api/review/compose_nginx->ComposeReview_nginx
------------------------------------------------------------------------------------
span = 4
trace_id = 6b57d54e50efe74e
span_id = ea7fb69bf6d1d59f
parent_id = a702a25a819452bd
start_time = 1682628698139877
end_time = 1682628698142156
inclusive_time = 2279
exclusive_time = 217
process_id = p2
operationName = UploadRating
serviceName = rating-service
call path = ->/wrk2-api/review/compose_nginx->/wrk2-api/review/compose_nginx->ComposeReview_nginx->UploadMovieId_movie-id-service
------------------------------------------------------------------------------------
span = 5
trace_id = 6b57d54e50efe74e
span_id = eae61e01d3261e7f
parent_id = ea7fb69bf6d1d59f
start_time = 1682628698140037
end_time = 1682628698142029
inclusive_time = 1992
exclusive_time = 918
process_id = p4
operationName = UploadRating
serviceName = compose-review-service
call path = ->/wrk2-api/review/compose_nginx->/wrk2-api/review/compose_nginx->ComposeReview_nginx->UploadMovieId_movie-id-service->UploadRating_rating-service
------------------------------------------------------------------------------------
span = 6
trace_id = 6b57d54e50efe74e
span_id = 8212975d964a73e3
parent_id = eae61e01d3261e7f
start_time = 1682628698140829
end_time = 1682628698141903
inclusive_time = 1074
exclusive_time = 17
process_id = p1
operationName = UploadUserReview
serviceName = user-review-service
call path = ->/wrk2-api/review/compose_nginx->/wrk2-api/review/compose_nginx->ComposeReview_nginx->UploadMovieId_movie-id-service->UploadRating_rating-service->UploadRating_compose-review-service
------------------------------------------------------------------------------------
span = 7
trace_id = 6b57d54e50efe74e
span_id = 774dd4cce6b40811
parent_id = 8212975d964a73e3
start_time = 1682628698140846
end_time = 1682628698141907
inclusive_time = 1061
exclusive_time = 1061
process_id = p1
operationName = MongoFindUser
serviceName = user-review-service
call path = ->/wrk2-api/review/compose_nginx->/wrk2-api/review/compose_nginx->ComposeReview_nginx->UploadMovieId_movie-id-service->UploadRating_rating-service->UploadRating_compose-review-service->UploadUserReview_user-review-service
------------------------------------------------------------------------------------
span = 8
trace_id = 6b57d54e50efe74e
span_id = 1e0eb6cad4de8c11
parent_id = a702a25a819452bd
start_time = 1682628698139339
end_time = 1682628698139425
inclusive_time = 86
exclusive_time = 86
process_id = p7
operationName = MmcGetMovieId
serviceName = movie-id-service
call path = ->/wrk2-api/review/compose_nginx->/wrk2-api/review/compose_nginx->ComposeReview_nginx->UploadMovieId_movie-id-service
------------------------------------------------------------------------------------
