span = 0
trace_id = 3f44b8212d966cac
span_id = 3f44b8212d966cac
parent_id = None
start_time = 1682628698048000
end_time = 1682628698052786
inclusive_time = 4786
exclusive_time = 564
process_id = p8
operationName = /wrk2-api/review/compose
serviceName = nginx
------------------------------------------------------------------------------------
span = 1
trace_id = 3f44b8212d966cac
span_id = e83f9d9e71ef7514
parent_id = 3f44b8212d966cac
start_time = 1682628698048564
end_time = 1682628698052786
inclusive_time = 4222
exclusive_time = 107
process_id = p8
operationName = /wrk2-api/review/compose
serviceName = nginx
------------------------------------------------------------------------------------
span = 2
trace_id = 3f44b8212d966cac
span_id = 59d011b9ec4cb23d
parent_id = e83f9d9e71ef7514
start_time = 1682628698048601
end_time = 1682628698052716
inclusive_time = 4115
exclusive_time = 300
process_id = p8
operationName = ComposeReview
serviceName = nginx
------------------------------------------------------------------------------------
span = 3
trace_id = 3f44b8212d966cac
span_id = ef227204856ba31b
parent_id = 59d011b9ec4cb23d
start_time = 1682628698048875
end_time = 1682628698052579
inclusive_time = 3704
exclusive_time = 419
process_id = p6
operationName = UploadMovieId
serviceName = movie-id-service
------------------------------------------------------------------------------------
span = 4
trace_id = 3f44b8212d966cac
span_id = a725811856561d10
parent_id = ef227204856ba31b
start_time = 1682628698049444
end_time = 1682628698052454
inclusive_time = 3010
exclusive_time = 326
process_id = p7
operationName = UploadRating
serviceName = rating-service
------------------------------------------------------------------------------------
span = 5
trace_id = 3f44b8212d966cac
span_id = b7c9ea2b62c609c8
parent_id = a725811856561d10
start_time = 1682628698049644
end_time = 1682628698052328
inclusive_time = 2684
exclusive_time = 1487
process_id = p4
operationName = UploadRating
serviceName = compose-review-service
------------------------------------------------------------------------------------
span = 6
trace_id = 3f44b8212d966cac
span_id = cc5c11bd9c4b852a
parent_id = b7c9ea2b62c609c8
start_time = 1682628698050975
end_time = 1682628698052116
inclusive_time = 1141
exclusive_time = 25
process_id = p1
operationName = UploadUserReview
serviceName = user-review-service
------------------------------------------------------------------------------------
span = 7
trace_id = 3f44b8212d966cac
span_id = 9d8df8da4713016b
parent_id = cc5c11bd9c4b852a
start_time = 1682628698051000
end_time = 1682628698052124
inclusive_time = 1124
exclusive_time = 1124
process_id = p1
operationName = MongoFindUser
serviceName = user-review-service
------------------------------------------------------------------------------------
span = 8
trace_id = 3f44b8212d966cac
span_id = 3b6a5b4dcd6a6cb5
parent_id = ef227204856ba31b
start_time = 1682628698049139
end_time = 1682628698049238
inclusive_time = 99
exclusive_time = 99
process_id = p6
operationName = MmcSetMovieId
serviceName = movie-id-service
------------------------------------------------------------------------------------
span = 9
trace_id = 3f44b8212d966cac
span_id = f9058c159110a34a
parent_id = ef227204856ba31b
start_time = 1682628698048892
end_time = 1682628698048997
inclusive_time = 105
exclusive_time = 105
process_id = p6
operationName = MmcGetMovieId
serviceName = movie-id-service
------------------------------------------------------------------------------------
