span = 0
trace_id = 6aa67c70ef90a804
span_id = 6aa67c70ef90a804
parent_id = None
start_time = 1682628698050000
end_time = 1682628698055205
inclusive_time = 5205
exclusive_time = 713
process_id = p8
operationName = /wrk2-api/review/compose
serviceName = nginx
------------------------------------------------------------------------------------
span = 1
trace_id = 6aa67c70ef90a804
span_id = f788c5d0643095cf
parent_id = 6aa67c70ef90a804
start_time = 1682628698050713
end_time = 1682628698055205
inclusive_time = 4492
exclusive_time = 118
process_id = p8
operationName = /wrk2-api/review/compose
serviceName = nginx
------------------------------------------------------------------------------------
span = 2
trace_id = 6aa67c70ef90a804
span_id = b90ce7a57939d189
parent_id = f788c5d0643095cf
start_time = 1682628698050779
end_time = 1682628698055153
inclusive_time = 4374
exclusive_time = 751
process_id = p8
operationName = ComposeReview
serviceName = nginx
------------------------------------------------------------------------------------
span = 3
trace_id = 6aa67c70ef90a804
span_id = eb8b2f67a1736197
parent_id = b90ce7a57939d189
start_time = 1682628698051173
end_time = 1682628698054611
inclusive_time = 3438
exclusive_time = 383
process_id = p6
operationName = UploadMovieId
serviceName = movie-id-service
------------------------------------------------------------------------------------
span = 4
trace_id = 6aa67c70ef90a804
span_id = 541ed14a354174f8
parent_id = eb8b2f67a1736197
start_time = 1682628698051690
end_time = 1682628698054478
inclusive_time = 2788
exclusive_time = 258
process_id = p7
operationName = UploadRating
serviceName = rating-service
------------------------------------------------------------------------------------
span = 5
trace_id = 6aa67c70ef90a804
span_id = 0da205a8785ac81c
parent_id = 541ed14a354174f8
start_time = 1682628698051831
end_time = 1682628698054319
inclusive_time = 2488
exclusive_time = 867
process_id = p4
operationName = UploadRating
serviceName = compose-review-service
------------------------------------------------------------------------------------
span = 6
trace_id = 6aa67c70ef90a804
span_id = f5d752c39df0a83d
parent_id = 0da205a8785ac81c
start_time = 1682628698052614
end_time = 1682628698054211
inclusive_time = 1597
exclusive_time = 18
process_id = p1
operationName = UploadUserReview
serviceName = user-review-service
------------------------------------------------------------------------------------
span = 7
trace_id = 6aa67c70ef90a804
span_id = 4acac6fbe7ddcd3d
parent_id = f5d752c39df0a83d
start_time = 1682628698052632
end_time = 1682628698054214
inclusive_time = 1582
exclusive_time = 1582
process_id = p1
operationName = MongoFindUser
serviceName = user-review-service
------------------------------------------------------------------------------------
span = 8
trace_id = 6aa67c70ef90a804
span_id = 1c89f396d6f7b79e
parent_id = eb8b2f67a1736197
start_time = 1682628698051466
end_time = 1682628698051560
inclusive_time = 94
exclusive_time = 94
process_id = p6
operationName = MmcSetMovieId
serviceName = movie-id-service
------------------------------------------------------------------------------------
span = 9
trace_id = 6aa67c70ef90a804
span_id = 9bca9e24dd16ec23
parent_id = eb8b2f67a1736197
start_time = 1682628698051187
end_time = 1682628698051308
inclusive_time = 121
exclusive_time = 121
process_id = p6
operationName = MmcGetMovieId
serviceName = movie-id-service
------------------------------------------------------------------------------------
