span = 0
trace_id = 6325bf50027615b0
span_id = 6325bf50027615b0
parent_id = None
start_time = 1682628698092000
end_time = 1682628698096077
inclusive_time = 4077
exclusive_time = 187
process_id = p1
operationName = /wrk2-api/review/compose
serviceName = nginx
call path = 
------------------------------------------------------------------------------------
span = 1
trace_id = 6325bf50027615b0
span_id = 6e197297e6f01746
parent_id = 6325bf50027615b0
start_time = 1682628698092187
end_time = 1682628698096077
inclusive_time = 3890
exclusive_time = 100
process_id = p1
operationName = /wrk2-api/review/compose
serviceName = nginx
call path = ->/wrk2-api/review/compose_nginx
------------------------------------------------------------------------------------
span = 2
trace_id = 6325bf50027615b0
span_id = e435cf77c0db850e
parent_id = 6e197297e6f01746
start_time = 1682628698092231
end_time = 1682628698096021
inclusive_time = 3790
exclusive_time = 483
process_id = p1
operationName = ComposeReview
serviceName = nginx
call path = ->/wrk2-api/review/compose_nginx->/wrk2-api/review/compose_nginx
------------------------------------------------------------------------------------
span = 3
trace_id = 6325bf50027615b0
span_id = bca36baa6e3bda53
parent_id = e435cf77c0db850e
start_time = 1682628698092487
end_time = 1682628698095700
inclusive_time = 3213
exclusive_time = 321
process_id = p5
operationName = UploadMovieId
serviceName = movie-id-service
call path = ->/wrk2-api/review/compose_nginx->/wrk2-api/review/compose_nginx->ComposeReview_nginx
------------------------------------------------------------------------------------
span = 4
trace_id = 6325bf50027615b0
span_id = 6e755ef7d36edb32
parent_id = bca36baa6e3bda53
start_time = 1682628698092956
end_time = 1682628698095603
inclusive_time = 2647
exclusive_time = 300
process_id = p7
operationName = UploadRating
serviceName = rating-service
call path = ->/wrk2-api/review/compose_nginx->/wrk2-api/review/compose_nginx->ComposeReview_nginx->UploadMovieId_movie-id-service
------------------------------------------------------------------------------------
span = 5
trace_id = 6325bf50027615b0
span_id = 2309af5867b089a5
parent_id = 6e755ef7d36edb32
start_time = 1682628698093125
end_time = 1682628698095454
inclusive_time = 2329
exclusive_time = 1046
process_id = p3
operationName = UploadRating
serviceName = compose-review-service
call path = ->/wrk2-api/review/compose_nginx->/wrk2-api/review/compose_nginx->ComposeReview_nginx->UploadMovieId_movie-id-service->UploadRating_rating-service
------------------------------------------------------------------------------------
span = 6
trace_id = 6325bf50027615b0
span_id = a746a6aab7a23e6a
parent_id = 2309af5867b089a5
start_time = 1682628698093980
end_time = 1682628698095170
inclusive_time = 1190
exclusive_time = 18
process_id = p2
operationName = UploadMovieReview
serviceName = movie-review-service
call path = ->/wrk2-api/review/compose_nginx->/wrk2-api/review/compose_nginx->ComposeReview_nginx->UploadMovieId_movie-id-service->UploadRating_rating-service->UploadRating_compose-review-service
------------------------------------------------------------------------------------
span = 7
trace_id = 6325bf50027615b0
span_id = 0635d87829a8baad
parent_id = a746a6aab7a23e6a
start_time = 1682628698093998
end_time = 1682628698095174
inclusive_time = 1176
exclusive_time = 1176
process_id = p2
operationName = MongoFindMovie
serviceName = movie-review-service
call path = ->/wrk2-api/review/compose_nginx->/wrk2-api/review/compose_nginx->ComposeReview_nginx->UploadMovieId_movie-id-service->UploadRating_rating-service->UploadRating_compose-review-service->UploadMovieReview_movie-review-service
------------------------------------------------------------------------------------
span = 8
trace_id = 6325bf50027615b0
span_id = 7f93270b9c20b181
parent_id = bca36baa6e3bda53
start_time = 1682628698092753
end_time = 1682628698092852
inclusive_time = 99
exclusive_time = 99
process_id = p5
operationName = MmcSetMovieId
serviceName = movie-id-service
call path = ->/wrk2-api/review/compose_nginx->/wrk2-api/review/compose_nginx->ComposeReview_nginx->UploadMovieId_movie-id-service
------------------------------------------------------------------------------------
span = 9
trace_id = 6325bf50027615b0
span_id = a58da0fcd2be0d62
parent_id = bca36baa6e3bda53
start_time = 1682628698092505
end_time = 1682628698092599
inclusive_time = 94
exclusive_time = 94
process_id = p5
operationName = MmcGetMovieId
serviceName = movie-id-service
call path = ->/wrk2-api/review/compose_nginx->/wrk2-api/review/compose_nginx->ComposeReview_nginx->UploadMovieId_movie-id-service
------------------------------------------------------------------------------------
