span 0
span_id = 0ed1db5ed8cc2ff3
parent_id = None
start_time = 1682628697948000
end_time = 1682628697953688
inclusive_time = 5688
exclusive_time = 409
process_id = p6
operationName = /wrk2-api/review/compose
serviceName = None
------------------------------------------------------------------------------------
span 1
span_id = 0ccef86273f1af8a
parent_id = 0ed1db5ed8cc2ff3
start_time = 1682628697948409
end_time = 1682628697953688
inclusive_time = 5279
exclusive_time = 105
process_id = p6
operationName = /wrk2-api/review/compose
serviceName = None
------------------------------------------------------------------------------------
span 2
span_id = 1334d436c8a31e6c
parent_id = 0ccef86273f1af8a
start_time = 1682628697948459
end_time = 1682628697953633
inclusive_time = 5174
exclusive_time = 1301
process_id = p6
operationName = ComposeReview
serviceName = None
------------------------------------------------------------------------------------
span 3
span_id = 9e886ae1ceffecde
parent_id = 1334d436c8a31e6c
start_time = 1682628697948779
end_time = 1682628697952652
inclusive_time = 3873
exclusive_time = 730
process_id = p8
operationName = UploadMovieId
serviceName = None
------------------------------------------------------------------------------------
span 4
span_id = a1c57a6002fb66c4
parent_id = 9e886ae1ceffecde
start_time = 1682628697949724
end_time = 1682628697952543
inclusive_time = 2819
exclusive_time = 318
process_id = p4
operationName = UploadRating
serviceName = None
------------------------------------------------------------------------------------
span 5
span_id = 5b412ce59069bd6a
parent_id = a1c57a6002fb66c4
start_time = 1682628697949876
end_time = 1682628697952362
inclusive_time = 2486
exclusive_time = 1074
process_id = p3
operationName = UploadRating
serviceName = None
------------------------------------------------------------------------------------
span 6
span_id = e6596378ad853b0d
parent_id = 5b412ce59069bd6a
start_time = 1682628697950979
end_time = 1682628697952267
inclusive_time = 1288
exclusive_time = 30
process_id = p7
operationName = UploadMovieReview
serviceName = None
------------------------------------------------------------------------------------
span 7
span_id = 0e23034e1c0d6de1
parent_id = e6596378ad853b0d
start_time = 1682628697951009
end_time = 1682628697952271
inclusive_time = 1262
exclusive_time = 1262
process_id = p7
operationName = MongoFindMovie
serviceName = None
------------------------------------------------------------------------------------
span 8
span_id = 392e8a9849511921
parent_id = 9e886ae1ceffecde
start_time = 1682628697949361
end_time = 1682628697949524
inclusive_time = 163
exclusive_time = 163
process_id = p8
operationName = MmcSetMovieId
serviceName = None
------------------------------------------------------------------------------------
span 9
span_id = faeafd07c1317687
parent_id = 9e886ae1ceffecde
start_time = 1682628697948792
end_time = 1682628697948953
inclusive_time = 161
exclusive_time = 161
process_id = p8
operationName = MmcGetMovieId
serviceName = None
------------------------------------------------------------------------------------
