span = 0
span_id = 200d51b799aa1b2b
parent_id = None
start_time = 1682628697874000
end_time = 1682628697878371
inclusive_time = 4371
exclusive_time = 606
process_id = p2
operationName = /wrk2-api/review/compose
serviceName = nginx
------------------------------------------------------------------------------------
span = 1
span_id = 7d0da32e824ff168
parent_id = 200d51b799aa1b2b
start_time = 1682628697874606
end_time = 1682628697878371
inclusive_time = 3765
exclusive_time = 86
process_id = p2
operationName = /wrk2-api/review/compose
serviceName = nginx
------------------------------------------------------------------------------------
span = 2
span_id = aa793734d425faaf
parent_id = 7d0da32e824ff168
start_time = 1682628697874650
end_time = 1682628697878329
inclusive_time = 3679
exclusive_time = 445
process_id = p2
operationName = ComposeReview
serviceName = nginx
------------------------------------------------------------------------------------
span = 3
span_id = 0a9e1ac1e385eb5a
parent_id = aa793734d425faaf
start_time = 1682628697874979
end_time = 1682628697878115
inclusive_time = 3136
exclusive_time = 396
process_id = p4
operationName = UploadMovieId
serviceName = movie-id-service
------------------------------------------------------------------------------------
span = 4
span_id = 6cf58d9f2631b061
parent_id = 0a9e1ac1e385eb5a
start_time = 1682628697875406
end_time = 1682628697877942
inclusive_time = 2536
exclusive_time = 249
process_id = p7
operationName = UploadRating
serviceName = rating-service
------------------------------------------------------------------------------------
span = 5
span_id = cc16d39b6be53144
parent_id = 6cf58d9f2631b061
start_time = 1682628697875555
end_time = 1682628697877823
inclusive_time = 2268
exclusive_time = 991
process_id = p3
operationName = UploadRating
serviceName = compose-review-service
------------------------------------------------------------------------------------
span = 6
span_id = f75ebcef2df1cd21
parent_id = cc16d39b6be53144
start_time = 1682628697876648
end_time = 1682628697877697
inclusive_time = 1049
exclusive_time = 23
process_id = p1
operationName = UploadUserReview
serviceName = user-review-service
------------------------------------------------------------------------------------
span = 7
span_id = d998e88d34cfccc8
parent_id = f75ebcef2df1cd21
start_time = 1682628697876671
end_time = 1682628697877701
inclusive_time = 1030
exclusive_time = 1030
process_id = p1
operationName = MongoFindUser
serviceName = user-review-service
------------------------------------------------------------------------------------
span = 8
span_id = 5f233947686d9bf7
parent_id = 0a9e1ac1e385eb5a
start_time = 1682628697875216
end_time = 1682628697875312
inclusive_time = 96
exclusive_time = 96
process_id = p4
operationName = MmcSetMovieId
serviceName = movie-id-service
------------------------------------------------------------------------------------
span = 9
span_id = 53a986ce227f7d16
parent_id = 0a9e1ac1e385eb5a
start_time = 1682628697874997
end_time = 1682628697875090
inclusive_time = 93
exclusive_time = 93
process_id = p4
operationName = MmcGetMovieId
serviceName = movie-id-service
------------------------------------------------------------------------------------
