span 0
span_id = 22765300f87c3e28
parent_id = None
start_time = 1682628698043000
end_time = 1682628698047407
inclusive_time = 4407
exclusive_time = 122
process_id = p8
operationName = /wrk2-api/review/compose
serviceName = None
------------------------------------------------------------------------------------
span 1
span_id = 6a25741afde4a9c2
parent_id = 22765300f87c3e28
start_time = 1682628698043122
end_time = 1682628698047407
inclusive_time = 4285
exclusive_time = 105
process_id = p8
operationName = /wrk2-api/review/compose
serviceName = None
------------------------------------------------------------------------------------
span 2
span_id = bd0244cea7afbeb2
parent_id = 6a25741afde4a9c2
start_time = 1682628698043171
end_time = 1682628698047351
inclusive_time = 4180
exclusive_time = 288
process_id = p8
operationName = ComposeReview
serviceName = None
------------------------------------------------------------------------------------
span 3
span_id = c84044c6b1005ce0
parent_id = bd0244cea7afbeb2
start_time = 1682628698043483
end_time = 1682628698047272
inclusive_time = 3789
exclusive_time = 277
process_id = p6
operationName = UploadMovieId
serviceName = None
------------------------------------------------------------------------------------
span 4
span_id = 2f16ddb8c20ae44e
parent_id = c84044c6b1005ce0
start_time = 1682628698043915
end_time = 1682628698047171
inclusive_time = 3256
exclusive_time = 293
process_id = p7
operationName = UploadRating
serviceName = None
------------------------------------------------------------------------------------
span 5
span_id = 60f2befcd424b4da
parent_id = 2f16ddb8c20ae44e
start_time = 1682628698044156
end_time = 1682628698046990
inclusive_time = 2834
exclusive_time = 1454
process_id = p1
operationName = UploadRating
serviceName = None
------------------------------------------------------------------------------------
span 6
span_id = fd916fe0fa0e0029
parent_id = 60f2befcd424b4da
start_time = 1682628698045458
end_time = 1682628698046838
inclusive_time = 1380
exclusive_time = 29
process_id = p2
operationName = UploadUserReview
serviceName = None
------------------------------------------------------------------------------------
span 7
span_id = 1ed7933003e90bf8
parent_id = fd916fe0fa0e0029
start_time = 1682628698045487
end_time = 1682628698046844
inclusive_time = 1357
exclusive_time = 1357
process_id = p2
operationName = MongoFindUser
serviceName = None
------------------------------------------------------------------------------------
span 8
span_id = 889caf1c33809786
parent_id = c84044c6b1005ce0
start_time = 1682628698043755
end_time = 1682628698043866
inclusive_time = 111
exclusive_time = 111
process_id = p6
operationName = MmcSetMovieId
serviceName = None
------------------------------------------------------------------------------------
span 9
span_id = 82838359b225bcba
parent_id = c84044c6b1005ce0
start_time = 1682628698043499
end_time = 1682628698043622
inclusive_time = 123
exclusive_time = 123
process_id = p6
operationName = MmcGetMovieId
serviceName = None
------------------------------------------------------------------------------------
