span = 0
trace_id = d3ab8d0d0fa2cccf
span_id = d3ab8d0d0fa2cccf
parent_id = None
start_time = 1682628697924000
end_time = 1682628697929628
inclusive_time = 5628
exclusive_time = 847
process_id = p8
operationName = /wrk2-api/review/compose
serviceName = nginx
call path = 
------------------------------------------------------------------------------------
span = 1
trace_id = d3ab8d0d0fa2cccf
span_id = 91472fbf2e2c5026
parent_id = d3ab8d0d0fa2cccf
start_time = 1682628697924847
end_time = 1682628697929628
inclusive_time = 4781
exclusive_time = 103
process_id = p8
operationName = /wrk2-api/review/compose
serviceName = nginx
call path = ->/wrk2-api/review/compose_nginx
------------------------------------------------------------------------------------
span = 2
trace_id = d3ab8d0d0fa2cccf
span_id = c8799f0f1550113f
parent_id = 91472fbf2e2c5026
start_time = 1682628697924891
end_time = 1682628697929569
inclusive_time = 4678
exclusive_time = 997
process_id = p8
operationName = ComposeReview
serviceName = nginx
call path = ->/wrk2-api/review/compose_nginx->/wrk2-api/review/compose_nginx
------------------------------------------------------------------------------------
span = 3
trace_id = d3ab8d0d0fa2cccf
span_id = 12ca911947a616a8
parent_id = c8799f0f1550113f
start_time = 1682628697925220
end_time = 1682628697928773
inclusive_time = 3553
exclusive_time = 460
process_id = p7
operationName = UploadMovieId
serviceName = movie-id-service
call path = ->/wrk2-api/review/compose_nginx->/wrk2-api/review/compose_nginx->ComposeReview_nginx
------------------------------------------------------------------------------------
span = 4
trace_id = d3ab8d0d0fa2cccf
span_id = 95f33b69f6aaa3d0
parent_id = 12ca911947a616a8
start_time = 1682628697925731
end_time = 1682628697928603
inclusive_time = 2872
exclusive_time = 272
process_id = p5
operationName = UploadRating
serviceName = rating-service
call path = ->/wrk2-api/review/compose_nginx->/wrk2-api/review/compose_nginx->ComposeReview_nginx->UploadMovieId_movie-id-service
------------------------------------------------------------------------------------
span = 5
trace_id = d3ab8d0d0fa2cccf
span_id = bcfda3a99d4fbdbb
parent_id = 95f33b69f6aaa3d0
start_time = 1682628697925915
end_time = 1682628697928484
inclusive_time = 2569
exclusive_time = 1439
process_id = p4
operationName = UploadRating
serviceName = compose-review-service
call path = ->/wrk2-api/review/compose_nginx->/wrk2-api/review/compose_nginx->ComposeReview_nginx->UploadMovieId_movie-id-service->UploadRating_rating-service
------------------------------------------------------------------------------------
span = 6
trace_id = d3ab8d0d0fa2cccf
span_id = 2b523dba066bc7d1
parent_id = bcfda3a99d4fbdbb
start_time = 1682628697927179
end_time = 1682628697928221
inclusive_time = 1042
exclusive_time = 28
process_id = p1
operationName = UploadMovieReview
serviceName = movie-review-service
call path = ->/wrk2-api/review/compose_nginx->/wrk2-api/review/compose_nginx->ComposeReview_nginx->UploadMovieId_movie-id-service->UploadRating_rating-service->UploadRating_compose-review-service
------------------------------------------------------------------------------------
span = 7
trace_id = d3ab8d0d0fa2cccf
span_id = 44a4581b06c688d9
parent_id = 2b523dba066bc7d1
start_time = 1682628697927207
end_time = 1682628697928226
inclusive_time = 1019
exclusive_time = 1019
process_id = p1
operationName = MongoFindMovie
serviceName = movie-review-service
call path = ->/wrk2-api/review/compose_nginx->/wrk2-api/review/compose_nginx->ComposeReview_nginx->UploadMovieId_movie-id-service->UploadRating_rating-service->UploadRating_compose-review-service->UploadMovieReview_movie-review-service
------------------------------------------------------------------------------------
span = 8
trace_id = d3ab8d0d0fa2cccf
span_id = 5ecbd9933ba74636
parent_id = 12ca911947a616a8
start_time = 1682628697925493
end_time = 1682628697925614
inclusive_time = 121
exclusive_time = 121
process_id = p7
operationName = MmcSetMovieId
serviceName = movie-id-service
call path = ->/wrk2-api/review/compose_nginx->/wrk2-api/review/compose_nginx->ComposeReview_nginx->UploadMovieId_movie-id-service
------------------------------------------------------------------------------------
span = 9
trace_id = d3ab8d0d0fa2cccf
span_id = ec31d082e52eb962
parent_id = 12ca911947a616a8
start_time = 1682628697925241
end_time = 1682628697925341
inclusive_time = 100
exclusive_time = 100
process_id = p7
operationName = MmcGetMovieId
serviceName = movie-id-service
call path = ->/wrk2-api/review/compose_nginx->/wrk2-api/review/compose_nginx->ComposeReview_nginx->UploadMovieId_movie-id-service
------------------------------------------------------------------------------------
