span = 0
trace_id = fc4d7e2d873d8f57
span_id = fc4d7e2d873d8f57
parent_id = None
start_time = 1682628698257000
end_time = 1682628698261908
inclusive_time = 4908
exclusive_time = 1123
process_id = p3
operationName = /wrk2-api/review/compose
serviceName = nginx
call path = 
------------------------------------------------------------------------------------
span = 1
trace_id = fc4d7e2d873d8f57
span_id = d7ac9d224eca2478
parent_id = fc4d7e2d873d8f57
start_time = 1682628698258123
end_time = 1682628698261908
inclusive_time = 3785
exclusive_time = 90
process_id = p3
operationName = /wrk2-api/review/compose
serviceName = nginx
call path = ->/wrk2-api/review/compose_nginx
------------------------------------------------------------------------------------
span = 2
trace_id = fc4d7e2d873d8f57
span_id = 7c5854d6040278c0
parent_id = d7ac9d224eca2478
start_time = 1682628698258155
end_time = 1682628698261850
inclusive_time = 3695
exclusive_time = 258
process_id = p3
operationName = ComposeReview
serviceName = nginx
call path = ->/wrk2-api/review/compose_nginx->/wrk2-api/review/compose_nginx
------------------------------------------------------------------------------------
span = 3
trace_id = fc4d7e2d873d8f57
span_id = 51d6615720577720
parent_id = 7c5854d6040278c0
start_time = 1682628698258441
end_time = 1682628698261752
inclusive_time = 3311
exclusive_time = 356
process_id = p6
operationName = UploadMovieId
serviceName = movie-id-service
call path = ->/wrk2-api/review/compose_nginx->/wrk2-api/review/compose_nginx->ComposeReview_nginx
------------------------------------------------------------------------------------
span = 4
trace_id = fc4d7e2d873d8f57
span_id = 6384a664491adf0a
parent_id = 51d6615720577720
start_time = 1682628698258860
end_time = 1682628698261622
inclusive_time = 2762
exclusive_time = 243
process_id = p10
operationName = UploadRating
serviceName = rating-service
call path = ->/wrk2-api/review/compose_nginx->/wrk2-api/review/compose_nginx->ComposeReview_nginx->UploadMovieId_movie-id-service
------------------------------------------------------------------------------------
span = 5
trace_id = fc4d7e2d873d8f57
span_id = a4eb4614a1492c07
parent_id = 6384a664491adf0a
start_time = 1682628698259010
end_time = 1682628698261511
inclusive_time = 2501
exclusive_time = 1237
process_id = p5
operationName = UploadRating
serviceName = compose-review-service
call path = ->/wrk2-api/review/compose_nginx->/wrk2-api/review/compose_nginx->ComposeReview_nginx->UploadMovieId_movie-id-service->UploadRating_rating-service
------------------------------------------------------------------------------------
span = 6
trace_id = fc4d7e2d873d8f57
span_id = 4d9226e7c74a7f14
parent_id = a4eb4614a1492c07
start_time = 1682628698260370
end_time = 1682628698261380
inclusive_time = 1010
exclusive_time = 18
process_id = p4
operationName = UploadUserReview
serviceName = user-review-service
call path = ->/wrk2-api/review/compose_nginx->/wrk2-api/review/compose_nginx->ComposeReview_nginx->UploadMovieId_movie-id-service->UploadRating_rating-service->UploadRating_compose-review-service
------------------------------------------------------------------------------------
span = 7
trace_id = fc4d7e2d873d8f57
span_id = 3de97fa661da15db
parent_id = 4d9226e7c74a7f14
start_time = 1682628698260388
end_time = 1682628698261383
inclusive_time = 995
exclusive_time = 995
process_id = p4
operationName = MongoFindUser
serviceName = user-review-service
call path = ->/wrk2-api/review/compose_nginx->/wrk2-api/review/compose_nginx->ComposeReview_nginx->UploadMovieId_movie-id-service->UploadRating_rating-service->UploadRating_compose-review-service->UploadUserReview_user-review-service
------------------------------------------------------------------------------------
span = 8
trace_id = fc4d7e2d873d8f57
span_id = 350a1964ce8d294b
parent_id = 51d6615720577720
start_time = 1682628698258719
end_time = 1682628698258819
inclusive_time = 100
exclusive_time = 100
process_id = p6
operationName = MmcSetMovieId
serviceName = movie-id-service
call path = ->/wrk2-api/review/compose_nginx->/wrk2-api/review/compose_nginx->ComposeReview_nginx->UploadMovieId_movie-id-service
------------------------------------------------------------------------------------
span = 9
trace_id = fc4d7e2d873d8f57
span_id = bfc99294bd07df28
parent_id = 51d6615720577720
start_time = 1682628698258459
end_time = 1682628698258552
inclusive_time = 93
exclusive_time = 93
process_id = p6
operationName = MmcGetMovieId
serviceName = movie-id-service
call path = ->/wrk2-api/review/compose_nginx->/wrk2-api/review/compose_nginx->ComposeReview_nginx->UploadMovieId_movie-id-service
------------------------------------------------------------------------------------
