span = 0
trace_id = 871308eff6cad448
span_id = 871308eff6cad448
parent_id = None
start_time = 1682628698060000
end_time = 1682628698064580
inclusive_time = 4580
exclusive_time = 454
process_id = p8
operationName = /wrk2-api/review/compose
serviceName = nginx
------------------------------------------------------------------------------------
span = 1
trace_id = 871308eff6cad448
span_id = b403ae13594b22a4
parent_id = 871308eff6cad448
start_time = 1682628698060453
end_time = 1682628698064579
inclusive_time = 4126
exclusive_time = 92
process_id = p8
operationName = /wrk2-api/review/compose
serviceName = nginx
------------------------------------------------------------------------------------
span = 2
trace_id = 871308eff6cad448
span_id = 0b40d82b562a3b92
parent_id = b403ae13594b22a4
start_time = 1682628698060503
end_time = 1682628698064537
inclusive_time = 4034
exclusive_time = 297
process_id = p8
operationName = ComposeReview
serviceName = nginx
------------------------------------------------------------------------------------
span = 3
trace_id = 871308eff6cad448
span_id = 5c152c9e3e6550a3
parent_id = 0b40d82b562a3b92
start_time = 1682628698060822
end_time = 1682628698064440
inclusive_time = 3618
exclusive_time = 439
process_id = p5
operationName = UploadMovieId
serviceName = movie-id-service
------------------------------------------------------------------------------------
span = 4
trace_id = 871308eff6cad448
span_id = b5f12790d43f9981
parent_id = 5c152c9e3e6550a3
start_time = 1682628698061682
end_time = 1682628698064312
inclusive_time = 2630
exclusive_time = 257
process_id = p7
operationName = UploadRating
serviceName = rating-service
------------------------------------------------------------------------------------
span = 5
trace_id = 871308eff6cad448
span_id = 6d5a22695e8c5914
parent_id = b5f12790d43f9981
start_time = 1682628698061936
end_time = 1682628698064181
inclusive_time = 2245
exclusive_time = 1054
process_id = p3
operationName = UploadRating
serviceName = compose-review-service
------------------------------------------------------------------------------------
span = 6
trace_id = 871308eff6cad448
span_id = 45064f5de48fe245
parent_id = 6d5a22695e8c5914
start_time = 1682628698062930
end_time = 1682628698064054
inclusive_time = 1124
exclusive_time = 28
process_id = p6
operationName = UploadUserReview
serviceName = user-review-service
------------------------------------------------------------------------------------
span = 7
trace_id = 871308eff6cad448
span_id = ab7c50da908cf711
parent_id = 45064f5de48fe245
start_time = 1682628698062958
end_time = 1682628698064059
inclusive_time = 1101
exclusive_time = 1101
process_id = p6
operationName = MongoFindUser
serviceName = user-review-service
------------------------------------------------------------------------------------
span = 8
trace_id = 871308eff6cad448
span_id = 6f0d16f3c913c7eb
parent_id = 5c152c9e3e6550a3
start_time = 1682628698061338
end_time = 1682628698061666
inclusive_time = 328
exclusive_time = 328
process_id = p3
operationName = UploadMovieId
serviceName = compose-review-service
------------------------------------------------------------------------------------
span = 9
trace_id = 871308eff6cad448
span_id = 143358c27bede5b1
parent_id = 5c152c9e3e6550a3
start_time = 1682628698061141
end_time = 1682628698061260
inclusive_time = 119
exclusive_time = 119
process_id = p5
operationName = MmcSetMovieId
serviceName = movie-id-service
------------------------------------------------------------------------------------
span = 10
trace_id = 871308eff6cad448
span_id = ad8681daa3890be8
parent_id = 5c152c9e3e6550a3
start_time = 1682628698060844
end_time = 1682628698060946
inclusive_time = 102
exclusive_time = 102
process_id = p5
operationName = MmcGetMovieId
serviceName = movie-id-service
------------------------------------------------------------------------------------
