span 0
span_id = 553a37ad8a6cbe58
parent_id = None
start_time = 1682628698210000
end_time = 1682628698215185
inclusive_time = 5185
exclusive_time = 653
process_id = p6
operationName = /wrk2-api/review/compose
serviceName = None
------------------------------------------------------------------------------------
span 1
span_id = b79ebfcef3fc6294
parent_id = 553a37ad8a6cbe58
start_time = 1682628698210653
end_time = 1682628698215185
inclusive_time = 4532
exclusive_time = 125
process_id = p6
operationName = /wrk2-api/review/compose
serviceName = None
------------------------------------------------------------------------------------
span 2
span_id = bdf07318604d6443
parent_id = b79ebfcef3fc6294
start_time = 1682628698210719
end_time = 1682628698215126
inclusive_time = 4407
exclusive_time = 236
process_id = p6
operationName = ComposeReview
serviceName = None
------------------------------------------------------------------------------------
span 3
span_id = daf6a332d783c6ae
parent_id = bdf07318604d6443
start_time = 1682628698211014
end_time = 1682628698215054
inclusive_time = 4040
exclusive_time = 490
process_id = p3
operationName = UploadMovieId
serviceName = None
------------------------------------------------------------------------------------
span 4
span_id = e136256ee89f0599
parent_id = daf6a332d783c6ae
start_time = 1682628698211654
end_time = 1682628698214889
inclusive_time = 3235
exclusive_time = 327
process_id = p10
operationName = UploadRating
serviceName = None
------------------------------------------------------------------------------------
span 5
span_id = 235017a12a80887b
parent_id = e136256ee89f0599
start_time = 1682628698212096
end_time = 1682628698214777
inclusive_time = 2681
exclusive_time = 1437
process_id = p2
operationName = UploadRating
serviceName = None
------------------------------------------------------------------------------------
span 6
span_id = eb7194f8773ee1f7
parent_id = 235017a12a80887b
start_time = 1682628698213330
end_time = 1682628698214574
inclusive_time = 1244
exclusive_time = 64
process_id = p1
operationName = UploadUserReview
serviceName = None
------------------------------------------------------------------------------------
span 7
span_id = b1fbb0686ecfa9f2
parent_id = eb7194f8773ee1f7
start_time = 1682628698213394
end_time = 1682628698214579
inclusive_time = 1185
exclusive_time = 1185
process_id = p1
operationName = MongoFindUser
serviceName = None
------------------------------------------------------------------------------------
span 8
span_id = 26f086dcf44d1918
parent_id = e136256ee89f0599
start_time = 1682628698211767
end_time = 1682628698211994
inclusive_time = 227
exclusive_time = 227
process_id = p10
operationName = RedisInsert
serviceName = None
------------------------------------------------------------------------------------
span 9
span_id = ea26d94afa9baeb8
parent_id = daf6a332d783c6ae
start_time = 1682628698211484
end_time = 1682628698211632
inclusive_time = 148
exclusive_time = 148
process_id = p3
operationName = MmcSetMovieId
serviceName = None
------------------------------------------------------------------------------------
span 10
span_id = c02a2297b409955a
parent_id = daf6a332d783c6ae
start_time = 1682628698211032
end_time = 1682628698211177
inclusive_time = 145
exclusive_time = 145
process_id = p3
operationName = MmcGetMovieId
serviceName = None
------------------------------------------------------------------------------------
