span = 0
trace_id = 6fb061eb80c48214
span_id = 6fb061eb80c48214
parent_id = None
start_time = 1682628697903000
end_time = 1682628697906810
inclusive_time = 3810
exclusive_time = 530
process_id = p1
operationName = /wrk2-api/review/compose
serviceName = nginx
------------------------------------------------------------------------------------
span = 1
trace_id = 6fb061eb80c48214
span_id = ced627e354a7876d
parent_id = 6fb061eb80c48214
start_time = 1682628697903530
end_time = 1682628697906810
inclusive_time = 3280
exclusive_time = 103
process_id = p1
operationName = /wrk2-api/review/compose
serviceName = nginx
------------------------------------------------------------------------------------
span = 2
trace_id = 6fb061eb80c48214
span_id = c981623a60a60f93
parent_id = ced627e354a7876d
start_time = 1682628697903576
end_time = 1682628697906753
inclusive_time = 3177
exclusive_time = 320
process_id = p1
operationName = ComposeReview
serviceName = nginx
------------------------------------------------------------------------------------
span = 3
trace_id = 6fb061eb80c48214
span_id = 322599411154f004
parent_id = c981623a60a60f93
start_time = 1682628697903836
end_time = 1682628697906604
inclusive_time = 2768
exclusive_time = 329
process_id = p3
operationName = UploadMovieId
serviceName = movie-id-service
------------------------------------------------------------------------------------
span = 4
trace_id = 6fb061eb80c48214
span_id = 3ddc2072d1886dfc
parent_id = 322599411154f004
start_time = 1682628697904285
end_time = 1682628697906462
inclusive_time = 2177
exclusive_time = 1125
process_id = p2
operationName = UploadMovieId
serviceName = compose-review-service
------------------------------------------------------------------------------------
span = 5
trace_id = 6fb061eb80c48214
span_id = 02d0e6157571d6e1
parent_id = 3ddc2072d1886dfc
start_time = 1682628697905319
end_time = 1682628697906365
inclusive_time = 1046
exclusive_time = 27
process_id = p4
operationName = UploadMovieReview
serviceName = movie-review-service
------------------------------------------------------------------------------------
span = 6
trace_id = 6fb061eb80c48214
span_id = 3fd81f07e9a9ecf5
parent_id = 02d0e6157571d6e1
start_time = 1682628697905346
end_time = 1682628697906368
inclusive_time = 1022
exclusive_time = 1022
process_id = p4
operationName = MongoFindMovie
serviceName = movie-review-service
------------------------------------------------------------------------------------
span = 7
trace_id = 6fb061eb80c48214
span_id = 6bca5a28e7cab2e1
parent_id = 322599411154f004
start_time = 1682628697904121
end_time = 1682628697904222
inclusive_time = 101
exclusive_time = 101
process_id = p3
operationName = MmcSetMovieId
serviceName = movie-id-service
------------------------------------------------------------------------------------
span = 8
trace_id = 6fb061eb80c48214
span_id = 5cf2464c1a810900
parent_id = 322599411154f004
start_time = 1682628697903854
end_time = 1682628697903972
inclusive_time = 118
exclusive_time = 118
process_id = p3
operationName = MmcGetMovieId
serviceName = movie-id-service
------------------------------------------------------------------------------------
