span = 0
span_id = ea73705128459046
parent_id = None
start_time = 1682628698114000
end_time = 1682628698120043
inclusive_time = 6043
exclusive_time = 860
process_id = p5
operationName = /wrk2-api/review/compose
serviceName = nginx
------------------------------------------------------------------------------------
span = 1
span_id = 410a774011133042
parent_id = ea73705128459046
start_time = 1682628698114859
end_time = 1682628698120042
inclusive_time = 5183
exclusive_time = 131
process_id = p5
operationName = /wrk2-api/review/compose
serviceName = nginx
------------------------------------------------------------------------------------
span = 2
span_id = 1c779347b7b67ced
parent_id = 410a774011133042
start_time = 1682628698114906
end_time = 1682628698119958
inclusive_time = 5052
exclusive_time = 408
process_id = p5
operationName = ComposeReview
serviceName = nginx
------------------------------------------------------------------------------------
span = 3
span_id = 75b510e79e4bd7c4
parent_id = 1c779347b7b67ced
start_time = 1682628698115205
end_time = 1682628698119736
inclusive_time = 4531
exclusive_time = 454
process_id = p2
operationName = UploadMovieId
serviceName = movie-id-service
------------------------------------------------------------------------------------
span = 4
span_id = b905368f4d0414df
parent_id = 75b510e79e4bd7c4
start_time = 1682628698115727
end_time = 1682628698119604
inclusive_time = 3877
exclusive_time = 335
process_id = p4
operationName = UploadRating
serviceName = rating-service
------------------------------------------------------------------------------------
span = 5
span_id = cce8f8e9b93ed27e
parent_id = b905368f4d0414df
start_time = 1682628698115883
end_time = 1682628698119394
inclusive_time = 3511
exclusive_time = 1218
process_id = p6
operationName = UploadRating
serviceName = compose-review-service
------------------------------------------------------------------------------------
span = 6
span_id = 3a3bd48e0a3165ce
parent_id = cce8f8e9b93ed27e
start_time = 1682628698117138
end_time = 1682628698119225
inclusive_time = 2087
exclusive_time = 27
process_id = p3
operationName = UploadUserReview
serviceName = user-review-service
------------------------------------------------------------------------------------
span = 7
span_id = 24c5b4553e6b678b
parent_id = 3a3bd48e0a3165ce
start_time = 1682628698117165
end_time = 1682628698119232
inclusive_time = 2067
exclusive_time = 2067
process_id = p3
operationName = MongoFindUser
serviceName = user-review-service
------------------------------------------------------------------------------------
span = 8
span_id = f32160a9769789ab
parent_id = 75b510e79e4bd7c4
start_time = 1682628698115547
end_time = 1682628698115645
inclusive_time = 98
exclusive_time = 98
process_id = p2
operationName = MmcSetMovieId
serviceName = movie-id-service
------------------------------------------------------------------------------------
span = 9
span_id = 7efeda3c97831223
parent_id = 75b510e79e4bd7c4
start_time = 1682628698115217
end_time = 1682628698115319
inclusive_time = 102
exclusive_time = 102
process_id = p2
operationName = MmcGetMovieId
serviceName = movie-id-service
------------------------------------------------------------------------------------
