span = 0
trace_id = c37cf614c3af83cc
span_id = c37cf614c3af83cc
parent_id = None
start_time = 1682628698215000
end_time = 1682628698219738
inclusive_time = 4738
exclusive_time = 369
process_id = p6
operationName = /wrk2-api/review/compose
serviceName = nginx
------------------------------------------------------------------------------------
span = 1
trace_id = c37cf614c3af83cc
span_id = 60eceaa8d5999c95
parent_id = c37cf614c3af83cc
start_time = 1682628698215368
end_time = 1682628698219737
inclusive_time = 4369
exclusive_time = 87
process_id = p6
operationName = /wrk2-api/review/compose
serviceName = nginx
------------------------------------------------------------------------------------
span = 2
trace_id = c37cf614c3af83cc
span_id = d5f99d9e7e431477
parent_id = 60eceaa8d5999c95
start_time = 1682628698215403
end_time = 1682628698219685
inclusive_time = 4282
exclusive_time = 617
process_id = p6
operationName = ComposeReview
serviceName = nginx
------------------------------------------------------------------------------------
span = 3
trace_id = c37cf614c3af83cc
span_id = 8d30689be10ff7b8
parent_id = d5f99d9e7e431477
start_time = 1682628698215683
end_time = 1682628698219222
inclusive_time = 3539
exclusive_time = 764
process_id = p3
operationName = UploadMovieId
serviceName = movie-id-service
------------------------------------------------------------------------------------
span = 4
trace_id = c37cf614c3af83cc
span_id = 452587dc7b9c2478
parent_id = 8d30689be10ff7b8
start_time = 1682628698216350
end_time = 1682628698218894
inclusive_time = 2544
exclusive_time = 1313
process_id = p2
operationName = UploadMovieId
serviceName = compose-review-service
------------------------------------------------------------------------------------
span = 5
trace_id = c37cf614c3af83cc
span_id = d51d2ab87676c362
parent_id = 452587dc7b9c2478
start_time = 1682628698217592
end_time = 1682628698218778
inclusive_time = 1186
exclusive_time = 21
process_id = p1
operationName = UploadUserReview
serviceName = user-review-service
------------------------------------------------------------------------------------
span = 6
trace_id = c37cf614c3af83cc
span_id = e4b285b727779182
parent_id = d51d2ab87676c362
start_time = 1682628698217613
end_time = 1682628698218783
inclusive_time = 1170
exclusive_time = 1170
process_id = p1
operationName = MongoFindUser
serviceName = user-review-service
------------------------------------------------------------------------------------
span = 7
trace_id = c37cf614c3af83cc
span_id = c710cf0bd3012765
parent_id = 8d30689be10ff7b8
start_time = 1682628698216073
end_time = 1682628698216180
inclusive_time = 107
exclusive_time = 107
process_id = p3
operationName = MmcSetMovieId
serviceName = movie-id-service
------------------------------------------------------------------------------------
span = 8
trace_id = c37cf614c3af83cc
span_id = 8a79147e4025536e
parent_id = 8d30689be10ff7b8
start_time = 1682628698215700
end_time = 1682628698215815
inclusive_time = 115
exclusive_time = 115
process_id = p3
operationName = MmcGetMovieId
serviceName = movie-id-service
------------------------------------------------------------------------------------
