span = 0
trace_id = fe819ec6d78d7731
span_id = fe819ec6d78d7731
parent_id = None
start_time = 1682628698187000
end_time = 1682628698192011
inclusive_time = 5011
exclusive_time = 1007
process_id = p7
operationName = /wrk2-api/review/compose
serviceName = nginx
------------------------------------------------------------------------------------
span = 1
trace_id = fe819ec6d78d7731
span_id = 953037db2e89980e
parent_id = fe819ec6d78d7731
start_time = 1682628698188006
end_time = 1682628698192010
inclusive_time = 4004
exclusive_time = 110
process_id = p7
operationName = /wrk2-api/review/compose
serviceName = nginx
------------------------------------------------------------------------------------
span = 2
trace_id = fe819ec6d78d7731
span_id = 22d4f3bb03fb4ecb
parent_id = 953037db2e89980e
start_time = 1682628698188066
end_time = 1682628698191960
inclusive_time = 3894
exclusive_time = 278
process_id = p7
operationName = ComposeReview
serviceName = nginx
------------------------------------------------------------------------------------
span = 3
trace_id = fe819ec6d78d7731
span_id = 31b93b0efa367d51
parent_id = 22d4f3bb03fb4ecb
start_time = 1682628698188715
end_time = 1682628698191877
inclusive_time = 3162
exclusive_time = 401
process_id = p5
operationName = UploadMovieId
serviceName = movie-id-service
------------------------------------------------------------------------------------
span = 4
trace_id = fe819ec6d78d7731
span_id = d16b4a948d5d84fd
parent_id = 31b93b0efa367d51
start_time = 1682628698189123
end_time = 1682628698191750
inclusive_time = 2627
exclusive_time = 313
process_id = p10
operationName = UploadRating
serviceName = rating-service
------------------------------------------------------------------------------------
span = 5
trace_id = fe819ec6d78d7731
span_id = 63deae4eccd2272a
parent_id = d16b4a948d5d84fd
start_time = 1682628698189322
end_time = 1682628698191636
inclusive_time = 2314
exclusive_time = 994
process_id = p4
operationName = UploadRating
serviceName = compose-review-service
------------------------------------------------------------------------------------
span = 6
trace_id = fe819ec6d78d7731
span_id = 79ebd1ae28af8e7f
parent_id = 63deae4eccd2272a
start_time = 1682628698190385
end_time = 1682628698191531
inclusive_time = 1146
exclusive_time = 27
process_id = p1
operationName = UploadMovieReview
serviceName = movie-review-service
------------------------------------------------------------------------------------
span = 7
trace_id = fe819ec6d78d7731
span_id = 54b82d68d7e218f6
parent_id = 79ebd1ae28af8e7f
start_time = 1682628698190412
end_time = 1682628698191535
inclusive_time = 1123
exclusive_time = 1123
process_id = p1
operationName = MongoFindMovie
serviceName = movie-review-service
------------------------------------------------------------------------------------
span = 8
trace_id = fe819ec6d78d7731
span_id = 4e699d507df76c47
parent_id = 31b93b0efa367d51
start_time = 1682628698188727
end_time = 1682628698188821
inclusive_time = 94
exclusive_time = 94
process_id = p5
operationName = MmcGetMovieId
serviceName = movie-id-service
------------------------------------------------------------------------------------
