span = 0
span_id = a62138ee288a2014
parent_id = None
start_time = 1682628698126000
end_time = 1682628698131233
inclusive_time = 5233
exclusive_time = 373
process_id = p4
operationName = /wrk2-api/review/compose
serviceName = nginx
------------------------------------------------------------------------------------
span = 1
span_id = 9325f58888ca14d8
parent_id = a62138ee288a2014
start_time = 1682628698126373
end_time = 1682628698131233
inclusive_time = 4860
exclusive_time = 109
process_id = p4
operationName = /wrk2-api/review/compose
serviceName = nginx
------------------------------------------------------------------------------------
span = 2
span_id = 208dda883fa0252e
parent_id = 9325f58888ca14d8
start_time = 1682628698126422
end_time = 1682628698131173
inclusive_time = 4751
exclusive_time = 472
process_id = p4
operationName = ComposeReview
serviceName = nginx
------------------------------------------------------------------------------------
span = 3
span_id = 919daf494e2fd309
parent_id = 208dda883fa0252e
start_time = 1682628698126820
end_time = 1682628698130910
inclusive_time = 4090
exclusive_time = 577
process_id = p1
operationName = UploadMovieId
serviceName = movie-id-service
------------------------------------------------------------------------------------
span = 4
span_id = 75b55682d642dc3b
parent_id = 919daf494e2fd309
start_time = 1682628698127484
end_time = 1682628698130763
inclusive_time = 3279
exclusive_time = 303
process_id = p3
operationName = UploadRating
serviceName = rating-service
------------------------------------------------------------------------------------
span = 5
span_id = bb8d95e7cec31402
parent_id = 75b55682d642dc3b
start_time = 1682628698127710
end_time = 1682628698130572
inclusive_time = 2862
exclusive_time = 1201
process_id = p5
operationName = UploadRating
serviceName = compose-review-service
------------------------------------------------------------------------------------
span = 6
span_id = 44eec022adb591d4
parent_id = bb8d95e7cec31402
start_time = 1682628698129274
end_time = 1682628698130439
inclusive_time = 1165
exclusive_time = 33
process_id = p6
operationName = UploadMovieReview
serviceName = movie-review-service
------------------------------------------------------------------------------------
span = 7
span_id = c90e6f7cba12782e
parent_id = 44eec022adb591d4
start_time = 1682628698129307
end_time = 1682628698130444
inclusive_time = 1137
exclusive_time = 1137
process_id = p6
operationName = MongoFindMovie
serviceName = movie-review-service
------------------------------------------------------------------------------------
span = 8
span_id = b7d5157bf25c06d0
parent_id = bb8d95e7cec31402
start_time = 1682628698128778
end_time = 1682628698129137
inclusive_time = 359
exclusive_time = 68
process_id = p7
operationName = StoreReview
serviceName = review-storage-service
------------------------------------------------------------------------------------
span = 9
span_id = 1f364920c952ae97
parent_id = b7d5157bf25c06d0
start_time = 1682628698128807
end_time = 1682628698129098
inclusive_time = 291
exclusive_time = 291
process_id = p7
operationName = MongoInsertReview
serviceName = review-storage-service
------------------------------------------------------------------------------------
span = 10
span_id = 7369dd5e6312e621
parent_id = 919daf494e2fd309
start_time = 1682628698127092
end_time = 1682628698127225
inclusive_time = 133
exclusive_time = 133
process_id = p1
operationName = MmcSetMovieId
serviceName = movie-id-service
------------------------------------------------------------------------------------
span = 11
span_id = 7552e73823ea8ba8
parent_id = 919daf494e2fd309
start_time = 1682628698126837
end_time = 1682628698126938
inclusive_time = 101
exclusive_time = 101
process_id = p1
operationName = MmcGetMovieId
serviceName = movie-id-service
------------------------------------------------------------------------------------
