span 0
span_id = 0781b7db510fc042
parent_id = None
start_time = 1682628697959000
end_time = 1682628697964875
inclusive_time = 5875
exclusive_time = 821
process_id = p7
operationName = /wrk2-api/review/compose
serviceName = None
------------------------------------------------------------------------------------
span 1
span_id = ef6fff0b97e48c24
parent_id = 0781b7db510fc042
start_time = 1682628697959821
end_time = 1682628697964875
inclusive_time = 5054
exclusive_time = 93
process_id = p7
operationName = /wrk2-api/review/compose
serviceName = None
------------------------------------------------------------------------------------
span 2
span_id = 1d35bde2b9bfa595
parent_id = ef6fff0b97e48c24
start_time = 1682628697959869
end_time = 1682628697964830
inclusive_time = 4961
exclusive_time = 295
process_id = p7
operationName = ComposeReview
serviceName = None
------------------------------------------------------------------------------------
span 3
span_id = 074c83502875772b
parent_id = 1d35bde2b9bfa595
start_time = 1682628697960135
end_time = 1682628697964754
inclusive_time = 4619
exclusive_time = 481
process_id = p6
operationName = UploadMovieId
serviceName = None
------------------------------------------------------------------------------------
span 4
span_id = 8f50f647c4e9fb64
parent_id = 074c83502875772b
start_time = 1682628697960910
end_time = 1682628697964574
inclusive_time = 3664
exclusive_time = 1717
process_id = p2
operationName = UploadMovieId
serviceName = None
------------------------------------------------------------------------------------
span 5
span_id = b90c3e3acde3db2b
parent_id = 8f50f647c4e9fb64
start_time = 1682628697961992
end_time = 1682628697963764
inclusive_time = 1772
exclusive_time = 18
process_id = p5
operationName = UploadMovieReview
serviceName = None
------------------------------------------------------------------------------------
span 6
span_id = 2e156669c46ddd3e
parent_id = b90c3e3acde3db2b
start_time = 1682628697962010
end_time = 1682628697963771
inclusive_time = 1761
exclusive_time = 1761
process_id = p5
operationName = MongoFindMovie
serviceName = None
------------------------------------------------------------------------------------
span 7
span_id = 1c5daad1151288a4
parent_id = 074c83502875772b
start_time = 1682628697960417
end_time = 1682628697960558
inclusive_time = 141
exclusive_time = 141
process_id = p6
operationName = MmcSetMovieId
serviceName = None
------------------------------------------------------------------------------------
span 8
span_id = 5920fbaa5be8f61f
parent_id = 074c83502875772b
start_time = 1682628697960154
end_time = 1682628697960250
inclusive_time = 96
exclusive_time = 96
process_id = p6
operationName = MmcGetMovieId
serviceName = None
------------------------------------------------------------------------------------
