span = 0
trace_id = b87b654e84e1e990
span_id = b87b654e84e1e990
parent_id = None
start_time = 1682628697951000
end_time = 1682628697955314
inclusive_time = 4314
exclusive_time = 490
process_id = p6
operationName = /wrk2-api/review/compose
serviceName = nginx
call path = 
------------------------------------------------------------------------------------
span = 1
trace_id = b87b654e84e1e990
span_id = 81148f9417766857
parent_id = b87b654e84e1e990
start_time = 1682628697951490
end_time = 1682628697955314
inclusive_time = 3824
exclusive_time = 97
process_id = p6
operationName = /wrk2-api/review/compose
serviceName = nginx
call path = ->/wrk2-api/review/compose_nginx
------------------------------------------------------------------------------------
span = 2
trace_id = b87b654e84e1e990
span_id = 832145ee9ad28977
parent_id = 81148f9417766857
start_time = 1682628697951530
end_time = 1682628697955257
inclusive_time = 3727
exclusive_time = 350
process_id = p6
operationName = ComposeReview
serviceName = nginx
call path = ->/wrk2-api/review/compose_nginx->/wrk2-api/review/compose_nginx
------------------------------------------------------------------------------------
span = 3
trace_id = b87b654e84e1e990
span_id = d06421e497da1f83
parent_id = 832145ee9ad28977
start_time = 1682628697951790
end_time = 1682628697955167
inclusive_time = 3377
exclusive_time = 368
process_id = p8
operationName = UploadMovieId
serviceName = movie-id-service
call path = ->/wrk2-api/review/compose_nginx->/wrk2-api/review/compose_nginx->ComposeReview_nginx
------------------------------------------------------------------------------------
span = 4
trace_id = b87b654e84e1e990
span_id = bf6e4b9d50fdfc80
parent_id = d06421e497da1f83
start_time = 1682628697952591
end_time = 1682628697955041
inclusive_time = 2450
exclusive_time = 301
process_id = p4
operationName = UploadRating
serviceName = rating-service
call path = ->/wrk2-api/review/compose_nginx->/wrk2-api/review/compose_nginx->ComposeReview_nginx->UploadMovieId_movie-id-service
------------------------------------------------------------------------------------
span = 5
trace_id = b87b654e84e1e990
span_id = afd52ffd764dff57
parent_id = bf6e4b9d50fdfc80
start_time = 1682628697952743
end_time = 1682628697954844
inclusive_time = 2101
exclusive_time = 774
process_id = p3
operationName = UploadRating
serviceName = compose-review-service
call path = ->/wrk2-api/review/compose_nginx->/wrk2-api/review/compose_nginx->ComposeReview_nginx->UploadMovieId_movie-id-service->UploadRating_rating-service
------------------------------------------------------------------------------------
span = 6
trace_id = b87b654e84e1e990
span_id = 9b2ada92533168e4
parent_id = afd52ffd764dff57
start_time = 1682628697953425
end_time = 1682628697954709
inclusive_time = 1284
exclusive_time = 19
process_id = p2
operationName = UploadUserReview
serviceName = user-review-service
call path = ->/wrk2-api/review/compose_nginx->/wrk2-api/review/compose_nginx->ComposeReview_nginx->UploadMovieId_movie-id-service->UploadRating_rating-service->UploadRating_compose-review-service
------------------------------------------------------------------------------------
span = 7
trace_id = b87b654e84e1e990
span_id = 81ede9dd93da87f5
parent_id = 9b2ada92533168e4
start_time = 1682628697953444
end_time = 1682628697954712
inclusive_time = 1268
exclusive_time = 1268
process_id = p2
operationName = MongoFindUser
serviceName = user-review-service
call path = ->/wrk2-api/review/compose_nginx->/wrk2-api/review/compose_nginx->ComposeReview_nginx->UploadMovieId_movie-id-service->UploadRating_rating-service->UploadRating_compose-review-service->UploadUserReview_user-review-service
------------------------------------------------------------------------------------
span = 8
trace_id = b87b654e84e1e990
span_id = 4480643884fd2341
parent_id = d06421e497da1f83
start_time = 1682628697952354
end_time = 1682628697952458
inclusive_time = 104
exclusive_time = 104
process_id = p8
operationName = MmcSetMovieId
serviceName = movie-id-service
call path = ->/wrk2-api/review/compose_nginx->/wrk2-api/review/compose_nginx->ComposeReview_nginx->UploadMovieId_movie-id-service
------------------------------------------------------------------------------------
span = 9
trace_id = b87b654e84e1e990
span_id = 6069cb36113edcef
parent_id = d06421e497da1f83
start_time = 1682628697951808
end_time = 1682628697952213
inclusive_time = 405
exclusive_time = 405
process_id = p8
operationName = MmcGetMovieId
serviceName = movie-id-service
call path = ->/wrk2-api/review/compose_nginx->/wrk2-api/review/compose_nginx->ComposeReview_nginx->UploadMovieId_movie-id-service
------------------------------------------------------------------------------------
