span = 0
span_id = 67481d62007313cc
parent_id = None
start_time = 1682628697979000
end_time = 1682628697984052
inclusive_time = 5052
exclusive_time = 823
process_id = p5
operationName = /wrk2-api/review/compose
serviceName = nginx
------------------------------------------------------------------------------------
span = 1
span_id = e20b60b13c6ba63b
parent_id = 67481d62007313cc
start_time = 1682628697979822
end_time = 1682628697984051
inclusive_time = 4229
exclusive_time = 106
process_id = p5
operationName = /wrk2-api/review/compose
serviceName = nginx
------------------------------------------------------------------------------------
span = 2
span_id = 9b6ca488eea98f8b
parent_id = e20b60b13c6ba63b
start_time = 1682628697979869
end_time = 1682628697983992
inclusive_time = 4123
exclusive_time = 479
process_id = p5
operationName = ComposeReview
serviceName = nginx
------------------------------------------------------------------------------------
span = 3
span_id = e28e978f957bb542
parent_id = 9b6ca488eea98f8b
start_time = 1682628697980214
end_time = 1682628697983746
inclusive_time = 3532
exclusive_time = 358
process_id = p4
operationName = UploadMovieId
serviceName = movie-id-service
------------------------------------------------------------------------------------
span = 4
span_id = 522667c9088f5a11
parent_id = e28e978f957bb542
start_time = 1682628697980708
end_time = 1682628697983589
inclusive_time = 2881
exclusive_time = 220
process_id = p1
operationName = UploadRating
serviceName = rating-service
------------------------------------------------------------------------------------
span = 5
span_id = 9c84983ecf3771b0
parent_id = 522667c9088f5a11
start_time = 1682628697980892
end_time = 1682628697983471
inclusive_time = 2579
exclusive_time = 1050
process_id = p7
operationName = UploadRating
serviceName = compose-review-service
------------------------------------------------------------------------------------
span = 6
span_id = e0e459928eb3e02b
parent_id = 9c84983ecf3771b0
start_time = 1682628697981772
end_time = 1682628697983262
inclusive_time = 1490
exclusive_time = 18
process_id = p3
operationName = UploadMovieReview
serviceName = movie-review-service
------------------------------------------------------------------------------------
span = 7
span_id = 6496099a8bb4fd7a
parent_id = e0e459928eb3e02b
start_time = 1682628697981790
end_time = 1682628697983342
inclusive_time = 1552
exclusive_time = 1552
process_id = p3
operationName = MongoFindMovie
serviceName = movie-review-service
------------------------------------------------------------------------------------
span = 8
span_id = 4249d947d83d73b1
parent_id = e28e978f957bb542
start_time = 1682628697980507
end_time = 1682628697980651
inclusive_time = 144
exclusive_time = 144
process_id = p4
operationName = MmcSetMovieId
serviceName = movie-id-service
------------------------------------------------------------------------------------
span = 9
span_id = 31eb7f58fc837058
parent_id = e28e978f957bb542
start_time = 1682628697980232
end_time = 1682628697980338
inclusive_time = 106
exclusive_time = 106
process_id = p4
operationName = MmcGetMovieId
serviceName = movie-id-service
------------------------------------------------------------------------------------
