span = 0
span_id = c38ca731a87b2189
parent_id = None
start_time = 1682628697861000
end_time = 1682628697865476
inclusive_time = 4476
exclusive_time = 474
process_id = p5
operationName = /wrk2-api/review/compose
serviceName = nginx
------------------------------------------------------------------------------------
span = 1
span_id = d5af16ea99817e42
parent_id = c38ca731a87b2189
start_time = 1682628697861474
end_time = 1682628697865476
inclusive_time = 4002
exclusive_time = 90
process_id = p5
operationName = /wrk2-api/review/compose
serviceName = nginx
------------------------------------------------------------------------------------
span = 2
span_id = ccacb867b878ee63
parent_id = d5af16ea99817e42
start_time = 1682628697861514
end_time = 1682628697865426
inclusive_time = 3912
exclusive_time = 246
process_id = p5
operationName = ComposeReview
serviceName = nginx
------------------------------------------------------------------------------------
span = 3
span_id = 5bd16a84113e4114
parent_id = ccacb867b878ee63
start_time = 1682628697861756
end_time = 1682628697865352
inclusive_time = 3596
exclusive_time = 350
process_id = p4
operationName = UploadMovieId
serviceName = movie-id-service
------------------------------------------------------------------------------------
span = 4
span_id = cc3e3b3f46312687
parent_id = 5bd16a84113e4114
start_time = 1682628697862198
end_time = 1682628697865237
inclusive_time = 3039
exclusive_time = 253
process_id = p8
operationName = UploadRating
serviceName = rating-service
------------------------------------------------------------------------------------
span = 5
span_id = 17bb7b539ed19a90
parent_id = cc3e3b3f46312687
start_time = 1682628697862360
end_time = 1682628697865090
inclusive_time = 2730
exclusive_time = 1286
process_id = p3
operationName = UploadRating
serviceName = compose-review-service
------------------------------------------------------------------------------------
span = 6
span_id = bfd9311b5289f8b9
parent_id = 17bb7b539ed19a90
start_time = 1682628697863479
end_time = 1682628697864788
inclusive_time = 1309
exclusive_time = 34
process_id = p6
operationName = UploadMovieReview
serviceName = movie-review-service
------------------------------------------------------------------------------------
span = 7
span_id = 479ebc0f2c7a9f26
parent_id = bfd9311b5289f8b9
start_time = 1682628697863513
end_time = 1682628697864833
inclusive_time = 1320
exclusive_time = 1320
process_id = p6
operationName = MongoFindMovie
serviceName = movie-review-service
------------------------------------------------------------------------------------
span = 8
span_id = 0ad558687a10aaca
parent_id = 5bd16a84113e4114
start_time = 1682628697862029
end_time = 1682628697862161
inclusive_time = 132
exclusive_time = 132
process_id = p4
operationName = MmcSetMovieId
serviceName = movie-id-service
------------------------------------------------------------------------------------
span = 9
span_id = 8b86295f66742d51
parent_id = 5bd16a84113e4114
start_time = 1682628697861767
end_time = 1682628697861842
inclusive_time = 75
exclusive_time = 75
process_id = p4
operationName = MmcGetMovieId
serviceName = movie-id-service
------------------------------------------------------------------------------------
