span = 0
span_id = 2cbf45c13bb66ce8
parent_id = None
start_time = 1682628698078000
end_time = 1682628698081810
inclusive_time = 3810
exclusive_time = 82
process_id = p7
operationName = /wrk2-api/review/compose
serviceName = nginx
------------------------------------------------------------------------------------
span = 1
span_id = a5b11025e49cd640
parent_id = 2cbf45c13bb66ce8
start_time = 1682628698078082
end_time = 1682628698081810
inclusive_time = 3728
exclusive_time = 81
process_id = p7
operationName = /wrk2-api/review/compose
serviceName = nginx
------------------------------------------------------------------------------------
span = 2
span_id = 4f1cbed0679d76d9
parent_id = a5b11025e49cd640
start_time = 1682628698078114
end_time = 1682628698081761
inclusive_time = 3647
exclusive_time = 256
process_id = p7
operationName = ComposeReview
serviceName = nginx
------------------------------------------------------------------------------------
span = 3
span_id = 8dd4fe586510488f
parent_id = 4f1cbed0679d76d9
start_time = 1682628698078347
end_time = 1682628698081667
inclusive_time = 3320
exclusive_time = 338
process_id = p4
operationName = UploadMovieId
serviceName = movie-id-service
------------------------------------------------------------------------------------
span = 4
span_id = 109cc2c0394b6ac9
parent_id = 8dd4fe586510488f
start_time = 1682628698078903
end_time = 1682628698081528
inclusive_time = 2625
exclusive_time = 399
process_id = p6
operationName = UploadRating
serviceName = rating-service
------------------------------------------------------------------------------------
span = 5
span_id = 66018a859527eb7d
parent_id = 109cc2c0394b6ac9
start_time = 1682628698079096
end_time = 1682628698081322
inclusive_time = 2226
exclusive_time = 846
process_id = p2
operationName = UploadRating
serviceName = compose-review-service
------------------------------------------------------------------------------------
span = 6
span_id = 8e0fc026b021cc26
parent_id = 66018a859527eb7d
start_time = 1682628698079958
end_time = 1682628698081184
inclusive_time = 1226
exclusive_time = 26
process_id = p1
operationName = UploadMovieReview
serviceName = movie-review-service
------------------------------------------------------------------------------------
span = 7
span_id = d1a6b56544ec99af
parent_id = 8e0fc026b021cc26
start_time = 1682628698079984
end_time = 1682628698081197
inclusive_time = 1213
exclusive_time = 1213
process_id = p1
operationName = MongoFindMovie
serviceName = movie-review-service
------------------------------------------------------------------------------------
span = 8
span_id = 7c3bf2418a4485c6
parent_id = 8dd4fe586510488f
start_time = 1682628698078359
end_time = 1682628698078473
inclusive_time = 114
exclusive_time = 114
process_id = p4
operationName = MmcGetMovieId
serviceName = movie-id-service
------------------------------------------------------------------------------------
