span = 0
span_id = ad8663ee88272349
parent_id = None
start_time = 1682628698318000
end_time = 1682628698324588
inclusive_time = 6588
exclusive_time = 1321
process_id = p10
operationName = /wrk2-api/review/compose
serviceName = nginx
------------------------------------------------------------------------------------
span = 1
span_id = 4a2f561317d80aef
parent_id = ad8663ee88272349
start_time = 1682628698319321
end_time = 1682628698324588
inclusive_time = 5267
exclusive_time = 101
process_id = p10
operationName = /wrk2-api/review/compose
serviceName = nginx
------------------------------------------------------------------------------------
span = 2
span_id = 8a020ac7d66fcc43
parent_id = 4a2f561317d80aef
start_time = 1682628698319368
end_time = 1682628698324534
inclusive_time = 5166
exclusive_time = 1404
process_id = p10
operationName = ComposeReview
serviceName = nginx
------------------------------------------------------------------------------------
span = 3
span_id = 9def5743f2da8d34
parent_id = 8a020ac7d66fcc43
start_time = 1682628698319640
end_time = 1682628698323316
inclusive_time = 3676
exclusive_time = 360
process_id = p1
operationName = UploadMovieId
serviceName = movie-id-service
------------------------------------------------------------------------------------
span = 4
span_id = 43ee849fbe7e8193
parent_id = 9def5743f2da8d34
start_time = 1682628698320246
end_time = 1682628698323186
inclusive_time = 2940
exclusive_time = 343
process_id = p9
operationName = UploadRating
serviceName = rating-service
------------------------------------------------------------------------------------
span = 5
span_id = 9b0db0d3f192d3d9
parent_id = 43ee849fbe7e8193
start_time = 1682628698320436
end_time = 1682628698323033
inclusive_time = 2597
exclusive_time = 1290
process_id = p2
operationName = UploadRating
serviceName = compose-review-service
------------------------------------------------------------------------------------
span = 6
span_id = 4d1c29e515625d67
parent_id = 9b0db0d3f192d3d9
start_time = 1682628698321522
end_time = 1682628698322712
inclusive_time = 1190
exclusive_time = 29
process_id = p5
operationName = UploadMovieReview
serviceName = movie-review-service
------------------------------------------------------------------------------------
span = 7
span_id = a2db19caf4808a6a
parent_id = 4d1c29e515625d67
start_time = 1682628698321551
end_time = 1682628698322717
inclusive_time = 1166
exclusive_time = 1166
process_id = p5
operationName = MongoFindMovie
serviceName = movie-review-service
------------------------------------------------------------------------------------
span = 8
span_id = dc0f290fe95601f1
parent_id = 9def5743f2da8d34
start_time = 1682628698320003
end_time = 1682628698320118
inclusive_time = 115
exclusive_time = 115
process_id = p1
operationName = MmcSetMovieId
serviceName = movie-id-service
------------------------------------------------------------------------------------
span = 9
span_id = 9269b65b9ae75bf9
parent_id = 9def5743f2da8d34
start_time = 1682628698319652
end_time = 1682628698319844
inclusive_time = 192
exclusive_time = 192
process_id = p1
operationName = MmcGetMovieId
serviceName = movie-id-service
------------------------------------------------------------------------------------
