span = 0
trace_id = 18742aae842e2dde
span_id = 18742aae842e2dde
parent_id = None
start_time = 1682628698330000
end_time = 1682628698334804
inclusive_time = 4804
exclusive_time = 1045
process_id = p10
operationName = /wrk2-api/review/compose
serviceName = nginx
call path = 
------------------------------------------------------------------------------------
span = 1
trace_id = 18742aae842e2dde
span_id = 1018bf71be310954
parent_id = 18742aae842e2dde
start_time = 1682628698331044
end_time = 1682628698334803
inclusive_time = 3759
exclusive_time = 84
process_id = p10
operationName = /wrk2-api/review/compose
serviceName = nginx
call path = ->/wrk2-api/review/compose_nginx
------------------------------------------------------------------------------------
span = 2
trace_id = 18742aae842e2dde
span_id = 19d0bbdf4f8d5bbe
parent_id = 1018bf71be310954
start_time = 1682628698331084
end_time = 1682628698334759
inclusive_time = 3675
exclusive_time = 306
process_id = p10
operationName = ComposeReview
serviceName = nginx
call path = ->/wrk2-api/review/compose_nginx->/wrk2-api/review/compose_nginx
------------------------------------------------------------------------------------
span = 3
trace_id = 18742aae842e2dde
span_id = bcf26f0738131911
parent_id = 19d0bbdf4f8d5bbe
start_time = 1682628698331717
end_time = 1682628698334662
inclusive_time = 2945
exclusive_time = 327
process_id = p1
operationName = UploadMovieId
serviceName = movie-id-service
call path = ->/wrk2-api/review/compose_nginx->/wrk2-api/review/compose_nginx->ComposeReview_nginx
------------------------------------------------------------------------------------
span = 4
trace_id = 18742aae842e2dde
span_id = 53a01b30bf47234f
parent_id = bcf26f0738131911
start_time = 1682628698332101
end_time = 1682628698334531
inclusive_time = 2430
exclusive_time = 277
process_id = p9
operationName = UploadRating
serviceName = rating-service
call path = ->/wrk2-api/review/compose_nginx->/wrk2-api/review/compose_nginx->ComposeReview_nginx->UploadMovieId_movie-id-service
------------------------------------------------------------------------------------
span = 5
trace_id = 18742aae842e2dde
span_id = c5423a856ddcb8f9
parent_id = 53a01b30bf47234f
start_time = 1682628698332260
end_time = 1682628698334375
inclusive_time = 2115
exclusive_time = 922
process_id = p2
operationName = UploadRating
serviceName = compose-review-service
call path = ->/wrk2-api/review/compose_nginx->/wrk2-api/review/compose_nginx->ComposeReview_nginx->UploadMovieId_movie-id-service->UploadRating_rating-service
------------------------------------------------------------------------------------
span = 6
trace_id = 18742aae842e2dde
span_id = e2798be7dc47dcd4
parent_id = c5423a856ddcb8f9
start_time = 1682628698333117
end_time = 1682628698334230
inclusive_time = 1113
exclusive_time = 17
process_id = p5
operationName = UploadMovieReview
serviceName = movie-review-service
call path = ->/wrk2-api/review/compose_nginx->/wrk2-api/review/compose_nginx->ComposeReview_nginx->UploadMovieId_movie-id-service->UploadRating_rating-service->UploadRating_compose-review-service
------------------------------------------------------------------------------------
span = 7
trace_id = 18742aae842e2dde
span_id = c1e02d819fa97e5f
parent_id = e2798be7dc47dcd4
start_time = 1682628698333134
end_time = 1682628698334234
inclusive_time = 1100
exclusive_time = 1100
process_id = p5
operationName = MongoFindMovie
serviceName = movie-review-service
call path = ->/wrk2-api/review/compose_nginx->/wrk2-api/review/compose_nginx->ComposeReview_nginx->UploadMovieId_movie-id-service->UploadRating_rating-service->UploadRating_compose-review-service->UploadMovieReview_movie-review-service
------------------------------------------------------------------------------------
span = 8
trace_id = 18742aae842e2dde
span_id = a4c671b99dd4be8a
parent_id = bcf26f0738131911
start_time = 1682628698331953
end_time = 1682628698332040
inclusive_time = 87
exclusive_time = 87
process_id = p1
operationName = MmcSetMovieId
serviceName = movie-id-service
call path = ->/wrk2-api/review/compose_nginx->/wrk2-api/review/compose_nginx->ComposeReview_nginx->UploadMovieId_movie-id-service
------------------------------------------------------------------------------------
span = 9
trace_id = 18742aae842e2dde
span_id = 477f6b03555f8bdc
parent_id = bcf26f0738131911
start_time = 1682628698331728
end_time = 1682628698331807
inclusive_time = 79
exclusive_time = 79
process_id = p1
operationName = MmcGetMovieId
serviceName = movie-id-service
call path = ->/wrk2-api/review/compose_nginx->/wrk2-api/review/compose_nginx->ComposeReview_nginx->UploadMovieId_movie-id-service
------------------------------------------------------------------------------------
