span = 0
trace_id = 0936af6918f8da24
span_id = 0936af6918f8da24
parent_id = None
start_time = 1682628698015000
end_time = 1682628698019893
inclusive_time = 4893
exclusive_time = 695
process_id = p3
operationName = /wrk2-api/review/compose
serviceName = nginx
------------------------------------------------------------------------------------
span = 1
trace_id = 0936af6918f8da24
span_id = 725d0616d16d259c
parent_id = 0936af6918f8da24
start_time = 1682628698015694
end_time = 1682628698019892
inclusive_time = 4198
exclusive_time = 79
process_id = p3
operationName = /wrk2-api/review/compose
serviceName = nginx
------------------------------------------------------------------------------------
span = 2
trace_id = 0936af6918f8da24
span_id = 00963c7412f9d5f8
parent_id = 725d0616d16d259c
start_time = 1682628698015728
end_time = 1682628698019847
inclusive_time = 4119
exclusive_time = 387
process_id = p3
operationName = ComposeReview
serviceName = nginx
------------------------------------------------------------------------------------
span = 3
trace_id = 0936af6918f8da24
span_id = 9eab4d521e4a680b
parent_id = 00963c7412f9d5f8
start_time = 1682628698015966
end_time = 1682628698019611
inclusive_time = 3645
exclusive_time = 328
process_id = p2
operationName = UploadMovieId
serviceName = movie-id-service
------------------------------------------------------------------------------------
span = 4
trace_id = 0936af6918f8da24
span_id = d1fa102082f6b92f
parent_id = 9eab4d521e4a680b
start_time = 1682628698016392
end_time = 1682628698019488
inclusive_time = 3096
exclusive_time = 621
process_id = p9
operationName = UploadRating
serviceName = rating-service
------------------------------------------------------------------------------------
span = 5
trace_id = 0936af6918f8da24
span_id = 52ade2aaa01a92e0
parent_id = d1fa102082f6b92f
start_time = 1682628698016546
end_time = 1682628698019021
inclusive_time = 2475
exclusive_time = 926
process_id = p5
operationName = UploadRating
serviceName = compose-review-service
------------------------------------------------------------------------------------
span = 6
trace_id = 0936af6918f8da24
span_id = eb9e94a145bd03ad
parent_id = 52ade2aaa01a92e0
start_time = 1682628698017399
end_time = 1682628698018820
inclusive_time = 1421
exclusive_time = 27
process_id = p6
operationName = UploadUserReview
serviceName = user-review-service
------------------------------------------------------------------------------------
span = 7
trace_id = 0936af6918f8da24
span_id = 4c7a2a8ba04a4346
parent_id = eb9e94a145bd03ad
start_time = 1682628698017426
end_time = 1682628698018824
inclusive_time = 1398
exclusive_time = 1398
process_id = p6
operationName = MongoFindUser
serviceName = user-review-service
------------------------------------------------------------------------------------
span = 8
trace_id = 0936af6918f8da24
span_id = 4a066f595a6b3414
parent_id = 9eab4d521e4a680b
start_time = 1682628698016232
end_time = 1682628698016325
inclusive_time = 93
exclusive_time = 93
process_id = p2
operationName = MmcSetMovieId
serviceName = movie-id-service
------------------------------------------------------------------------------------
span = 9
trace_id = 0936af6918f8da24
span_id = e24ab7c57ff2f636
parent_id = 9eab4d521e4a680b
start_time = 1682628698015982
end_time = 1682628698016076
inclusive_time = 94
exclusive_time = 94
process_id = p2
operationName = MmcGetMovieId
serviceName = movie-id-service
------------------------------------------------------------------------------------
