span 0
span_id = 4bc43f18d43310b7
parent_id = None
start_time = 1682628698131000
end_time = 1682628698136165
inclusive_time = 5165
exclusive_time = 386
process_id = p4
operationName = /wrk2-api/review/compose
serviceName = None
------------------------------------------------------------------------------------
span 1
span_id = 2c3b1eaa156822fa
parent_id = 4bc43f18d43310b7
start_time = 1682628698131386
end_time = 1682628698136165
inclusive_time = 4779
exclusive_time = 149
process_id = p4
operationName = /wrk2-api/review/compose
serviceName = None
------------------------------------------------------------------------------------
span 2
span_id = 48802d996d159cc7
parent_id = 2c3b1eaa156822fa
start_time = 1682628698131484
end_time = 1682628698136114
inclusive_time = 4630
exclusive_time = 479
process_id = p4
operationName = ComposeReview
serviceName = None
------------------------------------------------------------------------------------
span 3
span_id = 74492ba18bedc6a1
parent_id = 48802d996d159cc7
start_time = 1682628698132266
end_time = 1682628698136034
inclusive_time = 3768
exclusive_time = 611
process_id = p1
operationName = UploadMovieId
serviceName = None
------------------------------------------------------------------------------------
span 4
span_id = 1522285ef82166e8
parent_id = 74492ba18bedc6a1
start_time = 1682628698132800
end_time = 1682628698135809
inclusive_time = 3009
exclusive_time = 325
process_id = p3
operationName = UploadRating
serviceName = None
------------------------------------------------------------------------------------
span 5
span_id = 9e453159e3bd2815
parent_id = 1522285ef82166e8
start_time = 1682628698133059
end_time = 1682628698135684
inclusive_time = 2625
exclusive_time = 1290
process_id = p5
operationName = UploadRating
serviceName = None
------------------------------------------------------------------------------------
span 6
span_id = 3d1b36aab5d492ca
parent_id = 9e453159e3bd2815
start_time = 1682628698134260
end_time = 1682628698135524
inclusive_time = 1264
exclusive_time = 25
process_id = p2
operationName = UploadUserReview
serviceName = None
------------------------------------------------------------------------------------
span 7
span_id = 1f18c591e9ee811f
parent_id = 3d1b36aab5d492ca
start_time = 1682628698134285
end_time = 1682628698135529
inclusive_time = 1244
exclusive_time = 1244
process_id = p2
operationName = MongoFindUser
serviceName = None
------------------------------------------------------------------------------------
span 8
span_id = f72dcb01150739fd
parent_id = 74492ba18bedc6a1
start_time = 1682628698132288
end_time = 1682628698132388
inclusive_time = 100
exclusive_time = 100
process_id = p1
operationName = MmcGetMovieId
serviceName = None
------------------------------------------------------------------------------------
