span = 0
trace_id = 5aeada9d2b25d4c2
span_id = 5aeada9d2b25d4c2
parent_id = None
start_time = 1682628698277000
end_time = 1682628698280916
inclusive_time = 3916
exclusive_time = 188
process_id = p2
operationName = /wrk2-api/review/compose
serviceName = nginx
------------------------------------------------------------------------------------
span = 1
trace_id = 5aeada9d2b25d4c2
span_id = fd5451224b65404c
parent_id = 5aeada9d2b25d4c2
start_time = 1682628698277187
end_time = 1682628698280915
inclusive_time = 3728
exclusive_time = 79
process_id = p2
operationName = /wrk2-api/review/compose
serviceName = nginx
------------------------------------------------------------------------------------
span = 2
trace_id = 5aeada9d2b25d4c2
span_id = 4b88e8aaf35e97e3
parent_id = fd5451224b65404c
start_time = 1682628698277221
end_time = 1682628698280870
inclusive_time = 3649
exclusive_time = 440
process_id = p2
operationName = ComposeReview
serviceName = nginx
------------------------------------------------------------------------------------
span = 3
trace_id = 5aeada9d2b25d4c2
span_id = 09b15aea78f32638
parent_id = 4b88e8aaf35e97e3
start_time = 1682628698277730
end_time = 1682628698280617
inclusive_time = 2887
exclusive_time = 419
process_id = p6
operationName = UploadUniqueId
serviceName = unique-id-service
------------------------------------------------------------------------------------
span = 4
trace_id = 5aeada9d2b25d4c2
span_id = ba609630954031d9
parent_id = 09b15aea78f32638
start_time = 1682628698278014
end_time = 1682628698280482
inclusive_time = 2468
exclusive_time = 1073
process_id = p4
operationName = UploadUniqueId
serviceName = compose-review-service
------------------------------------------------------------------------------------
span = 5
trace_id = 5aeada9d2b25d4c2
span_id = 4839bb1a6a474e04
parent_id = ba609630954031d9
start_time = 1682628698279120
end_time = 1682628698280370
inclusive_time = 1250
exclusive_time = 21
process_id = p8
operationName = UploadMovieReview
serviceName = movie-review-service
------------------------------------------------------------------------------------
span = 6
trace_id = 5aeada9d2b25d4c2
span_id = 5b7147416ae37c21
parent_id = 4839bb1a6a474e04
start_time = 1682628698279141
end_time = 1682628698280375
inclusive_time = 1234
exclusive_time = 1234
process_id = p8
operationName = MongoFindMovie
serviceName = movie-review-service
------------------------------------------------------------------------------------
