span = 0
trace_id = 3c748ddfad868a6f
span_id = 3c748ddfad868a6f
parent_id = None
start_time = 1682628697994000
end_time = 1682628697998503
inclusive_time = 4503
exclusive_time = 411
process_id = p3
operationName = /wrk2-api/review/compose
serviceName = nginx
call path = 
------------------------------------------------------------------------------------
span = 1
trace_id = 3c748ddfad868a6f
span_id = b91bf9fb660af3d2
parent_id = 3c748ddfad868a6f
start_time = 1682628697994410
end_time = 1682628697998502
inclusive_time = 4092
exclusive_time = 126
process_id = p3
operationName = /wrk2-api/review/compose
serviceName = nginx
call path = ->/wrk2-api/review/compose_nginx
------------------------------------------------------------------------------------
span = 2
trace_id = 3c748ddfad868a6f
span_id = a86140146643ec95
parent_id = b91bf9fb660af3d2
start_time = 1682628697994469
end_time = 1682628697998435
inclusive_time = 3966
exclusive_time = 357
process_id = p3
operationName = ComposeReview
serviceName = nginx
call path = ->/wrk2-api/review/compose_nginx->/wrk2-api/review/compose_nginx
------------------------------------------------------------------------------------
span = 3
trace_id = 3c748ddfad868a6f
span_id = 77b363029f1570d6
parent_id = a86140146643ec95
start_time = 1682628697994734
end_time = 1682628697998343
inclusive_time = 3609
exclusive_time = 286
process_id = p8
operationName = UploadUserWithUsername
serviceName = user-service
call path = ->/wrk2-api/review/compose_nginx->/wrk2-api/review/compose_nginx->ComposeReview_nginx
------------------------------------------------------------------------------------
span = 4
trace_id = 3c748ddfad868a6f
span_id = ffba6b1828467e0f
parent_id = 77b363029f1570d6
start_time = 1682628697995030
end_time = 1682628697998255
inclusive_time = 3225
exclusive_time = 1838
process_id = p5
operationName = UploadUserId
serviceName = compose-review-service
call path = ->/wrk2-api/review/compose_nginx->/wrk2-api/review/compose_nginx->ComposeReview_nginx->UploadUserWithUsername_user-service
------------------------------------------------------------------------------------
span = 5
trace_id = 3c748ddfad868a6f
span_id = aa05521df153f487
parent_id = ffba6b1828467e0f
start_time = 1682628697996857
end_time = 1682628697998010
inclusive_time = 1153
exclusive_time = 36
process_id = p6
operationName = UploadUserReview
serviceName = user-review-service
call path = ->/wrk2-api/review/compose_nginx->/wrk2-api/review/compose_nginx->ComposeReview_nginx->UploadUserWithUsername_user-service->UploadUserId_compose-review-service
------------------------------------------------------------------------------------
span = 6
trace_id = 3c748ddfad868a6f
span_id = 6fa65f32cabca606
parent_id = aa05521df153f487
start_time = 1682628697996893
end_time = 1682628697998020
inclusive_time = 1127
exclusive_time = 1127
process_id = p6
operationName = MongoFindUser
serviceName = user-review-service
call path = ->/wrk2-api/review/compose_nginx->/wrk2-api/review/compose_nginx->ComposeReview_nginx->UploadUserWithUsername_user-service->UploadUserId_compose-review-service->UploadUserReview_user-review-service
------------------------------------------------------------------------------------
span = 7
trace_id = 3c748ddfad868a6f
span_id = 3e342eac3def0c60
parent_id = 77b363029f1570d6
start_time = 1682628697994752
end_time = 1682628697994850
inclusive_time = 98
exclusive_time = 98
process_id = p8
operationName = MmcGetUserId
serviceName = user-service
call path = ->/wrk2-api/review/compose_nginx->/wrk2-api/review/compose_nginx->ComposeReview_nginx->UploadUserWithUsername_user-service
------------------------------------------------------------------------------------
