span 0
span_id = 2b7bb7845b5a0114
parent_id = None
start_time = 1682711938466000
end_time = 1682711938466294
inclusive_time = 294
exclusive_time = 159
process_id = p1
operationName = 
serviceName = None
------------------------------------------------------------------------------------
span 1
span_id = adcc14a85fb288e9
parent_id = 2b7bb7845b5a0114
start_time = 1682711938466200
end_time = 1682711938466294
inclusive_time = 94
exclusive_time = 94
process_id = p1
operationName = 
serviceName = None
------------------------------------------------------------------------------------
span 2
span_id = cccb90d7a80ff8c7
parent_id = 2b7bb7845b5a0114
start_time = 1682711938466089
end_time = 1682711938466130
inclusive_time = 41
exclusive_time = 41
process_id = p1
operationName = 
serviceName = None
------------------------------------------------------------------------------------
