span 0
span_id = bd030fb1f3dd82de
parent_id = None
start_time = 1682628697997000
end_time = 1682628698001612
inclusive_time = 4612
exclusive_time = 559
process_id = p3
operationName = /wrk2-api/review/compose
serviceName = None
------------------------------------------------------------------------------------
span 1
span_id = ca904d9b0e1bd0e9
parent_id = bd030fb1f3dd82de
start_time = 1682628697997558
end_time = 1682628698001611
inclusive_time = 4053
exclusive_time = 113
process_id = p3
operationName = /wrk2-api/review/compose
serviceName = None
------------------------------------------------------------------------------------
span 2
span_id = d0db473a419f17d2
parent_id = ca904d9b0e1bd0e9
start_time = 1682628697997598
end_time = 1682628698001538
inclusive_time = 3940
exclusive_time = 227
process_id = p3
operationName = ComposeReview
serviceName = None
------------------------------------------------------------------------------------
span 3
span_id = d4ee4c2f5c2d36b1
parent_id = d0db473a419f17d2
start_time = 1682628697997830
end_time = 1682628698001449
inclusive_time = 3619
exclusive_time = 268
process_id = p2
operationName = UploadMovieId
serviceName = None
------------------------------------------------------------------------------------
span 4
span_id = 60c88ac801ffd1df
parent_id = d4ee4c2f5c2d36b1
start_time = 1682628697998411
end_time = 1682628698001324
inclusive_time = 2913
exclusive_time = 229
process_id = p9
operationName = UploadRating
serviceName = None
------------------------------------------------------------------------------------
span 5
span_id = f3dee9a7f15f0ef3
parent_id = 60c88ac801ffd1df
start_time = 1682628697998579
end_time = 1682628698001204
inclusive_time = 2625
exclusive_time = 1366
process_id = p5
operationName = UploadRating
serviceName = None
------------------------------------------------------------------------------------
span 6
span_id = 2d9cbf80489f7bbf
parent_id = f3dee9a7f15f0ef3
start_time = 1682628697999684
end_time = 1682628698000925
inclusive_time = 1241
exclusive_time = 19
process_id = p6
operationName = UploadUserReview
serviceName = None
------------------------------------------------------------------------------------
span 7
span_id = 857379863eaeab2a
parent_id = 2d9cbf80489f7bbf
start_time = 1682628697999703
end_time = 1682628698000929
inclusive_time = 1226
exclusive_time = 1226
process_id = p6
operationName = MongoFindUser
serviceName = None
------------------------------------------------------------------------------------
span 8
span_id = 1cf08b0d0d4108cd
parent_id = d4ee4c2f5c2d36b1
start_time = 1682628697998127
end_time = 1682628697998230
inclusive_time = 103
exclusive_time = 103
process_id = p2
operationName = MmcSetMovieId
serviceName = None
------------------------------------------------------------------------------------
span 9
span_id = e5fad3ee69480f69
parent_id = d4ee4c2f5c2d36b1
start_time = 1682628697997849
end_time = 1682628697998009
inclusive_time = 160
exclusive_time = 160
process_id = p2
operationName = MmcGetMovieId
serviceName = None
------------------------------------------------------------------------------------
