span = 0
span_id = b3ecc0a5aa947c27
parent_id = None
start_time = 1682628697982000
end_time = 1682628697986710
inclusive_time = 4710
exclusive_time = 466
process_id = p5
operationName = /wrk2-api/review/compose
serviceName = nginx
------------------------------------------------------------------------------------
span = 1
span_id = 6c40510e59d8f6ff
parent_id = b3ecc0a5aa947c27
start_time = 1682628697982466
end_time = 1682628697986710
inclusive_time = 4244
exclusive_time = 130
process_id = p5
operationName = /wrk2-api/review/compose
serviceName = nginx
------------------------------------------------------------------------------------
span = 2
span_id = c2af79fbf8156f72
parent_id = 6c40510e59d8f6ff
start_time = 1682628697982502
end_time = 1682628697986616
inclusive_time = 4114
exclusive_time = 364
process_id = p5
operationName = ComposeReview
serviceName = nginx
------------------------------------------------------------------------------------
span = 3
span_id = b7fd2b2cd4d36b36
parent_id = c2af79fbf8156f72
start_time = 1682628697982863
end_time = 1682628697986520
inclusive_time = 3657
exclusive_time = 462
process_id = p4
operationName = UploadMovieId
serviceName = movie-id-service
------------------------------------------------------------------------------------
span = 4
span_id = 903b7366ea413617
parent_id = b7fd2b2cd4d36b36
start_time = 1682628697983459
end_time = 1682628697986393
inclusive_time = 2934
exclusive_time = 338
process_id = p1
operationName = UploadRating
serviceName = rating-service
------------------------------------------------------------------------------------
span = 5
span_id = d8060b4abefa3d6f
parent_id = 903b7366ea413617
start_time = 1682628697983678
end_time = 1682628697986175
inclusive_time = 2497
exclusive_time = 1059
process_id = p7
operationName = UploadRating
serviceName = compose-review-service
------------------------------------------------------------------------------------
span = 6
span_id = a558337c3fb91b56
parent_id = d8060b4abefa3d6f
start_time = 1682628697984781
end_time = 1682628697986033
inclusive_time = 1252
exclusive_time = 22
process_id = p8
operationName = UploadUserReview
serviceName = user-review-service
------------------------------------------------------------------------------------
span = 7
span_id = 5d4c0d1f83298cd0
parent_id = a558337c3fb91b56
start_time = 1682628697984803
end_time = 1682628697986040
inclusive_time = 1237
exclusive_time = 1237
process_id = p8
operationName = MongoFindUser
serviceName = user-review-service
------------------------------------------------------------------------------------
span = 8
span_id = 1586b1ccee546a4e
parent_id = b7fd2b2cd4d36b36
start_time = 1682628697983166
end_time = 1682628697983256
inclusive_time = 90
exclusive_time = 90
process_id = p4
operationName = MmcSetMovieId
serviceName = movie-id-service
------------------------------------------------------------------------------------
span = 9
span_id = 0366ec9a78dee0a1
parent_id = b7fd2b2cd4d36b36
start_time = 1682628697982878
end_time = 1682628697982973
inclusive_time = 95
exclusive_time = 95
process_id = p4
operationName = MmcGetMovieId
serviceName = movie-id-service
------------------------------------------------------------------------------------
