span 0
span_id = 7913b6fc23ed8db9
parent_id = None
start_time = 1682628698205000
end_time = 1682628698210213
inclusive_time = 5213
exclusive_time = 1009
process_id = p7
operationName = /wrk2-api/review/compose
serviceName = None
------------------------------------------------------------------------------------
span 1
span_id = d2877c39a9be3af3
parent_id = 7913b6fc23ed8db9
start_time = 1682628698206009
end_time = 1682628698210213
inclusive_time = 4204
exclusive_time = 97
process_id = p7
operationName = /wrk2-api/review/compose
serviceName = None
------------------------------------------------------------------------------------
span 2
span_id = 8a133bba18615d9e
parent_id = d2877c39a9be3af3
start_time = 1682628698206051
end_time = 1682628698210158
inclusive_time = 4107
exclusive_time = 366
process_id = p7
operationName = ComposeReview
serviceName = None
------------------------------------------------------------------------------------
span 3
span_id = f0ef3ed96242507d
parent_id = 8a133bba18615d9e
start_time = 1682628698206337
end_time = 1682628698209978
inclusive_time = 3641
exclusive_time = 343
process_id = p4
operationName = UploadMovieId
serviceName = None
------------------------------------------------------------------------------------
span 4
span_id = a8f097924e665fdb
parent_id = f0ef3ed96242507d
start_time = 1682628698206820
end_time = 1682628698209837
inclusive_time = 3017
exclusive_time = 229
process_id = p10
operationName = UploadRating
serviceName = None
------------------------------------------------------------------------------------
span 5
span_id = 8ef05233b2523001
parent_id = a8f097924e665fdb
start_time = 1682628698207046
end_time = 1682628698209720
inclusive_time = 2674
exclusive_time = 1281
process_id = p3
operationName = UploadRating
serviceName = None
------------------------------------------------------------------------------------
span 6
span_id = e2ee63426ff4cc28
parent_id = 8ef05233b2523001
start_time = 1682628698208225
end_time = 1682628698209524
inclusive_time = 1299
exclusive_time = 27
process_id = p2
operationName = UploadUserReview
serviceName = None
------------------------------------------------------------------------------------
span 7
span_id = 962ddab6eb9fc16a
parent_id = e2ee63426ff4cc28
start_time = 1682628698208252
end_time = 1682628698209528
inclusive_time = 1276
exclusive_time = 1276
process_id = p2
operationName = MongoFindUser
serviceName = None
------------------------------------------------------------------------------------
span 8
span_id = 67bca41005b497af
parent_id = f0ef3ed96242507d
start_time = 1682628698206581
end_time = 1682628698206757
inclusive_time = 176
exclusive_time = 176
process_id = p4
operationName = MmcSetMovieId
serviceName = None
------------------------------------------------------------------------------------
span 9
span_id = 13774376ee2e0b62
parent_id = f0ef3ed96242507d
start_time = 1682628698206348
end_time = 1682628698206448
inclusive_time = 100
exclusive_time = 100
process_id = p4
operationName = MmcGetMovieId
serviceName = None
------------------------------------------------------------------------------------
