span = 0
trace_id = 067c3d62c463b87a
span_id = 067c3d62c463b87a
parent_id = None
start_time = 1682628697872000
end_time = 1682628697877375
inclusive_time = 5375
exclusive_time = 1183
process_id = p2
operationName = /wrk2-api/review/compose
serviceName = nginx
------------------------------------------------------------------------------------
span = 1
trace_id = 067c3d62c463b87a
span_id = 8b404d8613d35a07
parent_id = 067c3d62c463b87a
start_time = 1682628697873183
end_time = 1682628697877375
inclusive_time = 4192
exclusive_time = 107
process_id = p2
operationName = /wrk2-api/review/compose
serviceName = nginx
------------------------------------------------------------------------------------
span = 2
trace_id = 067c3d62c463b87a
span_id = 6aef891922ae13c8
parent_id = 8b404d8613d35a07
start_time = 1682628697873226
end_time = 1682628697877311
inclusive_time = 4085
exclusive_time = 287
process_id = p2
operationName = ComposeReview
serviceName = nginx
------------------------------------------------------------------------------------
span = 3
trace_id = 067c3d62c463b87a
span_id = 4ed98f0bdb0f27ef
parent_id = 6aef891922ae13c8
start_time = 1682628697873869
end_time = 1682628697877221
inclusive_time = 3352
exclusive_time = 546
process_id = p4
operationName = UploadMovieId
serviceName = movie-id-service
------------------------------------------------------------------------------------
span = 4
trace_id = 067c3d62c463b87a
span_id = f2e5240e556c1971
parent_id = 4ed98f0bdb0f27ef
start_time = 1682628697874545
end_time = 1682628697877073
inclusive_time = 2528
exclusive_time = 222
process_id = p7
operationName = UploadRating
serviceName = rating-service
------------------------------------------------------------------------------------
span = 5
trace_id = 067c3d62c463b87a
span_id = 35c73c71a52b1759
parent_id = f2e5240e556c1971
start_time = 1682628697874738
end_time = 1682628697876966
inclusive_time = 2228
exclusive_time = 1092
process_id = p3
operationName = UploadRating
serviceName = compose-review-service
------------------------------------------------------------------------------------
span = 6
trace_id = 067c3d62c463b87a
span_id = f7c81a20bbafbf34
parent_id = 35c73c71a52b1759
start_time = 1682628697875718
end_time = 1682628697876806
inclusive_time = 1088
exclusive_time = 18
process_id = p1
operationName = UploadUserReview
serviceName = user-review-service
------------------------------------------------------------------------------------
span = 7
trace_id = 067c3d62c463b87a
span_id = d88f925bb323a582
parent_id = f7c81a20bbafbf34
start_time = 1682628697875736
end_time = 1682628697876813
inclusive_time = 1077
exclusive_time = 1077
process_id = p1
operationName = MongoFindUser
serviceName = user-review-service
------------------------------------------------------------------------------------
span = 8
trace_id = 067c3d62c463b87a
span_id = 603c7b426433a1b5
parent_id = 4ed98f0bdb0f27ef
start_time = 1682628697873882
end_time = 1682628697873984
inclusive_time = 102
exclusive_time = 102
process_id = p4
operationName = MmcGetMovieId
serviceName = movie-id-service
------------------------------------------------------------------------------------
