span = 0
trace_id = 7fa9f759e46e3a2f
span_id = 7fa9f759e46e3a2f
parent_id = None
start_time = 1682628697857000
end_time = 1682628697861958
inclusive_time = 4958
exclusive_time = 694
process_id = p5
operationName = /wrk2-api/review/compose
serviceName = nginx
------------------------------------------------------------------------------------
span = 1
trace_id = 7fa9f759e46e3a2f
span_id = b331768e8db16d87
parent_id = 7fa9f759e46e3a2f
start_time = 1682628697857694
end_time = 1682628697861958
inclusive_time = 4264
exclusive_time = 107
process_id = p5
operationName = /wrk2-api/review/compose
serviceName = nginx
------------------------------------------------------------------------------------
span = 2
trace_id = 7fa9f759e46e3a2f
span_id = 0044537b1307f50b
parent_id = b331768e8db16d87
start_time = 1682628697857737
end_time = 1682628697861894
inclusive_time = 4157
exclusive_time = 920
process_id = p5
operationName = ComposeReview
serviceName = nginx
------------------------------------------------------------------------------------
span = 3
trace_id = 7fa9f759e46e3a2f
span_id = 36fef3310e567840
parent_id = 0044537b1307f50b
start_time = 1682628697857998
end_time = 1682628697861180
inclusive_time = 3182
exclusive_time = 413
process_id = p4
operationName = UploadMovieId
serviceName = movie-id-service
------------------------------------------------------------------------------------
span = 4
trace_id = 7fa9f759e46e3a2f
span_id = e91fad3d91fcb96b
parent_id = 36fef3310e567840
start_time = 1682628697858513
end_time = 1682628697861082
inclusive_time = 2569
exclusive_time = 321
process_id = p8
operationName = UploadRating
serviceName = rating-service
------------------------------------------------------------------------------------
span = 5
trace_id = 7fa9f759e46e3a2f
span_id = e20628e78ba42142
parent_id = e91fad3d91fcb96b
start_time = 1682628697858738
end_time = 1682628697860986
inclusive_time = 2248
exclusive_time = 986
process_id = p3
operationName = UploadRating
serviceName = compose-review-service
------------------------------------------------------------------------------------
span = 6
trace_id = 7fa9f759e46e3a2f
span_id = a6288d2a8e328c68
parent_id = e20628e78ba42142
start_time = 1682628697859601
end_time = 1682628697860863
inclusive_time = 1262
exclusive_time = 25
process_id = p2
operationName = UploadUserReview
serviceName = user-review-service
------------------------------------------------------------------------------------
span = 7
trace_id = 7fa9f759e46e3a2f
span_id = fc320a8176717599
parent_id = a6288d2a8e328c68
start_time = 1682628697859626
end_time = 1682628697860865
inclusive_time = 1239
exclusive_time = 1239
process_id = p2
operationName = MongoFindUser
serviceName = user-review-service
------------------------------------------------------------------------------------
span = 8
trace_id = 7fa9f759e46e3a2f
span_id = aaaca85ed9ba8d54
parent_id = 36fef3310e567840
start_time = 1682628697858397
end_time = 1682628697858506
inclusive_time = 109
exclusive_time = 109
process_id = p4
operationName = MmcSetMovieId
serviceName = movie-id-service
------------------------------------------------------------------------------------
span = 9
trace_id = 7fa9f759e46e3a2f
span_id = b2d27762be97604a
parent_id = 36fef3310e567840
start_time = 1682628697858010
end_time = 1682628697858094
inclusive_time = 84
exclusive_time = 84
process_id = p4
operationName = MmcGetMovieId
serviceName = movie-id-service
------------------------------------------------------------------------------------
