span = 0
trace_id = a65fc8002010487d
span_id = a65fc8002010487d
parent_id = None
start_time = 1682628697990000
end_time = 1682628697995518
inclusive_time = 5518
exclusive_time = 1232
process_id = p2
operationName = /wrk2-api/review/compose
serviceName = nginx
------------------------------------------------------------------------------------
span = 1
trace_id = a65fc8002010487d
span_id = e6a651f4e0e526ee
parent_id = a65fc8002010487d
start_time = 1682628697991232
end_time = 1682628697995518
inclusive_time = 4286
exclusive_time = 121
process_id = p2
operationName = /wrk2-api/review/compose
serviceName = nginx
------------------------------------------------------------------------------------
span = 2
trace_id = a65fc8002010487d
span_id = 2e57ba9cb41f01e3
parent_id = e6a651f4e0e526ee
start_time = 1682628697991286
end_time = 1682628697995451
inclusive_time = 4165
exclusive_time = 388
process_id = p2
operationName = ComposeReview
serviceName = nginx
------------------------------------------------------------------------------------
span = 3
trace_id = a65fc8002010487d
span_id = 76e871a542ae35ed
parent_id = 2e57ba9cb41f01e3
start_time = 1682628697991591
end_time = 1682628697995257
inclusive_time = 3666
exclusive_time = 361
process_id = p4
operationName = UploadMovieId
serviceName = movie-id-service
------------------------------------------------------------------------------------
span = 4
trace_id = a65fc8002010487d
span_id = 7e71e48439bba40d
parent_id = 76e871a542ae35ed
start_time = 1682628697991981
end_time = 1682628697995055
inclusive_time = 3074
exclusive_time = 256
process_id = p10
operationName = UploadRating
serviceName = rating-service
------------------------------------------------------------------------------------
span = 5
trace_id = a65fc8002010487d
span_id = b7a0d022aacb44d4
parent_id = 7e71e48439bba40d
start_time = 1682628697992159
end_time = 1682628697994921
inclusive_time = 2762
exclusive_time = 1267
process_id = p6
operationName = UploadRating
serviceName = compose-review-service
------------------------------------------------------------------------------------
span = 6
trace_id = a65fc8002010487d
span_id = 70434a3b07d48ce8
parent_id = b7a0d022aacb44d4
start_time = 1682628697993420
end_time = 1682628697994784
inclusive_time = 1364
exclusive_time = 26
process_id = p7
operationName = UploadUserReview
serviceName = user-review-service
------------------------------------------------------------------------------------
span = 7
trace_id = a65fc8002010487d
span_id = 6979a3524bc9af60
parent_id = 70434a3b07d48ce8
start_time = 1682628697993446
end_time = 1682628697994789
inclusive_time = 1343
exclusive_time = 1343
process_id = p7
operationName = MongoFindUser
serviceName = user-review-service
------------------------------------------------------------------------------------
span = 8
trace_id = a65fc8002010487d
span_id = 6a868cefeb2c87e8
parent_id = 76e871a542ae35ed
start_time = 1682628697991849
end_time = 1682628697991949
inclusive_time = 100
exclusive_time = 100
process_id = p4
operationName = MmcSetMovieId
serviceName = movie-id-service
------------------------------------------------------------------------------------
span = 9
trace_id = a65fc8002010487d
span_id = fdf4866050a6c48c
parent_id = 76e871a542ae35ed
start_time = 1682628697991610
end_time = 1682628697991718
inclusive_time = 108
exclusive_time = 108
process_id = p4
operationName = MmcGetMovieId
serviceName = movie-id-service
------------------------------------------------------------------------------------
