span 0
span_id = faeda44dd1112d5f
parent_id = None
start_time = 1682628697999000
end_time = 1682628698005348
inclusive_time = 6348
exclusive_time = 1169
process_id = p1
operationName = /wrk2-api/review/compose
serviceName = None
------------------------------------------------------------------------------------
span 1
span_id = 74715ce323b03390
parent_id = faeda44dd1112d5f
start_time = 1682628698000169
end_time = 1682628698005348
inclusive_time = 5179
exclusive_time = 97
process_id = p1
operationName = /wrk2-api/review/compose
serviceName = None
------------------------------------------------------------------------------------
span 2
span_id = 852f21fc0b85b515
parent_id = 74715ce323b03390
start_time = 1682628698000216
end_time = 1682628698005298
inclusive_time = 5082
exclusive_time = 1467
process_id = p1
operationName = ComposeReview
serviceName = None
------------------------------------------------------------------------------------
span 3
span_id = 9e1b030759189ac1
parent_id = 852f21fc0b85b515
start_time = 1682628698000543
end_time = 1682628698004040
inclusive_time = 3497
exclusive_time = 333
process_id = p3
operationName = UploadMovieId
serviceName = None
------------------------------------------------------------------------------------
span 4
span_id = bdf3c94a0f569f24
parent_id = 9e1b030759189ac1
start_time = 1682628698001163
end_time = 1682628698003908
inclusive_time = 2745
exclusive_time = 271
process_id = p9
operationName = UploadRating
serviceName = None
------------------------------------------------------------------------------------
span 5
span_id = 665bd8a4ced8c544
parent_id = bdf3c94a0f569f24
start_time = 1682628698001356
end_time = 1682628698003749
inclusive_time = 2393
exclusive_time = 1172
process_id = p5
operationName = UploadRating
serviceName = None
------------------------------------------------------------------------------------
span 6
span_id = a6f00b6dab5e9b5a
parent_id = 665bd8a4ced8c544
start_time = 1682628698002417
end_time = 1682628698003590
inclusive_time = 1173
exclusive_time = 26
process_id = p6
operationName = UploadUserReview
serviceName = None
------------------------------------------------------------------------------------
span 7
span_id = 5b3db57917bbe1f8
parent_id = a6f00b6dab5e9b5a
start_time = 1682628698002443
end_time = 1682628698003593
inclusive_time = 1150
exclusive_time = 1150
process_id = p6
operationName = MongoFindUser
serviceName = None
------------------------------------------------------------------------------------
span 8
span_id = e68f92826ec3f3ed
parent_id = 9e1b030759189ac1
start_time = 1682628698000806
end_time = 1682628698000912
inclusive_time = 106
exclusive_time = 106
process_id = p3
operationName = MmcSetMovieId
serviceName = None
------------------------------------------------------------------------------------
span 9
span_id = 7a56b6f08d7e938c
parent_id = 9e1b030759189ac1
start_time = 1682628698000561
end_time = 1682628698000669
inclusive_time = 108
exclusive_time = 108
process_id = p3
operationName = MmcGetMovieId
serviceName = None
------------------------------------------------------------------------------------
