span 0
span_id = 43b1880ab9463c0a
parent_id = None
start_time = 1682628697910000
end_time = 1682628697915482
inclusive_time = 5482
exclusive_time = 64
process_id = p8
operationName = /wrk2-api/review/compose
serviceName = None
------------------------------------------------------------------------------------
span 1
span_id = 86f49333076eb368
parent_id = 43b1880ab9463c0a
start_time = 1682628697910064
end_time = 1682628697915482
inclusive_time = 5418
exclusive_time = 107
process_id = p8
operationName = /wrk2-api/review/compose
serviceName = None
------------------------------------------------------------------------------------
span 2
span_id = f5715926c8dd1d47
parent_id = 86f49333076eb368
start_time = 1682628697910116
end_time = 1682628697915427
inclusive_time = 5311
exclusive_time = 285
process_id = p8
operationName = ComposeReview
serviceName = None
------------------------------------------------------------------------------------
span 3
span_id = 91d18d675655f27f
parent_id = f5715926c8dd1d47
start_time = 1682628697910402
end_time = 1682628697915332
inclusive_time = 4930
exclusive_time = 1349
process_id = p7
operationName = UploadMovieId
serviceName = None
------------------------------------------------------------------------------------
span 4
span_id = 361b80beda62e130
parent_id = 91d18d675655f27f
start_time = 1682628697911666
end_time = 1682628697915000
inclusive_time = 3334
exclusive_time = 399
process_id = p5
operationName = UploadRating
serviceName = None
------------------------------------------------------------------------------------
span 5
span_id = e65b46ac24c6c898
parent_id = 361b80beda62e130
start_time = 1682628697911814
end_time = 1682628697914749
inclusive_time = 2935
exclusive_time = 1180
process_id = p4
operationName = UploadRating
serviceName = None
------------------------------------------------------------------------------------
span 6
span_id = 1ab04a09b95df6e3
parent_id = e65b46ac24c6c898
start_time = 1682628697912930
end_time = 1682628697914599
inclusive_time = 1669
exclusive_time = 27
process_id = p1
operationName = UploadMovieReview
serviceName = None
------------------------------------------------------------------------------------
span 7
span_id = 02a76842f80830c0
parent_id = 1ab04a09b95df6e3
start_time = 1682628697912957
end_time = 1682628697914603
inclusive_time = 1646
exclusive_time = 1646
process_id = p1
operationName = MongoFindMovie
serviceName = None
------------------------------------------------------------------------------------
span 8
span_id = 81d5252a240fbe3e
parent_id = 91d18d675655f27f
start_time = 1682628697911532
end_time = 1682628697911637
inclusive_time = 105
exclusive_time = 105
process_id = p7
operationName = MmcSetMovieId
serviceName = None
------------------------------------------------------------------------------------
span 9
span_id = 597b401999647e6c
parent_id = 91d18d675655f27f
start_time = 1682628697910427
end_time = 1682628697910540
inclusive_time = 113
exclusive_time = 113
process_id = p7
operationName = MmcGetMovieId
serviceName = None
------------------------------------------------------------------------------------
