span = 0
trace_id = 291a2a40ec79f595
span_id = 291a2a40ec79f595
parent_id = None
start_time = 1682628697897000
end_time = 1682628697902308
inclusive_time = 5308
exclusive_time = 731
process_id = p1
operationName = /wrk2-api/review/compose
serviceName = nginx
------------------------------------------------------------------------------------
span = 1
trace_id = 291a2a40ec79f595
span_id = 618850308a74b1e6
parent_id = 291a2a40ec79f595
start_time = 1682628697897731
end_time = 1682628697902308
inclusive_time = 4577
exclusive_time = 93
process_id = p1
operationName = /wrk2-api/review/compose
serviceName = nginx
------------------------------------------------------------------------------------
span = 2
trace_id = 291a2a40ec79f595
span_id = 0c37a83b9449ed23
parent_id = 618850308a74b1e6
start_time = 1682628697897773
end_time = 1682628697902257
inclusive_time = 4484
exclusive_time = 286
process_id = p1
operationName = ComposeReview
serviceName = nginx
------------------------------------------------------------------------------------
span = 3
trace_id = 291a2a40ec79f595
span_id = 32ffb0dc6b77c97d
parent_id = 0c37a83b9449ed23
start_time = 1682628697898088
end_time = 1682628697902191
inclusive_time = 4103
exclusive_time = 466
process_id = p3
operationName = UploadMovieId
serviceName = movie-id-service
------------------------------------------------------------------------------------
span = 4
trace_id = 291a2a40ec79f595
span_id = 3af22454e4047806
parent_id = 32ffb0dc6b77c97d
start_time = 1682628697898575
end_time = 1682628697902075
inclusive_time = 3500
exclusive_time = 239
process_id = p7
operationName = UploadRating
serviceName = rating-service
------------------------------------------------------------------------------------
span = 5
trace_id = 291a2a40ec79f595
span_id = 98b35e9b945475b1
parent_id = 3af22454e4047806
start_time = 1682628697898740
end_time = 1682628697901958
inclusive_time = 3218
exclusive_time = 1778
process_id = p2
operationName = UploadRating
serviceName = compose-review-service
------------------------------------------------------------------------------------
span = 6
trace_id = 291a2a40ec79f595
span_id = 9446d2cf0dfd705c
parent_id = 98b35e9b945475b1
start_time = 1682628697900448
end_time = 1682628697901799
inclusive_time = 1351
exclusive_time = 17
process_id = p4
operationName = UploadMovieReview
serviceName = movie-review-service
------------------------------------------------------------------------------------
span = 7
trace_id = 291a2a40ec79f595
span_id = 05931bfdad5ee920
parent_id = 9446d2cf0dfd705c
start_time = 1682628697900465
end_time = 1682628697901803
inclusive_time = 1338
exclusive_time = 1338
process_id = p4
operationName = MongoFindMovie
serviceName = movie-review-service
------------------------------------------------------------------------------------
span = 8
trace_id = 291a2a40ec79f595
span_id = 8d216506b7436909
parent_id = 32ffb0dc6b77c97d
start_time = 1682628697898106
end_time = 1682628697898201
inclusive_time = 95
exclusive_time = 95
process_id = p3
operationName = MmcGetMovieId
serviceName = movie-id-service
------------------------------------------------------------------------------------
