span = 0
trace_id = 17535d570e0df67c
span_id = 17535d570e0df67c
parent_id = None
start_time = 1682628698188000
end_time = 1682628698193438
inclusive_time = 5438
exclusive_time = 516
process_id = p7
operationName = /wrk2-api/review/compose
serviceName = nginx
------------------------------------------------------------------------------------
span = 1
trace_id = 17535d570e0df67c
span_id = 14e65678b9362ac0
parent_id = 17535d570e0df67c
start_time = 1682628698188515
end_time = 1682628698193437
inclusive_time = 4922
exclusive_time = 96
process_id = p7
operationName = /wrk2-api/review/compose
serviceName = nginx
------------------------------------------------------------------------------------
span = 2
trace_id = 17535d570e0df67c
span_id = 78d458bf3700bb7b
parent_id = 14e65678b9362ac0
start_time = 1682628698188566
end_time = 1682628698193392
inclusive_time = 4826
exclusive_time = 305
process_id = p7
operationName = ComposeReview
serviceName = nginx
------------------------------------------------------------------------------------
span = 3
trace_id = 17535d570e0df67c
span_id = 81d8989eb67b7713
parent_id = 78d458bf3700bb7b
start_time = 1682628698188853
end_time = 1682628698193270
inclusive_time = 4417
exclusive_time = 463
process_id = p5
operationName = UploadMovieId
serviceName = movie-id-service
------------------------------------------------------------------------------------
span = 4
trace_id = 17535d570e0df67c
span_id = 6676241e96f53a79
parent_id = 81d8989eb67b7713
start_time = 1682628698189329
end_time = 1682628698193112
inclusive_time = 3783
exclusive_time = 291
process_id = p10
operationName = UploadRating
serviceName = rating-service
------------------------------------------------------------------------------------
span = 5
trace_id = 17535d570e0df67c
span_id = 7274f07bd3965e00
parent_id = 6676241e96f53a79
start_time = 1682628698189546
end_time = 1682628698192958
inclusive_time = 3412
exclusive_time = 1194
process_id = p4
operationName = UploadRating
serviceName = compose-review-service
------------------------------------------------------------------------------------
span = 6
trace_id = 17535d570e0df67c
span_id = 01d49f494b3b4aad
parent_id = 7274f07bd3965e00
start_time = 1682628698190803
end_time = 1682628698192808
inclusive_time = 2005
exclusive_time = 24
process_id = p1
operationName = UploadMovieReview
serviceName = movie-review-service
------------------------------------------------------------------------------------
span = 7
trace_id = 17535d570e0df67c
span_id = 25bdc94d9c5bf02f
parent_id = 01d49f494b3b4aad
start_time = 1682628698190827
end_time = 1682628698192819
inclusive_time = 1992
exclusive_time = 1992
process_id = p1
operationName = MongoFindMovie
serviceName = movie-review-service
------------------------------------------------------------------------------------
span = 8
trace_id = 17535d570e0df67c
span_id = ef068623df6f3396
parent_id = 81d8989eb67b7713
start_time = 1682628698188876
end_time = 1682628698188974
inclusive_time = 98
exclusive_time = 98
process_id = p5
operationName = MmcGetMovieId
serviceName = movie-id-service
------------------------------------------------------------------------------------
