span = 0
trace_id = 65cb277cd1c82690
span_id = 65cb277cd1c82690
parent_id = None
start_time = 1682628697965000
end_time = 1682628697969696
inclusive_time = 4696
exclusive_time = 808
process_id = p7
operationName = /wrk2-api/review/compose
serviceName = nginx
------------------------------------------------------------------------------------
span = 1
trace_id = 65cb277cd1c82690
span_id = a722845df9a1c8a7
parent_id = 65cb277cd1c82690
start_time = 1682628697965808
end_time = 1682628697969696
inclusive_time = 3888
exclusive_time = 95
process_id = p7
operationName = /wrk2-api/review/compose
serviceName = nginx
------------------------------------------------------------------------------------
span = 2
trace_id = 65cb277cd1c82690
span_id = 5b6ae4732c48809b
parent_id = a722845df9a1c8a7
start_time = 1682628697965854
end_time = 1682628697969647
inclusive_time = 3793
exclusive_time = 273
process_id = p7
operationName = ComposeReview
serviceName = nginx
------------------------------------------------------------------------------------
span = 3
trace_id = 65cb277cd1c82690
span_id = 02353f439e14e03b
parent_id = 5b6ae4732c48809b
start_time = 1682628697966141
end_time = 1682628697969560
inclusive_time = 3419
exclusive_time = 399
process_id = p6
operationName = UploadMovieId
serviceName = movie-id-service
------------------------------------------------------------------------------------
span = 4
trace_id = 65cb277cd1c82690
span_id = 18e78ac8202bebde
parent_id = 02353f439e14e03b
start_time = 1682628697966601
end_time = 1682628697969434
inclusive_time = 2833
exclusive_time = 322
process_id = p3
operationName = UploadRating
serviceName = rating-service
------------------------------------------------------------------------------------
span = 5
trace_id = 65cb277cd1c82690
span_id = ee6b92294e9c3831
parent_id = 18e78ac8202bebde
start_time = 1682628697966867
end_time = 1682628697969287
inclusive_time = 2420
exclusive_time = 1008
process_id = p2
operationName = UploadRating
serviceName = compose-review-service
------------------------------------------------------------------------------------
span = 6
trace_id = 65cb277cd1c82690
span_id = 5b1889f72da42cb7
parent_id = ee6b92294e9c3831
start_time = 1682628697967843
end_time = 1682628697969167
inclusive_time = 1324
exclusive_time = 18
process_id = p1
operationName = UploadUserReview
serviceName = user-review-service
------------------------------------------------------------------------------------
span = 7
trace_id = 65cb277cd1c82690
span_id = e91188250798f116
parent_id = 5b1889f72da42cb7
start_time = 1682628697967861
end_time = 1682628697969174
inclusive_time = 1313
exclusive_time = 1313
process_id = p1
operationName = MongoFindUser
serviceName = user-review-service
------------------------------------------------------------------------------------
span = 8
trace_id = 65cb277cd1c82690
span_id = 49a169744c4c66f8
parent_id = 02353f439e14e03b
start_time = 1682628697966158
end_time = 1682628697966255
inclusive_time = 97
exclusive_time = 97
process_id = p6
operationName = MmcGetMovieId
serviceName = movie-id-service
------------------------------------------------------------------------------------
