span = 0
trace_id = d1b6bb61acaa9f8c
span_id = d1b6bb61acaa9f8c
parent_id = None
start_time = 1682628697913000
end_time = 1682628697919221
inclusive_time = 6221
exclusive_time = 568
process_id = p7
operationName = /wrk2-api/review/compose
serviceName = nginx
call path = 
------------------------------------------------------------------------------------
span = 1
trace_id = d1b6bb61acaa9f8c
span_id = b5d8165354105a92
parent_id = d1b6bb61acaa9f8c
start_time = 1682628697913567
end_time = 1682628697919220
inclusive_time = 5653
exclusive_time = 74
process_id = p7
operationName = /wrk2-api/review/compose
serviceName = nginx
call path = ->/wrk2-api/review/compose_nginx
------------------------------------------------------------------------------------
span = 2
trace_id = d1b6bb61acaa9f8c
span_id = a429c886ca349338
parent_id = b5d8165354105a92
start_time = 1682628697913599
end_time = 1682628697919178
inclusive_time = 5579
exclusive_time = 1270
process_id = p7
operationName = ComposeReview
serviceName = nginx
call path = ->/wrk2-api/review/compose_nginx->/wrk2-api/review/compose_nginx
------------------------------------------------------------------------------------
span = 3
trace_id = d1b6bb61acaa9f8c
span_id = 799dd61d97c36a4e
parent_id = a429c886ca349338
start_time = 1682628697914107
end_time = 1682628697918086
inclusive_time = 3979
exclusive_time = 383
process_id = p8
operationName = UploadMovieId
serviceName = movie-id-service
call path = ->/wrk2-api/review/compose_nginx->/wrk2-api/review/compose_nginx->ComposeReview_nginx
------------------------------------------------------------------------------------
span = 4
trace_id = d1b6bb61acaa9f8c
span_id = 5ec11f62236e6851
parent_id = 799dd61d97c36a4e
start_time = 1682628697914618
end_time = 1682628697917978
inclusive_time = 3360
exclusive_time = 303
process_id = p5
operationName = UploadRating
serviceName = rating-service
call path = ->/wrk2-api/review/compose_nginx->/wrk2-api/review/compose_nginx->ComposeReview_nginx->UploadMovieId_movie-id-service
------------------------------------------------------------------------------------
span = 5
trace_id = d1b6bb61acaa9f8c
span_id = 02ff76cb2c2a721e
parent_id = 5ec11f62236e6851
start_time = 1682628697914893
end_time = 1682628697917825
inclusive_time = 2932
exclusive_time = 1189
process_id = p4
operationName = UploadRating
serviceName = compose-review-service
call path = ->/wrk2-api/review/compose_nginx->/wrk2-api/review/compose_nginx->ComposeReview_nginx->UploadMovieId_movie-id-service->UploadRating_rating-service
------------------------------------------------------------------------------------
span = 6
trace_id = d1b6bb61acaa9f8c
span_id = 6ce747693237b306
parent_id = 02ff76cb2c2a721e
start_time = 1682628697916299
end_time = 1682628697917704
inclusive_time = 1405
exclusive_time = 27
process_id = p3
operationName = UploadUserReview
serviceName = user-review-service
call path = ->/wrk2-api/review/compose_nginx->/wrk2-api/review/compose_nginx->ComposeReview_nginx->UploadMovieId_movie-id-service->UploadRating_rating-service->UploadRating_compose-review-service
------------------------------------------------------------------------------------
span = 7
trace_id = d1b6bb61acaa9f8c
span_id = fe90c1599cc7bb43
parent_id = 6ce747693237b306
start_time = 1682628697916326
end_time = 1682628697917708
inclusive_time = 1382
exclusive_time = 1382
process_id = p3
operationName = MongoFindUser
serviceName = user-review-service
call path = ->/wrk2-api/review/compose_nginx->/wrk2-api/review/compose_nginx->ComposeReview_nginx->UploadMovieId_movie-id-service->UploadRating_rating-service->UploadRating_compose-review-service->UploadUserReview_user-review-service
------------------------------------------------------------------------------------
span = 8
trace_id = d1b6bb61acaa9f8c
span_id = 86fbcd5b9fbff7f2
parent_id = 02ff76cb2c2a721e
start_time = 1682628697915743
end_time = 1682628697916060
inclusive_time = 317
exclusive_time = 64
process_id = p9
operationName = StoreReview
serviceName = review-storage-service
call path = ->/wrk2-api/review/compose_nginx->/wrk2-api/review/compose_nginx->ComposeReview_nginx->UploadMovieId_movie-id-service->UploadRating_rating-service->UploadRating_compose-review-service
------------------------------------------------------------------------------------
span = 9
trace_id = d1b6bb61acaa9f8c
span_id = c42d5437310c0b22
parent_id = 86fbcd5b9fbff7f2
start_time = 1682628697915796
end_time = 1682628697916049
inclusive_time = 253
exclusive_time = 253
process_id = p9
operationName = MongoInsertReview
serviceName = review-storage-service
call path = ->/wrk2-api/review/compose_nginx->/wrk2-api/review/compose_nginx->ComposeReview_nginx->UploadMovieId_movie-id-service->UploadRating_rating-service->UploadRating_compose-review-service->StoreReview_review-storage-service
------------------------------------------------------------------------------------
span = 10
trace_id = d1b6bb61acaa9f8c
span_id = 5e063482f871423c
parent_id = 799dd61d97c36a4e
start_time = 1682628697914122
end_time = 1682628697914249
inclusive_time = 127
exclusive_time = 127
process_id = p8
operationName = MmcGetMovieId
serviceName = movie-id-service
call path = ->/wrk2-api/review/compose_nginx->/wrk2-api/review/compose_nginx->ComposeReview_nginx->UploadMovieId_movie-id-service
------------------------------------------------------------------------------------
