span = 0
span_id = c4eda2c9fbe51e42
parent_id = None
start_time = 1682628698010000
end_time = 1682628698015620
inclusive_time = 5620
exclusive_time = 1068
process_id = p3
operationName = /wrk2-api/review/compose
serviceName = nginx
------------------------------------------------------------------------------------
span = 1
span_id = 13af7eaf2ea2131b
parent_id = c4eda2c9fbe51e42
start_time = 1682628698011068
end_time = 1682628698015620
inclusive_time = 4552
exclusive_time = 96
process_id = p3
operationName = /wrk2-api/review/compose
serviceName = nginx
------------------------------------------------------------------------------------
span = 2
span_id = b877f3da98b75ecd
parent_id = 13af7eaf2ea2131b
start_time = 1682628698011114
end_time = 1682628698015570
inclusive_time = 4456
exclusive_time = 300
process_id = p3
operationName = ComposeReview
serviceName = nginx
------------------------------------------------------------------------------------
span = 3
span_id = ef8c68b8172af320
parent_id = b877f3da98b75ecd
start_time = 1682628698012044
end_time = 1682628698015497
inclusive_time = 3453
exclusive_time = 398
process_id = p2
operationName = UploadMovieId
serviceName = movie-id-service
------------------------------------------------------------------------------------
span = 4
span_id = e2239af1023b6339
parent_id = ef8c68b8172af320
start_time = 1682628698012504
end_time = 1682628698015356
inclusive_time = 2852
exclusive_time = 287
process_id = p9
operationName = UploadRating
serviceName = rating-service
------------------------------------------------------------------------------------
span = 5
span_id = 92f08f405a893dab
parent_id = e2239af1023b6339
start_time = 1682628698012797
end_time = 1682628698015238
inclusive_time = 2441
exclusive_time = 1122
process_id = p5
operationName = UploadRating
serviceName = compose-review-service
------------------------------------------------------------------------------------
span = 6
span_id = 68cc489ea495c66f
parent_id = 92f08f405a893dab
start_time = 1682628698013902
end_time = 1682628698015088
inclusive_time = 1186
exclusive_time = 32
process_id = p6
operationName = UploadUserReview
serviceName = user-review-service
------------------------------------------------------------------------------------
span = 7
span_id = d9661ad002a5839c
parent_id = 68cc489ea495c66f
start_time = 1682628698013934
end_time = 1682628698015093
inclusive_time = 1159
exclusive_time = 1159
process_id = p6
operationName = MongoFindUser
serviceName = user-review-service
------------------------------------------------------------------------------------
span = 8
span_id = d69ccf765ccd341e
parent_id = ef8c68b8172af320
start_time = 1682628698012061
end_time = 1682628698012169
inclusive_time = 108
exclusive_time = 108
process_id = p2
operationName = MmcGetMovieId
serviceName = movie-id-service
------------------------------------------------------------------------------------
