span = 0
trace_id = d63f4a9a38b4587b
span_id = d63f4a9a38b4587b
parent_id = None
start_time = 1682628698183000
end_time = 1682628698187379
inclusive_time = 4379
exclusive_time = 298
process_id = p7
operationName = /wrk2-api/review/compose
serviceName = nginx
------------------------------------------------------------------------------------
span = 1
trace_id = d63f4a9a38b4587b
span_id = 6b6628b1fcd3ce1a
parent_id = d63f4a9a38b4587b
start_time = 1682628698183298
end_time = 1682628698187379
inclusive_time = 4081
exclusive_time = 89
process_id = p7
operationName = /wrk2-api/review/compose
serviceName = nginx
------------------------------------------------------------------------------------
span = 2
trace_id = d63f4a9a38b4587b
span_id = 26cbbe1ea61cb819
parent_id = 6b6628b1fcd3ce1a
start_time = 1682628698183333
end_time = 1682628698187325
inclusive_time = 3992
exclusive_time = 240
process_id = p7
operationName = ComposeReview
serviceName = nginx
------------------------------------------------------------------------------------
span = 3
trace_id = d63f4a9a38b4587b
span_id = adb99a687a25077a
parent_id = 26cbbe1ea61cb819
start_time = 1682628698183573
end_time = 1682628698187244
inclusive_time = 3671
exclusive_time = 374
process_id = p5
operationName = UploadMovieId
serviceName = movie-id-service
------------------------------------------------------------------------------------
span = 4
trace_id = d63f4a9a38b4587b
span_id = 9f99d699cf6b06bb
parent_id = adb99a687a25077a
start_time = 1682628698183997
end_time = 1682628698187128
inclusive_time = 3131
exclusive_time = 256
process_id = p10
operationName = UploadRating
serviceName = rating-service
------------------------------------------------------------------------------------
span = 5
trace_id = d63f4a9a38b4587b
span_id = 5f69c83a5c2cb4e0
parent_id = 9f99d699cf6b06bb
start_time = 1682628698184277
end_time = 1682628698186997
inclusive_time = 2720
exclusive_time = 1507
process_id = p4
operationName = UploadRating
serviceName = compose-review-service
------------------------------------------------------------------------------------
span = 6
trace_id = d63f4a9a38b4587b
span_id = 3ed25d55174314a3
parent_id = 5f69c83a5c2cb4e0
start_time = 1682628698185699
end_time = 1682628698186815
inclusive_time = 1116
exclusive_time = 26
process_id = p1
operationName = UploadMovieReview
serviceName = movie-review-service
------------------------------------------------------------------------------------
span = 7
trace_id = d63f4a9a38b4587b
span_id = e356ee86a5ac398e
parent_id = 3ed25d55174314a3
start_time = 1682628698185725
end_time = 1682628698186819
inclusive_time = 1094
exclusive_time = 1094
process_id = p1
operationName = MongoFindMovie
serviceName = movie-review-service
------------------------------------------------------------------------------------
span = 8
trace_id = d63f4a9a38b4587b
span_id = e62784e05bd2639c
parent_id = adb99a687a25077a
start_time = 1682628698183584
end_time = 1682628698183728
inclusive_time = 144
exclusive_time = 144
process_id = p5
operationName = MmcGetMovieId
serviceName = movie-id-service
------------------------------------------------------------------------------------
