span 0
span_id = 203dc903a84d6d55
parent_id = None
start_time = 1682628698032000
end_time = 1682628698037002
inclusive_time = 5002
exclusive_time = 605
process_id = p1
operationName = /wrk2-api/review/compose
serviceName = None
------------------------------------------------------------------------------------
span 1
span_id = b564911ebf09871c
parent_id = 203dc903a84d6d55
start_time = 1682628698032605
end_time = 1682628698037002
inclusive_time = 4397
exclusive_time = 103
process_id = p1
operationName = /wrk2-api/review/compose
serviceName = None
------------------------------------------------------------------------------------
span 2
span_id = fc4f310be4433010
parent_id = b564911ebf09871c
start_time = 1682628698032648
end_time = 1682628698036942
inclusive_time = 4294
exclusive_time = 321
process_id = p1
operationName = ComposeReview
serviceName = None
------------------------------------------------------------------------------------
span 3
span_id = 57cafda753ce00ec
parent_id = fc4f310be4433010
start_time = 1682628698032945
end_time = 1682628698036827
inclusive_time = 3882
exclusive_time = 367
process_id = p8
operationName = UploadMovieId
serviceName = None
------------------------------------------------------------------------------------
span 4
span_id = b3851df14466dba4
parent_id = 57cafda753ce00ec
start_time = 1682628698033544
end_time = 1682628698036676
inclusive_time = 3132
exclusive_time = 287
process_id = p9
operationName = UploadRating
serviceName = None
------------------------------------------------------------------------------------
span 5
span_id = e61b9432cdb26eae
parent_id = b3851df14466dba4
start_time = 1682628698033719
end_time = 1682628698036539
inclusive_time = 2820
exclusive_time = 1501
process_id = p3
operationName = UploadRating
serviceName = None
------------------------------------------------------------------------------------
span 6
span_id = 3c3533728a20e587
parent_id = e61b9432cdb26eae
start_time = 1682628698035254
end_time = 1682628698036384
inclusive_time = 1130
exclusive_time = 20
process_id = p6
operationName = UploadMovieReview
serviceName = None
------------------------------------------------------------------------------------
span 7
span_id = 4d03deb8006a1ca1
parent_id = 3c3533728a20e587
start_time = 1682628698035274
end_time = 1682628698036388
inclusive_time = 1114
exclusive_time = 1114
process_id = p6
operationName = MongoFindMovie
serviceName = None
------------------------------------------------------------------------------------
span 8
span_id = 3bb9eb0d9fd41ed9
parent_id = 57cafda753ce00ec
start_time = 1682628698033223
end_time = 1682628698033396
inclusive_time = 173
exclusive_time = 173
process_id = p8
operationName = MmcSetMovieId
serviceName = None
------------------------------------------------------------------------------------
span 9
span_id = 0cc297cc30ca1073
parent_id = 57cafda753ce00ec
start_time = 1682628698032965
end_time = 1682628698033083
inclusive_time = 118
exclusive_time = 118
process_id = p8
operationName = MmcGetMovieId
serviceName = None
------------------------------------------------------------------------------------
