span = 0
trace_id = 23860fff06755308
span_id = 23860fff06755308
parent_id = None
start_time = 1682628698226000
end_time = 1682628698230427
inclusive_time = 4427
exclusive_time = 981
process_id = p5
operationName = /wrk2-api/review/compose
serviceName = nginx
call path = 
------------------------------------------------------------------------------------
span = 1
trace_id = 23860fff06755308
span_id = 3add0693d36bb66d
parent_id = 23860fff06755308
start_time = 1682628698226981
end_time = 1682628698230427
inclusive_time = 3446
exclusive_time = 103
process_id = p5
operationName = /wrk2-api/review/compose
serviceName = nginx
call path = ->/wrk2-api/review/compose_nginx
------------------------------------------------------------------------------------
span = 2
trace_id = 23860fff06755308
span_id = 0619ecb5002097d3
parent_id = 3add0693d36bb66d
start_time = 1682628698227024
end_time = 1682628698230367
inclusive_time = 3343
exclusive_time = 245
process_id = p5
operationName = ComposeReview
serviceName = nginx
call path = ->/wrk2-api/review/compose_nginx->/wrk2-api/review/compose_nginx
------------------------------------------------------------------------------------
span = 3
trace_id = 23860fff06755308
span_id = 565b0508321f7844
parent_id = 0619ecb5002097d3
start_time = 1682628698227324
end_time = 1682628698230298
inclusive_time = 2974
exclusive_time = 289
process_id = p2
operationName = UploadMovieId
serviceName = movie-id-service
call path = ->/wrk2-api/review/compose_nginx->/wrk2-api/review/compose_nginx->ComposeReview_nginx
------------------------------------------------------------------------------------
span = 4
trace_id = 23860fff06755308
span_id = b0b9473a1519d3a8
parent_id = 565b0508321f7844
start_time = 1682628698227822
end_time = 1682628698230178
inclusive_time = 2356
exclusive_time = 200
process_id = p10
operationName = UploadRating
serviceName = rating-service
call path = ->/wrk2-api/review/compose_nginx->/wrk2-api/review/compose_nginx->ComposeReview_nginx->UploadMovieId_movie-id-service
------------------------------------------------------------------------------------
span = 5
trace_id = 23860fff06755308
span_id = b4c288fd0028cb26
parent_id = b0b9473a1519d3a8
start_time = 1682628698228006
end_time = 1682628698230076
inclusive_time = 2070
exclusive_time = 763
process_id = p1
operationName = UploadRating
serviceName = compose-review-service
call path = ->/wrk2-api/review/compose_nginx->/wrk2-api/review/compose_nginx->ComposeReview_nginx->UploadMovieId_movie-id-service->UploadRating_rating-service
------------------------------------------------------------------------------------
span = 6
trace_id = 23860fff06755308
span_id = 40781779c7336efa
parent_id = b4c288fd0028cb26
start_time = 1682628698228865
end_time = 1682628698229971
inclusive_time = 1106
exclusive_time = 28
process_id = p3
operationName = UploadMovieReview
serviceName = movie-review-service
call path = ->/wrk2-api/review/compose_nginx->/wrk2-api/review/compose_nginx->ComposeReview_nginx->UploadMovieId_movie-id-service->UploadRating_rating-service->UploadRating_compose-review-service
------------------------------------------------------------------------------------
span = 7
trace_id = 23860fff06755308
span_id = 52edb040bb599894
parent_id = 40781779c7336efa
start_time = 1682628698228893
end_time = 1682628698229977
inclusive_time = 1084
exclusive_time = 1084
process_id = p3
operationName = MongoFindMovie
serviceName = movie-review-service
call path = ->/wrk2-api/review/compose_nginx->/wrk2-api/review/compose_nginx->ComposeReview_nginx->UploadMovieId_movie-id-service->UploadRating_rating-service->UploadRating_compose-review-service->UploadMovieReview_movie-review-service
------------------------------------------------------------------------------------
span = 8
trace_id = 23860fff06755308
span_id = c071c3e0a5deff5e
parent_id = 565b0508321f7844
start_time = 1682628698227554
end_time = 1682628698227661
inclusive_time = 107
exclusive_time = 107
process_id = p2
operationName = MmcSetMovieId
serviceName = movie-id-service
call path = ->/wrk2-api/review/compose_nginx->/wrk2-api/review/compose_nginx->ComposeReview_nginx->UploadMovieId_movie-id-service
------------------------------------------------------------------------------------
span = 9
trace_id = 23860fff06755308
span_id = f67a83f903d1227a
parent_id = 565b0508321f7844
start_time = 1682628698227335
end_time = 1682628698227425
inclusive_time = 90
exclusive_time = 90
process_id = p2
operationName = MmcGetMovieId
serviceName = movie-id-service
call path = ->/wrk2-api/review/compose_nginx->/wrk2-api/review/compose_nginx->ComposeReview_nginx->UploadMovieId_movie-id-service
------------------------------------------------------------------------------------
