span = 0
trace_id = 89ab7a45737ad4ea
span_id = 89ab7a45737ad4ea
parent_id = None
start_time = 1682628698096000
end_time = 1682628698100316
inclusive_time = 4316
exclusive_time = 282
process_id = p1
operationName = /wrk2-api/review/compose
serviceName = nginx
------------------------------------------------------------------------------------
span = 1
trace_id = 89ab7a45737ad4ea
span_id = 303ddc165e7f5805
parent_id = 89ab7a45737ad4ea
start_time = 1682628698096282
end_time = 1682628698100316
inclusive_time = 4034
exclusive_time = 95
process_id = p1
operationName = /wrk2-api/review/compose
serviceName = nginx
------------------------------------------------------------------------------------
span = 2
trace_id = 89ab7a45737ad4ea
span_id = 49c81df64393c350
parent_id = 303ddc165e7f5805
start_time = 1682628698096320
end_time = 1682628698100259
inclusive_time = 3939
exclusive_time = 403
process_id = p1
operationName = ComposeReview
serviceName = nginx
------------------------------------------------------------------------------------
span = 3
trace_id = 89ab7a45737ad4ea
span_id = 0e4b455aea36b6e9
parent_id = 49c81df64393c350
start_time = 1682628698096616
end_time = 1682628698100081
inclusive_time = 3465
exclusive_time = 539
process_id = p5
operationName = UploadMovieId
serviceName = movie-id-service
------------------------------------------------------------------------------------
span = 4
trace_id = 89ab7a45737ad4ea
span_id = 93f13f88e53bb8fd
parent_id = 0e4b455aea36b6e9
start_time = 1682628698097067
end_time = 1682628698099779
inclusive_time = 2712
exclusive_time = 293
process_id = p7
operationName = UploadRating
serviceName = rating-service
------------------------------------------------------------------------------------
span = 5
trace_id = 89ab7a45737ad4ea
span_id = e790251d0f47501b
parent_id = 93f13f88e53bb8fd
start_time = 1682628698097228
end_time = 1682628698099631
inclusive_time = 2403
exclusive_time = 1050
process_id = p3
operationName = UploadRating
serviceName = compose-review-service
------------------------------------------------------------------------------------
span = 6
trace_id = 89ab7a45737ad4ea
span_id = 632af909a29217b0
parent_id = e790251d0f47501b
start_time = 1682628698098015
end_time = 1682628698099325
inclusive_time = 1310
exclusive_time = 18
process_id = p6
operationName = UploadUserReview
serviceName = user-review-service
------------------------------------------------------------------------------------
span = 7
trace_id = 89ab7a45737ad4ea
span_id = 91ab35edf4ec821d
parent_id = 632af909a29217b0
start_time = 1682628698098033
end_time = 1682628698099329
inclusive_time = 1296
exclusive_time = 1296
process_id = p6
operationName = MongoFindUser
serviceName = user-review-service
------------------------------------------------------------------------------------
span = 8
trace_id = 89ab7a45737ad4ea
span_id = a22c9ed213a3c5f4
parent_id = 0e4b455aea36b6e9
start_time = 1682628698096902
end_time = 1682628698097019
inclusive_time = 117
exclusive_time = 117
process_id = p5
operationName = MmcSetMovieId
serviceName = movie-id-service
------------------------------------------------------------------------------------
span = 9
trace_id = 89ab7a45737ad4ea
span_id = e7a1e8a75573a024
parent_id = 0e4b455aea36b6e9
start_time = 1682628698096629
end_time = 1682628698096726
inclusive_time = 97
exclusive_time = 97
process_id = p5
operationName = MmcGetMovieId
serviceName = movie-id-service
------------------------------------------------------------------------------------
