span = 0
span_id = 9cb83233134f66c7
parent_id = None
start_time = 1682628698094000
end_time = 1682628698097896
inclusive_time = 3896
exclusive_time = 254
process_id = p1
operationName = /wrk2-api/review/compose
serviceName = nginx
------------------------------------------------------------------------------------
span = 1
span_id = d42bd571a521c0e3
parent_id = 9cb83233134f66c7
start_time = 1682628698094253
end_time = 1682628698097895
inclusive_time = 3642
exclusive_time = 103
process_id = p1
operationName = /wrk2-api/review/compose
serviceName = nginx
------------------------------------------------------------------------------------
span = 2
span_id = 0a1366faa62fde9a
parent_id = d42bd571a521c0e3
start_time = 1682628698094294
end_time = 1682628698097833
inclusive_time = 3539
exclusive_time = 275
process_id = p1
operationName = ComposeReview
serviceName = nginx
------------------------------------------------------------------------------------
span = 3
span_id = fe17345a9d925e48
parent_id = 0a1366faa62fde9a
start_time = 1682628698094586
end_time = 1682628698097753
inclusive_time = 3167
exclusive_time = 402
process_id = p5
operationName = UploadMovieId
serviceName = movie-id-service
------------------------------------------------------------------------------------
span = 4
span_id = 5107aaadb360191b
parent_id = fe17345a9d925e48
start_time = 1682628698095120
end_time = 1682628698097621
inclusive_time = 2501
exclusive_time = 270
process_id = p7
operationName = UploadRating
serviceName = rating-service
------------------------------------------------------------------------------------
span = 5
span_id = bdcc2276d1501b8e
parent_id = 5107aaadb360191b
start_time = 1682628698095332
end_time = 1682628698097486
inclusive_time = 2154
exclusive_time = 1011
process_id = p3
operationName = UploadRating
serviceName = compose-review-service
------------------------------------------------------------------------------------
span = 6
span_id = ea346b4070d4a917
parent_id = bdcc2276d1501b8e
start_time = 1682628698096328
end_time = 1682628698097337
inclusive_time = 1009
exclusive_time = 18
process_id = p6
operationName = UploadUserReview
serviceName = user-review-service
------------------------------------------------------------------------------------
span = 7
span_id = 33bfc9541f2ad204
parent_id = ea346b4070d4a917
start_time = 1682628698096346
end_time = 1682628698097341
inclusive_time = 995
exclusive_time = 995
process_id = p6
operationName = MongoFindUser
serviceName = user-review-service
------------------------------------------------------------------------------------
span = 8
span_id = de6a087dcf057088
parent_id = fe17345a9d925e48
start_time = 1682628698094977
end_time = 1682628698095086
inclusive_time = 109
exclusive_time = 109
process_id = p5
operationName = MmcSetMovieId
serviceName = movie-id-service
------------------------------------------------------------------------------------
span = 9
span_id = 0f6baf0f66b9c27c
parent_id = fe17345a9d925e48
start_time = 1682628698094598
end_time = 1682628698094719
inclusive_time = 121
exclusive_time = 121
process_id = p5
operationName = MmcGetMovieId
serviceName = movie-id-service
------------------------------------------------------------------------------------
