span = 0
trace_id = 05e36ad6866193df
span_id = 05e36ad6866193df
parent_id = None
start_time = 1682628698296000
end_time = 1682628698300844
inclusive_time = 4844
exclusive_time = 203
process_id = p1
operationName = /wrk2-api/review/compose
serviceName = nginx
call path = 
------------------------------------------------------------------------------------
span = 1
trace_id = 05e36ad6866193df
span_id = 2d35f15f40e18e21
parent_id = 05e36ad6866193df
start_time = 1682628698296203
end_time = 1682628698300844
inclusive_time = 4641
exclusive_time = 166
process_id = p1
operationName = /wrk2-api/review/compose
serviceName = nginx
call path = ->/wrk2-api/review/compose_nginx
------------------------------------------------------------------------------------
span = 2
trace_id = 05e36ad6866193df
span_id = ec44202b22908010
parent_id = 2d35f15f40e18e21
start_time = 1682628698296309
end_time = 1682628698300784
inclusive_time = 4475
exclusive_time = 759
process_id = p1
operationName = ComposeReview
serviceName = nginx
call path = ->/wrk2-api/review/compose_nginx->/wrk2-api/review/compose_nginx
------------------------------------------------------------------------------------
span = 3
trace_id = 05e36ad6866193df
span_id = 4d28b86ecd6cb67d
parent_id = ec44202b22908010
start_time = 1682628698297657
end_time = 1682628698300504
inclusive_time = 2847
exclusive_time = 469
process_id = p5
operationName = UploadUniqueId
serviceName = unique-id-service
call path = ->/wrk2-api/review/compose_nginx->/wrk2-api/review/compose_nginx->ComposeReview_nginx
------------------------------------------------------------------------------------
span = 4
trace_id = 05e36ad6866193df
span_id = 2d7d55d1bdcc06b5
parent_id = 4d28b86ecd6cb67d
start_time = 1682628698297818
end_time = 1682628698300196
inclusive_time = 2378
exclusive_time = 914
process_id = p3
operationName = UploadUniqueId
serviceName = compose-review-service
call path = ->/wrk2-api/review/compose_nginx->/wrk2-api/review/compose_nginx->ComposeReview_nginx->UploadUniqueId_unique-id-service
------------------------------------------------------------------------------------
span = 5
trace_id = 05e36ad6866193df
span_id = 08681ab6ddf85ab6
parent_id = 2d7d55d1bdcc06b5
start_time = 1682628698298759
end_time = 1682628698300062
inclusive_time = 1303
exclusive_time = 34
process_id = p7
operationName = UploadMovieReview
serviceName = movie-review-service
call path = ->/wrk2-api/review/compose_nginx->/wrk2-api/review/compose_nginx->ComposeReview_nginx->UploadUniqueId_unique-id-service->UploadUniqueId_compose-review-service
------------------------------------------------------------------------------------
span = 6
trace_id = 05e36ad6866193df
span_id = ea96aa0d742f19b3
parent_id = 08681ab6ddf85ab6
start_time = 1682628698298793
end_time = 1682628698300066
inclusive_time = 1273
exclusive_time = 1273
process_id = p7
operationName = MongoFindMovie
serviceName = movie-review-service
call path = ->/wrk2-api/review/compose_nginx->/wrk2-api/review/compose_nginx->ComposeReview_nginx->UploadUniqueId_unique-id-service->UploadUniqueId_compose-review-service->UploadMovieReview_movie-review-service
------------------------------------------------------------------------------------
span = 7
trace_id = 05e36ad6866193df
span_id = 9a0859ecd8f227c2
parent_id = ec44202b22908010
start_time = 1682628698296788
end_time = 1682628698297522
inclusive_time = 734
exclusive_time = 287
process_id = p8
operationName = UploadUserWithUsername
serviceName = user-service
call path = ->/wrk2-api/review/compose_nginx->/wrk2-api/review/compose_nginx->ComposeReview_nginx
------------------------------------------------------------------------------------
span = 8
trace_id = 05e36ad6866193df
span_id = 2f975208c31e4d79
parent_id = 9a0859ecd8f227c2
start_time = 1682628698297083
end_time = 1682628698297436
inclusive_time = 353
exclusive_time = 353
process_id = p3
operationName = UploadUserId
serviceName = compose-review-service
call path = ->/wrk2-api/review/compose_nginx->/wrk2-api/review/compose_nginx->ComposeReview_nginx->UploadUserWithUsername_user-service
------------------------------------------------------------------------------------
span = 9
trace_id = 05e36ad6866193df
span_id = a10c1a3dde91b882
parent_id = 9a0859ecd8f227c2
start_time = 1682628698296800
end_time = 1682628698296894
inclusive_time = 94
exclusive_time = 94
process_id = p8
operationName = MmcGetUserId
serviceName = user-service
call path = ->/wrk2-api/review/compose_nginx->/wrk2-api/review/compose_nginx->ComposeReview_nginx->UploadUserWithUsername_user-service
------------------------------------------------------------------------------------
