span 0
span_id = 81b59df840fc2de1
parent_id = None
start_time = 1682628697990000
end_time = 1682628697994082
inclusive_time = 4082
exclusive_time = 257
process_id = p4
operationName = /wrk2-api/review/compose
serviceName = None
------------------------------------------------------------------------------------
span 1
span_id = 77932ff47d73924c
parent_id = 81b59df840fc2de1
start_time = 1682628697990257
end_time = 1682628697994082
inclusive_time = 3825
exclusive_time = 117
process_id = p4
operationName = /wrk2-api/review/compose
serviceName = None
------------------------------------------------------------------------------------
span 2
span_id = 06bad1f09ebe2c32
parent_id = 77932ff47d73924c
start_time = 1682628697990306
end_time = 1682628697994014
inclusive_time = 3708
exclusive_time = 296
process_id = p4
operationName = ComposeReview
serviceName = None
------------------------------------------------------------------------------------
span 3
span_id = e94a4cef0d3118f3
parent_id = 06bad1f09ebe2c32
start_time = 1682628697990656
end_time = 1682628697993934
inclusive_time = 3278
exclusive_time = 278
process_id = p3
operationName = UploadMovieId
serviceName = None
------------------------------------------------------------------------------------
span 4
span_id = 938ade1494396ff7
parent_id = e94a4cef0d3118f3
start_time = 1682628697991147
end_time = 1682628697993832
inclusive_time = 2685
exclusive_time = 194
process_id = p10
operationName = UploadRating
serviceName = None
------------------------------------------------------------------------------------
span 5
span_id = dafa2e3515db8583
parent_id = 938ade1494396ff7
start_time = 1682628697991295
end_time = 1682628697993721
inclusive_time = 2426
exclusive_time = 1023
process_id = p6
operationName = UploadRating
serviceName = None
------------------------------------------------------------------------------------
span 6
span_id = 1552dfd1a9d59736
parent_id = dafa2e3515db8583
start_time = 1682628697992531
end_time = 1682628697993625
inclusive_time = 1094
exclusive_time = 28
process_id = p2
operationName = UploadMovieReview
serviceName = None
------------------------------------------------------------------------------------
span 7
span_id = c6b431f481eab535
parent_id = 1552dfd1a9d59736
start_time = 1682628697992559
end_time = 1682628697993627
inclusive_time = 1068
exclusive_time = 1068
process_id = p2
operationName = MongoFindMovie
serviceName = None
------------------------------------------------------------------------------------
span 8
span_id = f8343d48c438a357
parent_id = e94a4cef0d3118f3
start_time = 1682628697990933
end_time = 1682628697991032
inclusive_time = 99
exclusive_time = 99
process_id = p3
operationName = MmcSetMovieId
serviceName = None
------------------------------------------------------------------------------------
span 9
span_id = d7e79af5d74a6b4c
parent_id = e94a4cef0d3118f3
start_time = 1682628697990703
end_time = 1682628697990811
inclusive_time = 108
exclusive_time = 108
process_id = p3
operationName = MmcGetMovieId
serviceName = None
------------------------------------------------------------------------------------
