span 0
span_id = 7ed025abeed992aa
parent_id = None
start_time = 1682628698109000
end_time = 1682628698113224
inclusive_time = 4224
exclusive_time = 237
process_id = p7
operationName = /wrk2-api/review/compose
serviceName = None
------------------------------------------------------------------------------------
span 1
span_id = 1b2615847f05d1d2
parent_id = 7ed025abeed992aa
start_time = 1682628698109237
end_time = 1682628698113224
inclusive_time = 3987
exclusive_time = 127
process_id = p7
operationName = /wrk2-api/review/compose
serviceName = None
------------------------------------------------------------------------------------
span 2
span_id = cd0a96f7215dd0f7
parent_id = 1b2615847f05d1d2
start_time = 1682628698109299
end_time = 1682628698113159
inclusive_time = 3860
exclusive_time = 314
process_id = p7
operationName = ComposeReview
serviceName = None
------------------------------------------------------------------------------------
span 3
span_id = 0e4cb718d1f306fd
parent_id = cd0a96f7215dd0f7
start_time = 1682628698109686
end_time = 1682628698113089
inclusive_time = 3403
exclusive_time = 527
process_id = p3
operationName = UploadMovieId
serviceName = None
------------------------------------------------------------------------------------
span 4
span_id = d7b16d6d16e4c7b7
parent_id = 0e4cb718d1f306fd
start_time = 1682628698110297
end_time = 1682628698112978
inclusive_time = 2681
exclusive_time = 276
process_id = p5
operationName = UploadRating
serviceName = None
------------------------------------------------------------------------------------
span 5
span_id = 7fa44db9cced8202
parent_id = d7b16d6d16e4c7b7
start_time = 1682628698110473
end_time = 1682628698112847
inclusive_time = 2374
exclusive_time = 990
process_id = p1
operationName = UploadRating
serviceName = None
------------------------------------------------------------------------------------
span 6
span_id = a90eec5a0052d969
parent_id = 7fa44db9cced8202
start_time = 1682628698111444
end_time = 1682628698112681
inclusive_time = 1237
exclusive_time = 32
process_id = p6
operationName = UploadMovieReview
serviceName = None
------------------------------------------------------------------------------------
span 7
span_id = a6a23cf2fc9fd5cb
parent_id = a90eec5a0052d969
start_time = 1682628698111476
end_time = 1682628698112689
inclusive_time = 1213
exclusive_time = 1213
process_id = p6
operationName = MongoFindMovie
serviceName = None
------------------------------------------------------------------------------------
span 8
span_id = 690343e8181c82f9
parent_id = 0e4cb718d1f306fd
start_time = 1682628698109709
end_time = 1682628698109800
inclusive_time = 91
exclusive_time = 91
process_id = p3
operationName = MmcGetMovieId
serviceName = None
------------------------------------------------------------------------------------
