span = 0
trace_id = 623bbdab3ea89d7d
span_id = 623bbdab3ea89d7d
parent_id = None
start_time = 1682628698136000
end_time = 1682628698140109
inclusive_time = 4109
exclusive_time = 95
process_id = p6
operationName = /wrk2-api/review/compose
serviceName = nginx
------------------------------------------------------------------------------------
span = 1
trace_id = 623bbdab3ea89d7d
span_id = 5dfbd9bdceec44fd
parent_id = 623bbdab3ea89d7d
start_time = 1682628698136095
end_time = 1682628698140109
inclusive_time = 4014
exclusive_time = 154
process_id = p6
operationName = /wrk2-api/review/compose
serviceName = nginx
------------------------------------------------------------------------------------
span = 2
trace_id = 623bbdab3ea89d7d
span_id = 0977f623cb119501
parent_id = 5dfbd9bdceec44fd
start_time = 1682628698136145
end_time = 1682628698140005
inclusive_time = 3860
exclusive_time = 290
process_id = p6
operationName = ComposeReview
serviceName = nginx
------------------------------------------------------------------------------------
span = 3
trace_id = 623bbdab3ea89d7d
span_id = 7251cabe5146844f
parent_id = 0977f623cb119501
start_time = 1682628698136439
end_time = 1682628698139912
inclusive_time = 3473
exclusive_time = 362
process_id = p1
operationName = UploadMovieId
serviceName = movie-id-service
------------------------------------------------------------------------------------
span = 4
trace_id = 623bbdab3ea89d7d
span_id = 1d34a41cf0eaf0d7
parent_id = 7251cabe5146844f
start_time = 1682628698136851
end_time = 1682628698139748
inclusive_time = 2897
exclusive_time = 256
process_id = p3
operationName = UploadRating
serviceName = rating-service
------------------------------------------------------------------------------------
span = 5
trace_id = 623bbdab3ea89d7d
span_id = 519bb7a728cd4858
parent_id = 1d34a41cf0eaf0d7
start_time = 1682628698137043
end_time = 1682628698139616
inclusive_time = 2573
exclusive_time = 1092
process_id = p4
operationName = UploadRating
serviceName = compose-review-service
------------------------------------------------------------------------------------
span = 6
trace_id = 623bbdab3ea89d7d
span_id = 34b78182e5a6a412
parent_id = 519bb7a728cd4858
start_time = 1682628698138241
end_time = 1682628698139509
inclusive_time = 1268
exclusive_time = 26
process_id = p5
operationName = UploadMovieReview
serviceName = movie-review-service
------------------------------------------------------------------------------------
span = 7
trace_id = 623bbdab3ea89d7d
span_id = 2aa8f1e63b7dd5cd
parent_id = 34b78182e5a6a412
start_time = 1682628698138267
end_time = 1682628698139517
inclusive_time = 1250
exclusive_time = 1250
process_id = p5
operationName = MongoFindMovie
serviceName = movie-review-service
------------------------------------------------------------------------------------
span = 8
trace_id = 623bbdab3ea89d7d
span_id = 4345a4fa3fab6650
parent_id = 7251cabe5146844f
start_time = 1682628698136699
end_time = 1682628698136791
inclusive_time = 92
exclusive_time = 92
process_id = p1
operationName = MmcSetMovieId
serviceName = movie-id-service
------------------------------------------------------------------------------------
span = 9
trace_id = 623bbdab3ea89d7d
span_id = 9a456f06e04c30fe
parent_id = 7251cabe5146844f
start_time = 1682628698136459
end_time = 1682628698136550
inclusive_time = 91
exclusive_time = 91
process_id = p1
operationName = MmcGetMovieId
serviceName = movie-id-service
------------------------------------------------------------------------------------
