span 0
span_id = d25bbabebe46cfab
parent_id = None
start_time = 1682628698295000
end_time = 1682628698299882
inclusive_time = 4882
exclusive_time = 1067
process_id = p1
operationName = /wrk2-api/review/compose
serviceName = None
------------------------------------------------------------------------------------
span 1
span_id = 378311f2075bda56
parent_id = d25bbabebe46cfab
start_time = 1682628698296067
end_time = 1682628698299882
inclusive_time = 3815
exclusive_time = 79
process_id = p1
operationName = /wrk2-api/review/compose
serviceName = None
------------------------------------------------------------------------------------
span 2
span_id = 25c44287ad04ed76
parent_id = 378311f2075bda56
start_time = 1682628698296102
end_time = 1682628698299838
inclusive_time = 3736
exclusive_time = 243
process_id = p1
operationName = ComposeReview
serviceName = None
------------------------------------------------------------------------------------
span 3
span_id = 3300eca7fdd64a71
parent_id = 25c44287ad04ed76
start_time = 1682628698296355
end_time = 1682628698299749
inclusive_time = 3394
exclusive_time = 358
process_id = p4
operationName = UploadMovieId
serviceName = None
------------------------------------------------------------------------------------
span 4
span_id = 2747d2b8651e118c
parent_id = 3300eca7fdd64a71
start_time = 1682628698296723
end_time = 1682628698299571
inclusive_time = 2848
exclusive_time = 222
process_id = p10
operationName = UploadRating
serviceName = None
------------------------------------------------------------------------------------
span 5
span_id = 8fcc0ef980a261d6
parent_id = 2747d2b8651e118c
start_time = 1682628698296856
end_time = 1682628698299456
inclusive_time = 2600
exclusive_time = 1106
process_id = p3
operationName = UploadRating
serviceName = None
------------------------------------------------------------------------------------
span 6
span_id = 58d3e410127962a0
parent_id = 8fcc0ef980a261d6
start_time = 1682628698297751
end_time = 1682628698299186
inclusive_time = 1435
exclusive_time = 24
process_id = p7
operationName = UploadMovieReview
serviceName = None
------------------------------------------------------------------------------------
span 7
span_id = ef6f0f595abb0698
parent_id = 58d3e410127962a0
start_time = 1682628698297775
end_time = 1682628698299194
inclusive_time = 1419
exclusive_time = 1419
process_id = p7
operationName = MongoFindMovie
serviceName = None
------------------------------------------------------------------------------------
span 8
span_id = 597ade0dad069927
parent_id = 3300eca7fdd64a71
start_time = 1682628698296581
end_time = 1682628698296676
inclusive_time = 95
exclusive_time = 95
process_id = p4
operationName = MmcSetMovieId
serviceName = None
------------------------------------------------------------------------------------
span 9
span_id = 1e50cfb6b4f40a29
parent_id = 3300eca7fdd64a71
start_time = 1682628698296367
end_time = 1682628698296446
inclusive_time = 79
exclusive_time = 79
process_id = p4
operationName = MmcGetMovieId
serviceName = None
------------------------------------------------------------------------------------
