span = 0
trace_id = 7668ff91984e8b82
span_id = 7668ff91984e8b82
parent_id = None
start_time = 1682628697949000
end_time = 1682628697954347
inclusive_time = 5347
exclusive_time = 919
process_id = p6
operationName = /wrk2-api/review/compose
serviceName = nginx
call path = 
------------------------------------------------------------------------------------
span = 1
trace_id = 7668ff91984e8b82
span_id = d7e562bff04e4c07
parent_id = 7668ff91984e8b82
start_time = 1682628697949919
end_time = 1682628697954347
inclusive_time = 4428
exclusive_time = 93
process_id = p6
operationName = /wrk2-api/review/compose
serviceName = nginx
call path = ->/wrk2-api/review/compose_nginx
------------------------------------------------------------------------------------
span = 2
trace_id = 7668ff91984e8b82
span_id = bed498c4e9b69432
parent_id = d7e562bff04e4c07
start_time = 1682628697949970
end_time = 1682628697954305
inclusive_time = 4335
exclusive_time = 728
process_id = p6
operationName = ComposeReview
serviceName = nginx
call path = ->/wrk2-api/review/compose_nginx->/wrk2-api/review/compose_nginx
------------------------------------------------------------------------------------
span = 3
trace_id = 7668ff91984e8b82
span_id = a488b35e620a602e
parent_id = bed498c4e9b69432
start_time = 1682628697950637
end_time = 1682628697953773
inclusive_time = 3136
exclusive_time = 287
process_id = p8
operationName = UploadMovieId
serviceName = movie-id-service
call path = ->/wrk2-api/review/compose_nginx->/wrk2-api/review/compose_nginx->ComposeReview_nginx
------------------------------------------------------------------------------------
span = 4
trace_id = 7668ff91984e8b82
span_id = 80d5161c2db7ecdc
parent_id = a488b35e620a602e
start_time = 1682628697951173
end_time = 1682628697953659
inclusive_time = 2486
exclusive_time = 234
process_id = p4
operationName = UploadRating
serviceName = rating-service
call path = ->/wrk2-api/review/compose_nginx->/wrk2-api/review/compose_nginx->ComposeReview_nginx->UploadMovieId_movie-id-service
------------------------------------------------------------------------------------
span = 5
trace_id = 7668ff91984e8b82
span_id = 83edbe6d77e641f6
parent_id = 80d5161c2db7ecdc
start_time = 1682628697951336
end_time = 1682628697953533
inclusive_time = 2197
exclusive_time = 1143
process_id = p3
operationName = UploadRating
serviceName = compose-review-service
call path = ->/wrk2-api/review/compose_nginx->/wrk2-api/review/compose_nginx->ComposeReview_nginx->UploadMovieId_movie-id-service->UploadRating_rating-service
------------------------------------------------------------------------------------
span = 6
trace_id = 7668ff91984e8b82
span_id = 47802e3410bfe03c
parent_id = 83edbe6d77e641f6
start_time = 1682628697952517
end_time = 1682628697953420
inclusive_time = 903
exclusive_time = 31
process_id = p7
operationName = UploadMovieReview
serviceName = movie-review-service
call path = ->/wrk2-api/review/compose_nginx->/wrk2-api/review/compose_nginx->ComposeReview_nginx->UploadMovieId_movie-id-service->UploadRating_rating-service->UploadRating_compose-review-service
------------------------------------------------------------------------------------
span = 7
trace_id = 7668ff91984e8b82
span_id = 496363caec4cde01
parent_id = 47802e3410bfe03c
start_time = 1682628697952548
end_time = 1682628697953425
inclusive_time = 877
exclusive_time = 877
process_id = p7
operationName = MongoFindMovie
serviceName = movie-review-service
call path = ->/wrk2-api/review/compose_nginx->/wrk2-api/review/compose_nginx->ComposeReview_nginx->UploadMovieId_movie-id-service->UploadRating_rating-service->UploadRating_compose-review-service->UploadMovieReview_movie-review-service
------------------------------------------------------------------------------------
span = 8
trace_id = 7668ff91984e8b82
span_id = ee9f792d4b39dc4d
parent_id = a488b35e620a602e
start_time = 1682628697950938
end_time = 1682628697951066
inclusive_time = 128
exclusive_time = 128
process_id = p8
operationName = MmcSetMovieId
serviceName = movie-id-service
call path = ->/wrk2-api/review/compose_nginx->/wrk2-api/review/compose_nginx->ComposeReview_nginx->UploadMovieId_movie-id-service
------------------------------------------------------------------------------------
span = 9
trace_id = 7668ff91984e8b82
span_id = 2d533a62252e2257
parent_id = a488b35e620a602e
start_time = 1682628697950655
end_time = 1682628697950783
inclusive_time = 128
exclusive_time = 128
process_id = p8
operationName = MmcGetMovieId
serviceName = movie-id-service
call path = ->/wrk2-api/review/compose_nginx->/wrk2-api/review/compose_nginx->ComposeReview_nginx->UploadMovieId_movie-id-service
------------------------------------------------------------------------------------
