span 0
span_id = a545a8125496bb81
parent_id = None
start_time = 1682628697937000
end_time = 1682628697941782
inclusive_time = 4782
exclusive_time = 759
process_id = p8
operationName = /wrk2-api/review/compose
serviceName = None
------------------------------------------------------------------------------------
span 1
span_id = 97bba7cc984973ad
parent_id = a545a8125496bb81
start_time = 1682628697937759
end_time = 1682628697941782
inclusive_time = 4023
exclusive_time = 84
process_id = p8
operationName = /wrk2-api/review/compose
serviceName = None
------------------------------------------------------------------------------------
span 2
span_id = ac482d37bb470c79
parent_id = 97bba7cc984973ad
start_time = 1682628697937795
end_time = 1682628697941734
inclusive_time = 3939
exclusive_time = 271
process_id = p8
operationName = ComposeReview
serviceName = None
------------------------------------------------------------------------------------
span 3
span_id = e318e15c1ad54e19
parent_id = ac482d37bb470c79
start_time = 1682628697938044
end_time = 1682628697941620
inclusive_time = 3576
exclusive_time = 516
process_id = p7
operationName = UploadMovieId
serviceName = None
------------------------------------------------------------------------------------
span 4
span_id = 7a959dcb9efc71d0
parent_id = e318e15c1ad54e19
start_time = 1682628697938593
end_time = 1682628697941507
inclusive_time = 2914
exclusive_time = 292
process_id = p4
operationName = UploadRating
serviceName = None
------------------------------------------------------------------------------------
span 5
span_id = 58677d0e7fc0e39f
parent_id = 7a959dcb9efc71d0
start_time = 1682628697938806
end_time = 1682628697941391
inclusive_time = 2585
exclusive_time = 1150
process_id = p3
operationName = UploadRating
serviceName = None
------------------------------------------------------------------------------------
span 6
span_id = 597aae52ba34e16b
parent_id = 58677d0e7fc0e39f
start_time = 1682628697939836
end_time = 1682628697941097
inclusive_time = 1261
exclusive_time = 28
process_id = p6
operationName = UploadMovieReview
serviceName = None
------------------------------------------------------------------------------------
span 7
span_id = 684c1be6af734abc
parent_id = 597aae52ba34e16b
start_time = 1682628697939864
end_time = 1682628697941102
inclusive_time = 1238
exclusive_time = 1238
process_id = p6
operationName = MongoFindMovie
serviceName = None
------------------------------------------------------------------------------------
span 8
span_id = 4afd60924f5feae6
parent_id = e318e15c1ad54e19
start_time = 1682628697938062
end_time = 1682628697938149
inclusive_time = 87
exclusive_time = 87
process_id = p7
operationName = MmcGetMovieId
serviceName = None
------------------------------------------------------------------------------------
