span = 0
trace_id = a0c99fb909f1adad
span_id = a0c99fb909f1adad
parent_id = None
start_time = 1682628698332000
end_time = 1682628698336834
inclusive_time = 4834
exclusive_time = 569
process_id = p10
operationName = /wrk2-api/review/compose
serviceName = nginx
------------------------------------------------------------------------------------
span = 1
trace_id = a0c99fb909f1adad
span_id = 69d4241307bc9de1
parent_id = a0c99fb909f1adad
start_time = 1682628698332569
end_time = 1682628698336834
inclusive_time = 4265
exclusive_time = 101
process_id = p10
operationName = /wrk2-api/review/compose
serviceName = nginx
------------------------------------------------------------------------------------
span = 2
trace_id = a0c99fb909f1adad
span_id = 500423fe3ee87d7c
parent_id = 69d4241307bc9de1
start_time = 1682628698332627
end_time = 1682628698336791
inclusive_time = 4164
exclusive_time = 466
process_id = p10
operationName = ComposeReview
serviceName = nginx
------------------------------------------------------------------------------------
span = 3
trace_id = a0c99fb909f1adad
span_id = 2cedcffcdaa364c4
parent_id = 500423fe3ee87d7c
start_time = 1682628698334003
end_time = 1682628698336722
inclusive_time = 2719
exclusive_time = 250
process_id = p3
operationName = UploadUniqueId
serviceName = unique-id-service
------------------------------------------------------------------------------------
span = 4
trace_id = a0c99fb909f1adad
span_id = 749b7bec28788b52
parent_id = 2cedcffcdaa364c4
start_time = 1682628698334191
end_time = 1682628698336660
inclusive_time = 2469
exclusive_time = 946
process_id = p2
operationName = UploadUniqueId
serviceName = compose-review-service
------------------------------------------------------------------------------------
span = 5
trace_id = a0c99fb909f1adad
span_id = 47cc196da8e22c32
parent_id = 749b7bec28788b52
start_time = 1682628698335062
end_time = 1682628698336543
inclusive_time = 1481
exclusive_time = 34
process_id = p6
operationName = UploadUserReview
serviceName = user-review-service
------------------------------------------------------------------------------------
span = 6
trace_id = a0c99fb909f1adad
span_id = ae968aec79c607a2
parent_id = 47cc196da8e22c32
start_time = 1682628698335096
end_time = 1682628698336550
inclusive_time = 1454
exclusive_time = 1454
process_id = p6
operationName = MongoFindUser
serviceName = user-review-service
------------------------------------------------------------------------------------
span = 7
trace_id = a0c99fb909f1adad
span_id = 07ed20b27184c5c0
parent_id = 500423fe3ee87d7c
start_time = 1682628698333024
end_time = 1682628698333760
inclusive_time = 736
exclusive_time = 252
process_id = p7
operationName = UploadUserWithUsername
serviceName = user-service
------------------------------------------------------------------------------------
span = 8
trace_id = a0c99fb909f1adad
span_id = d056880b620fc84c
parent_id = 07ed20b27184c5c0
start_time = 1682628698333306
end_time = 1682628698333693
inclusive_time = 387
exclusive_time = 387
process_id = p2
operationName = UploadUserId
serviceName = compose-review-service
------------------------------------------------------------------------------------
span = 9
trace_id = a0c99fb909f1adad
span_id = e4ab4f8bf85cd8fd
parent_id = 07ed20b27184c5c0
start_time = 1682628698333040
end_time = 1682628698333137
inclusive_time = 97
exclusive_time = 97
process_id = p7
operationName = MmcGetUserId
serviceName = user-service
------------------------------------------------------------------------------------
