span 0
span_id = 062620a0b80a66a2
parent_id = None
start_time = 1682628698293000
end_time = 1682628698298491
inclusive_time = 5491
exclusive_time = 672
process_id = p1
operationName = /wrk2-api/review/compose
serviceName = None
------------------------------------------------------------------------------------
span 1
span_id = fd52b4324bdda7bd
parent_id = 062620a0b80a66a2
start_time = 1682628698293672
end_time = 1682628698298491
inclusive_time = 4819
exclusive_time = 198
process_id = p1
operationName = /wrk2-api/review/compose
serviceName = None
------------------------------------------------------------------------------------
span 2
span_id = ab49ea850aeb9810
parent_id = fd52b4324bdda7bd
start_time = 1682628698293716
end_time = 1682628698298337
inclusive_time = 4621
exclusive_time = 1060
process_id = p1
operationName = ComposeReview
serviceName = None
------------------------------------------------------------------------------------
span 3
span_id = 4459578c6e7d274b
parent_id = ab49ea850aeb9810
start_time = 1682628698294887
end_time = 1682628698297774
inclusive_time = 2887
exclusive_time = 381
process_id = p5
operationName = UploadUniqueId
serviceName = None
------------------------------------------------------------------------------------
span 4
span_id = 93bc0275f44b9f55
parent_id = 4459578c6e7d274b
start_time = 1682628698295204
end_time = 1682628698297710
inclusive_time = 2506
exclusive_time = 940
process_id = p3
operationName = UploadUniqueId
serviceName = None
------------------------------------------------------------------------------------
span 5
span_id = 665c7f3479ee7428
parent_id = 93bc0275f44b9f55
start_time = 1682628698296223
end_time = 1682628698297588
inclusive_time = 1365
exclusive_time = 26
process_id = p7
operationName = UploadMovieReview
serviceName = None
------------------------------------------------------------------------------------
span 6
span_id = f96c8ca29651dab8
parent_id = 665c7f3479ee7428
start_time = 1682628698296249
end_time = 1682628698297591
inclusive_time = 1342
exclusive_time = 1342
process_id = p7
operationName = MongoFindMovie
serviceName = None
------------------------------------------------------------------------------------
