span = 0
trace_id = 3e29579dbe0e8bad
span_id = 3e29579dbe0e8bad
parent_id = None
start_time = 1682628697961000
end_time = 1682628697965696
inclusive_time = 4696
exclusive_time = 500
process_id = p7
operationName = /wrk2-api/review/compose
serviceName = nginx
------------------------------------------------------------------------------------
span = 1
trace_id = 3e29579dbe0e8bad
span_id = 498b181e40184a1a
parent_id = 3e29579dbe0e8bad
start_time = 1682628697961500
end_time = 1682628697965696
inclusive_time = 4196
exclusive_time = 87
process_id = p7
operationName = /wrk2-api/review/compose
serviceName = nginx
------------------------------------------------------------------------------------
span = 2
trace_id = 3e29579dbe0e8bad
span_id = 3b8ceefd5996f657
parent_id = 498b181e40184a1a
start_time = 1682628697961535
end_time = 1682628697965644
inclusive_time = 4109
exclusive_time = 266
process_id = p7
operationName = ComposeReview
serviceName = nginx
------------------------------------------------------------------------------------
span = 3
trace_id = 3e29579dbe0e8bad
span_id = b7edb0fa294fe456
parent_id = 3b8ceefd5996f657
start_time = 1682628697961820
end_time = 1682628697965557
inclusive_time = 3737
exclusive_time = 413
process_id = p6
operationName = UploadMovieId
serviceName = movie-id-service
------------------------------------------------------------------------------------
span = 4
trace_id = 3e29579dbe0e8bad
span_id = 053726d6bcc33229
parent_id = b7edb0fa294fe456
start_time = 1682628697962329
end_time = 1682628697965449
inclusive_time = 3120
exclusive_time = 228
process_id = p3
operationName = UploadRating
serviceName = rating-service
------------------------------------------------------------------------------------
span = 5
trace_id = 3e29579dbe0e8bad
span_id = 8c03a6c3699bd25b
parent_id = 053726d6bcc33229
start_time = 1682628697962568
end_time = 1682628697965328
inclusive_time = 2760
exclusive_time = 1113
process_id = p2
operationName = UploadRating
serviceName = compose-review-service
------------------------------------------------------------------------------------
span = 6
trace_id = 3e29579dbe0e8bad
span_id = 7b8b92abc349a2c1
parent_id = 8c03a6c3699bd25b
start_time = 1682628697963826
end_time = 1682628697965165
inclusive_time = 1339
exclusive_time = 24
process_id = p5
operationName = UploadMovieReview
serviceName = movie-review-service
------------------------------------------------------------------------------------
span = 7
trace_id = 3e29579dbe0e8bad
span_id = caf435455e079f45
parent_id = 7b8b92abc349a2c1
start_time = 1682628697963850
end_time = 1682628697965171
inclusive_time = 1321
exclusive_time = 1321
process_id = p5
operationName = MongoFindMovie
serviceName = movie-review-service
------------------------------------------------------------------------------------
span = 8
trace_id = 3e29579dbe0e8bad
span_id = 82080f6e9c04b8ac
parent_id = b7edb0fa294fe456
start_time = 1682628697962082
end_time = 1682628697962196
inclusive_time = 114
exclusive_time = 114
process_id = p6
operationName = MmcSetMovieId
serviceName = movie-id-service
------------------------------------------------------------------------------------
span = 9
trace_id = 3e29579dbe0e8bad
span_id = b9c43994be78b0b8
parent_id = b7edb0fa294fe456
start_time = 1682628697961833
end_time = 1682628697961923
inclusive_time = 90
exclusive_time = 90
process_id = p6
operationName = MmcGetMovieId
serviceName = movie-id-service
------------------------------------------------------------------------------------
