span = 0
span_id = afc771e8c6534025
parent_id = None
start_time = 1682628698307000
end_time = 1682628698312959
inclusive_time = 5959
exclusive_time = 918
process_id = p1
operationName = /wrk2-api/review/compose
serviceName = nginx
------------------------------------------------------------------------------------
span = 1
span_id = bf818f6ac31bb46e
parent_id = afc771e8c6534025
start_time = 1682628698307918
end_time = 1682628698312959
inclusive_time = 5041
exclusive_time = 148
process_id = p1
operationName = /wrk2-api/review/compose
serviceName = nginx
------------------------------------------------------------------------------------
span = 2
span_id = 9b8e2ab928bb9960
parent_id = bf818f6ac31bb46e
start_time = 1682628698307956
end_time = 1682628698312849
inclusive_time = 4893
exclusive_time = 389
process_id = p1
operationName = ComposeReview
serviceName = nginx
------------------------------------------------------------------------------------
span = 3
span_id = 62e36214f28be8f3
parent_id = 9b8e2ab928bb9960
start_time = 1682628698309118
end_time = 1682628698312654
inclusive_time = 3536
exclusive_time = 372
process_id = p4
operationName = UploadMovieId
serviceName = movie-id-service
------------------------------------------------------------------------------------
span = 4
span_id = d47cf807dd84bf10
parent_id = 62e36214f28be8f3
start_time = 1682628698309645
end_time = 1682628698312494
inclusive_time = 2849
exclusive_time = 208
process_id = p10
operationName = UploadRating
serviceName = rating-service
------------------------------------------------------------------------------------
span = 5
span_id = e13e3ffe0b3ffd0d
parent_id = d47cf807dd84bf10
start_time = 1682628698309861
end_time = 1682628698312390
inclusive_time = 2529
exclusive_time = 1236
process_id = p3
operationName = UploadRating
serviceName = compose-review-service
------------------------------------------------------------------------------------
span = 6
span_id = 987981fcfb6a191f
parent_id = e13e3ffe0b3ffd0d
start_time = 1682628698311004
end_time = 1682628698312260
inclusive_time = 1256
exclusive_time = 21
process_id = p2
operationName = UploadUserReview
serviceName = user-review-service
------------------------------------------------------------------------------------
span = 7
span_id = cdc8278826d6123d
parent_id = 987981fcfb6a191f
start_time = 1682628698311025
end_time = 1682628698312266
inclusive_time = 1241
exclusive_time = 1241
process_id = p2
operationName = MongoFindUser
serviceName = user-review-service
------------------------------------------------------------------------------------
span = 8
span_id = 09cc0d7bb7337f44
parent_id = 62e36214f28be8f3
start_time = 1682628698309363
end_time = 1682628698309473
inclusive_time = 110
exclusive_time = 110
process_id = p4
operationName = MmcSetMovieId
serviceName = movie-id-service
------------------------------------------------------------------------------------
span = 9
span_id = 0fe8b52cd94b0543
parent_id = 62e36214f28be8f3
start_time = 1682628698309136
end_time = 1682628698309235
inclusive_time = 99
exclusive_time = 99
process_id = p4
operationName = MmcGetMovieId
serviceName = movie-id-service
------------------------------------------------------------------------------------
span = 10
span_id = 7089bcafe62cb035
parent_id = 9b8e2ab928bb9960
start_time = 1682628698308486
end_time = 1682628698309019
inclusive_time = 533
exclusive_time = 239
process_id = p5
operationName = UploadUniqueId
serviceName = unique-id-service
------------------------------------------------------------------------------------
span = 11
span_id = f0e035b2daac2460
parent_id = 7089bcafe62cb035
start_time = 1682628698308664
end_time = 1682628698308958
inclusive_time = 294
exclusive_time = 294
process_id = p3
operationName = UploadUniqueId
serviceName = compose-review-service
------------------------------------------------------------------------------------
