span 0
span_id = 4ebe1175c04b6a8f
parent_id = None
start_time = 1682628698100000
end_time = 1682628698104395
inclusive_time = 4395
exclusive_time = 541
process_id = p7
operationName = /wrk2-api/review/compose
serviceName = None
------------------------------------------------------------------------------------
span 1
span_id = 3ccc54baf7c7c54e
parent_id = 4ebe1175c04b6a8f
start_time = 1682628698100541
end_time = 1682628698104395
inclusive_time = 3854
exclusive_time = 89
process_id = p7
operationName = /wrk2-api/review/compose
serviceName = None
------------------------------------------------------------------------------------
span 2
span_id = 1f9ceef7c64d95dd
parent_id = 3ccc54baf7c7c54e
start_time = 1682628698100575
end_time = 1682628698104340
inclusive_time = 3765
exclusive_time = 364
process_id = p7
operationName = ComposeReview
serviceName = None
------------------------------------------------------------------------------------
span 3
span_id = 054600903e7627a2
parent_id = 1f9ceef7c64d95dd
start_time = 1682628698100947
end_time = 1682628698104241
inclusive_time = 3294
exclusive_time = 367
process_id = p4
operationName = UploadMovieId
serviceName = None
------------------------------------------------------------------------------------
span 4
span_id = 6c083b0f967a3598
parent_id = 054600903e7627a2
start_time = 1682628698101491
end_time = 1682628698104116
inclusive_time = 2625
exclusive_time = 294
process_id = p6
operationName = UploadRating
serviceName = None
------------------------------------------------------------------------------------
span 5
span_id = d10c862f0216019a
parent_id = 6c083b0f967a3598
start_time = 1682628698101692
end_time = 1682628698103969
inclusive_time = 2277
exclusive_time = 876
process_id = p2
operationName = UploadRating
serviceName = None
------------------------------------------------------------------------------------
span 6
span_id = 4a2cca5ac3115423
parent_id = d10c862f0216019a
start_time = 1682628698102559
end_time = 1682628698103821
inclusive_time = 1262
exclusive_time = 35
process_id = p1
operationName = UploadMovieReview
serviceName = None
------------------------------------------------------------------------------------
span 7
span_id = a33f3d7a369c9e04
parent_id = 4a2cca5ac3115423
start_time = 1682628698102594
end_time = 1682628698103826
inclusive_time = 1232
exclusive_time = 1232
process_id = p1
operationName = MongoFindMovie
serviceName = None
------------------------------------------------------------------------------------
span 8
span_id = 15c6fa4a5ad4fc14
parent_id = 054600903e7627a2
start_time = 1682628698101280
end_time = 1682628698101372
inclusive_time = 92
exclusive_time = 92
process_id = p4
operationName = MmcSetMovieId
serviceName = None
------------------------------------------------------------------------------------
span 9
span_id = a1accd08b26bbc5e
parent_id = 054600903e7627a2
start_time = 1682628698100967
end_time = 1682628698101058
inclusive_time = 91
exclusive_time = 91
process_id = p4
operationName = MmcGetMovieId
serviceName = None
------------------------------------------------------------------------------------
