span = 0
trace_id = 7b606b8fd373fc35
span_id = 7b606b8fd373fc35
parent_id = None
start_time = 1682628698333000
end_time = 1682628698338063
inclusive_time = 5063
exclusive_time = 1221
process_id = p10
operationName = /wrk2-api/review/compose
serviceName = nginx
call path = 
------------------------------------------------------------------------------------
span = 1
trace_id = 7b606b8fd373fc35
span_id = 49d3a64cd6578d03
parent_id = 7b606b8fd373fc35
start_time = 1682628698334221
end_time = 1682628698338065
inclusive_time = 3844
exclusive_time = 166
process_id = p10
operationName = /wrk2-api/review/compose
serviceName = nginx
call path = ->/wrk2-api/review/compose_nginx
------------------------------------------------------------------------------------
span = 2
trace_id = 7b606b8fd373fc35
span_id = 9022fe6ec4791471
parent_id = 49d3a64cd6578d03
start_time = 1682628698334339
end_time = 1682628698338017
inclusive_time = 3678
exclusive_time = 497
process_id = p10
operationName = ComposeReview
serviceName = nginx
call path = ->/wrk2-api/review/compose_nginx->/wrk2-api/review/compose_nginx
------------------------------------------------------------------------------------
span = 3
trace_id = 7b606b8fd373fc35
span_id = 49710cca0dd96625
parent_id = 9022fe6ec4791471
start_time = 1682628698335192
end_time = 1682628698337943
inclusive_time = 2751
exclusive_time = 331
process_id = p1
operationName = UploadMovieId
serviceName = movie-id-service
call path = ->/wrk2-api/review/compose_nginx->/wrk2-api/review/compose_nginx->ComposeReview_nginx
------------------------------------------------------------------------------------
span = 4
trace_id = 7b606b8fd373fc35
span_id = 0707d1d40d929a8d
parent_id = 49710cca0dd96625
start_time = 1682628698335635
end_time = 1682628698337835
inclusive_time = 2200
exclusive_time = 222
process_id = p9
operationName = UploadRating
serviceName = rating-service
call path = ->/wrk2-api/review/compose_nginx->/wrk2-api/review/compose_nginx->ComposeReview_nginx->UploadMovieId_movie-id-service
------------------------------------------------------------------------------------
span = 5
trace_id = 7b606b8fd373fc35
span_id = c6b7e853340ebda3
parent_id = 0707d1d40d929a8d
start_time = 1682628698335788
end_time = 1682628698337726
inclusive_time = 1938
exclusive_time = 930
process_id = p2
operationName = UploadRating
serviceName = compose-review-service
call path = ->/wrk2-api/review/compose_nginx->/wrk2-api/review/compose_nginx->ComposeReview_nginx->UploadMovieId_movie-id-service->UploadRating_rating-service
------------------------------------------------------------------------------------
span = 6
trace_id = 7b606b8fd373fc35
span_id = 45479e9be2a545ec
parent_id = c6b7e853340ebda3
start_time = 1682628698336690
end_time = 1682628698337629
inclusive_time = 939
exclusive_time = 25
process_id = p5
operationName = UploadMovieReview
serviceName = movie-review-service
call path = ->/wrk2-api/review/compose_nginx->/wrk2-api/review/compose_nginx->ComposeReview_nginx->UploadMovieId_movie-id-service->UploadRating_rating-service->UploadRating_compose-review-service
------------------------------------------------------------------------------------
span = 7
trace_id = 7b606b8fd373fc35
span_id = 12c980051ba9680a
parent_id = 45479e9be2a545ec
start_time = 1682628698336715
end_time = 1682628698337632
inclusive_time = 917
exclusive_time = 917
process_id = p5
operationName = MongoFindMovie
serviceName = movie-review-service
call path = ->/wrk2-api/review/compose_nginx->/wrk2-api/review/compose_nginx->ComposeReview_nginx->UploadMovieId_movie-id-service->UploadRating_rating-service->UploadRating_compose-review-service->UploadMovieReview_movie-review-service
------------------------------------------------------------------------------------
span = 8
trace_id = 7b606b8fd373fc35
span_id = 19188824bccab240
parent_id = 49710cca0dd96625
start_time = 1682628698335473
end_time = 1682628698335587
inclusive_time = 114
exclusive_time = 114
process_id = p1
operationName = MmcSetMovieId
serviceName = movie-id-service
call path = ->/wrk2-api/review/compose_nginx->/wrk2-api/review/compose_nginx->ComposeReview_nginx->UploadMovieId_movie-id-service
------------------------------------------------------------------------------------
span = 9
trace_id = 7b606b8fd373fc35
span_id = cd97989f96a289e1
parent_id = 49710cca0dd96625
start_time = 1682628698335210
end_time = 1682628698335316
inclusive_time = 106
exclusive_time = 106
process_id = p1
operationName = MmcGetMovieId
serviceName = movie-id-service
call path = ->/wrk2-api/review/compose_nginx->/wrk2-api/review/compose_nginx->ComposeReview_nginx->UploadMovieId_movie-id-service
------------------------------------------------------------------------------------
