span = 0
trace_id = b92610b66f6bf763
span_id = b92610b66f6bf763
parent_id = None
start_time = 1682628697992000
end_time = 1682628697996894
inclusive_time = 4894
exclusive_time = 962
process_id = p3
operationName = /wrk2-api/review/compose
serviceName = nginx
call path = 
------------------------------------------------------------------------------------
span = 1
trace_id = b92610b66f6bf763
span_id = fd7e5f8bddc06588
parent_id = b92610b66f6bf763
start_time = 1682628697992961
end_time = 1682628697996893
inclusive_time = 3932
exclusive_time = 105
process_id = p3
operationName = /wrk2-api/review/compose
serviceName = nginx
call path = ->/wrk2-api/review/compose_nginx
------------------------------------------------------------------------------------
span = 2
trace_id = b92610b66f6bf763
span_id = e5900cb4d70771db
parent_id = fd7e5f8bddc06588
start_time = 1682628697993007
end_time = 1682628697996834
inclusive_time = 3827
exclusive_time = 477
process_id = p3
operationName = ComposeReview
serviceName = nginx
call path = ->/wrk2-api/review/compose_nginx->/wrk2-api/review/compose_nginx
------------------------------------------------------------------------------------
span = 3
trace_id = b92610b66f6bf763
span_id = bd51faca61e6706b
parent_id = e5900cb4d70771db
start_time = 1682628697993603
end_time = 1682628697996530
inclusive_time = 2927
exclusive_time = 180
process_id = p10
operationName = UploadText
serviceName = text-service
call path = ->/wrk2-api/review/compose_nginx->/wrk2-api/review/compose_nginx->ComposeReview_nginx
------------------------------------------------------------------------------------
span = 4
trace_id = b92610b66f6bf763
span_id = 8c2b77219f28978a
parent_id = bd51faca61e6706b
start_time = 1682628697993720
end_time = 1682628697996467
inclusive_time = 2747
exclusive_time = 1412
process_id = p5
operationName = UploadText
serviceName = compose-review-service
call path = ->/wrk2-api/review/compose_nginx->/wrk2-api/review/compose_nginx->ComposeReview_nginx->UploadText_text-service
------------------------------------------------------------------------------------
span = 5
trace_id = b92610b66f6bf763
span_id = 68031ac7d9deee3e
parent_id = 8c2b77219f28978a
start_time = 1682628697994958
end_time = 1682628697996253
inclusive_time = 1295
exclusive_time = 34
process_id = p1
operationName = UploadMovieReview
serviceName = movie-review-service
call path = ->/wrk2-api/review/compose_nginx->/wrk2-api/review/compose_nginx->ComposeReview_nginx->UploadText_text-service->UploadText_compose-review-service
------------------------------------------------------------------------------------
span = 6
trace_id = b92610b66f6bf763
span_id = 0977fb7305d43667
parent_id = 68031ac7d9deee3e
start_time = 1682628697994992
end_time = 1682628697996258
inclusive_time = 1266
exclusive_time = 1266
process_id = p1
operationName = MongoFindMovie
serviceName = movie-review-service
call path = ->/wrk2-api/review/compose_nginx->/wrk2-api/review/compose_nginx->ComposeReview_nginx->UploadText_text-service->UploadText_compose-review-service->UploadMovieReview_movie-review-service
------------------------------------------------------------------------------------
