span = 0
span_id = 9ea8ca196207679b
parent_id = None
start_time = 1682628698168000
end_time = 1682628698172934
inclusive_time = 4934
exclusive_time = 316
process_id = p3
operationName = /wrk2-api/review/compose
serviceName = nginx
------------------------------------------------------------------------------------
span = 1
span_id = 3b4ddd462d68102f
parent_id = 9ea8ca196207679b
start_time = 1682628698168315
end_time = 1682628698172933
inclusive_time = 4618
exclusive_time = 89
process_id = p3
operationName = /wrk2-api/review/compose
serviceName = nginx
------------------------------------------------------------------------------------
span = 2
span_id = 26e6b6a8f8da5022
parent_id = 3b4ddd462d68102f
start_time = 1682628698168350
end_time = 1682628698172879
inclusive_time = 4529
exclusive_time = 239
process_id = p3
operationName = ComposeReview
serviceName = nginx
------------------------------------------------------------------------------------
span = 3
span_id = 217d5be4e318ec96
parent_id = 26e6b6a8f8da5022
start_time = 1682628698169495
end_time = 1682628698172797
inclusive_time = 3302
exclusive_time = 308
process_id = p8
operationName = UploadUniqueId
serviceName = unique-id-service
------------------------------------------------------------------------------------
span = 4
span_id = ac77624fa5a9e9e9
parent_id = 217d5be4e318ec96
start_time = 1682628698169733
end_time = 1682628698172727
inclusive_time = 2994
exclusive_time = 1772
process_id = p1
operationName = UploadUniqueId
serviceName = compose-review-service
------------------------------------------------------------------------------------
span = 5
span_id = ae5458b971905d70
parent_id = ac77624fa5a9e9e9
start_time = 1682628698171385
end_time = 1682628698172535
inclusive_time = 1150
exclusive_time = 17
process_id = p5
operationName = UploadUserReview
serviceName = user-review-service
------------------------------------------------------------------------------------
span = 6
span_id = 12f0d723a8eed9d4
parent_id = ae5458b971905d70
start_time = 1682628698171402
end_time = 1682628698172538
inclusive_time = 1136
exclusive_time = 1136
process_id = p5
operationName = MongoFindUser
serviceName = user-review-service
------------------------------------------------------------------------------------
span = 7
span_id = f87e5a906eefdb8e
parent_id = 26e6b6a8f8da5022
start_time = 1682628698168507
end_time = 1682628698169227
inclusive_time = 720
exclusive_time = 254
process_id = p7
operationName = UploadUserWithUsername
serviceName = user-service
------------------------------------------------------------------------------------
span = 8
span_id = 82370239da60780a
parent_id = f87e5a906eefdb8e
start_time = 1682628698168804
end_time = 1682628698169149
inclusive_time = 345
exclusive_time = 345
process_id = p1
operationName = UploadUserId
serviceName = compose-review-service
------------------------------------------------------------------------------------
span = 9
span_id = ec3241dc004e32b0
parent_id = f87e5a906eefdb8e
start_time = 1682628698168526
end_time = 1682628698168647
inclusive_time = 121
exclusive_time = 121
process_id = p7
operationName = MmcGetUserId
serviceName = user-service
------------------------------------------------------------------------------------
