span = 0
trace_id = 0a82361c340152ab
span_id = 0a82361c340152ab
parent_id = None
start_time = 1682628697993000
end_time = 1682628697998098
inclusive_time = 5098
exclusive_time = 533
process_id = p2
operationName = /wrk2-api/review/compose
serviceName = nginx
------------------------------------------------------------------------------------
span = 1
trace_id = 0a82361c340152ab
span_id = ecc7e0da011c2200
parent_id = 0a82361c340152ab
start_time = 1682628697993533
end_time = 1682628697998098
inclusive_time = 4565
exclusive_time = 110
process_id = p2
operationName = /wrk2-api/review/compose
serviceName = nginx
------------------------------------------------------------------------------------
span = 2
trace_id = 0a82361c340152ab
span_id = 875cbeeb768f7cd9
parent_id = ecc7e0da011c2200
start_time = 1682628697993588
end_time = 1682628697998043
inclusive_time = 4455
exclusive_time = 330
process_id = p2
operationName = ComposeReview
serviceName = nginx
------------------------------------------------------------------------------------
span = 3
trace_id = 0a82361c340152ab
span_id = 7f40969f61260690
parent_id = 875cbeeb768f7cd9
start_time = 1682628697993946
end_time = 1682628697997957
inclusive_time = 4011
exclusive_time = 678
process_id = p4
operationName = UploadMovieId
serviceName = movie-id-service
------------------------------------------------------------------------------------
span = 4
trace_id = 0a82361c340152ab
span_id = 529102ea7d0d89ff
parent_id = 7f40969f61260690
start_time = 1682628697994379
end_time = 1682628697997481
inclusive_time = 3102
exclusive_time = 477
process_id = p10
operationName = UploadRating
serviceName = rating-service
------------------------------------------------------------------------------------
span = 5
trace_id = 0a82361c340152ab
span_id = 0c59426fdaea8a54
parent_id = 529102ea7d0d89ff
start_time = 1682628697994600
end_time = 1682628697997225
inclusive_time = 2625
exclusive_time = 1197
process_id = p6
operationName = UploadRating
serviceName = compose-review-service
------------------------------------------------------------------------------------
span = 6
trace_id = 0a82361c340152ab
span_id = 22923aaccdc107d0
parent_id = 0c59426fdaea8a54
start_time = 1682628697995678
end_time = 1682628697997007
inclusive_time = 1329
exclusive_time = 27
process_id = p7
operationName = UploadUserReview
serviceName = user-review-service
------------------------------------------------------------------------------------
span = 7
trace_id = 0a82361c340152ab
span_id = 218870726fa3b4c2
parent_id = 22923aaccdc107d0
start_time = 1682628697995705
end_time = 1682628697997013
inclusive_time = 1308
exclusive_time = 1308
process_id = p7
operationName = MongoFindUser
serviceName = user-review-service
------------------------------------------------------------------------------------
span = 8
trace_id = 0a82361c340152ab
span_id = 1f801f86b5cb2432
parent_id = 7f40969f61260690
start_time = 1682628697994227
end_time = 1682628697994347
inclusive_time = 120
exclusive_time = 120
process_id = p4
operationName = MmcSetMovieId
serviceName = movie-id-service
------------------------------------------------------------------------------------
span = 9
trace_id = 0a82361c340152ab
span_id = 691041b5281813d6
parent_id = 7f40969f61260690
start_time = 1682628697993964
end_time = 1682628697994075
inclusive_time = 111
exclusive_time = 111
process_id = p4
operationName = MmcGetMovieId
serviceName = movie-id-service
------------------------------------------------------------------------------------
