span = 0
span_id = bb52e9bef9605c07
parent_id = None
start_time = 1682628698247000
end_time = 1682628698251357
inclusive_time = 4357
exclusive_time = 444
process_id = p5
operationName = /wrk2-api/review/compose
serviceName = nginx
------------------------------------------------------------------------------------
span = 1
span_id = d138c4b62e70522e
parent_id = bb52e9bef9605c07
start_time = 1682628698247443
end_time = 1682628698251356
inclusive_time = 3913
exclusive_time = 102
process_id = p5
operationName = /wrk2-api/review/compose
serviceName = nginx
------------------------------------------------------------------------------------
span = 2
span_id = deb0371e7ae40095
parent_id = d138c4b62e70522e
start_time = 1682628698247480
end_time = 1682628698251291
inclusive_time = 3811
exclusive_time = 263
process_id = p5
operationName = ComposeReview
serviceName = nginx
------------------------------------------------------------------------------------
span = 3
span_id = 39b113095fc40a5c
parent_id = deb0371e7ae40095
start_time = 1682628698247777
end_time = 1682628698251201
inclusive_time = 3424
exclusive_time = 500
process_id = p1
operationName = UploadMovieId
serviceName = movie-id-service
------------------------------------------------------------------------------------
span = 4
span_id = bd3c0c982cba47b1
parent_id = 39b113095fc40a5c
start_time = 1682628698248259
end_time = 1682628698250996
inclusive_time = 2737
exclusive_time = 247
process_id = p10
operationName = UploadRating
serviceName = rating-service
------------------------------------------------------------------------------------
span = 5
span_id = 64f22070d82c5669
parent_id = bd3c0c982cba47b1
start_time = 1682628698248412
end_time = 1682628698250877
inclusive_time = 2465
exclusive_time = 1240
process_id = p2
operationName = UploadRating
serviceName = compose-review-service
------------------------------------------------------------------------------------
span = 6
span_id = 02177f188b3b2484
parent_id = 64f22070d82c5669
start_time = 1682628698249531
end_time = 1682628698250634
inclusive_time = 1103
exclusive_time = 32
process_id = p3
operationName = UploadMovieReview
serviceName = movie-review-service
------------------------------------------------------------------------------------
span = 7
span_id = d6d20c1c90270ac2
parent_id = 02177f188b3b2484
start_time = 1682628698249563
end_time = 1682628698250638
inclusive_time = 1075
exclusive_time = 1075
process_id = p3
operationName = MongoFindMovie
serviceName = movie-review-service
------------------------------------------------------------------------------------
span = 8
span_id = 8d15073760f15337
parent_id = 39b113095fc40a5c
start_time = 1682628698248047
end_time = 1682628698248145
inclusive_time = 98
exclusive_time = 98
process_id = p1
operationName = MmcSetMovieId
serviceName = movie-id-service
------------------------------------------------------------------------------------
span = 9
span_id = 2b48270662091651
parent_id = 39b113095fc40a5c
start_time = 1682628698247791
end_time = 1682628698247880
inclusive_time = 89
exclusive_time = 89
process_id = p1
operationName = MmcGetMovieId
serviceName = movie-id-service
------------------------------------------------------------------------------------
