span = 0
span_id = ffe4491278aee38a
parent_id = None
start_time = 1682628698085000
end_time = 1682628698088889
inclusive_time = 3889
exclusive_time = 310
process_id = p7
operationName = /wrk2-api/review/compose
serviceName = nginx
------------------------------------------------------------------------------------
span = 1
span_id = db9757ae42716f02
parent_id = ffe4491278aee38a
start_time = 1682628698085310
end_time = 1682628698088889
inclusive_time = 3579
exclusive_time = 117
process_id = p7
operationName = /wrk2-api/review/compose
serviceName = nginx
------------------------------------------------------------------------------------
span = 2
span_id = 48f5074a3da3f670
parent_id = db9757ae42716f02
start_time = 1682628698085367
end_time = 1682628698088829
inclusive_time = 3462
exclusive_time = 282
process_id = p7
operationName = ComposeReview
serviceName = nginx
------------------------------------------------------------------------------------
span = 3
span_id = 1282fe4aea3ff729
parent_id = 48f5074a3da3f670
start_time = 1682628698085939
end_time = 1682628698088752
inclusive_time = 2813
exclusive_time = 297
process_id = p4
operationName = UploadMovieId
serviceName = movie-id-service
------------------------------------------------------------------------------------
span = 4
span_id = caf9278b833294b9
parent_id = 1282fe4aea3ff729
start_time = 1682628698086364
end_time = 1682628698088647
inclusive_time = 2283
exclusive_time = 285
process_id = p6
operationName = UploadRating
serviceName = rating-service
------------------------------------------------------------------------------------
span = 5
span_id = 0e002e99230b431c
parent_id = caf9278b833294b9
start_time = 1682628698086510
end_time = 1682628698088495
inclusive_time = 1985
exclusive_time = 872
process_id = p2
operationName = UploadRating
serviceName = compose-review-service
------------------------------------------------------------------------------------
span = 6
span_id = 6c0e20ec2c5e585c
parent_id = 0e002e99230b431c
start_time = 1682628698087377
end_time = 1682628698088408
inclusive_time = 1031
exclusive_time = 21
process_id = p1
operationName = UploadMovieReview
serviceName = movie-review-service
------------------------------------------------------------------------------------
span = 7
span_id = 9bf2a5f3b82f8f9b
parent_id = 6c0e20ec2c5e585c
start_time = 1682628698087398
end_time = 1682628698088412
inclusive_time = 1014
exclusive_time = 1014
process_id = p1
operationName = MongoFindMovie
serviceName = movie-review-service
------------------------------------------------------------------------------------
span = 8
span_id = eb9d950efccee49f
parent_id = 1282fe4aea3ff729
start_time = 1682628698086209
end_time = 1682628698086308
inclusive_time = 99
exclusive_time = 99
process_id = p4
operationName = MmcSetMovieId
serviceName = movie-id-service
------------------------------------------------------------------------------------
span = 9
span_id = ef51eb9f7bdc5b9d
parent_id = 1282fe4aea3ff729
start_time = 1682628698085960
end_time = 1682628698086061
inclusive_time = 101
exclusive_time = 101
process_id = p4
operationName = MmcGetMovieId
serviceName = movie-id-service
------------------------------------------------------------------------------------
