span = 0
span_id = eb182057b5b1e592
parent_id = None
start_time = 1682628698235000
end_time = 1682628698239763
inclusive_time = 4763
exclusive_time = 1124
process_id = p5
operationName = /wrk2-api/review/compose
serviceName = nginx
------------------------------------------------------------------------------------
span = 1
span_id = c2b2c8e1bdc16c92
parent_id = eb182057b5b1e592
start_time = 1682628698236123
end_time = 1682628698239762
inclusive_time = 3639
exclusive_time = 110
process_id = p5
operationName = /wrk2-api/review/compose
serviceName = nginx
------------------------------------------------------------------------------------
span = 2
span_id = 9aa566fa5b23f9f3
parent_id = c2b2c8e1bdc16c92
start_time = 1682628698236179
end_time = 1682628698239708
inclusive_time = 3529
exclusive_time = 379
process_id = p5
operationName = ComposeReview
serviceName = nginx
------------------------------------------------------------------------------------
span = 3
span_id = 22589348be79eea1
parent_id = 9aa566fa5b23f9f3
start_time = 1682628698236488
end_time = 1682628698239629
inclusive_time = 3141
exclusive_time = 382
process_id = p1
operationName = UploadMovieId
serviceName = movie-id-service
------------------------------------------------------------------------------------
span = 4
span_id = fe61d3bb094a506c
parent_id = 22589348be79eea1
start_time = 1682628698236979
end_time = 1682628698239491
inclusive_time = 2512
exclusive_time = 168
process_id = p10
operationName = UploadRating
serviceName = rating-service
------------------------------------------------------------------------------------
span = 5
span_id = b6e4eeee07f8000b
parent_id = fe61d3bb094a506c
start_time = 1682628698237118
end_time = 1682628698239401
inclusive_time = 2283
exclusive_time = 1025
process_id = p2
operationName = UploadRating
serviceName = compose-review-service
------------------------------------------------------------------------------------
span = 6
span_id = 9ab9e849cd41bbaf
parent_id = b6e4eeee07f8000b
start_time = 1682628698238056
end_time = 1682628698239224
inclusive_time = 1168
exclusive_time = 18
process_id = p3
operationName = UploadMovieReview
serviceName = movie-review-service
------------------------------------------------------------------------------------
span = 7
span_id = 2ac41b2f36ec7169
parent_id = 9ab9e849cd41bbaf
start_time = 1682628698238074
end_time = 1682628698239302
inclusive_time = 1228
exclusive_time = 1228
process_id = p3
operationName = MongoFindMovie
serviceName = movie-review-service
------------------------------------------------------------------------------------
span = 8
span_id = 8e3eda7651f538d1
parent_id = 22589348be79eea1
start_time = 1682628698236500
end_time = 1682628698236571
inclusive_time = 71
exclusive_time = 71
process_id = p1
operationName = MmcGetMovieId
serviceName = movie-id-service
------------------------------------------------------------------------------------
