span = 0
trace_id = 84f923199ac5c5c9
span_id = 84f923199ac5c5c9
parent_id = None
start_time = 1682628698213000
end_time = 1682628698217619
inclusive_time = 4619
exclusive_time = 650
process_id = p6
operationName = /wrk2-api/review/compose
serviceName = nginx
------------------------------------------------------------------------------------
span = 1
trace_id = 84f923199ac5c5c9
span_id = 73467e7ee32e6903
parent_id = 84f923199ac5c5c9
start_time = 1682628698213650
end_time = 1682628698217619
inclusive_time = 3969
exclusive_time = 100
process_id = p6
operationName = /wrk2-api/review/compose
serviceName = nginx
------------------------------------------------------------------------------------
span = 2
trace_id = 84f923199ac5c5c9
span_id = 9400f2dc0da4c8e4
parent_id = 73467e7ee32e6903
start_time = 1682628698213694
end_time = 1682628698217563
inclusive_time = 3869
exclusive_time = 249
process_id = p6
operationName = ComposeReview
serviceName = nginx
------------------------------------------------------------------------------------
span = 3
trace_id = 84f923199ac5c5c9
span_id = 4b0767aa1605ffdf
parent_id = 9400f2dc0da4c8e4
start_time = 1682628698214001
end_time = 1682628698217482
inclusive_time = 3481
exclusive_time = 432
process_id = p3
operationName = UploadMovieId
serviceName = movie-id-service
------------------------------------------------------------------------------------
span = 4
trace_id = 84f923199ac5c5c9
span_id = 0f6c43d862b50a4b
parent_id = 4b0767aa1605ffdf
start_time = 1682628698214647
end_time = 1682628698217349
inclusive_time = 2702
exclusive_time = 369
process_id = p10
operationName = UploadRating
serviceName = rating-service
------------------------------------------------------------------------------------
span = 5
trace_id = 84f923199ac5c5c9
span_id = 09ac01848ec8d2f3
parent_id = 0f6c43d862b50a4b
start_time = 1682628698214877
end_time = 1682628698217176
inclusive_time = 2299
exclusive_time = 1069
process_id = p2
operationName = UploadRating
serviceName = compose-review-service
------------------------------------------------------------------------------------
span = 6
trace_id = 84f923199ac5c5c9
span_id = f7ddedbe37628153
parent_id = 09ac01848ec8d2f3
start_time = 1682628698215634
end_time = 1682628698216796
inclusive_time = 1162
exclusive_time = 17
process_id = p4
operationName = UploadMovieReview
serviceName = movie-review-service
------------------------------------------------------------------------------------
span = 7
trace_id = 84f923199ac5c5c9
span_id = c41441c93b2d5277
parent_id = f7ddedbe37628153
start_time = 1682628698215651
end_time = 1682628698216801
inclusive_time = 1150
exclusive_time = 1150
process_id = p4
operationName = MongoFindMovie
serviceName = movie-review-service
------------------------------------------------------------------------------------
span = 8
trace_id = 84f923199ac5c5c9
span_id = d847d1ed748b5ad8
parent_id = 4b0767aa1605ffdf
start_time = 1682628698214335
end_time = 1682628698214447
inclusive_time = 112
exclusive_time = 112
process_id = p3
operationName = MmcSetMovieId
serviceName = movie-id-service
------------------------------------------------------------------------------------
span = 9
trace_id = 84f923199ac5c5c9
span_id = ecaa27d1ddca146e
parent_id = 4b0767aa1605ffdf
start_time = 1682628698214016
end_time = 1682628698214139
inclusive_time = 123
exclusive_time = 123
process_id = p3
operationName = MmcGetMovieId
serviceName = movie-id-service
------------------------------------------------------------------------------------
