span = 0
span_id = 318cb12d261983b1
parent_id = None
start_time = 1682628698314000
end_time = 1682628698319249
inclusive_time = 5249
exclusive_time = 1049
process_id = p10
operationName = /wrk2-api/review/compose
serviceName = nginx
------------------------------------------------------------------------------------
span = 1
span_id = fe0116c73b0ba860
parent_id = 318cb12d261983b1
start_time = 1682628698315049
end_time = 1682628698319249
inclusive_time = 4200
exclusive_time = 94
process_id = p10
operationName = /wrk2-api/review/compose
serviceName = nginx
------------------------------------------------------------------------------------
span = 2
span_id = b64500f2c0305fb6
parent_id = fe0116c73b0ba860
start_time = 1682628698315085
end_time = 1682628698319191
inclusive_time = 4106
exclusive_time = 804
process_id = p10
operationName = ComposeReview
serviceName = nginx
------------------------------------------------------------------------------------
span = 3
span_id = 05bdc9f373c31f25
parent_id = b64500f2c0305fb6
start_time = 1682628698315312
end_time = 1682628698318539
inclusive_time = 3227
exclusive_time = 255
process_id = p2
operationName = UploadMovieId
serviceName = movie-id-service
------------------------------------------------------------------------------------
span = 4
span_id = 694d6e87091ecaef
parent_id = 05bdc9f373c31f25
start_time = 1682628698315713
end_time = 1682628698318429
inclusive_time = 2716
exclusive_time = 271
process_id = p9
operationName = UploadRating
serviceName = rating-service
------------------------------------------------------------------------------------
span = 5
span_id = 66e17fe6fc8017e3
parent_id = 694d6e87091ecaef
start_time = 1682628698316155
end_time = 1682628698318309
inclusive_time = 2154
exclusive_time = 821
process_id = p1
operationName = UploadRating
serviceName = compose-review-service
------------------------------------------------------------------------------------
span = 6
span_id = cd6cb3e1af4d6367
parent_id = 66e17fe6fc8017e3
start_time = 1682628698316986
end_time = 1682628698318208
inclusive_time = 1222
exclusive_time = 19
process_id = p5
operationName = UploadMovieReview
serviceName = movie-review-service
------------------------------------------------------------------------------------
span = 7
span_id = e640ae64fe54de0a
parent_id = cd6cb3e1af4d6367
start_time = 1682628698317005
end_time = 1682628698318212
inclusive_time = 1207
exclusive_time = 1207
process_id = p5
operationName = MongoFindMovie
serviceName = movie-review-service
------------------------------------------------------------------------------------
span = 8
span_id = 0e9d6634650586f0
parent_id = 05bdc9f373c31f25
start_time = 1682628698315543
end_time = 1682628698315705
inclusive_time = 162
exclusive_time = 162
process_id = p2
operationName = MmcSetMovieId
serviceName = movie-id-service
------------------------------------------------------------------------------------
span = 9
span_id = d237a98917a5a84f
parent_id = 05bdc9f373c31f25
start_time = 1682628698315323
end_time = 1682628698315409
inclusive_time = 86
exclusive_time = 86
process_id = p2
operationName = MmcGetMovieId
serviceName = movie-id-service
------------------------------------------------------------------------------------
