span = 0
trace_id = c17972a32ac9b5bd
span_id = c17972a32ac9b5bd
parent_id = None
start_time = 1682628698149000
end_time = 1682628698154324
inclusive_time = 5324
exclusive_time = 1080
process_id = p2
operationName = /wrk2-api/review/compose
serviceName = nginx
call path = 
------------------------------------------------------------------------------------
span = 1
trace_id = c17972a32ac9b5bd
span_id = 7a9cf3b121ad3a59
parent_id = c17972a32ac9b5bd
start_time = 1682628698150080
end_time = 1682628698154324
inclusive_time = 4244
exclusive_time = 139
process_id = p2
operationName = /wrk2-api/review/compose
serviceName = nginx
call path = ->/wrk2-api/review/compose_nginx
------------------------------------------------------------------------------------
span = 2
trace_id = c17972a32ac9b5bd
span_id = bc0944831403c138
parent_id = 7a9cf3b121ad3a59
start_time = 1682628698150156
end_time = 1682628698154261
inclusive_time = 4105
exclusive_time = 319
process_id = p2
operationName = ComposeReview
serviceName = nginx
call path = ->/wrk2-api/review/compose_nginx->/wrk2-api/review/compose_nginx
------------------------------------------------------------------------------------
span = 3
trace_id = c17972a32ac9b5bd
span_id = c1c76f517c4f4af1
parent_id = bc0944831403c138
start_time = 1682628698150772
end_time = 1682628698154174
inclusive_time = 3402
exclusive_time = 354
process_id = p9
operationName = UploadUniqueId
serviceName = unique-id-service
call path = ->/wrk2-api/review/compose_nginx->/wrk2-api/review/compose_nginx->ComposeReview_nginx
------------------------------------------------------------------------------------
span = 4
trace_id = c17972a32ac9b5bd
span_id = 4e4ed163d36befc0
parent_id = c1c76f517c4f4af1
start_time = 1682628698151032
end_time = 1682628698154080
inclusive_time = 3048
exclusive_time = 1419
process_id = p3
operationName = UploadUniqueId
serviceName = compose-review-service
call path = ->/wrk2-api/review/compose_nginx->/wrk2-api/review/compose_nginx->ComposeReview_nginx->UploadUniqueId_unique-id-service
------------------------------------------------------------------------------------
span = 5
trace_id = c17972a32ac9b5bd
span_id = f34b62fe37f807f9
parent_id = 4e4ed163d36befc0
start_time = 1682628698152346
end_time = 1682628698153893
inclusive_time = 1547
exclusive_time = 27
process_id = p6
operationName = UploadUserReview
serviceName = user-review-service
call path = ->/wrk2-api/review/compose_nginx->/wrk2-api/review/compose_nginx->ComposeReview_nginx->UploadUniqueId_unique-id-service->UploadUniqueId_compose-review-service
------------------------------------------------------------------------------------
span = 6
trace_id = c17972a32ac9b5bd
span_id = ed7b66a4e1d0c2cc
parent_id = f34b62fe37f807f9
start_time = 1682628698152373
end_time = 1682628698153897
inclusive_time = 1524
exclusive_time = 1524
process_id = p6
operationName = MongoFindUser
serviceName = user-review-service
call path = ->/wrk2-api/review/compose_nginx->/wrk2-api/review/compose_nginx->ComposeReview_nginx->UploadUniqueId_unique-id-service->UploadUniqueId_compose-review-service->UploadUserReview_user-review-service
------------------------------------------------------------------------------------
