span 0
span_id = 2dd06fac801a1f68
parent_id = None
start_time = 1682628698253000
end_time = 1682628698259091
inclusive_time = 6091
exclusive_time = 986
process_id = p3
operationName = /wrk2-api/review/compose
serviceName = None
------------------------------------------------------------------------------------
span 1
span_id = 3a9c3589867c29c0
parent_id = 2dd06fac801a1f68
start_time = 1682628698253986
end_time = 1682628698259091
inclusive_time = 5105
exclusive_time = 523
process_id = p3
operationName = /wrk2-api/review/compose
serviceName = None
------------------------------------------------------------------------------------
span 2
span_id = e828db1cf1a36562
parent_id = 3a9c3589867c29c0
start_time = 1682628698254043
end_time = 1682628698258625
inclusive_time = 4582
exclusive_time = 898
process_id = p3
operationName = ComposeReview
serviceName = None
------------------------------------------------------------------------------------
span 3
span_id = 39b3b8f5b31d7007
parent_id = e828db1cf1a36562
start_time = 1682628698254450
end_time = 1682628698257961
inclusive_time = 3511
exclusive_time = 616
process_id = p6
operationName = UploadMovieId
serviceName = None
------------------------------------------------------------------------------------
span 4
span_id = 82f897d34b6dd11b
parent_id = 39b3b8f5b31d7007
start_time = 1682628698255221
end_time = 1682628698257825
inclusive_time = 2604
exclusive_time = 256
process_id = p10
operationName = UploadRating
serviceName = None
------------------------------------------------------------------------------------
span 5
span_id = 3fa686954cdba44f
parent_id = 82f897d34b6dd11b
start_time = 1682628698255413
end_time = 1682628698257721
inclusive_time = 2308
exclusive_time = 1047
process_id = p5
operationName = UploadRating
serviceName = None
------------------------------------------------------------------------------------
span 6
span_id = c23ce26e480432d5
parent_id = 3fa686954cdba44f
start_time = 1682628698256434
end_time = 1682628698257618
inclusive_time = 1184
exclusive_time = 26
process_id = p1
operationName = UploadMovieReview
serviceName = None
------------------------------------------------------------------------------------
span 7
span_id = 74ef244f1384fd1d
parent_id = c23ce26e480432d5
start_time = 1682628698256460
end_time = 1682628698257621
inclusive_time = 1161
exclusive_time = 1161
process_id = p1
operationName = MongoFindMovie
serviceName = None
------------------------------------------------------------------------------------
span 8
span_id = 8fbe4f0fe3132aab
parent_id = 39b3b8f5b31d7007
start_time = 1682628698254763
end_time = 1682628698254855
inclusive_time = 92
exclusive_time = 92
process_id = p6
operationName = MmcSetMovieId
serviceName = None
------------------------------------------------------------------------------------
span 9
span_id = 462d9922d58b6267
parent_id = 39b3b8f5b31d7007
start_time = 1682628698254463
end_time = 1682628698254546
inclusive_time = 83
exclusive_time = 83
process_id = p6
operationName = MmcGetMovieId
serviceName = None
------------------------------------------------------------------------------------
