span 0
span_id = 29e31018d9f087de
parent_id = None
start_time = 1682628698103000
end_time = 1682628698107796
inclusive_time = 4796
exclusive_time = 292
process_id = p1
operationName = /wrk2-api/review/compose
serviceName = None
------------------------------------------------------------------------------------
span 1
span_id = cad766ff3342bea2
parent_id = 29e31018d9f087de
start_time = 1682628698103292
end_time = 1682628698107796
inclusive_time = 4504
exclusive_time = 98
process_id = p1
operationName = /wrk2-api/review/compose
serviceName = None
------------------------------------------------------------------------------------
span 2
span_id = 94218efdeec900ad
parent_id = cad766ff3342bea2
start_time = 1682628698103338
end_time = 1682628698107744
inclusive_time = 4406
exclusive_time = 869
process_id = p1
operationName = ComposeReview
serviceName = None
------------------------------------------------------------------------------------
span 3
span_id = aeb2763b1fd3bd16
parent_id = 94218efdeec900ad
start_time = 1682628698103902
end_time = 1682628698107114
inclusive_time = 3212
exclusive_time = 445
process_id = p5
operationName = UploadMovieId
serviceName = None
------------------------------------------------------------------------------------
span 4
span_id = beea3374edbc52ab
parent_id = aeb2763b1fd3bd16
start_time = 1682628698104283
end_time = 1682628698106864
inclusive_time = 2581
exclusive_time = 373
process_id = p7
operationName = UploadRating
serviceName = None
------------------------------------------------------------------------------------
span 5
span_id = c4722b4e6b5b54d3
parent_id = beea3374edbc52ab
start_time = 1682628698104443
end_time = 1682628698106611
inclusive_time = 2168
exclusive_time = 967
process_id = p3
operationName = UploadRating
serviceName = None
------------------------------------------------------------------------------------
span 6
span_id = 6eb37bae2877c576
parent_id = c4722b4e6b5b54d3
start_time = 1682628698105362
end_time = 1682628698106419
inclusive_time = 1057
exclusive_time = 21
process_id = p2
operationName = UploadMovieReview
serviceName = None
------------------------------------------------------------------------------------
span 7
span_id = 8562aa1832922e8f
parent_id = 6eb37bae2877c576
start_time = 1682628698105383
end_time = 1682628698106492
inclusive_time = 1109
exclusive_time = 1109
process_id = p2
operationName = MongoFindMovie
serviceName = None
------------------------------------------------------------------------------------
span 8
span_id = 4883461b2bde512b
parent_id = aeb2763b1fd3bd16
start_time = 1682628698103919
end_time = 1682628698104021
inclusive_time = 102
exclusive_time = 102
process_id = p5
operationName = MmcGetMovieId
serviceName = None
------------------------------------------------------------------------------------
