span = 0
span_id = 3cd7a6488fce602d
parent_id = None
start_time = 1682714698887000
end_time = 1682714698887766
inclusive_time = 766
exclusive_time = 627
process_id = p1
operationName = 
serviceName = nginx
------------------------------------------------------------------------------------
span = 1
span_id = 249c34481390abf4
parent_id = 3cd7a6488fce602d
start_time = 1682714698887671
end_time = 1682714698887766
inclusive_time = 95
exclusive_time = 95
process_id = p1
operationName = 
serviceName = nginx
------------------------------------------------------------------------------------
span = 2
span_id = 53622d52425c0305
parent_id = 3cd7a6488fce602d
start_time = 1682714698887560
end_time = 1682714698887604
inclusive_time = 44
exclusive_time = 44
process_id = p1
operationName = 
serviceName = nginx
------------------------------------------------------------------------------------
