span 0
span_id = df2eefb925a87cb4
parent_id = None
start_time = 1682628697983000
end_time = 1682628697988752
inclusive_time = 5752
exclusive_time = 1143
process_id = p5
operationName = /wrk2-api/review/compose
serviceName = None
------------------------------------------------------------------------------------
span 1
span_id = dc67b794daa5d897
parent_id = df2eefb925a87cb4
start_time = 1682628697984142
end_time = 1682628697988751
inclusive_time = 4609
exclusive_time = 106
process_id = p5
operationName = /wrk2-api/review/compose
serviceName = None
------------------------------------------------------------------------------------
span 2
span_id = 0fc1095c36dfc3cf
parent_id = dc67b794daa5d897
start_time = 1682628697984195
end_time = 1682628697988698
inclusive_time = 4503
exclusive_time = 661
process_id = p5
operationName = ComposeReview
serviceName = None
------------------------------------------------------------------------------------
span 3
span_id = 56aaf0af0c406d3c
parent_id = 0fc1095c36dfc3cf
start_time = 1682628697984498
end_time = 1682628697988242
inclusive_time = 3744
exclusive_time = 727
process_id = p4
operationName = UploadMovieId
serviceName = None
------------------------------------------------------------------------------------
span 4
span_id = 5e11e6a3756f30a0
parent_id = 56aaf0af0c406d3c
start_time = 1682628697984969
end_time = 1682628697987751
inclusive_time = 2782
exclusive_time = 377
process_id = p1
operationName = UploadRating
serviceName = None
------------------------------------------------------------------------------------
span 5
span_id = 2fa4ff427fca9fdd
parent_id = 5e11e6a3756f30a0
start_time = 1682628697985244
end_time = 1682628697987636
inclusive_time = 2392
exclusive_time = 1060
process_id = p7
operationName = UploadRating
serviceName = None
------------------------------------------------------------------------------------
span 6
span_id = 4feaefe1b09520ed
parent_id = 2fa4ff427fca9fdd
start_time = 1682628697986177
end_time = 1682628697987415
inclusive_time = 1238
exclusive_time = 29
process_id = p3
operationName = UploadMovieReview
serviceName = None
------------------------------------------------------------------------------------
span 7
span_id = f1acf212d4379903
parent_id = 4feaefe1b09520ed
start_time = 1682628697986206
end_time = 1682628697987420
inclusive_time = 1214
exclusive_time = 1214
process_id = p3
operationName = MongoFindMovie
serviceName = None
------------------------------------------------------------------------------------
span 8
span_id = 57852fa55b91b5bb
parent_id = 56aaf0af0c406d3c
start_time = 1682628697984516
end_time = 1682628697984631
inclusive_time = 115
exclusive_time = 115
process_id = p4
operationName = MmcGetMovieId
serviceName = None
------------------------------------------------------------------------------------
