span = 0
span_id = 03342af8fae20ea3
parent_id = None
start_time = 1682628698019000
end_time = 1682628698023676
inclusive_time = 4676
exclusive_time = 372
process_id = p3
operationName = /wrk2-api/review/compose
serviceName = nginx
------------------------------------------------------------------------------------
span = 1
span_id = 806e9da50bd18bbd
parent_id = 03342af8fae20ea3
start_time = 1682628698019372
end_time = 1682628698023677
inclusive_time = 4305
exclusive_time = 95
process_id = p3
operationName = /wrk2-api/review/compose
serviceName = nginx
------------------------------------------------------------------------------------
span = 2
span_id = 3b5d0a06e93132f0
parent_id = 806e9da50bd18bbd
start_time = 1682628698019415
end_time = 1682628698023625
inclusive_time = 4210
exclusive_time = 261
process_id = p3
operationName = ComposeReview
serviceName = nginx
------------------------------------------------------------------------------------
span = 3
span_id = 13764d656117839c
parent_id = 3b5d0a06e93132f0
start_time = 1682628698019997
end_time = 1682628698023534
inclusive_time = 3537
exclusive_time = 280
process_id = p2
operationName = UploadMovieId
serviceName = movie-id-service
------------------------------------------------------------------------------------
span = 4
span_id = 400cc14abf7eb719
parent_id = 13764d656117839c
start_time = 1682628698020448
end_time = 1682628698023409
inclusive_time = 2961
exclusive_time = 258
process_id = p9
operationName = UploadRating
serviceName = rating-service
------------------------------------------------------------------------------------
span = 5
span_id = 561ce1b4145ef55b
parent_id = 400cc14abf7eb719
start_time = 1682628698020677
end_time = 1682628698023262
inclusive_time = 2585
exclusive_time = 1218
process_id = p5
operationName = UploadRating
serviceName = compose-review-service
------------------------------------------------------------------------------------
span = 6
span_id = 5c8dd4366b408d52
parent_id = 561ce1b4145ef55b
start_time = 1682628698021757
end_time = 1682628698022996
inclusive_time = 1239
exclusive_time = 20
process_id = p6
operationName = UploadUserReview
serviceName = user-review-service
------------------------------------------------------------------------------------
span = 7
span_id = 64197a8acb4de773
parent_id = 5c8dd4366b408d52
start_time = 1682628698021777
end_time = 1682628698023004
inclusive_time = 1227
exclusive_time = 1227
process_id = p6
operationName = MongoFindUser
serviceName = user-review-service
------------------------------------------------------------------------------------
span = 8
span_id = 40763791ef630eaa
parent_id = 13764d656117839c
start_time = 1682628698020287
end_time = 1682628698020424
inclusive_time = 137
exclusive_time = 137
process_id = p2
operationName = MmcSetMovieId
serviceName = movie-id-service
------------------------------------------------------------------------------------
span = 9
span_id = bee754f671d4c002
parent_id = 13764d656117839c
start_time = 1682628698020009
end_time = 1682628698020144
inclusive_time = 135
exclusive_time = 135
process_id = p2
operationName = MmcGetMovieId
serviceName = movie-id-service
------------------------------------------------------------------------------------
