span = 0
trace_id = 05f637e993499fa7
span_id = 05f637e993499fa7
parent_id = None
start_time = 1682628698159000
end_time = 1682628698164125
inclusive_time = 5125
exclusive_time = 882
process_id = p4
operationName = /wrk2-api/review/compose
serviceName = nginx
------------------------------------------------------------------------------------
span = 1
trace_id = 05f637e993499fa7
span_id = ba893c12c51912b9
parent_id = 05f637e993499fa7
start_time = 1682628698159882
end_time = 1682628698164125
inclusive_time = 4243
exclusive_time = 102
process_id = p4
operationName = /wrk2-api/review/compose
serviceName = nginx
------------------------------------------------------------------------------------
span = 2
trace_id = 05f637e993499fa7
span_id = 6f8fdd910b4d78f9
parent_id = ba893c12c51912b9
start_time = 1682628698159912
end_time = 1682628698164053
inclusive_time = 4141
exclusive_time = 484
process_id = p4
operationName = ComposeReview
serviceName = nginx
------------------------------------------------------------------------------------
span = 3
trace_id = 05f637e993499fa7
span_id = 9ecd86767c7705aa
parent_id = 6f8fdd910b4d78f9
start_time = 1682628698160185
end_time = 1682628698163755
inclusive_time = 3570
exclusive_time = 580
process_id = p7
operationName = UploadMovieId
serviceName = movie-id-service
------------------------------------------------------------------------------------
span = 4
trace_id = 05f637e993499fa7
span_id = 08bd3f91066b43a4
parent_id = 9ecd86767c7705aa
start_time = 1682628698161061
end_time = 1682628698163645
inclusive_time = 2584
exclusive_time = 396
process_id = p1
operationName = UploadRating
serviceName = rating-service
------------------------------------------------------------------------------------
span = 5
trace_id = 05f637e993499fa7
span_id = 65026d7860404ec3
parent_id = 08bd3f91066b43a4
start_time = 1682628698161321
end_time = 1682628698163495
inclusive_time = 2174
exclusive_time = 948
process_id = p2
operationName = UploadRating
serviceName = compose-review-service
------------------------------------------------------------------------------------
span = 6
trace_id = 05f637e993499fa7
span_id = 56c2af278a9d66cf
parent_id = 65026d7860404ec3
start_time = 1682628698162284
end_time = 1682628698163375
inclusive_time = 1091
exclusive_time = 17
process_id = p3
operationName = UploadMovieReview
serviceName = movie-review-service
------------------------------------------------------------------------------------
span = 7
trace_id = 05f637e993499fa7
span_id = 9ce9f7957441a64a
parent_id = 56c2af278a9d66cf
start_time = 1682628698162301
end_time = 1682628698163378
inclusive_time = 1077
exclusive_time = 1077
process_id = p3
operationName = MongoFindMovie
serviceName = movie-review-service
------------------------------------------------------------------------------------
span = 8
trace_id = 05f637e993499fa7
span_id = eb2658428d001072
parent_id = 9ecd86767c7705aa
start_time = 1682628698160788
end_time = 1682628698160968
inclusive_time = 180
exclusive_time = 180
process_id = p7
operationName = MmcSetMovieId
serviceName = movie-id-service
------------------------------------------------------------------------------------
span = 9
trace_id = 05f637e993499fa7
span_id = 7dce153f8860a31a
parent_id = 9ecd86767c7705aa
start_time = 1682628698160202
end_time = 1682628698160338
inclusive_time = 136
exclusive_time = 136
process_id = p7
operationName = MmcGetMovieId
serviceName = movie-id-service
------------------------------------------------------------------------------------
