span = 0
span_id = 85e20dffaa5dd2a5
parent_id = None
start_time = 1682628698040000
end_time = 1682628698046273
inclusive_time = 6273
exclusive_time = 415
process_id = p4
operationName = /wrk2-api/review/compose
serviceName = nginx
------------------------------------------------------------------------------------
span = 1
span_id = 173cbe904f8e2194
parent_id = 85e20dffaa5dd2a5
start_time = 1682628698040414
end_time = 1682628698046272
inclusive_time = 5858
exclusive_time = 107
process_id = p4
operationName = /wrk2-api/review/compose
serviceName = nginx
------------------------------------------------------------------------------------
span = 2
span_id = d8423ca6077438c8
parent_id = 173cbe904f8e2194
start_time = 1682628698040464
end_time = 1682628698046215
inclusive_time = 5751
exclusive_time = 930
process_id = p4
operationName = ComposeReview
serviceName = nginx
------------------------------------------------------------------------------------
span = 3
span_id = b8200b65c0610c9b
parent_id = d8423ca6077438c8
start_time = 1682628698042649
end_time = 1682628698046129
inclusive_time = 3480
exclusive_time = 966
process_id = p6
operationName = UploadUserWithUsername
serviceName = user-service
------------------------------------------------------------------------------------
span = 4
span_id = 531d9646472a5119
parent_id = b8200b65c0610c9b
start_time = 1682628698042939
end_time = 1682628698045344
inclusive_time = 2405
exclusive_time = 898
process_id = p1
operationName = UploadUserId
serviceName = compose-review-service
------------------------------------------------------------------------------------
span = 5
span_id = 4b6a04795473d708
parent_id = 531d9646472a5119
start_time = 1682628698043816
end_time = 1682628698045237
inclusive_time = 1421
exclusive_time = 30
process_id = p5
operationName = UploadMovieReview
serviceName = movie-review-service
------------------------------------------------------------------------------------
span = 6
span_id = 8468942a632bd21c
parent_id = 4b6a04795473d708
start_time = 1682628698043846
end_time = 1682628698045241
inclusive_time = 1395
exclusive_time = 1395
process_id = p5
operationName = MongoFindMovie
serviceName = movie-review-service
------------------------------------------------------------------------------------
span = 7
span_id = 09a5dd94b75a00e8
parent_id = b8200b65c0610c9b
start_time = 1682628698042662
end_time = 1682628698042771
inclusive_time = 109
exclusive_time = 109
process_id = p6
operationName = MmcGetUserId
serviceName = user-service
------------------------------------------------------------------------------------
span = 8
span_id = 9c0c2e8ff01f22c8
parent_id = d8423ca6077438c8
start_time = 1682628698041072
end_time = 1682628698042413
inclusive_time = 1341
exclusive_time = 403
process_id = p7
operationName = UploadMovieId
serviceName = movie-id-service
------------------------------------------------------------------------------------
span = 9
span_id = 8687f879f83d9271
parent_id = 9c0c2e8ff01f22c8
start_time = 1682628698041608
end_time = 1682628698042275
inclusive_time = 667
exclusive_time = 309
process_id = p8
operationName = UploadRating
serviceName = rating-service
------------------------------------------------------------------------------------
span = 10
span_id = aff7a2a824a7bcc6
parent_id = 8687f879f83d9271
start_time = 1682628698041837
end_time = 1682628698042170
inclusive_time = 333
exclusive_time = 333
process_id = p1
operationName = UploadRating
serviceName = compose-review-service
------------------------------------------------------------------------------------
span = 11
span_id = 1ac5bfdf2332f704
parent_id = 9c0c2e8ff01f22c8
start_time = 1682628698041373
end_time = 1682628698041460
inclusive_time = 87
exclusive_time = 87
process_id = p7
operationName = MmcSetMovieId
serviceName = movie-id-service
------------------------------------------------------------------------------------
span = 12
span_id = 8c64b4615ae5076f
parent_id = 9c0c2e8ff01f22c8
start_time = 1682628698041089
end_time = 1682628698041193
inclusive_time = 104
exclusive_time = 104
process_id = p7
operationName = MmcGetMovieId
serviceName = movie-id-service
------------------------------------------------------------------------------------
