span 0
span_id = 96b07fec19982523
parent_id = None
start_time = 1682628698230000
end_time = 1682628698234710
inclusive_time = 4710
exclusive_time = 546
process_id = p5
operationName = /wrk2-api/review/compose
serviceName = None
------------------------------------------------------------------------------------
span 1
span_id = e22da125e06067b2
parent_id = 96b07fec19982523
start_time = 1682628698230546
end_time = 1682628698234710
inclusive_time = 4164
exclusive_time = 140
process_id = p5
operationName = /wrk2-api/review/compose
serviceName = None
------------------------------------------------------------------------------------
span 2
span_id = eaef2719620acc62
parent_id = e22da125e06067b2
start_time = 1682628698230597
end_time = 1682628698234621
inclusive_time = 4024
exclusive_time = 314
process_id = p5
operationName = ComposeReview
serviceName = None
------------------------------------------------------------------------------------
span 3
span_id = 08153d6ffced3c8e
parent_id = eaef2719620acc62
start_time = 1682628698230962
end_time = 1682628698234530
inclusive_time = 3568
exclusive_time = 404
process_id = p2
operationName = UploadMovieId
serviceName = None
------------------------------------------------------------------------------------
span 4
span_id = a5e51b4c7ec89cc3
parent_id = 08153d6ffced3c8e
start_time = 1682628698231515
end_time = 1682628698234341
inclusive_time = 2826
exclusive_time = 215
process_id = p10
operationName = UploadRating
serviceName = None
------------------------------------------------------------------------------------
span 5
span_id = 81364dd98383837a
parent_id = a5e51b4c7ec89cc3
start_time = 1682628698231784
end_time = 1682628698234236
inclusive_time = 2452
exclusive_time = 1196
process_id = p1
operationName = UploadRating
serviceName = None
------------------------------------------------------------------------------------
span 6
span_id = 2fac761f518453d4
parent_id = 81364dd98383837a
start_time = 1682628698232900
end_time = 1682628698234081
inclusive_time = 1181
exclusive_time = 17
process_id = p3
operationName = UploadMovieReview
serviceName = None
------------------------------------------------------------------------------------
span 7
span_id = 6d761a0515979c59
parent_id = 2fac761f518453d4
start_time = 1682628698232917
end_time = 1682628698234085
inclusive_time = 1168
exclusive_time = 1168
process_id = p3
operationName = MongoFindMovie
serviceName = None
------------------------------------------------------------------------------------
span 8
span_id = bf982049e0c43844
parent_id = 08153d6ffced3c8e
start_time = 1682628698231349
end_time = 1682628698231456
inclusive_time = 107
exclusive_time = 107
process_id = p2
operationName = MmcSetMovieId
serviceName = None
------------------------------------------------------------------------------------
span 9
span_id = 976313f203e8551b
parent_id = 08153d6ffced3c8e
start_time = 1682628698230980
end_time = 1682628698231211
inclusive_time = 231
exclusive_time = 231
process_id = p2
operationName = MmcGetMovieId
serviceName = None
------------------------------------------------------------------------------------
