span = 0
span_id = c1c972c1738d8844
parent_id = None
start_time = 1682628698014000
end_time = 1682628698018318
inclusive_time = 4318
exclusive_time = 265
process_id = p7
operationName = /wrk2-api/review/compose
serviceName = nginx
------------------------------------------------------------------------------------
span = 1
span_id = 57fd5e1c096b431b
parent_id = c1c972c1738d8844
start_time = 1682628698014264
end_time = 1682628698018317
inclusive_time = 4053
exclusive_time = 183
process_id = p7
operationName = /wrk2-api/review/compose
serviceName = nginx
------------------------------------------------------------------------------------
span = 2
span_id = 076c0334e15f5e64
parent_id = 57fd5e1c096b431b
start_time = 1682628698014308
end_time = 1682628698018178
inclusive_time = 3870
exclusive_time = 330
process_id = p7
operationName = ComposeReview
serviceName = nginx
------------------------------------------------------------------------------------
span = 3
span_id = e07feac08d817db4
parent_id = 076c0334e15f5e64
start_time = 1682628698014616
end_time = 1682628698018102
inclusive_time = 3486
exclusive_time = 364
process_id = p2
operationName = UploadMovieId
serviceName = movie-id-service
------------------------------------------------------------------------------------
span = 4
span_id = 04785b9c7ecbe7a2
parent_id = e07feac08d817db4
start_time = 1682628698015081
end_time = 1682628698017944
inclusive_time = 2863
exclusive_time = 514
process_id = p9
operationName = UploadRating
serviceName = rating-service
------------------------------------------------------------------------------------
span = 5
span_id = 1f2525d752fee258
parent_id = 04785b9c7ecbe7a2
start_time = 1682628698015239
end_time = 1682628698017544
inclusive_time = 2305
exclusive_time = 952
process_id = p4
operationName = UploadRating
serviceName = compose-review-service
------------------------------------------------------------------------------------
span = 6
span_id = 657e1541795905ba
parent_id = 1f2525d752fee258
start_time = 1682628698016261
end_time = 1682628698017423
inclusive_time = 1162
exclusive_time = 25
process_id = p1
operationName = UploadMovieReview
serviceName = movie-review-service
------------------------------------------------------------------------------------
span = 7
span_id = f2ce79c93dcdd07a
parent_id = 657e1541795905ba
start_time = 1682628698016286
end_time = 1682628698017427
inclusive_time = 1141
exclusive_time = 1141
process_id = p1
operationName = MongoFindMovie
serviceName = movie-review-service
------------------------------------------------------------------------------------
span = 8
span_id = 74afed3497c87063
parent_id = e07feac08d817db4
start_time = 1682628698014919
end_time = 1682628698015043
inclusive_time = 124
exclusive_time = 124
process_id = p2
operationName = MmcSetMovieId
serviceName = movie-id-service
------------------------------------------------------------------------------------
span = 9
span_id = ae5c44db2dcfbaa1
parent_id = e07feac08d817db4
start_time = 1682628698014635
end_time = 1682628698014770
inclusive_time = 135
exclusive_time = 135
process_id = p2
operationName = MmcGetMovieId
serviceName = movie-id-service
------------------------------------------------------------------------------------
