span = 0
trace_id = da0cf3e2fb02672b
span_id = da0cf3e2fb02672b
parent_id = None
start_time = 1682628698226000
end_time = 1682628698230134
inclusive_time = 4134
exclusive_time = 460
process_id = p5
operationName = /wrk2-api/review/compose
serviceName = nginx
call path = 
------------------------------------------------------------------------------------
span = 1
trace_id = da0cf3e2fb02672b
span_id = 903b2ab73a3fbdf8
parent_id = da0cf3e2fb02672b
start_time = 1682628698226459
end_time = 1682628698230133
inclusive_time = 3674
exclusive_time = 110
process_id = p5
operationName = /wrk2-api/review/compose
serviceName = nginx
call path = ->/wrk2-api/review/compose_nginx
------------------------------------------------------------------------------------
span = 2
trace_id = da0cf3e2fb02672b
span_id = 82589134505acf21
parent_id = 903b2ab73a3fbdf8
start_time = 1682628698226501
end_time = 1682628698230065
inclusive_time = 3564
exclusive_time = 300
process_id = p5
operationName = ComposeReview
serviceName = nginx
call path = ->/wrk2-api/review/compose_nginx->/wrk2-api/review/compose_nginx
------------------------------------------------------------------------------------
span = 3
trace_id = da0cf3e2fb02672b
span_id = e63aa155966fbcc3
parent_id = 82589134505acf21
start_time = 1682628698227481
end_time = 1682628698229981
inclusive_time = 2500
exclusive_time = 241
process_id = p7
operationName = UploadUniqueId
serviceName = unique-id-service
call path = ->/wrk2-api/review/compose_nginx->/wrk2-api/review/compose_nginx->ComposeReview_nginx
------------------------------------------------------------------------------------
span = 4
trace_id = da0cf3e2fb02672b
span_id = e2ff792e37e279a3
parent_id = e63aa155966fbcc3
start_time = 1682628698227651
end_time = 1682628698229910
inclusive_time = 2259
exclusive_time = 909
process_id = p1
operationName = UploadUniqueId
serviceName = compose-review-service
call path = ->/wrk2-api/review/compose_nginx->/wrk2-api/review/compose_nginx->ComposeReview_nginx->UploadUniqueId_unique-id-service
------------------------------------------------------------------------------------
span = 5
trace_id = da0cf3e2fb02672b
span_id = c762930ce4a21415
parent_id = e2ff792e37e279a3
start_time = 1682628698228489
end_time = 1682628698229779
inclusive_time = 1290
exclusive_time = 26
process_id = p3
operationName = UploadMovieReview
serviceName = movie-review-service
call path = ->/wrk2-api/review/compose_nginx->/wrk2-api/review/compose_nginx->ComposeReview_nginx->UploadUniqueId_unique-id-service->UploadUniqueId_compose-review-service
------------------------------------------------------------------------------------
span = 6
trace_id = da0cf3e2fb02672b
span_id = 6467f07176215c96
parent_id = c762930ce4a21415
start_time = 1682628698228515
end_time = 1682628698229784
inclusive_time = 1269
exclusive_time = 1269
process_id = p3
operationName = MongoFindMovie
serviceName = movie-review-service
call path = ->/wrk2-api/review/compose_nginx->/wrk2-api/review/compose_nginx->ComposeReview_nginx->UploadUniqueId_unique-id-service->UploadUniqueId_compose-review-service->UploadMovieReview_movie-review-service
------------------------------------------------------------------------------------
span = 7
trace_id = da0cf3e2fb02672b
span_id = 033ea78b18fd723b
parent_id = 82589134505acf21
start_time = 1682628698226903
end_time = 1682628698227416
inclusive_time = 513
exclusive_time = 163
process_id = p9
operationName = UploadText
serviceName = text-service
call path = ->/wrk2-api/review/compose_nginx->/wrk2-api/review/compose_nginx->ComposeReview_nginx
------------------------------------------------------------------------------------
span = 8
trace_id = da0cf3e2fb02672b
span_id = ae2196d5c1537e23
parent_id = 033ea78b18fd723b
start_time = 1682628698227003
end_time = 1682628698227353
inclusive_time = 350
exclusive_time = 350
process_id = p1
operationName = UploadText
serviceName = compose-review-service
call path = ->/wrk2-api/review/compose_nginx->/wrk2-api/review/compose_nginx->ComposeReview_nginx->UploadText_text-service
------------------------------------------------------------------------------------
