span = 0
trace_id = 30cf947a23f60e73
span_id = 30cf947a23f60e73
parent_id = None
start_time = 1682628698189000
end_time = 1682628698194207
inclusive_time = 5207
exclusive_time = 909
process_id = p1
operationName = /wrk2-api/review/compose
serviceName = nginx
call path = 
------------------------------------------------------------------------------------
span = 1
trace_id = 30cf947a23f60e73
span_id = cef98465d3c4d91a
parent_id = 30cf947a23f60e73
start_time = 1682628698189909
end_time = 1682628698194207
inclusive_time = 4298
exclusive_time = 101
process_id = p1
operationName = /wrk2-api/review/compose
serviceName = nginx
call path = ->/wrk2-api/review/compose_nginx
------------------------------------------------------------------------------------
span = 2
trace_id = 30cf947a23f60e73
span_id = 6d9bf70768ecf8bd
parent_id = cef98465d3c4d91a
start_time = 1682628698189958
end_time = 1682628698194155
inclusive_time = 4197
exclusive_time = 671
process_id = p1
operationName = ComposeReview
serviceName = nginx
call path = ->/wrk2-api/review/compose_nginx->/wrk2-api/review/compose_nginx
------------------------------------------------------------------------------------
span = 3
trace_id = 30cf947a23f60e73
span_id = 0c38bcad5b6a5a36
parent_id = 6d9bf70768ecf8bd
start_time = 1682628698190307
end_time = 1682628698193705
inclusive_time = 3398
exclusive_time = 351
process_id = p5
operationName = UploadMovieId
serviceName = movie-id-service
call path = ->/wrk2-api/review/compose_nginx->/wrk2-api/review/compose_nginx->ComposeReview_nginx
------------------------------------------------------------------------------------
span = 4
trace_id = 30cf947a23f60e73
span_id = f88ab002e75075f2
parent_id = 0c38bcad5b6a5a36
start_time = 1682628698190786
end_time = 1682628698193565
inclusive_time = 2779
exclusive_time = 215
process_id = p10
operationName = UploadRating
serviceName = rating-service
call path = ->/wrk2-api/review/compose_nginx->/wrk2-api/review/compose_nginx->ComposeReview_nginx->UploadMovieId_movie-id-service
------------------------------------------------------------------------------------
span = 5
trace_id = 30cf947a23f60e73
span_id = 3ccfe8fc11a11155
parent_id = f88ab002e75075f2
start_time = 1682628698190947
end_time = 1682628698193436
inclusive_time = 2489
exclusive_time = 1332
process_id = p4
operationName = UploadRating
serviceName = compose-review-service
call path = ->/wrk2-api/review/compose_nginx->/wrk2-api/review/compose_nginx->ComposeReview_nginx->UploadMovieId_movie-id-service->UploadRating_rating-service
------------------------------------------------------------------------------------
span = 6
trace_id = 30cf947a23f60e73
span_id = 4fc857c7f3cc3eb5
parent_id = 3ccfe8fc11a11155
start_time = 1682628698192080
end_time = 1682628698193227
inclusive_time = 1147
exclusive_time = 24
process_id = p6
operationName = UploadMovieReview
serviceName = movie-review-service
call path = ->/wrk2-api/review/compose_nginx->/wrk2-api/review/compose_nginx->ComposeReview_nginx->UploadMovieId_movie-id-service->UploadRating_rating-service->UploadRating_compose-review-service
------------------------------------------------------------------------------------
span = 7
trace_id = 30cf947a23f60e73
span_id = 6219b97617f438fb
parent_id = 4fc857c7f3cc3eb5
start_time = 1682628698192104
end_time = 1682628698193232
inclusive_time = 1128
exclusive_time = 1128
process_id = p6
operationName = MongoFindMovie
serviceName = movie-review-service
call path = ->/wrk2-api/review/compose_nginx->/wrk2-api/review/compose_nginx->ComposeReview_nginx->UploadMovieId_movie-id-service->UploadRating_rating-service->UploadRating_compose-review-service->UploadMovieReview_movie-review-service
------------------------------------------------------------------------------------
span = 8
trace_id = 30cf947a23f60e73
span_id = b626e3d495dd0503
parent_id = 0c38bcad5b6a5a36
start_time = 1682628698190603
end_time = 1682628698190747
inclusive_time = 144
exclusive_time = 144
process_id = p5
operationName = MmcSetMovieId
serviceName = movie-id-service
call path = ->/wrk2-api/review/compose_nginx->/wrk2-api/review/compose_nginx->ComposeReview_nginx->UploadMovieId_movie-id-service
------------------------------------------------------------------------------------
span = 9
trace_id = 30cf947a23f60e73
span_id = 9b77b23415fc6aa1
parent_id = 0c38bcad5b6a5a36
start_time = 1682628698190327
end_time = 1682628698190443
inclusive_time = 116
exclusive_time = 116
process_id = p5
operationName = MmcGetMovieId
serviceName = movie-id-service
call path = ->/wrk2-api/review/compose_nginx->/wrk2-api/review/compose_nginx->ComposeReview_nginx->UploadMovieId_movie-id-service
------------------------------------------------------------------------------------
