span 0
span_id = f926d055a2285f7e
parent_id = None
start_time = 1682675734603000
end_time = 1682675734604187
inclusive_time = 1187
exclusive_time = 1086
process_id = p1
operationName = 
serviceName = None
------------------------------------------------------------------------------------
span 1
span_id = 3972605dce0cf810
parent_id = f926d055a2285f7e
start_time = 1682675734604113
end_time = 1682675734604187
inclusive_time = 74
exclusive_time = 74
process_id = p1
operationName = 
serviceName = None
------------------------------------------------------------------------------------
span 2
span_id = 664266fb6d87f2c9
parent_id = f926d055a2285f7e
start_time = 1682675734604039
end_time = 1682675734604066
inclusive_time = 27
exclusive_time = 27
process_id = p1
operationName = 
serviceName = None
------------------------------------------------------------------------------------
