span = 0
span_id = 979c43395331e755
parent_id = None
start_time = 1682628698081000
end_time = 1682628698085195
inclusive_time = 4195
exclusive_time = 697
process_id = p1
operationName = /wrk2-api/review/compose
serviceName = nginx
------------------------------------------------------------------------------------
span = 1
span_id = af823685ce1a8c14
parent_id = 979c43395331e755
start_time = 1682628698081696
end_time = 1682628698085194
inclusive_time = 3498
exclusive_time = 89
process_id = p1
operationName = /wrk2-api/review/compose
serviceName = nginx
------------------------------------------------------------------------------------
span = 2
span_id = 3ff726517ae9d658
parent_id = af823685ce1a8c14
start_time = 1682628698081736
end_time = 1682628698085145
inclusive_time = 3409
exclusive_time = 247
process_id = p1
operationName = ComposeReview
serviceName = nginx
------------------------------------------------------------------------------------
span = 3
span_id = 573c266db7096249
parent_id = 3ff726517ae9d658
start_time = 1682628698081992
end_time = 1682628698085075
inclusive_time = 3083
exclusive_time = 382
process_id = p5
operationName = UploadMovieId
serviceName = movie-id-service
------------------------------------------------------------------------------------
span = 4
span_id = c56984b2faf4578b
parent_id = 573c266db7096249
start_time = 1682628698082377
end_time = 1682628698084957
inclusive_time = 2580
exclusive_time = 222
process_id = p7
operationName = UploadRating
serviceName = rating-service
------------------------------------------------------------------------------------
span = 5
span_id = 0787c49877b5e6fa
parent_id = c56984b2faf4578b
start_time = 1682628698082604
end_time = 1682628698084828
inclusive_time = 2224
exclusive_time = 908
process_id = p3
operationName = UploadRating
serviceName = compose-review-service
------------------------------------------------------------------------------------
span = 6
span_id = 9e923d89f1044e3d
parent_id = 0787c49877b5e6fa
start_time = 1682628698083457
end_time = 1682628698084709
inclusive_time = 1252
exclusive_time = 37
process_id = p6
operationName = UploadUserReview
serviceName = user-review-service
------------------------------------------------------------------------------------
span = 7
span_id = 68b156300fa6d7bd
parent_id = 9e923d89f1044e3d
start_time = 1682628698083494
end_time = 1682628698084714
inclusive_time = 1220
exclusive_time = 1220
process_id = p6
operationName = MongoFindUser
serviceName = user-review-service
------------------------------------------------------------------------------------
span = 8
span_id = 21cfc62b5ae0f7a5
parent_id = 573c266db7096249
start_time = 1682628698082004
end_time = 1682628698082093
inclusive_time = 89
exclusive_time = 89
process_id = p5
operationName = MmcGetMovieId
serviceName = movie-id-service
------------------------------------------------------------------------------------
