span = 0
span_id = 26600058481620a0
parent_id = None
start_time = 1682628698318000
end_time = 1682628698323218
inclusive_time = 5218
exclusive_time = 716
process_id = p10
operationName = /wrk2-api/review/compose
serviceName = nginx
------------------------------------------------------------------------------------
span = 1
span_id = a6d07186f3b9ebe9
parent_id = 26600058481620a0
start_time = 1682628698318716
end_time = 1682628698323218
inclusive_time = 4502
exclusive_time = 89
process_id = p10
operationName = /wrk2-api/review/compose
serviceName = nginx
------------------------------------------------------------------------------------
span = 2
span_id = c05d9a3c76c1d362
parent_id = a6d07186f3b9ebe9
start_time = 1682628698318751
end_time = 1682628698323164
inclusive_time = 4413
exclusive_time = 650
process_id = p10
operationName = ComposeReview
serviceName = nginx
------------------------------------------------------------------------------------
span = 3
span_id = 9c18ca13a8f81ae0
parent_id = c05d9a3c76c1d362
start_time = 1682628698319028
end_time = 1682628698322704
inclusive_time = 3676
exclusive_time = 308
process_id = p1
operationName = UploadMovieId
serviceName = movie-id-service
------------------------------------------------------------------------------------
span = 4
span_id = 5a56b6b2f0c4c1f3
parent_id = 9c18ca13a8f81ae0
start_time = 1682628698319365
end_time = 1682628698322552
inclusive_time = 3187
exclusive_time = 230
process_id = p9
operationName = UploadRating
serviceName = rating-service
------------------------------------------------------------------------------------
span = 5
span_id = caf80fab69f3db96
parent_id = 5a56b6b2f0c4c1f3
start_time = 1682628698319611
end_time = 1682628698322447
inclusive_time = 2836
exclusive_time = 1511
process_id = p2
operationName = UploadRating
serviceName = compose-review-service
------------------------------------------------------------------------------------
span = 6
span_id = f4a57dd21bf8e32c
parent_id = caf80fab69f3db96
start_time = 1682628698321135
end_time = 1682628698322257
inclusive_time = 1122
exclusive_time = 18
process_id = p5
operationName = UploadMovieReview
serviceName = movie-review-service
------------------------------------------------------------------------------------
span = 7
span_id = 3bdb00a646d41c37
parent_id = f4a57dd21bf8e32c
start_time = 1682628698321153
end_time = 1682628698322260
inclusive_time = 1107
exclusive_time = 1107
process_id = p5
operationName = MongoFindMovie
serviceName = movie-review-service
------------------------------------------------------------------------------------
span = 8
span_id = 43b372dd6e7afc14
parent_id = 9c18ca13a8f81ae0
start_time = 1682628698319231
end_time = 1682628698319340
inclusive_time = 109
exclusive_time = 109
process_id = p1
operationName = MmcSetMovieId
serviceName = movie-id-service
------------------------------------------------------------------------------------
span = 9
span_id = b52baad390a31c3c
parent_id = 9c18ca13a8f81ae0
start_time = 1682628698319039
end_time = 1682628698319111
inclusive_time = 72
exclusive_time = 72
process_id = p1
operationName = MmcGetMovieId
serviceName = movie-id-service
------------------------------------------------------------------------------------
