span = 0
span_id = 41116e1d0ed2051a
parent_id = None
start_time = 1682628698027000
end_time = 1682628698032416
inclusive_time = 5416
exclusive_time = 650
process_id = p1
operationName = /wrk2-api/review/compose
serviceName = nginx
------------------------------------------------------------------------------------
span = 1
span_id = 6c99d2b380658e1c
parent_id = 41116e1d0ed2051a
start_time = 1682628698027650
end_time = 1682628698032416
inclusive_time = 4766
exclusive_time = 105
process_id = p1
operationName = /wrk2-api/review/compose
serviceName = nginx
------------------------------------------------------------------------------------
span = 2
span_id = 41129e4842cea654
parent_id = 6c99d2b380658e1c
start_time = 1682628698027696
end_time = 1682628698032357
inclusive_time = 4661
exclusive_time = 282
process_id = p1
operationName = ComposeReview
serviceName = nginx
------------------------------------------------------------------------------------
span = 3
span_id = 42f3a7f93f3eeb46
parent_id = 41129e4842cea654
start_time = 1682628698027994
end_time = 1682628698032239
inclusive_time = 4245
exclusive_time = 424
process_id = p8
operationName = UploadMovieId
serviceName = movie-id-service
------------------------------------------------------------------------------------
span = 4
span_id = cb239af8d396deb7
parent_id = 42f3a7f93f3eeb46
start_time = 1682628698028509
end_time = 1682628698032094
inclusive_time = 3585
exclusive_time = 277
process_id = p9
operationName = UploadRating
serviceName = rating-service
------------------------------------------------------------------------------------
span = 5
span_id = 22c82a740fe66889
parent_id = cb239af8d396deb7
start_time = 1682628698028855
end_time = 1682628698031969
inclusive_time = 3114
exclusive_time = 1087
process_id = p3
operationName = UploadRating
serviceName = compose-review-service
------------------------------------------------------------------------------------
span = 6
span_id = 5274b78c5703bb65
parent_id = 22c82a740fe66889
start_time = 1682628698029774
end_time = 1682628698031765
inclusive_time = 1991
exclusive_time = 17
process_id = p4
operationName = UploadUserReview
serviceName = user-review-service
------------------------------------------------------------------------------------
span = 7
span_id = d2dc67e55ba7bc1f
parent_id = 5274b78c5703bb65
start_time = 1682628698029791
end_time = 1682628698031774
inclusive_time = 1983
exclusive_time = 1983
process_id = p4
operationName = MongoFindUser
serviceName = user-review-service
------------------------------------------------------------------------------------
span = 8
span_id = 63e0233189540487
parent_id = 42f3a7f93f3eeb46
start_time = 1682628698028015
end_time = 1682628698028136
inclusive_time = 121
exclusive_time = 121
process_id = p8
operationName = MmcGetMovieId
serviceName = movie-id-service
------------------------------------------------------------------------------------
