span = 0
span_id = 0ff1b8de1ebdc487
parent_id = None
start_time = 1682628697996000
end_time = 1682628698003237
inclusive_time = 7237
exclusive_time = 357
process_id = p3
operationName = /wrk2-api/review/compose
serviceName = nginx
------------------------------------------------------------------------------------
span = 1
span_id = 6806b6b6b9e82e16
parent_id = 0ff1b8de1ebdc487
start_time = 1682628697996357
end_time = 1682628698003237
inclusive_time = 6880
exclusive_time = 137
process_id = p3
operationName = /wrk2-api/review/compose
serviceName = nginx
------------------------------------------------------------------------------------
span = 2
span_id = db0d704765b125a4
parent_id = 6806b6b6b9e82e16
start_time = 1682628697996410
end_time = 1682628698003153
inclusive_time = 6743
exclusive_time = 530
process_id = p3
operationName = ComposeReview
serviceName = nginx
------------------------------------------------------------------------------------
span = 3
span_id = a07530ecd646105a
parent_id = db0d704765b125a4
start_time = 1682628697996805
end_time = 1682628698003015
inclusive_time = 6210
exclusive_time = 343
process_id = p2
operationName = UploadMovieId
serviceName = movie-id-service
------------------------------------------------------------------------------------
span = 4
span_id = 5c8e0193b10d4eb5
parent_id = a07530ecd646105a
start_time = 1682628697997428
end_time = 1682628698002880
inclusive_time = 5452
exclusive_time = 290
process_id = p9
operationName = UploadRating
serviceName = rating-service
------------------------------------------------------------------------------------
span = 5
span_id = 316ba719156a57bd
parent_id = 5c8e0193b10d4eb5
start_time = 1682628697997693
end_time = 1682628698002771
inclusive_time = 5078
exclusive_time = 3781
process_id = p5
operationName = UploadRating
serviceName = compose-review-service
------------------------------------------------------------------------------------
span = 6
span_id = 9ac93982b14e78db
parent_id = 316ba719156a57bd
start_time = 1682628697999021
end_time = 1682628698000157
inclusive_time = 1136
exclusive_time = 18
process_id = p6
operationName = UploadUserReview
serviceName = user-review-service
------------------------------------------------------------------------------------
span = 7
span_id = a0e5620764c37d29
parent_id = 9ac93982b14e78db
start_time = 1682628697999039
end_time = 1682628698000162
inclusive_time = 1123
exclusive_time = 1123
process_id = p6
operationName = MongoFindUser
serviceName = user-review-service
------------------------------------------------------------------------------------
span = 8
span_id = 766bc816827211c3
parent_id = a07530ecd646105a
start_time = 1682628697997260
end_time = 1682628697997368
inclusive_time = 108
exclusive_time = 108
process_id = p2
operationName = MmcSetMovieId
serviceName = movie-id-service
------------------------------------------------------------------------------------
span = 9
span_id = f261a1f19dc51575
parent_id = a07530ecd646105a
start_time = 1682628697996823
end_time = 1682628697997130
inclusive_time = 307
exclusive_time = 307
process_id = p2
operationName = MmcGetMovieId
serviceName = movie-id-service
------------------------------------------------------------------------------------
