span = 0
trace_id = 4bc791cd14b4f064
span_id = 4bc791cd14b4f064
parent_id = None
start_time = 1682628698302000
end_time = 1682628698305942
inclusive_time = 3942
exclusive_time = 160
process_id = p10
operationName = /wrk2-api/review/compose
serviceName = nginx
------------------------------------------------------------------------------------
span = 1
trace_id = 4bc791cd14b4f064
span_id = b229eb5ea678189e
parent_id = 4bc791cd14b4f064
start_time = 1682628698302160
end_time = 1682628698305942
inclusive_time = 3782
exclusive_time = 111
process_id = p10
operationName = /wrk2-api/review/compose
serviceName = nginx
------------------------------------------------------------------------------------
span = 2
trace_id = 4bc791cd14b4f064
span_id = fbb5a7abed73ef47
parent_id = b229eb5ea678189e
start_time = 1682628698302208
end_time = 1682628698305879
inclusive_time = 3671
exclusive_time = 359
process_id = p10
operationName = ComposeReview
serviceName = nginx
------------------------------------------------------------------------------------
span = 3
trace_id = 4bc791cd14b4f064
span_id = 01a3f2eea4cc5411
parent_id = fbb5a7abed73ef47
start_time = 1682628698302522
end_time = 1682628698305747
inclusive_time = 3225
exclusive_time = 354
process_id = p3
operationName = UploadMovieId
serviceName = movie-id-service
------------------------------------------------------------------------------------
span = 4
trace_id = 4bc791cd14b4f064
span_id = b9edb397bd6d82e8
parent_id = 01a3f2eea4cc5411
start_time = 1682628698302938
end_time = 1682628698305623
inclusive_time = 2685
exclusive_time = 218
process_id = p9
operationName = UploadRating
serviceName = rating-service
------------------------------------------------------------------------------------
span = 5
trace_id = 4bc791cd14b4f064
span_id = fa235d8538c64bb4
parent_id = b9edb397bd6d82e8
start_time = 1682628698303094
end_time = 1682628698305522
inclusive_time = 2428
exclusive_time = 1047
process_id = p2
operationName = UploadRating
serviceName = compose-review-service
------------------------------------------------------------------------------------
span = 6
trace_id = 4bc791cd14b4f064
span_id = 4480ce6234134145
parent_id = fa235d8538c64bb4
start_time = 1682628698304140
end_time = 1682628698305389
inclusive_time = 1249
exclusive_time = 32
process_id = p6
operationName = UploadMovieReview
serviceName = movie-review-service
------------------------------------------------------------------------------------
span = 7
trace_id = 4bc791cd14b4f064
span_id = 87124ae2eab5754b
parent_id = 4480ce6234134145
start_time = 1682628698304172
end_time = 1682628698305393
inclusive_time = 1221
exclusive_time = 1221
process_id = p6
operationName = MongoFindMovie
serviceName = movie-review-service
------------------------------------------------------------------------------------
span = 8
trace_id = 4bc791cd14b4f064
span_id = 226bae8e75c06846
parent_id = 01a3f2eea4cc5411
start_time = 1682628698302785
end_time = 1682628698302879
inclusive_time = 94
exclusive_time = 94
process_id = p3
operationName = MmcSetMovieId
serviceName = movie-id-service
------------------------------------------------------------------------------------
span = 9
trace_id = 4bc791cd14b4f064
span_id = 7beaa5c9b1633d7c
parent_id = 01a3f2eea4cc5411
start_time = 1682628698302533
end_time = 1682628698302625
inclusive_time = 92
exclusive_time = 92
process_id = p3
operationName = MmcGetMovieId
serviceName = movie-id-service
------------------------------------------------------------------------------------
