span = 0
trace_id = 0d3e7f9790e0ed16
span_id = 0d3e7f9790e0ed16
parent_id = None
start_time = 1682649994123000
end_time = 1682649994123988
inclusive_time = 988
exclusive_time = 844
process_id = p1
operationName = 
serviceName = nginx
call path = 
------------------------------------------------------------------------------------
span = 1
trace_id = 0d3e7f9790e0ed16
span_id = 7bcc4b9e432db413
parent_id = 0d3e7f9790e0ed16
start_time = 1682649994123886
end_time = 1682649994123988
inclusive_time = 102
exclusive_time = 102
process_id = p1
operationName = 
serviceName = nginx
call path = ->_nginx
------------------------------------------------------------------------------------
span = 2
trace_id = 0d3e7f9790e0ed16
span_id = 17779975abf64bb8
parent_id = 0d3e7f9790e0ed16
start_time = 1682649994123775
end_time = 1682649994123817
inclusive_time = 42
exclusive_time = 42
process_id = p1
operationName = 
serviceName = nginx
call path = ->_nginx
------------------------------------------------------------------------------------
