span = 0
trace_id = a2e330a86db3be82
span_id = a2e330a86db3be82
parent_id = None
start_time = 1682628698183000
end_time = 1682628698188172
inclusive_time = 5172
exclusive_time = 735
process_id = p7
operationName = /wrk2-api/review/compose
serviceName = nginx
call path = 
------------------------------------------------------------------------------------
span = 1
trace_id = a2e330a86db3be82
span_id = 4a0324a36a36c4b3
parent_id = a2e330a86db3be82
start_time = 1682628698183735
end_time = 1682628698188172
inclusive_time = 4437
exclusive_time = 103
process_id = p7
operationName = /wrk2-api/review/compose
serviceName = nginx
call path = ->/wrk2-api/review/compose_nginx
------------------------------------------------------------------------------------
span = 2
trace_id = a2e330a86db3be82
span_id = b32e85f898e5e8e7
parent_id = 4a0324a36a36c4b3
start_time = 1682628698183779
end_time = 1682628698188113
inclusive_time = 4334
exclusive_time = 801
process_id = p7
operationName = ComposeReview
serviceName = nginx
call path = ->/wrk2-api/review/compose_nginx->/wrk2-api/review/compose_nginx
------------------------------------------------------------------------------------
span = 3
trace_id = a2e330a86db3be82
span_id = 941e5176c71b937f
parent_id = b32e85f898e5e8e7
start_time = 1682628698184079
end_time = 1682628698187525
inclusive_time = 3446
exclusive_time = 356
process_id = p5
operationName = UploadMovieId
serviceName = movie-id-service
call path = ->/wrk2-api/review/compose_nginx->/wrk2-api/review/compose_nginx->ComposeReview_nginx
------------------------------------------------------------------------------------
span = 4
trace_id = a2e330a86db3be82
span_id = 778be183271559f7
parent_id = 941e5176c71b937f
start_time = 1682628698184564
end_time = 1682628698187377
inclusive_time = 2813
exclusive_time = 515
process_id = p10
operationName = UploadRating
serviceName = rating-service
call path = ->/wrk2-api/review/compose_nginx->/wrk2-api/review/compose_nginx->ComposeReview_nginx->UploadMovieId_movie-id-service
------------------------------------------------------------------------------------
span = 5
trace_id = a2e330a86db3be82
span_id = 653b1864dc6011db
parent_id = 778be183271559f7
start_time = 1682628698184781
end_time = 1682628698187046
inclusive_time = 2265
exclusive_time = 981
process_id = p4
operationName = UploadRating
serviceName = compose-review-service
call path = ->/wrk2-api/review/compose_nginx->/wrk2-api/review/compose_nginx->ComposeReview_nginx->UploadMovieId_movie-id-service->UploadRating_rating-service
------------------------------------------------------------------------------------
span = 6
trace_id = a2e330a86db3be82
span_id = 03ad32b41d705dc2
parent_id = 653b1864dc6011db
start_time = 1682628698185604
end_time = 1682628698186765
inclusive_time = 1161
exclusive_time = 33
process_id = p1
operationName = UploadMovieReview
serviceName = movie-review-service
call path = ->/wrk2-api/review/compose_nginx->/wrk2-api/review/compose_nginx->ComposeReview_nginx->UploadMovieId_movie-id-service->UploadRating_rating-service->UploadRating_compose-review-service
------------------------------------------------------------------------------------
span = 7
trace_id = a2e330a86db3be82
span_id = 42c1c8404569a2b8
parent_id = 03ad32b41d705dc2
start_time = 1682628698185637
end_time = 1682628698186769
inclusive_time = 1132
exclusive_time = 1132
process_id = p1
operationName = MongoFindMovie
serviceName = movie-review-service
call path = ->/wrk2-api/review/compose_nginx->/wrk2-api/review/compose_nginx->ComposeReview_nginx->UploadMovieId_movie-id-service->UploadRating_rating-service->UploadRating_compose-review-service->UploadMovieReview_movie-review-service
------------------------------------------------------------------------------------
span = 8
trace_id = a2e330a86db3be82
span_id = c9a7c7b35dae16fa
parent_id = 941e5176c71b937f
start_time = 1682628698184382
end_time = 1682628698184494
inclusive_time = 112
exclusive_time = 112
process_id = p5
operationName = MmcSetMovieId
serviceName = movie-id-service
call path = ->/wrk2-api/review/compose_nginx->/wrk2-api/review/compose_nginx->ComposeReview_nginx->UploadMovieId_movie-id-service
------------------------------------------------------------------------------------
span = 9
trace_id = a2e330a86db3be82
span_id = 8cfa3ef93e47ba82
parent_id = 941e5176c71b937f
start_time = 1682628698184097
end_time = 1682628698184255
inclusive_time = 158
exclusive_time = 158
process_id = p5
operationName = MmcGetMovieId
serviceName = movie-id-service
call path = ->/wrk2-api/review/compose_nginx->/wrk2-api/review/compose_nginx->ComposeReview_nginx->UploadMovieId_movie-id-service
------------------------------------------------------------------------------------
