span = 0
trace_id = 388f8539bbf8cea7
span_id = 388f8539bbf8cea7
parent_id = None
start_time = 1682628698254000
end_time = 1682628698259492
inclusive_time = 5492
exclusive_time = 1011
process_id = p3
operationName = /wrk2-api/review/compose
serviceName = nginx
------------------------------------------------------------------------------------
span = 1
trace_id = 388f8539bbf8cea7
span_id = 325b28533fd9a639
parent_id = 388f8539bbf8cea7
start_time = 1682628698255010
end_time = 1682628698259491
inclusive_time = 4481
exclusive_time = 111
process_id = p3
operationName = /wrk2-api/review/compose
serviceName = nginx
------------------------------------------------------------------------------------
span = 2
trace_id = 388f8539bbf8cea7
span_id = e8ae02f213af79eb
parent_id = 325b28533fd9a639
start_time = 1682628698255061
end_time = 1682628698259431
inclusive_time = 4370
exclusive_time = 543
process_id = p3
operationName = ComposeReview
serviceName = nginx
------------------------------------------------------------------------------------
span = 3
trace_id = 388f8539bbf8cea7
span_id = 3cb71d5009513545
parent_id = e8ae02f213af79eb
start_time = 1682628698255638
end_time = 1682628698259226
inclusive_time = 3588
exclusive_time = 547
process_id = p2
operationName = UploadUserWithUsername
serviceName = user-service
------------------------------------------------------------------------------------
span = 4
trace_id = 388f8539bbf8cea7
span_id = e7cdf92531e71b6e
parent_id = 3cb71d5009513545
start_time = 1682628698256231
end_time = 1682628698259162
inclusive_time = 2931
exclusive_time = 1390
process_id = p5
operationName = UploadUserId
serviceName = compose-review-service
------------------------------------------------------------------------------------
span = 5
trace_id = 388f8539bbf8cea7
span_id = 5949d6e4a9fb7076
parent_id = e7cdf92531e71b6e
start_time = 1682628698257696
end_time = 1682628698259011
inclusive_time = 1315
exclusive_time = 18
process_id = p1
operationName = UploadMovieReview
serviceName = movie-review-service
------------------------------------------------------------------------------------
span = 6
trace_id = 388f8539bbf8cea7
span_id = 96ae9b66bbd76fbe
parent_id = 5949d6e4a9fb7076
start_time = 1682628698257714
end_time = 1682628698259017
inclusive_time = 1303
exclusive_time = 1303
process_id = p1
operationName = MongoFindMovie
serviceName = movie-review-service
------------------------------------------------------------------------------------
span = 7
trace_id = 388f8539bbf8cea7
span_id = d74dfe089ff34cf4
parent_id = 3cb71d5009513545
start_time = 1682628698255656
end_time = 1682628698255766
inclusive_time = 110
exclusive_time = 110
process_id = p2
operationName = MmcGetUserId
serviceName = user-service
------------------------------------------------------------------------------------
