span = 0
trace_id = 60d938ed9151437f
span_id = 60d938ed9151437f
parent_id = None
start_time = 1682628697881000
end_time = 1682628697885323
inclusive_time = 4323
exclusive_time = 697
process_id = p4
operationName = /wrk2-api/review/compose
serviceName = nginx
------------------------------------------------------------------------------------
span = 1
trace_id = 60d938ed9151437f
span_id = 200eed96dec2ac05
parent_id = 60d938ed9151437f
start_time = 1682628697881697
end_time = 1682628697885323
inclusive_time = 3626
exclusive_time = 105
process_id = p4
operationName = /wrk2-api/review/compose
serviceName = nginx
------------------------------------------------------------------------------------
span = 2
trace_id = 60d938ed9151437f
span_id = fada9b87f8337265
parent_id = 200eed96dec2ac05
start_time = 1682628697881744
end_time = 1682628697885265
inclusive_time = 3521
exclusive_time = 332
process_id = p4
operationName = ComposeReview
serviceName = nginx
------------------------------------------------------------------------------------
span = 3
trace_id = 60d938ed9151437f
span_id = 4e086baa8637b22d
parent_id = fada9b87f8337265
start_time = 1682628697882068
end_time = 1682628697885180
inclusive_time = 3112
exclusive_time = 304
process_id = p3
operationName = UploadMovieId
serviceName = movie-id-service
------------------------------------------------------------------------------------
span = 4
trace_id = 60d938ed9151437f
span_id = 135f7869cea62f26
parent_id = 4e086baa8637b22d
start_time = 1682628697882476
end_time = 1682628697885082
inclusive_time = 2606
exclusive_time = 212
process_id = p7
operationName = UploadRating
serviceName = rating-service
------------------------------------------------------------------------------------
span = 5
trace_id = 60d938ed9151437f
span_id = 2570e3a0af08caec
parent_id = 135f7869cea62f26
start_time = 1682628697882646
end_time = 1682628697884972
inclusive_time = 2326
exclusive_time = 1127
process_id = p2
operationName = UploadRating
serviceName = compose-review-service
------------------------------------------------------------------------------------
span = 6
trace_id = 60d938ed9151437f
span_id = d6025381a59da8e6
parent_id = 2570e3a0af08caec
start_time = 1682628697883574
end_time = 1682628697884734
inclusive_time = 1160
exclusive_time = 27
process_id = p5
operationName = UploadMovieReview
serviceName = movie-review-service
------------------------------------------------------------------------------------
span = 7
trace_id = 60d938ed9151437f
span_id = 0f32d8ceaefe1c90
parent_id = d6025381a59da8e6
start_time = 1682628697883601
end_time = 1682628697884740
inclusive_time = 1139
exclusive_time = 1139
process_id = p5
operationName = MongoFindMovie
serviceName = movie-review-service
------------------------------------------------------------------------------------
span = 8
trace_id = 60d938ed9151437f
span_id = 1702b28989649ff2
parent_id = 4e086baa8637b22d
start_time = 1682628697882344
end_time = 1682628697882439
inclusive_time = 95
exclusive_time = 95
process_id = p3
operationName = MmcSetMovieId
serviceName = movie-id-service
------------------------------------------------------------------------------------
span = 9
trace_id = 60d938ed9151437f
span_id = 398f2fad0d369650
parent_id = 4e086baa8637b22d
start_time = 1682628697882079
end_time = 1682628697882155
inclusive_time = 76
exclusive_time = 76
process_id = p3
operationName = MmcGetMovieId
serviceName = movie-id-service
------------------------------------------------------------------------------------
