span 0
span_id = 7412cb2cd4e465ed
parent_id = None
start_time = 1682628698099000
end_time = 1682628698103841
inclusive_time = 4841
exclusive_time = 1126
process_id = p7
operationName = /wrk2-api/review/compose
serviceName = None
------------------------------------------------------------------------------------
span 1
span_id = 419d3ab5ec85a354
parent_id = 7412cb2cd4e465ed
start_time = 1682628698100126
end_time = 1682628698103841
inclusive_time = 3715
exclusive_time = 118
process_id = p7
operationName = /wrk2-api/review/compose
serviceName = None
------------------------------------------------------------------------------------
span 2
span_id = 848e579d035d1632
parent_id = 419d3ab5ec85a354
start_time = 1682628698100177
end_time = 1682628698103774
inclusive_time = 3597
exclusive_time = 291
process_id = p7
operationName = ComposeReview
serviceName = None
------------------------------------------------------------------------------------
span 3
span_id = d8de534d97fc4ada
parent_id = 848e579d035d1632
start_time = 1682628698100507
end_time = 1682628698103683
inclusive_time = 3176
exclusive_time = 286
process_id = p4
operationName = UploadMovieId
serviceName = None
------------------------------------------------------------------------------------
span 4
span_id = aa5ab7831b575b6d
parent_id = d8de534d97fc4ada
start_time = 1682628698100952
end_time = 1682628698103559
inclusive_time = 2607
exclusive_time = 285
process_id = p6
operationName = UploadRating
serviceName = None
------------------------------------------------------------------------------------
span 5
span_id = 30922f597573cacb
parent_id = aa5ab7831b575b6d
start_time = 1682628698101160
end_time = 1682628698103377
inclusive_time = 2217
exclusive_time = 962
process_id = p2
operationName = UploadRating
serviceName = None
------------------------------------------------------------------------------------
span 6
span_id = 09e5b6506de0528c
parent_id = 30922f597573cacb
start_time = 1682628698102033
end_time = 1682628698103239
inclusive_time = 1206
exclusive_time = 17
process_id = p1
operationName = UploadMovieReview
serviceName = None
------------------------------------------------------------------------------------
span 7
span_id = d51ef9144a51468c
parent_id = 09e5b6506de0528c
start_time = 1682628698102050
end_time = 1682628698103242
inclusive_time = 1192
exclusive_time = 1192
process_id = p1
operationName = MongoFindMovie
serviceName = None
------------------------------------------------------------------------------------
span 8
span_id = 2f68f9f2e4bcc58e
parent_id = d8de534d97fc4ada
start_time = 1682628698100773
end_time = 1682628698100894
inclusive_time = 121
exclusive_time = 121
process_id = p4
operationName = MmcSetMovieId
serviceName = None
------------------------------------------------------------------------------------
span 9
span_id = 6ec77e5a2edaa0e2
parent_id = d8de534d97fc4ada
start_time = 1682628698100530
end_time = 1682628698100634
inclusive_time = 104
exclusive_time = 104
process_id = p4
operationName = MmcGetMovieId
serviceName = None
------------------------------------------------------------------------------------
