span = 0
trace_id = cc70372c84f451dc
span_id = cc70372c84f451dc
parent_id = None
start_time = 1682628698010000
end_time = 1682628698016355
inclusive_time = 6355
exclusive_time = 718
process_id = p7
operationName = /wrk2-api/review/compose
serviceName = nginx
call path = 
------------------------------------------------------------------------------------
span = 1
trace_id = cc70372c84f451dc
span_id = 9cebde9c3c8a924e
parent_id = cc70372c84f451dc
start_time = 1682628698010718
end_time = 1682628698016355
inclusive_time = 5637
exclusive_time = 96
process_id = p7
operationName = /wrk2-api/review/compose
serviceName = nginx
call path = ->/wrk2-api/review/compose_nginx
------------------------------------------------------------------------------------
span = 2
trace_id = cc70372c84f451dc
span_id = 93a9489113d2f2d8
parent_id = 9cebde9c3c8a924e
start_time = 1682628698010773
end_time = 1682628698016314
inclusive_time = 5541
exclusive_time = 1369
process_id = p7
operationName = ComposeReview
serviceName = nginx
call path = ->/wrk2-api/review/compose_nginx->/wrk2-api/review/compose_nginx
------------------------------------------------------------------------------------
span = 3
trace_id = cc70372c84f451dc
span_id = e7abaefcc32e1aa7
parent_id = 93a9489113d2f2d8
start_time = 1682628698011097
end_time = 1682628698015147
inclusive_time = 4050
exclusive_time = 607
process_id = p2
operationName = UploadMovieId
serviceName = movie-id-service
call path = ->/wrk2-api/review/compose_nginx->/wrk2-api/review/compose_nginx->ComposeReview_nginx
------------------------------------------------------------------------------------
span = 4
trace_id = cc70372c84f451dc
span_id = e3f1136becd5b3f4
parent_id = e7abaefcc32e1aa7
start_time = 1682628698011697
end_time = 1682628698014998
inclusive_time = 3301
exclusive_time = 343
process_id = p9
operationName = UploadRating
serviceName = rating-service
call path = ->/wrk2-api/review/compose_nginx->/wrk2-api/review/compose_nginx->ComposeReview_nginx->UploadMovieId_movie-id-service
------------------------------------------------------------------------------------
span = 5
trace_id = cc70372c84f451dc
span_id = ab6f6c8352840780
parent_id = e3f1136becd5b3f4
start_time = 1682628698012032
end_time = 1682628698014790
inclusive_time = 2758
exclusive_time = 1031
process_id = p4
operationName = UploadRating
serviceName = compose-review-service
call path = ->/wrk2-api/review/compose_nginx->/wrk2-api/review/compose_nginx->ComposeReview_nginx->UploadMovieId_movie-id-service->UploadRating_rating-service
------------------------------------------------------------------------------------
span = 6
trace_id = cc70372c84f451dc
span_id = 21fdbfd41c1cce63
parent_id = ab6f6c8352840780
start_time = 1682628698012882
end_time = 1682628698014609
inclusive_time = 1727
exclusive_time = 39
process_id = p5
operationName = UploadUserReview
serviceName = user-review-service
call path = ->/wrk2-api/review/compose_nginx->/wrk2-api/review/compose_nginx->ComposeReview_nginx->UploadMovieId_movie-id-service->UploadRating_rating-service->UploadRating_compose-review-service
------------------------------------------------------------------------------------
span = 7
trace_id = cc70372c84f451dc
span_id = 647372bf8eec4394
parent_id = 21fdbfd41c1cce63
start_time = 1682628698012921
end_time = 1682628698014614
inclusive_time = 1693
exclusive_time = 1693
process_id = p5
operationName = MongoFindUser
serviceName = user-review-service
call path = ->/wrk2-api/review/compose_nginx->/wrk2-api/review/compose_nginx->ComposeReview_nginx->UploadMovieId_movie-id-service->UploadRating_rating-service->UploadRating_compose-review-service->UploadUserReview_user-review-service
------------------------------------------------------------------------------------
span = 8
trace_id = cc70372c84f451dc
span_id = 6cf16eeec6a49258
parent_id = e7abaefcc32e1aa7
start_time = 1682628698011114
end_time = 1682628698011188
inclusive_time = 74
exclusive_time = 74
process_id = p2
operationName = MmcGetMovieId
serviceName = movie-id-service
call path = ->/wrk2-api/review/compose_nginx->/wrk2-api/review/compose_nginx->ComposeReview_nginx->UploadMovieId_movie-id-service
------------------------------------------------------------------------------------
