span = 0
span_id = 4401eebe58684621
parent_id = None
start_time = 1682628698117000
end_time = 1682628698122287
inclusive_time = 5287
exclusive_time = 1305
process_id = p5
operationName = /wrk2-api/review/compose
serviceName = nginx
------------------------------------------------------------------------------------
span = 1
span_id = 5d53adf6221bac6e
parent_id = 4401eebe58684621
start_time = 1682628698118305
end_time = 1682628698122287
inclusive_time = 3982
exclusive_time = 110
process_id = p5
operationName = /wrk2-api/review/compose
serviceName = nginx
------------------------------------------------------------------------------------
span = 2
span_id = 416be45aec0322e9
parent_id = 5d53adf6221bac6e
start_time = 1682628698118358
end_time = 1682628698122230
inclusive_time = 3872
exclusive_time = 269
process_id = p5
operationName = ComposeReview
serviceName = nginx
------------------------------------------------------------------------------------
span = 3
span_id = 45da856d0e26cb59
parent_id = 416be45aec0322e9
start_time = 1682628698118813
end_time = 1682628698122155
inclusive_time = 3342
exclusive_time = 237
process_id = p10
operationName = UploadText
serviceName = text-service
------------------------------------------------------------------------------------
span = 4
span_id = f90f2b2d0361afcd
parent_id = 45da856d0e26cb59
start_time = 1682628698118983
end_time = 1682628698122088
inclusive_time = 3105
exclusive_time = 1821
process_id = p6
operationName = UploadText
serviceName = compose-review-service
------------------------------------------------------------------------------------
span = 5
span_id = 02548b404ff0097e
parent_id = f90f2b2d0361afcd
start_time = 1682628698120757
end_time = 1682628698121913
inclusive_time = 1156
exclusive_time = 17
process_id = p7
operationName = UploadMovieReview
serviceName = movie-review-service
------------------------------------------------------------------------------------
span = 6
span_id = a0f1f3be5ebd027e
parent_id = 02548b404ff0097e
start_time = 1682628698120774
end_time = 1682628698121917
inclusive_time = 1143
exclusive_time = 1143
process_id = p7
operationName = MongoFindMovie
serviceName = movie-review-service
------------------------------------------------------------------------------------
