span = 0
span_id = b92af27ed6240f1e
parent_id = None
start_time = 1682628698188000
end_time = 1682628698193633
inclusive_time = 5633
exclusive_time = 1200
process_id = p7
operationName = /wrk2-api/review/compose
serviceName = nginx
------------------------------------------------------------------------------------
span = 1
span_id = 3aa6e4634d2fb54f
parent_id = b92af27ed6240f1e
start_time = 1682628698189200
end_time = 1682628698193633
inclusive_time = 4433
exclusive_time = 100
process_id = p7
operationName = /wrk2-api/review/compose
serviceName = nginx
------------------------------------------------------------------------------------
span = 2
span_id = 5865bb0c84377b7d
parent_id = 3aa6e4634d2fb54f
start_time = 1682628698189245
end_time = 1682628698193578
inclusive_time = 4333
exclusive_time = 388
process_id = p7
operationName = ComposeReview
serviceName = nginx
------------------------------------------------------------------------------------
span = 3
span_id = 38b6261cf56189f8
parent_id = 5865bb0c84377b7d
start_time = 1682628698189634
end_time = 1682628698193396
inclusive_time = 3762
exclusive_time = 335
process_id = p4
operationName = UploadMovieId
serviceName = movie-id-service
------------------------------------------------------------------------------------
span = 4
span_id = 955192f547c0cbe0
parent_id = 38b6261cf56189f8
start_time = 1682628698190126
end_time = 1682628698193247
inclusive_time = 3121
exclusive_time = 312
process_id = p10
operationName = UploadRating
serviceName = rating-service
------------------------------------------------------------------------------------
span = 5
span_id = 7b558c6d38c72e71
parent_id = 955192f547c0cbe0
start_time = 1682628698190297
end_time = 1682628698193106
inclusive_time = 2809
exclusive_time = 991
process_id = p3
operationName = UploadRating
serviceName = compose-review-service
------------------------------------------------------------------------------------
span = 6
span_id = 17110ee4aba47ea4
parent_id = 7b558c6d38c72e71
start_time = 1682628698191140
end_time = 1682628698192931
inclusive_time = 1791
exclusive_time = 19
process_id = p5
operationName = UploadMovieReview
serviceName = movie-review-service
------------------------------------------------------------------------------------
span = 7
span_id = d2ddbc03b0a43a29
parent_id = 17110ee4aba47ea4
start_time = 1682628698191159
end_time = 1682628698192935
inclusive_time = 1776
exclusive_time = 1776
process_id = p5
operationName = MongoFindMovie
serviceName = movie-review-service
------------------------------------------------------------------------------------
span = 8
span_id = f6a51316b8f6dd94
parent_id = 38b6261cf56189f8
start_time = 1682628698189948
end_time = 1682628698190048
inclusive_time = 100
exclusive_time = 100
process_id = p4
operationName = MmcSetMovieId
serviceName = movie-id-service
------------------------------------------------------------------------------------
span = 9
span_id = 438a6321f9b218cf
parent_id = 38b6261cf56189f8
start_time = 1682628698189650
end_time = 1682628698189791
inclusive_time = 141
exclusive_time = 141
process_id = p4
operationName = MmcGetMovieId
serviceName = movie-id-service
------------------------------------------------------------------------------------
