span = 0
trace_id = d8af83d2ce113991
span_id = d8af83d2ce113991
parent_id = None
start_time = 1682628698256000
end_time = 1682628698261033
inclusive_time = 5033
exclusive_time = 859
process_id = p3
operationName = /wrk2-api/review/compose
serviceName = nginx
------------------------------------------------------------------------------------
span = 1
trace_id = d8af83d2ce113991
span_id = 085edb11848382b2
parent_id = d8af83d2ce113991
start_time = 1682628698256858
end_time = 1682628698261032
inclusive_time = 4174
exclusive_time = 178
process_id = p3
operationName = /wrk2-api/review/compose
serviceName = nginx
------------------------------------------------------------------------------------
span = 2
trace_id = d8af83d2ce113991
span_id = efcced426121e2f4
parent_id = 085edb11848382b2
start_time = 1682628698256905
end_time = 1682628698260901
inclusive_time = 3996
exclusive_time = 263
process_id = p3
operationName = ComposeReview
serviceName = nginx
------------------------------------------------------------------------------------
span = 3
trace_id = d8af83d2ce113991
span_id = 649dc44d168e5f17
parent_id = efcced426121e2f4
start_time = 1682628698257200
end_time = 1682628698260820
inclusive_time = 3620
exclusive_time = 345
process_id = p6
operationName = UploadMovieId
serviceName = movie-id-service
------------------------------------------------------------------------------------
span = 4
trace_id = d8af83d2ce113991
span_id = da24bfa813efae35
parent_id = 649dc44d168e5f17
start_time = 1682628698257691
end_time = 1682628698260698
inclusive_time = 3007
exclusive_time = 496
process_id = p10
operationName = UploadRating
serviceName = rating-service
------------------------------------------------------------------------------------
span = 5
trace_id = d8af83d2ce113991
span_id = 841069c89067a0df
parent_id = da24bfa813efae35
start_time = 1682628698258181
end_time = 1682628698260483
inclusive_time = 2302
exclusive_time = 1024
process_id = p5
operationName = UploadRating
serviceName = compose-review-service
------------------------------------------------------------------------------------
span = 6
trace_id = d8af83d2ce113991
span_id = 5db38d2f22409dbd
parent_id = 841069c89067a0df
start_time = 1682628698259167
end_time = 1682628698260347
inclusive_time = 1180
exclusive_time = 26
process_id = p1
operationName = UploadMovieReview
serviceName = movie-review-service
------------------------------------------------------------------------------------
span = 7
trace_id = d8af83d2ce113991
span_id = 8ff2e6a544d24d98
parent_id = 5db38d2f22409dbd
start_time = 1682628698259193
end_time = 1682628698260352
inclusive_time = 1159
exclusive_time = 1159
process_id = p1
operationName = MongoFindMovie
serviceName = movie-review-service
------------------------------------------------------------------------------------
span = 8
trace_id = d8af83d2ce113991
span_id = f4092a7e9ddf2a6b
parent_id = da24bfa813efae35
start_time = 1682628698257824
end_time = 1682628698258033
inclusive_time = 209
exclusive_time = 209
process_id = p10
operationName = RedisInsert
serviceName = rating-service
------------------------------------------------------------------------------------
span = 9
trace_id = d8af83d2ce113991
span_id = 1ebf775a5bbc50ba
parent_id = 649dc44d168e5f17
start_time = 1682628698257499
end_time = 1682628698257603
inclusive_time = 104
exclusive_time = 104
process_id = p6
operationName = MmcSetMovieId
serviceName = movie-id-service
------------------------------------------------------------------------------------
span = 10
trace_id = d8af83d2ce113991
span_id = fdb09d349547d08f
parent_id = 649dc44d168e5f17
start_time = 1682628698257224
end_time = 1682628698257344
inclusive_time = 120
exclusive_time = 120
process_id = p6
operationName = MmcGetMovieId
serviceName = movie-id-service
------------------------------------------------------------------------------------
