span 0
span_id = 918a92ea81b0e422
parent_id = None
start_time = 1682628698323000
end_time = 1682628698327035
inclusive_time = 4035
exclusive_time = 324
process_id = p10
operationName = /wrk2-api/review/compose
serviceName = None
------------------------------------------------------------------------------------
span 1
span_id = 268d1929e27456c5
parent_id = 918a92ea81b0e422
start_time = 1682628698323324
end_time = 1682628698327036
inclusive_time = 3712
exclusive_time = 170
process_id = p10
operationName = /wrk2-api/review/compose
serviceName = None
------------------------------------------------------------------------------------
span 2
span_id = 894ee5c810cae326
parent_id = 268d1929e27456c5
start_time = 1682628698323378
end_time = 1682628698326920
inclusive_time = 3542
exclusive_time = 337
process_id = p10
operationName = ComposeReview
serviceName = None
------------------------------------------------------------------------------------
span 3
span_id = 377a48f83f9dc315
parent_id = 894ee5c810cae326
start_time = 1682628698324005
end_time = 1682628698326823
inclusive_time = 2818
exclusive_time = 242
process_id = p3
operationName = UploadUniqueId
serviceName = None
------------------------------------------------------------------------------------
span 4
span_id = 576bad60a9a27e68
parent_id = 377a48f83f9dc315
start_time = 1682628698324175
end_time = 1682628698326751
inclusive_time = 2576
exclusive_time = 1145
process_id = p2
operationName = UploadUniqueId
serviceName = None
------------------------------------------------------------------------------------
span 5
span_id = 51201274244fee50
parent_id = 576bad60a9a27e68
start_time = 1682628698325298
end_time = 1682628698326613
inclusive_time = 1315
exclusive_time = 22
process_id = p5
operationName = UploadMovieReview
serviceName = None
------------------------------------------------------------------------------------
span 6
span_id = be80928b677ac738
parent_id = 51201274244fee50
start_time = 1682628698325320
end_time = 1682628698326617
inclusive_time = 1297
exclusive_time = 1297
process_id = p5
operationName = MongoFindMovie
serviceName = None
------------------------------------------------------------------------------------
