span = 0
trace_id = 3017f0d44ad83829
span_id = 3017f0d44ad83829
parent_id = None
start_time = 1682628698281000
end_time = 1682628698284970
inclusive_time = 3970
exclusive_time = 30
process_id = p2
operationName = /wrk2-api/review/compose
serviceName = nginx
------------------------------------------------------------------------------------
span = 1
trace_id = 3017f0d44ad83829
span_id = 94d22d806a3a3730
parent_id = 3017f0d44ad83829
start_time = 1682628698281030
end_time = 1682628698284970
inclusive_time = 3940
exclusive_time = 228
process_id = p2
operationName = /wrk2-api/review/compose
serviceName = nginx
------------------------------------------------------------------------------------
span = 2
trace_id = 3017f0d44ad83829
span_id = 328c3eca82438f94
parent_id = 94d22d806a3a3730
start_time = 1682628698281074
end_time = 1682628698284786
inclusive_time = 3712
exclusive_time = 235
process_id = p2
operationName = ComposeReview
serviceName = nginx
------------------------------------------------------------------------------------
span = 3
trace_id = 3017f0d44ad83829
span_id = 8e61cb2333650c2d
parent_id = 328c3eca82438f94
start_time = 1682628698281319
end_time = 1682628698284709
inclusive_time = 3390
exclusive_time = 308
process_id = p5
operationName = UploadMovieId
serviceName = movie-id-service
------------------------------------------------------------------------------------
span = 4
trace_id = 3017f0d44ad83829
span_id = cbc47fc04095bbd1
parent_id = 8e61cb2333650c2d
start_time = 1682628698281905
end_time = 1682628698284570
inclusive_time = 2665
exclusive_time = 289
process_id = p10
operationName = UploadRating
serviceName = rating-service
------------------------------------------------------------------------------------
span = 5
trace_id = 3017f0d44ad83829
span_id = 2c0060f4208d6066
parent_id = cbc47fc04095bbd1
start_time = 1682628698282116
end_time = 1682628698284366
inclusive_time = 2250
exclusive_time = 873
process_id = p4
operationName = UploadRating
serviceName = compose-review-service
------------------------------------------------------------------------------------
span = 6
trace_id = 3017f0d44ad83829
span_id = 1feef1ba4284fea9
parent_id = 2c0060f4208d6066
start_time = 1682628698282853
end_time = 1682628698284230
inclusive_time = 1377
exclusive_time = 29
process_id = p3
operationName = UploadUserReview
serviceName = user-review-service
------------------------------------------------------------------------------------
span = 7
trace_id = 3017f0d44ad83829
span_id = d2a224dd8a41ab31
parent_id = 1feef1ba4284fea9
start_time = 1682628698282882
end_time = 1682628698284234
inclusive_time = 1352
exclusive_time = 1352
process_id = p3
operationName = MongoFindUser
serviceName = user-review-service
------------------------------------------------------------------------------------
span = 8
trace_id = 3017f0d44ad83829
span_id = 922a01273987c604
parent_id = 8e61cb2333650c2d
start_time = 1682628698281594
end_time = 1682628698281740
inclusive_time = 146
exclusive_time = 146
process_id = p5
operationName = MmcSetMovieId
serviceName = movie-id-service
------------------------------------------------------------------------------------
span = 9
trace_id = 3017f0d44ad83829
span_id = b8d5e9ebf68f3e04
parent_id = 8e61cb2333650c2d
start_time = 1682628698281348
end_time = 1682628698281454
inclusive_time = 106
exclusive_time = 106
process_id = p5
operationName = MmcGetMovieId
serviceName = movie-id-service
------------------------------------------------------------------------------------
