span = 0
span_id = 34027d6b8187d9b7
parent_id = None
start_time = 1682628698182000
end_time = 1682628698186454
inclusive_time = 4454
exclusive_time = 532
process_id = p2
operationName = /wrk2-api/review/compose
serviceName = nginx
------------------------------------------------------------------------------------
span = 1
span_id = 3bbf3303339f02d0
parent_id = 34027d6b8187d9b7
start_time = 1682628698182531
end_time = 1682628698186453
inclusive_time = 3922
exclusive_time = 105
process_id = p2
operationName = /wrk2-api/review/compose
serviceName = nginx
------------------------------------------------------------------------------------
span = 2
span_id = cd39d20b31a842aa
parent_id = 3bbf3303339f02d0
start_time = 1682628698182570
end_time = 1682628698186387
inclusive_time = 3817
exclusive_time = 307
process_id = p2
operationName = ComposeReview
serviceName = nginx
------------------------------------------------------------------------------------
span = 3
span_id = 60cf72bd50ec4fcb
parent_id = cd39d20b31a842aa
start_time = 1682628698182889
end_time = 1682628698186292
inclusive_time = 3403
exclusive_time = 325
process_id = p6
operationName = UploadMovieId
serviceName = movie-id-service
------------------------------------------------------------------------------------
span = 4
span_id = c6c53e902dae77a1
parent_id = 60cf72bd50ec4fcb
start_time = 1682628698183315
end_time = 1682628698186162
inclusive_time = 2847
exclusive_time = 556
process_id = p10
operationName = UploadRating
serviceName = rating-service
------------------------------------------------------------------------------------
span = 5
span_id = f633875937839020
parent_id = c6c53e902dae77a1
start_time = 1682628698183497
end_time = 1682628698185733
inclusive_time = 2236
exclusive_time = 978
process_id = p5
operationName = UploadRating
serviceName = compose-review-service
------------------------------------------------------------------------------------
span = 6
span_id = 5e6e111ba20870f5
parent_id = f633875937839020
start_time = 1682628698184460
end_time = 1682628698185629
inclusive_time = 1169
exclusive_time = 25
process_id = p1
operationName = UploadMovieReview
serviceName = movie-review-service
------------------------------------------------------------------------------------
span = 7
span_id = e25fd6776338bd80
parent_id = 5e6e111ba20870f5
start_time = 1682628698184485
end_time = 1682628698185633
inclusive_time = 1148
exclusive_time = 1148
process_id = p1
operationName = MongoFindMovie
serviceName = movie-review-service
------------------------------------------------------------------------------------
span = 8
span_id = 1f442d1b48438b7c
parent_id = 60cf72bd50ec4fcb
start_time = 1682628698183142
end_time = 1682628698183219
inclusive_time = 77
exclusive_time = 77
process_id = p6
operationName = MmcSetMovieId
serviceName = movie-id-service
------------------------------------------------------------------------------------
span = 9
span_id = a95388c32f0caabf
parent_id = 60cf72bd50ec4fcb
start_time = 1682628698182907
end_time = 1682628698183007
inclusive_time = 100
exclusive_time = 100
process_id = p6
operationName = MmcGetMovieId
serviceName = movie-id-service
------------------------------------------------------------------------------------
