span = 0
span_id = 1565251ec6f92f3c
parent_id = None
start_time = 1682628698333000
end_time = 1682628698337513
inclusive_time = 4513
exclusive_time = 961
process_id = p10
operationName = /wrk2-api/review/compose
serviceName = nginx
------------------------------------------------------------------------------------
span = 1
span_id = 853290d78e3c3baa
parent_id = 1565251ec6f92f3c
start_time = 1682628698333961
end_time = 1682628698337513
inclusive_time = 3552
exclusive_time = 91
process_id = p10
operationName = /wrk2-api/review/compose
serviceName = nginx
------------------------------------------------------------------------------------
span = 2
span_id = f0ac45f423750093
parent_id = 853290d78e3c3baa
start_time = 1682628698334004
end_time = 1682628698337465
inclusive_time = 3461
exclusive_time = 277
process_id = p10
operationName = ComposeReview
serviceName = nginx
------------------------------------------------------------------------------------
span = 3
span_id = 1f99191a21e2b54c
parent_id = f0ac45f423750093
start_time = 1682628698334338
end_time = 1682628698337395
inclusive_time = 3057
exclusive_time = 338
process_id = p1
operationName = UploadMovieId
serviceName = movie-id-service
------------------------------------------------------------------------------------
span = 4
span_id = 84c58add332f3c44
parent_id = 1f99191a21e2b54c
start_time = 1682628698334835
end_time = 1682628698337291
inclusive_time = 2456
exclusive_time = 240
process_id = p9
operationName = UploadRating
serviceName = rating-service
------------------------------------------------------------------------------------
span = 5
span_id = 97386580bcc1542b
parent_id = 84c58add332f3c44
start_time = 1682628698334989
end_time = 1682628698337166
inclusive_time = 2177
exclusive_time = 1015
process_id = p2
operationName = UploadRating
serviceName = compose-review-service
------------------------------------------------------------------------------------
span = 6
span_id = 1f709d41a1b4a52c
parent_id = 97386580bcc1542b
start_time = 1682628698335877
end_time = 1682628698337020
inclusive_time = 1143
exclusive_time = 17
process_id = p6
operationName = UploadUserReview
serviceName = user-review-service
------------------------------------------------------------------------------------
span = 7
span_id = c23547ede2da0f59
parent_id = 1f709d41a1b4a52c
start_time = 1682628698335894
end_time = 1682628698337023
inclusive_time = 1129
exclusive_time = 1129
process_id = p6
operationName = MongoFindUser
serviceName = user-review-service
------------------------------------------------------------------------------------
span = 8
span_id = 0bcb96215d37720e
parent_id = 1f99191a21e2b54c
start_time = 1682628698334659
end_time = 1682628698334789
inclusive_time = 130
exclusive_time = 130
process_id = p1
operationName = MmcSetMovieId
serviceName = movie-id-service
------------------------------------------------------------------------------------
span = 9
span_id = 1b14b0d6fb7e3065
parent_id = 1f99191a21e2b54c
start_time = 1682628698334350
end_time = 1682628698334437
inclusive_time = 87
exclusive_time = 87
process_id = p1
operationName = MmcGetMovieId
serviceName = movie-id-service
------------------------------------------------------------------------------------
