span = 0
trace_id = e41899780e4ff77b
span_id = e41899780e4ff77b
parent_id = None
start_time = 1682628698267000
end_time = 1682628698272145
inclusive_time = 5145
exclusive_time = 918
process_id = p3
operationName = /wrk2-api/review/compose
serviceName = nginx
call path = 
------------------------------------------------------------------------------------
span = 1
trace_id = e41899780e4ff77b
span_id = 2dbdc6d6240d98f2
parent_id = e41899780e4ff77b
start_time = 1682628698267917
end_time = 1682628698272144
inclusive_time = 4227
exclusive_time = 93
process_id = p3
operationName = /wrk2-api/review/compose
serviceName = nginx
call path = ->/wrk2-api/review/compose_nginx
------------------------------------------------------------------------------------
span = 2
trace_id = e41899780e4ff77b
span_id = 5eee92cf323e90da
parent_id = 2dbdc6d6240d98f2
start_time = 1682628698267965
end_time = 1682628698272099
inclusive_time = 4134
exclusive_time = 262
process_id = p3
operationName = ComposeReview
serviceName = nginx
call path = ->/wrk2-api/review/compose_nginx->/wrk2-api/review/compose_nginx
------------------------------------------------------------------------------------
span = 3
trace_id = e41899780e4ff77b
span_id = b5fd63a859246d45
parent_id = 5eee92cf323e90da
start_time = 1682628698268238
end_time = 1682628698272025
inclusive_time = 3787
exclusive_time = 741
process_id = p6
operationName = UploadMovieId
serviceName = movie-id-service
call path = ->/wrk2-api/review/compose_nginx->/wrk2-api/review/compose_nginx->ComposeReview_nginx
------------------------------------------------------------------------------------
span = 4
trace_id = e41899780e4ff77b
span_id = c17438d3f1723de0
parent_id = b5fd63a859246d45
start_time = 1682628698268881
end_time = 1682628698271541
inclusive_time = 2660
exclusive_time = 219
process_id = p10
operationName = UploadRating
serviceName = rating-service
call path = ->/wrk2-api/review/compose_nginx->/wrk2-api/review/compose_nginx->ComposeReview_nginx->UploadMovieId_movie-id-service
------------------------------------------------------------------------------------
span = 5
trace_id = e41899780e4ff77b
span_id = 3e84bfda4dc3db79
parent_id = c17438d3f1723de0
start_time = 1682628698269024
end_time = 1682628698271417
inclusive_time = 2393
exclusive_time = 1108
process_id = p5
operationName = UploadRating
serviceName = compose-review-service
call path = ->/wrk2-api/review/compose_nginx->/wrk2-api/review/compose_nginx->ComposeReview_nginx->UploadMovieId_movie-id-service->UploadRating_rating-service
------------------------------------------------------------------------------------
span = 6
trace_id = e41899780e4ff77b
span_id = 2914ee4647db8019
parent_id = 3e84bfda4dc3db79
start_time = 1682628698270096
end_time = 1682628698271175
inclusive_time = 1079
exclusive_time = 27
process_id = p1
operationName = UploadMovieReview
serviceName = movie-review-service
call path = ->/wrk2-api/review/compose_nginx->/wrk2-api/review/compose_nginx->ComposeReview_nginx->UploadMovieId_movie-id-service->UploadRating_rating-service->UploadRating_compose-review-service
------------------------------------------------------------------------------------
span = 7
trace_id = e41899780e4ff77b
span_id = 456b8c6e78512c8d
parent_id = 2914ee4647db8019
start_time = 1682628698270123
end_time = 1682628698271179
inclusive_time = 1056
exclusive_time = 1056
process_id = p1
operationName = MongoFindMovie
serviceName = movie-review-service
call path = ->/wrk2-api/review/compose_nginx->/wrk2-api/review/compose_nginx->ComposeReview_nginx->UploadMovieId_movie-id-service->UploadRating_rating-service->UploadRating_compose-review-service->UploadMovieReview_movie-review-service
------------------------------------------------------------------------------------
span = 8
trace_id = e41899780e4ff77b
span_id = ef8c8633c857a8ac
parent_id = b5fd63a859246d45
start_time = 1682628698268462
end_time = 1682628698268573
inclusive_time = 111
exclusive_time = 111
process_id = p6
operationName = MmcSetMovieId
serviceName = movie-id-service
call path = ->/wrk2-api/review/compose_nginx->/wrk2-api/review/compose_nginx->ComposeReview_nginx->UploadMovieId_movie-id-service
------------------------------------------------------------------------------------
span = 9
trace_id = e41899780e4ff77b
span_id = 154140f756748787
parent_id = b5fd63a859246d45
start_time = 1682628698268250
end_time = 1682628698268330
inclusive_time = 80
exclusive_time = 80
process_id = p6
operationName = MmcGetMovieId
serviceName = movie-id-service
call path = ->/wrk2-api/review/compose_nginx->/wrk2-api/review/compose_nginx->ComposeReview_nginx->UploadMovieId_movie-id-service
------------------------------------------------------------------------------------
