span = 0
trace_id = 0561856afa099b16
span_id = 0561856afa099b16
parent_id = None
start_time = 1682628698029000
end_time = 1682628698033579
inclusive_time = 4579
exclusive_time = 238
process_id = p1
operationName = /wrk2-api/review/compose
serviceName = nginx
------------------------------------------------------------------------------------
span = 1
trace_id = 0561856afa099b16
span_id = 5763f92e1541c0e4
parent_id = 0561856afa099b16
start_time = 1682628698029238
end_time = 1682628698033579
inclusive_time = 4341
exclusive_time = 116
process_id = p1
operationName = /wrk2-api/review/compose
serviceName = nginx
------------------------------------------------------------------------------------
span = 2
trace_id = 0561856afa099b16
span_id = 7046154afb0fa961
parent_id = 5763f92e1541c0e4
start_time = 1682628698029290
end_time = 1682628698033515
inclusive_time = 4225
exclusive_time = 472
process_id = p1
operationName = ComposeReview
serviceName = nginx
------------------------------------------------------------------------------------
span = 3
trace_id = 0561856afa099b16
span_id = e881db054b1310d4
parent_id = 7046154afb0fa961
start_time = 1682628698029673
end_time = 1682628698033426
inclusive_time = 3753
exclusive_time = 281
process_id = p8
operationName = UploadMovieId
serviceName = movie-id-service
------------------------------------------------------------------------------------
span = 4
trace_id = 0561856afa099b16
span_id = dc27ed1a225c8f96
parent_id = e881db054b1310d4
start_time = 1682628698030098
end_time = 1682628698033302
inclusive_time = 3204
exclusive_time = 549
process_id = p9
operationName = UploadRating
serviceName = rating-service
------------------------------------------------------------------------------------
span = 5
trace_id = 0561856afa099b16
span_id = 08a9eb4bf089ac27
parent_id = dc27ed1a225c8f96
start_time = 1682628698030772
end_time = 1682628698033190
inclusive_time = 2418
exclusive_time = 971
process_id = p3
operationName = UploadRating
serviceName = compose-review-service
------------------------------------------------------------------------------------
span = 6
trace_id = 0561856afa099b16
span_id = 8dd0ef6355f56f72
parent_id = 08a9eb4bf089ac27
start_time = 1682628698031878
end_time = 1682628698033083
inclusive_time = 1205
exclusive_time = 31
process_id = p4
operationName = UploadUserReview
serviceName = user-review-service
------------------------------------------------------------------------------------
span = 7
trace_id = 0561856afa099b16
span_id = c3361f88459bb49b
parent_id = 8dd0ef6355f56f72
start_time = 1682628698031909
end_time = 1682628698033087
inclusive_time = 1178
exclusive_time = 1178
process_id = p4
operationName = MongoFindUser
serviceName = user-review-service
------------------------------------------------------------------------------------
span = 8
trace_id = 0561856afa099b16
span_id = d280c36514beab6b
parent_id = dc27ed1a225c8f96
start_time = 1682628698030207
end_time = 1682628698030444
inclusive_time = 237
exclusive_time = 237
process_id = p9
operationName = RedisInsert
serviceName = rating-service
------------------------------------------------------------------------------------
span = 9
trace_id = 0561856afa099b16
span_id = 74083ba6b9d8f8af
parent_id = e881db054b1310d4
start_time = 1682628698029695
end_time = 1682628698029804
inclusive_time = 109
exclusive_time = 109
process_id = p8
operationName = MmcGetMovieId
serviceName = movie-id-service
------------------------------------------------------------------------------------
