span = 0
trace_id = 45c83df736ce2dfb
span_id = 45c83df736ce2dfb
parent_id = None
start_time = 1682628698126000
end_time = 1682628698131233
inclusive_time = 5233
exclusive_time = 470
process_id = p4
operationName = /wrk2-api/review/compose
serviceName = nginx
call path = 
------------------------------------------------------------------------------------
span = 1
trace_id = 45c83df736ce2dfb
span_id = e0dab33fc3c4cdb8
parent_id = 45c83df736ce2dfb
start_time = 1682628698126469
end_time = 1682628698131232
inclusive_time = 4763
exclusive_time = 94
process_id = p4
operationName = /wrk2-api/review/compose
serviceName = nginx
call path = ->/wrk2-api/review/compose_nginx
------------------------------------------------------------------------------------
span = 2
trace_id = 45c83df736ce2dfb
span_id = c50f337d2e77ee97
parent_id = e0dab33fc3c4cdb8
start_time = 1682628698126511
end_time = 1682628698131180
inclusive_time = 4669
exclusive_time = 374
process_id = p4
operationName = ComposeReview
serviceName = nginx
call path = ->/wrk2-api/review/compose_nginx->/wrk2-api/review/compose_nginx
------------------------------------------------------------------------------------
span = 3
trace_id = 45c83df736ce2dfb
span_id = f1ee6a9aad1118e7
parent_id = c50f337d2e77ee97
start_time = 1682628698127155
end_time = 1682628698131008
inclusive_time = 3853
exclusive_time = 480
process_id = p1
operationName = UploadMovieId
serviceName = movie-id-service
call path = ->/wrk2-api/review/compose_nginx->/wrk2-api/review/compose_nginx->ComposeReview_nginx
------------------------------------------------------------------------------------
span = 4
trace_id = 45c83df736ce2dfb
span_id = 9b6437e0ffa468f7
parent_id = f1ee6a9aad1118e7
start_time = 1682628698127660
end_time = 1682628698130729
inclusive_time = 3069
exclusive_time = 288
process_id = p3
operationName = UploadRating
serviceName = rating-service
call path = ->/wrk2-api/review/compose_nginx->/wrk2-api/review/compose_nginx->ComposeReview_nginx->UploadMovieId_movie-id-service
------------------------------------------------------------------------------------
span = 5
trace_id = 45c83df736ce2dfb
span_id = 19180f27af7c5b89
parent_id = 9b6437e0ffa468f7
start_time = 1682628698127836
end_time = 1682628698130569
inclusive_time = 2733
exclusive_time = 1239
process_id = p5
operationName = UploadRating
serviceName = compose-review-service
call path = ->/wrk2-api/review/compose_nginx->/wrk2-api/review/compose_nginx->ComposeReview_nginx->UploadMovieId_movie-id-service->UploadRating_rating-service
------------------------------------------------------------------------------------
span = 6
trace_id = 45c83df736ce2dfb
span_id = 19c9c6d1d29bc593
parent_id = 19180f27af7c5b89
start_time = 1682628698129091
end_time = 1682628698130189
inclusive_time = 1098
exclusive_time = 26
process_id = p6
operationName = UploadMovieReview
serviceName = movie-review-service
call path = ->/wrk2-api/review/compose_nginx->/wrk2-api/review/compose_nginx->ComposeReview_nginx->UploadMovieId_movie-id-service->UploadRating_rating-service->UploadRating_compose-review-service
------------------------------------------------------------------------------------
span = 7
trace_id = 45c83df736ce2dfb
span_id = dc9c2ceef5d1942c
parent_id = 19c9c6d1d29bc593
start_time = 1682628698129117
end_time = 1682628698130194
inclusive_time = 1077
exclusive_time = 1077
process_id = p6
operationName = MongoFindMovie
serviceName = movie-review-service
call path = ->/wrk2-api/review/compose_nginx->/wrk2-api/review/compose_nginx->ComposeReview_nginx->UploadMovieId_movie-id-service->UploadRating_rating-service->UploadRating_compose-review-service->UploadMovieReview_movie-review-service
------------------------------------------------------------------------------------
span = 8
trace_id = 45c83df736ce2dfb
span_id = a92614ef9f3b383d
parent_id = 19180f27af7c5b89
start_time = 1682628698128700
end_time = 1682628698129054
inclusive_time = 354
exclusive_time = 40
process_id = p7
operationName = StoreReview
serviceName = review-storage-service
call path = ->/wrk2-api/review/compose_nginx->/wrk2-api/review/compose_nginx->ComposeReview_nginx->UploadMovieId_movie-id-service->UploadRating_rating-service->UploadRating_compose-review-service
------------------------------------------------------------------------------------
span = 9
trace_id = 45c83df736ce2dfb
span_id = 219a96f401ac6739
parent_id = a92614ef9f3b383d
start_time = 1682628698128724
end_time = 1682628698129038
inclusive_time = 314
exclusive_time = 314
process_id = p7
operationName = MongoInsertReview
serviceName = review-storage-service
call path = ->/wrk2-api/review/compose_nginx->/wrk2-api/review/compose_nginx->ComposeReview_nginx->UploadMovieId_movie-id-service->UploadRating_rating-service->UploadRating_compose-review-service->StoreReview_review-storage-service
------------------------------------------------------------------------------------
span = 10
trace_id = 45c83df736ce2dfb
span_id = eb4c1fd0f1972df2
parent_id = f1ee6a9aad1118e7
start_time = 1682628698127503
end_time = 1682628698127600
inclusive_time = 97
exclusive_time = 97
process_id = p1
operationName = MmcSetMovieId
serviceName = movie-id-service
call path = ->/wrk2-api/review/compose_nginx->/wrk2-api/review/compose_nginx->ComposeReview_nginx->UploadMovieId_movie-id-service
------------------------------------------------------------------------------------
span = 11
trace_id = 45c83df736ce2dfb
span_id = 2e5a77b27e939859
parent_id = f1ee6a9aad1118e7
start_time = 1682628698127170
end_time = 1682628698127326
inclusive_time = 156
exclusive_time = 156
process_id = p1
operationName = MmcGetMovieId
serviceName = movie-id-service
call path = ->/wrk2-api/review/compose_nginx->/wrk2-api/review/compose_nginx->ComposeReview_nginx->UploadMovieId_movie-id-service
------------------------------------------------------------------------------------
