span = 0
span_id = 1f61282b368f8491
parent_id = None
start_time = 1682628698214000
end_time = 1682628698219733
inclusive_time = 5733
exclusive_time = 1191
process_id = p6
operationName = /wrk2-api/review/compose
serviceName = nginx
------------------------------------------------------------------------------------
span = 1
span_id = 7089907c00edf1ca
parent_id = 1f61282b368f8491
start_time = 1682628698215191
end_time = 1682628698219733
inclusive_time = 4542
exclusive_time = 164
process_id = p6
operationName = /wrk2-api/review/compose
serviceName = nginx
------------------------------------------------------------------------------------
span = 2
span_id = bd41fe64d4f7cf3e
parent_id = 7089907c00edf1ca
start_time = 1682628698215236
end_time = 1682628698219614
inclusive_time = 4378
exclusive_time = 273
process_id = p6
operationName = ComposeReview
serviceName = nginx
------------------------------------------------------------------------------------
span = 3
span_id = ee3f41ab5bf6b44c
parent_id = bd41fe64d4f7cf3e
start_time = 1682628698215496
end_time = 1682628698219518
inclusive_time = 4022
exclusive_time = 654
process_id = p3
operationName = UploadMovieId
serviceName = movie-id-service
------------------------------------------------------------------------------------
span = 4
span_id = b8489773bf66f8f0
parent_id = ee3f41ab5bf6b44c
start_time = 1682628698215943
end_time = 1682628698219043
inclusive_time = 3100
exclusive_time = 279
process_id = p10
operationName = UploadRating
serviceName = rating-service
------------------------------------------------------------------------------------
span = 5
span_id = 2d31dcaa832329e4
parent_id = b8489773bf66f8f0
start_time = 1682628698216110
end_time = 1682628698218882
inclusive_time = 2772
exclusive_time = 1386
process_id = p2
operationName = UploadRating
serviceName = compose-review-service
------------------------------------------------------------------------------------
span = 6
span_id = f084684be59f36dc
parent_id = 2d31dcaa832329e4
start_time = 1682628698217481
end_time = 1682628698218721
inclusive_time = 1240
exclusive_time = 24
process_id = p4
operationName = UploadMovieReview
serviceName = movie-review-service
------------------------------------------------------------------------------------
span = 7
span_id = 8ffeae3ac05a657d
parent_id = f084684be59f36dc
start_time = 1682628698217505
end_time = 1682628698218725
inclusive_time = 1220
exclusive_time = 1220
process_id = p4
operationName = MongoFindMovie
serviceName = movie-review-service
------------------------------------------------------------------------------------
span = 8
span_id = 61690fee2fcbeb55
parent_id = ee3f41ab5bf6b44c
start_time = 1682628698215769
end_time = 1682628698215893
inclusive_time = 124
exclusive_time = 124
process_id = p3
operationName = MmcSetMovieId
serviceName = movie-id-service
------------------------------------------------------------------------------------
span = 9
span_id = 0b070799194d1a08
parent_id = ee3f41ab5bf6b44c
start_time = 1682628698215511
end_time = 1682628698215620
inclusive_time = 109
exclusive_time = 109
process_id = p3
operationName = MmcGetMovieId
serviceName = movie-id-service
------------------------------------------------------------------------------------
