span 0
span_id = 5119fb8ef10f7a56
parent_id = None
start_time = 1682628698326000
end_time = 1682628698330656
inclusive_time = 4656
exclusive_time = 1059
process_id = p10
operationName = /wrk2-api/review/compose
serviceName = None
------------------------------------------------------------------------------------
span 1
span_id = 46d6a9c456d31583
parent_id = 5119fb8ef10f7a56
start_time = 1682628698327059
end_time = 1682628698330656
inclusive_time = 3597
exclusive_time = 82
process_id = p10
operationName = /wrk2-api/review/compose
serviceName = None
------------------------------------------------------------------------------------
span 2
span_id = 88f1ae3ef3f49f78
parent_id = 46d6a9c456d31583
start_time = 1682628698327096
end_time = 1682628698330611
inclusive_time = 3515
exclusive_time = 241
process_id = p10
operationName = ComposeReview
serviceName = None
------------------------------------------------------------------------------------
span 3
span_id = 34606da7c8dcbc8e
parent_id = 88f1ae3ef3f49f78
start_time = 1682628698327374
end_time = 1682628698330535
inclusive_time = 3161
exclusive_time = 351
process_id = p1
operationName = UploadMovieId
serviceName = None
------------------------------------------------------------------------------------
span 4
span_id = e0bf4d400d771926
parent_id = 34606da7c8dcbc8e
start_time = 1682628698327927
end_time = 1682628698330391
inclusive_time = 2464
exclusive_time = 230
process_id = p9
operationName = UploadRating
serviceName = None
------------------------------------------------------------------------------------
span 5
span_id = faf76778dd26a287
parent_id = e0bf4d400d771926
start_time = 1682628698328114
end_time = 1682628698330276
inclusive_time = 2162
exclusive_time = 1105
process_id = p2
operationName = UploadRating
serviceName = None
------------------------------------------------------------------------------------
span 6
span_id = e9156c666fe198b5
parent_id = faf76778dd26a287
start_time = 1682628698329091
end_time = 1682628698330148
inclusive_time = 1057
exclusive_time = 25
process_id = p6
operationName = UploadUserReview
serviceName = None
------------------------------------------------------------------------------------
span 7
span_id = 4f791f7e3ee2a1f7
parent_id = e9156c666fe198b5
start_time = 1682628698329116
end_time = 1682628698330152
inclusive_time = 1036
exclusive_time = 1036
process_id = p6
operationName = MongoFindUser
serviceName = None
------------------------------------------------------------------------------------
span 8
span_id = fe6e0e59fb36459b
parent_id = 34606da7c8dcbc8e
start_time = 1682628698327388
end_time = 1682628698327554
inclusive_time = 166
exclusive_time = 166
process_id = p1
operationName = MmcGetMovieId
serviceName = None
------------------------------------------------------------------------------------
