span = 0
trace_id = c23020139f02b656
span_id = c23020139f02b656
parent_id = None
start_time = 1682628698317000
end_time = 1682628698321375
inclusive_time = 4375
exclusive_time = 393
process_id = p10
operationName = /wrk2-api/review/compose
serviceName = nginx
call path = 
------------------------------------------------------------------------------------
span = 1
trace_id = c23020139f02b656
span_id = f5806b18c34cb122
parent_id = c23020139f02b656
start_time = 1682628698317393
end_time = 1682628698321375
inclusive_time = 3982
exclusive_time = 91
process_id = p10
operationName = /wrk2-api/review/compose
serviceName = nginx
call path = ->/wrk2-api/review/compose_nginx
------------------------------------------------------------------------------------
span = 2
trace_id = c23020139f02b656
span_id = c6d5d304e0d39843
parent_id = f5806b18c34cb122
start_time = 1682628698317427
end_time = 1682628698321318
inclusive_time = 3891
exclusive_time = 285
process_id = p10
operationName = ComposeReview
serviceName = nginx
call path = ->/wrk2-api/review/compose_nginx->/wrk2-api/review/compose_nginx
------------------------------------------------------------------------------------
span = 3
trace_id = c23020139f02b656
span_id = d528b4276d1f2671
parent_id = c6d5d304e0d39843
start_time = 1682628698317754
end_time = 1682628698321238
inclusive_time = 3484
exclusive_time = 590
process_id = p2
operationName = UploadMovieId
serviceName = movie-id-service
call path = ->/wrk2-api/review/compose_nginx->/wrk2-api/review/compose_nginx->ComposeReview_nginx
------------------------------------------------------------------------------------
span = 4
trace_id = c23020139f02b656
span_id = 04338c45ec32cdeb
parent_id = d528b4276d1f2671
start_time = 1682628698318430
end_time = 1682628698321095
inclusive_time = 2665
exclusive_time = 263
process_id = p9
operationName = UploadRating
serviceName = rating-service
call path = ->/wrk2-api/review/compose_nginx->/wrk2-api/review/compose_nginx->ComposeReview_nginx->UploadMovieId_movie-id-service
------------------------------------------------------------------------------------
span = 5
trace_id = c23020139f02b656
span_id = 7ace585b32e8333e
parent_id = 04338c45ec32cdeb
start_time = 1682628698318643
end_time = 1682628698320983
inclusive_time = 2340
exclusive_time = 921
process_id = p1
operationName = UploadRating
serviceName = compose-review-service
call path = ->/wrk2-api/review/compose_nginx->/wrk2-api/review/compose_nginx->ComposeReview_nginx->UploadMovieId_movie-id-service->UploadRating_rating-service
------------------------------------------------------------------------------------
span = 6
trace_id = c23020139f02b656
span_id = aeee327b84a73607
parent_id = 7ace585b32e8333e
start_time = 1682628698319567
end_time = 1682628698320884
inclusive_time = 1317
exclusive_time = 25
process_id = p5
operationName = UploadMovieReview
serviceName = movie-review-service
call path = ->/wrk2-api/review/compose_nginx->/wrk2-api/review/compose_nginx->ComposeReview_nginx->UploadMovieId_movie-id-service->UploadRating_rating-service->UploadRating_compose-review-service
------------------------------------------------------------------------------------
span = 7
trace_id = c23020139f02b656
span_id = c7e6b539626229fc
parent_id = aeee327b84a73607
start_time = 1682628698319592
end_time = 1682628698320889
inclusive_time = 1297
exclusive_time = 1297
process_id = p5
operationName = MongoFindMovie
serviceName = movie-review-service
call path = ->/wrk2-api/review/compose_nginx->/wrk2-api/review/compose_nginx->ComposeReview_nginx->UploadMovieId_movie-id-service->UploadRating_rating-service->UploadRating_compose-review-service->UploadMovieReview_movie-review-service
------------------------------------------------------------------------------------
span = 8
trace_id = c23020139f02b656
span_id = 665b71d8e1ef028c
parent_id = d528b4276d1f2671
start_time = 1682628698318206
end_time = 1682628698318284
inclusive_time = 78
exclusive_time = 78
process_id = p2
operationName = MmcSetMovieId
serviceName = movie-id-service
call path = ->/wrk2-api/review/compose_nginx->/wrk2-api/review/compose_nginx->ComposeReview_nginx->UploadMovieId_movie-id-service
------------------------------------------------------------------------------------
span = 9
trace_id = c23020139f02b656
span_id = 4428790587962ea5
parent_id = d528b4276d1f2671
start_time = 1682628698317773
end_time = 1682628698317857
inclusive_time = 84
exclusive_time = 84
process_id = p2
operationName = MmcGetMovieId
serviceName = movie-id-service
call path = ->/wrk2-api/review/compose_nginx->/wrk2-api/review/compose_nginx->ComposeReview_nginx->UploadMovieId_movie-id-service
------------------------------------------------------------------------------------
