span = 0
span_id = a92920cf6999f4c6
parent_id = None
start_time = 1682628697931000
end_time = 1682628697934805
inclusive_time = 3805
exclusive_time = 152
process_id = p7
operationName = /wrk2-api/review/compose
serviceName = nginx
------------------------------------------------------------------------------------
span = 1
span_id = e2fa509a53c1357a
parent_id = a92920cf6999f4c6
start_time = 1682628697931152
end_time = 1682628697934805
inclusive_time = 3653
exclusive_time = 176
process_id = p7
operationName = /wrk2-api/review/compose
serviceName = nginx
------------------------------------------------------------------------------------
span = 2
span_id = ac928c8c2064768c
parent_id = e2fa509a53c1357a
start_time = 1682628697931187
end_time = 1682628697934664
inclusive_time = 3477
exclusive_time = 279
process_id = p7
operationName = ComposeReview
serviceName = nginx
------------------------------------------------------------------------------------
span = 3
span_id = 9ec66940a291590c
parent_id = ac928c8c2064768c
start_time = 1682628697931423
end_time = 1682628697934553
inclusive_time = 3130
exclusive_time = 349
process_id = p8
operationName = UploadMovieId
serviceName = movie-id-service
------------------------------------------------------------------------------------
span = 4
span_id = cd8b7f5400518551
parent_id = 9ec66940a291590c
start_time = 1682628697931918
end_time = 1682628697934402
inclusive_time = 2484
exclusive_time = 297
process_id = p5
operationName = UploadRating
serviceName = rating-service
------------------------------------------------------------------------------------
span = 5
span_id = 3c8a88df4050f8f5
parent_id = cd8b7f5400518551
start_time = 1682628697932071
end_time = 1682628697934237
inclusive_time = 2166
exclusive_time = 1060
process_id = p4
operationName = UploadRating
serviceName = compose-review-service
------------------------------------------------------------------------------------
span = 6
span_id = 2d43221b0cfd5b30
parent_id = 3c8a88df4050f8f5
start_time = 1682628697932833
end_time = 1682628697933916
inclusive_time = 1083
exclusive_time = 29
process_id = p3
operationName = UploadUserReview
serviceName = user-review-service
------------------------------------------------------------------------------------
span = 7
span_id = a88058b5c4d0fa95
parent_id = 2d43221b0cfd5b30
start_time = 1682628697932862
end_time = 1682628697933922
inclusive_time = 1060
exclusive_time = 1060
process_id = p3
operationName = MongoFindUser
serviceName = user-review-service
------------------------------------------------------------------------------------
span = 8
span_id = b4d7594aa61f6a0b
parent_id = 9ec66940a291590c
start_time = 1682628697931647
end_time = 1682628697931737
inclusive_time = 90
exclusive_time = 90
process_id = p8
operationName = MmcSetMovieId
serviceName = movie-id-service
------------------------------------------------------------------------------------
span = 9
span_id = 9833582ba3894260
parent_id = 9ec66940a291590c
start_time = 1682628697931435
end_time = 1682628697931515
inclusive_time = 80
exclusive_time = 80
process_id = p8
operationName = MmcGetMovieId
serviceName = movie-id-service
------------------------------------------------------------------------------------
