span = 0
trace_id = b7e25a22f65e0307
span_id = b7e25a22f65e0307
parent_id = None
start_time = 1682628698038000
end_time = 1682628698041611
inclusive_time = 3611
exclusive_time = 159
process_id = p9
operationName = /wrk2-api/review/compose
serviceName = nginx
------------------------------------------------------------------------------------
span = 1
trace_id = b7e25a22f65e0307
span_id = 6b1ddfba159dfd22
parent_id = b7e25a22f65e0307
start_time = 1682628698038158
end_time = 1682628698041610
inclusive_time = 3452
exclusive_time = 91
process_id = p9
operationName = /wrk2-api/review/compose
serviceName = nginx
------------------------------------------------------------------------------------
span = 2
trace_id = b7e25a22f65e0307
span_id = d6710c9173a12062
parent_id = 6b1ddfba159dfd22
start_time = 1682628698038193
end_time = 1682628698041554
inclusive_time = 3361
exclusive_time = 361
process_id = p9
operationName = ComposeReview
serviceName = nginx
------------------------------------------------------------------------------------
span = 3
trace_id = b7e25a22f65e0307
span_id = 14330e8323d8d0c2
parent_id = d6710c9173a12062
start_time = 1682628698038424
end_time = 1682628698041369
inclusive_time = 2945
exclusive_time = 310
process_id = p7
operationName = UploadMovieId
serviceName = movie-id-service
------------------------------------------------------------------------------------
span = 4
trace_id = b7e25a22f65e0307
span_id = 7a098a432cd50c24
parent_id = 14330e8323d8d0c2
start_time = 1682628698038838
end_time = 1682628698041218
inclusive_time = 2380
exclusive_time = 232
process_id = p8
operationName = UploadRating
serviceName = rating-service
------------------------------------------------------------------------------------
span = 5
trace_id = b7e25a22f65e0307
span_id = f90ab7a0e090945c
parent_id = 7a098a432cd50c24
start_time = 1682628698039011
end_time = 1682628698041095
inclusive_time = 2084
exclusive_time = 853
process_id = p2
operationName = UploadRating
serviceName = compose-review-service
------------------------------------------------------------------------------------
span = 6
trace_id = b7e25a22f65e0307
span_id = bb42d30488a07a19
parent_id = f90ab7a0e090945c
start_time = 1682628698039846
end_time = 1682628698040982
inclusive_time = 1136
exclusive_time = 24
process_id = p5
operationName = UploadMovieReview
serviceName = movie-review-service
------------------------------------------------------------------------------------
span = 7
trace_id = b7e25a22f65e0307
span_id = e7bb935cf61e2aac
parent_id = bb42d30488a07a19
start_time = 1682628698039870
end_time = 1682628698040986
inclusive_time = 1116
exclusive_time = 1116
process_id = p5
operationName = MongoFindMovie
serviceName = movie-review-service
------------------------------------------------------------------------------------
span = 8
trace_id = b7e25a22f65e0307
span_id = 0edde2592a129bf5
parent_id = 14330e8323d8d0c2
start_time = 1682628698038435
end_time = 1682628698038564
inclusive_time = 129
exclusive_time = 129
process_id = p7
operationName = MmcGetMovieId
serviceName = movie-id-service
------------------------------------------------------------------------------------
