span = 0
span_id = b4f058df84a6a3b5
parent_id = None
start_time = 1682628697921000
end_time = 1682628697925831
inclusive_time = 4831
exclusive_time = 441
process_id = p7
operationName = /wrk2-api/review/compose
serviceName = nginx
------------------------------------------------------------------------------------
span = 1
span_id = 6189ca6ee8e66060
parent_id = b4f058df84a6a3b5
start_time = 1682628697921441
end_time = 1682628697925831
inclusive_time = 4390
exclusive_time = 110
process_id = p7
operationName = /wrk2-api/review/compose
serviceName = nginx
------------------------------------------------------------------------------------
span = 2
span_id = 583e83d5f8c922bb
parent_id = 6189ca6ee8e66060
start_time = 1682628697921493
end_time = 1682628697925773
inclusive_time = 4280
exclusive_time = 641
process_id = p7
operationName = ComposeReview
serviceName = nginx
------------------------------------------------------------------------------------
span = 3
span_id = a4971ddf7e199671
parent_id = 583e83d5f8c922bb
start_time = 1682628697921985
end_time = 1682628697925430
inclusive_time = 3445
exclusive_time = 254
process_id = p10
operationName = UploadUniqueId
serviceName = unique-id-service
------------------------------------------------------------------------------------
span = 4
span_id = 72b4596ee2eb876b
parent_id = a4971ddf7e199671
start_time = 1682628697922159
end_time = 1682628697925350
inclusive_time = 3191
exclusive_time = 1696
process_id = p4
operationName = UploadUniqueId
serviceName = compose-review-service
------------------------------------------------------------------------------------
span = 5
span_id = 74ffebf88733fac4
parent_id = 72b4596ee2eb876b
start_time = 1682628697923652
end_time = 1682628697925104
inclusive_time = 1452
exclusive_time = 39
process_id = p3
operationName = UploadUserReview
serviceName = user-review-service
------------------------------------------------------------------------------------
span = 6
span_id = 4d7eb908e1d49a24
parent_id = 74ffebf88733fac4
start_time = 1682628697923691
end_time = 1682628697925111
inclusive_time = 1420
exclusive_time = 1420
process_id = p3
operationName = MongoFindUser
serviceName = user-review-service
------------------------------------------------------------------------------------
