span 0
span_id = b513f1b12b924eab
parent_id = None
start_time = 1682628697941000
end_time = 1682628697945253
inclusive_time = 4253
exclusive_time = 697
process_id = p6
operationName = /wrk2-api/review/compose
serviceName = None
------------------------------------------------------------------------------------
span 1
span_id = 0749804a01dafdde
parent_id = b513f1b12b924eab
start_time = 1682628697941697
end_time = 1682628697945253
inclusive_time = 3556
exclusive_time = 101
process_id = p6
operationName = /wrk2-api/review/compose
serviceName = None
------------------------------------------------------------------------------------
span 2
span_id = 920ab61a26fc263a
parent_id = 0749804a01dafdde
start_time = 1682628697941742
end_time = 1682628697945197
inclusive_time = 3455
exclusive_time = 287
process_id = p6
operationName = ComposeReview
serviceName = None
------------------------------------------------------------------------------------
span 3
span_id = 16d309168a8d7f0e
parent_id = 920ab61a26fc263a
start_time = 1682628697942028
end_time = 1682628697945078
inclusive_time = 3050
exclusive_time = 284
process_id = p8
operationName = UploadMovieId
serviceName = None
------------------------------------------------------------------------------------
span 4
span_id = c4be1a6856fc4006
parent_id = 16d309168a8d7f0e
start_time = 1682628697942440
end_time = 1682628697944932
inclusive_time = 2492
exclusive_time = 215
process_id = p4
operationName = UploadRating
serviceName = None
------------------------------------------------------------------------------------
span 5
span_id = 58ad3135605595e2
parent_id = c4be1a6856fc4006
start_time = 1682628697942600
end_time = 1682628697944826
inclusive_time = 2226
exclusive_time = 944
process_id = p3
operationName = UploadRating
serviceName = None
------------------------------------------------------------------------------------
span 6
span_id = a000a67063959103
parent_id = 58ad3135605595e2
start_time = 1682628697943431
end_time = 1682628697944678
inclusive_time = 1247
exclusive_time = 22
process_id = p2
operationName = UploadUserReview
serviceName = None
------------------------------------------------------------------------------------
span 7
span_id = ebba1c35be5afd5e
parent_id = a000a67063959103
start_time = 1682628697943453
end_time = 1682628697944682
inclusive_time = 1229
exclusive_time = 1229
process_id = p2
operationName = MongoFindUser
serviceName = None
------------------------------------------------------------------------------------
span 8
span_id = f79e076f058cbd3c
parent_id = 16d309168a8d7f0e
start_time = 1682628697942265
end_time = 1682628697942375
inclusive_time = 110
exclusive_time = 110
process_id = p8
operationName = MmcSetMovieId
serviceName = None
------------------------------------------------------------------------------------
span 9
span_id = 52bcabff9784d8ac
parent_id = 16d309168a8d7f0e
start_time = 1682628697942051
end_time = 1682628697942150
inclusive_time = 99
exclusive_time = 99
process_id = p8
operationName = MmcGetMovieId
serviceName = None
------------------------------------------------------------------------------------
