span 0
span_id = 11a9e6013bea5241
parent_id = None
start_time = 1682628698086000
end_time = 1682628698091035
inclusive_time = 5035
exclusive_time = 1096
process_id = p1
operationName = /wrk2-api/review/compose
serviceName = None
------------------------------------------------------------------------------------
span 1
span_id = 2d8425f384383ef0
parent_id = 11a9e6013bea5241
start_time = 1682628698087096
end_time = 1682628698091035
inclusive_time = 3939
exclusive_time = 91
process_id = p1
operationName = /wrk2-api/review/compose
serviceName = None
------------------------------------------------------------------------------------
span 2
span_id = 4ebacb11bfd74b22
parent_id = 2d8425f384383ef0
start_time = 1682628698087144
end_time = 1682628698090992
inclusive_time = 3848
exclusive_time = 677
process_id = p1
operationName = ComposeReview
serviceName = None
------------------------------------------------------------------------------------
span 3
span_id = f8a27a549686262f
parent_id = 4ebacb11bfd74b22
start_time = 1682628698087477
end_time = 1682628698090529
inclusive_time = 3052
exclusive_time = 358
process_id = p5
operationName = UploadMovieId
serviceName = None
------------------------------------------------------------------------------------
span 4
span_id = fdd7fe0a276852eb
parent_id = f8a27a549686262f
start_time = 1682628698087891
end_time = 1682628698090392
inclusive_time = 2501
exclusive_time = 289
process_id = p7
operationName = UploadRating
serviceName = None
------------------------------------------------------------------------------------
span 5
span_id = bd4cac6379a155ad
parent_id = fdd7fe0a276852eb
start_time = 1682628698088071
end_time = 1682628698090283
inclusive_time = 2212
exclusive_time = 1051
process_id = p3
operationName = UploadRating
serviceName = None
------------------------------------------------------------------------------------
span 6
span_id = ec1246f01798297e
parent_id = bd4cac6379a155ad
start_time = 1682628698089089
end_time = 1682628698090110
inclusive_time = 1021
exclusive_time = 21
process_id = p6
operationName = UploadUserReview
serviceName = None
------------------------------------------------------------------------------------
span 7
span_id = 87841e1eec5a9e88
parent_id = ec1246f01798297e
start_time = 1682628698089110
end_time = 1682628698090116
inclusive_time = 1006
exclusive_time = 1006
process_id = p6
operationName = MongoFindUser
serviceName = None
------------------------------------------------------------------------------------
span 8
span_id = eee301e5755b81b5
parent_id = f8a27a549686262f
start_time = 1682628698087748
end_time = 1682628698087844
inclusive_time = 96
exclusive_time = 96
process_id = p5
operationName = MmcSetMovieId
serviceName = None
------------------------------------------------------------------------------------
span 9
span_id = 6f5878cb0439eb85
parent_id = f8a27a549686262f
start_time = 1682628698087489
end_time = 1682628698087586
inclusive_time = 97
exclusive_time = 97
process_id = p5
operationName = MmcGetMovieId
serviceName = None
------------------------------------------------------------------------------------
