span = 0
trace_id = d86892ac5e3cdd41
span_id = d86892ac5e3cdd41
parent_id = None
start_time = 1682628698197000
end_time = 1682628698200843
inclusive_time = 3843
exclusive_time = 291
process_id = p1
operationName = /wrk2-api/review/compose
serviceName = nginx
------------------------------------------------------------------------------------
span = 1
trace_id = d86892ac5e3cdd41
span_id = 6f4c508f09ffac92
parent_id = d86892ac5e3cdd41
start_time = 1682628698197290
end_time = 1682628698200842
inclusive_time = 3552
exclusive_time = 94
process_id = p1
operationName = /wrk2-api/review/compose
serviceName = nginx
------------------------------------------------------------------------------------
span = 2
trace_id = d86892ac5e3cdd41
span_id = f9e351f81d5c14e5
parent_id = 6f4c508f09ffac92
start_time = 1682628698197322
end_time = 1682628698200780
inclusive_time = 3458
exclusive_time = 229
process_id = p1
operationName = ComposeReview
serviceName = nginx
------------------------------------------------------------------------------------
span = 3
trace_id = d86892ac5e3cdd41
span_id = d5bbc6a8a035cb3d
parent_id = f9e351f81d5c14e5
start_time = 1682628698197528
end_time = 1682628698200691
inclusive_time = 3163
exclusive_time = 401
process_id = p5
operationName = UploadMovieId
serviceName = movie-id-service
------------------------------------------------------------------------------------
span = 4
trace_id = d86892ac5e3cdd41
span_id = baffccbe9e8d4ebc
parent_id = d5bbc6a8a035cb3d
start_time = 1682628698197928
end_time = 1682628698200547
inclusive_time = 2619
exclusive_time = 241
process_id = p10
operationName = UploadRating
serviceName = rating-service
------------------------------------------------------------------------------------
span = 5
trace_id = d86892ac5e3cdd41
span_id = a893baf090c4c912
parent_id = baffccbe9e8d4ebc
start_time = 1682628698198080
end_time = 1682628698200398
inclusive_time = 2318
exclusive_time = 1146
process_id = p4
operationName = UploadRating
serviceName = compose-review-service
------------------------------------------------------------------------------------
span = 6
trace_id = d86892ac5e3cdd41
span_id = fc7e356a273b93a8
parent_id = a893baf090c4c912
start_time = 1682628698199047
end_time = 1682628698200185
inclusive_time = 1138
exclusive_time = 27
process_id = p3
operationName = UploadUserReview
serviceName = user-review-service
------------------------------------------------------------------------------------
span = 7
trace_id = d86892ac5e3cdd41
span_id = b6e2eb6c765b1776
parent_id = fc7e356a273b93a8
start_time = 1682628698199074
end_time = 1682628698200220
inclusive_time = 1146
exclusive_time = 1146
process_id = p3
operationName = MongoFindUser
serviceName = user-review-service
------------------------------------------------------------------------------------
span = 8
trace_id = d86892ac5e3cdd41
span_id = ee5c4c52bb4a580b
parent_id = d5bbc6a8a035cb3d
start_time = 1682628698197540
end_time = 1682628698197628
inclusive_time = 88
exclusive_time = 88
process_id = p5
operationName = MmcGetMovieId
serviceName = movie-id-service
------------------------------------------------------------------------------------
