span = 0
span_id = e2f568f839568749
parent_id = None
start_time = 1682628698178000
end_time = 1682628698182558
inclusive_time = 4558
exclusive_time = 524
process_id = p7
operationName = /wrk2-api/review/compose
serviceName = nginx
------------------------------------------------------------------------------------
span = 1
span_id = 5d3c05978692bebb
parent_id = e2f568f839568749
start_time = 1682628698178523
end_time = 1682628698182557
inclusive_time = 4034
exclusive_time = 106
process_id = p7
operationName = /wrk2-api/review/compose
serviceName = nginx
------------------------------------------------------------------------------------
span = 2
span_id = cdba4ddc29838ae5
parent_id = 5d3c05978692bebb
start_time = 1682628698178571
end_time = 1682628698182499
inclusive_time = 3928
exclusive_time = 375
process_id = p7
operationName = ComposeReview
serviceName = nginx
------------------------------------------------------------------------------------
span = 3
span_id = 42223c5c1127bfbb
parent_id = cdba4ddc29838ae5
start_time = 1682628698178953
end_time = 1682628698182391
inclusive_time = 3438
exclusive_time = 408
process_id = p5
operationName = UploadMovieId
serviceName = movie-id-service
------------------------------------------------------------------------------------
span = 4
span_id = b104681d1b5e05cc
parent_id = 42223c5c1127bfbb
start_time = 1682628698179358
end_time = 1682628698182256
inclusive_time = 2898
exclusive_time = 208
process_id = p10
operationName = UploadRating
serviceName = rating-service
------------------------------------------------------------------------------------
span = 5
span_id = 98ca1c6d92287618
parent_id = b104681d1b5e05cc
start_time = 1682628698179510
end_time = 1682628698182146
inclusive_time = 2636
exclusive_time = 1395
process_id = p1
operationName = UploadRating
serviceName = compose-review-service
------------------------------------------------------------------------------------
span = 6
span_id = 559634269799fbd2
parent_id = 98ca1c6d92287618
start_time = 1682628698180907
end_time = 1682628698182021
inclusive_time = 1114
exclusive_time = 36
process_id = p4
operationName = UploadUserReview
serviceName = user-review-service
------------------------------------------------------------------------------------
span = 7
span_id = c940216b7b709daf
parent_id = 559634269799fbd2
start_time = 1682628698180943
end_time = 1682628698182025
inclusive_time = 1082
exclusive_time = 1082
process_id = p4
operationName = MongoFindUser
serviceName = user-review-service
------------------------------------------------------------------------------------
span = 8
span_id = 60a9d4e21e16aa8e
parent_id = 42223c5c1127bfbb
start_time = 1682628698178970
end_time = 1682628698179054
inclusive_time = 84
exclusive_time = 84
process_id = p5
operationName = MmcGetMovieId
serviceName = movie-id-service
------------------------------------------------------------------------------------
