span 0
span_id = f3220949e248ab23
parent_id = None
start_time = 1682628698136000
end_time = 1682628698141177
inclusive_time = 5177
exclusive_time = 1511
process_id = p5
operationName = /wrk2-api/review/compose
serviceName = None
------------------------------------------------------------------------------------
span 1
span_id = 809ee02d6cc3d468
parent_id = f3220949e248ab23
start_time = 1682628698137511
end_time = 1682628698141177
inclusive_time = 3666
exclusive_time = 86
process_id = p5
operationName = /wrk2-api/review/compose
serviceName = None
------------------------------------------------------------------------------------
span 2
span_id = 1ef4b599d368b5f6
parent_id = 809ee02d6cc3d468
start_time = 1682628698137546
end_time = 1682628698141126
inclusive_time = 3580
exclusive_time = 489
process_id = p5
operationName = ComposeReview
serviceName = None
------------------------------------------------------------------------------------
span 3
span_id = d3d07f6dde75c854
parent_id = 1ef4b599d368b5f6
start_time = 1682628698137832
end_time = 1682628698140799
inclusive_time = 2967
exclusive_time = 318
process_id = p7
operationName = UploadMovieId
serviceName = None
------------------------------------------------------------------------------------
span 4
span_id = 881d44cf416bb014
parent_id = d3d07f6dde75c854
start_time = 1682628698138282
end_time = 1682628698140646
inclusive_time = 2364
exclusive_time = 197
process_id = p2
operationName = UploadRating
serviceName = None
------------------------------------------------------------------------------------
span 5
span_id = 87eb050f4407e8d5
parent_id = 881d44cf416bb014
start_time = 1682628698138500
end_time = 1682628698140551
inclusive_time = 2051
exclusive_time = 868
process_id = p3
operationName = UploadRating
serviceName = None
------------------------------------------------------------------------------------
span 6
span_id = b609b65e45a43870
parent_id = 87eb050f4407e8d5
start_time = 1682628698139273
end_time = 1682628698140433
inclusive_time = 1160
exclusive_time = 29
process_id = p1
operationName = UploadUserReview
serviceName = None
------------------------------------------------------------------------------------
span 7
span_id = 76968403b51cf5c4
parent_id = b609b65e45a43870
start_time = 1682628698139302
end_time = 1682628698140439
inclusive_time = 1137
exclusive_time = 1137
process_id = p1
operationName = MongoFindUser
serviceName = None
------------------------------------------------------------------------------------
span 8
span_id = cf751d33c506df7a
parent_id = d3d07f6dde75c854
start_time = 1682628698137843
end_time = 1682628698137965
inclusive_time = 122
exclusive_time = 122
process_id = p7
operationName = MmcGetMovieId
serviceName = None
------------------------------------------------------------------------------------
