span 0
span_id = 25f17fe03b5e12d8
parent_id = None
start_time = 1682628697863000
end_time = 1682628697868653
inclusive_time = 5653
exclusive_time = 967
process_id = p3
operationName = /wrk2-api/review/compose
serviceName = None
------------------------------------------------------------------------------------
span 1
span_id = 94073b71da5a768a
parent_id = 25f17fe03b5e12d8
start_time = 1682628697863966
end_time = 1682628697868652
inclusive_time = 4686
exclusive_time = 86
process_id = p3
operationName = /wrk2-api/review/compose
serviceName = None
------------------------------------------------------------------------------------
span 2
span_id = 84713765cad64740
parent_id = 94073b71da5a768a
start_time = 1682628697864009
end_time = 1682628697868609
inclusive_time = 4600
exclusive_time = 858
process_id = p3
operationName = ComposeReview
serviceName = None
------------------------------------------------------------------------------------
span 3
span_id = d91715bb7975134d
parent_id = 84713765cad64740
start_time = 1682628697864300
end_time = 1682628697867936
inclusive_time = 3636
exclusive_time = 481
process_id = p5
operationName = UploadMovieId
serviceName = None
------------------------------------------------------------------------------------
span 4
span_id = 80d6f81f12e37b76
parent_id = d91715bb7975134d
start_time = 1682628697865097
end_time = 1682628697867790
inclusive_time = 2693
exclusive_time = 354
process_id = p8
operationName = UploadRating
serviceName = None
------------------------------------------------------------------------------------
span 5
span_id = 5db16cf4f4892611
parent_id = 80d6f81f12e37b76
start_time = 1682628697865284
end_time = 1682628697867623
inclusive_time = 2339
exclusive_time = 1101
process_id = p4
operationName = UploadRating
serviceName = None
------------------------------------------------------------------------------------
span 6
span_id = d59681d311294291
parent_id = 5db16cf4f4892611
start_time = 1682628697866246
end_time = 1682628697867429
inclusive_time = 1183
exclusive_time = 24
process_id = p2
operationName = UploadUserReview
serviceName = None
------------------------------------------------------------------------------------
span 7
span_id = f866462a9ee4ca7d
parent_id = d59681d311294291
start_time = 1682628697866270
end_time = 1682628697867434
inclusive_time = 1164
exclusive_time = 1164
process_id = p2
operationName = MongoFindUser
serviceName = None
------------------------------------------------------------------------------------
span 8
span_id = 00aa7af80134eb6b
parent_id = d91715bb7975134d
start_time = 1682628697864651
end_time = 1682628697864764
inclusive_time = 113
exclusive_time = 113
process_id = p5
operationName = MmcSetMovieId
serviceName = None
------------------------------------------------------------------------------------
span 9
span_id = f4a233b58f6ce18b
parent_id = d91715bb7975134d
start_time = 1682628697864315
end_time = 1682628697864500
inclusive_time = 185
exclusive_time = 185
process_id = p5
operationName = MmcGetMovieId
serviceName = None
------------------------------------------------------------------------------------
