span = 0
trace_id = 436300f5cd60ceb9
span_id = 436300f5cd60ceb9
parent_id = None
start_time = 1682628698309000
end_time = 1682628698313692
inclusive_time = 4692
exclusive_time = 595
process_id = p10
operationName = /wrk2-api/review/compose
serviceName = nginx
call path = 
------------------------------------------------------------------------------------
span = 1
trace_id = 436300f5cd60ceb9
span_id = 61d891ea21a49077
parent_id = 436300f5cd60ceb9
start_time = 1682628698309594
end_time = 1682628698313691
inclusive_time = 4097
exclusive_time = 87
process_id = p10
operationName = /wrk2-api/review/compose
serviceName = nginx
call path = ->/wrk2-api/review/compose_nginx
------------------------------------------------------------------------------------
span = 2
trace_id = 436300f5cd60ceb9
span_id = f0ce7436b9e9a25f
parent_id = 61d891ea21a49077
start_time = 1682628698309638
end_time = 1682628698313648
inclusive_time = 4010
exclusive_time = 531
process_id = p10
operationName = ComposeReview
serviceName = nginx
call path = ->/wrk2-api/review/compose_nginx->/wrk2-api/review/compose_nginx
------------------------------------------------------------------------------------
span = 3
trace_id = 436300f5cd60ceb9
span_id = 5770f6807dfe8623
parent_id = f0ce7436b9e9a25f
start_time = 1682628698310333
end_time = 1682628698313460
inclusive_time = 3127
exclusive_time = 349
process_id = p7
operationName = UploadUserWithUsername
serviceName = user-service
call path = ->/wrk2-api/review/compose_nginx->/wrk2-api/review/compose_nginx->ComposeReview_nginx
------------------------------------------------------------------------------------
span = 4
trace_id = 436300f5cd60ceb9
span_id = a2554f0ce3a6efa7
parent_id = 5770f6807dfe8623
start_time = 1682628698310715
end_time = 1682628698313401
inclusive_time = 2686
exclusive_time = 1129
process_id = p2
operationName = UploadUserId
serviceName = compose-review-service
call path = ->/wrk2-api/review/compose_nginx->/wrk2-api/review/compose_nginx->ComposeReview_nginx->UploadUserWithUsername_user-service
------------------------------------------------------------------------------------
span = 5
trace_id = 436300f5cd60ceb9
span_id = e13259e644761520
parent_id = a2554f0ce3a6efa7
start_time = 1682628698311765
end_time = 1682628698313226
inclusive_time = 1461
exclusive_time = 25
process_id = p6
operationName = UploadMovieReview
serviceName = movie-review-service
call path = ->/wrk2-api/review/compose_nginx->/wrk2-api/review/compose_nginx->ComposeReview_nginx->UploadUserWithUsername_user-service->UploadUserId_compose-review-service
------------------------------------------------------------------------------------
span = 6
trace_id = 436300f5cd60ceb9
span_id = 1e3fadb690f0d827
parent_id = e13259e644761520
start_time = 1682628698311790
end_time = 1682628698313232
inclusive_time = 1442
exclusive_time = 1442
process_id = p6
operationName = MongoFindMovie
serviceName = movie-review-service
call path = ->/wrk2-api/review/compose_nginx->/wrk2-api/review/compose_nginx->ComposeReview_nginx->UploadUserWithUsername_user-service->UploadUserId_compose-review-service->UploadMovieReview_movie-review-service
------------------------------------------------------------------------------------
span = 7
trace_id = 436300f5cd60ceb9
span_id = 494a2bb45a4cddca
parent_id = 5770f6807dfe8623
start_time = 1682628698310346
end_time = 1682628698310438
inclusive_time = 92
exclusive_time = 92
process_id = p7
operationName = MmcGetUserId
serviceName = user-service
call path = ->/wrk2-api/review/compose_nginx->/wrk2-api/review/compose_nginx->ComposeReview_nginx->UploadUserWithUsername_user-service
------------------------------------------------------------------------------------
