span 0
span_id = 94a2bd1d1da3d7a0
parent_id = None
start_time = 1682628698146000
end_time = 1682628698150974
inclusive_time = 4974
exclusive_time = 911
process_id = p4
operationName = /wrk2-api/review/compose
serviceName = None
------------------------------------------------------------------------------------
span 1
span_id = 81b27a320ed2e59a
parent_id = 94a2bd1d1da3d7a0
start_time = 1682628698146911
end_time = 1682628698150974
inclusive_time = 4063
exclusive_time = 112
process_id = p4
operationName = /wrk2-api/review/compose
serviceName = None
------------------------------------------------------------------------------------
span 2
span_id = 303952e724a1f8ad
parent_id = 81b27a320ed2e59a
start_time = 1682628698146956
end_time = 1682628698150907
inclusive_time = 3951
exclusive_time = 252
process_id = p4
operationName = ComposeReview
serviceName = None
------------------------------------------------------------------------------------
span 3
span_id = 3f4edb274bc849a7
parent_id = 303952e724a1f8ad
start_time = 1682628698147240
end_time = 1682628698150822
inclusive_time = 3582
exclusive_time = 317
process_id = p7
operationName = UploadMovieId
serviceName = None
------------------------------------------------------------------------------------
span 4
span_id = bf659726897d362b
parent_id = 3f4edb274bc849a7
start_time = 1682628698147728
end_time = 1682628698150712
inclusive_time = 2984
exclusive_time = 261
process_id = p1
operationName = UploadRating
serviceName = None
------------------------------------------------------------------------------------
span 5
span_id = 3d6c582211af905b
parent_id = bf659726897d362b
start_time = 1682628698147901
end_time = 1682628698150575
inclusive_time = 2674
exclusive_time = 1495
process_id = p2
operationName = UploadRating
serviceName = None
------------------------------------------------------------------------------------
span 6
span_id = 66ce3fc4bd966f24
parent_id = 3d6c582211af905b
start_time = 1682628698149340
end_time = 1682628698150410
inclusive_time = 1070
exclusive_time = 29
process_id = p3
operationName = UploadMovieReview
serviceName = None
------------------------------------------------------------------------------------
span 7
span_id = cd1e046cabc7d6c7
parent_id = 66ce3fc4bd966f24
start_time = 1682628698149369
end_time = 1682628698150416
inclusive_time = 1047
exclusive_time = 1047
process_id = p3
operationName = MongoFindMovie
serviceName = None
------------------------------------------------------------------------------------
span 8
span_id = c0aa260e402b7357
parent_id = 3f4edb274bc849a7
start_time = 1682628698147484
end_time = 1682628698147584
inclusive_time = 100
exclusive_time = 100
process_id = p7
operationName = MmcSetMovieId
serviceName = None
------------------------------------------------------------------------------------
span 9
span_id = 95b4887e02fa1641
parent_id = 3f4edb274bc849a7
start_time = 1682628698147257
end_time = 1682628698147360
inclusive_time = 103
exclusive_time = 103
process_id = p7
operationName = MmcGetMovieId
serviceName = None
------------------------------------------------------------------------------------
