span 0
span_id = b37ca9f520305c2b
parent_id = None
start_time = 1682628698121000
end_time = 1682628698126816
inclusive_time = 5816
exclusive_time = 945
process_id = p6
operationName = /wrk2-api/review/compose
serviceName = None
------------------------------------------------------------------------------------
span 1
span_id = 4629004a7ccbb054
parent_id = b37ca9f520305c2b
start_time = 1682628698121945
end_time = 1682628698126816
inclusive_time = 4871
exclusive_time = 79
process_id = p6
operationName = /wrk2-api/review/compose
serviceName = None
------------------------------------------------------------------------------------
span 2
span_id = 322ecea107226756
parent_id = 4629004a7ccbb054
start_time = 1682628698121983
end_time = 1682628698126775
inclusive_time = 4792
exclusive_time = 649
process_id = p6
operationName = ComposeReview
serviceName = None
------------------------------------------------------------------------------------
span 3
span_id = 6ce3c538489473ff
parent_id = 322ecea107226756
start_time = 1682628698122967
end_time = 1682628698126328
inclusive_time = 3361
exclusive_time = 444
process_id = p1
operationName = UploadMovieId
serviceName = None
------------------------------------------------------------------------------------
span 4
span_id = db562c886b51de07
parent_id = 6ce3c538489473ff
start_time = 1682628698123470
end_time = 1682628698126185
inclusive_time = 2715
exclusive_time = 233
process_id = p3
operationName = UploadRating
serviceName = None
------------------------------------------------------------------------------------
span 5
span_id = 65cd612441bd0ce9
parent_id = db562c886b51de07
start_time = 1682628698123661
end_time = 1682628698126068
inclusive_time = 2407
exclusive_time = 922
process_id = p4
operationName = UploadRating
serviceName = None
------------------------------------------------------------------------------------
span 6
span_id = 33a0fdd46c721c65
parent_id = 65cd612441bd0ce9
start_time = 1682628698124660
end_time = 1682628698125960
inclusive_time = 1300
exclusive_time = 27
process_id = p5
operationName = UploadMovieReview
serviceName = None
------------------------------------------------------------------------------------
span 7
span_id = 213a944c3cd86277
parent_id = 33a0fdd46c721c65
start_time = 1682628698124687
end_time = 1682628698125966
inclusive_time = 1279
exclusive_time = 1279
process_id = p5
operationName = MongoFindMovie
serviceName = None
------------------------------------------------------------------------------------
span 8
span_id = 1b25825b37e6e6a0
parent_id = 6ce3c538489473ff
start_time = 1682628698123271
end_time = 1682628698123385
inclusive_time = 114
exclusive_time = 114
process_id = p1
operationName = MmcSetMovieId
serviceName = None
------------------------------------------------------------------------------------
span 9
span_id = 0846f110b41ec23c
parent_id = 6ce3c538489473ff
start_time = 1682628698122985
end_time = 1682628698123073
inclusive_time = 88
exclusive_time = 88
process_id = p1
operationName = MmcGetMovieId
serviceName = None
------------------------------------------------------------------------------------
