span = 0
span_id = 7a43da9aad6d2ed6
parent_id = None
start_time = 1682628698039000
end_time = 1682628698044322
inclusive_time = 5322
exclusive_time = 1121
process_id = p9
operationName = /wrk2-api/review/compose
serviceName = nginx
------------------------------------------------------------------------------------
span = 1
span_id = 4af47ced12066212
parent_id = 7a43da9aad6d2ed6
start_time = 1682628698040120
end_time = 1682628698044321
inclusive_time = 4201
exclusive_time = 121
process_id = p9
operationName = /wrk2-api/review/compose
serviceName = nginx
------------------------------------------------------------------------------------
span = 2
span_id = ff902a31d4f72090
parent_id = 4af47ced12066212
start_time = 1682628698040171
end_time = 1682628698044251
inclusive_time = 4080
exclusive_time = 1006
process_id = p9
operationName = ComposeReview
serviceName = nginx
------------------------------------------------------------------------------------
span = 3
span_id = 1f554d64393551b9
parent_id = ff902a31d4f72090
start_time = 1682628698040470
end_time = 1682628698043544
inclusive_time = 3074
exclusive_time = 310
process_id = p7
operationName = UploadMovieId
serviceName = movie-id-service
------------------------------------------------------------------------------------
span = 4
span_id = 499dce8b46b11298
parent_id = 1f554d64393551b9
start_time = 1682628698040855
end_time = 1682628698043430
inclusive_time = 2575
exclusive_time = 204
process_id = p8
operationName = UploadRating
serviceName = rating-service
------------------------------------------------------------------------------------
span = 5
span_id = 81f8a2cdcfa9838c
parent_id = 499dce8b46b11298
start_time = 1682628698041033
end_time = 1682628698043328
inclusive_time = 2295
exclusive_time = 1136
process_id = p2
operationName = UploadRating
serviceName = compose-review-service
------------------------------------------------------------------------------------
span = 6
span_id = c56d08af3aed2900
parent_id = 81f8a2cdcfa9838c
start_time = 1682628698042076
end_time = 1682628698043179
inclusive_time = 1103
exclusive_time = 29
process_id = p3
operationName = UploadUserReview
serviceName = user-review-service
------------------------------------------------------------------------------------
span = 7
span_id = 9ef6b80f3454a722
parent_id = c56d08af3aed2900
start_time = 1682628698042105
end_time = 1682628698043184
inclusive_time = 1079
exclusive_time = 1079
process_id = p3
operationName = MongoFindUser
serviceName = user-review-service
------------------------------------------------------------------------------------
span = 8
span_id = 0e77b9e520a2cdfa
parent_id = 1f554d64393551b9
start_time = 1682628698040487
end_time = 1682628698040593
inclusive_time = 106
exclusive_time = 106
process_id = p7
operationName = MmcGetMovieId
serviceName = movie-id-service
------------------------------------------------------------------------------------
