span 0
span_id = 4e5b966c7dcb648c
parent_id = None
start_time = 1682628698177000
end_time = 1682628698181972
inclusive_time = 4972
exclusive_time = 357
process_id = p3
operationName = /wrk2-api/review/compose
serviceName = None
------------------------------------------------------------------------------------
span 1
span_id = e32be16907542123
parent_id = 4e5b966c7dcb648c
start_time = 1682628698177356
end_time = 1682628698181971
inclusive_time = 4615
exclusive_time = 101
process_id = p3
operationName = /wrk2-api/review/compose
serviceName = None
------------------------------------------------------------------------------------
span 2
span_id = 739efe0f59219ea1
parent_id = e32be16907542123
start_time = 1682628698177404
end_time = 1682628698181918
inclusive_time = 4514
exclusive_time = 268
process_id = p3
operationName = ComposeReview
serviceName = None
------------------------------------------------------------------------------------
span 3
span_id = 823664dd3395b38e
parent_id = 739efe0f59219ea1
start_time = 1682628698177989
end_time = 1682628698181837
inclusive_time = 3848
exclusive_time = 1205
process_id = p9
operationName = UploadText
serviceName = None
------------------------------------------------------------------------------------
span 4
span_id = 499e88a01230a3c5
parent_id = 823664dd3395b38e
start_time = 1682628698178100
end_time = 1682628698180743
inclusive_time = 2643
exclusive_time = 1238
process_id = p1
operationName = UploadText
serviceName = None
------------------------------------------------------------------------------------
span 5
span_id = ee36f42c160b5799
parent_id = 499e88a01230a3c5
start_time = 1682628698179256
end_time = 1682628698180613
inclusive_time = 1357
exclusive_time = 25
process_id = p5
operationName = UploadUserReview
serviceName = None
------------------------------------------------------------------------------------
span 6
span_id = 33dcd0f9cff69d4d
parent_id = ee36f42c160b5799
start_time = 1682628698179281
end_time = 1682628698180618
inclusive_time = 1337
exclusive_time = 1337
process_id = p5
operationName = MongoFindUser
serviceName = None
------------------------------------------------------------------------------------
