span 0
span_id = a0c50589c8059861
parent_id = None
start_time = 1682628698203000
end_time = 1682628698207643
inclusive_time = 4643
exclusive_time = 107
process_id = p7
operationName = /wrk2-api/review/compose
serviceName = None
------------------------------------------------------------------------------------
span 1
span_id = 7066e7b118ed544a
parent_id = a0c50589c8059861
start_time = 1682628698203106
end_time = 1682628698207642
inclusive_time = 4536
exclusive_time = 107
process_id = p7
operationName = /wrk2-api/review/compose
serviceName = None
------------------------------------------------------------------------------------
span 2
span_id = 0ddf064f50a1818a
parent_id = 7066e7b118ed544a
start_time = 1682628698203162
end_time = 1682628698207591
inclusive_time = 4429
exclusive_time = 1444
process_id = p7
operationName = ComposeReview
serviceName = None
------------------------------------------------------------------------------------
span 3
span_id = e18e46df937e6f6f
parent_id = 0ddf064f50a1818a
start_time = 1682628698203484
end_time = 1682628698206352
inclusive_time = 2868
exclusive_time = 281
process_id = p4
operationName = UploadMovieId
serviceName = None
------------------------------------------------------------------------------------
span 4
span_id = c86c27fc4c715901
parent_id = e18e46df937e6f6f
start_time = 1682628698203949
end_time = 1682628698206243
inclusive_time = 2294
exclusive_time = 193
process_id = p10
operationName = UploadRating
serviceName = None
------------------------------------------------------------------------------------
span 5
span_id = 47cf0ecf78f144f1
parent_id = c86c27fc4c715901
start_time = 1682628698204112
end_time = 1682628698206145
inclusive_time = 2033
exclusive_time = 998
process_id = p3
operationName = UploadRating
serviceName = None
------------------------------------------------------------------------------------
span 6
span_id = f78c8447918e21d2
parent_id = 47cf0ecf78f144f1
start_time = 1682628698205140
end_time = 1682628698206052
inclusive_time = 912
exclusive_time = 19
process_id = p5
operationName = UploadMovieReview
serviceName = None
------------------------------------------------------------------------------------
span 7
span_id = dfc02e21ea9117bd
parent_id = f78c8447918e21d2
start_time = 1682628698205159
end_time = 1682628698206055
inclusive_time = 896
exclusive_time = 896
process_id = p5
operationName = MongoFindMovie
serviceName = None
------------------------------------------------------------------------------------
span 8
span_id = 12a6c8d6e48655e1
parent_id = e18e46df937e6f6f
start_time = 1682628698203786
end_time = 1682628698203876
inclusive_time = 90
exclusive_time = 90
process_id = p4
operationName = MmcSetMovieId
serviceName = None
------------------------------------------------------------------------------------
span 9
span_id = 0787f0b342b46e4a
parent_id = e18e46df937e6f6f
start_time = 1682628698203502
end_time = 1682628698203643
inclusive_time = 141
exclusive_time = 141
process_id = p4
operationName = MmcGetMovieId
serviceName = None
------------------------------------------------------------------------------------
