span = 0
span_id = 172770be1b8d328c
parent_id = None
start_time = 1682628698134000
end_time = 1682628698139153
inclusive_time = 5153
exclusive_time = 482
process_id = p4
operationName = /wrk2-api/review/compose
serviceName = nginx
------------------------------------------------------------------------------------
span = 1
span_id = 33fe55cdc837d349
parent_id = 172770be1b8d328c
start_time = 1682628698134482
end_time = 1682628698139153
inclusive_time = 4671
exclusive_time = 108
process_id = p4
operationName = /wrk2-api/review/compose
serviceName = nginx
------------------------------------------------------------------------------------
span = 2
span_id = c6673a22a3d4d083
parent_id = 33fe55cdc837d349
start_time = 1682628698134538
end_time = 1682628698139101
inclusive_time = 4563
exclusive_time = 1085
process_id = p4
operationName = ComposeReview
serviceName = nginx
------------------------------------------------------------------------------------
span = 3
span_id = bd97d2321bd13115
parent_id = c6673a22a3d4d083
start_time = 1682628698134877
end_time = 1682628698138249
inclusive_time = 3372
exclusive_time = 320
process_id = p1
operationName = UploadMovieId
serviceName = movie-id-service
------------------------------------------------------------------------------------
span = 4
span_id = 2582295f26c5d586
parent_id = bd97d2321bd13115
start_time = 1682628698135516
end_time = 1682628698138134
inclusive_time = 2618
exclusive_time = 433
process_id = p3
operationName = UploadRating
serviceName = rating-service
------------------------------------------------------------------------------------
span = 5
span_id = 1b768cf200b49392
parent_id = 2582295f26c5d586
start_time = 1682628698135765
end_time = 1682628698137950
inclusive_time = 2185
exclusive_time = 779
process_id = p5
operationName = UploadRating
serviceName = compose-review-service
------------------------------------------------------------------------------------
span = 6
span_id = 061b542d340155dc
parent_id = 1b768cf200b49392
start_time = 1682628698136564
end_time = 1682628698137854
inclusive_time = 1290
exclusive_time = 27
process_id = p6
operationName = UploadMovieReview
serviceName = movie-review-service
------------------------------------------------------------------------------------
span = 7
span_id = 6fd6620197a75d93
parent_id = 061b542d340155dc
start_time = 1682628698136591
end_time = 1682628698137859
inclusive_time = 1268
exclusive_time = 1268
process_id = p6
operationName = MongoFindMovie
serviceName = movie-review-service
------------------------------------------------------------------------------------
span = 8
span_id = 402ca870ef2d98ba
parent_id = bd97d2321bd13115
start_time = 1682628698135139
end_time = 1682628698135238
inclusive_time = 99
exclusive_time = 99
process_id = p1
operationName = MmcSetMovieId
serviceName = movie-id-service
------------------------------------------------------------------------------------
span = 9
span_id = bd6011d592b0de91
parent_id = bd97d2321bd13115
start_time = 1682628698134889
end_time = 1682628698134975
inclusive_time = 86
exclusive_time = 86
process_id = p1
operationName = MmcGetMovieId
serviceName = movie-id-service
------------------------------------------------------------------------------------
