span 0
span_id = 66fe93fb4672d0ab
parent_id = None
start_time = 1682628698234000
end_time = 1682628698238314
inclusive_time = 4314
exclusive_time = 858
process_id = p5
operationName = /wrk2-api/review/compose
serviceName = None
------------------------------------------------------------------------------------
span 1
span_id = 1ec792d3281327bd
parent_id = 66fe93fb4672d0ab
start_time = 1682628698234858
end_time = 1682628698238314
inclusive_time = 3456
exclusive_time = 109
process_id = p5
operationName = /wrk2-api/review/compose
serviceName = None
------------------------------------------------------------------------------------
span 2
span_id = bc43aa752af254e1
parent_id = 1ec792d3281327bd
start_time = 1682628698234903
end_time = 1682628698238250
inclusive_time = 3347
exclusive_time = 269
process_id = p5
operationName = ComposeReview
serviceName = None
------------------------------------------------------------------------------------
span 3
span_id = c459a6c1236b1752
parent_id = bc43aa752af254e1
start_time = 1682628698235446
end_time = 1682628698238175
inclusive_time = 2729
exclusive_time = 310
process_id = p7
operationName = UploadUniqueId
serviceName = None
------------------------------------------------------------------------------------
span 4
span_id = a9e30cf79d765917
parent_id = c459a6c1236b1752
start_time = 1682628698235684
end_time = 1682628698238103
inclusive_time = 2419
exclusive_time = 1154
process_id = p2
operationName = UploadUniqueId
serviceName = None
------------------------------------------------------------------------------------
span 5
span_id = 641972aa630b5aab
parent_id = a9e30cf79d765917
start_time = 1682628698236783
end_time = 1682628698237965
inclusive_time = 1182
exclusive_time = 26
process_id = p3
operationName = UploadMovieReview
serviceName = None
------------------------------------------------------------------------------------
span 6
span_id = 3bf7bb8b155af337
parent_id = 641972aa630b5aab
start_time = 1682628698236809
end_time = 1682628698237968
inclusive_time = 1159
exclusive_time = 1159
process_id = p3
operationName = MongoFindMovie
serviceName = None
------------------------------------------------------------------------------------
