span = 0
trace_id = 862675020bc993bb
span_id = 862675020bc993bb
parent_id = None
start_time = 1682628697981000
end_time = 1682628697987179
inclusive_time = 6179
exclusive_time = 322
process_id = p5
operationName = /wrk2-api/review/compose
serviceName = nginx
------------------------------------------------------------------------------------
span = 1
trace_id = 862675020bc993bb
span_id = 16d988cf22cc0485
parent_id = 862675020bc993bb
start_time = 1682628697981322
end_time = 1682628697987179
inclusive_time = 5857
exclusive_time = 111
process_id = p5
operationName = /wrk2-api/review/compose
serviceName = nginx
------------------------------------------------------------------------------------
span = 2
trace_id = 862675020bc993bb
span_id = bb0c28647dde91dd
parent_id = 16d988cf22cc0485
start_time = 1682628697981363
end_time = 1682628697987109
inclusive_time = 5746
exclusive_time = 291
process_id = p5
operationName = ComposeReview
serviceName = nginx
------------------------------------------------------------------------------------
span = 3
trace_id = 862675020bc993bb
span_id = 601f5b98dab6292f
parent_id = bb0c28647dde91dd
start_time = 1682628697981709
end_time = 1682628697987016
inclusive_time = 5307
exclusive_time = 445
process_id = p4
operationName = UploadMovieId
serviceName = movie-id-service
------------------------------------------------------------------------------------
span = 4
trace_id = 862675020bc993bb
span_id = 60328d08429ad378
parent_id = 601f5b98dab6292f
start_time = 1682628697982268
end_time = 1682628697986912
inclusive_time = 4644
exclusive_time = 1677
process_id = p1
operationName = UploadRating
serviceName = rating-service
------------------------------------------------------------------------------------
span = 5
trace_id = 862675020bc993bb
span_id = 1582ca16477aaeb9
parent_id = 60328d08429ad378
start_time = 1682628697983932
end_time = 1682628697986765
inclusive_time = 2833
exclusive_time = 1147
process_id = p7
operationName = UploadRating
serviceName = compose-review-service
------------------------------------------------------------------------------------
span = 6
trace_id = 862675020bc993bb
span_id = 9f35118b5611f0d0
parent_id = 1582ca16477aaeb9
start_time = 1682628697985309
end_time = 1682628697986498
inclusive_time = 1189
exclusive_time = 19
process_id = p3
operationName = UploadMovieReview
serviceName = movie-review-service
------------------------------------------------------------------------------------
span = 7
trace_id = 862675020bc993bb
span_id = c4d78db34aa807fa
parent_id = 9f35118b5611f0d0
start_time = 1682628697985328
end_time = 1682628697986503
inclusive_time = 1175
exclusive_time = 1175
process_id = p3
operationName = MongoFindMovie
serviceName = movie-review-service
------------------------------------------------------------------------------------
span = 8
trace_id = 862675020bc993bb
span_id = 940d74698775931e
parent_id = 1582ca16477aaeb9
start_time = 1682628697984812
end_time = 1682628697985167
inclusive_time = 355
exclusive_time = 40
process_id = p6
operationName = StoreReview
serviceName = review-storage-service
------------------------------------------------------------------------------------
span = 9
trace_id = 862675020bc993bb
span_id = 1e779894c053a6f8
parent_id = 940d74698775931e
start_time = 1682628697984840
end_time = 1682628697985155
inclusive_time = 315
exclusive_time = 315
process_id = p6
operationName = MongoInsertReview
serviceName = review-storage-service
------------------------------------------------------------------------------------
span = 10
trace_id = 862675020bc993bb
span_id = 6a3f05672ebb44ce
parent_id = 601f5b98dab6292f
start_time = 1682628697982003
end_time = 1682628697982100
inclusive_time = 97
exclusive_time = 97
process_id = p4
operationName = MmcSetMovieId
serviceName = movie-id-service
------------------------------------------------------------------------------------
span = 11
trace_id = 862675020bc993bb
span_id = 989fff1f424405a5
parent_id = 601f5b98dab6292f
start_time = 1682628697981722
end_time = 1682628697981813
inclusive_time = 91
exclusive_time = 91
process_id = p4
operationName = MmcGetMovieId
serviceName = movie-id-service
------------------------------------------------------------------------------------
