span = 0
trace_id = 2048ff4813caf5dc
span_id = 2048ff4813caf5dc
parent_id = None
start_time = 1682628697912000
end_time = 1682628697917405
inclusive_time = 5405
exclusive_time = 745
process_id = p1
operationName = /wrk2-api/review/compose
serviceName = nginx
call path = 
------------------------------------------------------------------------------------
span = 1
trace_id = 2048ff4813caf5dc
span_id = bf25c6a873121908
parent_id = 2048ff4813caf5dc
start_time = 1682628697912745
end_time = 1682628697917405
inclusive_time = 4660
exclusive_time = 96
process_id = p1
operationName = /wrk2-api/review/compose
serviceName = nginx
call path = ->/wrk2-api/review/compose_nginx
------------------------------------------------------------------------------------
span = 2
trace_id = 2048ff4813caf5dc
span_id = c34384f9226a7310
parent_id = bf25c6a873121908
start_time = 1682628697912782
end_time = 1682628697917346
inclusive_time = 4564
exclusive_time = 645
process_id = p1
operationName = ComposeReview
serviceName = nginx
call path = ->/wrk2-api/review/compose_nginx->/wrk2-api/review/compose_nginx
------------------------------------------------------------------------------------
span = 3
trace_id = 2048ff4813caf5dc
span_id = 5dcec833a39ca2c0
parent_id = c34384f9226a7310
start_time = 1682628697913058
end_time = 1682628697916875
inclusive_time = 3817
exclusive_time = 442
process_id = p8
operationName = UploadMovieId
serviceName = movie-id-service
call path = ->/wrk2-api/review/compose_nginx->/wrk2-api/review/compose_nginx->ComposeReview_nginx
------------------------------------------------------------------------------------
span = 4
trace_id = 2048ff4813caf5dc
span_id = f308ac8b9e96da60
parent_id = 5dcec833a39ca2c0
start_time = 1682628697913700
end_time = 1682628697916704
inclusive_time = 3004
exclusive_time = 349
process_id = p6
operationName = UploadRating
serviceName = rating-service
call path = ->/wrk2-api/review/compose_nginx->/wrk2-api/review/compose_nginx->ComposeReview_nginx->UploadMovieId_movie-id-service
------------------------------------------------------------------------------------
span = 5
trace_id = 2048ff4813caf5dc
span_id = cfeff7ec98e8ec40
parent_id = f308ac8b9e96da60
start_time = 1682628697913925
end_time = 1682628697916580
inclusive_time = 2655
exclusive_time = 1280
process_id = p5
operationName = UploadRating
serviceName = compose-review-service
call path = ->/wrk2-api/review/compose_nginx->/wrk2-api/review/compose_nginx->ComposeReview_nginx->UploadMovieId_movie-id-service->UploadRating_rating-service
------------------------------------------------------------------------------------
span = 6
trace_id = 2048ff4813caf5dc
span_id = 5131e165f053f913
parent_id = cfeff7ec98e8ec40
start_time = 1682628697915167
end_time = 1682628697916305
inclusive_time = 1138
exclusive_time = 33
process_id = p2
operationName = UploadMovieReview
serviceName = movie-review-service
call path = ->/wrk2-api/review/compose_nginx->/wrk2-api/review/compose_nginx->ComposeReview_nginx->UploadMovieId_movie-id-service->UploadRating_rating-service->UploadRating_compose-review-service
------------------------------------------------------------------------------------
span = 7
trace_id = 2048ff4813caf5dc
span_id = ac2fa79584009717
parent_id = 5131e165f053f913
start_time = 1682628697915200
end_time = 1682628697916310
inclusive_time = 1110
exclusive_time = 1110
process_id = p2
operationName = MongoFindMovie
serviceName = movie-review-service
call path = ->/wrk2-api/review/compose_nginx->/wrk2-api/review/compose_nginx->ComposeReview_nginx->UploadMovieId_movie-id-service->UploadRating_rating-service->UploadRating_compose-review-service->UploadMovieReview_movie-review-service
------------------------------------------------------------------------------------
span = 8
trace_id = 2048ff4813caf5dc
span_id = 7584b31de71c8bb3
parent_id = 5dcec833a39ca2c0
start_time = 1682628697913454
end_time = 1682628697913557
inclusive_time = 103
exclusive_time = 103
process_id = p8
operationName = MmcSetMovieId
serviceName = movie-id-service
call path = ->/wrk2-api/review/compose_nginx->/wrk2-api/review/compose_nginx->ComposeReview_nginx->UploadMovieId_movie-id-service
------------------------------------------------------------------------------------
span = 9
trace_id = 2048ff4813caf5dc
span_id = d6986b728ecabc40
parent_id = 5dcec833a39ca2c0
start_time = 1682628697913081
end_time = 1682628697913206
inclusive_time = 125
exclusive_time = 125
process_id = p8
operationName = MmcGetMovieId
serviceName = movie-id-service
call path = ->/wrk2-api/review/compose_nginx->/wrk2-api/review/compose_nginx->ComposeReview_nginx->UploadMovieId_movie-id-service
------------------------------------------------------------------------------------
