span 0
span_id = 6b1707b1d5e478e8
parent_id = None
start_time = 1682628698171000
end_time = 1682628698175579
inclusive_time = 4579
exclusive_time = 797
process_id = p3
operationName = /wrk2-api/review/compose
serviceName = None
------------------------------------------------------------------------------------
span 1
span_id = 0bb28838587ebbf7
parent_id = 6b1707b1d5e478e8
start_time = 1682628698171797
end_time = 1682628698175579
inclusive_time = 3782
exclusive_time = 120
process_id = p3
operationName = /wrk2-api/review/compose
serviceName = None
------------------------------------------------------------------------------------
span 2
span_id = bf423d6d4c953308
parent_id = 0bb28838587ebbf7
start_time = 1682628698171852
end_time = 1682628698175514
inclusive_time = 3662
exclusive_time = 669
process_id = p3
operationName = ComposeReview
serviceName = None
------------------------------------------------------------------------------------
span 3
span_id = 67dffb7aa605e5ab
parent_id = bf423d6d4c953308
start_time = 1682628698172144
end_time = 1682628698175053
inclusive_time = 2909
exclusive_time = 392
process_id = p6
operationName = UploadMovieId
serviceName = None
------------------------------------------------------------------------------------
span 4
span_id = 71a5f4cad6273269
parent_id = 67dffb7aa605e5ab
start_time = 1682628698172612
end_time = 1682628698174861
inclusive_time = 2249
exclusive_time = 211
process_id = p10
operationName = UploadRating
serviceName = None
------------------------------------------------------------------------------------
span 5
span_id = 7d341487342c476f
parent_id = 71a5f4cad6273269
start_time = 1682628698172758
end_time = 1682628698174752
inclusive_time = 1994
exclusive_time = 864
process_id = p1
operationName = UploadRating
serviceName = None
------------------------------------------------------------------------------------
span 6
span_id = 5b6ebd31a4d1e0db
parent_id = 7d341487342c476f
start_time = 1682628698173575
end_time = 1682628698174631
inclusive_time = 1056
exclusive_time = 25
process_id = p2
operationName = UploadMovieReview
serviceName = None
------------------------------------------------------------------------------------
span 7
span_id = 31231a0a8e4c44d3
parent_id = 5b6ebd31a4d1e0db
start_time = 1682628698173600
end_time = 1682628698174633
inclusive_time = 1033
exclusive_time = 1033
process_id = p2
operationName = MongoFindMovie
serviceName = None
------------------------------------------------------------------------------------
span 8
span_id = 431dc38a0352c845
parent_id = 67dffb7aa605e5ab
start_time = 1682628698172438
end_time = 1682628698172543
inclusive_time = 105
exclusive_time = 105
process_id = p6
operationName = MmcSetMovieId
serviceName = None
------------------------------------------------------------------------------------
span 9
span_id = 6d386705caf3d05b
parent_id = 67dffb7aa605e5ab
start_time = 1682628698172161
end_time = 1682628698172255
inclusive_time = 94
exclusive_time = 94
process_id = p6
operationName = MmcGetMovieId
serviceName = None
------------------------------------------------------------------------------------
