span 0
span_id = 1bdbd3a102539ce9
parent_id = None
start_time = 1682628698025000
end_time = 1682628698029472
inclusive_time = 4472
exclusive_time = 663
process_id = p5
operationName = /wrk2-api/review/compose
serviceName = None
------------------------------------------------------------------------------------
span 1
span_id = 6c87cbbdde66517e
parent_id = 1bdbd3a102539ce9
start_time = 1682628698025663
end_time = 1682628698029472
inclusive_time = 3809
exclusive_time = 109
process_id = p5
operationName = /wrk2-api/review/compose
serviceName = None
------------------------------------------------------------------------------------
span 2
span_id = 4da9845fdc19e618
parent_id = 6c87cbbdde66517e
start_time = 1682628698025714
end_time = 1682628698029414
inclusive_time = 3700
exclusive_time = 306
process_id = p5
operationName = ComposeReview
serviceName = None
------------------------------------------------------------------------------------
span 3
span_id = 936e5d39d9387a6d
parent_id = 4da9845fdc19e618
start_time = 1682628698026043
end_time = 1682628698029328
inclusive_time = 3285
exclusive_time = 288
process_id = p8
operationName = UploadMovieId
serviceName = None
------------------------------------------------------------------------------------
span 4
span_id = dc8a8a36ee5d3617
parent_id = 936e5d39d9387a6d
start_time = 1682628698026481
end_time = 1682628698029208
inclusive_time = 2727
exclusive_time = 1591
process_id = p2
operationName = UploadMovieId
serviceName = None
------------------------------------------------------------------------------------
span 5
span_id = c1e5026d7f6f5fff
parent_id = dc8a8a36ee5d3617
start_time = 1682628698028002
end_time = 1682628698029037
inclusive_time = 1035
exclusive_time = 17
process_id = p6
operationName = UploadMovieReview
serviceName = None
------------------------------------------------------------------------------------
span 6
span_id = f2c5ff629b008cd3
parent_id = c1e5026d7f6f5fff
start_time = 1682628698028019
end_time = 1682628698029041
inclusive_time = 1022
exclusive_time = 1022
process_id = p6
operationName = MongoFindMovie
serviceName = None
------------------------------------------------------------------------------------
span 7
span_id = f52ab414734f275b
parent_id = 936e5d39d9387a6d
start_time = 1682628698026060
end_time = 1682628698026170
inclusive_time = 110
exclusive_time = 110
process_id = p8
operationName = MmcGetMovieId
serviceName = None
------------------------------------------------------------------------------------
