span 0
span_id = 2bd9d9727dc8f787
parent_id = None
start_time = 1682628698219000
end_time = 1682628698222764
inclusive_time = 3764
exclusive_time = 212
process_id = p6
operationName = /wrk2-api/review/compose
serviceName = None
------------------------------------------------------------------------------------
span 1
span_id = dd7d879d769402e7
parent_id = 2bd9d9727dc8f787
start_time = 1682628698219211
end_time = 1682628698222763
inclusive_time = 3552
exclusive_time = 144
process_id = p6
operationName = /wrk2-api/review/compose
serviceName = None
------------------------------------------------------------------------------------
span 2
span_id = 09591433d3bf899e
parent_id = dd7d879d769402e7
start_time = 1682628698219250
end_time = 1682628698222658
inclusive_time = 3408
exclusive_time = 426
process_id = p6
operationName = ComposeReview
serviceName = None
------------------------------------------------------------------------------------
span 3
span_id = d59d6724cb3a43b2
parent_id = 09591433d3bf899e
start_time = 1682628698219563
end_time = 1682628698222443
inclusive_time = 2880
exclusive_time = 338
process_id = p2
operationName = UploadMovieId
serviceName = None
------------------------------------------------------------------------------------
span 4
span_id = fcd0d6c006aa783c
parent_id = d59d6724cb3a43b2
start_time = 1682628698219997
end_time = 1682628698222318
inclusive_time = 2321
exclusive_time = 199
process_id = p10
operationName = UploadRating
serviceName = None
------------------------------------------------------------------------------------
span 5
span_id = 7deff8a8b7a2028e
parent_id = fcd0d6c006aa783c
start_time = 1682628698220128
end_time = 1682628698222216
inclusive_time = 2088
exclusive_time = 719
process_id = p3
operationName = UploadRating
serviceName = None
------------------------------------------------------------------------------------
span 6
span_id = 8ce80d9a55a02157
parent_id = 7deff8a8b7a2028e
start_time = 1682628698220967
end_time = 1682628698222091
inclusive_time = 1124
exclusive_time = 29
process_id = p4
operationName = UploadMovieReview
serviceName = None
------------------------------------------------------------------------------------
span 7
span_id = d05d653c7438c7d1
parent_id = 8ce80d9a55a02157
start_time = 1682628698220996
end_time = 1682628698222096
inclusive_time = 1100
exclusive_time = 1100
process_id = p4
operationName = MongoFindMovie
serviceName = None
------------------------------------------------------------------------------------
span 8
span_id = 0e328011f691e9fe
parent_id = d59d6724cb3a43b2
start_time = 1682628698219846
end_time = 1682628698219941
inclusive_time = 95
exclusive_time = 95
process_id = p2
operationName = MmcSetMovieId
serviceName = None
------------------------------------------------------------------------------------
span 9
span_id = 93362512b3b41633
parent_id = d59d6724cb3a43b2
start_time = 1682628698219590
end_time = 1682628698219688
inclusive_time = 98
exclusive_time = 98
process_id = p2
operationName = MmcGetMovieId
serviceName = None
------------------------------------------------------------------------------------
