span 0
span_id = 116d35a8543f2195
parent_id = None
start_time = 1682628698291000
end_time = 1682628698295976
inclusive_time = 4976
exclusive_time = 563
process_id = p1
operationName = /wrk2-api/review/compose
serviceName = None
------------------------------------------------------------------------------------
span 1
span_id = e9d19a507c319eae
parent_id = 116d35a8543f2195
start_time = 1682628698291563
end_time = 1682628698295976
inclusive_time = 4413
exclusive_time = 102
process_id = p1
operationName = /wrk2-api/review/compose
serviceName = None
------------------------------------------------------------------------------------
span 2
span_id = 6de6884c31a7e6fc
parent_id = e9d19a507c319eae
start_time = 1682628698291620
end_time = 1682628698295931
inclusive_time = 4311
exclusive_time = 276
process_id = p1
operationName = ComposeReview
serviceName = None
------------------------------------------------------------------------------------
span 3
span_id = 0383496868d59edf
parent_id = 6de6884c31a7e6fc
start_time = 1682628698291915
end_time = 1682628698295853
inclusive_time = 3938
exclusive_time = 351
process_id = p4
operationName = UploadMovieId
serviceName = None
------------------------------------------------------------------------------------
span 4
span_id = cfd0178f8adac3ae
parent_id = 0383496868d59edf
start_time = 1682628698292382
end_time = 1682628698295707
inclusive_time = 3325
exclusive_time = 232
process_id = p10
operationName = UploadRating
serviceName = None
------------------------------------------------------------------------------------
span 5
span_id = 012846bf40aa84a1
parent_id = cfd0178f8adac3ae
start_time = 1682628698292692
end_time = 1682628698295600
inclusive_time = 2908
exclusive_time = 1359
process_id = p3
operationName = UploadRating
serviceName = None
------------------------------------------------------------------------------------
span 6
span_id = 57c2fd40ca8ac67c
parent_id = 012846bf40aa84a1
start_time = 1682628698293826
end_time = 1682628698295369
inclusive_time = 1543
exclusive_time = 27
process_id = p7
operationName = UploadMovieReview
serviceName = None
------------------------------------------------------------------------------------
span 7
span_id = 817ecf291b919ca2
parent_id = 57c2fd40ca8ac67c
start_time = 1682628698293853
end_time = 1682628698295429
inclusive_time = 1576
exclusive_time = 1576
process_id = p7
operationName = MongoFindMovie
serviceName = None
------------------------------------------------------------------------------------
span 8
span_id = f6ac142a1b9eb8fe
parent_id = 0383496868d59edf
start_time = 1682628698292185
end_time = 1682628698292291
inclusive_time = 106
exclusive_time = 106
process_id = p4
operationName = MmcSetMovieId
serviceName = None
------------------------------------------------------------------------------------
span 9
span_id = 7280dd2d8cd0bfd4
parent_id = 0383496868d59edf
start_time = 1682628698291927
end_time = 1682628698292037
inclusive_time = 110
exclusive_time = 110
process_id = p4
operationName = MmcGetMovieId
serviceName = None
------------------------------------------------------------------------------------
