span = 0
trace_id = 194ae864a024b3e8
span_id = 194ae864a024b3e8
parent_id = None
start_time = 1682628697893000
end_time = 1682628697898093
inclusive_time = 5093
exclusive_time = 632
process_id = p3
operationName = /wrk2-api/review/compose
serviceName = nginx
------------------------------------------------------------------------------------
span = 1
trace_id = 194ae864a024b3e8
span_id = e6ce20fc90094bd5
parent_id = 194ae864a024b3e8
start_time = 1682628697893632
end_time = 1682628697898093
inclusive_time = 4461
exclusive_time = 90
process_id = p3
operationName = /wrk2-api/review/compose
serviceName = nginx
------------------------------------------------------------------------------------
span = 2
trace_id = 194ae864a024b3e8
span_id = 891a35298a3c89d2
parent_id = e6ce20fc90094bd5
start_time = 1682628697893674
end_time = 1682628697898045
inclusive_time = 4371
exclusive_time = 308
process_id = p3
operationName = ComposeReview
serviceName = nginx
------------------------------------------------------------------------------------
span = 3
trace_id = 194ae864a024b3e8
span_id = 43fee16652d14433
parent_id = 891a35298a3c89d2
start_time = 1682628697894230
end_time = 1682628697897932
inclusive_time = 3702
exclusive_time = 277
process_id = p10
operationName = UploadUniqueId
serviceName = unique-id-service
------------------------------------------------------------------------------------
span = 4
trace_id = 194ae864a024b3e8
span_id = a8f4602a0ff132b3
parent_id = 43fee16652d14433
start_time = 1682628697894419
end_time = 1682628697897844
inclusive_time = 3425
exclusive_time = 1926
process_id = p1
operationName = UploadUniqueId
serviceName = compose-review-service
------------------------------------------------------------------------------------
span = 5
trace_id = 194ae864a024b3e8
span_id = 01000754a54ccea6
parent_id = a8f4602a0ff132b3
start_time = 1682628697896486
end_time = 1682628697897590
inclusive_time = 1104
exclusive_time = 36
process_id = p4
operationName = UploadMovieReview
serviceName = movie-review-service
------------------------------------------------------------------------------------
span = 6
trace_id = 194ae864a024b3e8
span_id = a33d6105a90a6737
parent_id = 01000754a54ccea6
start_time = 1682628697896522
end_time = 1682628697897594
inclusive_time = 1072
exclusive_time = 1072
process_id = p4
operationName = MongoFindMovie
serviceName = movie-review-service
------------------------------------------------------------------------------------
span = 7
trace_id = 194ae864a024b3e8
span_id = 6becd820e7b89184
parent_id = a8f4602a0ff132b3
start_time = 1682628697896091
end_time = 1682628697896422
inclusive_time = 331
exclusive_time = 44
process_id = p9
operationName = StoreReview
serviceName = review-storage-service
------------------------------------------------------------------------------------
span = 8
trace_id = 194ae864a024b3e8
span_id = 5428795404faa6c8
parent_id = 6becd820e7b89184
start_time = 1682628697896119
end_time = 1682628697896406
inclusive_time = 287
exclusive_time = 287
process_id = p9
operationName = MongoInsertReview
serviceName = review-storage-service
------------------------------------------------------------------------------------
