span = 0
trace_id = 94acd369009a1f95
span_id = 94acd369009a1f95
parent_id = None
start_time = 1682628697957000
end_time = 1682628697961688
inclusive_time = 4688
exclusive_time = 465
process_id = p6
operationName = /wrk2-api/review/compose
serviceName = nginx
call path = 
------------------------------------------------------------------------------------
span = 1
trace_id = 94acd369009a1f95
span_id = 6fc0ff846ee749a5
parent_id = 94acd369009a1f95
start_time = 1682628697957465
end_time = 1682628697961688
inclusive_time = 4223
exclusive_time = 81
process_id = p6
operationName = /wrk2-api/review/compose
serviceName = nginx
call path = ->/wrk2-api/review/compose_nginx
------------------------------------------------------------------------------------
span = 2
trace_id = 94acd369009a1f95
span_id = 1fa5482b35dc590d
parent_id = 6fc0ff846ee749a5
start_time = 1682628697957505
end_time = 1682628697961647
inclusive_time = 4142
exclusive_time = 297
process_id = p6
operationName = ComposeReview
serviceName = nginx
call path = ->/wrk2-api/review/compose_nginx->/wrk2-api/review/compose_nginx
------------------------------------------------------------------------------------
span = 3
trace_id = 94acd369009a1f95
span_id = f639e01c683069e9
parent_id = 1fa5482b35dc590d
start_time = 1682628697957822
end_time = 1682628697961507
inclusive_time = 3685
exclusive_time = 567
process_id = p8
operationName = UploadMovieId
serviceName = movie-id-service
call path = ->/wrk2-api/review/compose_nginx->/wrk2-api/review/compose_nginx->ComposeReview_nginx
------------------------------------------------------------------------------------
span = 4
trace_id = 94acd369009a1f95
span_id = c9446563a3955ce7
parent_id = f639e01c683069e9
start_time = 1682628697958560
end_time = 1682628697961333
inclusive_time = 2773
exclusive_time = 295
process_id = p4
operationName = UploadRating
serviceName = rating-service
call path = ->/wrk2-api/review/compose_nginx->/wrk2-api/review/compose_nginx->ComposeReview_nginx->UploadMovieId_movie-id-service
------------------------------------------------------------------------------------
span = 5
trace_id = 94acd369009a1f95
span_id = c829cfe9dbbf09bd
parent_id = c9446563a3955ce7
start_time = 1682628697958792
end_time = 1682628697961176
inclusive_time = 2384
exclusive_time = 1073
process_id = p3
operationName = UploadRating
serviceName = compose-review-service
call path = ->/wrk2-api/review/compose_nginx->/wrk2-api/review/compose_nginx->ComposeReview_nginx->UploadMovieId_movie-id-service->UploadRating_rating-service
------------------------------------------------------------------------------------
span = 6
trace_id = 94acd369009a1f95
span_id = acb2bb6f4d3279db
parent_id = c829cfe9dbbf09bd
start_time = 1682628697959776
end_time = 1682628697961051
inclusive_time = 1275
exclusive_time = 19
process_id = p2
operationName = UploadUserReview
serviceName = user-review-service
call path = ->/wrk2-api/review/compose_nginx->/wrk2-api/review/compose_nginx->ComposeReview_nginx->UploadMovieId_movie-id-service->UploadRating_rating-service->UploadRating_compose-review-service
------------------------------------------------------------------------------------
span = 7
trace_id = 94acd369009a1f95
span_id = 8c35615e9ac1b8b1
parent_id = acb2bb6f4d3279db
start_time = 1682628697959795
end_time = 1682628697961054
inclusive_time = 1259
exclusive_time = 1259
process_id = p2
operationName = MongoFindUser
serviceName = user-review-service
call path = ->/wrk2-api/review/compose_nginx->/wrk2-api/review/compose_nginx->ComposeReview_nginx->UploadMovieId_movie-id-service->UploadRating_rating-service->UploadRating_compose-review-service->UploadUserReview_user-review-service
------------------------------------------------------------------------------------
span = 8
trace_id = 94acd369009a1f95
span_id = 867241b4fbf9fe14
parent_id = f639e01c683069e9
start_time = 1682628697958312
end_time = 1682628697958405
inclusive_time = 93
exclusive_time = 93
process_id = p8
operationName = MmcSetMovieId
serviceName = movie-id-service
call path = ->/wrk2-api/review/compose_nginx->/wrk2-api/review/compose_nginx->ComposeReview_nginx->UploadMovieId_movie-id-service
------------------------------------------------------------------------------------
span = 9
trace_id = 94acd369009a1f95
span_id = fcf790a622a716b6
parent_id = f639e01c683069e9
start_time = 1682628697957844
end_time = 1682628697957941
inclusive_time = 97
exclusive_time = 97
process_id = p8
operationName = MmcGetMovieId
serviceName = movie-id-service
call path = ->/wrk2-api/review/compose_nginx->/wrk2-api/review/compose_nginx->ComposeReview_nginx->UploadMovieId_movie-id-service
------------------------------------------------------------------------------------
