span 0
span_id = 122b566750d62499
parent_id = None
start_time = 1682628698063000
end_time = 1682628698068093
inclusive_time = 5093
exclusive_time = 1365
process_id = p7
operationName = /wrk2-api/review/compose
serviceName = None
------------------------------------------------------------------------------------
span 1
span_id = 6cbb5f4886f71ac0
parent_id = 122b566750d62499
start_time = 1682628698064365
end_time = 1682628698068093
inclusive_time = 3728
exclusive_time = 84
process_id = p7
operationName = /wrk2-api/review/compose
serviceName = None
------------------------------------------------------------------------------------
span 2
span_id = 7cbc2e4d5296088f
parent_id = 6cbb5f4886f71ac0
start_time = 1682628698064408
end_time = 1682628698068052
inclusive_time = 3644
exclusive_time = 256
process_id = p7
operationName = ComposeReview
serviceName = None
------------------------------------------------------------------------------------
span 3
span_id = 68be10b2dc6fa012
parent_id = 7cbc2e4d5296088f
start_time = 1682628698064811
end_time = 1682628698067974
inclusive_time = 3163
exclusive_time = 314
process_id = p4
operationName = UploadMovieId
serviceName = None
------------------------------------------------------------------------------------
span 4
span_id = 539bae926e6a6847
parent_id = 68be10b2dc6fa012
start_time = 1682628698065259
end_time = 1682628698067863
inclusive_time = 2604
exclusive_time = 191
process_id = p6
operationName = UploadRating
serviceName = None
------------------------------------------------------------------------------------
span 5
span_id = 461feb4312e87fb6
parent_id = 539bae926e6a6847
start_time = 1682628698065441
end_time = 1682628698067760
inclusive_time = 2319
exclusive_time = 935
process_id = p2
operationName = UploadRating
serviceName = None
------------------------------------------------------------------------------------
span 6
span_id = 0f0e468a3ec5ef66
parent_id = 461feb4312e87fb6
start_time = 1682628698066454
end_time = 1682628698067655
inclusive_time = 1201
exclusive_time = 23
process_id = p1
operationName = UploadMovieReview
serviceName = None
------------------------------------------------------------------------------------
span 7
span_id = 3b0d0e53337f08bb
parent_id = 0f0e468a3ec5ef66
start_time = 1682628698066477
end_time = 1682628698067658
inclusive_time = 1181
exclusive_time = 1181
process_id = p1
operationName = MongoFindMovie
serviceName = None
------------------------------------------------------------------------------------
span 8
span_id = d6f3d14b2668461c
parent_id = 68be10b2dc6fa012
start_time = 1682628698065079
end_time = 1682628698065206
inclusive_time = 127
exclusive_time = 127
process_id = p4
operationName = MmcSetMovieId
serviceName = None
------------------------------------------------------------------------------------
span 9
span_id = d15aad666b5e0618
parent_id = 68be10b2dc6fa012
start_time = 1682628698064829
end_time = 1682628698064909
inclusive_time = 80
exclusive_time = 80
process_id = p4
operationName = MmcGetMovieId
serviceName = None
------------------------------------------------------------------------------------
