span 0
span_id = 01e36ca9d11b2103
parent_id = None
start_time = 1682628698323000
end_time = 1682628698328092
inclusive_time = 5092
exclusive_time = 977
process_id = p10
operationName = /wrk2-api/review/compose
serviceName = None
------------------------------------------------------------------------------------
span 1
span_id = 253cc168ee2e8922
parent_id = 01e36ca9d11b2103
start_time = 1682628698323977
end_time = 1682628698328092
inclusive_time = 4115
exclusive_time = 94
process_id = p10
operationName = /wrk2-api/review/compose
serviceName = None
------------------------------------------------------------------------------------
span 2
span_id = 5a025bc0f7b0c6ca
parent_id = 253cc168ee2e8922
start_time = 1682628698324021
end_time = 1682628698328042
inclusive_time = 4021
exclusive_time = 442
process_id = p10
operationName = ComposeReview
serviceName = None
------------------------------------------------------------------------------------
span 3
span_id = e325bdf315e159c0
parent_id = 5a025bc0f7b0c6ca
start_time = 1682628698324322
end_time = 1682628698327773
inclusive_time = 3451
exclusive_time = 368
process_id = p1
operationName = UploadMovieId
serviceName = None
------------------------------------------------------------------------------------
span 4
span_id = 0da50353d583c778
parent_id = e325bdf315e159c0
start_time = 1682628698324791
end_time = 1682628698327635
inclusive_time = 2844
exclusive_time = 234
process_id = p9
operationName = UploadRating
serviceName = None
------------------------------------------------------------------------------------
span 5
span_id = 5cd685235b89f2e9
parent_id = 0da50353d583c778
start_time = 1682628698324985
end_time = 1682628698327514
inclusive_time = 2529
exclusive_time = 1287
process_id = p2
operationName = UploadRating
serviceName = None
------------------------------------------------------------------------------------
span 6
span_id = d9ac65801bc43718
parent_id = 5cd685235b89f2e9
start_time = 1682628698326144
end_time = 1682628698327386
inclusive_time = 1242
exclusive_time = 17
process_id = p6
operationName = UploadUserReview
serviceName = None
------------------------------------------------------------------------------------
span 7
span_id = c72d695941c36b9e
parent_id = d9ac65801bc43718
start_time = 1682628698326161
end_time = 1682628698327389
inclusive_time = 1228
exclusive_time = 1228
process_id = p6
operationName = MongoFindUser
serviceName = None
------------------------------------------------------------------------------------
span 8
span_id = 992c096dbd8f7fe2
parent_id = e325bdf315e159c0
start_time = 1682628698324610
end_time = 1682628698324740
inclusive_time = 130
exclusive_time = 130
process_id = p1
operationName = MmcSetMovieId
serviceName = None
------------------------------------------------------------------------------------
span 9
span_id = de7351e1251a4402
parent_id = e325bdf315e159c0
start_time = 1682628698324338
end_time = 1682628698324445
inclusive_time = 107
exclusive_time = 107
process_id = p1
operationName = MmcGetMovieId
serviceName = None
------------------------------------------------------------------------------------
