span = 0
span_id = 99e71ce51a7dca09
parent_id = None
start_time = 1682628697995000
end_time = 1682628698001389
inclusive_time = 6389
exclusive_time = 837
process_id = p3
operationName = /wrk2-api/review/compose
serviceName = nginx
------------------------------------------------------------------------------------
span = 1
span_id = e03e3ab6236f44fa
parent_id = 99e71ce51a7dca09
start_time = 1682628697995837
end_time = 1682628698001389
inclusive_time = 5552
exclusive_time = 106
process_id = p3
operationName = /wrk2-api/review/compose
serviceName = nginx
------------------------------------------------------------------------------------
span = 2
span_id = 3875977d20c6aada
parent_id = e03e3ab6236f44fa
start_time = 1682628697995885
end_time = 1682628698001331
inclusive_time = 5446
exclusive_time = 1217
process_id = p3
operationName = ComposeReview
serviceName = nginx
------------------------------------------------------------------------------------
span = 3
span_id = edef4118b3752bf7
parent_id = 3875977d20c6aada
start_time = 1682628697996386
end_time = 1682628698000342
inclusive_time = 3956
exclusive_time = 429
process_id = p2
operationName = UploadMovieId
serviceName = movie-id-service
------------------------------------------------------------------------------------
span = 4
span_id = 681ab72410670992
parent_id = edef4118b3752bf7
start_time = 1682628697996968
end_time = 1682628698000194
inclusive_time = 3226
exclusive_time = 1757
process_id = p5
operationName = UploadMovieId
serviceName = compose-review-service
------------------------------------------------------------------------------------
span = 5
span_id = 0ffe6636c4de633c
parent_id = 681ab72410670992
start_time = 1682628697998420
end_time = 1682628697999868
inclusive_time = 1448
exclusive_time = 27
process_id = p1
operationName = UploadMovieReview
serviceName = movie-review-service
------------------------------------------------------------------------------------
span = 6
span_id = bfc42072f0fbe8e6
parent_id = 0ffe6636c4de633c
start_time = 1682628697998447
end_time = 1682628697999873
inclusive_time = 1426
exclusive_time = 1426
process_id = p1
operationName = MongoFindMovie
serviceName = movie-review-service
------------------------------------------------------------------------------------
span = 7
span_id = e859e3253e1a2224
parent_id = edef4118b3752bf7
start_time = 1682628697996405
end_time = 1682628697996507
inclusive_time = 102
exclusive_time = 102
process_id = p2
operationName = MmcGetMovieId
serviceName = movie-id-service
------------------------------------------------------------------------------------
