span 0
span_id = f31018c99a4ff047
parent_id = None
start_time = 1682628697985000
end_time = 1682628697989946
inclusive_time = 4946
exclusive_time = 636
process_id = p5
operationName = /wrk2-api/review/compose
serviceName = None
------------------------------------------------------------------------------------
span 1
span_id = 599643dbd6fbe6e5
parent_id = f31018c99a4ff047
start_time = 1682628697985636
end_time = 1682628697989946
inclusive_time = 4310
exclusive_time = 97
process_id = p5
operationName = /wrk2-api/review/compose
serviceName = None
------------------------------------------------------------------------------------
span 2
span_id = c9c15a47b5fb1568
parent_id = 599643dbd6fbe6e5
start_time = 1682628697985672
end_time = 1682628697989885
inclusive_time = 4213
exclusive_time = 262
process_id = p5
operationName = ComposeReview
serviceName = None
------------------------------------------------------------------------------------
span 3
span_id = 744355088ce684a4
parent_id = c9c15a47b5fb1568
start_time = 1682628697985920
end_time = 1682628697989782
inclusive_time = 3862
exclusive_time = 354
process_id = p4
operationName = UploadMovieId
serviceName = None
------------------------------------------------------------------------------------
span 4
span_id = 1a49eaeadece65f8
parent_id = 744355088ce684a4
start_time = 1682628697986341
end_time = 1682628697989606
inclusive_time = 3265
exclusive_time = 326
process_id = p1
operationName = UploadRating
serviceName = None
------------------------------------------------------------------------------------
span 5
span_id = 07889738397c2f1f
parent_id = 1a49eaeadece65f8
start_time = 1682628697986614
end_time = 1682628697989467
inclusive_time = 2853
exclusive_time = 1433
process_id = p7
operationName = UploadRating
serviceName = None
------------------------------------------------------------------------------------
span 6
span_id = fc9852b1c126156a
parent_id = 07889738397c2f1f
start_time = 1682628697987921
end_time = 1682628697989295
inclusive_time = 1374
exclusive_time = 29
process_id = p8
operationName = UploadUserReview
serviceName = None
------------------------------------------------------------------------------------
span 7
span_id = bff5eb7c09ecc64d
parent_id = fc9852b1c126156a
start_time = 1682628697987950
end_time = 1682628697989300
inclusive_time = 1350
exclusive_time = 1350
process_id = p8
operationName = MongoFindUser
serviceName = None
------------------------------------------------------------------------------------
span 8
span_id = 4f7b95005b4d4ee9
parent_id = 744355088ce684a4
start_time = 1682628697986161
end_time = 1682628697986261
inclusive_time = 100
exclusive_time = 100
process_id = p4
operationName = MmcSetMovieId
serviceName = None
------------------------------------------------------------------------------------
span 9
span_id = 966e80eaa22c4ca1
parent_id = 744355088ce684a4
start_time = 1682628697985936
end_time = 1682628697986035
inclusive_time = 99
exclusive_time = 99
process_id = p4
operationName = MmcGetMovieId
serviceName = None
------------------------------------------------------------------------------------
