span = 0
trace_id = 9cea2d41a4593488
span_id = 9cea2d41a4593488
parent_id = None
start_time = 1682628698032000
end_time = 1682628698036622
inclusive_time = 4622
exclusive_time = 558
process_id = p1
operationName = /wrk2-api/review/compose
serviceName = nginx
call path = 
------------------------------------------------------------------------------------
span = 1
trace_id = 9cea2d41a4593488
span_id = 58de9eb4d8e4ace5
parent_id = 9cea2d41a4593488
start_time = 1682628698032558
end_time = 1682628698036622
inclusive_time = 4064
exclusive_time = 100
process_id = p1
operationName = /wrk2-api/review/compose
serviceName = nginx
call path = ->/wrk2-api/review/compose_nginx
------------------------------------------------------------------------------------
span = 2
trace_id = 9cea2d41a4593488
span_id = 6f60193431afe947
parent_id = 58de9eb4d8e4ace5
start_time = 1682628698032605
end_time = 1682628698036569
inclusive_time = 3964
exclusive_time = 272
process_id = p1
operationName = ComposeReview
serviceName = nginx
call path = ->/wrk2-api/review/compose_nginx->/wrk2-api/review/compose_nginx
------------------------------------------------------------------------------------
span = 3
trace_id = 9cea2d41a4593488
span_id = eec8521e5fd09e99
parent_id = 6f60193431afe947
start_time = 1682628698032935
end_time = 1682628698036490
inclusive_time = 3555
exclusive_time = 371
process_id = p8
operationName = UploadMovieId
serviceName = movie-id-service
call path = ->/wrk2-api/review/compose_nginx->/wrk2-api/review/compose_nginx->ComposeReview_nginx
------------------------------------------------------------------------------------
span = 4
trace_id = 9cea2d41a4593488
span_id = f46504e50a378b25
parent_id = eec8521e5fd09e99
start_time = 1682628698033331
end_time = 1682628698036308
inclusive_time = 2977
exclusive_time = 289
process_id = p9
operationName = UploadRating
serviceName = rating-service
call path = ->/wrk2-api/review/compose_nginx->/wrk2-api/review/compose_nginx->ComposeReview_nginx->UploadMovieId_movie-id-service
------------------------------------------------------------------------------------
span = 5
trace_id = 9cea2d41a4593488
span_id = 40e788f3f0d4bfff
parent_id = f46504e50a378b25
start_time = 1682628698033509
end_time = 1682628698036197
inclusive_time = 2688
exclusive_time = 1484
process_id = p3
operationName = UploadRating
serviceName = compose-review-service
call path = ->/wrk2-api/review/compose_nginx->/wrk2-api/review/compose_nginx->ComposeReview_nginx->UploadMovieId_movie-id-service->UploadRating_rating-service
------------------------------------------------------------------------------------
span = 6
trace_id = 9cea2d41a4593488
span_id = de1fc3100dee4a52
parent_id = 40e788f3f0d4bfff
start_time = 1682628698034927
end_time = 1682628698036090
inclusive_time = 1163
exclusive_time = 17
process_id = p6
operationName = UploadMovieReview
serviceName = movie-review-service
call path = ->/wrk2-api/review/compose_nginx->/wrk2-api/review/compose_nginx->ComposeReview_nginx->UploadMovieId_movie-id-service->UploadRating_rating-service->UploadRating_compose-review-service
------------------------------------------------------------------------------------
span = 7
trace_id = 9cea2d41a4593488
span_id = 84855308fd902cb4
parent_id = de1fc3100dee4a52
start_time = 1682628698034944
end_time = 1682628698036096
inclusive_time = 1152
exclusive_time = 1152
process_id = p6
operationName = MongoFindMovie
serviceName = movie-review-service
call path = ->/wrk2-api/review/compose_nginx->/wrk2-api/review/compose_nginx->ComposeReview_nginx->UploadMovieId_movie-id-service->UploadRating_rating-service->UploadRating_compose-review-service->UploadMovieReview_movie-review-service
------------------------------------------------------------------------------------
span = 8
trace_id = 9cea2d41a4593488
span_id = 664d23392fcd58d2
parent_id = eec8521e5fd09e99
start_time = 1682628698033197
end_time = 1682628698033304
inclusive_time = 107
exclusive_time = 107
process_id = p8
operationName = MmcSetMovieId
serviceName = movie-id-service
call path = ->/wrk2-api/review/compose_nginx->/wrk2-api/review/compose_nginx->ComposeReview_nginx->UploadMovieId_movie-id-service
------------------------------------------------------------------------------------
span = 9
trace_id = 9cea2d41a4593488
span_id = cac57722b3bb5fb5
parent_id = eec8521e5fd09e99
start_time = 1682628698032951
end_time = 1682628698033051
inclusive_time = 100
exclusive_time = 100
process_id = p8
operationName = MmcGetMovieId
serviceName = movie-id-service
call path = ->/wrk2-api/review/compose_nginx->/wrk2-api/review/compose_nginx->ComposeReview_nginx->UploadMovieId_movie-id-service
------------------------------------------------------------------------------------
