span = 0
span_id = 248eb224ecb1daed
parent_id = None
start_time = 1682628698272000
end_time = 1682628698276467
inclusive_time = 4467
exclusive_time = 188
process_id = p3
operationName = /wrk2-api/review/compose
serviceName = nginx
------------------------------------------------------------------------------------
span = 1
span_id = 46f83fe5fd504245
parent_id = 248eb224ecb1daed
start_time = 1682628698272188
end_time = 1682628698276467
inclusive_time = 4279
exclusive_time = 96
process_id = p3
operationName = /wrk2-api/review/compose
serviceName = nginx
------------------------------------------------------------------------------------
span = 2
span_id = f67f0b551bb144e8
parent_id = 46f83fe5fd504245
start_time = 1682628698272229
end_time = 1682628698276412
inclusive_time = 4183
exclusive_time = 535
process_id = p3
operationName = ComposeReview
serviceName = nginx
------------------------------------------------------------------------------------
span = 3
span_id = 04c6a3e603b4e6f3
parent_id = f67f0b551bb144e8
start_time = 1682628698272518
end_time = 1682628698276081
inclusive_time = 3563
exclusive_time = 369
process_id = p6
operationName = UploadMovieId
serviceName = movie-id-service
------------------------------------------------------------------------------------
span = 4
span_id = 2b0817286c468870
parent_id = 04c6a3e603b4e6f3
start_time = 1682628698272893
end_time = 1682628698275977
inclusive_time = 3084
exclusive_time = 221
process_id = p10
operationName = UploadRating
serviceName = rating-service
------------------------------------------------------------------------------------
span = 5
span_id = f3e20a8ee65b8686
parent_id = 2b0817286c468870
start_time = 1682628698273052
end_time = 1682628698275856
inclusive_time = 2804
exclusive_time = 1436
process_id = p5
operationName = UploadRating
serviceName = compose-review-service
------------------------------------------------------------------------------------
span = 6
span_id = 14d1cb9330125ed7
parent_id = f3e20a8ee65b8686
start_time = 1682628698274578
end_time = 1682628698275749
inclusive_time = 1171
exclusive_time = 29
process_id = p4
operationName = UploadUserReview
serviceName = user-review-service
------------------------------------------------------------------------------------
span = 7
span_id = 0678226767f1b01e
parent_id = 14d1cb9330125ed7
start_time = 1682628698274607
end_time = 1682628698275752
inclusive_time = 1145
exclusive_time = 1145
process_id = p4
operationName = MongoFindUser
serviceName = user-review-service
------------------------------------------------------------------------------------
span = 8
span_id = 7e6344d5fdb2cd6e
parent_id = 04c6a3e603b4e6f3
start_time = 1682628698272530
end_time = 1682628698272602
inclusive_time = 72
exclusive_time = 72
process_id = p6
operationName = MmcGetMovieId
serviceName = movie-id-service
------------------------------------------------------------------------------------
