span = 0
trace_id = e1e34d88dbaaaa2f
span_id = e1e34d88dbaaaa2f
parent_id = None
start_time = 1682628697910000
end_time = 1682628697915427
inclusive_time = 5427
exclusive_time = 596
process_id = p8
operationName = /wrk2-api/review/compose
serviceName = nginx
------------------------------------------------------------------------------------
span = 1
trace_id = e1e34d88dbaaaa2f
span_id = e2cd068150979567
parent_id = e1e34d88dbaaaa2f
start_time = 1682628697910596
end_time = 1682628697915427
inclusive_time = 4831
exclusive_time = 87
process_id = p8
operationName = /wrk2-api/review/compose
serviceName = nginx
------------------------------------------------------------------------------------
span = 2
trace_id = e1e34d88dbaaaa2f
span_id = cbe7b676abfd5aed
parent_id = e2cd068150979567
start_time = 1682628697910635
end_time = 1682628697915379
inclusive_time = 4744
exclusive_time = 384
process_id = p8
operationName = ComposeReview
serviceName = nginx
------------------------------------------------------------------------------------
span = 3
trace_id = e1e34d88dbaaaa2f
span_id = 70afccc0d5e7c3e6
parent_id = cbe7b676abfd5aed
start_time = 1682628697910989
end_time = 1682628697915213
inclusive_time = 4224
exclusive_time = 745
process_id = p7
operationName = UploadMovieId
serviceName = movie-id-service
------------------------------------------------------------------------------------
span = 4
trace_id = e1e34d88dbaaaa2f
span_id = 4ba29da906409a19
parent_id = 70afccc0d5e7c3e6
start_time = 1682628697911808
end_time = 1682628697914961
inclusive_time = 3153
exclusive_time = 301
process_id = p5
operationName = UploadRating
serviceName = rating-service
------------------------------------------------------------------------------------
span = 5
trace_id = e1e34d88dbaaaa2f
span_id = 493e5908cf67562d
parent_id = 4ba29da906409a19
start_time = 1682628697911971
end_time = 1682628697914805
inclusive_time = 2834
exclusive_time = 1240
process_id = p4
operationName = UploadRating
serviceName = compose-review-service
------------------------------------------------------------------------------------
span = 6
trace_id = e1e34d88dbaaaa2f
span_id = 8f55e1befd95e79a
parent_id = 493e5908cf67562d
start_time = 1682628697912966
end_time = 1682628697914485
inclusive_time = 1519
exclusive_time = 29
process_id = p1
operationName = UploadMovieReview
serviceName = movie-review-service
------------------------------------------------------------------------------------
span = 7
trace_id = e1e34d88dbaaaa2f
span_id = 3d407e47f3aea227
parent_id = 8f55e1befd95e79a
start_time = 1682628697912995
end_time = 1682628697914491
inclusive_time = 1496
exclusive_time = 1496
process_id = p1
operationName = MongoFindMovie
serviceName = movie-review-service
------------------------------------------------------------------------------------
span = 8
trace_id = e1e34d88dbaaaa2f
span_id = a0d3b353bab41a7d
parent_id = 70afccc0d5e7c3e6
start_time = 1682628697911573
end_time = 1682628697911678
inclusive_time = 105
exclusive_time = 105
process_id = p7
operationName = MmcSetMovieId
serviceName = movie-id-service
------------------------------------------------------------------------------------
span = 9
trace_id = e1e34d88dbaaaa2f
span_id = 0cf10d343c0074f4
parent_id = 70afccc0d5e7c3e6
start_time = 1682628697911006
end_time = 1682628697911139
inclusive_time = 133
exclusive_time = 133
process_id = p7
operationName = MmcGetMovieId
serviceName = movie-id-service
------------------------------------------------------------------------------------
