span = 0
trace_id = 6ada8441a9110761
span_id = 6ada8441a9110761
parent_id = None
start_time = 1682628698152000
end_time = 1682628698156713
inclusive_time = 4713
exclusive_time = 623
process_id = p2
operationName = /wrk2-api/review/compose
serviceName = nginx
call path = 
------------------------------------------------------------------------------------
span = 1
trace_id = 6ada8441a9110761
span_id = d53937e1867d1479
parent_id = 6ada8441a9110761
start_time = 1682628698152622
end_time = 1682628698156712
inclusive_time = 4090
exclusive_time = 106
process_id = p2
operationName = /wrk2-api/review/compose
serviceName = nginx
call path = ->/wrk2-api/review/compose_nginx
------------------------------------------------------------------------------------
span = 2
trace_id = 6ada8441a9110761
span_id = 98ad60be630b391d
parent_id = d53937e1867d1479
start_time = 1682628698152673
end_time = 1682628698156657
inclusive_time = 3984
exclusive_time = 275
process_id = p2
operationName = ComposeReview
serviceName = nginx
call path = ->/wrk2-api/review/compose_nginx->/wrk2-api/review/compose_nginx
------------------------------------------------------------------------------------
span = 3
trace_id = 6ada8441a9110761
span_id = 275e6880341f9947
parent_id = 98ad60be630b391d
start_time = 1682628698152953
end_time = 1682628698156567
inclusive_time = 3614
exclusive_time = 756
process_id = p7
operationName = UploadMovieId
serviceName = movie-id-service
call path = ->/wrk2-api/review/compose_nginx->/wrk2-api/review/compose_nginx->ComposeReview_nginx
------------------------------------------------------------------------------------
span = 4
trace_id = 6ada8441a9110761
span_id = 965f315a4c8699eb
parent_id = 275e6880341f9947
start_time = 1682628698153809
end_time = 1682628698156456
inclusive_time = 2647
exclusive_time = 297
process_id = p1
operationName = UploadRating
serviceName = rating-service
call path = ->/wrk2-api/review/compose_nginx->/wrk2-api/review/compose_nginx->ComposeReview_nginx->UploadMovieId_movie-id-service
------------------------------------------------------------------------------------
span = 5
trace_id = 6ada8441a9110761
span_id = b078c76ea4baab5c
parent_id = 965f315a4c8699eb
start_time = 1682628698153990
end_time = 1682628698156309
inclusive_time = 2319
exclusive_time = 885
process_id = p3
operationName = UploadRating
serviceName = compose-review-service
call path = ->/wrk2-api/review/compose_nginx->/wrk2-api/review/compose_nginx->ComposeReview_nginx->UploadMovieId_movie-id-service->UploadRating_rating-service
------------------------------------------------------------------------------------
span = 6
trace_id = 6ada8441a9110761
span_id = ef81e6546416e64e
parent_id = b078c76ea4baab5c
start_time = 1682628698154809
end_time = 1682628698156129
inclusive_time = 1320
exclusive_time = 18
process_id = p4
operationName = UploadMovieReview
serviceName = movie-review-service
call path = ->/wrk2-api/review/compose_nginx->/wrk2-api/review/compose_nginx->ComposeReview_nginx->UploadMovieId_movie-id-service->UploadRating_rating-service->UploadRating_compose-review-service
------------------------------------------------------------------------------------
span = 7
trace_id = 6ada8441a9110761
span_id = cc551774c18c244d
parent_id = ef81e6546416e64e
start_time = 1682628698154827
end_time = 1682628698156134
inclusive_time = 1307
exclusive_time = 1307
process_id = p4
operationName = MongoFindMovie
serviceName = movie-review-service
call path = ->/wrk2-api/review/compose_nginx->/wrk2-api/review/compose_nginx->ComposeReview_nginx->UploadMovieId_movie-id-service->UploadRating_rating-service->UploadRating_compose-review-service->UploadMovieReview_movie-review-service
------------------------------------------------------------------------------------
span = 8
trace_id = 6ada8441a9110761
span_id = 97a135c86b9a588d
parent_id = 275e6880341f9947
start_time = 1682628698153237
end_time = 1682628698153335
inclusive_time = 98
exclusive_time = 98
process_id = p7
operationName = MmcSetMovieId
serviceName = movie-id-service
call path = ->/wrk2-api/review/compose_nginx->/wrk2-api/review/compose_nginx->ComposeReview_nginx->UploadMovieId_movie-id-service
------------------------------------------------------------------------------------
span = 9
trace_id = 6ada8441a9110761
span_id = 3ee69c82e08965f8
parent_id = 275e6880341f9947
start_time = 1682628698152973
end_time = 1682628698153086
inclusive_time = 113
exclusive_time = 113
process_id = p7
operationName = MmcGetMovieId
serviceName = movie-id-service
call path = ->/wrk2-api/review/compose_nginx->/wrk2-api/review/compose_nginx->ComposeReview_nginx->UploadMovieId_movie-id-service
------------------------------------------------------------------------------------
