span = 0
trace_id = 92d3c109062990f5
span_id = 92d3c109062990f5
parent_id = None
start_time = 1682628697884000
end_time = 1682628697889099
inclusive_time = 5099
exclusive_time = 428
process_id = p1
operationName = /wrk2-api/review/compose
serviceName = nginx
call path = 
------------------------------------------------------------------------------------
span = 1
trace_id = 92d3c109062990f5
span_id = 26c74e367c3c49bf
parent_id = 92d3c109062990f5
start_time = 1682628697884428
end_time = 1682628697889099
inclusive_time = 4671
exclusive_time = 105
process_id = p1
operationName = /wrk2-api/review/compose
serviceName = nginx
call path = ->/wrk2-api/review/compose_nginx
------------------------------------------------------------------------------------
span = 2
trace_id = 92d3c109062990f5
span_id = 98b58380c55894c8
parent_id = 26c74e367c3c49bf
start_time = 1682628697884471
end_time = 1682628697889037
inclusive_time = 4566
exclusive_time = 749
process_id = p1
operationName = ComposeReview
serviceName = nginx
call path = ->/wrk2-api/review/compose_nginx->/wrk2-api/review/compose_nginx
------------------------------------------------------------------------------------
span = 3
trace_id = 92d3c109062990f5
span_id = acfeda4ea47ad8a9
parent_id = 98b58380c55894c8
start_time = 1682628697884802
end_time = 1682628697888491
inclusive_time = 3689
exclusive_time = 390
process_id = p3
operationName = UploadMovieId
serviceName = movie-id-service
call path = ->/wrk2-api/review/compose_nginx->/wrk2-api/review/compose_nginx->ComposeReview_nginx
------------------------------------------------------------------------------------
span = 4
trace_id = 92d3c109062990f5
span_id = fcb2045189281c00
parent_id = acfeda4ea47ad8a9
start_time = 1682628697885331
end_time = 1682628697888359
inclusive_time = 3028
exclusive_time = 273
process_id = p7
operationName = UploadRating
serviceName = rating-service
call path = ->/wrk2-api/review/compose_nginx->/wrk2-api/review/compose_nginx->ComposeReview_nginx->UploadMovieId_movie-id-service
------------------------------------------------------------------------------------
span = 5
trace_id = 92d3c109062990f5
span_id = 5015e1e40eacea25
parent_id = fcb2045189281c00
start_time = 1682628697885476
end_time = 1682628697888188
inclusive_time = 2712
exclusive_time = 850
process_id = p2
operationName = UploadRating
serviceName = compose-review-service
call path = ->/wrk2-api/review/compose_nginx->/wrk2-api/review/compose_nginx->ComposeReview_nginx->UploadMovieId_movie-id-service->UploadRating_rating-service
------------------------------------------------------------------------------------
span = 6
trace_id = 92d3c109062990f5
span_id = 037b94284eed1aee
parent_id = 5015e1e40eacea25
start_time = 1682628697886232
end_time = 1682628697888035
inclusive_time = 1803
exclusive_time = 18
process_id = p6
operationName = UploadUserReview
serviceName = user-review-service
call path = ->/wrk2-api/review/compose_nginx->/wrk2-api/review/compose_nginx->ComposeReview_nginx->UploadMovieId_movie-id-service->UploadRating_rating-service->UploadRating_compose-review-service
------------------------------------------------------------------------------------
span = 7
trace_id = 92d3c109062990f5
span_id = eef1ad4f1a016c74
parent_id = 037b94284eed1aee
start_time = 1682628697886250
end_time = 1682628697888040
inclusive_time = 1790
exclusive_time = 1790
process_id = p6
operationName = MongoFindUser
serviceName = user-review-service
call path = ->/wrk2-api/review/compose_nginx->/wrk2-api/review/compose_nginx->ComposeReview_nginx->UploadMovieId_movie-id-service->UploadRating_rating-service->UploadRating_compose-review-service->UploadUserReview_user-review-service
------------------------------------------------------------------------------------
span = 8
trace_id = 92d3c109062990f5
span_id = bc997f41bd38d8aa
parent_id = acfeda4ea47ad8a9
start_time = 1682628697885060
end_time = 1682628697885178
inclusive_time = 118
exclusive_time = 118
process_id = p3
operationName = MmcSetMovieId
serviceName = movie-id-service
call path = ->/wrk2-api/review/compose_nginx->/wrk2-api/review/compose_nginx->ComposeReview_nginx->UploadMovieId_movie-id-service
------------------------------------------------------------------------------------
span = 9
trace_id = 92d3c109062990f5
span_id = 1e8ce4c51b669c32
parent_id = acfeda4ea47ad8a9
start_time = 1682628697884825
end_time = 1682628697884922
inclusive_time = 97
exclusive_time = 97
process_id = p3
operationName = MmcGetMovieId
serviceName = movie-id-service
call path = ->/wrk2-api/review/compose_nginx->/wrk2-api/review/compose_nginx->ComposeReview_nginx->UploadMovieId_movie-id-service
------------------------------------------------------------------------------------
