span = 0
span_id = 3800e996ca1935cf
parent_id = None
start_time = 1682628697877000
end_time = 1682628697881575
inclusive_time = 4575
exclusive_time = 973
process_id = p2
operationName = /wrk2-api/review/compose
serviceName = nginx
------------------------------------------------------------------------------------
span = 1
span_id = 511f448dd012e609
parent_id = 3800e996ca1935cf
start_time = 1682628697877973
end_time = 1682628697881575
inclusive_time = 3602
exclusive_time = 82
process_id = p2
operationName = /wrk2-api/review/compose
serviceName = nginx
------------------------------------------------------------------------------------
span = 2
span_id = be093c8097d28f4b
parent_id = 511f448dd012e609
start_time = 1682628697878008
end_time = 1682628697881528
inclusive_time = 3520
exclusive_time = 207
process_id = p2
operationName = ComposeReview
serviceName = nginx
------------------------------------------------------------------------------------
span = 3
span_id = 73efe937c6a3cdbe
parent_id = be093c8097d28f4b
start_time = 1682628697878247
end_time = 1682628697881472
inclusive_time = 3225
exclusive_time = 283
process_id = p4
operationName = UploadMovieId
serviceName = movie-id-service
------------------------------------------------------------------------------------
span = 4
span_id = d26402fe64f91ceb
parent_id = 73efe937c6a3cdbe
start_time = 1682628697878707
end_time = 1682628697881339
inclusive_time = 2632
exclusive_time = 257
process_id = p7
operationName = UploadRating
serviceName = rating-service
------------------------------------------------------------------------------------
span = 5
span_id = 021b9d3637fae0b1
parent_id = d26402fe64f91ceb
start_time = 1682628697878878
end_time = 1682628697881216
inclusive_time = 2338
exclusive_time = 1210
process_id = p3
operationName = UploadRating
serviceName = compose-review-service
------------------------------------------------------------------------------------
span = 6
span_id = e8995aa686e53159
parent_id = 021b9d3637fae0b1
start_time = 1682628697880044
end_time = 1682628697881082
inclusive_time = 1038
exclusive_time = 31
process_id = p1
operationName = UploadUserReview
serviceName = user-review-service
------------------------------------------------------------------------------------
span = 7
span_id = 014de31faaded204
parent_id = e8995aa686e53159
start_time = 1682628697880075
end_time = 1682628697881086
inclusive_time = 1011
exclusive_time = 1011
process_id = p1
operationName = MongoFindUser
serviceName = user-review-service
------------------------------------------------------------------------------------
span = 8
span_id = 3d3c64655d9ec884
parent_id = 73efe937c6a3cdbe
start_time = 1682628697878261
end_time = 1682628697878347
inclusive_time = 86
exclusive_time = 86
process_id = p4
operationName = MmcGetMovieId
serviceName = movie-id-service
------------------------------------------------------------------------------------
