span 0
span_id = afd7ad1066bbccf2
parent_id = None
start_time = 1682628698288000
end_time = 1682628698292444
inclusive_time = 4444
exclusive_time = 466
process_id = p1
operationName = /wrk2-api/review/compose
serviceName = None
------------------------------------------------------------------------------------
span 1
span_id = 3d6945ff5f1c263c
parent_id = afd7ad1066bbccf2
start_time = 1682628698288465
end_time = 1682628698292443
inclusive_time = 3978
exclusive_time = 93
process_id = p1
operationName = /wrk2-api/review/compose
serviceName = None
------------------------------------------------------------------------------------
span 2
span_id = cd3341504b5078a8
parent_id = 3d6945ff5f1c263c
start_time = 1682628698288505
end_time = 1682628698292390
inclusive_time = 3885
exclusive_time = 303
process_id = p1
operationName = ComposeReview
serviceName = None
------------------------------------------------------------------------------------
span 3
span_id = 9e5579bdb9531d42
parent_id = cd3341504b5078a8
start_time = 1682628698288780
end_time = 1682628698292286
inclusive_time = 3506
exclusive_time = 446
process_id = p4
operationName = UploadMovieId
serviceName = None
------------------------------------------------------------------------------------
span 4
span_id = e23cfbda22a41218
parent_id = 9e5579bdb9531d42
start_time = 1682628698289495
end_time = 1682628698292143
inclusive_time = 2648
exclusive_time = 263
process_id = p10
operationName = UploadRating
serviceName = None
------------------------------------------------------------------------------------
span 5
span_id = 3be32cccdc2f1e19
parent_id = e23cfbda22a41218
start_time = 1682628698289745
end_time = 1682628698291993
inclusive_time = 2248
exclusive_time = 986
process_id = p3
operationName = UploadRating
serviceName = None
------------------------------------------------------------------------------------
span 6
span_id = fc7cdaf9bea55c57
parent_id = 3be32cccdc2f1e19
start_time = 1682628698290766
end_time = 1682628698291820
inclusive_time = 1054
exclusive_time = 18
process_id = p7
operationName = UploadMovieReview
serviceName = None
------------------------------------------------------------------------------------
span 7
span_id = 13bdf60cf97a0f35
parent_id = fc7cdaf9bea55c57
start_time = 1682628698290784
end_time = 1682628698291825
inclusive_time = 1041
exclusive_time = 1041
process_id = p7
operationName = MongoFindMovie
serviceName = None
------------------------------------------------------------------------------------
span 8
span_id = 16cb2be6f6e26906
parent_id = 9e5579bdb9531d42
start_time = 1682628698289094
end_time = 1682628698289229
inclusive_time = 135
exclusive_time = 135
process_id = p4
operationName = MmcSetMovieId
serviceName = None
------------------------------------------------------------------------------------
span 9
span_id = 5c40c36b74320a7e
parent_id = 9e5579bdb9531d42
start_time = 1682628698288806
end_time = 1682628698288904
inclusive_time = 98
exclusive_time = 98
process_id = p4
operationName = MmcGetMovieId
serviceName = None
------------------------------------------------------------------------------------
