span = 0
span_id = 68ec3ea0d92a3f46
parent_id = None
start_time = 1682628698155000
end_time = 1682628698159372
inclusive_time = 4372
exclusive_time = 504
process_id = p4
operationName = /wrk2-api/review/compose
serviceName = nginx
------------------------------------------------------------------------------------
span = 1
span_id = 012b5c73c2417ffc
parent_id = 68ec3ea0d92a3f46
start_time = 1682628698155503
end_time = 1682628698159371
inclusive_time = 3868
exclusive_time = 102
process_id = p4
operationName = /wrk2-api/review/compose
serviceName = nginx
------------------------------------------------------------------------------------
span = 2
span_id = aef217ac89f302fa
parent_id = 012b5c73c2417ffc
start_time = 1682628698155536
end_time = 1682628698159302
inclusive_time = 3766
exclusive_time = 247
process_id = p4
operationName = ComposeReview
serviceName = nginx
------------------------------------------------------------------------------------
span = 3
span_id = 78a8527f597c2ace
parent_id = aef217ac89f302fa
start_time = 1682628698155874
end_time = 1682628698159200
inclusive_time = 3326
exclusive_time = 335
process_id = p7
operationName = UploadMovieId
serviceName = movie-id-service
------------------------------------------------------------------------------------
span = 4
span_id = af1f05718b0a7c37
parent_id = 78a8527f597c2ace
start_time = 1682628698156345
end_time = 1682628698159096
inclusive_time = 2751
exclusive_time = 261
process_id = p1
operationName = UploadRating
serviceName = rating-service
------------------------------------------------------------------------------------
span = 5
span_id = ea84cede9b6704ca
parent_id = af1f05718b0a7c37
start_time = 1682628698156575
end_time = 1682628698158979
inclusive_time = 2404
exclusive_time = 959
process_id = p2
operationName = UploadRating
serviceName = compose-review-service
------------------------------------------------------------------------------------
span = 6
span_id = b4accd364b0d6ed6
parent_id = ea84cede9b6704ca
start_time = 1682628698157487
end_time = 1682628698158854
inclusive_time = 1367
exclusive_time = 17
process_id = p3
operationName = UploadMovieReview
serviceName = movie-review-service
------------------------------------------------------------------------------------
span = 7
span_id = dc0b65c4ff1740f2
parent_id = b4accd364b0d6ed6
start_time = 1682628698157504
end_time = 1682628698158859
inclusive_time = 1355
exclusive_time = 1355
process_id = p3
operationName = MongoFindMovie
serviceName = movie-review-service
------------------------------------------------------------------------------------
span = 8
span_id = 823e27a876437fa6
parent_id = 78a8527f597c2ace
start_time = 1682628698155888
end_time = 1682628698156028
inclusive_time = 140
exclusive_time = 140
process_id = p7
operationName = MmcGetMovieId
serviceName = movie-id-service
------------------------------------------------------------------------------------
