span = 0
trace_id = 60c6f69ee16fc916
span_id = 60c6f69ee16fc916
parent_id = None
start_time = 1682628698113000
end_time = 1682628698118502
inclusive_time = 5502
exclusive_time = 814
process_id = p5
operationName = /wrk2-api/review/compose
serviceName = nginx
------------------------------------------------------------------------------------
span = 1
trace_id = 60c6f69ee16fc916
span_id = 3e88738199aad078
parent_id = 60c6f69ee16fc916
start_time = 1682628698113813
end_time = 1682628698118501
inclusive_time = 4688
exclusive_time = 119
process_id = p5
operationName = /wrk2-api/review/compose
serviceName = nginx
------------------------------------------------------------------------------------
span = 2
trace_id = 60c6f69ee16fc916
span_id = 9e07679a543fc7c6
parent_id = 3e88738199aad078
start_time = 1682628698113863
end_time = 1682628698118432
inclusive_time = 4569
exclusive_time = 331
process_id = p5
operationName = ComposeReview
serviceName = nginx
------------------------------------------------------------------------------------
span = 3
trace_id = 60c6f69ee16fc916
span_id = 3b734d2aee1a57ab
parent_id = 9e07679a543fc7c6
start_time = 1682628698114549
end_time = 1682628698118330
inclusive_time = 3781
exclusive_time = 449
process_id = p2
operationName = UploadMovieId
serviceName = movie-id-service
------------------------------------------------------------------------------------
span = 4
trace_id = 60c6f69ee16fc916
span_id = 6b6982f125312b5a
parent_id = 3b734d2aee1a57ab
start_time = 1682628698115334
end_time = 1682628698118160
inclusive_time = 2826
exclusive_time = 318
process_id = p4
operationName = UploadRating
serviceName = rating-service
------------------------------------------------------------------------------------
span = 5
trace_id = 60c6f69ee16fc916
span_id = 43e3c88697ad7dc5
parent_id = 6b6982f125312b5a
start_time = 1682628698115524
end_time = 1682628698118032
inclusive_time = 2508
exclusive_time = 1259
process_id = p6
operationName = UploadRating
serviceName = compose-review-service
------------------------------------------------------------------------------------
span = 6
trace_id = 60c6f69ee16fc916
span_id = 4e6bd31cdde53e3e
parent_id = 43e3c88697ad7dc5
start_time = 1682628698116601
end_time = 1682628698117850
inclusive_time = 1249
exclusive_time = 28
process_id = p3
operationName = UploadUserReview
serviceName = user-review-service
------------------------------------------------------------------------------------
span = 7
trace_id = 60c6f69ee16fc916
span_id = 52c7eaa7271e0e0f
parent_id = 4e6bd31cdde53e3e
start_time = 1682628698116629
end_time = 1682628698117855
inclusive_time = 1226
exclusive_time = 1226
process_id = p3
operationName = MongoFindUser
serviceName = user-review-service
------------------------------------------------------------------------------------
span = 8
trace_id = 60c6f69ee16fc916
span_id = 043221f634f2d6e8
parent_id = 3b734d2aee1a57ab
start_time = 1682628698114909
end_time = 1682628698115025
inclusive_time = 116
exclusive_time = 116
process_id = p2
operationName = MmcSetMovieId
serviceName = movie-id-service
------------------------------------------------------------------------------------
span = 9
trace_id = 60c6f69ee16fc916
span_id = 19dfd149a296b352
parent_id = 3b734d2aee1a57ab
start_time = 1682628698114567
end_time = 1682628698114719
inclusive_time = 152
exclusive_time = 152
process_id = p2
operationName = MmcGetMovieId
serviceName = movie-id-service
------------------------------------------------------------------------------------
