span = 0
trace_id = 0da98b78bc79aff1
span_id = 0da98b78bc79aff1
parent_id = None
start_time = 1682628698252000
end_time = 1682628698256462
inclusive_time = 4462
exclusive_time = 509
process_id = p3
operationName = /wrk2-api/review/compose
serviceName = nginx
call path = 
------------------------------------------------------------------------------------
span = 1
trace_id = 0da98b78bc79aff1
span_id = ad10ca57c1ea5a3f
parent_id = 0da98b78bc79aff1
start_time = 1682628698252509
end_time = 1682628698256462
inclusive_time = 3953
exclusive_time = 102
process_id = p3
operationName = /wrk2-api/review/compose
serviceName = nginx
call path = ->/wrk2-api/review/compose_nginx
------------------------------------------------------------------------------------
span = 2
trace_id = 0da98b78bc79aff1
span_id = fd059dacf0a4c5cd
parent_id = ad10ca57c1ea5a3f
start_time = 1682628698252564
end_time = 1682628698256415
inclusive_time = 3851
exclusive_time = 513
process_id = p3
operationName = ComposeReview
serviceName = nginx
call path = ->/wrk2-api/review/compose_nginx->/wrk2-api/review/compose_nginx
------------------------------------------------------------------------------------
span = 3
trace_id = 0da98b78bc79aff1
span_id = 75deb624aa5becb8
parent_id = fd059dacf0a4c5cd
start_time = 1682628698253123
end_time = 1682628698256303
inclusive_time = 3180
exclusive_time = 361
process_id = p2
operationName = UploadUserWithUsername
serviceName = user-service
call path = ->/wrk2-api/review/compose_nginx->/wrk2-api/review/compose_nginx->ComposeReview_nginx
------------------------------------------------------------------------------------
span = 4
trace_id = 0da98b78bc79aff1
span_id = 77b0a2eaabaec53f
parent_id = 75deb624aa5becb8
start_time = 1682628698253798
end_time = 1682628698256212
inclusive_time = 2414
exclusive_time = 1161
process_id = p5
operationName = UploadUserId
serviceName = compose-review-service
call path = ->/wrk2-api/review/compose_nginx->/wrk2-api/review/compose_nginx->ComposeReview_nginx->UploadUserWithUsername_user-service
------------------------------------------------------------------------------------
span = 5
trace_id = 0da98b78bc79aff1
span_id = 0b5e576b9961fbd0
parent_id = 77b0a2eaabaec53f
start_time = 1682628698254892
end_time = 1682628698256078
inclusive_time = 1186
exclusive_time = 34
process_id = p1
operationName = UploadMovieReview
serviceName = movie-review-service
call path = ->/wrk2-api/review/compose_nginx->/wrk2-api/review/compose_nginx->ComposeReview_nginx->UploadUserWithUsername_user-service->UploadUserId_compose-review-service
------------------------------------------------------------------------------------
span = 6
trace_id = 0da98b78bc79aff1
span_id = c28f3adc635e03e1
parent_id = 0b5e576b9961fbd0
start_time = 1682628698254926
end_time = 1682628698256083
inclusive_time = 1157
exclusive_time = 1157
process_id = p1
operationName = MongoFindMovie
serviceName = movie-review-service
call path = ->/wrk2-api/review/compose_nginx->/wrk2-api/review/compose_nginx->ComposeReview_nginx->UploadUserWithUsername_user-service->UploadUserId_compose-review-service->UploadMovieReview_movie-review-service
------------------------------------------------------------------------------------
span = 7
trace_id = 0da98b78bc79aff1
span_id = 7ee066a071db41a0
parent_id = 75deb624aa5becb8
start_time = 1682628698253143
end_time = 1682628698253548
inclusive_time = 405
exclusive_time = 405
process_id = p2
operationName = MmcGetUserId
serviceName = user-service
call path = ->/wrk2-api/review/compose_nginx->/wrk2-api/review/compose_nginx->ComposeReview_nginx->UploadUserWithUsername_user-service
------------------------------------------------------------------------------------
