span 0
span_id = 3a9a6c54d9160b11
parent_id = None
start_time = 1682628698305000
end_time = 1682628698310209
inclusive_time = 5209
exclusive_time = 590
process_id = p10
operationName = /wrk2-api/review/compose
serviceName = None
------------------------------------------------------------------------------------
span 1
span_id = 054f6f5958ae10c0
parent_id = 3a9a6c54d9160b11
start_time = 1682628698305590
end_time = 1682628698310209
inclusive_time = 4619
exclusive_time = 107
process_id = p10
operationName = /wrk2-api/review/compose
serviceName = None
------------------------------------------------------------------------------------
span 2
span_id = f8d29fadffee78dc
parent_id = 054f6f5958ae10c0
start_time = 1682628698305631
end_time = 1682628698310143
inclusive_time = 4512
exclusive_time = 926
process_id = p10
operationName = ComposeReview
serviceName = None
------------------------------------------------------------------------------------
span 3
span_id = 39946b320cd971e8
parent_id = f8d29fadffee78dc
start_time = 1682628698305949
end_time = 1682628698309535
inclusive_time = 3586
exclusive_time = 638
process_id = p3
operationName = UploadMovieId
serviceName = None
------------------------------------------------------------------------------------
span 4
span_id = c4fb7471175fa6ef
parent_id = 39946b320cd971e8
start_time = 1682628698306607
end_time = 1682628698309335
inclusive_time = 2728
exclusive_time = 222
process_id = p9
operationName = UploadRating
serviceName = None
------------------------------------------------------------------------------------
span 5
span_id = 2af5e002b9352f37
parent_id = c4fb7471175fa6ef
start_time = 1682628698306767
end_time = 1682628698309216
inclusive_time = 2449
exclusive_time = 1110
process_id = p2
operationName = UploadRating
serviceName = None
------------------------------------------------------------------------------------
span 6
span_id = a3e163bf7c844482
parent_id = 2af5e002b9352f37
start_time = 1682628698307871
end_time = 1682628698309116
inclusive_time = 1245
exclusive_time = 20
process_id = p6
operationName = UploadMovieReview
serviceName = None
------------------------------------------------------------------------------------
span 7
span_id = 4d3d9b809d0e46d7
parent_id = a3e163bf7c844482
start_time = 1682628698307891
end_time = 1682628698309121
inclusive_time = 1230
exclusive_time = 1230
process_id = p6
operationName = MongoFindMovie
serviceName = None
------------------------------------------------------------------------------------
span 8
span_id = 06acf163a3eedc6a
parent_id = 39946b320cd971e8
start_time = 1682628698306395
end_time = 1682628698306484
inclusive_time = 89
exclusive_time = 89
process_id = p3
operationName = MmcSetMovieId
serviceName = None
------------------------------------------------------------------------------------
span 9
span_id = 897de037e03293fc
parent_id = 39946b320cd971e8
start_time = 1682628698305960
end_time = 1682628698306048
inclusive_time = 88
exclusive_time = 88
process_id = p3
operationName = MmcGetMovieId
serviceName = None
------------------------------------------------------------------------------------
