span 0
span_id = 0a03d0670eda3979
parent_id = None
start_time = 1682680796668000
end_time = 1682680796668847
inclusive_time = 847
exclusive_time = 708
process_id = p1
operationName = 
serviceName = None
------------------------------------------------------------------------------------
span 1
span_id = bfc5fc1c6dffc581
parent_id = 0a03d0670eda3979
start_time = 1682680796668751
end_time = 1682680796668847
inclusive_time = 96
exclusive_time = 96
process_id = p1
operationName = 
serviceName = None
------------------------------------------------------------------------------------
span 2
span_id = 0cf246a456fae148
parent_id = 0a03d0670eda3979
start_time = 1682680796668636
end_time = 1682680796668679
inclusive_time = 43
exclusive_time = 43
process_id = p1
operationName = 
serviceName = None
------------------------------------------------------------------------------------
