span = 0
span_id = 4d407d6ce46c59ac
parent_id = None
start_time = 1682628697953000
end_time = 1682628697958097
inclusive_time = 5097
exclusive_time = 862
process_id = p6
operationName = /wrk2-api/review/compose
serviceName = nginx
------------------------------------------------------------------------------------
span = 1
span_id = 1f6731f1bcce21c2
parent_id = 4d407d6ce46c59ac
start_time = 1682628697953861
end_time = 1682628697958096
inclusive_time = 4235
exclusive_time = 219
process_id = p6
operationName = /wrk2-api/review/compose
serviceName = nginx
------------------------------------------------------------------------------------
span = 2
span_id = 941edcb7403eb4fa
parent_id = 1f6731f1bcce21c2
start_time = 1682628697953896
end_time = 1682628697957912
inclusive_time = 4016
exclusive_time = 290
process_id = p6
operationName = ComposeReview
serviceName = nginx
------------------------------------------------------------------------------------
span = 3
span_id = 52c890ee30e09f26
parent_id = 941edcb7403eb4fa
start_time = 1682628697954465
end_time = 1682628697957795
inclusive_time = 3330
exclusive_time = 393
process_id = p8
operationName = UploadMovieId
serviceName = movie-id-service
------------------------------------------------------------------------------------
span = 4
span_id = 66cb2a3c38c0572f
parent_id = 52c890ee30e09f26
start_time = 1682628697954980
end_time = 1682628697957673
inclusive_time = 2693
exclusive_time = 273
process_id = p4
operationName = UploadRating
serviceName = rating-service
------------------------------------------------------------------------------------
span = 5
span_id = 5bcfadcedcc12964
parent_id = 66cb2a3c38c0572f
start_time = 1682628697955143
end_time = 1682628697957517
inclusive_time = 2374
exclusive_time = 1007
process_id = p3
operationName = UploadRating
serviceName = compose-review-service
------------------------------------------------------------------------------------
span = 6
span_id = d8ca50f986fd6f91
parent_id = 5bcfadcedcc12964
start_time = 1682628697956133
end_time = 1682628697957365
inclusive_time = 1232
exclusive_time = 19
process_id = p7
operationName = UploadMovieReview
serviceName = movie-review-service
------------------------------------------------------------------------------------
span = 7
span_id = 40d3b1d1fbee4fc0
parent_id = d8ca50f986fd6f91
start_time = 1682628697956152
end_time = 1682628697957369
inclusive_time = 1217
exclusive_time = 1217
process_id = p7
operationName = MongoFindMovie
serviceName = movie-review-service
------------------------------------------------------------------------------------
span = 8
span_id = 117ebcbabf971ecf
parent_id = 52c890ee30e09f26
start_time = 1682628697954481
end_time = 1682628697954633
inclusive_time = 152
exclusive_time = 152
process_id = p8
operationName = MmcGetMovieId
serviceName = movie-id-service
------------------------------------------------------------------------------------
