span = 0
trace_id = 725bae5d9f7d635b
span_id = 725bae5d9f7d635b
parent_id = None
start_time = 1682628698263000
end_time = 1682628698267543
inclusive_time = 4543
exclusive_time = 989
process_id = p3
operationName = /wrk2-api/review/compose
serviceName = nginx
call path = 
------------------------------------------------------------------------------------
span = 1
trace_id = 725bae5d9f7d635b
span_id = 10be87206b5633c7
parent_id = 725bae5d9f7d635b
start_time = 1682628698263989
end_time = 1682628698267543
inclusive_time = 3554
exclusive_time = 87
process_id = p3
operationName = /wrk2-api/review/compose
serviceName = nginx
call path = ->/wrk2-api/review/compose_nginx
------------------------------------------------------------------------------------
span = 2
trace_id = 725bae5d9f7d635b
span_id = 4b2935ac518db4c1
parent_id = 10be87206b5633c7
start_time = 1682628698264035
end_time = 1682628698267502
inclusive_time = 3467
exclusive_time = 250
process_id = p3
operationName = ComposeReview
serviceName = nginx
call path = ->/wrk2-api/review/compose_nginx->/wrk2-api/review/compose_nginx
------------------------------------------------------------------------------------
span = 3
trace_id = 725bae5d9f7d635b
span_id = 10bf191f275db1ce
parent_id = 4b2935ac518db4c1
start_time = 1682628698264264
end_time = 1682628698267412
inclusive_time = 3148
exclusive_time = 318
process_id = p6
operationName = UploadMovieId
serviceName = movie-id-service
call path = ->/wrk2-api/review/compose_nginx->/wrk2-api/review/compose_nginx->ComposeReview_nginx
------------------------------------------------------------------------------------
span = 4
trace_id = 725bae5d9f7d635b
span_id = 39a2b434185e1cc9
parent_id = 10bf191f275db1ce
start_time = 1682628698264800
end_time = 1682628698267306
inclusive_time = 2506
exclusive_time = 213
process_id = p10
operationName = UploadRating
serviceName = rating-service
call path = ->/wrk2-api/review/compose_nginx->/wrk2-api/review/compose_nginx->ComposeReview_nginx->UploadMovieId_movie-id-service
------------------------------------------------------------------------------------
span = 5
trace_id = 725bae5d9f7d635b
span_id = 26b629922f5d4f6c
parent_id = 39a2b434185e1cc9
start_time = 1682628698265031
end_time = 1682628698267204
inclusive_time = 2173
exclusive_time = 950
process_id = p5
operationName = UploadRating
serviceName = compose-review-service
call path = ->/wrk2-api/review/compose_nginx->/wrk2-api/review/compose_nginx->ComposeReview_nginx->UploadMovieId_movie-id-service->UploadRating_rating-service
------------------------------------------------------------------------------------
span = 6
trace_id = 725bae5d9f7d635b
span_id = 3df7dc2d23781693
parent_id = 26b629922f5d4f6c
start_time = 1682628698265716
end_time = 1682628698266885
inclusive_time = 1169
exclusive_time = 25
process_id = p1
operationName = UploadMovieReview
serviceName = movie-review-service
call path = ->/wrk2-api/review/compose_nginx->/wrk2-api/review/compose_nginx->ComposeReview_nginx->UploadMovieId_movie-id-service->UploadRating_rating-service->UploadRating_compose-review-service
------------------------------------------------------------------------------------
span = 7
trace_id = 725bae5d9f7d635b
span_id = 91fd736ea735e742
parent_id = 3df7dc2d23781693
start_time = 1682628698265741
end_time = 1682628698266890
inclusive_time = 1149
exclusive_time = 1149
process_id = p1
operationName = MongoFindMovie
serviceName = movie-review-service
call path = ->/wrk2-api/review/compose_nginx->/wrk2-api/review/compose_nginx->ComposeReview_nginx->UploadMovieId_movie-id-service->UploadRating_rating-service->UploadRating_compose-review-service->UploadMovieReview_movie-review-service
------------------------------------------------------------------------------------
span = 8
trace_id = 725bae5d9f7d635b
span_id = 0b94d1db1d2498c4
parent_id = 10bf191f275db1ce
start_time = 1682628698264533
end_time = 1682628698264684
inclusive_time = 151
exclusive_time = 151
process_id = p6
operationName = MmcSetMovieId
serviceName = movie-id-service
call path = ->/wrk2-api/review/compose_nginx->/wrk2-api/review/compose_nginx->ComposeReview_nginx->UploadMovieId_movie-id-service
------------------------------------------------------------------------------------
span = 9
trace_id = 725bae5d9f7d635b
span_id = da7a61ccce96743e
parent_id = 10bf191f275db1ce
start_time = 1682628698264285
end_time = 1682628698264372
inclusive_time = 87
exclusive_time = 87
process_id = p6
operationName = MmcGetMovieId
serviceName = movie-id-service
call path = ->/wrk2-api/review/compose_nginx->/wrk2-api/review/compose_nginx->ComposeReview_nginx->UploadMovieId_movie-id-service
------------------------------------------------------------------------------------
