span 0
span_id = 539c8d7dd9af1320
parent_id = None
start_time = 1682628698261000
end_time = 1682628698265822
inclusive_time = 4822
exclusive_time = 1142
process_id = p3
operationName = /wrk2-api/review/compose
serviceName = None
------------------------------------------------------------------------------------
span 1
span_id = 93e65810c5e95a6f
parent_id = 539c8d7dd9af1320
start_time = 1682628698262142
end_time = 1682628698265822
inclusive_time = 3680
exclusive_time = 76
process_id = p3
operationName = /wrk2-api/review/compose
serviceName = None
------------------------------------------------------------------------------------
span 2
span_id = bdbef01f4b282709
parent_id = 93e65810c5e95a6f
start_time = 1682628698262174
end_time = 1682628698265778
inclusive_time = 3604
exclusive_time = 558
process_id = p3
operationName = ComposeReview
serviceName = None
------------------------------------------------------------------------------------
span 3
span_id = 83c7ab8524bf8742
parent_id = bdbef01f4b282709
start_time = 1682628698262444
end_time = 1682628698265391
inclusive_time = 2947
exclusive_time = 328
process_id = p6
operationName = UploadMovieId
serviceName = None
------------------------------------------------------------------------------------
span 4
span_id = 57e6d2c6f7368c28
parent_id = 83c7ab8524bf8742
start_time = 1682628698262904
end_time = 1682628698265286
inclusive_time = 2382
exclusive_time = 245
process_id = p10
operationName = UploadRating
serviceName = None
------------------------------------------------------------------------------------
span 5
span_id = 9aa5c64fe4cf455d
parent_id = 57e6d2c6f7368c28
start_time = 1682628698263044
end_time = 1682628698265136
inclusive_time = 2092
exclusive_time = 843
process_id = p5
operationName = UploadRating
serviceName = None
------------------------------------------------------------------------------------
span 6
span_id = 1e323dbdc825afbd
parent_id = 9aa5c64fe4cf455d
start_time = 1682628698263878
end_time = 1682628698265010
inclusive_time = 1132
exclusive_time = 26
process_id = p1
operationName = UploadMovieReview
serviceName = None
------------------------------------------------------------------------------------
span 7
span_id = 99ed855bb5f203ec
parent_id = 1e323dbdc825afbd
start_time = 1682628698263904
end_time = 1682628698265016
inclusive_time = 1112
exclusive_time = 1112
process_id = p1
operationName = MongoFindMovie
serviceName = None
------------------------------------------------------------------------------------
span 8
span_id = 9057785c1e4c509e
parent_id = 83c7ab8524bf8742
start_time = 1682628698262731
end_time = 1682628698262812
inclusive_time = 81
exclusive_time = 81
process_id = p6
operationName = MmcSetMovieId
serviceName = None
------------------------------------------------------------------------------------
span 9
span_id = 2fc21d51b0f1d961
parent_id = 83c7ab8524bf8742
start_time = 1682628698262469
end_time = 1682628698262559
inclusive_time = 90
exclusive_time = 90
process_id = p6
operationName = MmcGetMovieId
serviceName = None
------------------------------------------------------------------------------------
