span = 0
span_id = d9e37adb6c7e9d4f
parent_id = None
start_time = 1682628698179000
end_time = 1682628698183626
inclusive_time = 4626
exclusive_time = 327
process_id = p7
operationName = /wrk2-api/review/compose
serviceName = nginx
------------------------------------------------------------------------------------
span = 1
span_id = c5c0785370f1619e
parent_id = d9e37adb6c7e9d4f
start_time = 1682628698179326
end_time = 1682628698183625
inclusive_time = 4299
exclusive_time = 99
process_id = p7
operationName = /wrk2-api/review/compose
serviceName = nginx
------------------------------------------------------------------------------------
span = 2
span_id = 3c1b066932e31613
parent_id = c5c0785370f1619e
start_time = 1682628698179364
end_time = 1682628698183564
inclusive_time = 4200
exclusive_time = 405
process_id = p7
operationName = ComposeReview
serviceName = nginx
------------------------------------------------------------------------------------
span = 3
span_id = 6297483c1421b454
parent_id = 3c1b066932e31613
start_time = 1682628698179778
end_time = 1682628698183354
inclusive_time = 3576
exclusive_time = 397
process_id = p5
operationName = UploadMovieId
serviceName = movie-id-service
------------------------------------------------------------------------------------
span = 4
span_id = 9f2278183a49e980
parent_id = 6297483c1421b454
start_time = 1682628698180296
end_time = 1682628698183257
inclusive_time = 2961
exclusive_time = 286
process_id = p10
operationName = UploadRating
serviceName = rating-service
------------------------------------------------------------------------------------
span = 5
span_id = 913364a5a190e76b
parent_id = 9f2278183a49e980
start_time = 1682628698180574
end_time = 1682628698183123
inclusive_time = 2549
exclusive_time = 1005
process_id = p1
operationName = UploadRating
serviceName = compose-review-service
------------------------------------------------------------------------------------
span = 6
span_id = fa0efd204c65cbf5
parent_id = 913364a5a190e76b
start_time = 1682628698181845
end_time = 1682628698182939
inclusive_time = 1094
exclusive_time = 21
process_id = p2
operationName = UploadMovieReview
serviceName = movie-review-service
------------------------------------------------------------------------------------
span = 7
span_id = 5e81bda4aca2f101
parent_id = fa0efd204c65cbf5
start_time = 1682628698181866
end_time = 1682628698182944
inclusive_time = 1078
exclusive_time = 1078
process_id = p2
operationName = MongoFindMovie
serviceName = movie-review-service
------------------------------------------------------------------------------------
span = 8
span_id = 5a4414fe2ac69bd6
parent_id = 913364a5a190e76b
start_time = 1682628698181395
end_time = 1682628698181636
inclusive_time = 241
exclusive_time = 27
process_id = p3
operationName = StoreReview
serviceName = review-storage-service
------------------------------------------------------------------------------------
span = 9
span_id = bc7b70e2b87e07c7
parent_id = 5a4414fe2ac69bd6
start_time = 1682628698181413
end_time = 1682628698181627
inclusive_time = 214
exclusive_time = 214
process_id = p3
operationName = MongoInsertReview
serviceName = review-storage-service
------------------------------------------------------------------------------------
span = 10
span_id = da14d625b6885317
parent_id = 6297483c1421b454
start_time = 1682628698180090
end_time = 1682628698180167
inclusive_time = 77
exclusive_time = 77
process_id = p5
operationName = MmcSetMovieId
serviceName = movie-id-service
------------------------------------------------------------------------------------
span = 11
span_id = 7ec44a5665fd6fe4
parent_id = 6297483c1421b454
start_time = 1682628698179794
end_time = 1682628698179906
inclusive_time = 112
exclusive_time = 112
process_id = p5
operationName = MmcGetMovieId
serviceName = movie-id-service
------------------------------------------------------------------------------------
