span = 0
trace_id = c30bc1890cdeca95
span_id = c30bc1890cdeca95
parent_id = None
start_time = 1682628698076000
end_time = 1682628698080331
inclusive_time = 4331
exclusive_time = 526
process_id = p1
operationName = /wrk2-api/review/compose
serviceName = nginx
------------------------------------------------------------------------------------
span = 1
trace_id = c30bc1890cdeca95
span_id = 679d22e6e08a07c8
parent_id = c30bc1890cdeca95
start_time = 1682628698076526
end_time = 1682628698080331
inclusive_time = 3805
exclusive_time = 89
process_id = p1
operationName = /wrk2-api/review/compose
serviceName = nginx
------------------------------------------------------------------------------------
span = 2
trace_id = c30bc1890cdeca95
span_id = a693a5c4fa906fcf
parent_id = 679d22e6e08a07c8
start_time = 1682628698076560
end_time = 1682628698080276
inclusive_time = 3716
exclusive_time = 261
process_id = p1
operationName = ComposeReview
serviceName = nginx
------------------------------------------------------------------------------------
span = 3
trace_id = c30bc1890cdeca95
span_id = 2269eac26ff4f0c5
parent_id = a693a5c4fa906fcf
start_time = 1682628698076829
end_time = 1682628698080185
inclusive_time = 3356
exclusive_time = 520
process_id = p5
operationName = UploadMovieId
serviceName = movie-id-service
------------------------------------------------------------------------------------
span = 4
trace_id = c30bc1890cdeca95
span_id = ab55fcbe1e37b74d
parent_id = 2269eac26ff4f0c5
start_time = 1682628698077245
end_time = 1682628698079868
inclusive_time = 2623
exclusive_time = 250
process_id = p7
operationName = UploadRating
serviceName = rating-service
------------------------------------------------------------------------------------
span = 5
trace_id = c30bc1890cdeca95
span_id = e8983784728f3a02
parent_id = ab55fcbe1e37b74d
start_time = 1682628698077394
end_time = 1682628698079750
inclusive_time = 2356
exclusive_time = 1279
process_id = p3
operationName = UploadRating
serviceName = compose-review-service
------------------------------------------------------------------------------------
span = 6
trace_id = c30bc1890cdeca95
span_id = 45ba6daa0ce91286
parent_id = e8983784728f3a02
start_time = 1682628698078514
end_time = 1682628698079591
inclusive_time = 1077
exclusive_time = 27
process_id = p6
operationName = UploadUserReview
serviceName = user-review-service
------------------------------------------------------------------------------------
span = 7
trace_id = c30bc1890cdeca95
span_id = 4aa257ae5df5902e
parent_id = 45ba6daa0ce91286
start_time = 1682628698078541
end_time = 1682628698079595
inclusive_time = 1054
exclusive_time = 1054
process_id = p6
operationName = MongoFindUser
serviceName = user-review-service
------------------------------------------------------------------------------------
span = 8
trace_id = c30bc1890cdeca95
span_id = 0525f29869113605
parent_id = 2269eac26ff4f0c5
start_time = 1682628698077077
end_time = 1682628698077172
inclusive_time = 95
exclusive_time = 95
process_id = p5
operationName = MmcSetMovieId
serviceName = movie-id-service
------------------------------------------------------------------------------------
span = 9
trace_id = c30bc1890cdeca95
span_id = c712a43775c7361b
parent_id = 2269eac26ff4f0c5
start_time = 1682628698076847
end_time = 1682628698076942
inclusive_time = 95
exclusive_time = 95
process_id = p5
operationName = MmcGetMovieId
serviceName = movie-id-service
------------------------------------------------------------------------------------
