span = 0
span_id = 20e542f1fadcb9cc
parent_id = None
start_time = 1682628698147000
end_time = 1682628698152332
inclusive_time = 5332
exclusive_time = 555
process_id = p4
operationName = /wrk2-api/review/compose
serviceName = nginx
------------------------------------------------------------------------------------
span = 1
span_id = 7a44ee94acb10806
parent_id = 20e542f1fadcb9cc
start_time = 1682628698147555
end_time = 1682628698152332
inclusive_time = 4777
exclusive_time = 93
process_id = p4
operationName = /wrk2-api/review/compose
serviceName = nginx
------------------------------------------------------------------------------------
span = 2
span_id = c3726b65452a5ba8
parent_id = 7a44ee94acb10806
start_time = 1682628698147602
end_time = 1682628698152286
inclusive_time = 4684
exclusive_time = 394
process_id = p4
operationName = ComposeReview
serviceName = nginx
------------------------------------------------------------------------------------
span = 3
span_id = 588e49f9dc985740
parent_id = c3726b65452a5ba8
start_time = 1682628698147889
end_time = 1682628698152069
inclusive_time = 4180
exclusive_time = 398
process_id = p7
operationName = UploadMovieId
serviceName = movie-id-service
------------------------------------------------------------------------------------
span = 4
span_id = 2b175c3b6cd6709a
parent_id = 588e49f9dc985740
start_time = 1682628698148414
end_time = 1682628698151898
inclusive_time = 3484
exclusive_time = 267
process_id = p1
operationName = UploadRating
serviceName = rating-service
------------------------------------------------------------------------------------
span = 5
span_id = 4ce96d2cc973f7c2
parent_id = 2b175c3b6cd6709a
start_time = 1682628698148619
end_time = 1682628698151750
inclusive_time = 3131
exclusive_time = 1195
process_id = p2
operationName = UploadRating
serviceName = compose-review-service
------------------------------------------------------------------------------------
span = 6
span_id = 0e84a4bff96b6634
parent_id = 4ce96d2cc973f7c2
start_time = 1682628698149670
end_time = 1682628698151527
inclusive_time = 1857
exclusive_time = 29
process_id = p3
operationName = UploadMovieReview
serviceName = movie-review-service
------------------------------------------------------------------------------------
span = 7
span_id = d24d6a1bdad39f2b
parent_id = 0e84a4bff96b6634
start_time = 1682628698149699
end_time = 1682628698151532
inclusive_time = 1833
exclusive_time = 1833
process_id = p3
operationName = MongoFindMovie
serviceName = movie-review-service
------------------------------------------------------------------------------------
span = 8
span_id = 20f2b435d9329937
parent_id = 588e49f9dc985740
start_time = 1682628698148217
end_time = 1682628698148327
inclusive_time = 110
exclusive_time = 110
process_id = p7
operationName = MmcSetMovieId
serviceName = movie-id-service
------------------------------------------------------------------------------------
span = 9
span_id = 8545e52c6dfc3ae8
parent_id = 588e49f9dc985740
start_time = 1682628698147906
end_time = 1682628698148030
inclusive_time = 124
exclusive_time = 124
process_id = p7
operationName = MmcGetMovieId
serviceName = movie-id-service
------------------------------------------------------------------------------------
