span = 0
span_id = f684b39813695844
parent_id = None
start_time = 1682628697859000
end_time = 1682628697863719
inclusive_time = 4719
exclusive_time = 126
process_id = p3
operationName = /wrk2-api/review/compose
serviceName = nginx
------------------------------------------------------------------------------------
span = 1
span_id = 4b0a87b988ea3323
parent_id = f684b39813695844
start_time = 1682628697859126
end_time = 1682628697863719
inclusive_time = 4593
exclusive_time = 121
process_id = p3
operationName = /wrk2-api/review/compose
serviceName = nginx
------------------------------------------------------------------------------------
span = 2
span_id = 574fb583675a0bf7
parent_id = 4b0a87b988ea3323
start_time = 1682628697859203
end_time = 1682628697863675
inclusive_time = 4472
exclusive_time = 934
process_id = p3
operationName = ComposeReview
serviceName = nginx
------------------------------------------------------------------------------------
span = 3
span_id = 4309f72d6ba8ab0b
parent_id = 574fb583675a0bf7
start_time = 1682628697859706
end_time = 1682628697863013
inclusive_time = 3307
exclusive_time = 486
process_id = p5
operationName = UploadMovieId
serviceName = movie-id-service
------------------------------------------------------------------------------------
span = 4
span_id = 5c54859bc23c792c
parent_id = 4309f72d6ba8ab0b
start_time = 1682628697860271
end_time = 1682628697862843
inclusive_time = 2572
exclusive_time = 269
process_id = p8
operationName = UploadRating
serviceName = rating-service
------------------------------------------------------------------------------------
span = 5
span_id = f8c64b3d1cba0ff1
parent_id = 5c54859bc23c792c
start_time = 1682628697860474
end_time = 1682628697862696
inclusive_time = 2222
exclusive_time = 1146
process_id = p4
operationName = UploadRating
serviceName = compose-review-service
------------------------------------------------------------------------------------
span = 6
span_id = 85256f29290ec53f
parent_id = f8c64b3d1cba0ff1
start_time = 1682628697861370
end_time = 1682628697862411
inclusive_time = 1041
exclusive_time = 24
process_id = p2
operationName = UploadUserReview
serviceName = user-review-service
------------------------------------------------------------------------------------
span = 7
span_id = 27174bb0e1862e10
parent_id = 85256f29290ec53f
start_time = 1682628697861394
end_time = 1682628697862418
inclusive_time = 1024
exclusive_time = 1024
process_id = p2
operationName = MongoFindUser
serviceName = user-review-service
------------------------------------------------------------------------------------
span = 8
span_id = 16027220c83d004d
parent_id = 4309f72d6ba8ab0b
start_time = 1682628697860101
end_time = 1682628697860205
inclusive_time = 104
exclusive_time = 104
process_id = p5
operationName = MmcSetMovieId
serviceName = movie-id-service
------------------------------------------------------------------------------------
span = 9
span_id = 6b31d356e18f2dd1
parent_id = 4309f72d6ba8ab0b
start_time = 1682628697859717
end_time = 1682628697859825
inclusive_time = 108
exclusive_time = 108
process_id = p5
operationName = MmcGetMovieId
serviceName = movie-id-service
------------------------------------------------------------------------------------
