span = 0
span_id = 90a678b3fe7863e2
parent_id = None
start_time = 1682628698318000
end_time = 1682628698323039
inclusive_time = 5039
exclusive_time = 208
process_id = p10
operationName = /wrk2-api/review/compose
serviceName = nginx
------------------------------------------------------------------------------------
span = 1
span_id = a024740f31d74c4a
parent_id = 90a678b3fe7863e2
start_time = 1682628698318208
end_time = 1682628698323039
inclusive_time = 4831
exclusive_time = 698
process_id = p10
operationName = /wrk2-api/review/compose
serviceName = nginx
------------------------------------------------------------------------------------
span = 2
span_id = bcdc0c155b8a117d
parent_id = a024740f31d74c4a
start_time = 1682628698318248
end_time = 1682628698322381
inclusive_time = 4133
exclusive_time = 271
process_id = p10
operationName = ComposeReview
serviceName = nginx
------------------------------------------------------------------------------------
span = 3
span_id = bac3ba7a055b6c77
parent_id = bcdc0c155b8a117d
start_time = 1682628698318513
end_time = 1682628698322285
inclusive_time = 3772
exclusive_time = 359
process_id = p1
operationName = UploadMovieId
serviceName = movie-id-service
------------------------------------------------------------------------------------
span = 4
span_id = 1353e36c7a55e927
parent_id = bac3ba7a055b6c77
start_time = 1682628698318989
end_time = 1682628698322169
inclusive_time = 3180
exclusive_time = 262
process_id = p9
operationName = UploadRating
serviceName = rating-service
------------------------------------------------------------------------------------
span = 5
span_id = 6a3ea8fb51213f1f
parent_id = 1353e36c7a55e927
start_time = 1682628698319302
end_time = 1682628698322012
inclusive_time = 2710
exclusive_time = 1262
process_id = p2
operationName = UploadRating
serviceName = compose-review-service
------------------------------------------------------------------------------------
span = 6
span_id = fed9964a674b05fa
parent_id = 6a3ea8fb51213f1f
start_time = 1682628698320597
end_time = 1682628698321879
inclusive_time = 1282
exclusive_time = 29
process_id = p6
operationName = UploadUserReview
serviceName = user-review-service
------------------------------------------------------------------------------------
span = 7
span_id = 1f8d8df6fea10a9b
parent_id = fed9964a674b05fa
start_time = 1682628698320626
end_time = 1682628698321885
inclusive_time = 1259
exclusive_time = 1259
process_id = p6
operationName = MongoFindUser
serviceName = user-review-service
------------------------------------------------------------------------------------
span = 8
span_id = 80b54b98afba5727
parent_id = bac3ba7a055b6c77
start_time = 1682628698318810
end_time = 1682628698318914
inclusive_time = 104
exclusive_time = 104
process_id = p1
operationName = MmcSetMovieId
serviceName = movie-id-service
------------------------------------------------------------------------------------
span = 9
span_id = 1709b74a8802a56f
parent_id = bac3ba7a055b6c77
start_time = 1682628698318526
end_time = 1682628698318629
inclusive_time = 103
exclusive_time = 103
process_id = p1
operationName = MmcGetMovieId
serviceName = movie-id-service
------------------------------------------------------------------------------------
