span = 0
span_id = f6f502e43a2de074
parent_id = None
start_time = 1682628698164000
end_time = 1682628698168227
inclusive_time = 4227
exclusive_time = 323
process_id = p8
operationName = /wrk2-api/review/compose
serviceName = nginx
------------------------------------------------------------------------------------
span = 1
span_id = af1fb2afff64c763
parent_id = f6f502e43a2de074
start_time = 1682628698164322
end_time = 1682628698168226
inclusive_time = 3904
exclusive_time = 88
process_id = p8
operationName = /wrk2-api/review/compose
serviceName = nginx
------------------------------------------------------------------------------------
span = 2
span_id = 439063287a72b89f
parent_id = af1fb2afff64c763
start_time = 1682628698164361
end_time = 1682628698168177
inclusive_time = 3816
exclusive_time = 374
process_id = p8
operationName = ComposeReview
serviceName = nginx
------------------------------------------------------------------------------------
span = 3
span_id = c7fa534825632dee
parent_id = 439063287a72b89f
start_time = 1682628698164685
end_time = 1682628698167993
inclusive_time = 3308
exclusive_time = 477
process_id = p6
operationName = UploadMovieId
serviceName = movie-id-service
------------------------------------------------------------------------------------
span = 4
span_id = c503a1cda883d7aa
parent_id = c7fa534825632dee
start_time = 1682628698165235
end_time = 1682628698167804
inclusive_time = 2569
exclusive_time = 374
process_id = p1
operationName = UploadRating
serviceName = rating-service
------------------------------------------------------------------------------------
span = 5
span_id = b2aa76609792bdd7
parent_id = c503a1cda883d7aa
start_time = 1682628698165410
end_time = 1682628698167551
inclusive_time = 2141
exclusive_time = 927
process_id = p2
operationName = UploadRating
serviceName = compose-review-service
------------------------------------------------------------------------------------
span = 6
span_id = df0478fc549c2381
parent_id = b2aa76609792bdd7
start_time = 1682628698166304
end_time = 1682628698167405
inclusive_time = 1101
exclusive_time = 26
process_id = p3
operationName = UploadMovieReview
serviceName = movie-review-service
------------------------------------------------------------------------------------
span = 7
span_id = 9a54b1543ec88fed
parent_id = df0478fc549c2381
start_time = 1682628698166330
end_time = 1682628698167411
inclusive_time = 1081
exclusive_time = 1081
process_id = p3
operationName = MongoFindMovie
serviceName = movie-review-service
------------------------------------------------------------------------------------
span = 8
span_id = 67fa098ee7383513
parent_id = c7fa534825632dee
start_time = 1682628698164968
end_time = 1682628698165062
inclusive_time = 94
exclusive_time = 94
process_id = p6
operationName = MmcSetMovieId
serviceName = movie-id-service
------------------------------------------------------------------------------------
span = 9
span_id = c73eb06ce79ed5bd
parent_id = c7fa534825632dee
start_time = 1682628698164697
end_time = 1682628698164790
inclusive_time = 93
exclusive_time = 93
process_id = p6
operationName = MmcGetMovieId
serviceName = movie-id-service
------------------------------------------------------------------------------------
