span = 0
trace_id = 6c10de25147a0f88
span_id = 6c10de25147a0f88
parent_id = None
start_time = 1682628697908000
end_time = 1682628697912140
inclusive_time = 4140
exclusive_time = 265
process_id = p8
operationName = /wrk2-api/review/compose
serviceName = nginx
------------------------------------------------------------------------------------
span = 1
trace_id = 6c10de25147a0f88
span_id = db0c975073b82d98
parent_id = 6c10de25147a0f88
start_time = 1682628697908265
end_time = 1682628697912140
inclusive_time = 3875
exclusive_time = 124
process_id = p8
operationName = /wrk2-api/review/compose
serviceName = nginx
------------------------------------------------------------------------------------
span = 2
trace_id = 6c10de25147a0f88
span_id = ade37ca4b83d0176
parent_id = db0c975073b82d98
start_time = 1682628697908325
end_time = 1682628697912076
inclusive_time = 3751
exclusive_time = 271
process_id = p8
operationName = ComposeReview
serviceName = nginx
------------------------------------------------------------------------------------
span = 3
trace_id = 6c10de25147a0f88
span_id = 908d61cdf391e2f1
parent_id = ade37ca4b83d0176
start_time = 1682628697908598
end_time = 1682628697911992
inclusive_time = 3394
exclusive_time = 409
process_id = p1
operationName = UploadMovieId
serviceName = movie-id-service
------------------------------------------------------------------------------------
span = 4
trace_id = 6c10de25147a0f88
span_id = 9fcdd6fab9c54139
parent_id = 908d61cdf391e2f1
start_time = 1682628697909135
end_time = 1682628697911856
inclusive_time = 2721
exclusive_time = 269
process_id = p6
operationName = UploadRating
serviceName = rating-service
------------------------------------------------------------------------------------
span = 5
trace_id = 6c10de25147a0f88
span_id = b4adb1f74c0c2bd2
parent_id = 9fcdd6fab9c54139
start_time = 1682628697909381
end_time = 1682628697911754
inclusive_time = 2373
exclusive_time = 1096
process_id = p5
operationName = UploadRating
serviceName = compose-review-service
------------------------------------------------------------------------------------
span = 6
trace_id = 6c10de25147a0f88
span_id = de1dc4e473321d8b
parent_id = b4adb1f74c0c2bd2
start_time = 1682628697910435
end_time = 1682628697911589
inclusive_time = 1154
exclusive_time = 26
process_id = p2
operationName = UploadMovieReview
serviceName = movie-review-service
------------------------------------------------------------------------------------
span = 7
trace_id = 6c10de25147a0f88
span_id = cacd1c604106352f
parent_id = de1dc4e473321d8b
start_time = 1682628697910461
end_time = 1682628697911593
inclusive_time = 1132
exclusive_time = 1132
process_id = p2
operationName = MongoFindMovie
serviceName = movie-review-service
------------------------------------------------------------------------------------
span = 8
trace_id = 6c10de25147a0f88
span_id = c50e531ced0551f2
parent_id = 908d61cdf391e2f1
start_time = 1682628697908854
end_time = 1682628697908973
inclusive_time = 119
exclusive_time = 119
process_id = p1
operationName = MmcSetMovieId
serviceName = movie-id-service
------------------------------------------------------------------------------------
span = 9
trace_id = 6c10de25147a0f88
span_id = fc04648e52fc18fc
parent_id = 908d61cdf391e2f1
start_time = 1682628697908619
end_time = 1682628697908708
inclusive_time = 89
exclusive_time = 89
process_id = p1
operationName = MmcGetMovieId
serviceName = movie-id-service
------------------------------------------------------------------------------------
