span 0
span_id = adf171f85e8dfb0d
parent_id = None
start_time = 1682628698177000
end_time = 1682628698182909
inclusive_time = 5909
exclusive_time = 769
process_id = p7
operationName = /wrk2-api/review/compose
serviceName = None
------------------------------------------------------------------------------------
span 1
span_id = 80ac054d8e88ec1e
parent_id = adf171f85e8dfb0d
start_time = 1682628698177769
end_time = 1682628698182909
inclusive_time = 5140
exclusive_time = 95
process_id = p7
operationName = /wrk2-api/review/compose
serviceName = None
------------------------------------------------------------------------------------
span 2
span_id = a37b4d95a8617ad0
parent_id = 80ac054d8e88ec1e
start_time = 1682628698177804
end_time = 1682628698182849
inclusive_time = 5045
exclusive_time = 267
process_id = p7
operationName = ComposeReview
serviceName = None
------------------------------------------------------------------------------------
span 3
span_id = 95a9f0b9ffaf4d04
parent_id = a37b4d95a8617ad0
start_time = 1682628698178530
end_time = 1682628698182758
inclusive_time = 4228
exclusive_time = 307
process_id = p5
operationName = UploadMovieId
serviceName = None
------------------------------------------------------------------------------------
span 4
span_id = 3a5445dd1c0e1154
parent_id = 95a9f0b9ffaf4d04
start_time = 1682628698179077
end_time = 1682628698182634
inclusive_time = 3557
exclusive_time = 267
process_id = p10
operationName = UploadRating
serviceName = None
------------------------------------------------------------------------------------
span 5
span_id = e31724abbc942008
parent_id = 3a5445dd1c0e1154
start_time = 1682628698179336
end_time = 1682628698182492
inclusive_time = 3156
exclusive_time = 980
process_id = p1
operationName = UploadRating
serviceName = None
------------------------------------------------------------------------------------
span 6
span_id = f1421fad518af8f1
parent_id = e31724abbc942008
start_time = 1682628698180296
end_time = 1682628698182378
inclusive_time = 2082
exclusive_time = 25
process_id = p2
operationName = UploadMovieReview
serviceName = None
------------------------------------------------------------------------------------
span 7
span_id = 5deb9fb0d851668c
parent_id = f1421fad518af8f1
start_time = 1682628698180321
end_time = 1682628698182386
inclusive_time = 2065
exclusive_time = 2065
process_id = p2
operationName = MongoFindMovie
serviceName = None
------------------------------------------------------------------------------------
span 8
span_id = 7a7d60149af58733
parent_id = 95a9f0b9ffaf4d04
start_time = 1682628698178898
end_time = 1682628698179006
inclusive_time = 108
exclusive_time = 108
process_id = p5
operationName = MmcSetMovieId
serviceName = None
------------------------------------------------------------------------------------
span 9
span_id = 9c872f146038dbd1
parent_id = 95a9f0b9ffaf4d04
start_time = 1682628698178547
end_time = 1682628698178747
inclusive_time = 200
exclusive_time = 200
process_id = p5
operationName = MmcGetMovieId
serviceName = None
------------------------------------------------------------------------------------
