span 0
span_id = 3b01405b260ba18f
parent_id = None
start_time = 1682628697857000
end_time = 1682628697861603
inclusive_time = 4603
exclusive_time = 292
process_id = p3
operationName = /wrk2-api/review/compose
serviceName = None
------------------------------------------------------------------------------------
span 1
span_id = 9dd8775a53fd006c
parent_id = 3b01405b260ba18f
start_time = 1682628697857292
end_time = 1682628697861603
inclusive_time = 4311
exclusive_time = 98
process_id = p3
operationName = /wrk2-api/review/compose
serviceName = None
------------------------------------------------------------------------------------
span 2
span_id = ad741c8552ee6273
parent_id = 9dd8775a53fd006c
start_time = 1682628697857330
end_time = 1682628697861543
inclusive_time = 4213
exclusive_time = 352
process_id = p3
operationName = ComposeReview
serviceName = None
------------------------------------------------------------------------------------
span 3
span_id = b6588f6ef4e06199
parent_id = ad741c8552ee6273
start_time = 1682628697857943
end_time = 1682628697861461
inclusive_time = 3518
exclusive_time = 265
process_id = p7
operationName = UploadUserWithUsername
serviceName = None
------------------------------------------------------------------------------------
span 4
span_id = 58347f04c7ca02d3
parent_id = b6588f6ef4e06199
start_time = 1682628697858984
end_time = 1682628697861386
inclusive_time = 2402
exclusive_time = 990
process_id = p4
operationName = UploadUserId
serviceName = None
------------------------------------------------------------------------------------
span 5
span_id = 38b7f52b2e2354b8
parent_id = 58347f04c7ca02d3
start_time = 1682628697859814
end_time = 1682628697861184
inclusive_time = 1370
exclusive_time = 21
process_id = p2
operationName = UploadUserReview
serviceName = None
------------------------------------------------------------------------------------
span 6
span_id = bf75bc4d285c33c2
parent_id = 38b7f52b2e2354b8
start_time = 1682628697859835
end_time = 1682628697861192
inclusive_time = 1357
exclusive_time = 1357
process_id = p2
operationName = MongoFindUser
serviceName = None
------------------------------------------------------------------------------------
span 7
span_id = 1ff07afa96c597d5
parent_id = b6588f6ef4e06199
start_time = 1682628697857962
end_time = 1682628697858813
inclusive_time = 851
exclusive_time = 851
process_id = p7
operationName = MmcGetUserId
serviceName = None
------------------------------------------------------------------------------------
