span = 0
trace_id = 7f75755c2dc716d8
span_id = 7f75755c2dc716d8
parent_id = None
start_time = 1682628698258000
end_time = 1682628698264820
inclusive_time = 6820
exclusive_time = 1243
process_id = p3
operationName = /wrk2-api/review/compose
serviceName = nginx
call path = 
------------------------------------------------------------------------------------
span = 1
trace_id = 7f75755c2dc716d8
span_id = a640fb616fe7729d
parent_id = 7f75755c2dc716d8
start_time = 1682628698259243
end_time = 1682628698264820
inclusive_time = 5577
exclusive_time = 111
process_id = p3
operationName = /wrk2-api/review/compose
serviceName = nginx
call path = ->/wrk2-api/review/compose_nginx
------------------------------------------------------------------------------------
span = 2
trace_id = 7f75755c2dc716d8
span_id = 9c2af4da7f43d34a
parent_id = a640fb616fe7729d
start_time = 1682628698259292
end_time = 1682628698264758
inclusive_time = 5466
exclusive_time = 1478
process_id = p3
operationName = ComposeReview
serviceName = nginx
call path = ->/wrk2-api/review/compose_nginx->/wrk2-api/review/compose_nginx
------------------------------------------------------------------------------------
span = 3
trace_id = 7f75755c2dc716d8
span_id = 73a71bb97c5b1601
parent_id = 9c2af4da7f43d34a
start_time = 1682628698259642
end_time = 1682628698263493
inclusive_time = 3851
exclusive_time = 386
process_id = p6
operationName = UploadMovieId
serviceName = movie-id-service
call path = ->/wrk2-api/review/compose_nginx->/wrk2-api/review/compose_nginx->ComposeReview_nginx
------------------------------------------------------------------------------------
span = 4
trace_id = 7f75755c2dc716d8
span_id = 4e17b2ae8382d21d
parent_id = 73a71bb97c5b1601
start_time = 1682628698260159
end_time = 1682628698263364
inclusive_time = 3205
exclusive_time = 335
process_id = p10
operationName = UploadRating
serviceName = rating-service
call path = ->/wrk2-api/review/compose_nginx->/wrk2-api/review/compose_nginx->ComposeReview_nginx->UploadMovieId_movie-id-service
------------------------------------------------------------------------------------
span = 5
trace_id = 7f75755c2dc716d8
span_id = abca42e2402cc62e
parent_id = 4e17b2ae8382d21d
start_time = 1682628698260433
end_time = 1682628698263238
inclusive_time = 2805
exclusive_time = 1252
process_id = p5
operationName = UploadRating
serviceName = compose-review-service
call path = ->/wrk2-api/review/compose_nginx->/wrk2-api/review/compose_nginx->ComposeReview_nginx->UploadMovieId_movie-id-service->UploadRating_rating-service
------------------------------------------------------------------------------------
span = 6
trace_id = 7f75755c2dc716d8
span_id = 56d39e2c2f9fbfe0
parent_id = abca42e2402cc62e
start_time = 1682628698262076
end_time = 1682628698263087
inclusive_time = 1011
exclusive_time = 17
process_id = p1
operationName = UploadMovieReview
serviceName = movie-review-service
call path = ->/wrk2-api/review/compose_nginx->/wrk2-api/review/compose_nginx->ComposeReview_nginx->UploadMovieId_movie-id-service->UploadRating_rating-service->UploadRating_compose-review-service
------------------------------------------------------------------------------------
span = 7
trace_id = 7f75755c2dc716d8
span_id = 6ebb03005867ba1e
parent_id = 56d39e2c2f9fbfe0
start_time = 1682628698262093
end_time = 1682628698263092
inclusive_time = 999
exclusive_time = 999
process_id = p1
operationName = MongoFindMovie
serviceName = movie-review-service
call path = ->/wrk2-api/review/compose_nginx->/wrk2-api/review/compose_nginx->ComposeReview_nginx->UploadMovieId_movie-id-service->UploadRating_rating-service->UploadRating_compose-review-service->UploadMovieReview_movie-review-service
------------------------------------------------------------------------------------
span = 8
trace_id = 7f75755c2dc716d8
span_id = fdd234e1510d9922
parent_id = abca42e2402cc62e
start_time = 1682628698261534
end_time = 1682628698261874
inclusive_time = 340
exclusive_time = 35
process_id = p8
operationName = StoreReview
serviceName = review-storage-service
call path = ->/wrk2-api/review/compose_nginx->/wrk2-api/review/compose_nginx->ComposeReview_nginx->UploadMovieId_movie-id-service->UploadRating_rating-service->UploadRating_compose-review-service
------------------------------------------------------------------------------------
span = 9
trace_id = 7f75755c2dc716d8
span_id = c5a5d44d15f91168
parent_id = fdd234e1510d9922
start_time = 1682628698261554
end_time = 1682628698261859
inclusive_time = 305
exclusive_time = 305
process_id = p8
operationName = MongoInsertReview
serviceName = review-storage-service
call path = ->/wrk2-api/review/compose_nginx->/wrk2-api/review/compose_nginx->ComposeReview_nginx->UploadMovieId_movie-id-service->UploadRating_rating-service->UploadRating_compose-review-service->StoreReview_review-storage-service
------------------------------------------------------------------------------------
span = 10
trace_id = 7f75755c2dc716d8
span_id = 966d66076bd26988
parent_id = 73a71bb97c5b1601
start_time = 1682628698259922
end_time = 1682628698260050
inclusive_time = 128
exclusive_time = 128
process_id = p6
operationName = MmcSetMovieId
serviceName = movie-id-service
call path = ->/wrk2-api/review/compose_nginx->/wrk2-api/review/compose_nginx->ComposeReview_nginx->UploadMovieId_movie-id-service
------------------------------------------------------------------------------------
span = 11
trace_id = 7f75755c2dc716d8
span_id = 514b22f06c6208ec
parent_id = 73a71bb97c5b1601
start_time = 1682628698259653
end_time = 1682628698259743
inclusive_time = 90
exclusive_time = 90
process_id = p6
operationName = MmcGetMovieId
serviceName = movie-id-service
call path = ->/wrk2-api/review/compose_nginx->/wrk2-api/review/compose_nginx->ComposeReview_nginx->UploadMovieId_movie-id-service
------------------------------------------------------------------------------------
