span 0
span_id = 4ead1e9fd842102b
parent_id = None
start_time = 1682628697966000
end_time = 1682628697970971
inclusive_time = 4971
exclusive_time = 417
process_id = p5
operationName = /wrk2-api/review/compose
serviceName = None
------------------------------------------------------------------------------------
span 1
span_id = b4cb77922872a3c8
parent_id = 4ead1e9fd842102b
start_time = 1682628697966417
end_time = 1682628697970971
inclusive_time = 4554
exclusive_time = 105
process_id = p5
operationName = /wrk2-api/review/compose
serviceName = None
------------------------------------------------------------------------------------
span 2
span_id = 0aa230d7dc0a58c2
parent_id = b4cb77922872a3c8
start_time = 1682628697966459
end_time = 1682628697970908
inclusive_time = 4449
exclusive_time = 677
process_id = p5
operationName = ComposeReview
serviceName = None
------------------------------------------------------------------------------------
span 3
span_id = bf79bd96073b0839
parent_id = 0aa230d7dc0a58c2
start_time = 1682628697967274
end_time = 1682628697970485
inclusive_time = 3211
exclusive_time = 374
process_id = p7
operationName = UploadMovieId
serviceName = None
------------------------------------------------------------------------------------
span 4
span_id = 3c963f553f9668bf
parent_id = bf79bd96073b0839
start_time = 1682628697967738
end_time = 1682628697970360
inclusive_time = 2622
exclusive_time = 238
process_id = p3
operationName = UploadRating
serviceName = None
------------------------------------------------------------------------------------
span 5
span_id = 4494eecfa3342122
parent_id = 3c963f553f9668bf
start_time = 1682628697967958
end_time = 1682628697970228
inclusive_time = 2270
exclusive_time = 1198
process_id = p2
operationName = UploadRating
serviceName = None
------------------------------------------------------------------------------------
span 6
span_id = ce80e620486284c6
parent_id = 4494eecfa3342122
start_time = 1682628697969021
end_time = 1682628697970093
inclusive_time = 1072
exclusive_time = 25
process_id = p1
operationName = UploadUserReview
serviceName = None
------------------------------------------------------------------------------------
span 7
span_id = 0c7b8c5158006878
parent_id = ce80e620486284c6
start_time = 1682628697969046
end_time = 1682628697970100
inclusive_time = 1054
exclusive_time = 1054
process_id = p1
operationName = MongoFindUser
serviceName = None
------------------------------------------------------------------------------------
span 8
span_id = dc6ac4b99f8debb1
parent_id = bf79bd96073b0839
start_time = 1682628697967581
end_time = 1682628697967698
inclusive_time = 117
exclusive_time = 117
process_id = p7
operationName = MmcSetMovieId
serviceName = None
------------------------------------------------------------------------------------
span 9
span_id = b780e1d2e3a6d586
parent_id = bf79bd96073b0839
start_time = 1682628697967291
end_time = 1682628697967389
inclusive_time = 98
exclusive_time = 98
process_id = p7
operationName = MmcGetMovieId
serviceName = None
------------------------------------------------------------------------------------
