span = 0
trace_id = ef9ad79a2840acca
span_id = ef9ad79a2840acca
parent_id = None
start_time = 1682628697932000
end_time = 1682628697937066
inclusive_time = 5066
exclusive_time = 476
process_id = p8
operationName = /wrk2-api/review/compose
serviceName = nginx
call path = 
------------------------------------------------------------------------------------
span = 1
trace_id = ef9ad79a2840acca
span_id = 726abbce076d8a80
parent_id = ef9ad79a2840acca
start_time = 1682628697932476
end_time = 1682628697937066
inclusive_time = 4590
exclusive_time = 101
process_id = p8
operationName = /wrk2-api/review/compose
serviceName = nginx
call path = ->/wrk2-api/review/compose_nginx
------------------------------------------------------------------------------------
span = 2
trace_id = ef9ad79a2840acca
span_id = f93a720eef7295a4
parent_id = 726abbce076d8a80
start_time = 1682628697932517
end_time = 1682628697937006
inclusive_time = 4489
exclusive_time = 256
process_id = p8
operationName = ComposeReview
serviceName = nginx
call path = ->/wrk2-api/review/compose_nginx->/wrk2-api/review/compose_nginx
------------------------------------------------------------------------------------
span = 3
trace_id = ef9ad79a2840acca
span_id = 48fbe8b8bfd354df
parent_id = f93a720eef7295a4
start_time = 1682628697932787
end_time = 1682628697936917
inclusive_time = 4130
exclusive_time = 667
process_id = p7
operationName = UploadMovieId
serviceName = movie-id-service
call path = ->/wrk2-api/review/compose_nginx->/wrk2-api/review/compose_nginx->ComposeReview_nginx
------------------------------------------------------------------------------------
span = 4
trace_id = ef9ad79a2840acca
span_id = 4fb8018c79eddabf
parent_id = 48fbe8b8bfd354df
start_time = 1682628697933840
end_time = 1682628697936804
inclusive_time = 2964
exclusive_time = 223
process_id = p5
operationName = UploadRating
serviceName = rating-service
call path = ->/wrk2-api/review/compose_nginx->/wrk2-api/review/compose_nginx->ComposeReview_nginx->UploadMovieId_movie-id-service
------------------------------------------------------------------------------------
span = 5
trace_id = ef9ad79a2840acca
span_id = a5f03e271d7397f9
parent_id = 4fb8018c79eddabf
start_time = 1682628697934201
end_time = 1682628697936687
inclusive_time = 2486
exclusive_time = 1096
process_id = p4
operationName = UploadRating
serviceName = compose-review-service
call path = ->/wrk2-api/review/compose_nginx->/wrk2-api/review/compose_nginx->ComposeReview_nginx->UploadMovieId_movie-id-service->UploadRating_rating-service
------------------------------------------------------------------------------------
span = 6
trace_id = ef9ad79a2840acca
span_id = 0e16d8d46a0d53ae
parent_id = a5f03e271d7397f9
start_time = 1682628697935217
end_time = 1682628697936540
inclusive_time = 1323
exclusive_time = 22
process_id = p3
operationName = UploadUserReview
serviceName = user-review-service
call path = ->/wrk2-api/review/compose_nginx->/wrk2-api/review/compose_nginx->ComposeReview_nginx->UploadMovieId_movie-id-service->UploadRating_rating-service->UploadRating_compose-review-service
------------------------------------------------------------------------------------
span = 7
trace_id = ef9ad79a2840acca
span_id = a39f3b0ba25500c7
parent_id = 0e16d8d46a0d53ae
start_time = 1682628697935239
end_time = 1682628697936579
inclusive_time = 1340
exclusive_time = 1340
process_id = p3
operationName = MongoFindUser
serviceName = user-review-service
call path = ->/wrk2-api/review/compose_nginx->/wrk2-api/review/compose_nginx->ComposeReview_nginx->UploadMovieId_movie-id-service->UploadRating_rating-service->UploadRating_compose-review-service->UploadUserReview_user-review-service
------------------------------------------------------------------------------------
span = 8
trace_id = ef9ad79a2840acca
span_id = 249379dff645622b
parent_id = 48fbe8b8bfd354df
start_time = 1682628697933137
end_time = 1682628697933440
inclusive_time = 303
exclusive_time = 303
process_id = p4
operationName = UploadMovieId
serviceName = compose-review-service
call path = ->/wrk2-api/review/compose_nginx->/wrk2-api/review/compose_nginx->ComposeReview_nginx->UploadMovieId_movie-id-service
------------------------------------------------------------------------------------
span = 9
trace_id = ef9ad79a2840acca
span_id = eb712d7eee3d68bf
parent_id = 48fbe8b8bfd354df
start_time = 1682628697932798
end_time = 1682628697932889
inclusive_time = 91
exclusive_time = 91
process_id = p7
operationName = MmcGetMovieId
serviceName = movie-id-service
call path = ->/wrk2-api/review/compose_nginx->/wrk2-api/review/compose_nginx->ComposeReview_nginx->UploadMovieId_movie-id-service
------------------------------------------------------------------------------------
