span = 0
trace_id = 981da80f149a9f4f
span_id = 981da80f149a9f4f
parent_id = None
start_time = 1682711472559000
end_time = 1682711472559904
inclusive_time = 904
exclusive_time = 712
process_id = p1
operationName = 
serviceName = nginx
------------------------------------------------------------------------------------
span = 1
trace_id = 981da80f149a9f4f
span_id = 0688a2b53f0480e6
parent_id = 981da80f149a9f4f
start_time = 1682711472559756
end_time = 1682711472559904
inclusive_time = 148
exclusive_time = 148
process_id = p1
operationName = 
serviceName = nginx
------------------------------------------------------------------------------------
span = 2
trace_id = 981da80f149a9f4f
span_id = 7d6dfae772a08875
parent_id = 981da80f149a9f4f
start_time = 1682711472559642
end_time = 1682711472559686
inclusive_time = 44
exclusive_time = 44
process_id = p1
operationName = 
serviceName = nginx
------------------------------------------------------------------------------------
