span 0
span_id = 461a79a96c41cd95
parent_id = None
start_time = 1682628698032000
end_time = 1682628698037156
inclusive_time = 5156
exclusive_time = 1078
process_id = p5
operationName = /wrk2-api/review/compose
serviceName = None
------------------------------------------------------------------------------------
span 1
span_id = 11f885539ddccaba
parent_id = 461a79a96c41cd95
start_time = 1682628698033078
end_time = 1682628698037156
inclusive_time = 4078
exclusive_time = 91
process_id = p5
operationName = /wrk2-api/review/compose
serviceName = None
------------------------------------------------------------------------------------
span 2
span_id = 53ffe48b1e02fca6
parent_id = 11f885539ddccaba
start_time = 1682628698033115
end_time = 1682628698037102
inclusive_time = 3987
exclusive_time = 278
process_id = p5
operationName = ComposeReview
serviceName = None
------------------------------------------------------------------------------------
span 3
span_id = f68121255db75abf
parent_id = 53ffe48b1e02fca6
start_time = 1682628698034075
end_time = 1682628698037019
inclusive_time = 2944
exclusive_time = 530
process_id = p4
operationName = UploadUniqueId
serviceName = None
------------------------------------------------------------------------------------
span 4
span_id = 02d0b8d59f5aa6d6
parent_id = f68121255db75abf
start_time = 1682628698034523
end_time = 1682628698036937
inclusive_time = 2414
exclusive_time = 1066
process_id = p2
operationName = UploadUniqueId
serviceName = None
------------------------------------------------------------------------------------
span 5
span_id = 80e87f9cbb85604d
parent_id = 02d0b8d59f5aa6d6
start_time = 1682628698035562
end_time = 1682628698036819
inclusive_time = 1257
exclusive_time = 25
process_id = p6
operationName = UploadMovieReview
serviceName = None
------------------------------------------------------------------------------------
span 6
span_id = ec805f2ccf77628e
parent_id = 80e87f9cbb85604d
start_time = 1682628698035587
end_time = 1682628698036827
inclusive_time = 1240
exclusive_time = 1240
process_id = p6
operationName = MongoFindMovie
serviceName = None
------------------------------------------------------------------------------------
