span = 0
trace_id = 132380824d8d2137
span_id = 132380824d8d2137
parent_id = None
start_time = 1682628698070000
end_time = 1682628698074786
inclusive_time = 4786
exclusive_time = 65
process_id = p1
operationName = /wrk2-api/review/compose
serviceName = nginx
------------------------------------------------------------------------------------
span = 1
trace_id = 132380824d8d2137
span_id = 5eab656023bbf0bb
parent_id = 132380824d8d2137
start_time = 1682628698070064
end_time = 1682628698074785
inclusive_time = 4721
exclusive_time = 104
process_id = p1
operationName = /wrk2-api/review/compose
serviceName = nginx
------------------------------------------------------------------------------------
span = 2
trace_id = 132380824d8d2137
span_id = 4120c7a687867050
parent_id = 5eab656023bbf0bb
start_time = 1682628698070108
end_time = 1682628698074725
inclusive_time = 4617
exclusive_time = 680
process_id = p1
operationName = ComposeReview
serviceName = nginx
------------------------------------------------------------------------------------
span = 3
trace_id = 132380824d8d2137
span_id = e5feb3140b2d8014
parent_id = 4120c7a687867050
start_time = 1682628698070413
end_time = 1682628698074228
inclusive_time = 3815
exclusive_time = 584
process_id = p5
operationName = UploadMovieId
serviceName = movie-id-service
------------------------------------------------------------------------------------
span = 4
trace_id = 132380824d8d2137
span_id = 9d05d6442c0f4e96
parent_id = e5feb3140b2d8014
start_time = 1682628698071281
end_time = 1682628698074051
inclusive_time = 2770
exclusive_time = 358
process_id = p7
operationName = UploadRating
serviceName = rating-service
------------------------------------------------------------------------------------
span = 5
trace_id = 132380824d8d2137
span_id = 683d842b6d1275cd
parent_id = 9d05d6442c0f4e96
start_time = 1682628698071422
end_time = 1682628698073805
inclusive_time = 2383
exclusive_time = 1242
process_id = p3
operationName = UploadRating
serviceName = compose-review-service
------------------------------------------------------------------------------------
span = 6
trace_id = 132380824d8d2137
span_id = 17c1cd29230144a8
parent_id = 683d842b6d1275cd
start_time = 1682628698072544
end_time = 1682628698073614
inclusive_time = 1070
exclusive_time = 21
process_id = p6
operationName = UploadUserReview
serviceName = user-review-service
------------------------------------------------------------------------------------
span = 7
trace_id = 132380824d8d2137
span_id = 03416984f514d4b7
parent_id = 17c1cd29230144a8
start_time = 1682628698072565
end_time = 1682628698073620
inclusive_time = 1055
exclusive_time = 1055
process_id = p6
operationName = MongoFindUser
serviceName = user-review-service
------------------------------------------------------------------------------------
span = 8
trace_id = 132380824d8d2137
span_id = e2d1b5877fe3cf46
parent_id = e5feb3140b2d8014
start_time = 1682628698070884
end_time = 1682628698071199
inclusive_time = 315
exclusive_time = 315
process_id = p3
operationName = UploadMovieId
serviceName = compose-review-service
------------------------------------------------------------------------------------
span = 9
trace_id = 132380824d8d2137
span_id = d0c272c331c1f527
parent_id = e5feb3140b2d8014
start_time = 1682628698070434
end_time = 1682628698070557
inclusive_time = 123
exclusive_time = 123
process_id = p5
operationName = MmcGetMovieId
serviceName = movie-id-service
------------------------------------------------------------------------------------
