span = 0
trace_id = 8a7f70a1615a6075
span_id = 8a7f70a1615a6075
parent_id = None
start_time = 1682628698054000
end_time = 1682628698059880
inclusive_time = 5880
exclusive_time = 430
process_id = p8
operationName = /wrk2-api/review/compose
serviceName = nginx
------------------------------------------------------------------------------------
span = 1
trace_id = 8a7f70a1615a6075
span_id = 98e7b3e5d48d82bb
parent_id = 8a7f70a1615a6075
start_time = 1682628698054429
end_time = 1682628698059879
inclusive_time = 5450
exclusive_time = 98
process_id = p8
operationName = /wrk2-api/review/compose
serviceName = nginx
------------------------------------------------------------------------------------
span = 2
trace_id = 8a7f70a1615a6075
span_id = 5fe058639e69adfa
parent_id = 98e7b3e5d48d82bb
start_time = 1682628698054475
end_time = 1682628698059827
inclusive_time = 5352
exclusive_time = 605
process_id = p8
operationName = ComposeReview
serviceName = nginx
------------------------------------------------------------------------------------
span = 3
trace_id = 8a7f70a1615a6075
span_id = 2ded726644606e27
parent_id = 5fe058639e69adfa
start_time = 1682628698054829
end_time = 1682628698059456
inclusive_time = 4627
exclusive_time = 408
process_id = p5
operationName = UploadMovieId
serviceName = movie-id-service
------------------------------------------------------------------------------------
span = 4
trace_id = 8a7f70a1615a6075
span_id = 95f1215867d6b3a4
parent_id = 2ded726644606e27
start_time = 1682628698055330
end_time = 1682628698059335
inclusive_time = 4005
exclusive_time = 223
process_id = p7
operationName = UploadRating
serviceName = rating-service
------------------------------------------------------------------------------------
span = 5
trace_id = 8a7f70a1615a6075
span_id = 1d330e9545b2e553
parent_id = 95f1215867d6b3a4
start_time = 1682628698055652
end_time = 1682628698059210
inclusive_time = 3558
exclusive_time = 1312
process_id = p3
operationName = UploadRating
serviceName = compose-review-service
------------------------------------------------------------------------------------
span = 6
trace_id = 8a7f70a1615a6075
span_id = d56d60031a9c8262
parent_id = 1d330e9545b2e553
start_time = 1682628698056807
end_time = 1682628698059026
inclusive_time = 2219
exclusive_time = 25
process_id = p6
operationName = UploadUserReview
serviceName = user-review-service
------------------------------------------------------------------------------------
span = 7
trace_id = 8a7f70a1615a6075
span_id = d1a3ea4231d2de41
parent_id = d56d60031a9c8262
start_time = 1682628698056832
end_time = 1682628698059031
inclusive_time = 2199
exclusive_time = 2199
process_id = p6
operationName = MongoFindUser
serviceName = user-review-service
------------------------------------------------------------------------------------
span = 8
trace_id = 8a7f70a1615a6075
span_id = 28320a1dbf72cc59
parent_id = 2ded726644606e27
start_time = 1682628698055134
end_time = 1682628698055228
inclusive_time = 94
exclusive_time = 94
process_id = p5
operationName = MmcSetMovieId
serviceName = movie-id-service
------------------------------------------------------------------------------------
span = 9
trace_id = 8a7f70a1615a6075
span_id = 152976f2398f17f3
parent_id = 2ded726644606e27
start_time = 1682628698054848
end_time = 1682628698054949
inclusive_time = 101
exclusive_time = 101
process_id = p5
operationName = MmcGetMovieId
serviceName = movie-id-service
------------------------------------------------------------------------------------
