span 0
span_id = cfafab1cd5246202
parent_id = None
start_time = 1682628697999000
end_time = 1682628698004589
inclusive_time = 5589
exclusive_time = 1035
process_id = p3
operationName = /wrk2-api/review/compose
serviceName = None
------------------------------------------------------------------------------------
span 1
span_id = ebf2e2dc12716c1b
parent_id = cfafab1cd5246202
start_time = 1682628698000035
end_time = 1682628698004589
inclusive_time = 4554
exclusive_time = 98
process_id = p3
operationName = /wrk2-api/review/compose
serviceName = None
------------------------------------------------------------------------------------
span 2
span_id = f13fa614fb057bf8
parent_id = ebf2e2dc12716c1b
start_time = 1682628698000080
end_time = 1682628698004536
inclusive_time = 4456
exclusive_time = 1048
process_id = p3
operationName = ComposeReview
serviceName = None
------------------------------------------------------------------------------------
span 3
span_id = f5a12d45caafccf7
parent_id = f13fa614fb057bf8
start_time = 1682628698000377
end_time = 1682628698003785
inclusive_time = 3408
exclusive_time = 299
process_id = p2
operationName = UploadMovieId
serviceName = None
------------------------------------------------------------------------------------
span 4
span_id = 08c80736ea04710e
parent_id = f5a12d45caafccf7
start_time = 1682628698000793
end_time = 1682628698003651
inclusive_time = 2858
exclusive_time = 277
process_id = p9
operationName = UploadRating
serviceName = None
------------------------------------------------------------------------------------
span 5
span_id = 284c74f96fcb0a6a
parent_id = 08c80736ea04710e
start_time = 1682628698001232
end_time = 1682628698003549
inclusive_time = 2317
exclusive_time = 948
process_id = p5
operationName = UploadRating
serviceName = None
------------------------------------------------------------------------------------
span 6
span_id = c52840acea6ab391
parent_id = 284c74f96fcb0a6a
start_time = 1682628698002165
end_time = 1682628698003450
inclusive_time = 1285
exclusive_time = 18
process_id = p1
operationName = UploadMovieReview
serviceName = None
------------------------------------------------------------------------------------
span 7
span_id = 5ccb60b5dd3f7247
parent_id = c52840acea6ab391
start_time = 1682628698002183
end_time = 1682628698003453
inclusive_time = 1270
exclusive_time = 1270
process_id = p1
operationName = MongoFindMovie
serviceName = None
------------------------------------------------------------------------------------
span 8
span_id = 568f662fc6583e33
parent_id = f5a12d45caafccf7
start_time = 1682628698000396
end_time = 1682628698000500
inclusive_time = 104
exclusive_time = 104
process_id = p2
operationName = MmcGetMovieId
serviceName = None
------------------------------------------------------------------------------------
