span = 0
trace_id = 61e83f523d2608f1
span_id = 61e83f523d2608f1
parent_id = None
start_time = 1682628698304000
end_time = 1682628698309703
inclusive_time = 5703
exclusive_time = 1333
process_id = p10
operationName = /wrk2-api/review/compose
serviceName = nginx
------------------------------------------------------------------------------------
span = 1
trace_id = 61e83f523d2608f1
span_id = 33c4633dd2c5edf6
parent_id = 61e83f523d2608f1
start_time = 1682628698305333
end_time = 1682628698309703
inclusive_time = 4370
exclusive_time = 97
process_id = p10
operationName = /wrk2-api/review/compose
serviceName = nginx
------------------------------------------------------------------------------------
span = 2
trace_id = 61e83f523d2608f1
span_id = 9cdf9fccb50a572d
parent_id = 33c4633dd2c5edf6
start_time = 1682628698305376
end_time = 1682628698309649
inclusive_time = 4273
exclusive_time = 318
process_id = p10
operationName = ComposeReview
serviceName = nginx
------------------------------------------------------------------------------------
span = 3
trace_id = 61e83f523d2608f1
span_id = 50c8f9b7028aabc6
parent_id = 9cdf9fccb50a572d
start_time = 1682628698305674
end_time = 1682628698309525
inclusive_time = 3851
exclusive_time = 874
process_id = p3
operationName = UploadMovieId
serviceName = movie-id-service
------------------------------------------------------------------------------------
span = 4
trace_id = 61e83f523d2608f1
span_id = ea336809a5f4e42c
parent_id = 50c8f9b7028aabc6
start_time = 1682628698306613
end_time = 1682628698309266
inclusive_time = 2653
exclusive_time = 248
process_id = p9
operationName = UploadRating
serviceName = rating-service
------------------------------------------------------------------------------------
span = 5
trace_id = 61e83f523d2608f1
span_id = 2f24968c1cc7c5d8
parent_id = ea336809a5f4e42c
start_time = 1682628698306862
end_time = 1682628698309162
inclusive_time = 2300
exclusive_time = 1098
process_id = p2
operationName = UploadRating
serviceName = compose-review-service
------------------------------------------------------------------------------------
span = 6
trace_id = 61e83f523d2608f1
span_id = e831477734f90399
parent_id = 2f24968c1cc7c5d8
start_time = 1682628698308030
end_time = 1682628698309071
inclusive_time = 1041
exclusive_time = 18
process_id = p6
operationName = UploadMovieReview
serviceName = movie-review-service
------------------------------------------------------------------------------------
span = 7
trace_id = 61e83f523d2608f1
span_id = 6aef7707af308d7f
parent_id = e831477734f90399
start_time = 1682628698308048
end_time = 1682628698309075
inclusive_time = 1027
exclusive_time = 1027
process_id = p6
operationName = MongoFindMovie
serviceName = movie-review-service
------------------------------------------------------------------------------------
span = 8
trace_id = 61e83f523d2608f1
span_id = 89e6abaea6575d87
parent_id = 50c8f9b7028aabc6
start_time = 1682628698306367
end_time = 1682628698306468
inclusive_time = 101
exclusive_time = 101
process_id = p3
operationName = MmcSetMovieId
serviceName = movie-id-service
------------------------------------------------------------------------------------
span = 9
trace_id = 61e83f523d2608f1
span_id = ff57041f1ade37cc
parent_id = 50c8f9b7028aabc6
start_time = 1682628698305698
end_time = 1682628698305807
inclusive_time = 109
exclusive_time = 109
process_id = p3
operationName = MmcGetMovieId
serviceName = movie-id-service
------------------------------------------------------------------------------------
