span = 0
trace_id = 81bbc3b496d4220c
span_id = 81bbc3b496d4220c
parent_id = None
start_time = 1682628698132000
end_time = 1682628698137146
inclusive_time = 5146
exclusive_time = 285
process_id = p4
operationName = /wrk2-api/review/compose
serviceName = nginx
call path = 
------------------------------------------------------------------------------------
span = 1
trace_id = 81bbc3b496d4220c
span_id = 367a6e120db8bd38
parent_id = 81bbc3b496d4220c
start_time = 1682628698132285
end_time = 1682628698137146
inclusive_time = 4861
exclusive_time = 108
process_id = p4
operationName = /wrk2-api/review/compose
serviceName = nginx
call path = ->/wrk2-api/review/compose_nginx
------------------------------------------------------------------------------------
span = 2
trace_id = 81bbc3b496d4220c
span_id = f3d16ef367b1d23d
parent_id = 367a6e120db8bd38
start_time = 1682628698132336
end_time = 1682628698137089
inclusive_time = 4753
exclusive_time = 1296
process_id = p4
operationName = ComposeReview
serviceName = nginx
call path = ->/wrk2-api/review/compose_nginx->/wrk2-api/review/compose_nginx
------------------------------------------------------------------------------------
span = 3
trace_id = 81bbc3b496d4220c
span_id = 42fe6df29d7be633
parent_id = f3d16ef367b1d23d
start_time = 1682628698132680
end_time = 1682628698136137
inclusive_time = 3457
exclusive_time = 386
process_id = p1
operationName = UploadMovieId
serviceName = movie-id-service
call path = ->/wrk2-api/review/compose_nginx->/wrk2-api/review/compose_nginx->ComposeReview_nginx
------------------------------------------------------------------------------------
span = 4
trace_id = 81bbc3b496d4220c
span_id = 4866cce5f022df37
parent_id = 42fe6df29d7be633
start_time = 1682628698133311
end_time = 1682628698135981
inclusive_time = 2670
exclusive_time = 308
process_id = p3
operationName = UploadRating
serviceName = rating-service
call path = ->/wrk2-api/review/compose_nginx->/wrk2-api/review/compose_nginx->ComposeReview_nginx->UploadMovieId_movie-id-service
------------------------------------------------------------------------------------
span = 5
trace_id = 81bbc3b496d4220c
span_id = 83bf11633e81fdfe
parent_id = 4866cce5f022df37
start_time = 1682628698133569
end_time = 1682628698135863
inclusive_time = 2294
exclusive_time = 1076
process_id = p5
operationName = UploadRating
serviceName = compose-review-service
call path = ->/wrk2-api/review/compose_nginx->/wrk2-api/review/compose_nginx->ComposeReview_nginx->UploadMovieId_movie-id-service->UploadRating_rating-service
------------------------------------------------------------------------------------
span = 6
trace_id = 81bbc3b496d4220c
span_id = ec3fdc2da659e8f7
parent_id = 83bf11633e81fdfe
start_time = 1682628698134609
end_time = 1682628698135749
inclusive_time = 1140
exclusive_time = 19
process_id = p6
operationName = UploadMovieReview
serviceName = movie-review-service
call path = ->/wrk2-api/review/compose_nginx->/wrk2-api/review/compose_nginx->ComposeReview_nginx->UploadMovieId_movie-id-service->UploadRating_rating-service->UploadRating_compose-review-service
------------------------------------------------------------------------------------
span = 7
trace_id = 81bbc3b496d4220c
span_id = e6f2b3786a7602fa
parent_id = ec3fdc2da659e8f7
start_time = 1682628698134628
end_time = 1682628698135753
inclusive_time = 1125
exclusive_time = 1125
process_id = p6
operationName = MongoFindMovie
serviceName = movie-review-service
call path = ->/wrk2-api/review/compose_nginx->/wrk2-api/review/compose_nginx->ComposeReview_nginx->UploadMovieId_movie-id-service->UploadRating_rating-service->UploadRating_compose-review-service->UploadMovieReview_movie-review-service
------------------------------------------------------------------------------------
span = 8
trace_id = 81bbc3b496d4220c
span_id = 5bb73f00ceff8b1d
parent_id = 42fe6df29d7be633
start_time = 1682628698132960
end_time = 1682628698133068
inclusive_time = 108
exclusive_time = 108
process_id = p1
operationName = MmcSetMovieId
serviceName = movie-id-service
call path = ->/wrk2-api/review/compose_nginx->/wrk2-api/review/compose_nginx->ComposeReview_nginx->UploadMovieId_movie-id-service
------------------------------------------------------------------------------------
span = 9
trace_id = 81bbc3b496d4220c
span_id = eb2781a8f67a839b
parent_id = 42fe6df29d7be633
start_time = 1682628698132699
end_time = 1682628698132791
inclusive_time = 92
exclusive_time = 92
process_id = p1
operationName = MmcGetMovieId
serviceName = movie-id-service
call path = ->/wrk2-api/review/compose_nginx->/wrk2-api/review/compose_nginx->ComposeReview_nginx->UploadMovieId_movie-id-service
------------------------------------------------------------------------------------
