span = 0
trace_id = 469899d56e120761
span_id = 469899d56e120761
parent_id = None
start_time = 1682628698215000
end_time = 1682628698220482
inclusive_time = 5482
exclusive_time = 632
process_id = p6
operationName = /wrk2-api/review/compose
serviceName = nginx
call path = 
------------------------------------------------------------------------------------
span = 1
trace_id = 469899d56e120761
span_id = 0989410b4c08484f
parent_id = 469899d56e120761
start_time = 1682628698215631
end_time = 1682628698220481
inclusive_time = 4850
exclusive_time = 87
process_id = p6
operationName = /wrk2-api/review/compose
serviceName = nginx
call path = ->/wrk2-api/review/compose_nginx
------------------------------------------------------------------------------------
span = 2
trace_id = 469899d56e120761
span_id = a1a164ec0094651c
parent_id = 0989410b4c08484f
start_time = 1682628698215674
end_time = 1682628698220437
inclusive_time = 4763
exclusive_time = 1016
process_id = p6
operationName = ComposeReview
serviceName = nginx
call path = ->/wrk2-api/review/compose_nginx->/wrk2-api/review/compose_nginx
------------------------------------------------------------------------------------
span = 3
trace_id = 469899d56e120761
span_id = d008e6163a2fb385
parent_id = a1a164ec0094651c
start_time = 1682628698215951
end_time = 1682628698219600
inclusive_time = 3649
exclusive_time = 571
process_id = p3
operationName = UploadMovieId
serviceName = movie-id-service
call path = ->/wrk2-api/review/compose_nginx->/wrk2-api/review/compose_nginx->ComposeReview_nginx
------------------------------------------------------------------------------------
span = 4
trace_id = 469899d56e120761
span_id = f6a0f0b241176aaf
parent_id = d008e6163a2fb385
start_time = 1682628698216676
end_time = 1682628698219420
inclusive_time = 2744
exclusive_time = 293
process_id = p10
operationName = UploadRating
serviceName = rating-service
call path = ->/wrk2-api/review/compose_nginx->/wrk2-api/review/compose_nginx->ComposeReview_nginx->UploadMovieId_movie-id-service
------------------------------------------------------------------------------------
span = 5
trace_id = 469899d56e120761
span_id = c02ca591927b56ee
parent_id = f6a0f0b241176aaf
start_time = 1682628698216933
end_time = 1682628698219311
inclusive_time = 2378
exclusive_time = 1115
process_id = p2
operationName = UploadRating
serviceName = compose-review-service
call path = ->/wrk2-api/review/compose_nginx->/wrk2-api/review/compose_nginx->ComposeReview_nginx->UploadMovieId_movie-id-service->UploadRating_rating-service
------------------------------------------------------------------------------------
span = 6
trace_id = 469899d56e120761
span_id = 4fc599dd6c9b3f5a
parent_id = c02ca591927b56ee
start_time = 1682628698217902
end_time = 1682628698219128
inclusive_time = 1226
exclusive_time = 18
process_id = p1
operationName = UploadUserReview
serviceName = user-review-service
call path = ->/wrk2-api/review/compose_nginx->/wrk2-api/review/compose_nginx->ComposeReview_nginx->UploadMovieId_movie-id-service->UploadRating_rating-service->UploadRating_compose-review-service
------------------------------------------------------------------------------------
span = 7
trace_id = 469899d56e120761
span_id = ef16035b7a16222e
parent_id = 4fc599dd6c9b3f5a
start_time = 1682628698217920
end_time = 1682628698219195
inclusive_time = 1275
exclusive_time = 1275
process_id = p1
operationName = MongoFindUser
serviceName = user-review-service
call path = ->/wrk2-api/review/compose_nginx->/wrk2-api/review/compose_nginx->ComposeReview_nginx->UploadMovieId_movie-id-service->UploadRating_rating-service->UploadRating_compose-review-service->UploadUserReview_user-review-service
------------------------------------------------------------------------------------
span = 8
trace_id = 469899d56e120761
span_id = f38347619541cdae
parent_id = d008e6163a2fb385
start_time = 1682628698216243
end_time = 1682628698216428
inclusive_time = 185
exclusive_time = 185
process_id = p3
operationName = MmcSetMovieId
serviceName = movie-id-service
call path = ->/wrk2-api/review/compose_nginx->/wrk2-api/review/compose_nginx->ComposeReview_nginx->UploadMovieId_movie-id-service
------------------------------------------------------------------------------------
span = 9
trace_id = 469899d56e120761
span_id = 4bba98297650026a
parent_id = d008e6163a2fb385
start_time = 1682628698215969
end_time = 1682628698216067
inclusive_time = 98
exclusive_time = 98
process_id = p3
operationName = MmcGetMovieId
serviceName = movie-id-service
call path = ->/wrk2-api/review/compose_nginx->/wrk2-api/review/compose_nginx->ComposeReview_nginx->UploadMovieId_movie-id-service
------------------------------------------------------------------------------------
