span = 0
span_id = f1c02f98d9c71e22
parent_id = None
start_time = 1682628698047000
end_time = 1682628698051936
inclusive_time = 4936
exclusive_time = 913
process_id = p3
operationName = /wrk2-api/review/compose
serviceName = nginx
------------------------------------------------------------------------------------
span = 1
span_id = d72aca79bc514e7c
parent_id = f1c02f98d9c71e22
start_time = 1682628698047913
end_time = 1682628698051936
inclusive_time = 4023
exclusive_time = 100
process_id = p3
operationName = /wrk2-api/review/compose
serviceName = nginx
------------------------------------------------------------------------------------
span = 2
span_id = 941d71b72b21704c
parent_id = d72aca79bc514e7c
start_time = 1682628698047954
end_time = 1682628698051877
inclusive_time = 3923
exclusive_time = 281
process_id = p3
operationName = ComposeReview
serviceName = nginx
------------------------------------------------------------------------------------
span = 3
span_id = dce7b02ceea6b8e5
parent_id = 941d71b72b21704c
start_time = 1682628698048245
end_time = 1682628698051792
inclusive_time = 3547
exclusive_time = 483
process_id = p7
operationName = UploadMovieId
serviceName = movie-id-service
------------------------------------------------------------------------------------
span = 4
span_id = f9e6476faba52400
parent_id = dce7b02ceea6b8e5
start_time = 1682628698048824
end_time = 1682628698051668
inclusive_time = 2844
exclusive_time = 314
process_id = p8
operationName = UploadRating
serviceName = rating-service
------------------------------------------------------------------------------------
span = 5
span_id = ddbd5649d2175529
parent_id = f9e6476faba52400
start_time = 1682628698048972
end_time = 1682628698051494
inclusive_time = 2522
exclusive_time = 1250
process_id = p5
operationName = UploadRating
serviceName = compose-review-service
------------------------------------------------------------------------------------
span = 6
span_id = c31504f68f597501
parent_id = ddbd5649d2175529
start_time = 1682628698049999
end_time = 1682628698051271
inclusive_time = 1272
exclusive_time = 25
process_id = p1
operationName = UploadUserReview
serviceName = user-review-service
------------------------------------------------------------------------------------
span = 7
span_id = 376e01ee9c2fa398
parent_id = c31504f68f597501
start_time = 1682628698050024
end_time = 1682628698051276
inclusive_time = 1252
exclusive_time = 1252
process_id = p1
operationName = MongoFindUser
serviceName = user-review-service
------------------------------------------------------------------------------------
span = 8
span_id = 367d5856cb474809
parent_id = dce7b02ceea6b8e5
start_time = 1682628698048713
end_time = 1682628698048814
inclusive_time = 101
exclusive_time = 101
process_id = p7
operationName = MmcSetMovieId
serviceName = movie-id-service
------------------------------------------------------------------------------------
span = 9
span_id = bcc744558059380a
parent_id = dce7b02ceea6b8e5
start_time = 1682628698048265
end_time = 1682628698048374
inclusive_time = 109
exclusive_time = 109
process_id = p7
operationName = MmcGetMovieId
serviceName = movie-id-service
------------------------------------------------------------------------------------
