span = 0
trace_id = 5859123f1eb92e93
span_id = 5859123f1eb92e93
parent_id = None
start_time = 1682628697999000
end_time = 1682628698004407
inclusive_time = 5407
exclusive_time = 903
process_id = p3
operationName = /wrk2-api/review/compose
serviceName = nginx
call path = 
------------------------------------------------------------------------------------
span = 1
trace_id = 5859123f1eb92e93
span_id = bdef0a2e82d9e24f
parent_id = 5859123f1eb92e93
start_time = 1682628697999902
end_time = 1682628698004406
inclusive_time = 4504
exclusive_time = 155
process_id = p3
operationName = /wrk2-api/review/compose
serviceName = nginx
call path = ->/wrk2-api/review/compose_nginx
------------------------------------------------------------------------------------
span = 2
trace_id = 5859123f1eb92e93
span_id = ece6fee0997a601c
parent_id = bdef0a2e82d9e24f
start_time = 1682628697999989
end_time = 1682628698004338
inclusive_time = 4349
exclusive_time = 619
process_id = p3
operationName = ComposeReview
serviceName = nginx
call path = ->/wrk2-api/review/compose_nginx->/wrk2-api/review/compose_nginx
------------------------------------------------------------------------------------
span = 3
trace_id = 5859123f1eb92e93
span_id = c1c44e2aff4ca5a8
parent_id = ece6fee0997a601c
start_time = 1682628698000987
end_time = 1682628698004261
inclusive_time = 3274
exclusive_time = 281
process_id = p2
operationName = UploadMovieId
serviceName = movie-id-service
call path = ->/wrk2-api/review/compose_nginx->/wrk2-api/review/compose_nginx->ComposeReview_nginx
------------------------------------------------------------------------------------
span = 4
trace_id = 5859123f1eb92e93
span_id = b01329be3fd2169b
parent_id = c1c44e2aff4ca5a8
start_time = 1682628698001376
end_time = 1682628698004129
inclusive_time = 2753
exclusive_time = 1451
process_id = p5
operationName = UploadMovieId
serviceName = compose-review-service
call path = ->/wrk2-api/review/compose_nginx->/wrk2-api/review/compose_nginx->ComposeReview_nginx->UploadMovieId_movie-id-service
------------------------------------------------------------------------------------
span = 5
trace_id = 5859123f1eb92e93
span_id = 00d942022f5f65e7
parent_id = b01329be3fd2169b
start_time = 1682628698002891
end_time = 1682628698004017
inclusive_time = 1126
exclusive_time = 23
process_id = p6
operationName = UploadUserReview
serviceName = user-review-service
call path = ->/wrk2-api/review/compose_nginx->/wrk2-api/review/compose_nginx->ComposeReview_nginx->UploadMovieId_movie-id-service->UploadMovieId_compose-review-service
------------------------------------------------------------------------------------
span = 6
trace_id = 5859123f1eb92e93
span_id = 1053dc1694c6aa63
parent_id = 00d942022f5f65e7
start_time = 1682628698002914
end_time = 1682628698004021
inclusive_time = 1107
exclusive_time = 1107
process_id = p6
operationName = MongoFindUser
serviceName = user-review-service
call path = ->/wrk2-api/review/compose_nginx->/wrk2-api/review/compose_nginx->ComposeReview_nginx->UploadMovieId_movie-id-service->UploadMovieId_compose-review-service->UploadUserReview_user-review-service
------------------------------------------------------------------------------------
span = 7
trace_id = 5859123f1eb92e93
span_id = 88c7c845f3208ab6
parent_id = c1c44e2aff4ca5a8
start_time = 1682628698001225
end_time = 1682628698001365
inclusive_time = 140
exclusive_time = 140
process_id = p2
operationName = MmcSetMovieId
serviceName = movie-id-service
call path = ->/wrk2-api/review/compose_nginx->/wrk2-api/review/compose_nginx->ComposeReview_nginx->UploadMovieId_movie-id-service
------------------------------------------------------------------------------------
span = 8
trace_id = 5859123f1eb92e93
span_id = f32f1b83ca1a019a
parent_id = c1c44e2aff4ca5a8
start_time = 1682628698001010
end_time = 1682628698001110
inclusive_time = 100
exclusive_time = 100
process_id = p2
operationName = MmcGetMovieId
serviceName = movie-id-service
call path = ->/wrk2-api/review/compose_nginx->/wrk2-api/review/compose_nginx->ComposeReview_nginx->UploadMovieId_movie-id-service
------------------------------------------------------------------------------------
