span = 0
trace_id = 4997a634e0e5ae97
span_id = 4997a634e0e5ae97
parent_id = None
start_time = 1682628698322000
end_time = 1682628698326773
inclusive_time = 4773
exclusive_time = 640
process_id = p10
operationName = /wrk2-api/review/compose
serviceName = nginx
call path = 
------------------------------------------------------------------------------------
span = 1
trace_id = 4997a634e0e5ae97
span_id = 55f9aa957255e20e
parent_id = 4997a634e0e5ae97
start_time = 1682628698322639
end_time = 1682628698326772
inclusive_time = 4133
exclusive_time = 136
process_id = p10
operationName = /wrk2-api/review/compose
serviceName = nginx
call path = ->/wrk2-api/review/compose_nginx
------------------------------------------------------------------------------------
span = 2
trace_id = 4997a634e0e5ae97
span_id = 2079de6b0a3d1358
parent_id = 55f9aa957255e20e
start_time = 1682628698322712
end_time = 1682628698326709
inclusive_time = 3997
exclusive_time = 1010
process_id = p10
operationName = ComposeReview
serviceName = nginx
call path = ->/wrk2-api/review/compose_nginx->/wrk2-api/review/compose_nginx
------------------------------------------------------------------------------------
span = 3
trace_id = 4997a634e0e5ae97
span_id = 2a23ead3822f957d
parent_id = 2079de6b0a3d1358
start_time = 1682628698323416
end_time = 1682628698326036
inclusive_time = 2620
exclusive_time = 237
process_id = p7
operationName = UploadUserWithUsername
serviceName = user-service
call path = ->/wrk2-api/review/compose_nginx->/wrk2-api/review/compose_nginx->ComposeReview_nginx
------------------------------------------------------------------------------------
span = 4
trace_id = 4997a634e0e5ae97
span_id = 29f51fd966855906
parent_id = 2a23ead3822f957d
start_time = 1682628698323686
end_time = 1682628698325979
inclusive_time = 2293
exclusive_time = 972
process_id = p2
operationName = UploadUserId
serviceName = compose-review-service
call path = ->/wrk2-api/review/compose_nginx->/wrk2-api/review/compose_nginx->ComposeReview_nginx->UploadUserWithUsername_user-service
------------------------------------------------------------------------------------
span = 5
trace_id = 4997a634e0e5ae97
span_id = 78a8ce4988d1bcb6
parent_id = 29f51fd966855906
start_time = 1682628698324421
end_time = 1682628698325724
inclusive_time = 1303
exclusive_time = 17
process_id = p6
operationName = UploadUserReview
serviceName = user-review-service
call path = ->/wrk2-api/review/compose_nginx->/wrk2-api/review/compose_nginx->ComposeReview_nginx->UploadUserWithUsername_user-service->UploadUserId_compose-review-service
------------------------------------------------------------------------------------
span = 6
trace_id = 4997a634e0e5ae97
span_id = ae6b662eeaa93d7f
parent_id = 78a8ce4988d1bcb6
start_time = 1682628698324438
end_time = 1682628698325751
inclusive_time = 1313
exclusive_time = 1313
process_id = p6
operationName = MongoFindUser
serviceName = user-review-service
call path = ->/wrk2-api/review/compose_nginx->/wrk2-api/review/compose_nginx->ComposeReview_nginx->UploadUserWithUsername_user-service->UploadUserId_compose-review-service->UploadUserReview_user-review-service
------------------------------------------------------------------------------------
span = 7
trace_id = 4997a634e0e5ae97
span_id = 8ff89eb938a498fc
parent_id = 2a23ead3822f957d
start_time = 1682628698323435
end_time = 1682628698323525
inclusive_time = 90
exclusive_time = 90
process_id = p7
operationName = MmcGetUserId
serviceName = user-service
call path = ->/wrk2-api/review/compose_nginx->/wrk2-api/review/compose_nginx->ComposeReview_nginx->UploadUserWithUsername_user-service
------------------------------------------------------------------------------------
