span = 0
trace_id = bddb46fbbe2391cb
span_id = bddb46fbbe2391cb
parent_id = None
start_time = 1682628697929000
end_time = 1682628697932936
inclusive_time = 3936
exclusive_time = 105
process_id = p7
operationName = /wrk2-api/review/compose
serviceName = nginx
call path = 
------------------------------------------------------------------------------------
span = 1
trace_id = bddb46fbbe2391cb
span_id = ac1d0d7642dab630
parent_id = bddb46fbbe2391cb
start_time = 1682628697929105
end_time = 1682628697932936
inclusive_time = 3831
exclusive_time = 99
process_id = p7
operationName = /wrk2-api/review/compose
serviceName = nginx
call path = ->/wrk2-api/review/compose_nginx
------------------------------------------------------------------------------------
span = 2
trace_id = bddb46fbbe2391cb
span_id = 872053751b1a887c
parent_id = ac1d0d7642dab630
start_time = 1682628697929147
end_time = 1682628697932879
inclusive_time = 3732
exclusive_time = 564
process_id = p7
operationName = ComposeReview
serviceName = nginx
call path = ->/wrk2-api/review/compose_nginx->/wrk2-api/review/compose_nginx
------------------------------------------------------------------------------------
span = 3
trace_id = bddb46fbbe2391cb
span_id = 86fb91a17166c178
parent_id = 872053751b1a887c
start_time = 1682628697929421
end_time = 1682628697932510
inclusive_time = 3089
exclusive_time = 318
process_id = p8
operationName = UploadMovieId
serviceName = movie-id-service
call path = ->/wrk2-api/review/compose_nginx->/wrk2-api/review/compose_nginx->ComposeReview_nginx
------------------------------------------------------------------------------------
span = 4
trace_id = bddb46fbbe2391cb
span_id = c7391e69a997a5e7
parent_id = 86fb91a17166c178
start_time = 1682628697929809
end_time = 1682628697932412
inclusive_time = 2603
exclusive_time = 362
process_id = p5
operationName = UploadRating
serviceName = rating-service
call path = ->/wrk2-api/review/compose_nginx->/wrk2-api/review/compose_nginx->ComposeReview_nginx->UploadMovieId_movie-id-service
------------------------------------------------------------------------------------
span = 5
trace_id = bddb46fbbe2391cb
span_id = d5911e2f225a3212
parent_id = c7391e69a997a5e7
start_time = 1682628697930036
end_time = 1682628697932270
inclusive_time = 2234
exclusive_time = 1015
process_id = p4
operationName = UploadRating
serviceName = compose-review-service
call path = ->/wrk2-api/review/compose_nginx->/wrk2-api/review/compose_nginx->ComposeReview_nginx->UploadMovieId_movie-id-service->UploadRating_rating-service
------------------------------------------------------------------------------------
span = 6
trace_id = bddb46fbbe2391cb
span_id = c95bfeae5997f603
parent_id = d5911e2f225a3212
start_time = 1682628697930933
end_time = 1682628697932066
inclusive_time = 1133
exclusive_time = 26
process_id = p3
operationName = UploadUserReview
serviceName = user-review-service
call path = ->/wrk2-api/review/compose_nginx->/wrk2-api/review/compose_nginx->ComposeReview_nginx->UploadMovieId_movie-id-service->UploadRating_rating-service->UploadRating_compose-review-service
------------------------------------------------------------------------------------
span = 7
trace_id = bddb46fbbe2391cb
span_id = a24efb749dbcd39b
parent_id = c95bfeae5997f603
start_time = 1682628697930959
end_time = 1682628697932071
inclusive_time = 1112
exclusive_time = 1112
process_id = p3
operationName = MongoFindUser
serviceName = user-review-service
call path = ->/wrk2-api/review/compose_nginx->/wrk2-api/review/compose_nginx->ComposeReview_nginx->UploadMovieId_movie-id-service->UploadRating_rating-service->UploadRating_compose-review-service->UploadUserReview_user-review-service
------------------------------------------------------------------------------------
span = 8
trace_id = bddb46fbbe2391cb
span_id = 961ac0f344964589
parent_id = 86fb91a17166c178
start_time = 1682628697929438
end_time = 1682628697929525
inclusive_time = 87
exclusive_time = 87
process_id = p8
operationName = MmcGetMovieId
serviceName = movie-id-service
call path = ->/wrk2-api/review/compose_nginx->/wrk2-api/review/compose_nginx->ComposeReview_nginx->UploadMovieId_movie-id-service
------------------------------------------------------------------------------------
