span 0
span_id = a96988f0385f9365
parent_id = None
start_time = 1682628698322000
end_time = 1682628698326910
inclusive_time = 4910
exclusive_time = 285
process_id = p10
operationName = /wrk2-api/review/compose
serviceName = None
------------------------------------------------------------------------------------
span 1
span_id = 1d2b57717da30341
parent_id = a96988f0385f9365
start_time = 1682628698322285
end_time = 1682628698326910
inclusive_time = 4625
exclusive_time = 87
process_id = p10
operationName = /wrk2-api/review/compose
serviceName = None
------------------------------------------------------------------------------------
span 2
span_id = 13cbab18d489a7eb
parent_id = 1d2b57717da30341
start_time = 1682628698322316
end_time = 1682628698326854
inclusive_time = 4538
exclusive_time = 832
process_id = p10
operationName = ComposeReview
serviceName = None
------------------------------------------------------------------------------------
span 3
span_id = 5eb69fccefd91849
parent_id = 13cbab18d489a7eb
start_time = 1682628698323008
end_time = 1682628698326219
inclusive_time = 3211
exclusive_time = 287
process_id = p1
operationName = UploadMovieId
serviceName = None
------------------------------------------------------------------------------------
span 4
span_id = 7bbc8b7a18144371
parent_id = 5eb69fccefd91849
start_time = 1682628698323398
end_time = 1682628698326112
inclusive_time = 2714
exclusive_time = 212
process_id = p9
operationName = UploadRating
serviceName = None
------------------------------------------------------------------------------------
span 5
span_id = bdf1f4e6ed86d592
parent_id = 7bbc8b7a18144371
start_time = 1682628698323547
end_time = 1682628698326004
inclusive_time = 2457
exclusive_time = 1093
process_id = p2
operationName = UploadRating
serviceName = None
------------------------------------------------------------------------------------
span 6
span_id = 7859aa1e965ec8c5
parent_id = bdf1f4e6ed86d592
start_time = 1682628698324583
end_time = 1682628698325846
inclusive_time = 1263
exclusive_time = 18
process_id = p6
operationName = UploadUserReview
serviceName = None
------------------------------------------------------------------------------------
span 7
span_id = 879a7a2f63f4d766
parent_id = 7859aa1e965ec8c5
start_time = 1682628698324601
end_time = 1682628698325851
inclusive_time = 1250
exclusive_time = 1250
process_id = p6
operationName = MongoFindUser
serviceName = None
------------------------------------------------------------------------------------
span 8
span_id = e62f4079d962193f
parent_id = 5eb69fccefd91849
start_time = 1682628698323248
end_time = 1682628698323353
inclusive_time = 105
exclusive_time = 105
process_id = p1
operationName = MmcSetMovieId
serviceName = None
------------------------------------------------------------------------------------
span 9
span_id = 27a057262f87bf1c
parent_id = 5eb69fccefd91849
start_time = 1682628698323022
end_time = 1682628698323116
inclusive_time = 94
exclusive_time = 94
process_id = p1
operationName = MmcGetMovieId
serviceName = None
------------------------------------------------------------------------------------
