span = 0
trace_id = 2f873702ca5b3bcd
span_id = 2f873702ca5b3bcd
parent_id = None
start_time = 1682675734584000
end_time = 1682675734585028
inclusive_time = 1028
exclusive_time = 891
process_id = p1
operationName = 
serviceName = nginx
------------------------------------------------------------------------------------
span = 1
trace_id = 2f873702ca5b3bcd
span_id = 1fa27811782c52d2
parent_id = 2f873702ca5b3bcd
start_time = 1682675734584933
end_time = 1682675734585027
inclusive_time = 94
exclusive_time = 94
process_id = p1
operationName = 
serviceName = nginx
------------------------------------------------------------------------------------
span = 2
trace_id = 2f873702ca5b3bcd
span_id = 6609986ec43a7c56
parent_id = 2f873702ca5b3bcd
start_time = 1682675734584826
end_time = 1682675734584869
inclusive_time = 43
exclusive_time = 43
process_id = p1
operationName = 
serviceName = nginx
------------------------------------------------------------------------------------
