span = 0
trace_id = a264155bbf38a81d
span_id = a264155bbf38a81d
parent_id = None
start_time = 1682628698309000
end_time = 1682628698315622
inclusive_time = 6622
exclusive_time = 959
process_id = p10
operationName = /wrk2-api/review/compose
serviceName = nginx
------------------------------------------------------------------------------------
span = 1
trace_id = a264155bbf38a81d
span_id = e6c890ef0c577099
parent_id = a264155bbf38a81d
start_time = 1682628698309959
end_time = 1682628698315622
inclusive_time = 5663
exclusive_time = 115
process_id = p10
operationName = /wrk2-api/review/compose
serviceName = nginx
------------------------------------------------------------------------------------
span = 2
trace_id = a264155bbf38a81d
span_id = 3ec5112d7557aea6
parent_id = e6c890ef0c577099
start_time = 1682628698310013
end_time = 1682628698315561
inclusive_time = 5548
exclusive_time = 952
process_id = p10
operationName = ComposeReview
serviceName = nginx
------------------------------------------------------------------------------------
span = 3
trace_id = a264155bbf38a81d
span_id = e199128abae806cd
parent_id = 3ec5112d7557aea6
start_time = 1682628698310534
end_time = 1682628698314803
inclusive_time = 4269
exclusive_time = 535
process_id = p2
operationName = UploadMovieId
serviceName = movie-id-service
------------------------------------------------------------------------------------
span = 4
trace_id = a264155bbf38a81d
span_id = 971910bdee04fce7
parent_id = e199128abae806cd
start_time = 1682628698310990
end_time = 1682628698314486
inclusive_time = 3496
exclusive_time = 339
process_id = p9
operationName = UploadRating
serviceName = rating-service
------------------------------------------------------------------------------------
span = 5
trace_id = a264155bbf38a81d
span_id = b4568c767572534e
parent_id = 971910bdee04fce7
start_time = 1682628698311183
end_time = 1682628698314340
inclusive_time = 3157
exclusive_time = 1283
process_id = p1
operationName = UploadRating
serviceName = compose-review-service
------------------------------------------------------------------------------------
span = 6
trace_id = a264155bbf38a81d
span_id = 827fed2655154396
parent_id = b4568c767572534e
start_time = 1682628698312373
end_time = 1682628698314210
inclusive_time = 1837
exclusive_time = 31
process_id = p6
operationName = UploadUserReview
serviceName = user-review-service
------------------------------------------------------------------------------------
span = 7
trace_id = a264155bbf38a81d
span_id = 6322812ebffb9e8c
parent_id = 827fed2655154396
start_time = 1682628698312404
end_time = 1682628698314214
inclusive_time = 1810
exclusive_time = 1810
process_id = p6
operationName = MongoFindUser
serviceName = user-review-service
------------------------------------------------------------------------------------
span = 8
trace_id = a264155bbf38a81d
span_id = 8da69457936ceba8
parent_id = e199128abae806cd
start_time = 1682628698310552
end_time = 1682628698310650
inclusive_time = 98
exclusive_time = 98
process_id = p2
operationName = MmcGetMovieId
serviceName = movie-id-service
------------------------------------------------------------------------------------
