span = 0
trace_id = 062a4aa483e4a9c9
span_id = 062a4aa483e4a9c9
parent_id = None
start_time = 1682628697886000
end_time = 1682628697889744
inclusive_time = 3744
exclusive_time = 311
process_id = p3
operationName = /wrk2-api/review/compose
serviceName = nginx
call path = 
------------------------------------------------------------------------------------
span = 1
trace_id = 062a4aa483e4a9c9
span_id = 8c0c573e9e144a61
parent_id = 062a4aa483e4a9c9
start_time = 1682628697886310
end_time = 1682628697889743
inclusive_time = 3433
exclusive_time = 105
process_id = p3
operationName = /wrk2-api/review/compose
serviceName = nginx
call path = ->/wrk2-api/review/compose_nginx
------------------------------------------------------------------------------------
span = 2
trace_id = 062a4aa483e4a9c9
span_id = e3f8f6f09622a509
parent_id = 8c0c573e9e144a61
start_time = 1682628697886348
end_time = 1682628697889676
inclusive_time = 3328
exclusive_time = 322
process_id = p3
operationName = ComposeReview
serviceName = nginx
call path = ->/wrk2-api/review/compose_nginx->/wrk2-api/review/compose_nginx
------------------------------------------------------------------------------------
span = 3
trace_id = 062a4aa483e4a9c9
span_id = 187275e5e8df678f
parent_id = e3f8f6f09622a509
start_time = 1682628697887180
end_time = 1682628697889535
inclusive_time = 2355
exclusive_time = 224
process_id = p10
operationName = UploadUniqueId
serviceName = unique-id-service
call path = ->/wrk2-api/review/compose_nginx->/wrk2-api/review/compose_nginx->ComposeReview_nginx
------------------------------------------------------------------------------------
span = 4
trace_id = 062a4aa483e4a9c9
span_id = c718048c5546089d
parent_id = 187275e5e8df678f
start_time = 1682628697887328
end_time = 1682628697889459
inclusive_time = 2131
exclusive_time = 768
process_id = p1
operationName = UploadUniqueId
serviceName = compose-review-service
call path = ->/wrk2-api/review/compose_nginx->/wrk2-api/review/compose_nginx->ComposeReview_nginx->UploadUniqueId_unique-id-service
------------------------------------------------------------------------------------
span = 5
trace_id = 062a4aa483e4a9c9
span_id = 66ed580eec399a8c
parent_id = c718048c5546089d
start_time = 1682628697888191
end_time = 1682628697889317
inclusive_time = 1126
exclusive_time = 20
process_id = p4
operationName = UploadMovieReview
serviceName = movie-review-service
call path = ->/wrk2-api/review/compose_nginx->/wrk2-api/review/compose_nginx->ComposeReview_nginx->UploadUniqueId_unique-id-service->UploadUniqueId_compose-review-service
------------------------------------------------------------------------------------
span = 6
trace_id = 062a4aa483e4a9c9
span_id = 9d3300c3db746a3c
parent_id = 66ed580eec399a8c
start_time = 1682628697888211
end_time = 1682628697889322
inclusive_time = 1111
exclusive_time = 1111
process_id = p4
operationName = MongoFindMovie
serviceName = movie-review-service
call path = ->/wrk2-api/review/compose_nginx->/wrk2-api/review/compose_nginx->ComposeReview_nginx->UploadUniqueId_unique-id-service->UploadUniqueId_compose-review-service->UploadMovieReview_movie-review-service
------------------------------------------------------------------------------------
span = 7
trace_id = 062a4aa483e4a9c9
span_id = 22c4886d0ac36687
parent_id = e3f8f6f09622a509
start_time = 1682628697886529
end_time = 1682628697887135
inclusive_time = 606
exclusive_time = 252
process_id = p5
operationName = UploadUserWithUsername
serviceName = user-service
call path = ->/wrk2-api/review/compose_nginx->/wrk2-api/review/compose_nginx->ComposeReview_nginx
------------------------------------------------------------------------------------
span = 8
trace_id = 062a4aa483e4a9c9
span_id = 9ec9efd1c9b7ad1d
parent_id = 22c4886d0ac36687
start_time = 1682628697886829
end_time = 1682628697887082
inclusive_time = 253
exclusive_time = 253
process_id = p1
operationName = UploadUserId
serviceName = compose-review-service
call path = ->/wrk2-api/review/compose_nginx->/wrk2-api/review/compose_nginx->ComposeReview_nginx->UploadUserWithUsername_user-service
------------------------------------------------------------------------------------
span = 9
trace_id = 062a4aa483e4a9c9
span_id = 96bfce6db1fcabb0
parent_id = 22c4886d0ac36687
start_time = 1682628697886541
end_time = 1682628697886642
inclusive_time = 101
exclusive_time = 101
process_id = p5
operationName = MmcGetUserId
serviceName = user-service
call path = ->/wrk2-api/review/compose_nginx->/wrk2-api/review/compose_nginx->ComposeReview_nginx->UploadUserWithUsername_user-service
------------------------------------------------------------------------------------
