span = 0
trace_id = f5f7fc379e84d9e6
span_id = f5f7fc379e84d9e6
parent_id = None
start_time = 1682628697863000
end_time = 1682628697867613
inclusive_time = 4613
exclusive_time = 208
process_id = p3
operationName = /wrk2-api/review/compose
serviceName = nginx
call path = 
------------------------------------------------------------------------------------
span = 1
trace_id = f5f7fc379e84d9e6
span_id = 62450dd5f8cfa3b0
parent_id = f5f7fc379e84d9e6
start_time = 1682628697863208
end_time = 1682628697867613
inclusive_time = 4405
exclusive_time = 105
process_id = p3
operationName = /wrk2-api/review/compose
serviceName = nginx
call path = ->/wrk2-api/review/compose_nginx
------------------------------------------------------------------------------------
span = 2
trace_id = f5f7fc379e84d9e6
span_id = 7267b5b5667e8e89
parent_id = 62450dd5f8cfa3b0
start_time = 1682628697863250
end_time = 1682628697867550
inclusive_time = 4300
exclusive_time = 271
process_id = p3
operationName = ComposeReview
serviceName = nginx
call path = ->/wrk2-api/review/compose_nginx->/wrk2-api/review/compose_nginx
------------------------------------------------------------------------------------
span = 3
trace_id = f5f7fc379e84d9e6
span_id = df7028f5a8e7229e
parent_id = 7267b5b5667e8e89
start_time = 1682628697863553
end_time = 1682628697867462
inclusive_time = 3909
exclusive_time = 542
process_id = p5
operationName = UploadMovieId
serviceName = movie-id-service
call path = ->/wrk2-api/review/compose_nginx->/wrk2-api/review/compose_nginx->ComposeReview_nginx
------------------------------------------------------------------------------------
span = 4
trace_id = f5f7fc379e84d9e6
span_id = f13471601efdde1e
parent_id = df7028f5a8e7229e
start_time = 1682628697864093
end_time = 1682628697867177
inclusive_time = 3084
exclusive_time = 236
process_id = p8
operationName = UploadRating
serviceName = rating-service
call path = ->/wrk2-api/review/compose_nginx->/wrk2-api/review/compose_nginx->ComposeReview_nginx->UploadMovieId_movie-id-service
------------------------------------------------------------------------------------
span = 5
trace_id = f5f7fc379e84d9e6
span_id = cc5c6ec2f597dcca
parent_id = f13471601efdde1e
start_time = 1682628697864382
end_time = 1682628697867063
inclusive_time = 2681
exclusive_time = 1140
process_id = p4
operationName = UploadRating
serviceName = compose-review-service
call path = ->/wrk2-api/review/compose_nginx->/wrk2-api/review/compose_nginx->ComposeReview_nginx->UploadMovieId_movie-id-service->UploadRating_rating-service
------------------------------------------------------------------------------------
span = 6
trace_id = f5f7fc379e84d9e6
span_id = f24914c0964bcd17
parent_id = cc5c6ec2f597dcca
start_time = 1682628697865341
end_time = 1682628697866882
inclusive_time = 1541
exclusive_time = 30
process_id = p6
operationName = UploadMovieReview
serviceName = movie-review-service
call path = ->/wrk2-api/review/compose_nginx->/wrk2-api/review/compose_nginx->ComposeReview_nginx->UploadMovieId_movie-id-service->UploadRating_rating-service->UploadRating_compose-review-service
------------------------------------------------------------------------------------
span = 7
trace_id = f5f7fc379e84d9e6
span_id = a816ff117d85c0cd
parent_id = f24914c0964bcd17
start_time = 1682628697865371
end_time = 1682628697866889
inclusive_time = 1518
exclusive_time = 1518
process_id = p6
operationName = MongoFindMovie
serviceName = movie-review-service
call path = ->/wrk2-api/review/compose_nginx->/wrk2-api/review/compose_nginx->ComposeReview_nginx->UploadMovieId_movie-id-service->UploadRating_rating-service->UploadRating_compose-review-service->UploadMovieReview_movie-review-service
------------------------------------------------------------------------------------
span = 8
trace_id = f5f7fc379e84d9e6
span_id = 274b578ef0b3405a
parent_id = df7028f5a8e7229e
start_time = 1682628697863806
end_time = 1682628697863911
inclusive_time = 105
exclusive_time = 105
process_id = p5
operationName = MmcSetMovieId
serviceName = movie-id-service
call path = ->/wrk2-api/review/compose_nginx->/wrk2-api/review/compose_nginx->ComposeReview_nginx->UploadMovieId_movie-id-service
------------------------------------------------------------------------------------
span = 9
trace_id = f5f7fc379e84d9e6
span_id = 7620f246ec03da44
parent_id = df7028f5a8e7229e
start_time = 1682628697863572
end_time = 1682628697863686
inclusive_time = 114
exclusive_time = 114
process_id = p5
operationName = MmcGetMovieId
serviceName = movie-id-service
call path = ->/wrk2-api/review/compose_nginx->/wrk2-api/review/compose_nginx->ComposeReview_nginx->UploadMovieId_movie-id-service
------------------------------------------------------------------------------------
