span = 0
trace_id = 000cd6aa53ccf1a2
span_id = 000cd6aa53ccf1a2
parent_id = None
start_time = 1682628698128000
end_time = 1682628698132714
inclusive_time = 4714
exclusive_time = 89
process_id = p4
operationName = /wrk2-api/review/compose
serviceName = nginx
call path = 
------------------------------------------------------------------------------------
span = 1
trace_id = 000cd6aa53ccf1a2
span_id = c96e07425fe2f73b
parent_id = 000cd6aa53ccf1a2
start_time = 1682628698128089
end_time = 1682628698132714
inclusive_time = 4625
exclusive_time = 118
process_id = p4
operationName = /wrk2-api/review/compose
serviceName = nginx
call path = ->/wrk2-api/review/compose_nginx
------------------------------------------------------------------------------------
span = 2
trace_id = 000cd6aa53ccf1a2
span_id = d19ef4907ca5fadf
parent_id = c96e07425fe2f73b
start_time = 1682628698128141
end_time = 1682628698132648
inclusive_time = 4507
exclusive_time = 602
process_id = p4
operationName = ComposeReview
serviceName = nginx
call path = ->/wrk2-api/review/compose_nginx->/wrk2-api/review/compose_nginx
------------------------------------------------------------------------------------
span = 3
trace_id = 000cd6aa53ccf1a2
span_id = 237b7bf808947ea3
parent_id = d19ef4907ca5fadf
start_time = 1682628698128416
end_time = 1682628698132227
inclusive_time = 3811
exclusive_time = 493
process_id = p1
operationName = UploadMovieId
serviceName = movie-id-service
call path = ->/wrk2-api/review/compose_nginx->/wrk2-api/review/compose_nginx->ComposeReview_nginx
------------------------------------------------------------------------------------
span = 4
trace_id = 000cd6aa53ccf1a2
span_id = eba7c9b71a2d4aac
parent_id = 237b7bf808947ea3
start_time = 1682628698128912
end_time = 1682628698132000
inclusive_time = 3088
exclusive_time = 292
process_id = p3
operationName = UploadRating
serviceName = rating-service
call path = ->/wrk2-api/review/compose_nginx->/wrk2-api/review/compose_nginx->ComposeReview_nginx->UploadMovieId_movie-id-service
------------------------------------------------------------------------------------
span = 5
trace_id = 000cd6aa53ccf1a2
span_id = 49fd8e6205739711
parent_id = eba7c9b71a2d4aac
start_time = 1682628698129084
end_time = 1682628698131842
inclusive_time = 2758
exclusive_time = 1527
process_id = p5
operationName = UploadRating
serviceName = compose-review-service
call path = ->/wrk2-api/review/compose_nginx->/wrk2-api/review/compose_nginx->ComposeReview_nginx->UploadMovieId_movie-id-service->UploadRating_rating-service
------------------------------------------------------------------------------------
span = 6
trace_id = 000cd6aa53ccf1a2
span_id = 2a02a5bdd4ddfd90
parent_id = 49fd8e6205739711
start_time = 1682628698130496
end_time = 1682628698131715
inclusive_time = 1219
exclusive_time = 31
process_id = p6
operationName = UploadMovieReview
serviceName = movie-review-service
call path = ->/wrk2-api/review/compose_nginx->/wrk2-api/review/compose_nginx->ComposeReview_nginx->UploadMovieId_movie-id-service->UploadRating_rating-service->UploadRating_compose-review-service
------------------------------------------------------------------------------------
span = 7
trace_id = 000cd6aa53ccf1a2
span_id = 2b729764bc66dbd5
parent_id = 2a02a5bdd4ddfd90
start_time = 1682628698130527
end_time = 1682628698131720
inclusive_time = 1193
exclusive_time = 1193
process_id = p6
operationName = MongoFindMovie
serviceName = movie-review-service
call path = ->/wrk2-api/review/compose_nginx->/wrk2-api/review/compose_nginx->ComposeReview_nginx->UploadMovieId_movie-id-service->UploadRating_rating-service->UploadRating_compose-review-service->UploadMovieReview_movie-review-service
------------------------------------------------------------------------------------
span = 8
trace_id = 000cd6aa53ccf1a2
span_id = bccb1215e551e15d
parent_id = 237b7bf808947ea3
start_time = 1682628698128769
end_time = 1682628698128876
inclusive_time = 107
exclusive_time = 107
process_id = p1
operationName = MmcSetMovieId
serviceName = movie-id-service
call path = ->/wrk2-api/review/compose_nginx->/wrk2-api/review/compose_nginx->ComposeReview_nginx->UploadMovieId_movie-id-service
------------------------------------------------------------------------------------
span = 9
trace_id = 000cd6aa53ccf1a2
span_id = 5a8f56b5d924d5c1
parent_id = 237b7bf808947ea3
start_time = 1682628698128433
end_time = 1682628698128556
inclusive_time = 123
exclusive_time = 123
process_id = p1
operationName = MmcGetMovieId
serviceName = movie-id-service
call path = ->/wrk2-api/review/compose_nginx->/wrk2-api/review/compose_nginx->ComposeReview_nginx->UploadMovieId_movie-id-service
------------------------------------------------------------------------------------
