span 0
span_id = 3bd9f1f486bc708e
parent_id = None
start_time = 1682628698258000
end_time = 1682628698262812
inclusive_time = 4812
exclusive_time = 473
process_id = p3
operationName = /wrk2-api/review/compose
serviceName = None
------------------------------------------------------------------------------------
span 1
span_id = 53a21bafd5e58803
parent_id = 3bd9f1f486bc708e
start_time = 1682628698258473
end_time = 1682628698262812
inclusive_time = 4339
exclusive_time = 92
process_id = p3
operationName = /wrk2-api/review/compose
serviceName = None
------------------------------------------------------------------------------------
span 2
span_id = 9da1fa8ee3d9fe4c
parent_id = 53a21bafd5e58803
start_time = 1682628698258519
end_time = 1682628698262766
inclusive_time = 4247
exclusive_time = 331
process_id = p3
operationName = ComposeReview
serviceName = None
------------------------------------------------------------------------------------
span 3
span_id = 2e84d792eacdef92
parent_id = 9da1fa8ee3d9fe4c
start_time = 1682628698259322
end_time = 1682628698262660
inclusive_time = 3338
exclusive_time = 422
process_id = p6
operationName = UploadMovieId
serviceName = None
------------------------------------------------------------------------------------
span 4
span_id = 73119b710346999e
parent_id = 2e84d792eacdef92
start_time = 1682628698259921
end_time = 1682628698262471
inclusive_time = 2550
exclusive_time = 351
process_id = p10
operationName = UploadRating
serviceName = None
------------------------------------------------------------------------------------
span 5
span_id = 1633ee4636729332
parent_id = 73119b710346999e
start_time = 1682628698260074
end_time = 1682628698262273
inclusive_time = 2199
exclusive_time = 1093
process_id = p5
operationName = UploadRating
serviceName = None
------------------------------------------------------------------------------------
span 6
span_id = 4b63319c548b2c4e
parent_id = 1633ee4636729332
start_time = 1682628698261002
end_time = 1682628698262055
inclusive_time = 1053
exclusive_time = 25
process_id = p1
operationName = UploadMovieReview
serviceName = None
------------------------------------------------------------------------------------
span 7
span_id = 66ca9a93199c1ef3
parent_id = 4b63319c548b2c4e
start_time = 1682628698261027
end_time = 1682628698262092
inclusive_time = 1065
exclusive_time = 1065
process_id = p1
operationName = MongoFindMovie
serviceName = None
------------------------------------------------------------------------------------
span 8
span_id = 8c7356920e3abbea
parent_id = 2e84d792eacdef92
start_time = 1682628698259675
end_time = 1682628698259854
inclusive_time = 179
exclusive_time = 179
process_id = p6
operationName = MmcSetMovieId
serviceName = None
------------------------------------------------------------------------------------
span 9
span_id = 21d496f4e9903e6d
parent_id = 2e84d792eacdef92
start_time = 1682628698259341
end_time = 1682628698259461
inclusive_time = 120
exclusive_time = 120
process_id = p6
operationName = MmcGetMovieId
serviceName = None
------------------------------------------------------------------------------------
