span = 0
trace_id = 2a97340f224217d0
span_id = 2a97340f224217d0
parent_id = None
start_time = 1682628698082000
end_time = 1682628698086281
inclusive_time = 4281
exclusive_time = 273
process_id = p1
operationName = /wrk2-api/review/compose
serviceName = nginx
call path = 
------------------------------------------------------------------------------------
span = 1
trace_id = 2a97340f224217d0
span_id = 948227f49031be38
parent_id = 2a97340f224217d0
start_time = 1682628698082272
end_time = 1682628698086280
inclusive_time = 4008
exclusive_time = 106
process_id = p1
operationName = /wrk2-api/review/compose
serviceName = nginx
call path = ->/wrk2-api/review/compose_nginx
------------------------------------------------------------------------------------
span = 2
trace_id = 2a97340f224217d0
span_id = a3e62cd72ae76531
parent_id = 948227f49031be38
start_time = 1682628698082305
end_time = 1682628698086207
inclusive_time = 3902
exclusive_time = 245
process_id = p1
operationName = ComposeReview
serviceName = nginx
call path = ->/wrk2-api/review/compose_nginx->/wrk2-api/review/compose_nginx
------------------------------------------------------------------------------------
span = 3
trace_id = 2a97340f224217d0
span_id = 27911b06abc38402
parent_id = a3e62cd72ae76531
start_time = 1682628698082597
end_time = 1682628698086120
inclusive_time = 3523
exclusive_time = 458
process_id = p5
operationName = UploadMovieId
serviceName = movie-id-service
call path = ->/wrk2-api/review/compose_nginx->/wrk2-api/review/compose_nginx->ComposeReview_nginx
------------------------------------------------------------------------------------
span = 4
trace_id = 2a97340f224217d0
span_id = d07fd08b71824378
parent_id = 27911b06abc38402
start_time = 1682628698083137
end_time = 1682628698085967
inclusive_time = 2830
exclusive_time = 227
process_id = p7
operationName = UploadRating
serviceName = rating-service
call path = ->/wrk2-api/review/compose_nginx->/wrk2-api/review/compose_nginx->ComposeReview_nginx->UploadMovieId_movie-id-service
------------------------------------------------------------------------------------
span = 5
trace_id = 2a97340f224217d0
span_id = 8cf7adaf08d1a93c
parent_id = d07fd08b71824378
start_time = 1682628698083302
end_time = 1682628698085866
inclusive_time = 2564
exclusive_time = 1080
process_id = p3
operationName = UploadRating
serviceName = compose-review-service
call path = ->/wrk2-api/review/compose_nginx->/wrk2-api/review/compose_nginx->ComposeReview_nginx->UploadMovieId_movie-id-service->UploadRating_rating-service
------------------------------------------------------------------------------------
span = 6
trace_id = 2a97340f224217d0
span_id = 640bd7d88691046f
parent_id = 8cf7adaf08d1a93c
start_time = 1682628698084374
end_time = 1682628698085753
inclusive_time = 1379
exclusive_time = 21
process_id = p6
operationName = UploadUserReview
serviceName = user-review-service
call path = ->/wrk2-api/review/compose_nginx->/wrk2-api/review/compose_nginx->ComposeReview_nginx->UploadMovieId_movie-id-service->UploadRating_rating-service->UploadRating_compose-review-service
------------------------------------------------------------------------------------
span = 7
trace_id = 2a97340f224217d0
span_id = 1e752ddc700f0ecf
parent_id = 640bd7d88691046f
start_time = 1682628698084395
end_time = 1682628698085758
inclusive_time = 1363
exclusive_time = 1363
process_id = p6
operationName = MongoFindUser
serviceName = user-review-service
call path = ->/wrk2-api/review/compose_nginx->/wrk2-api/review/compose_nginx->ComposeReview_nginx->UploadMovieId_movie-id-service->UploadRating_rating-service->UploadRating_compose-review-service->UploadUserReview_user-review-service
------------------------------------------------------------------------------------
span = 8
trace_id = 2a97340f224217d0
span_id = b3e8a3c60c9256c3
parent_id = 27911b06abc38402
start_time = 1682628698083024
end_time = 1682628698083106
inclusive_time = 82
exclusive_time = 82
process_id = p5
operationName = MmcSetMovieId
serviceName = movie-id-service
call path = ->/wrk2-api/review/compose_nginx->/wrk2-api/review/compose_nginx->ComposeReview_nginx->UploadMovieId_movie-id-service
------------------------------------------------------------------------------------
span = 9
trace_id = 2a97340f224217d0
span_id = c659e8b52b011cdf
parent_id = 27911b06abc38402
start_time = 1682628698082618
end_time = 1682628698082771
inclusive_time = 153
exclusive_time = 153
process_id = p5
operationName = MmcGetMovieId
serviceName = movie-id-service
call path = ->/wrk2-api/review/compose_nginx->/wrk2-api/review/compose_nginx->ComposeReview_nginx->UploadMovieId_movie-id-service
------------------------------------------------------------------------------------
