span = 0
span_id = d269960e82864e17
parent_id = None
start_time = 1682628697882000
end_time = 1682628697886068
inclusive_time = 4068
exclusive_time = 561
process_id = p2
operationName = /wrk2-api/review/compose
serviceName = nginx
------------------------------------------------------------------------------------
span = 1
span_id = 1b2f2dbf28f749ed
parent_id = d269960e82864e17
start_time = 1682628697882561
end_time = 1682628697886068
inclusive_time = 3507
exclusive_time = 96
process_id = p2
operationName = /wrk2-api/review/compose
serviceName = nginx
------------------------------------------------------------------------------------
span = 2
span_id = e9474606e7573427
parent_id = 1b2f2dbf28f749ed
start_time = 1682628697882609
end_time = 1682628697886020
inclusive_time = 3411
exclusive_time = 501
process_id = p2
operationName = ComposeReview
serviceName = nginx
------------------------------------------------------------------------------------
span = 3
span_id = f98529fdbd524f97
parent_id = e9474606e7573427
start_time = 1682628697883276
end_time = 1682628697885944
inclusive_time = 2668
exclusive_time = 237
process_id = p6
operationName = UploadUserWithUsername
serviceName = user-service
------------------------------------------------------------------------------------
span = 4
span_id = fd003bd04f6511b5
parent_id = f98529fdbd524f97
start_time = 1682628697883552
end_time = 1682628697885886
inclusive_time = 2334
exclusive_time = 1273
process_id = p3
operationName = UploadUserId
serviceName = compose-review-service
------------------------------------------------------------------------------------
span = 5
span_id = d1723b85b94da7e9
parent_id = fd003bd04f6511b5
start_time = 1682628697884762
end_time = 1682628697885775
inclusive_time = 1013
exclusive_time = 31
process_id = p1
operationName = UploadUserReview
serviceName = user-review-service
------------------------------------------------------------------------------------
span = 6
span_id = a7cbd735a4e2932d
parent_id = d1723b85b94da7e9
start_time = 1682628697884793
end_time = 1682628697885779
inclusive_time = 986
exclusive_time = 986
process_id = p1
operationName = MongoFindUser
serviceName = user-review-service
------------------------------------------------------------------------------------
span = 7
span_id = 19379ed8ef51d2cd
parent_id = f98529fdbd524f97
start_time = 1682628697883288
end_time = 1682628697883385
inclusive_time = 97
exclusive_time = 97
process_id = p6
operationName = MmcGetUserId
serviceName = user-service
------------------------------------------------------------------------------------
