span 0
span_id = d227ddb3b67c9fe8
parent_id = None
start_time = 1682628698253000
end_time = 1682628698257636
inclusive_time = 4636
exclusive_time = 793
process_id = p3
operationName = /wrk2-api/review/compose
serviceName = None
------------------------------------------------------------------------------------
span 1
span_id = 19c1b7f2c5e73624
parent_id = d227ddb3b67c9fe8
start_time = 1682628698253793
end_time = 1682628698257636
inclusive_time = 3843
exclusive_time = 115
process_id = p3
operationName = /wrk2-api/review/compose
serviceName = None
------------------------------------------------------------------------------------
span 2
span_id = 6ff4078cd49f3bf9
parent_id = 19c1b7f2c5e73624
start_time = 1682628698253844
end_time = 1682628698257572
inclusive_time = 3728
exclusive_time = 306
process_id = p3
operationName = ComposeReview
serviceName = None
------------------------------------------------------------------------------------
span 3
span_id = 84e441b44218e99e
parent_id = 6ff4078cd49f3bf9
start_time = 1682628698254229
end_time = 1682628698257488
inclusive_time = 3259
exclusive_time = 511
process_id = p6
operationName = UploadMovieId
serviceName = None
------------------------------------------------------------------------------------
span 4
span_id = f1977b5c4f44eb32
parent_id = 84e441b44218e99e
start_time = 1682628698254824
end_time = 1682628698257304
inclusive_time = 2480
exclusive_time = 287
process_id = p10
operationName = UploadRating
serviceName = None
------------------------------------------------------------------------------------
span 5
span_id = b1b01f802f0268fb
parent_id = f1977b5c4f44eb32
start_time = 1682628698255002
end_time = 1682628698257193
inclusive_time = 2191
exclusive_time = 896
process_id = p5
operationName = UploadRating
serviceName = None
------------------------------------------------------------------------------------
span 6
span_id = 2c8dd38eb209321c
parent_id = b1b01f802f0268fb
start_time = 1682628698255817
end_time = 1682628698257006
inclusive_time = 1189
exclusive_time = 27
process_id = p1
operationName = UploadMovieReview
serviceName = None
------------------------------------------------------------------------------------
span 7
span_id = 71e7cda9c02da99e
parent_id = 2c8dd38eb209321c
start_time = 1682628698255844
end_time = 1682628698257009
inclusive_time = 1165
exclusive_time = 1165
process_id = p1
operationName = MongoFindMovie
serviceName = None
------------------------------------------------------------------------------------
span 8
span_id = b60834fa72918aa5
parent_id = 84e441b44218e99e
start_time = 1682628698254552
end_time = 1682628698254661
inclusive_time = 109
exclusive_time = 109
process_id = p6
operationName = MmcSetMovieId
serviceName = None
------------------------------------------------------------------------------------
span 9
span_id = 40bd8d16dc776803
parent_id = 84e441b44218e99e
start_time = 1682628698254251
end_time = 1682628698254376
inclusive_time = 125
exclusive_time = 125
process_id = p6
operationName = MmcGetMovieId
serviceName = None
------------------------------------------------------------------------------------
