span 0
span_id = b55830f45136b039
parent_id = None
start_time = 1682628697942000
end_time = 1682628697947450
inclusive_time = 5450
exclusive_time = 842
process_id = p8
operationName = /wrk2-api/review/compose
serviceName = None
------------------------------------------------------------------------------------
span 1
span_id = 5e9068268d632293
parent_id = b55830f45136b039
start_time = 1682628697942842
end_time = 1682628697947451
inclusive_time = 4609
exclusive_time = 102
process_id = p8
operationName = /wrk2-api/review/compose
serviceName = None
------------------------------------------------------------------------------------
span 2
span_id = 6e065e380a1cef04
parent_id = 5e9068268d632293
start_time = 1682628697942888
end_time = 1682628697947395
inclusive_time = 4507
exclusive_time = 373
process_id = p8
operationName = ComposeReview
serviceName = None
------------------------------------------------------------------------------------
span 3
span_id = e1717db7cdd163ad
parent_id = 6e065e380a1cef04
start_time = 1682628697944097
end_time = 1682628697947318
inclusive_time = 3221
exclusive_time = 250
process_id = p1
operationName = UploadUserWithUsername
serviceName = None
------------------------------------------------------------------------------------
span 4
span_id = 649b54b2dff97860
parent_id = e1717db7cdd163ad
start_time = 1682628697944401
end_time = 1682628697947245
inclusive_time = 2844
exclusive_time = 1239
process_id = p3
operationName = UploadUserId
serviceName = None
------------------------------------------------------------------------------------
span 5
span_id = d82a505fd8f365ae
parent_id = 649b54b2dff97860
start_time = 1682628697945559
end_time = 1682628697946878
inclusive_time = 1319
exclusive_time = 47
process_id = p2
operationName = UploadUserReview
serviceName = None
------------------------------------------------------------------------------------
span 6
span_id = f8f179dc8b554f39
parent_id = d82a505fd8f365ae
start_time = 1682628697945606
end_time = 1682628697946883
inclusive_time = 1277
exclusive_time = 1277
process_id = p2
operationName = MongoFindUser
serviceName = None
------------------------------------------------------------------------------------
span 7
span_id = 3551432bccb35096
parent_id = e1717db7cdd163ad
start_time = 1682628697944114
end_time = 1682628697944241
inclusive_time = 127
exclusive_time = 127
process_id = p1
operationName = MmcGetUserId
serviceName = None
------------------------------------------------------------------------------------
span 8
span_id = 3e27c17f0e98ab93
parent_id = 6e065e380a1cef04
start_time = 1682628697943391
end_time = 1682628697944076
inclusive_time = 685
exclusive_time = 245
process_id = p10
operationName = UploadUniqueId
serviceName = None
------------------------------------------------------------------------------------
span 9
span_id = 577833b0b6f14c04
parent_id = 3e27c17f0e98ab93
start_time = 1682628697943569
end_time = 1682628697944009
inclusive_time = 440
exclusive_time = 440
process_id = p3
operationName = UploadUniqueId
serviceName = None
------------------------------------------------------------------------------------
