span = 0
span_id = a034d645b8a2fb47
parent_id = None
start_time = 1682628697945000
end_time = 1682628697949754
inclusive_time = 4754
exclusive_time = 275
process_id = p8
operationName = /wrk2-api/review/compose
serviceName = nginx
------------------------------------------------------------------------------------
span = 1
span_id = 53f4c482ce297683
parent_id = a034d645b8a2fb47
start_time = 1682628697945275
end_time = 1682628697949754
inclusive_time = 4479
exclusive_time = 211
process_id = p8
operationName = /wrk2-api/review/compose
serviceName = nginx
------------------------------------------------------------------------------------
span = 2
span_id = e200cb4593612890
parent_id = 53f4c482ce297683
start_time = 1682628697945320
end_time = 1682628697949588
inclusive_time = 4268
exclusive_time = 340
process_id = p8
operationName = ComposeReview
serviceName = nginx
------------------------------------------------------------------------------------
span = 3
span_id = 38016757982e6f49
parent_id = e200cb4593612890
start_time = 1682628697946474
end_time = 1682628697949496
inclusive_time = 3022
exclusive_time = 321
process_id = p10
operationName = UploadUniqueId
serviceName = unique-id-service
------------------------------------------------------------------------------------
span = 4
span_id = 5b1e90da81007629
parent_id = 38016757982e6f49
start_time = 1682628697946717
end_time = 1682628697949418
inclusive_time = 2701
exclusive_time = 1173
process_id = p3
operationName = UploadUniqueId
serviceName = compose-review-service
------------------------------------------------------------------------------------
span = 5
span_id = e8f3cf53b7142bb2
parent_id = 5b1e90da81007629
start_time = 1682628697947959
end_time = 1682628697949306
inclusive_time = 1347
exclusive_time = 19
process_id = p6
operationName = UploadMovieReview
serviceName = movie-review-service
------------------------------------------------------------------------------------
span = 6
span_id = 24774d2019c289cd
parent_id = e8f3cf53b7142bb2
start_time = 1682628697947978
end_time = 1682628697949310
inclusive_time = 1332
exclusive_time = 1332
process_id = p6
operationName = MongoFindMovie
serviceName = movie-review-service
------------------------------------------------------------------------------------
span = 7
span_id = f857db45ceab456e
parent_id = e200cb4593612890
start_time = 1682628697945568
end_time = 1682628697946365
inclusive_time = 797
exclusive_time = 256
process_id = p1
operationName = UploadUserWithUsername
serviceName = user-service
------------------------------------------------------------------------------------
span = 8
span_id = a026744266310fd7
parent_id = f857db45ceab456e
start_time = 1682628697945836
end_time = 1682628697946284
inclusive_time = 448
exclusive_time = 448
process_id = p3
operationName = UploadUserId
serviceName = compose-review-service
------------------------------------------------------------------------------------
span = 9
span_id = 0ae09d8eda569207
parent_id = f857db45ceab456e
start_time = 1682628697945580
end_time = 1682628697945673
inclusive_time = 93
exclusive_time = 93
process_id = p1
operationName = MmcGetUserId
serviceName = user-service
------------------------------------------------------------------------------------
