span = 0
trace_id = f7a876e33e155b88
span_id = f7a876e33e155b88
parent_id = None
start_time = 1682628697896000
end_time = 1682628697900297
inclusive_time = 4297
exclusive_time = 442
process_id = p3
operationName = /wrk2-api/review/compose
serviceName = nginx
------------------------------------------------------------------------------------
span = 1
trace_id = f7a876e33e155b88
span_id = 586704f62301f625
parent_id = f7a876e33e155b88
start_time = 1682628697896442
end_time = 1682628697900297
inclusive_time = 3855
exclusive_time = 108
process_id = p3
operationName = /wrk2-api/review/compose
serviceName = nginx
------------------------------------------------------------------------------------
span = 2
trace_id = f7a876e33e155b88
span_id = e87c26378cbf6998
parent_id = 586704f62301f625
start_time = 1682628697896491
end_time = 1682628697900238
inclusive_time = 3747
exclusive_time = 334
process_id = p3
operationName = ComposeReview
serviceName = nginx
------------------------------------------------------------------------------------
span = 3
trace_id = f7a876e33e155b88
span_id = 04420d1699d41175
parent_id = e87c26378cbf6998
start_time = 1682628697896802
end_time = 1682628697900145
inclusive_time = 3343
exclusive_time = 335
process_id = p2
operationName = UploadMovieId
serviceName = movie-id-service
------------------------------------------------------------------------------------
span = 4
trace_id = f7a876e33e155b88
span_id = 3b0f4fe76e988c9f
parent_id = 04420d1699d41175
start_time = 1682628697897203
end_time = 1682628697900024
inclusive_time = 2821
exclusive_time = 273
process_id = p7
operationName = UploadRating
serviceName = rating-service
------------------------------------------------------------------------------------
span = 5
trace_id = f7a876e33e155b88
span_id = 6135e0d29b11008f
parent_id = 3b0f4fe76e988c9f
start_time = 1682628697897391
end_time = 1682628697899865
inclusive_time = 2474
exclusive_time = 1180
process_id = p1
operationName = UploadRating
serviceName = compose-review-service
------------------------------------------------------------------------------------
span = 6
trace_id = f7a876e33e155b88
span_id = 6e1f0ec6131ba1b9
parent_id = 6135e0d29b11008f
start_time = 1682628697898566
end_time = 1682628697899719
inclusive_time = 1153
exclusive_time = 22
process_id = p4
operationName = UploadMovieReview
serviceName = movie-review-service
------------------------------------------------------------------------------------
span = 7
trace_id = f7a876e33e155b88
span_id = 3a19e019e0b73e95
parent_id = 6e1f0ec6131ba1b9
start_time = 1682628697898588
end_time = 1682628697899723
inclusive_time = 1135
exclusive_time = 1135
process_id = p4
operationName = MongoFindMovie
serviceName = movie-review-service
------------------------------------------------------------------------------------
span = 8
trace_id = f7a876e33e155b88
span_id = 9e1b799b1400d927
parent_id = 04420d1699d41175
start_time = 1682628697897054
end_time = 1682628697897142
inclusive_time = 88
exclusive_time = 88
process_id = p2
operationName = MmcSetMovieId
serviceName = movie-id-service
------------------------------------------------------------------------------------
span = 9
trace_id = f7a876e33e155b88
span_id = 74c239f8dbd7bb93
parent_id = 04420d1699d41175
start_time = 1682628697896825
end_time = 1682628697896924
inclusive_time = 99
exclusive_time = 99
process_id = p2
operationName = MmcGetMovieId
serviceName = movie-id-service
------------------------------------------------------------------------------------
