span = 0
trace_id = a39baafdce4e474c
span_id = a39baafdce4e474c
parent_id = None
start_time = 1682628697991000
end_time = 1682628697996292
inclusive_time = 5292
exclusive_time = 639
process_id = p4
operationName = /wrk2-api/review/compose
serviceName = nginx
------------------------------------------------------------------------------------
span = 1
trace_id = a39baafdce4e474c
span_id = f69b359f24506fe9
parent_id = a39baafdce4e474c
start_time = 1682628697991639
end_time = 1682628697996292
inclusive_time = 4653
exclusive_time = 107
process_id = p4
operationName = /wrk2-api/review/compose
serviceName = nginx
------------------------------------------------------------------------------------
span = 2
trace_id = a39baafdce4e474c
span_id = 3aa330eaa7638d63
parent_id = f69b359f24506fe9
start_time = 1682628697991681
end_time = 1682628697996227
inclusive_time = 4546
exclusive_time = 522
process_id = p4
operationName = ComposeReview
serviceName = nginx
------------------------------------------------------------------------------------
span = 3
trace_id = a39baafdce4e474c
span_id = c98231379b2eb562
parent_id = 3aa330eaa7638d63
start_time = 1682628697991963
end_time = 1682628697995931
inclusive_time = 3968
exclusive_time = 366
process_id = p3
operationName = UploadMovieId
serviceName = movie-id-service
------------------------------------------------------------------------------------
span = 4
trace_id = a39baafdce4e474c
span_id = e6ab6f7cb1d4222e
parent_id = c98231379b2eb562
start_time = 1682628697992493
end_time = 1682628697995805
inclusive_time = 3312
exclusive_time = 331
process_id = p10
operationName = UploadRating
serviceName = rating-service
------------------------------------------------------------------------------------
span = 5
trace_id = a39baafdce4e474c
span_id = 3a63b37eb6d3d13c
parent_id = e6ab6f7cb1d4222e
start_time = 1682628697992742
end_time = 1682628697995650
inclusive_time = 2908
exclusive_time = 1628
process_id = p6
operationName = UploadRating
serviceName = compose-review-service
------------------------------------------------------------------------------------
span = 6
trace_id = a39baafdce4e474c
span_id = 65c5e9d591cef462
parent_id = 3a63b37eb6d3d13c
start_time = 1682628697994322
end_time = 1682628697995453
inclusive_time = 1131
exclusive_time = 29
process_id = p2
operationName = UploadMovieReview
serviceName = movie-review-service
------------------------------------------------------------------------------------
span = 7
trace_id = a39baafdce4e474c
span_id = 3e2bece986a720f3
parent_id = 65c5e9d591cef462
start_time = 1682628697994351
end_time = 1682628697995457
inclusive_time = 1106
exclusive_time = 1106
process_id = p2
operationName = MongoFindMovie
serviceName = movie-review-service
------------------------------------------------------------------------------------
span = 8
trace_id = a39baafdce4e474c
span_id = 7246a302aedb6695
parent_id = c98231379b2eb562
start_time = 1682628697992350
end_time = 1682628697992456
inclusive_time = 106
exclusive_time = 106
process_id = p3
operationName = MmcSetMovieId
serviceName = movie-id-service
------------------------------------------------------------------------------------
span = 9
trace_id = a39baafdce4e474c
span_id = 247c7b806d078716
parent_id = c98231379b2eb562
start_time = 1682628697991989
end_time = 1682628697992136
inclusive_time = 147
exclusive_time = 147
process_id = p3
operationName = MmcGetMovieId
serviceName = movie-id-service
------------------------------------------------------------------------------------
