span = 0
trace_id = e26d8a639f2d93ac
span_id = e26d8a639f2d93ac
parent_id = None
start_time = 1682628698021000
end_time = 1682628698026319
inclusive_time = 5319
exclusive_time = 878
process_id = p6
operationName = /wrk2-api/review/compose
serviceName = nginx
call path = 
------------------------------------------------------------------------------------
span = 1
trace_id = e26d8a639f2d93ac
span_id = 2c889af3acc2e898
parent_id = e26d8a639f2d93ac
start_time = 1682628698021878
end_time = 1682628698026319
inclusive_time = 4441
exclusive_time = 107
process_id = p6
operationName = /wrk2-api/review/compose
serviceName = nginx
call path = ->/wrk2-api/review/compose_nginx
------------------------------------------------------------------------------------
span = 2
trace_id = e26d8a639f2d93ac
span_id = 9d017227e87de9e3
parent_id = 2c889af3acc2e898
start_time = 1682628698021923
end_time = 1682628698026257
inclusive_time = 4334
exclusive_time = 700
process_id = p6
operationName = ComposeReview
serviceName = nginx
call path = ->/wrk2-api/review/compose_nginx->/wrk2-api/review/compose_nginx
------------------------------------------------------------------------------------
span = 3
trace_id = e26d8a639f2d93ac
span_id = eab7ea5e3503585d
parent_id = 9d017227e87de9e3
start_time = 1682628698022598
end_time = 1682628698025774
inclusive_time = 3176
exclusive_time = 293
process_id = p5
operationName = UploadUniqueId
serviceName = unique-id-service
call path = ->/wrk2-api/review/compose_nginx->/wrk2-api/review/compose_nginx->ComposeReview_nginx
------------------------------------------------------------------------------------
span = 4
trace_id = e26d8a639f2d93ac
span_id = 5dc571838d315bf6
parent_id = eab7ea5e3503585d
start_time = 1682628698022815
end_time = 1682628698025698
inclusive_time = 2883
exclusive_time = 1244
process_id = p3
operationName = UploadUniqueId
serviceName = compose-review-service
call path = ->/wrk2-api/review/compose_nginx->/wrk2-api/review/compose_nginx->ComposeReview_nginx->UploadUniqueId_unique-id-service
------------------------------------------------------------------------------------
span = 5
trace_id = e26d8a639f2d93ac
span_id = c1b3d61f03c91983
parent_id = 5dc571838d315bf6
start_time = 1682628698024091
end_time = 1682628698025532
inclusive_time = 1441
exclusive_time = 19
process_id = p7
operationName = UploadMovieReview
serviceName = movie-review-service
call path = ->/wrk2-api/review/compose_nginx->/wrk2-api/review/compose_nginx->ComposeReview_nginx->UploadUniqueId_unique-id-service->UploadUniqueId_compose-review-service
------------------------------------------------------------------------------------
span = 6
trace_id = e26d8a639f2d93ac
span_id = fbfbea495f6b2e5f
parent_id = c1b3d61f03c91983
start_time = 1682628698024110
end_time = 1682628698025536
inclusive_time = 1426
exclusive_time = 1426
process_id = p7
operationName = MongoFindMovie
serviceName = movie-review-service
call path = ->/wrk2-api/review/compose_nginx->/wrk2-api/review/compose_nginx->ComposeReview_nginx->UploadUniqueId_unique-id-service->UploadUniqueId_compose-review-service->UploadMovieReview_movie-review-service
------------------------------------------------------------------------------------
