span = 0
trace_id = 1feba7efe89740aa
span_id = 1feba7efe89740aa
parent_id = None
start_time = 1682638467875000
end_time = 1682638467875838
inclusive_time = 838
exclusive_time = 673
process_id = p1
operationName = 
serviceName = nginx
call path = 
------------------------------------------------------------------------------------
span = 1
trace_id = 1feba7efe89740aa
span_id = 513a3bce3afd32bc
parent_id = 1feba7efe89740aa
start_time = 1682638467875673
end_time = 1682638467875838
inclusive_time = 165
exclusive_time = 165
process_id = p1
operationName = 
serviceName = nginx
call path = ->_nginx
------------------------------------------------------------------------------------
