span = 0
trace_id = e801b32a3d371ae4
span_id = e801b32a3d371ae4
parent_id = None
start_time = 1682628698199000
end_time = 1682628698203832
inclusive_time = 4832
exclusive_time = 761
process_id = p7
operationName = /wrk2-api/review/compose
serviceName = nginx
call path = 
------------------------------------------------------------------------------------
span = 1
trace_id = e801b32a3d371ae4
span_id = c72bae2826aec6b4
parent_id = e801b32a3d371ae4
start_time = 1682628698199761
end_time = 1682628698203832
inclusive_time = 4071
exclusive_time = 102
process_id = p7
operationName = /wrk2-api/review/compose
serviceName = nginx
call path = ->/wrk2-api/review/compose_nginx
------------------------------------------------------------------------------------
span = 2
trace_id = e801b32a3d371ae4
span_id = 30a1161d442737d5
parent_id = c72bae2826aec6b4
start_time = 1682628698199808
end_time = 1682628698203777
inclusive_time = 3969
exclusive_time = 293
process_id = p7
operationName = ComposeReview
serviceName = nginx
call path = ->/wrk2-api/review/compose_nginx->/wrk2-api/review/compose_nginx
------------------------------------------------------------------------------------
span = 3
trace_id = e801b32a3d371ae4
span_id = 3b8fe2ff0801fed6
parent_id = 30a1161d442737d5
start_time = 1682628698200131
end_time = 1682628698203689
inclusive_time = 3558
exclusive_time = 567
process_id = p4
operationName = UploadMovieId
serviceName = movie-id-service
call path = ->/wrk2-api/review/compose_nginx->/wrk2-api/review/compose_nginx->ComposeReview_nginx
------------------------------------------------------------------------------------
span = 4
trace_id = e801b32a3d371ae4
span_id = 2e0d848ccc417283
parent_id = 3b8fe2ff0801fed6
start_time = 1682628698200873
end_time = 1682628698203489
inclusive_time = 2616
exclusive_time = 280
process_id = p10
operationName = UploadRating
serviceName = rating-service
call path = ->/wrk2-api/review/compose_nginx->/wrk2-api/review/compose_nginx->ComposeReview_nginx->UploadMovieId_movie-id-service
------------------------------------------------------------------------------------
span = 5
trace_id = e801b32a3d371ae4
span_id = 5a077dcad47fac16
parent_id = 2e0d848ccc417283
start_time = 1682628698201027
end_time = 1682628698203363
inclusive_time = 2336
exclusive_time = 1036
process_id = p3
operationName = UploadRating
serviceName = compose-review-service
call path = ->/wrk2-api/review/compose_nginx->/wrk2-api/review/compose_nginx->ComposeReview_nginx->UploadMovieId_movie-id-service->UploadRating_rating-service
------------------------------------------------------------------------------------
span = 6
trace_id = e801b32a3d371ae4
span_id = 790198f2e9fedb0f
parent_id = 5a077dcad47fac16
start_time = 1682628698201976
end_time = 1682628698203196
inclusive_time = 1220
exclusive_time = 29
process_id = p5
operationName = UploadMovieReview
serviceName = movie-review-service
call path = ->/wrk2-api/review/compose_nginx->/wrk2-api/review/compose_nginx->ComposeReview_nginx->UploadMovieId_movie-id-service->UploadRating_rating-service->UploadRating_compose-review-service
------------------------------------------------------------------------------------
span = 7
trace_id = e801b32a3d371ae4
span_id = d8b378c0d354642e
parent_id = 790198f2e9fedb0f
start_time = 1682628698202005
end_time = 1682628698203199
inclusive_time = 1194
exclusive_time = 1194
process_id = p5
operationName = MongoFindMovie
serviceName = movie-review-service
call path = ->/wrk2-api/review/compose_nginx->/wrk2-api/review/compose_nginx->ComposeReview_nginx->UploadMovieId_movie-id-service->UploadRating_rating-service->UploadRating_compose-review-service->UploadMovieReview_movie-review-service
------------------------------------------------------------------------------------
span = 8
trace_id = e801b32a3d371ae4
span_id = bb5e57ad74e7e14a
parent_id = 3b8fe2ff0801fed6
start_time = 1682628698200608
end_time = 1682628698200704
inclusive_time = 96
exclusive_time = 96
process_id = p4
operationName = MmcSetMovieId
serviceName = movie-id-service
call path = ->/wrk2-api/review/compose_nginx->/wrk2-api/review/compose_nginx->ComposeReview_nginx->UploadMovieId_movie-id-service
------------------------------------------------------------------------------------
span = 9
trace_id = e801b32a3d371ae4
span_id = 9cfebfa2d8fe91a6
parent_id = 3b8fe2ff0801fed6
start_time = 1682628698200147
end_time = 1682628698200426
inclusive_time = 279
exclusive_time = 279
process_id = p4
operationName = MmcGetMovieId
serviceName = movie-id-service
call path = ->/wrk2-api/review/compose_nginx->/wrk2-api/review/compose_nginx->ComposeReview_nginx->UploadMovieId_movie-id-service
------------------------------------------------------------------------------------
