span = 0
trace_id = bb84b1b8cd438d40
span_id = bb84b1b8cd438d40
parent_id = None
start_time = 1682628698265000
end_time = 1682628698268987
inclusive_time = 3987
exclusive_time = 278
process_id = p3
operationName = /wrk2-api/review/compose
serviceName = nginx
call path = 
------------------------------------------------------------------------------------
span = 1
trace_id = bb84b1b8cd438d40
span_id = db2947828d48f48a
parent_id = bb84b1b8cd438d40
start_time = 1682628698265278
end_time = 1682628698268987
inclusive_time = 3709
exclusive_time = 83
process_id = p3
operationName = /wrk2-api/review/compose
serviceName = nginx
call path = ->/wrk2-api/review/compose_nginx
------------------------------------------------------------------------------------
span = 2
trace_id = bb84b1b8cd438d40
span_id = f357759d45b14c37
parent_id = db2947828d48f48a
start_time = 1682628698265312
end_time = 1682628698268938
inclusive_time = 3626
exclusive_time = 259
process_id = p3
operationName = ComposeReview
serviceName = nginx
call path = ->/wrk2-api/review/compose_nginx->/wrk2-api/review/compose_nginx
------------------------------------------------------------------------------------
span = 3
trace_id = bb84b1b8cd438d40
span_id = 3e7b5b45fcbf299f
parent_id = f357759d45b14c37
start_time = 1682628698265598
end_time = 1682628698268861
inclusive_time = 3263
exclusive_time = 409
process_id = p6
operationName = UploadMovieId
serviceName = movie-id-service
call path = ->/wrk2-api/review/compose_nginx->/wrk2-api/review/compose_nginx->ComposeReview_nginx
------------------------------------------------------------------------------------
span = 4
trace_id = bb84b1b8cd438d40
span_id = 38d4a70dd9dcc45f
parent_id = 3e7b5b45fcbf299f
start_time = 1682628698266047
end_time = 1682628698268726
inclusive_time = 2679
exclusive_time = 318
process_id = p10
operationName = UploadRating
serviceName = rating-service
call path = ->/wrk2-api/review/compose_nginx->/wrk2-api/review/compose_nginx->ComposeReview_nginx->UploadMovieId_movie-id-service
------------------------------------------------------------------------------------
span = 5
trace_id = bb84b1b8cd438d40
span_id = c66baf7864e59811
parent_id = 38d4a70dd9dcc45f
start_time = 1682628698266274
end_time = 1682628698268597
inclusive_time = 2323
exclusive_time = 997
process_id = p5
operationName = UploadRating
serviceName = compose-review-service
call path = ->/wrk2-api/review/compose_nginx->/wrk2-api/review/compose_nginx->ComposeReview_nginx->UploadMovieId_movie-id-service->UploadRating_rating-service
------------------------------------------------------------------------------------
span = 6
trace_id = bb84b1b8cd438d40
span_id = b39fc25735f6b7dd
parent_id = c66baf7864e59811
start_time = 1682628698267347
end_time = 1682628698268448
inclusive_time = 1101
exclusive_time = 18
process_id = p1
operationName = UploadMovieReview
serviceName = movie-review-service
call path = ->/wrk2-api/review/compose_nginx->/wrk2-api/review/compose_nginx->ComposeReview_nginx->UploadMovieId_movie-id-service->UploadRating_rating-service->UploadRating_compose-review-service
------------------------------------------------------------------------------------
span = 7
trace_id = bb84b1b8cd438d40
span_id = 35fc732d8cac3be0
parent_id = b39fc25735f6b7dd
start_time = 1682628698267365
end_time = 1682628698268454
inclusive_time = 1089
exclusive_time = 1089
process_id = p1
operationName = MongoFindMovie
serviceName = movie-review-service
call path = ->/wrk2-api/review/compose_nginx->/wrk2-api/review/compose_nginx->ComposeReview_nginx->UploadMovieId_movie-id-service->UploadRating_rating-service->UploadRating_compose-review-service->UploadMovieReview_movie-review-service
------------------------------------------------------------------------------------
span = 8
trace_id = bb84b1b8cd438d40
span_id = e889c11a0b6b725e
parent_id = 3e7b5b45fcbf299f
start_time = 1682628698265613
end_time = 1682628698265699
inclusive_time = 86
exclusive_time = 86
process_id = p6
operationName = MmcGetMovieId
serviceName = movie-id-service
call path = ->/wrk2-api/review/compose_nginx->/wrk2-api/review/compose_nginx->ComposeReview_nginx->UploadMovieId_movie-id-service
------------------------------------------------------------------------------------
