span = 0
span_id = 00a7c014ce1ad961
parent_id = None
start_time = 1682628698034000
end_time = 1682628698038061
inclusive_time = 4061
exclusive_time = 61
process_id = p1
operationName = /wrk2-api/review/compose
serviceName = nginx
------------------------------------------------------------------------------------
span = 1
span_id = 6269687f070aa89e
parent_id = 00a7c014ce1ad961
start_time = 1682628698034060
end_time = 1682628698038060
inclusive_time = 4000
exclusive_time = 104
process_id = p1
operationName = /wrk2-api/review/compose
serviceName = nginx
------------------------------------------------------------------------------------
span = 2
span_id = e61204ce96d8b119
parent_id = 6269687f070aa89e
start_time = 1682628698034110
end_time = 1682628698038006
inclusive_time = 3896
exclusive_time = 262
process_id = p1
operationName = ComposeReview
serviceName = nginx
------------------------------------------------------------------------------------
span = 3
span_id = 4d6fdc1dc8e8904c
parent_id = e61204ce96d8b119
start_time = 1682628698034401
end_time = 1682628698037920
inclusive_time = 3519
exclusive_time = 394
process_id = p8
operationName = UploadMovieId
serviceName = movie-id-service
------------------------------------------------------------------------------------
span = 4
span_id = e94ed8712f562be3
parent_id = 4d6fdc1dc8e8904c
start_time = 1682628698034854
end_time = 1682628698037698
inclusive_time = 2844
exclusive_time = 503
process_id = p9
operationName = UploadRating
serviceName = rating-service
------------------------------------------------------------------------------------
span = 5
span_id = 55eef67829f3d555
parent_id = e94ed8712f562be3
start_time = 1682628698035010
end_time = 1682628698037307
inclusive_time = 2297
exclusive_time = 979
process_id = p3
operationName = UploadRating
serviceName = compose-review-service
------------------------------------------------------------------------------------
span = 6
span_id = 383e477e7f9ba624
parent_id = 55eef67829f3d555
start_time = 1682628698035949
end_time = 1682628698037148
inclusive_time = 1199
exclusive_time = 28
process_id = p4
operationName = UploadUserReview
serviceName = user-review-service
------------------------------------------------------------------------------------
span = 7
span_id = 732cd1e955f1df97
parent_id = 383e477e7f9ba624
start_time = 1682628698035977
end_time = 1682628698037153
inclusive_time = 1176
exclusive_time = 1176
process_id = p4
operationName = MongoFindUser
serviceName = user-review-service
------------------------------------------------------------------------------------
span = 8
span_id = c2bfb89dfc8ffdb3
parent_id = 4d6fdc1dc8e8904c
start_time = 1682628698034630
end_time = 1682628698034749
inclusive_time = 119
exclusive_time = 119
process_id = p8
operationName = MmcSetMovieId
serviceName = movie-id-service
------------------------------------------------------------------------------------
span = 9
span_id = dc61af66e17260b3
parent_id = 4d6fdc1dc8e8904c
start_time = 1682628698034413
end_time = 1682628698034503
inclusive_time = 90
exclusive_time = 90
process_id = p8
operationName = MmcGetMovieId
serviceName = movie-id-service
------------------------------------------------------------------------------------
