span 0
span_id = de6501a152031abb
parent_id = None
start_time = 1682628698308000
end_time = 1682628698312333
inclusive_time = 4333
exclusive_time = 446
process_id = p1
operationName = /wrk2-api/review/compose
serviceName = None
------------------------------------------------------------------------------------
span 1
span_id = 94d17485988f2c8e
parent_id = de6501a152031abb
start_time = 1682628698308446
end_time = 1682628698312333
inclusive_time = 3887
exclusive_time = 97
process_id = p1
operationName = /wrk2-api/review/compose
serviceName = None
------------------------------------------------------------------------------------
span 2
span_id = 91022fd893879c7f
parent_id = 94d17485988f2c8e
start_time = 1682628698308490
end_time = 1682628698312280
inclusive_time = 3790
exclusive_time = 285
process_id = p1
operationName = ComposeReview
serviceName = None
------------------------------------------------------------------------------------
span 3
span_id = 152a3914a5c08e80
parent_id = 91022fd893879c7f
start_time = 1682628698308687
end_time = 1682628698312192
inclusive_time = 3505
exclusive_time = 419
process_id = p8
operationName = UploadUserWithUsername
serviceName = None
------------------------------------------------------------------------------------
span 4
span_id = 23166d976ae74dcb
parent_id = 152a3914a5c08e80
start_time = 1682628698309109
end_time = 1682628698312119
inclusive_time = 3010
exclusive_time = 1421
process_id = p3
operationName = UploadUserId
serviceName = None
------------------------------------------------------------------------------------
span 5
span_id = ee0595772c369133
parent_id = 23166d976ae74dcb
start_time = 1682628698310418
end_time = 1682628698311979
inclusive_time = 1561
exclusive_time = 30
process_id = p2
operationName = UploadUserReview
serviceName = None
------------------------------------------------------------------------------------
span 6
span_id = 5dd124e2ec7a1447
parent_id = ee0595772c369133
start_time = 1682628698310448
end_time = 1682628698311982
inclusive_time = 1534
exclusive_time = 1534
process_id = p2
operationName = MongoFindUser
serviceName = None
------------------------------------------------------------------------------------
span 7
span_id = 3612478e1cbee409
parent_id = 152a3914a5c08e80
start_time = 1682628698308699
end_time = 1682628698308775
inclusive_time = 76
exclusive_time = 76
process_id = p8
operationName = MmcGetUserId
serviceName = None
------------------------------------------------------------------------------------
