span = 0
trace_id = df374c7ef25d1e12
span_id = df374c7ef25d1e12
parent_id = None
start_time = 1682628698329000
end_time = 1682628698333625
inclusive_time = 4625
exclusive_time = 709
process_id = p10
operationName = /wrk2-api/review/compose
serviceName = nginx
call path = 
------------------------------------------------------------------------------------
span = 1
trace_id = df374c7ef25d1e12
span_id = 8fd917ac93f29ced
parent_id = df374c7ef25d1e12
start_time = 1682628698329708
end_time = 1682628698333624
inclusive_time = 3916
exclusive_time = 101
process_id = p10
operationName = /wrk2-api/review/compose
serviceName = nginx
call path = ->/wrk2-api/review/compose_nginx
------------------------------------------------------------------------------------
span = 2
trace_id = df374c7ef25d1e12
span_id = 473e747c18e6db63
parent_id = 8fd917ac93f29ced
start_time = 1682628698329758
end_time = 1682628698333573
inclusive_time = 3815
exclusive_time = 357
process_id = p10
operationName = ComposeReview
serviceName = nginx
call path = ->/wrk2-api/review/compose_nginx->/wrk2-api/review/compose_nginx
------------------------------------------------------------------------------------
span = 3
trace_id = df374c7ef25d1e12
span_id = 35c937489761d5db
parent_id = 473e747c18e6db63
start_time = 1682628698330634
end_time = 1682628698333484
inclusive_time = 2850
exclusive_time = 266
process_id = p1
operationName = UploadMovieId
serviceName = movie-id-service
call path = ->/wrk2-api/review/compose_nginx->/wrk2-api/review/compose_nginx->ComposeReview_nginx
------------------------------------------------------------------------------------
span = 4
trace_id = df374c7ef25d1e12
span_id = 4333d95f34be9d44
parent_id = 35c937489761d5db
start_time = 1682628698331054
end_time = 1682628698333376
inclusive_time = 2322
exclusive_time = 286
process_id = p9
operationName = UploadRating
serviceName = rating-service
call path = ->/wrk2-api/review/compose_nginx->/wrk2-api/review/compose_nginx->ComposeReview_nginx->UploadMovieId_movie-id-service
------------------------------------------------------------------------------------
span = 5
trace_id = df374c7ef25d1e12
span_id = 5222dd499a2853e5
parent_id = 4333d95f34be9d44
start_time = 1682628698331246
end_time = 1682628698333274
inclusive_time = 2028
exclusive_time = 934
process_id = p2
operationName = UploadRating
serviceName = compose-review-service
call path = ->/wrk2-api/review/compose_nginx->/wrk2-api/review/compose_nginx->ComposeReview_nginx->UploadMovieId_movie-id-service->UploadRating_rating-service
------------------------------------------------------------------------------------
span = 6
trace_id = df374c7ef25d1e12
span_id = 66026abd1940b461
parent_id = 5222dd499a2853e5
start_time = 1682628698332166
end_time = 1682628698333195
inclusive_time = 1029
exclusive_time = 22
process_id = p5
operationName = UploadMovieReview
serviceName = movie-review-service
call path = ->/wrk2-api/review/compose_nginx->/wrk2-api/review/compose_nginx->ComposeReview_nginx->UploadMovieId_movie-id-service->UploadRating_rating-service->UploadRating_compose-review-service
------------------------------------------------------------------------------------
span = 7
trace_id = df374c7ef25d1e12
span_id = 5a22073969fe0684
parent_id = 66026abd1940b461
start_time = 1682628698332188
end_time = 1682628698333199
inclusive_time = 1011
exclusive_time = 1011
process_id = p5
operationName = MongoFindMovie
serviceName = movie-review-service
call path = ->/wrk2-api/review/compose_nginx->/wrk2-api/review/compose_nginx->ComposeReview_nginx->UploadMovieId_movie-id-service->UploadRating_rating-service->UploadRating_compose-review-service->UploadMovieReview_movie-review-service
------------------------------------------------------------------------------------
span = 8
trace_id = df374c7ef25d1e12
span_id = 38702bf5a38fd548
parent_id = 35c937489761d5db
start_time = 1682628698330917
end_time = 1682628698331033
inclusive_time = 116
exclusive_time = 116
process_id = p1
operationName = MmcSetMovieId
serviceName = movie-id-service
call path = ->/wrk2-api/review/compose_nginx->/wrk2-api/review/compose_nginx->ComposeReview_nginx->UploadMovieId_movie-id-service
------------------------------------------------------------------------------------
span = 9
trace_id = df374c7ef25d1e12
span_id = a86c92e88304f12e
parent_id = 35c937489761d5db
start_time = 1682628698330647
end_time = 1682628698330772
inclusive_time = 125
exclusive_time = 125
process_id = p1
operationName = MmcGetMovieId
serviceName = movie-id-service
call path = ->/wrk2-api/review/compose_nginx->/wrk2-api/review/compose_nginx->ComposeReview_nginx->UploadMovieId_movie-id-service
------------------------------------------------------------------------------------
