span = 0
trace_id = cd540cf1b1914186
span_id = cd540cf1b1914186
parent_id = None
start_time = 1682628697974000
end_time = 1682628697981252
inclusive_time = 7252
exclusive_time = 403
process_id = p6
operationName = /wrk2-api/review/compose
serviceName = nginx
call path = 
------------------------------------------------------------------------------------
span = 1
trace_id = cd540cf1b1914186
span_id = dedd9db42c7b955e
parent_id = cd540cf1b1914186
start_time = 1682628697974402
end_time = 1682628697981251
inclusive_time = 6849
exclusive_time = 109
process_id = p6
operationName = /wrk2-api/review/compose
serviceName = nginx
call path = ->/wrk2-api/review/compose_nginx
------------------------------------------------------------------------------------
span = 2
trace_id = cd540cf1b1914186
span_id = c8a1efc0ed924d76
parent_id = dedd9db42c7b955e
start_time = 1682628697974450
end_time = 1682628697981190
inclusive_time = 6740
exclusive_time = 280
process_id = p6
operationName = ComposeReview
serviceName = nginx
call path = ->/wrk2-api/review/compose_nginx->/wrk2-api/review/compose_nginx
------------------------------------------------------------------------------------
span = 3
trace_id = cd540cf1b1914186
span_id = 4e6d619f9b684712
parent_id = c8a1efc0ed924d76
start_time = 1682628697974727
end_time = 1682628697981087
inclusive_time = 6360
exclusive_time = 366
process_id = p5
operationName = UploadMovieId
serviceName = movie-id-service
call path = ->/wrk2-api/review/compose_nginx->/wrk2-api/review/compose_nginx->ComposeReview_nginx
------------------------------------------------------------------------------------
span = 4
trace_id = cd540cf1b1914186
span_id = 3e3e157ed448b077
parent_id = 4e6d619f9b684712
start_time = 1682628697975071
end_time = 1682628697980895
inclusive_time = 5824
exclusive_time = 4426
process_id = p1
operationName = UploadMovieId
serviceName = compose-review-service
call path = ->/wrk2-api/review/compose_nginx->/wrk2-api/review/compose_nginx->ComposeReview_nginx->UploadMovieId_movie-id-service
------------------------------------------------------------------------------------
span = 5
trace_id = cd540cf1b1914186
span_id = 586c825ccc04dd6d
parent_id = 3e3e157ed448b077
start_time = 1682628697979483
end_time = 1682628697980629
inclusive_time = 1146
exclusive_time = 18
process_id = p8
operationName = UploadUserReview
serviceName = user-review-service
call path = ->/wrk2-api/review/compose_nginx->/wrk2-api/review/compose_nginx->ComposeReview_nginx->UploadMovieId_movie-id-service->UploadMovieId_compose-review-service
------------------------------------------------------------------------------------
span = 6
trace_id = cd540cf1b1914186
span_id = a2cf9beeb4f7015d
parent_id = 586c825ccc04dd6d
start_time = 1682628697979501
end_time = 1682628697980634
inclusive_time = 1133
exclusive_time = 1133
process_id = p8
operationName = MongoFindUser
serviceName = user-review-service
call path = ->/wrk2-api/review/compose_nginx->/wrk2-api/review/compose_nginx->ComposeReview_nginx->UploadMovieId_movie-id-service->UploadMovieId_compose-review-service->UploadUserReview_user-review-service
------------------------------------------------------------------------------------
span = 7
trace_id = cd540cf1b1914186
span_id = 2dbc283717d2a0bb
parent_id = 4e6d619f9b684712
start_time = 1682628697974953
end_time = 1682628697975033
inclusive_time = 80
exclusive_time = 80
process_id = p5
operationName = MmcSetMovieId
serviceName = movie-id-service
call path = ->/wrk2-api/review/compose_nginx->/wrk2-api/review/compose_nginx->ComposeReview_nginx->UploadMovieId_movie-id-service
------------------------------------------------------------------------------------
span = 8
trace_id = cd540cf1b1914186
span_id = 63b6c843056c95c6
parent_id = 4e6d619f9b684712
start_time = 1682628697974742
end_time = 1682628697974832
inclusive_time = 90
exclusive_time = 90
process_id = p5
operationName = MmcGetMovieId
serviceName = movie-id-service
call path = ->/wrk2-api/review/compose_nginx->/wrk2-api/review/compose_nginx->ComposeReview_nginx->UploadMovieId_movie-id-service
------------------------------------------------------------------------------------
