span 0
span_id = e7b90580b9b7d520
parent_id = None
start_time = 1682628698088000
end_time = 1682628698092942
inclusive_time = 4942
exclusive_time = 915
process_id = p1
operationName = /wrk2-api/review/compose
serviceName = None
------------------------------------------------------------------------------------
span 1
span_id = 214627d402422f83
parent_id = e7b90580b9b7d520
start_time = 1682628698088914
end_time = 1682628698092941
inclusive_time = 4027
exclusive_time = 124
process_id = p1
operationName = /wrk2-api/review/compose
serviceName = None
------------------------------------------------------------------------------------
span 2
span_id = ea0f8e4bac403b4a
parent_id = 214627d402422f83
start_time = 1682628698088988
end_time = 1682628698092891
inclusive_time = 3903
exclusive_time = 401
process_id = p1
operationName = ComposeReview
serviceName = None
------------------------------------------------------------------------------------
span 3
span_id = 7ff1c30c825ea8a8
parent_id = ea0f8e4bac403b4a
start_time = 1682628698089519
end_time = 1682628698092798
inclusive_time = 3279
exclusive_time = 276
process_id = p5
operationName = UploadMovieId
serviceName = None
------------------------------------------------------------------------------------
span 4
span_id = 0e570679cf67052c
parent_id = 7ff1c30c825ea8a8
start_time = 1682628698089892
end_time = 1682628698092677
inclusive_time = 2785
exclusive_time = 239
process_id = p7
operationName = UploadRating
serviceName = None
------------------------------------------------------------------------------------
span 5
span_id = 70274bf2f12ce5cd
parent_id = 0e570679cf67052c
start_time = 1682628698090098
end_time = 1682628698092552
inclusive_time = 2454
exclusive_time = 1293
process_id = p3
operationName = UploadRating
serviceName = None
------------------------------------------------------------------------------------
span 6
span_id = 7685d27554292c00
parent_id = 70274bf2f12ce5cd
start_time = 1682628698091136
end_time = 1682628698092281
inclusive_time = 1145
exclusive_time = 25
process_id = p6
operationName = UploadUserReview
serviceName = None
------------------------------------------------------------------------------------
span 7
span_id = 405caeeb1c5063a4
parent_id = 7685d27554292c00
start_time = 1682628698091161
end_time = 1682628698092285
inclusive_time = 1124
exclusive_time = 1124
process_id = p6
operationName = MongoFindUser
serviceName = None
------------------------------------------------------------------------------------
span 8
span_id = 335f96a4711007f7
parent_id = 7ff1c30c825ea8a8
start_time = 1682628698089768
end_time = 1682628698089871
inclusive_time = 103
exclusive_time = 103
process_id = p5
operationName = MmcSetMovieId
serviceName = None
------------------------------------------------------------------------------------
span 9
span_id = 29a4ba0f66018265
parent_id = 7ff1c30c825ea8a8
start_time = 1682628698089546
end_time = 1682628698089640
inclusive_time = 94
exclusive_time = 94
process_id = p5
operationName = MmcGetMovieId
serviceName = None
------------------------------------------------------------------------------------
