span = 0
span_id = 68d83cf676d5c40c
parent_id = None
start_time = 1682628698167000
end_time = 1682628698171545
inclusive_time = 4545
exclusive_time = 432
process_id = p8
operationName = /wrk2-api/review/compose
serviceName = nginx
------------------------------------------------------------------------------------
span = 1
span_id = bc233c6069e0f002
parent_id = 68d83cf676d5c40c
start_time = 1682628698167432
end_time = 1682628698171545
inclusive_time = 4113
exclusive_time = 95
process_id = p8
operationName = /wrk2-api/review/compose
serviceName = nginx
------------------------------------------------------------------------------------
span = 2
span_id = d03e4d092ebc57e5
parent_id = bc233c6069e0f002
start_time = 1682628698167468
end_time = 1682628698171486
inclusive_time = 4018
exclusive_time = 265
process_id = p8
operationName = ComposeReview
serviceName = nginx
------------------------------------------------------------------------------------
span = 3
span_id = cfa1bfa6d57d4a1f
parent_id = d03e4d092ebc57e5
start_time = 1682628698167818
end_time = 1682628698171394
inclusive_time = 3576
exclusive_time = 218
process_id = p10
operationName = UploadText
serviceName = text-service
------------------------------------------------------------------------------------
span = 4
span_id = f79d329676c319d3
parent_id = cfa1bfa6d57d4a1f
start_time = 1682628698167970
end_time = 1682628698171328
inclusive_time = 3358
exclusive_time = 1529
process_id = p2
operationName = UploadText
serviceName = compose-review-service
------------------------------------------------------------------------------------
span = 5
span_id = 51f9140c938a5d9c
parent_id = f79d329676c319d3
start_time = 1682628698169711
end_time = 1682628698171208
inclusive_time = 1497
exclusive_time = 176
process_id = p5
operationName = UploadUserReview
serviceName = user-review-service
------------------------------------------------------------------------------------
span = 6
span_id = c45de9c2e827fcf0
parent_id = 51f9140c938a5d9c
start_time = 1682628698169887
end_time = 1682628698171212
inclusive_time = 1325
exclusive_time = 1325
process_id = p5
operationName = MongoFindUser
serviceName = user-review-service
------------------------------------------------------------------------------------
span = 7
span_id = 89fd5090283c5fe3
parent_id = f79d329676c319d3
start_time = 1682628698169379
end_time = 1682628698169694
inclusive_time = 315
exclusive_time = 36
process_id = p4
operationName = StoreReview
serviceName = review-storage-service
------------------------------------------------------------------------------------
span = 8
span_id = c11f152059499439
parent_id = 89fd5090283c5fe3
start_time = 1682628698169398
end_time = 1682628698169677
inclusive_time = 279
exclusive_time = 279
process_id = p4
operationName = MongoInsertReview
serviceName = review-storage-service
------------------------------------------------------------------------------------
