span = 0
trace_id = 012cbb63bab992c2
span_id = 012cbb63bab992c2
parent_id = None
start_time = 1682628698192000
end_time = 1682628698196799
inclusive_time = 4799
exclusive_time = 855
process_id = p7
operationName = /wrk2-api/review/compose
serviceName = nginx
call path = 
------------------------------------------------------------------------------------
span = 1
trace_id = 012cbb63bab992c2
span_id = 42b022b7b6514c06
parent_id = 012cbb63bab992c2
start_time = 1682628698192855
end_time = 1682628698196800
inclusive_time = 3945
exclusive_time = 85
process_id = p7
operationName = /wrk2-api/review/compose
serviceName = nginx
call path = ->/wrk2-api/review/compose_nginx
------------------------------------------------------------------------------------
span = 2
trace_id = 012cbb63bab992c2
span_id = 14631a20fbe06b9a
parent_id = 42b022b7b6514c06
start_time = 1682628698192892
end_time = 1682628698196752
inclusive_time = 3860
exclusive_time = 393
process_id = p7
operationName = ComposeReview
serviceName = nginx
call path = ->/wrk2-api/review/compose_nginx->/wrk2-api/review/compose_nginx
------------------------------------------------------------------------------------
span = 3
trace_id = 012cbb63bab992c2
span_id = f8ba216d20b7eecf
parent_id = 14631a20fbe06b9a
start_time = 1682628698193213
end_time = 1682628698196680
inclusive_time = 3467
exclusive_time = 286
process_id = p4
operationName = UploadMovieId
serviceName = movie-id-service
call path = ->/wrk2-api/review/compose_nginx->/wrk2-api/review/compose_nginx->ComposeReview_nginx
------------------------------------------------------------------------------------
span = 4
trace_id = 012cbb63bab992c2
span_id = 3151d1926cc6182f
parent_id = f8ba216d20b7eecf
start_time = 1682628698193673
end_time = 1682628698196556
inclusive_time = 2883
exclusive_time = 291
process_id = p10
operationName = UploadRating
serviceName = rating-service
call path = ->/wrk2-api/review/compose_nginx->/wrk2-api/review/compose_nginx->ComposeReview_nginx->UploadMovieId_movie-id-service
------------------------------------------------------------------------------------
span = 5
trace_id = 012cbb63bab992c2
span_id = c25ebb74f3fbb77e
parent_id = 3151d1926cc6182f
start_time = 1682628698193920
end_time = 1682628698196366
inclusive_time = 2446
exclusive_time = 985
process_id = p3
operationName = UploadRating
serviceName = compose-review-service
call path = ->/wrk2-api/review/compose_nginx->/wrk2-api/review/compose_nginx->ComposeReview_nginx->UploadMovieId_movie-id-service->UploadRating_rating-service
------------------------------------------------------------------------------------
span = 6
trace_id = 012cbb63bab992c2
span_id = 6b9631f2e7c3cd29
parent_id = c25ebb74f3fbb77e
start_time = 1682628698194932
end_time = 1682628698196255
inclusive_time = 1323
exclusive_time = 32
process_id = p5
operationName = UploadMovieReview
serviceName = movie-review-service
call path = ->/wrk2-api/review/compose_nginx->/wrk2-api/review/compose_nginx->ComposeReview_nginx->UploadMovieId_movie-id-service->UploadRating_rating-service->UploadRating_compose-review-service
------------------------------------------------------------------------------------
span = 7
trace_id = 012cbb63bab992c2
span_id = e93e37016e80c3b2
parent_id = 6b9631f2e7c3cd29
start_time = 1682628698194964
end_time = 1682628698196268
inclusive_time = 1304
exclusive_time = 1304
process_id = p5
operationName = MongoFindMovie
serviceName = movie-review-service
call path = ->/wrk2-api/review/compose_nginx->/wrk2-api/review/compose_nginx->ComposeReview_nginx->UploadMovieId_movie-id-service->UploadRating_rating-service->UploadRating_compose-review-service->UploadMovieReview_movie-review-service
------------------------------------------------------------------------------------
span = 8
trace_id = 012cbb63bab992c2
span_id = 47fbda96cab183c0
parent_id = f8ba216d20b7eecf
start_time = 1682628698193465
end_time = 1682628698193630
inclusive_time = 165
exclusive_time = 165
process_id = p4
operationName = MmcSetMovieId
serviceName = movie-id-service
call path = ->/wrk2-api/review/compose_nginx->/wrk2-api/review/compose_nginx->ComposeReview_nginx->UploadMovieId_movie-id-service
------------------------------------------------------------------------------------
span = 9
trace_id = 012cbb63bab992c2
span_id = 8c799e1facd20898
parent_id = f8ba216d20b7eecf
start_time = 1682628698193231
end_time = 1682628698193321
inclusive_time = 90
exclusive_time = 90
process_id = p4
operationName = MmcGetMovieId
serviceName = movie-id-service
call path = ->/wrk2-api/review/compose_nginx->/wrk2-api/review/compose_nginx->ComposeReview_nginx->UploadMovieId_movie-id-service
------------------------------------------------------------------------------------
