span 0
span_id = cd24645da0c5069c
parent_id = None
start_time = 1682628698244000
end_time = 1682628698248223
inclusive_time = 4223
exclusive_time = 466
process_id = p5
operationName = /wrk2-api/review/compose
serviceName = None
------------------------------------------------------------------------------------
span 1
span_id = 2e0d25a4d9867f7c
parent_id = cd24645da0c5069c
start_time = 1682628698244465
end_time = 1682628698248222
inclusive_time = 3757
exclusive_time = 87
process_id = p5
operationName = /wrk2-api/review/compose
serviceName = None
------------------------------------------------------------------------------------
span 2
span_id = 9f608aadaf77e11f
parent_id = 2e0d25a4d9867f7c
start_time = 1682628698244498
end_time = 1682628698248168
inclusive_time = 3670
exclusive_time = 232
process_id = p5
operationName = ComposeReview
serviceName = None
------------------------------------------------------------------------------------
span 3
span_id = 0dc7a5e9283c28cb
parent_id = 9f608aadaf77e11f
start_time = 1682628698244711
end_time = 1682628698248083
inclusive_time = 3372
exclusive_time = 421
process_id = p1
operationName = UploadMovieId
serviceName = None
------------------------------------------------------------------------------------
span 4
span_id = 63b3d3454e0d0019
parent_id = 0dc7a5e9283c28cb
start_time = 1682628698245202
end_time = 1682628698247957
inclusive_time = 2755
exclusive_time = 455
process_id = p10
operationName = UploadRating
serviceName = None
------------------------------------------------------------------------------------
span 5
span_id = 8036425112ef1e02
parent_id = 63b3d3454e0d0019
start_time = 1682628698245753
end_time = 1682628698247822
inclusive_time = 2069
exclusive_time = 971
process_id = p2
operationName = UploadRating
serviceName = None
------------------------------------------------------------------------------------
span 6
span_id = 205b30244fa69fcc
parent_id = 8036425112ef1e02
start_time = 1682628698246585
end_time = 1682628698247683
inclusive_time = 1098
exclusive_time = 17
process_id = p3
operationName = UploadMovieReview
serviceName = None
------------------------------------------------------------------------------------
span 7
span_id = 524f64e92c5cb49c
parent_id = 205b30244fa69fcc
start_time = 1682628698246602
end_time = 1682628698247697
inclusive_time = 1095
exclusive_time = 1095
process_id = p3
operationName = MongoFindMovie
serviceName = None
------------------------------------------------------------------------------------
span 8
span_id = 51f12000c667f026
parent_id = 63b3d3454e0d0019
start_time = 1682628698245441
end_time = 1682628698245672
inclusive_time = 231
exclusive_time = 231
process_id = p10
operationName = RedisInsert
serviceName = None
------------------------------------------------------------------------------------
span 9
span_id = 8403d90fc9f96f4b
parent_id = 0dc7a5e9283c28cb
start_time = 1682628698244992
end_time = 1682628698245111
inclusive_time = 119
exclusive_time = 119
process_id = p1
operationName = MmcSetMovieId
serviceName = None
------------------------------------------------------------------------------------
span 10
span_id = c3a877a004158784
parent_id = 0dc7a5e9283c28cb
start_time = 1682628698244722
end_time = 1682628698244799
inclusive_time = 77
exclusive_time = 77
process_id = p1
operationName = MmcGetMovieId
serviceName = None
------------------------------------------------------------------------------------
