span = 0
trace_id = 2c898f39c430dea1
span_id = 2c898f39c430dea1
parent_id = None
start_time = 1682628697954000
end_time = 1682628697958042
inclusive_time = 4042
exclusive_time = 187
process_id = p8
operationName = /wrk2-api/review/compose
serviceName = nginx
call path = 
------------------------------------------------------------------------------------
span = 1
trace_id = 2c898f39c430dea1
span_id = 8df3541ba15e6b23
parent_id = 2c898f39c430dea1
start_time = 1682628697954187
end_time = 1682628697958042
inclusive_time = 3855
exclusive_time = 99
process_id = p8
operationName = /wrk2-api/review/compose
serviceName = nginx
call path = ->/wrk2-api/review/compose_nginx
------------------------------------------------------------------------------------
span = 2
trace_id = 2c898f39c430dea1
span_id = d8a22f961d14ae52
parent_id = 8df3541ba15e6b23
start_time = 1682628697954234
end_time = 1682628697957990
inclusive_time = 3756
exclusive_time = 565
process_id = p8
operationName = ComposeReview
serviceName = nginx
call path = ->/wrk2-api/review/compose_nginx->/wrk2-api/review/compose_nginx
------------------------------------------------------------------------------------
span = 3
trace_id = 2c898f39c430dea1
span_id = 93295c70e7f62682
parent_id = d8a22f961d14ae52
start_time = 1682628697954526
end_time = 1682628697957624
inclusive_time = 3098
exclusive_time = 392
process_id = p7
operationName = UploadMovieId
serviceName = movie-id-service
call path = ->/wrk2-api/review/compose_nginx->/wrk2-api/review/compose_nginx->ComposeReview_nginx
------------------------------------------------------------------------------------
span = 4
trace_id = 2c898f39c430dea1
span_id = c97f28bc6514d14b
parent_id = 93295c70e7f62682
start_time = 1682628697955047
end_time = 1682628697957504
inclusive_time = 2457
exclusive_time = 250
process_id = p4
operationName = UploadRating
serviceName = rating-service
call path = ->/wrk2-api/review/compose_nginx->/wrk2-api/review/compose_nginx->ComposeReview_nginx->UploadMovieId_movie-id-service
------------------------------------------------------------------------------------
span = 5
trace_id = 2c898f39c430dea1
span_id = f674a74d596fa076
parent_id = c97f28bc6514d14b
start_time = 1682628697955223
end_time = 1682628697957368
inclusive_time = 2145
exclusive_time = 843
process_id = p3
operationName = UploadRating
serviceName = compose-review-service
call path = ->/wrk2-api/review/compose_nginx->/wrk2-api/review/compose_nginx->ComposeReview_nginx->UploadMovieId_movie-id-service->UploadRating_rating-service
------------------------------------------------------------------------------------
span = 6
trace_id = 2c898f39c430dea1
span_id = 2469af60f61cdfe8
parent_id = f674a74d596fa076
start_time = 1682628697956110
end_time = 1682628697957248
inclusive_time = 1138
exclusive_time = 29
process_id = p2
operationName = UploadUserReview
serviceName = user-review-service
call path = ->/wrk2-api/review/compose_nginx->/wrk2-api/review/compose_nginx->ComposeReview_nginx->UploadMovieId_movie-id-service->UploadRating_rating-service->UploadRating_compose-review-service
------------------------------------------------------------------------------------
span = 7
trace_id = 2c898f39c430dea1
span_id = f62f7405c744a457
parent_id = 2469af60f61cdfe8
start_time = 1682628697956139
end_time = 1682628697957252
inclusive_time = 1113
exclusive_time = 1113
process_id = p2
operationName = MongoFindUser
serviceName = user-review-service
call path = ->/wrk2-api/review/compose_nginx->/wrk2-api/review/compose_nginx->ComposeReview_nginx->UploadMovieId_movie-id-service->UploadRating_rating-service->UploadRating_compose-review-service->UploadUserReview_user-review-service
------------------------------------------------------------------------------------
span = 8
trace_id = 2c898f39c430dea1
span_id = 8638fbaad652ef78
parent_id = 93295c70e7f62682
start_time = 1682628697954895
end_time = 1682628697954986
inclusive_time = 91
exclusive_time = 91
process_id = p7
operationName = MmcSetMovieId
serviceName = movie-id-service
call path = ->/wrk2-api/review/compose_nginx->/wrk2-api/review/compose_nginx->ComposeReview_nginx->UploadMovieId_movie-id-service
------------------------------------------------------------------------------------
span = 9
trace_id = 2c898f39c430dea1
span_id = 392b6072e9eb286d
parent_id = 93295c70e7f62682
start_time = 1682628697954551
end_time = 1682628697954648
inclusive_time = 97
exclusive_time = 97
process_id = p7
operationName = MmcGetMovieId
serviceName = movie-id-service
call path = ->/wrk2-api/review/compose_nginx->/wrk2-api/review/compose_nginx->ComposeReview_nginx->UploadMovieId_movie-id-service
------------------------------------------------------------------------------------
