span = 0
trace_id = 2f1d967c3a5095bc
span_id = 2f1d967c3a5095bc
parent_id = None
start_time = 1682628698109000
end_time = 1682628698114719
inclusive_time = 5719
exclusive_time = 169
process_id = p6
operationName = /wrk2-api/review/compose
serviceName = nginx
------------------------------------------------------------------------------------
span = 1
trace_id = 2f1d967c3a5095bc
span_id = 7566abd08aa78988
parent_id = 2f1d967c3a5095bc
start_time = 1682628698109169
end_time = 1682628698114720
inclusive_time = 5551
exclusive_time = 206
process_id = p6
operationName = /wrk2-api/review/compose
serviceName = nginx
------------------------------------------------------------------------------------
span = 2
trace_id = 2f1d967c3a5095bc
span_id = 37ab0805af115ac0
parent_id = 7566abd08aa78988
start_time = 1682628698109222
end_time = 1682628698114567
inclusive_time = 5345
exclusive_time = 304
process_id = p6
operationName = ComposeReview
serviceName = nginx
------------------------------------------------------------------------------------
span = 3
trace_id = 2f1d967c3a5095bc
span_id = ce7dae59364d505b
parent_id = 37ab0805af115ac0
start_time = 1682628698109872
end_time = 1682628698114469
inclusive_time = 4597
exclusive_time = 395
process_id = p3
operationName = UploadMovieId
serviceName = movie-id-service
------------------------------------------------------------------------------------
span = 4
trace_id = 2f1d967c3a5095bc
span_id = fed9cdb0493e1f8a
parent_id = ce7dae59364d505b
start_time = 1682628698110350
end_time = 1682628698114337
inclusive_time = 3987
exclusive_time = 1394
process_id = p5
operationName = UploadRating
serviceName = rating-service
------------------------------------------------------------------------------------
span = 5
trace_id = 2f1d967c3a5095bc
span_id = 7851be5c65206490
parent_id = fed9cdb0493e1f8a
start_time = 1682628698110528
end_time = 1682628698113076
inclusive_time = 2548
exclusive_time = 1227
process_id = p1
operationName = UploadRating
serviceName = compose-review-service
------------------------------------------------------------------------------------
span = 6
trace_id = 2f1d967c3a5095bc
span_id = 569050e852cb1e19
parent_id = 7851be5c65206490
start_time = 1682628698111758
end_time = 1682628698112870
inclusive_time = 1112
exclusive_time = 18
process_id = p4
operationName = UploadUserReview
serviceName = user-review-service
------------------------------------------------------------------------------------
span = 7
trace_id = 2f1d967c3a5095bc
span_id = f758f7e3d2642819
parent_id = 569050e852cb1e19
start_time = 1682628698111776
end_time = 1682628698112873
inclusive_time = 1097
exclusive_time = 1097
process_id = p4
operationName = MongoFindUser
serviceName = user-review-service
------------------------------------------------------------------------------------
span = 8
trace_id = 2f1d967c3a5095bc
span_id = cb839707490674fa
parent_id = ce7dae59364d505b
start_time = 1682628698110229
end_time = 1682628698110323
inclusive_time = 94
exclusive_time = 94
process_id = p3
operationName = MmcSetMovieId
serviceName = movie-id-service
------------------------------------------------------------------------------------
span = 9
trace_id = 2f1d967c3a5095bc
span_id = cdde0ae1d75ff179
parent_id = ce7dae59364d505b
start_time = 1682628698109890
end_time = 1682628698110011
inclusive_time = 121
exclusive_time = 121
process_id = p3
operationName = MmcGetMovieId
serviceName = movie-id-service
------------------------------------------------------------------------------------
