span 0
span_id = 5e711c1f76ef00bf
parent_id = None
start_time = 1682628697961000
end_time = 1682628697966085
inclusive_time = 5085
exclusive_time = 733
process_id = p5
operationName = /wrk2-api/review/compose
serviceName = None
------------------------------------------------------------------------------------
span 1
span_id = d06f7e5e38a44b78
parent_id = 5e711c1f76ef00bf
start_time = 1682628697961733
end_time = 1682628697966085
inclusive_time = 4352
exclusive_time = 87
process_id = p5
operationName = /wrk2-api/review/compose
serviceName = None
------------------------------------------------------------------------------------
span 2
span_id = 45f57cd55bd364d6
parent_id = d06f7e5e38a44b78
start_time = 1682628697961773
end_time = 1682628697966038
inclusive_time = 4265
exclusive_time = 721
process_id = p5
operationName = ComposeReview
serviceName = None
------------------------------------------------------------------------------------
span 3
span_id = eaf90907096e231f
parent_id = 45f57cd55bd364d6
start_time = 1682628697962029
end_time = 1682628697965471
inclusive_time = 3442
exclusive_time = 392
process_id = p7
operationName = UploadMovieId
serviceName = None
------------------------------------------------------------------------------------
span 4
span_id = 07f9b48bd7330a2d
parent_id = eaf90907096e231f
start_time = 1682628697962521
end_time = 1682628697965353
inclusive_time = 2832
exclusive_time = 221
process_id = p3
operationName = UploadRating
serviceName = None
------------------------------------------------------------------------------------
span 5
span_id = 00aff655c5cff034
parent_id = 07f9b48bd7330a2d
start_time = 1682628697962727
end_time = 1682628697965243
inclusive_time = 2516
exclusive_time = 991
process_id = p2
operationName = UploadRating
serviceName = None
------------------------------------------------------------------------------------
span 6
span_id = 99892fc776b7193d
parent_id = 00aff655c5cff034
start_time = 1682628697963744
end_time = 1682628697965119
inclusive_time = 1375
exclusive_time = 24
process_id = p1
operationName = UploadUserReview
serviceName = None
------------------------------------------------------------------------------------
span 7
span_id = ad23bda991d87ab7
parent_id = 99892fc776b7193d
start_time = 1682628697963768
end_time = 1682628697965123
inclusive_time = 1355
exclusive_time = 1355
process_id = p1
operationName = MongoFindUser
serviceName = None
------------------------------------------------------------------------------------
span 8
span_id = 34908d7e9d3e851e
parent_id = eaf90907096e231f
start_time = 1682628697962053
end_time = 1682628697962169
inclusive_time = 116
exclusive_time = 116
process_id = p7
operationName = MmcGetMovieId
serviceName = None
------------------------------------------------------------------------------------
