span = 0
trace_id = 86b1d10653ef8864
span_id = 86b1d10653ef8864
parent_id = None
start_time = 1682628698016000
end_time = 1682628698020574
inclusive_time = 4574
exclusive_time = 346
process_id = p3
operationName = /wrk2-api/review/compose
serviceName = nginx
call path = 
------------------------------------------------------------------------------------
span = 1
trace_id = 86b1d10653ef8864
span_id = a075f6f92a790fcb
parent_id = 86b1d10653ef8864
start_time = 1682628698016346
end_time = 1682628698020574
inclusive_time = 4228
exclusive_time = 84
process_id = p3
operationName = /wrk2-api/review/compose
serviceName = nginx
call path = ->/wrk2-api/review/compose_nginx
------------------------------------------------------------------------------------
span = 2
trace_id = 86b1d10653ef8864
span_id = 3ea92d61ac064be9
parent_id = a075f6f92a790fcb
start_time = 1682628698016379
end_time = 1682628698020523
inclusive_time = 4144
exclusive_time = 573
process_id = p3
operationName = ComposeReview
serviceName = nginx
call path = ->/wrk2-api/review/compose_nginx->/wrk2-api/review/compose_nginx
------------------------------------------------------------------------------------
span = 3
trace_id = 86b1d10653ef8864
span_id = 43a08331cfc0517a
parent_id = 3ea92d61ac064be9
start_time = 1682628698016767
end_time = 1682628698020161
inclusive_time = 3394
exclusive_time = 328
process_id = p2
operationName = UploadMovieId
serviceName = movie-id-service
call path = ->/wrk2-api/review/compose_nginx->/wrk2-api/review/compose_nginx->ComposeReview_nginx
------------------------------------------------------------------------------------
span = 4
trace_id = 86b1d10653ef8864
span_id = e55959589198cf96
parent_id = 43a08331cfc0517a
start_time = 1682628698017229
end_time = 1682628698020023
inclusive_time = 2794
exclusive_time = 219
process_id = p9
operationName = UploadRating
serviceName = rating-service
call path = ->/wrk2-api/review/compose_nginx->/wrk2-api/review/compose_nginx->ComposeReview_nginx->UploadMovieId_movie-id-service
------------------------------------------------------------------------------------
span = 5
trace_id = 86b1d10653ef8864
span_id = 1ca778be588cdc0f
parent_id = e55959589198cf96
start_time = 1682628698017565
end_time = 1682628698019909
inclusive_time = 2344
exclusive_time = 1020
process_id = p5
operationName = UploadRating
serviceName = compose-review-service
call path = ->/wrk2-api/review/compose_nginx->/wrk2-api/review/compose_nginx->ComposeReview_nginx->UploadMovieId_movie-id-service->UploadRating_rating-service
------------------------------------------------------------------------------------
span = 6
trace_id = 86b1d10653ef8864
span_id = 8d3c6cdf6d6d6725
parent_id = 1ca778be588cdc0f
start_time = 1682628698018515
end_time = 1682628698019772
inclusive_time = 1257
exclusive_time = 25
process_id = p1
operationName = UploadMovieReview
serviceName = movie-review-service
call path = ->/wrk2-api/review/compose_nginx->/wrk2-api/review/compose_nginx->ComposeReview_nginx->UploadMovieId_movie-id-service->UploadRating_rating-service->UploadRating_compose-review-service
------------------------------------------------------------------------------------
span = 7
trace_id = 86b1d10653ef8864
span_id = 75bf8692212eeefd
parent_id = 8d3c6cdf6d6d6725
start_time = 1682628698018540
end_time = 1682628698019776
inclusive_time = 1236
exclusive_time = 1236
process_id = p1
operationName = MongoFindMovie
serviceName = movie-review-service
call path = ->/wrk2-api/review/compose_nginx->/wrk2-api/review/compose_nginx->ComposeReview_nginx->UploadMovieId_movie-id-service->UploadRating_rating-service->UploadRating_compose-review-service->UploadMovieReview_movie-review-service
------------------------------------------------------------------------------------
span = 8
trace_id = 86b1d10653ef8864
span_id = 93d97099f24da365
parent_id = 43a08331cfc0517a
start_time = 1682628698017002
end_time = 1682628698017094
inclusive_time = 92
exclusive_time = 92
process_id = p2
operationName = MmcSetMovieId
serviceName = movie-id-service
call path = ->/wrk2-api/review/compose_nginx->/wrk2-api/review/compose_nginx->ComposeReview_nginx->UploadMovieId_movie-id-service
------------------------------------------------------------------------------------
span = 9
trace_id = 86b1d10653ef8864
span_id = a4e04fd6048aea8a
parent_id = 43a08331cfc0517a
start_time = 1682628698016778
end_time = 1682628698016866
inclusive_time = 88
exclusive_time = 88
process_id = p2
operationName = MmcGetMovieId
serviceName = movie-id-service
call path = ->/wrk2-api/review/compose_nginx->/wrk2-api/review/compose_nginx->ComposeReview_nginx->UploadMovieId_movie-id-service
------------------------------------------------------------------------------------
