span 0
span_id = 97d8970513c0d28c
parent_id = None
start_time = 1682628698240000
end_time = 1682628698244360
inclusive_time = 4360
exclusive_time = 553
process_id = p5
operationName = /wrk2-api/review/compose
serviceName = None
------------------------------------------------------------------------------------
span 1
span_id = 3b52d374434a307f
parent_id = 97d8970513c0d28c
start_time = 1682628698240553
end_time = 1682628698244360
inclusive_time = 3807
exclusive_time = 103
process_id = p5
operationName = /wrk2-api/review/compose
serviceName = None
------------------------------------------------------------------------------------
span 2
span_id = 732a178fc8b3214c
parent_id = 3b52d374434a307f
start_time = 1682628698240602
end_time = 1682628698244306
inclusive_time = 3704
exclusive_time = 255
process_id = p5
operationName = ComposeReview
serviceName = None
------------------------------------------------------------------------------------
span 3
span_id = 6d0d10f43edb9c82
parent_id = 732a178fc8b3214c
start_time = 1682628698240954
end_time = 1682628698244233
inclusive_time = 3279
exclusive_time = 422
process_id = p1
operationName = UploadMovieId
serviceName = None
------------------------------------------------------------------------------------
span 4
span_id = a8260e9e301d2afb
parent_id = 6d0d10f43edb9c82
start_time = 1682628698241552
end_time = 1682628698244134
inclusive_time = 2582
exclusive_time = 379
process_id = p10
operationName = UploadRating
serviceName = None
------------------------------------------------------------------------------------
span 5
span_id = a0751dd9f7662c6e
parent_id = a8260e9e301d2afb
start_time = 1682628698241710
end_time = 1682628698243858
inclusive_time = 2148
exclusive_time = 891
process_id = p2
operationName = UploadRating
serviceName = None
------------------------------------------------------------------------------------
span 6
span_id = 86fccddc33510a47
parent_id = a0751dd9f7662c6e
start_time = 1682628698242600
end_time = 1682628698243746
inclusive_time = 1146
exclusive_time = 29
process_id = p3
operationName = UploadMovieReview
serviceName = None
------------------------------------------------------------------------------------
span 7
span_id = 7d5975df27d15a8c
parent_id = 86fccddc33510a47
start_time = 1682628698242629
end_time = 1682628698243750
inclusive_time = 1121
exclusive_time = 1121
process_id = p3
operationName = MongoFindMovie
serviceName = None
------------------------------------------------------------------------------------
span 8
span_id = 3ee3a0ad49f0693f
parent_id = 6d0d10f43edb9c82
start_time = 1682628698241282
end_time = 1682628698241403
inclusive_time = 121
exclusive_time = 121
process_id = p1
operationName = MmcSetMovieId
serviceName = None
------------------------------------------------------------------------------------
span 9
span_id = ef31e58c298cd165
parent_id = 6d0d10f43edb9c82
start_time = 1682628698240976
end_time = 1682628698241066
inclusive_time = 90
exclusive_time = 90
process_id = p1
operationName = MmcGetMovieId
serviceName = None
------------------------------------------------------------------------------------
