span = 0
trace_id = ebb8d9f736b68b1d
span_id = ebb8d9f736b68b1d
parent_id = None
start_time = 1682686722886000
end_time = 1682686722887259
inclusive_time = 1259
exclusive_time = 1120
process_id = p1
operationName = 
serviceName = nginx
------------------------------------------------------------------------------------
span = 1
trace_id = ebb8d9f736b68b1d
span_id = 649549f530a63ed8
parent_id = ebb8d9f736b68b1d
start_time = 1682686722887162
end_time = 1682686722887259
inclusive_time = 97
exclusive_time = 97
process_id = p1
operationName = 
serviceName = nginx
------------------------------------------------------------------------------------
span = 2
trace_id = ebb8d9f736b68b1d
span_id = cdb645dac1e538d4
parent_id = ebb8d9f736b68b1d
start_time = 1682686722887059
end_time = 1682686722887101
inclusive_time = 42
exclusive_time = 42
process_id = p1
operationName = 
serviceName = nginx
------------------------------------------------------------------------------------
