span = 0
trace_id = 0e4518e99825ea72
span_id = 0e4518e99825ea72
parent_id = None
start_time = 1682628698212000
end_time = 1682628698216060
inclusive_time = 4060
exclusive_time = 276
process_id = p6
operationName = /wrk2-api/review/compose
serviceName = nginx
------------------------------------------------------------------------------------
span = 1
trace_id = 0e4518e99825ea72
span_id = 4652a906851445e1
parent_id = 0e4518e99825ea72
start_time = 1682628698212276
end_time = 1682628698216060
inclusive_time = 3784
exclusive_time = 87
process_id = p6
operationName = /wrk2-api/review/compose
serviceName = nginx
------------------------------------------------------------------------------------
span = 2
trace_id = 0e4518e99825ea72
span_id = 4f84afbea2abdf34
parent_id = 4652a906851445e1
start_time = 1682628698212316
end_time = 1682628698216013
inclusive_time = 3697
exclusive_time = 613
process_id = p6
operationName = ComposeReview
serviceName = nginx
------------------------------------------------------------------------------------
span = 3
trace_id = 0e4518e99825ea72
span_id = 35d13cee0e677561
parent_id = 4f84afbea2abdf34
start_time = 1682628698212796
end_time = 1682628698215676
inclusive_time = 2880
exclusive_time = 245
process_id = p5
operationName = UploadUserWithUsername
serviceName = user-service
------------------------------------------------------------------------------------
span = 4
trace_id = 0e4518e99825ea72
span_id = 0c7dc216df593f32
parent_id = 35d13cee0e677561
start_time = 1682628698213114
end_time = 1682628698215588
inclusive_time = 2474
exclusive_time = 1127
process_id = p2
operationName = UploadUserId
serviceName = compose-review-service
------------------------------------------------------------------------------------
span = 5
trace_id = 0e4518e99825ea72
span_id = 4af9c762f44919de
parent_id = 0c7dc216df593f32
start_time = 1682628698214271
end_time = 1682628698215487
inclusive_time = 1216
exclusive_time = 39
process_id = p4
operationName = UploadMovieReview
serviceName = movie-review-service
------------------------------------------------------------------------------------
span = 6
trace_id = 0e4518e99825ea72
span_id = 33ca1eb5b91de0d2
parent_id = 4af9c762f44919de
start_time = 1682628698214310
end_time = 1682628698215491
inclusive_time = 1181
exclusive_time = 1181
process_id = p4
operationName = MongoFindMovie
serviceName = movie-review-service
------------------------------------------------------------------------------------
span = 7
trace_id = 0e4518e99825ea72
span_id = 4fead5f6bbd22cb3
parent_id = 35d13cee0e677561
start_time = 1682628698212810
end_time = 1682628698212971
inclusive_time = 161
exclusive_time = 161
process_id = p5
operationName = MmcGetUserId
serviceName = user-service
------------------------------------------------------------------------------------
