span = 0
trace_id = 87ced0982e4da47d
span_id = 87ced0982e4da47d
parent_id = None
start_time = 1682628697883000
end_time = 1682628697887448
inclusive_time = 4448
exclusive_time = 1076
process_id = p2
operationName = /wrk2-api/review/compose
serviceName = nginx
------------------------------------------------------------------------------------
span = 1
trace_id = 87ced0982e4da47d
span_id = d016e33c2d166724
parent_id = 87ced0982e4da47d
start_time = 1682628697884075
end_time = 1682628697887447
inclusive_time = 3372
exclusive_time = 114
process_id = p2
operationName = /wrk2-api/review/compose
serviceName = nginx
------------------------------------------------------------------------------------
span = 2
trace_id = 87ced0982e4da47d
span_id = a7ad86984aec846d
parent_id = d016e33c2d166724
start_time = 1682628697884122
end_time = 1682628697887380
inclusive_time = 3258
exclusive_time = 312
process_id = p2
operationName = ComposeReview
serviceName = nginx
------------------------------------------------------------------------------------
span = 3
trace_id = 87ced0982e4da47d
span_id = 43fd92be8a3f5a5c
parent_id = a7ad86984aec846d
start_time = 1682628697884405
end_time = 1682628697887291
inclusive_time = 2886
exclusive_time = 318
process_id = p4
operationName = UploadMovieId
serviceName = movie-id-service
------------------------------------------------------------------------------------
span = 4
trace_id = 87ced0982e4da47d
span_id = 39b8215c2d1fb150
parent_id = 43fd92be8a3f5a5c
start_time = 1682628697884809
end_time = 1682628697887175
inclusive_time = 2366
exclusive_time = 205
process_id = p7
operationName = UploadRating
serviceName = rating-service
------------------------------------------------------------------------------------
span = 5
trace_id = 87ced0982e4da47d
span_id = ebe0f915e478f836
parent_id = 39b8215c2d1fb150
start_time = 1682628697884966
end_time = 1682628697887075
inclusive_time = 2109
exclusive_time = 960
process_id = p3
operationName = UploadRating
serviceName = compose-review-service
------------------------------------------------------------------------------------
span = 6
trace_id = 87ced0982e4da47d
span_id = b433f50cdff15c7d
parent_id = ebe0f915e478f836
start_time = 1682628697885798
end_time = 1682628697886947
inclusive_time = 1149
exclusive_time = 30
process_id = p1
operationName = UploadUserReview
serviceName = user-review-service
------------------------------------------------------------------------------------
span = 7
trace_id = 87ced0982e4da47d
span_id = 1f9c9db83e904d07
parent_id = b433f50cdff15c7d
start_time = 1682628697885828
end_time = 1682628697886952
inclusive_time = 1124
exclusive_time = 1124
process_id = p1
operationName = MongoFindUser
serviceName = user-review-service
------------------------------------------------------------------------------------
span = 8
trace_id = 87ced0982e4da47d
span_id = 1bceabe1852981c8
parent_id = 43fd92be8a3f5a5c
start_time = 1682628697884657
end_time = 1682628697884756
inclusive_time = 99
exclusive_time = 99
process_id = p4
operationName = MmcSetMovieId
serviceName = movie-id-service
------------------------------------------------------------------------------------
span = 9
trace_id = 87ced0982e4da47d
span_id = d8d735251a29fec4
parent_id = 43fd92be8a3f5a5c
start_time = 1682628697884422
end_time = 1682628697884513
inclusive_time = 91
exclusive_time = 91
process_id = p4
operationName = MmcGetMovieId
serviceName = movie-id-service
------------------------------------------------------------------------------------
