span = 0
trace_id = d5f5a37129d4ed39
span_id = d5f5a37129d4ed39
parent_id = None
start_time = 1682628697899000
end_time = 1682628697904072
inclusive_time = 5072
exclusive_time = 457
process_id = p1
operationName = /wrk2-api/review/compose
serviceName = nginx
call path = 
------------------------------------------------------------------------------------
span = 1
trace_id = d5f5a37129d4ed39
span_id = 4785d565520e3c2e
parent_id = d5f5a37129d4ed39
start_time = 1682628697899456
end_time = 1682628697904071
inclusive_time = 4615
exclusive_time = 100
process_id = p1
operationName = /wrk2-api/review/compose
serviceName = nginx
call path = ->/wrk2-api/review/compose_nginx
------------------------------------------------------------------------------------
span = 2
trace_id = d5f5a37129d4ed39
span_id = ce53f4b7b868e80c
parent_id = 4785d565520e3c2e
start_time = 1682628697899502
end_time = 1682628697904017
inclusive_time = 4515
exclusive_time = 588
process_id = p1
operationName = ComposeReview
serviceName = nginx
call path = ->/wrk2-api/review/compose_nginx->/wrk2-api/review/compose_nginx
------------------------------------------------------------------------------------
span = 3
trace_id = d5f5a37129d4ed39
span_id = 21f6f5983275fc75
parent_id = ce53f4b7b868e80c
start_time = 1682628697900038
end_time = 1682628697903629
inclusive_time = 3591
exclusive_time = 497
process_id = p3
operationName = UploadMovieId
serviceName = movie-id-service
call path = ->/wrk2-api/review/compose_nginx->/wrk2-api/review/compose_nginx->ComposeReview_nginx
------------------------------------------------------------------------------------
span = 4
trace_id = d5f5a37129d4ed39
span_id = af20c735eab7543f
parent_id = 21f6f5983275fc75
start_time = 1682628697900531
end_time = 1682628697903441
inclusive_time = 2910
exclusive_time = 298
process_id = p7
operationName = UploadRating
serviceName = rating-service
call path = ->/wrk2-api/review/compose_nginx->/wrk2-api/review/compose_nginx->ComposeReview_nginx->UploadMovieId_movie-id-service
------------------------------------------------------------------------------------
span = 5
trace_id = d5f5a37129d4ed39
span_id = cec96cbda738604c
parent_id = af20c735eab7543f
start_time = 1682628697900781
end_time = 1682628697903302
inclusive_time = 2521
exclusive_time = 930
process_id = p2
operationName = UploadRating
serviceName = compose-review-service
call path = ->/wrk2-api/review/compose_nginx->/wrk2-api/review/compose_nginx->ComposeReview_nginx->UploadMovieId_movie-id-service->UploadRating_rating-service
------------------------------------------------------------------------------------
span = 6
trace_id = d5f5a37129d4ed39
span_id = 07ea8380ac36692a
parent_id = cec96cbda738604c
start_time = 1682628697902032
end_time = 1682628697903118
inclusive_time = 1086
exclusive_time = 18
process_id = p4
operationName = UploadMovieReview
serviceName = movie-review-service
call path = ->/wrk2-api/review/compose_nginx->/wrk2-api/review/compose_nginx->ComposeReview_nginx->UploadMovieId_movie-id-service->UploadRating_rating-service->UploadRating_compose-review-service
------------------------------------------------------------------------------------
span = 7
trace_id = d5f5a37129d4ed39
span_id = e18be8d2706ed528
parent_id = 07ea8380ac36692a
start_time = 1682628697902050
end_time = 1682628697903123
inclusive_time = 1073
exclusive_time = 1073
process_id = p4
operationName = MongoFindMovie
serviceName = movie-review-service
call path = ->/wrk2-api/review/compose_nginx->/wrk2-api/review/compose_nginx->ComposeReview_nginx->UploadMovieId_movie-id-service->UploadRating_rating-service->UploadRating_compose-review-service->UploadMovieReview_movie-review-service
------------------------------------------------------------------------------------
span = 8
trace_id = d5f5a37129d4ed39
span_id = 69f21f79ed37e109
parent_id = cec96cbda738604c
start_time = 1682628697901499
end_time = 1682628697901817
inclusive_time = 318
exclusive_time = 41
process_id = p9
operationName = StoreReview
serviceName = review-storage-service
call path = ->/wrk2-api/review/compose_nginx->/wrk2-api/review/compose_nginx->ComposeReview_nginx->UploadMovieId_movie-id-service->UploadRating_rating-service->UploadRating_compose-review-service
------------------------------------------------------------------------------------
span = 9
trace_id = d5f5a37129d4ed39
span_id = 341f16f75f395d65
parent_id = 69f21f79ed37e109
start_time = 1682628697901524
end_time = 1682628697901801
inclusive_time = 277
exclusive_time = 277
process_id = p9
operationName = MongoInsertReview
serviceName = review-storage-service
call path = ->/wrk2-api/review/compose_nginx->/wrk2-api/review/compose_nginx->ComposeReview_nginx->UploadMovieId_movie-id-service->UploadRating_rating-service->UploadRating_compose-review-service->StoreReview_review-storage-service
------------------------------------------------------------------------------------
span = 10
trace_id = d5f5a37129d4ed39
span_id = 0296011f6fd77843
parent_id = 21f6f5983275fc75
start_time = 1682628697900343
end_time = 1682628697900432
inclusive_time = 89
exclusive_time = 89
process_id = p3
operationName = MmcSetMovieId
serviceName = movie-id-service
call path = ->/wrk2-api/review/compose_nginx->/wrk2-api/review/compose_nginx->ComposeReview_nginx->UploadMovieId_movie-id-service
------------------------------------------------------------------------------------
span = 11
trace_id = d5f5a37129d4ed39
span_id = 9a70753a190a330a
parent_id = 21f6f5983275fc75
start_time = 1682628697900051
end_time = 1682628697900146
inclusive_time = 95
exclusive_time = 95
process_id = p3
operationName = MmcGetMovieId
serviceName = movie-id-service
call path = ->/wrk2-api/review/compose_nginx->/wrk2-api/review/compose_nginx->ComposeReview_nginx->UploadMovieId_movie-id-service
------------------------------------------------------------------------------------
