span 0
span_id = 606317b80786d422
parent_id = None
start_time = 1682628698126000
end_time = 1682628698130004
inclusive_time = 4004
exclusive_time = 178
process_id = p6
operationName = /wrk2-api/review/compose
serviceName = None
------------------------------------------------------------------------------------
span 1
span_id = f74463dbe078e035
parent_id = 606317b80786d422
start_time = 1682628698126177
end_time = 1682628698130003
inclusive_time = 3826
exclusive_time = 110
process_id = p6
operationName = /wrk2-api/review/compose
serviceName = None
------------------------------------------------------------------------------------
span 2
span_id = d3ab8873162a996b
parent_id = f74463dbe078e035
start_time = 1682628698126229
end_time = 1682628698129945
inclusive_time = 3716
exclusive_time = 401
process_id = p6
operationName = ComposeReview
serviceName = None
------------------------------------------------------------------------------------
span 3
span_id = e698fd67657dd1a1
parent_id = d3ab8873162a996b
start_time = 1682628698126722
end_time = 1682628698129879
inclusive_time = 3157
exclusive_time = 167
process_id = p10
operationName = UploadText
serviceName = None
------------------------------------------------------------------------------------
span 4
span_id = 825a087f3ac6631e
parent_id = e698fd67657dd1a1
start_time = 1682628698126833
end_time = 1682628698129823
inclusive_time = 2990
exclusive_time = 1639
process_id = p4
operationName = UploadText
serviceName = None
------------------------------------------------------------------------------------
span 5
span_id = 12db1de9f1769e93
parent_id = 825a087f3ac6631e
start_time = 1682628698128400
end_time = 1682628698129541
inclusive_time = 1141
exclusive_time = 19
process_id = p5
operationName = UploadMovieReview
serviceName = None
------------------------------------------------------------------------------------
span 6
span_id = 66d95170017d9dc3
parent_id = 12db1de9f1769e93
start_time = 1682628698128419
end_time = 1682628698129545
inclusive_time = 1126
exclusive_time = 1126
process_id = p5
operationName = MongoFindMovie
serviceName = None
------------------------------------------------------------------------------------
