span 0
span_id = 58ff4f9d1e0572cc
parent_id = None
start_time = 1682628698126000
end_time = 1682628698131344
inclusive_time = 5344
exclusive_time = 901
process_id = p6
operationName = /wrk2-api/review/compose
serviceName = None
------------------------------------------------------------------------------------
span 1
span_id = de014f2d1a21ff23
parent_id = 58ff4f9d1e0572cc
start_time = 1682628698126901
end_time = 1682628698131344
inclusive_time = 4443
exclusive_time = 93
process_id = p6
operationName = /wrk2-api/review/compose
serviceName = None
------------------------------------------------------------------------------------
span 2
span_id = 08093347af47c18b
parent_id = de014f2d1a21ff23
start_time = 1682628698126944
end_time = 1682628698131294
inclusive_time = 4350
exclusive_time = 461
process_id = p6
operationName = ComposeReview
serviceName = None
------------------------------------------------------------------------------------
span 3
span_id = 2372b8bc6ae5faa7
parent_id = 08093347af47c18b
start_time = 1682628698127572
end_time = 1682628698131071
inclusive_time = 3499
exclusive_time = 449
process_id = p1
operationName = UploadMovieId
serviceName = None
------------------------------------------------------------------------------------
span 4
span_id = 029d59f4899a4419
parent_id = 2372b8bc6ae5faa7
start_time = 1682628698128091
end_time = 1682628698130890
inclusive_time = 2799
exclusive_time = 300
process_id = p3
operationName = UploadRating
serviceName = None
------------------------------------------------------------------------------------
span 5
span_id = 7a95493de974b870
parent_id = 029d59f4899a4419
start_time = 1682628698128255
end_time = 1682628698130729
inclusive_time = 2474
exclusive_time = 1101
process_id = p4
operationName = UploadRating
serviceName = None
------------------------------------------------------------------------------------
span 6
span_id = 4238d8e78cd4df76
parent_id = 7a95493de974b870
start_time = 1682628698129505
end_time = 1682628698130571
inclusive_time = 1066
exclusive_time = 37
process_id = p5
operationName = UploadMovieReview
serviceName = None
------------------------------------------------------------------------------------
span 7
span_id = 03be0772c539267f
parent_id = 4238d8e78cd4df76
start_time = 1682628698129542
end_time = 1682628698130576
inclusive_time = 1034
exclusive_time = 1034
process_id = p5
operationName = MongoFindMovie
serviceName = None
------------------------------------------------------------------------------------
span 8
span_id = e24f319e95103841
parent_id = 2372b8bc6ae5faa7
start_time = 1682628698127952
end_time = 1682628698128043
inclusive_time = 91
exclusive_time = 91
process_id = p1
operationName = MmcSetMovieId
serviceName = None
------------------------------------------------------------------------------------
span 9
span_id = fdcb031e671ca466
parent_id = 2372b8bc6ae5faa7
start_time = 1682628698127590
end_time = 1682628698127731
inclusive_time = 141
exclusive_time = 141
process_id = p1
operationName = MmcGetMovieId
serviceName = None
------------------------------------------------------------------------------------
