span 0
span_id = 2ebbb58961e33865
parent_id = None
start_time = 1682628698026000
end_time = 1682628698030767
inclusive_time = 4767
exclusive_time = 918
process_id = p5
operationName = /wrk2-api/review/compose
serviceName = None
------------------------------------------------------------------------------------
span 1
span_id = 6df3d36d685d5c26
parent_id = 2ebbb58961e33865
start_time = 1682628698026918
end_time = 1682628698030767
inclusive_time = 3849
exclusive_time = 143
process_id = p5
operationName = /wrk2-api/review/compose
serviceName = None
------------------------------------------------------------------------------------
span 2
span_id = 8c091a8145ee80bf
parent_id = 6df3d36d685d5c26
start_time = 1682628698026951
end_time = 1682628698030657
inclusive_time = 3706
exclusive_time = 310
process_id = p5
operationName = ComposeReview
serviceName = None
------------------------------------------------------------------------------------
span 3
span_id = e4bddecaaa823cad
parent_id = 8c091a8145ee80bf
start_time = 1682628698027338
end_time = 1682628698030539
inclusive_time = 3201
exclusive_time = 282
process_id = p8
operationName = UploadMovieId
serviceName = None
------------------------------------------------------------------------------------
span 4
span_id = 473cb33f673e264d
parent_id = e4bddecaaa823cad
start_time = 1682628698027764
end_time = 1682628698030412
inclusive_time = 2648
exclusive_time = 222
process_id = p9
operationName = UploadRating
serviceName = None
------------------------------------------------------------------------------------
span 5
span_id = d610694bd79a8184
parent_id = 473cb33f673e264d
start_time = 1682628698027919
end_time = 1682628698030287
inclusive_time = 2368
exclusive_time = 1209
process_id = p2
operationName = UploadRating
serviceName = None
------------------------------------------------------------------------------------
span 6
span_id = 92b93729cef6b930
parent_id = d610694bd79a8184
start_time = 1682628698029013
end_time = 1682628698030156
inclusive_time = 1143
exclusive_time = 22
process_id = p3
operationName = UploadUserReview
serviceName = None
------------------------------------------------------------------------------------
span 7
span_id = 3dd7ce02454149b5
parent_id = 92b93729cef6b930
start_time = 1682628698029035
end_time = 1682628698030161
inclusive_time = 1126
exclusive_time = 1126
process_id = p3
operationName = MongoFindUser
serviceName = None
------------------------------------------------------------------------------------
span 8
span_id = 8dbd12aaf92d736d
parent_id = e4bddecaaa823cad
start_time = 1682628698027580
end_time = 1682628698027743
inclusive_time = 163
exclusive_time = 163
process_id = p8
operationName = MmcSetMovieId
serviceName = None
------------------------------------------------------------------------------------
span 9
span_id = e882b4bc99d1c806
parent_id = e4bddecaaa823cad
start_time = 1682628698027351
end_time = 1682628698027438
inclusive_time = 87
exclusive_time = 87
process_id = p8
operationName = MmcGetMovieId
serviceName = None
------------------------------------------------------------------------------------
