span = 0
trace_id = 377205a6e8dee89a
span_id = 377205a6e8dee89a
parent_id = None
start_time = 1682628698320000
end_time = 1682628698324915
inclusive_time = 4915
exclusive_time = 596
process_id = p10
operationName = /wrk2-api/review/compose
serviceName = nginx
call path = 
------------------------------------------------------------------------------------
span = 1
trace_id = 377205a6e8dee89a
span_id = 9a9300deb3e7c959
parent_id = 377205a6e8dee89a
start_time = 1682628698320596
end_time = 1682628698324915
inclusive_time = 4319
exclusive_time = 84
process_id = p10
operationName = /wrk2-api/review/compose
serviceName = nginx
call path = ->/wrk2-api/review/compose_nginx
------------------------------------------------------------------------------------
span = 2
trace_id = 377205a6e8dee89a
span_id = bf4514d2718a1565
parent_id = 9a9300deb3e7c959
start_time = 1682628698320630
end_time = 1682628698324865
inclusive_time = 4235
exclusive_time = 287
process_id = p10
operationName = ComposeReview
serviceName = nginx
call path = ->/wrk2-api/review/compose_nginx->/wrk2-api/review/compose_nginx
------------------------------------------------------------------------------------
span = 3
trace_id = 377205a6e8dee89a
span_id = cd6039497a156cbe
parent_id = bf4514d2718a1565
start_time = 1682628698320927
end_time = 1682628698324790
inclusive_time = 3863
exclusive_time = 474
process_id = p1
operationName = UploadMovieId
serviceName = movie-id-service
call path = ->/wrk2-api/review/compose_nginx->/wrk2-api/review/compose_nginx->ComposeReview_nginx
------------------------------------------------------------------------------------
span = 4
trace_id = 377205a6e8dee89a
span_id = 55f5829d33cc07b6
parent_id = cd6039497a156cbe
start_time = 1682628698321622
end_time = 1682628698324661
inclusive_time = 3039
exclusive_time = 333
process_id = p9
operationName = UploadRating
serviceName = rating-service
call path = ->/wrk2-api/review/compose_nginx->/wrk2-api/review/compose_nginx->ComposeReview_nginx->UploadMovieId_movie-id-service
------------------------------------------------------------------------------------
span = 5
trace_id = 377205a6e8dee89a
span_id = 1ae82b560491b138
parent_id = 55f5829d33cc07b6
start_time = 1682628698321876
end_time = 1682628698324515
inclusive_time = 2639
exclusive_time = 1304
process_id = p2
operationName = UploadRating
serviceName = compose-review-service
call path = ->/wrk2-api/review/compose_nginx->/wrk2-api/review/compose_nginx->ComposeReview_nginx->UploadMovieId_movie-id-service->UploadRating_rating-service
------------------------------------------------------------------------------------
span = 6
trace_id = 377205a6e8dee89a
span_id = de075bc9460af217
parent_id = 1ae82b560491b138
start_time = 1682628698323101
end_time = 1682628698324294
inclusive_time = 1193
exclusive_time = 25
process_id = p6
operationName = UploadUserReview
serviceName = user-review-service
call path = ->/wrk2-api/review/compose_nginx->/wrk2-api/review/compose_nginx->ComposeReview_nginx->UploadMovieId_movie-id-service->UploadRating_rating-service->UploadRating_compose-review-service
------------------------------------------------------------------------------------
span = 7
trace_id = 377205a6e8dee89a
span_id = 6173168db31f27c7
parent_id = de075bc9460af217
start_time = 1682628698323126
end_time = 1682628698324300
inclusive_time = 1174
exclusive_time = 1174
process_id = p6
operationName = MongoFindUser
serviceName = user-review-service
call path = ->/wrk2-api/review/compose_nginx->/wrk2-api/review/compose_nginx->ComposeReview_nginx->UploadMovieId_movie-id-service->UploadRating_rating-service->UploadRating_compose-review-service->UploadUserReview_user-review-service
------------------------------------------------------------------------------------
span = 8
trace_id = 377205a6e8dee89a
span_id = 5af52fbcfa2efa79
parent_id = cd6039497a156cbe
start_time = 1682628698321400
end_time = 1682628698321492
inclusive_time = 92
exclusive_time = 92
process_id = p1
operationName = MmcSetMovieId
serviceName = movie-id-service
call path = ->/wrk2-api/review/compose_nginx->/wrk2-api/review/compose_nginx->ComposeReview_nginx->UploadMovieId_movie-id-service
------------------------------------------------------------------------------------
span = 9
trace_id = 377205a6e8dee89a
span_id = 75bfa0525729eee2
parent_id = cd6039497a156cbe
start_time = 1682628698320940
end_time = 1682628698321040
inclusive_time = 100
exclusive_time = 100
process_id = p1
operationName = MmcGetMovieId
serviceName = movie-id-service
call path = ->/wrk2-api/review/compose_nginx->/wrk2-api/review/compose_nginx->ComposeReview_nginx->UploadMovieId_movie-id-service
------------------------------------------------------------------------------------
