span = 0
span_id = 9588052dcc984bc1
parent_id = None
start_time = 1682628697887000
end_time = 1682628697891946
inclusive_time = 4946
exclusive_time = 715
process_id = p1
operationName = /wrk2-api/review/compose
serviceName = nginx
------------------------------------------------------------------------------------
span = 1
span_id = f295dcdca6fcd7c1
parent_id = 9588052dcc984bc1
start_time = 1682628697887714
end_time = 1682628697891945
inclusive_time = 4231
exclusive_time = 106
process_id = p1
operationName = /wrk2-api/review/compose
serviceName = nginx
------------------------------------------------------------------------------------
span = 2
span_id = 05b381b6a55d1b3f
parent_id = f295dcdca6fcd7c1
start_time = 1682628697887750
end_time = 1682628697891875
inclusive_time = 4125
exclusive_time = 297
process_id = p1
operationName = ComposeReview
serviceName = nginx
------------------------------------------------------------------------------------
span = 3
span_id = 87d703ca6f0703b1
parent_id = 05b381b6a55d1b3f
start_time = 1682628697888013
end_time = 1682628697891742
inclusive_time = 3729
exclusive_time = 374
process_id = p3
operationName = UploadMovieId
serviceName = movie-id-service
------------------------------------------------------------------------------------
span = 4
span_id = 670709ec058e59fa
parent_id = 87d703ca6f0703b1
start_time = 1682628697888459
end_time = 1682628697891610
inclusive_time = 3151
exclusive_time = 249
process_id = p7
operationName = UploadRating
serviceName = rating-service
------------------------------------------------------------------------------------
span = 5
span_id = a5bb1c8bdb467b79
parent_id = 670709ec058e59fa
start_time = 1682628697888826
end_time = 1682628697891501
inclusive_time = 2675
exclusive_time = 1478
process_id = p2
operationName = UploadRating
serviceName = compose-review-service
------------------------------------------------------------------------------------
span = 6
span_id = e6a222d81a1688d9
parent_id = a5bb1c8bdb467b79
start_time = 1682628697890010
end_time = 1682628697891070
inclusive_time = 1060
exclusive_time = 19
process_id = p4
operationName = UploadMovieReview
serviceName = movie-review-service
------------------------------------------------------------------------------------
span = 7
span_id = 3b534c0cfff614e3
parent_id = e6a222d81a1688d9
start_time = 1682628697890029
end_time = 1682628697891080
inclusive_time = 1051
exclusive_time = 1051
process_id = p4
operationName = MongoFindMovie
serviceName = movie-review-service
------------------------------------------------------------------------------------
span = 8
span_id = d1a8c8408acbe821
parent_id = 87d703ca6f0703b1
start_time = 1682628697888245
end_time = 1682628697888350
inclusive_time = 105
exclusive_time = 105
process_id = p3
operationName = MmcSetMovieId
serviceName = movie-id-service
------------------------------------------------------------------------------------
span = 9
span_id = 6f75b08121ddf5e9
parent_id = 87d703ca6f0703b1
start_time = 1682628697888031
end_time = 1682628697888130
inclusive_time = 99
exclusive_time = 99
process_id = p3
operationName = MmcGetMovieId
serviceName = movie-id-service
------------------------------------------------------------------------------------
