span = 0
span_id = a40a7f6be9a8d819
parent_id = None
start_time = 1682628698097000
end_time = 1682628698101985
inclusive_time = 4985
exclusive_time = 610
process_id = p7
operationName = /wrk2-api/review/compose
serviceName = nginx
------------------------------------------------------------------------------------
span = 1
span_id = 5d0d57185cb41838
parent_id = a40a7f6be9a8d819
start_time = 1682628698097609
end_time = 1682628698101984
inclusive_time = 4375
exclusive_time = 100
process_id = p7
operationName = /wrk2-api/review/compose
serviceName = nginx
------------------------------------------------------------------------------------
span = 2
span_id = 89578539054ac9ab
parent_id = 5d0d57185cb41838
start_time = 1682628698097650
end_time = 1682628698101925
inclusive_time = 4275
exclusive_time = 308
process_id = p7
operationName = ComposeReview
serviceName = nginx
------------------------------------------------------------------------------------
span = 3
span_id = 334b0d6abedb5857
parent_id = 89578539054ac9ab
start_time = 1682628698097939
end_time = 1682628698101818
inclusive_time = 3879
exclusive_time = 309
process_id = p4
operationName = UploadMovieId
serviceName = movie-id-service
------------------------------------------------------------------------------------
span = 4
span_id = 1da3c20dcf4d3646
parent_id = 334b0d6abedb5857
start_time = 1682628698098502
end_time = 1682628698101671
inclusive_time = 3169
exclusive_time = 283
process_id = p6
operationName = UploadRating
serviceName = rating-service
------------------------------------------------------------------------------------
span = 5
span_id = 342239e6180ffc93
parent_id = 1da3c20dcf4d3646
start_time = 1682628698098699
end_time = 1682628698101510
inclusive_time = 2811
exclusive_time = 1369
process_id = p2
operationName = UploadRating
serviceName = compose-review-service
------------------------------------------------------------------------------------
span = 6
span_id = 56ed24c93b5ef95c
parent_id = 342239e6180ffc93
start_time = 1682628698099780
end_time = 1682628698101149
inclusive_time = 1369
exclusive_time = 17
process_id = p1
operationName = UploadMovieReview
serviceName = movie-review-service
------------------------------------------------------------------------------------
span = 7
span_id = fc5c6ac1d35596e2
parent_id = 56ed24c93b5ef95c
start_time = 1682628698099797
end_time = 1682628698101152
inclusive_time = 1355
exclusive_time = 1355
process_id = p1
operationName = MongoFindMovie
serviceName = movie-review-service
------------------------------------------------------------------------------------
span = 8
span_id = 896d9a75e2059e0c
parent_id = 334b0d6abedb5857
start_time = 1682628698098163
end_time = 1682628698098259
inclusive_time = 96
exclusive_time = 96
process_id = p4
operationName = MmcSetMovieId
serviceName = movie-id-service
------------------------------------------------------------------------------------
span = 9
span_id = bd9bcc1adffb9090
parent_id = 334b0d6abedb5857
start_time = 1682628698097953
end_time = 1682628698098049
inclusive_time = 96
exclusive_time = 96
process_id = p4
operationName = MmcGetMovieId
serviceName = movie-id-service
------------------------------------------------------------------------------------
