span = 0
span_id = 19c00e6446cb26d4
parent_id = None
start_time = 1682660356314000
end_time = 1682660356314712
inclusive_time = 712
exclusive_time = 543
process_id = p1
operationName = 
serviceName = nginx
------------------------------------------------------------------------------------
span = 1
span_id = b4644be9ecb66b3d
parent_id = 19c00e6446cb26d4
start_time = 1682660356314585
end_time = 1682660356314712
inclusive_time = 127
exclusive_time = 127
process_id = p1
operationName = 
serviceName = nginx
------------------------------------------------------------------------------------
span = 2
span_id = b5ae655c8dd376fc
parent_id = 19c00e6446cb26d4
start_time = 1682660356314473
end_time = 1682660356314515
inclusive_time = 42
exclusive_time = 42
process_id = p1
operationName = 
serviceName = nginx
------------------------------------------------------------------------------------
