span 0
span_id = eb283f1fbf293a14
parent_id = None
start_time = 1682628698302000
end_time = 1682628698306239
inclusive_time = 4239
exclusive_time = 242
process_id = p1
operationName = /wrk2-api/review/compose
serviceName = None
------------------------------------------------------------------------------------
span 1
span_id = a7933bc0a12dd813
parent_id = eb283f1fbf293a14
start_time = 1682628698302242
end_time = 1682628698306239
inclusive_time = 3997
exclusive_time = 113
process_id = p1
operationName = /wrk2-api/review/compose
serviceName = None
------------------------------------------------------------------------------------
span 2
span_id = bf7ef43cc1a265eb
parent_id = a7933bc0a12dd813
start_time = 1682628698302297
end_time = 1682628698306181
inclusive_time = 3884
exclusive_time = 298
process_id = p1
operationName = ComposeReview
serviceName = None
------------------------------------------------------------------------------------
span 3
span_id = 886b93f17c1811e6
parent_id = bf7ef43cc1a265eb
start_time = 1682628698302647
end_time = 1682628698306096
inclusive_time = 3449
exclusive_time = 405
process_id = p4
operationName = UploadMovieId
serviceName = None
------------------------------------------------------------------------------------
span 4
span_id = 2a1e4f24efb8b1ce
parent_id = 886b93f17c1811e6
start_time = 1682628698303266
end_time = 1682628698305958
inclusive_time = 2692
exclusive_time = 235
process_id = p10
operationName = UploadRating
serviceName = None
------------------------------------------------------------------------------------
span 5
span_id = 39e13ad5a34913a4
parent_id = 2a1e4f24efb8b1ce
start_time = 1682628698303438
end_time = 1682628698305831
inclusive_time = 2393
exclusive_time = 1119
process_id = p3
operationName = UploadRating
serviceName = None
------------------------------------------------------------------------------------
span 6
span_id = 3bb1705f397de8d0
parent_id = 39e13ad5a34913a4
start_time = 1682628698304564
end_time = 1682628698305699
inclusive_time = 1135
exclusive_time = 26
process_id = p7
operationName = UploadMovieReview
serviceName = None
------------------------------------------------------------------------------------
span 7
span_id = 65387424227133de
parent_id = 3bb1705f397de8d0
start_time = 1682628698304590
end_time = 1682628698305703
inclusive_time = 1113
exclusive_time = 1113
process_id = p7
operationName = MongoFindMovie
serviceName = None
------------------------------------------------------------------------------------
span 8
span_id = 3c9ceda996237f86
parent_id = 886b93f17c1811e6
start_time = 1682628698302719
end_time = 1682628698302812
inclusive_time = 93
exclusive_time = 93
process_id = p4
operationName = MmcGetMovieId
serviceName = None
------------------------------------------------------------------------------------
