span = 0
trace_id = 3eeb6deb4f98b467
span_id = 3eeb6deb4f98b467
parent_id = None
start_time = 1682628698030000
end_time = 1682628698036215
inclusive_time = 6215
exclusive_time = 864
process_id = p5
operationName = /wrk2-api/review/compose
serviceName = nginx
call path = 
------------------------------------------------------------------------------------
span = 1
trace_id = 3eeb6deb4f98b467
span_id = 6940c461cbce0d2d
parent_id = 3eeb6deb4f98b467
start_time = 1682628698030864
end_time = 1682628698036215
inclusive_time = 5351
exclusive_time = 100
process_id = p5
operationName = /wrk2-api/review/compose
serviceName = nginx
call path = ->/wrk2-api/review/compose_nginx
------------------------------------------------------------------------------------
span = 2
trace_id = 3eeb6deb4f98b467
span_id = e8d467cfe721dae7
parent_id = 6940c461cbce0d2d
start_time = 1682628698030901
end_time = 1682628698036152
inclusive_time = 5251
exclusive_time = 939
process_id = p5
operationName = ComposeReview
serviceName = nginx
call path = ->/wrk2-api/review/compose_nginx->/wrk2-api/review/compose_nginx
------------------------------------------------------------------------------------
span = 3
trace_id = 3eeb6deb4f98b467
span_id = ed84cf20a81b0114
parent_id = e8d467cfe721dae7
start_time = 1682628698031221
end_time = 1682628698035442
inclusive_time = 4221
exclusive_time = 448
process_id = p8
operationName = UploadMovieId
serviceName = movie-id-service
call path = ->/wrk2-api/review/compose_nginx->/wrk2-api/review/compose_nginx->ComposeReview_nginx
------------------------------------------------------------------------------------
span = 4
trace_id = 3eeb6deb4f98b467
span_id = e4078bb39de131e1
parent_id = ed84cf20a81b0114
start_time = 1682628698031791
end_time = 1682628698035290
inclusive_time = 3499
exclusive_time = 447
process_id = p9
operationName = UploadRating
serviceName = rating-service
call path = ->/wrk2-api/review/compose_nginx->/wrk2-api/review/compose_nginx->ComposeReview_nginx->UploadMovieId_movie-id-service
------------------------------------------------------------------------------------
span = 5
trace_id = 3eeb6deb4f98b467
span_id = 6da2a06391f8b2f9
parent_id = e4078bb39de131e1
start_time = 1682628698032078
end_time = 1682628698035130
inclusive_time = 3052
exclusive_time = 1623
process_id = p2
operationName = UploadRating
serviceName = compose-review-service
call path = ->/wrk2-api/review/compose_nginx->/wrk2-api/review/compose_nginx->ComposeReview_nginx->UploadMovieId_movie-id-service->UploadRating_rating-service
------------------------------------------------------------------------------------
span = 6
trace_id = 3eeb6deb4f98b467
span_id = 6802e1eb4f0c132a
parent_id = 6da2a06391f8b2f9
start_time = 1682628698033562
end_time = 1682628698034991
inclusive_time = 1429
exclusive_time = 47
process_id = p6
operationName = UploadMovieReview
serviceName = movie-review-service
call path = ->/wrk2-api/review/compose_nginx->/wrk2-api/review/compose_nginx->ComposeReview_nginx->UploadMovieId_movie-id-service->UploadRating_rating-service->UploadRating_compose-review-service
------------------------------------------------------------------------------------
span = 7
trace_id = 3eeb6deb4f98b467
span_id = 5add3a4769221f2a
parent_id = 6802e1eb4f0c132a
start_time = 1682628698033609
end_time = 1682628698034996
inclusive_time = 1387
exclusive_time = 1387
process_id = p6
operationName = MongoFindMovie
serviceName = movie-review-service
call path = ->/wrk2-api/review/compose_nginx->/wrk2-api/review/compose_nginx->ComposeReview_nginx->UploadMovieId_movie-id-service->UploadRating_rating-service->UploadRating_compose-review-service->UploadMovieReview_movie-review-service
------------------------------------------------------------------------------------
span = 8
trace_id = 3eeb6deb4f98b467
span_id = 50bbf039c66551bc
parent_id = ed84cf20a81b0114
start_time = 1682628698031500
end_time = 1682628698031662
inclusive_time = 162
exclusive_time = 162
process_id = p8
operationName = MmcSetMovieId
serviceName = movie-id-service
call path = ->/wrk2-api/review/compose_nginx->/wrk2-api/review/compose_nginx->ComposeReview_nginx->UploadMovieId_movie-id-service
------------------------------------------------------------------------------------
span = 9
trace_id = 3eeb6deb4f98b467
span_id = a16aa212f40ecb9f
parent_id = ed84cf20a81b0114
start_time = 1682628698031240
end_time = 1682628698031352
inclusive_time = 112
exclusive_time = 112
process_id = p8
operationName = MmcGetMovieId
serviceName = movie-id-service
call path = ->/wrk2-api/review/compose_nginx->/wrk2-api/review/compose_nginx->ComposeReview_nginx->UploadMovieId_movie-id-service
------------------------------------------------------------------------------------
