span = 0
trace_id = fdddc5390429c1c0
span_id = fdddc5390429c1c0
parent_id = None
start_time = 1682628698073000
end_time = 1682628698077821
inclusive_time = 4821
exclusive_time = 690
process_id = p1
operationName = /wrk2-api/review/compose
serviceName = nginx
call path = 
------------------------------------------------------------------------------------
span = 1
trace_id = fdddc5390429c1c0
span_id = a8006ae83c9d714c
parent_id = fdddc5390429c1c0
start_time = 1682628698073690
end_time = 1682628698077821
inclusive_time = 4131
exclusive_time = 95
process_id = p1
operationName = /wrk2-api/review/compose
serviceName = nginx
call path = ->/wrk2-api/review/compose_nginx
------------------------------------------------------------------------------------
span = 2
trace_id = fdddc5390429c1c0
span_id = c07eb0161a70fd5f
parent_id = a8006ae83c9d714c
start_time = 1682628698073730
end_time = 1682628698077766
inclusive_time = 4036
exclusive_time = 253
process_id = p1
operationName = ComposeReview
serviceName = nginx
call path = ->/wrk2-api/review/compose_nginx->/wrk2-api/review/compose_nginx
------------------------------------------------------------------------------------
span = 3
trace_id = fdddc5390429c1c0
span_id = fd4b532040a1514c
parent_id = c07eb0161a70fd5f
start_time = 1682628698074043
end_time = 1682628698077696
inclusive_time = 3653
exclusive_time = 322
process_id = p5
operationName = UploadMovieId
serviceName = movie-id-service
call path = ->/wrk2-api/review/compose_nginx->/wrk2-api/review/compose_nginx->ComposeReview_nginx
------------------------------------------------------------------------------------
span = 4
trace_id = fdddc5390429c1c0
span_id = aa4bad9a020d883c
parent_id = fd4b532040a1514c
start_time = 1682628698074454
end_time = 1682628698077589
inclusive_time = 3135
exclusive_time = 208
process_id = p7
operationName = UploadRating
serviceName = rating-service
call path = ->/wrk2-api/review/compose_nginx->/wrk2-api/review/compose_nginx->ComposeReview_nginx->UploadMovieId_movie-id-service
------------------------------------------------------------------------------------
span = 5
trace_id = fdddc5390429c1c0
span_id = 50edb949d2fa2d09
parent_id = aa4bad9a020d883c
start_time = 1682628698074705
end_time = 1682628698077473
inclusive_time = 2768
exclusive_time = 1406
process_id = p3
operationName = UploadRating
serviceName = compose-review-service
call path = ->/wrk2-api/review/compose_nginx->/wrk2-api/review/compose_nginx->ComposeReview_nginx->UploadMovieId_movie-id-service->UploadRating_rating-service
------------------------------------------------------------------------------------
span = 6
trace_id = fdddc5390429c1c0
span_id = fc6fc0048d07913e
parent_id = 50edb949d2fa2d09
start_time = 1682628698075944
end_time = 1682628698077249
inclusive_time = 1305
exclusive_time = 37
process_id = p2
operationName = UploadMovieReview
serviceName = movie-review-service
call path = ->/wrk2-api/review/compose_nginx->/wrk2-api/review/compose_nginx->ComposeReview_nginx->UploadMovieId_movie-id-service->UploadRating_rating-service->UploadRating_compose-review-service
------------------------------------------------------------------------------------
span = 7
trace_id = fdddc5390429c1c0
span_id = 43f16e7c329710b3
parent_id = fc6fc0048d07913e
start_time = 1682628698075981
end_time = 1682628698077254
inclusive_time = 1273
exclusive_time = 1273
process_id = p2
operationName = MongoFindMovie
serviceName = movie-review-service
call path = ->/wrk2-api/review/compose_nginx->/wrk2-api/review/compose_nginx->ComposeReview_nginx->UploadMovieId_movie-id-service->UploadRating_rating-service->UploadRating_compose-review-service->UploadMovieReview_movie-review-service
------------------------------------------------------------------------------------
span = 8
trace_id = fdddc5390429c1c0
span_id = d8e03fcf448c0587
parent_id = fd4b532040a1514c
start_time = 1682628698074294
end_time = 1682628698074393
inclusive_time = 99
exclusive_time = 99
process_id = p5
operationName = MmcSetMovieId
serviceName = movie-id-service
call path = ->/wrk2-api/review/compose_nginx->/wrk2-api/review/compose_nginx->ComposeReview_nginx->UploadMovieId_movie-id-service
------------------------------------------------------------------------------------
span = 9
trace_id = fdddc5390429c1c0
span_id = 2df260fbc737f6de
parent_id = fd4b532040a1514c
start_time = 1682628698074063
end_time = 1682628698074156
inclusive_time = 93
exclusive_time = 93
process_id = p5
operationName = MmcGetMovieId
serviceName = movie-id-service
call path = ->/wrk2-api/review/compose_nginx->/wrk2-api/review/compose_nginx->ComposeReview_nginx->UploadMovieId_movie-id-service
------------------------------------------------------------------------------------
