span = 0
trace_id = 79670c5839353cd2
span_id = 79670c5839353cd2
parent_id = None
start_time = 1682628698211000
end_time = 1682628698215049
inclusive_time = 4049
exclusive_time = 416
process_id = p6
operationName = /wrk2-api/review/compose
serviceName = nginx
call path = 
------------------------------------------------------------------------------------
span = 1
trace_id = 79670c5839353cd2
span_id = c0ba40a6103223c8
parent_id = 79670c5839353cd2
start_time = 1682628698211415
end_time = 1682628698215048
inclusive_time = 3633
exclusive_time = 99
process_id = p6
operationName = /wrk2-api/review/compose
serviceName = nginx
call path = ->/wrk2-api/review/compose_nginx
------------------------------------------------------------------------------------
span = 2
trace_id = 79670c5839353cd2
span_id = c46fcf2b4347b6b9
parent_id = c0ba40a6103223c8
start_time = 1682628698211459
end_time = 1682628698214993
inclusive_time = 3534
exclusive_time = 287
process_id = p6
operationName = ComposeReview
serviceName = nginx
call path = ->/wrk2-api/review/compose_nginx->/wrk2-api/review/compose_nginx
------------------------------------------------------------------------------------
span = 3
trace_id = 79670c5839353cd2
span_id = 89bd652e19958176
parent_id = c46fcf2b4347b6b9
start_time = 1682628698211723
end_time = 1682628698214882
inclusive_time = 3159
exclusive_time = 353
process_id = p3
operationName = UploadMovieId
serviceName = movie-id-service
call path = ->/wrk2-api/review/compose_nginx->/wrk2-api/review/compose_nginx->ComposeReview_nginx
------------------------------------------------------------------------------------
span = 4
trace_id = 79670c5839353cd2
span_id = 2c8a2757b87d14f2
parent_id = 89bd652e19958176
start_time = 1682628698212192
end_time = 1682628698214768
inclusive_time = 2576
exclusive_time = 259
process_id = p10
operationName = UploadRating
serviceName = rating-service
call path = ->/wrk2-api/review/compose_nginx->/wrk2-api/review/compose_nginx->ComposeReview_nginx->UploadMovieId_movie-id-service
------------------------------------------------------------------------------------
span = 5
trace_id = 79670c5839353cd2
span_id = 22a27fd44012f08a
parent_id = 2c8a2757b87d14f2
start_time = 1682628698212380
end_time = 1682628698214638
inclusive_time = 2258
exclusive_time = 1071
process_id = p2
operationName = UploadRating
serviceName = compose-review-service
call path = ->/wrk2-api/review/compose_nginx->/wrk2-api/review/compose_nginx->ComposeReview_nginx->UploadMovieId_movie-id-service->UploadRating_rating-service
------------------------------------------------------------------------------------
span = 6
trace_id = 79670c5839353cd2
span_id = 333bb0b19d2ab910
parent_id = 22a27fd44012f08a
start_time = 1682628698213337
end_time = 1682628698214483
inclusive_time = 1146
exclusive_time = 29
process_id = p4
operationName = UploadMovieReview
serviceName = movie-review-service
call path = ->/wrk2-api/review/compose_nginx->/wrk2-api/review/compose_nginx->ComposeReview_nginx->UploadMovieId_movie-id-service->UploadRating_rating-service->UploadRating_compose-review-service
------------------------------------------------------------------------------------
span = 7
trace_id = 79670c5839353cd2
span_id = 5301bee30bbda253
parent_id = 333bb0b19d2ab910
start_time = 1682628698213366
end_time = 1682628698214490
inclusive_time = 1124
exclusive_time = 1124
process_id = p4
operationName = MongoFindMovie
serviceName = movie-review-service
call path = ->/wrk2-api/review/compose_nginx->/wrk2-api/review/compose_nginx->ComposeReview_nginx->UploadMovieId_movie-id-service->UploadRating_rating-service->UploadRating_compose-review-service->UploadMovieReview_movie-review-service
------------------------------------------------------------------------------------
span = 8
trace_id = 79670c5839353cd2
span_id = ecd27e6040b1f982
parent_id = 89bd652e19958176
start_time = 1682628698212038
end_time = 1682628698212141
inclusive_time = 103
exclusive_time = 103
process_id = p3
operationName = MmcSetMovieId
serviceName = movie-id-service
call path = ->/wrk2-api/review/compose_nginx->/wrk2-api/review/compose_nginx->ComposeReview_nginx->UploadMovieId_movie-id-service
------------------------------------------------------------------------------------
span = 9
trace_id = 79670c5839353cd2
span_id = acf8212e1dcccf75
parent_id = 89bd652e19958176
start_time = 1682628698211745
end_time = 1682628698211857
inclusive_time = 112
exclusive_time = 112
process_id = p3
operationName = MmcGetMovieId
serviceName = movie-id-service
call path = ->/wrk2-api/review/compose_nginx->/wrk2-api/review/compose_nginx->ComposeReview_nginx->UploadMovieId_movie-id-service
------------------------------------------------------------------------------------
