span = 0
trace_id = 45c6a92032f680dd
span_id = 45c6a92032f680dd
parent_id = None
start_time = 1682628697935000
end_time = 1682628697940197
inclusive_time = 5197
exclusive_time = 862
process_id = p7
operationName = /wrk2-api/review/compose
serviceName = nginx
call path = 
------------------------------------------------------------------------------------
span = 1
trace_id = 45c6a92032f680dd
span_id = d4b663a78b9cfe22
parent_id = 45c6a92032f680dd
start_time = 1682628697935861
end_time = 1682628697940196
inclusive_time = 4335
exclusive_time = 95
process_id = p7
operationName = /wrk2-api/review/compose
serviceName = nginx
call path = ->/wrk2-api/review/compose_nginx
------------------------------------------------------------------------------------
span = 2
trace_id = 45c6a92032f680dd
span_id = 6fd8ce44ef43849b
parent_id = d4b663a78b9cfe22
start_time = 1682628697935899
end_time = 1682628697940139
inclusive_time = 4240
exclusive_time = 1259
process_id = p7
operationName = ComposeReview
serviceName = nginx
call path = ->/wrk2-api/review/compose_nginx->/wrk2-api/review/compose_nginx
------------------------------------------------------------------------------------
span = 3
trace_id = 45c6a92032f680dd
span_id = ec21f120ade97a07
parent_id = 6fd8ce44ef43849b
start_time = 1682628697936145
end_time = 1682628697939058
inclusive_time = 2913
exclusive_time = 315
process_id = p8
operationName = UploadMovieId
serviceName = movie-id-service
call path = ->/wrk2-api/review/compose_nginx->/wrk2-api/review/compose_nginx->ComposeReview_nginx
------------------------------------------------------------------------------------
span = 4
trace_id = 45c6a92032f680dd
span_id = 3e803a276787fb1a
parent_id = ec21f120ade97a07
start_time = 1682628697936535
end_time = 1682628697938944
inclusive_time = 2409
exclusive_time = 311
process_id = p5
operationName = UploadRating
serviceName = rating-service
call path = ->/wrk2-api/review/compose_nginx->/wrk2-api/review/compose_nginx->ComposeReview_nginx->UploadMovieId_movie-id-service
------------------------------------------------------------------------------------
span = 5
trace_id = 45c6a92032f680dd
span_id = a4f0c2b5352d408d
parent_id = 3e803a276787fb1a
start_time = 1682628697936724
end_time = 1682628697938782
inclusive_time = 2058
exclusive_time = 1021
process_id = p4
operationName = UploadRating
serviceName = compose-review-service
call path = ->/wrk2-api/review/compose_nginx->/wrk2-api/review/compose_nginx->ComposeReview_nginx->UploadMovieId_movie-id-service->UploadRating_rating-service
------------------------------------------------------------------------------------
span = 6
trace_id = 45c6a92032f680dd
span_id = 4d0dc494a98852e6
parent_id = a4f0c2b5352d408d
start_time = 1682628697937567
end_time = 1682628697938604
inclusive_time = 1037
exclusive_time = 17
process_id = p3
operationName = UploadUserReview
serviceName = user-review-service
call path = ->/wrk2-api/review/compose_nginx->/wrk2-api/review/compose_nginx->ComposeReview_nginx->UploadMovieId_movie-id-service->UploadRating_rating-service->UploadRating_compose-review-service
------------------------------------------------------------------------------------
span = 7
trace_id = 45c6a92032f680dd
span_id = 68d01f009e78300f
parent_id = 4d0dc494a98852e6
start_time = 1682628697937584
end_time = 1682628697938610
inclusive_time = 1026
exclusive_time = 1026
process_id = p3
operationName = MongoFindUser
serviceName = user-review-service
call path = ->/wrk2-api/review/compose_nginx->/wrk2-api/review/compose_nginx->ComposeReview_nginx->UploadMovieId_movie-id-service->UploadRating_rating-service->UploadRating_compose-review-service->UploadUserReview_user-review-service
------------------------------------------------------------------------------------
span = 8
trace_id = 45c6a92032f680dd
span_id = 4fe29d1a53a00d4d
parent_id = ec21f120ade97a07
start_time = 1682628697936157
end_time = 1682628697936249
inclusive_time = 92
exclusive_time = 92
process_id = p8
operationName = MmcGetMovieId
serviceName = movie-id-service
call path = ->/wrk2-api/review/compose_nginx->/wrk2-api/review/compose_nginx->ComposeReview_nginx->UploadMovieId_movie-id-service
------------------------------------------------------------------------------------
