span 0
span_id = be454d916ccd5201
parent_id = None
start_time = 1682628698203000
end_time = 1682628698208028
inclusive_time = 5028
exclusive_time = 1056
process_id = p7
operationName = /wrk2-api/review/compose
serviceName = None
------------------------------------------------------------------------------------
span 1
span_id = 1eb089aac05fc29e
parent_id = be454d916ccd5201
start_time = 1682628698204056
end_time = 1682628698208028
inclusive_time = 3972
exclusive_time = 85
process_id = p7
operationName = /wrk2-api/review/compose
serviceName = None
------------------------------------------------------------------------------------
span 2
span_id = 5d58da0028b4e72a
parent_id = 1eb089aac05fc29e
start_time = 1682628698204096
end_time = 1682628698207983
inclusive_time = 3887
exclusive_time = 784
process_id = p7
operationName = ComposeReview
serviceName = None
------------------------------------------------------------------------------------
span 3
span_id = 1823707741d61a12
parent_id = 5d58da0028b4e72a
start_time = 1682628698204381
end_time = 1682628698207369
inclusive_time = 2988
exclusive_time = 437
process_id = p4
operationName = UploadMovieId
serviceName = None
------------------------------------------------------------------------------------
span 4
span_id = cd2c0f725ed73175
parent_id = 1823707741d61a12
start_time = 1682628698204832
end_time = 1682628698207185
inclusive_time = 2353
exclusive_time = 310
process_id = p10
operationName = UploadRating
serviceName = None
------------------------------------------------------------------------------------
span 5
span_id = e6020deab7c68937
parent_id = cd2c0f725ed73175
start_time = 1682628698204980
end_time = 1682628698207001
inclusive_time = 2021
exclusive_time = 950
process_id = p3
operationName = UploadRating
serviceName = None
------------------------------------------------------------------------------------
span 6
span_id = b573a0dd0d295e68
parent_id = e6020deab7c68937
start_time = 1682628698205781
end_time = 1682628698206852
inclusive_time = 1071
exclusive_time = 18
process_id = p2
operationName = UploadUserReview
serviceName = None
------------------------------------------------------------------------------------
span 7
span_id = 4dfcbfb24e051aad
parent_id = b573a0dd0d295e68
start_time = 1682628698205799
end_time = 1682628698206857
inclusive_time = 1058
exclusive_time = 1058
process_id = p2
operationName = MongoFindUser
serviceName = None
------------------------------------------------------------------------------------
span 8
span_id = 65a2a18edb54b38f
parent_id = 1823707741d61a12
start_time = 1682628698204676
end_time = 1682628698204779
inclusive_time = 103
exclusive_time = 103
process_id = p4
operationName = MmcSetMovieId
serviceName = None
------------------------------------------------------------------------------------
span 9
span_id = b11e0c55f91d70de
parent_id = 1823707741d61a12
start_time = 1682628698204398
end_time = 1682628698204493
inclusive_time = 95
exclusive_time = 95
process_id = p4
operationName = MmcGetMovieId
serviceName = None
------------------------------------------------------------------------------------
