span 0
span_id = 50ec30dc48b08778
parent_id = None
start_time = 1682628698106000
end_time = 1682628698110845
inclusive_time = 4845
exclusive_time = 1010
process_id = p7
operationName = /wrk2-api/review/compose
serviceName = None
------------------------------------------------------------------------------------
span 1
span_id = 79d0c18305cd5160
parent_id = 50ec30dc48b08778
start_time = 1682628698107010
end_time = 1682628698110845
inclusive_time = 3835
exclusive_time = 105
process_id = p7
operationName = /wrk2-api/review/compose
serviceName = None
------------------------------------------------------------------------------------
span 2
span_id = af50c40743d8fa15
parent_id = 79d0c18305cd5160
start_time = 1682628698107048
end_time = 1682628698110778
inclusive_time = 3730
exclusive_time = 323
process_id = p7
operationName = ComposeReview
serviceName = None
------------------------------------------------------------------------------------
span 3
span_id = 0a7928e2bb2b3d26
parent_id = af50c40743d8fa15
start_time = 1682628698107349
end_time = 1682628698110646
inclusive_time = 3297
exclusive_time = 332
process_id = p3
operationName = UploadMovieId
serviceName = None
------------------------------------------------------------------------------------
span 4
span_id = 66a714f68923d2ac
parent_id = 0a7928e2bb2b3d26
start_time = 1682628698107814
end_time = 1682628698110540
inclusive_time = 2726
exclusive_time = 258
process_id = p5
operationName = UploadRating
serviceName = None
------------------------------------------------------------------------------------
span 5
span_id = d1c2f7c847dda6cb
parent_id = 66a714f68923d2ac
start_time = 1682628698107966
end_time = 1682628698110371
inclusive_time = 2405
exclusive_time = 1196
process_id = p1
operationName = UploadRating
serviceName = None
------------------------------------------------------------------------------------
span 6
span_id = 6c76898530dad50a
parent_id = d1c2f7c847dda6cb
start_time = 1682628698108770
end_time = 1682628698109962
inclusive_time = 1192
exclusive_time = 30
process_id = p4
operationName = UploadUserReview
serviceName = None
------------------------------------------------------------------------------------
span 7
span_id = bc0f3a4897ee7beb
parent_id = 6c76898530dad50a
start_time = 1682628698108800
end_time = 1682628698109966
inclusive_time = 1166
exclusive_time = 1166
process_id = p4
operationName = MongoFindUser
serviceName = None
------------------------------------------------------------------------------------
span 8
span_id = ffa2d4fe07acced7
parent_id = 0a7928e2bb2b3d26
start_time = 1682628698107636
end_time = 1682628698107722
inclusive_time = 86
exclusive_time = 86
process_id = p3
operationName = MmcSetMovieId
serviceName = None
------------------------------------------------------------------------------------
span 9
span_id = 3e2782f22c53df8e
parent_id = 0a7928e2bb2b3d26
start_time = 1682628698107368
end_time = 1682628698107486
inclusive_time = 118
exclusive_time = 118
process_id = p3
operationName = MmcGetMovieId
serviceName = None
------------------------------------------------------------------------------------
