span = 0
trace_id = 8905120bc56a5766
span_id = 8905120bc56a5766
parent_id = None
start_time = 1682628698023000
end_time = 1682628698027915
inclusive_time = 4915
exclusive_time = 558
process_id = p6
operationName = /wrk2-api/review/compose
serviceName = nginx
------------------------------------------------------------------------------------
span = 1
trace_id = 8905120bc56a5766
span_id = b4f7c1755f069eb3
parent_id = 8905120bc56a5766
start_time = 1682628698023558
end_time = 1682628698027915
inclusive_time = 4357
exclusive_time = 89
process_id = p6
operationName = /wrk2-api/review/compose
serviceName = nginx
------------------------------------------------------------------------------------
span = 2
trace_id = 8905120bc56a5766
span_id = 733065fc6389cd21
parent_id = b4f7c1755f069eb3
start_time = 1682628698023603
end_time = 1682628698027871
inclusive_time = 4268
exclusive_time = 1103
process_id = p6
operationName = ComposeReview
serviceName = nginx
------------------------------------------------------------------------------------
span = 3
trace_id = 8905120bc56a5766
span_id = b4af7a1e4171af92
parent_id = 733065fc6389cd21
start_time = 1682628698023928
end_time = 1682628698026977
inclusive_time = 3049
exclusive_time = 390
process_id = p1
operationName = UploadMovieId
serviceName = movie-id-service
------------------------------------------------------------------------------------
span = 4
trace_id = 8905120bc56a5766
span_id = 103bb2290743e683
parent_id = b4af7a1e4171af92
start_time = 1682628698024293
end_time = 1682628698026760
inclusive_time = 2467
exclusive_time = 1252
process_id = p3
operationName = UploadMovieId
serviceName = compose-review-service
------------------------------------------------------------------------------------
span = 5
trace_id = 8905120bc56a5766
span_id = d710f615119a60f9
parent_id = 103bb2290743e683
start_time = 1682628698025380
end_time = 1682628698026595
inclusive_time = 1215
exclusive_time = 18
process_id = p4
operationName = UploadUserReview
serviceName = user-review-service
------------------------------------------------------------------------------------
span = 6
trace_id = 8905120bc56a5766
span_id = 84e4f1b53383ef46
parent_id = d710f615119a60f9
start_time = 1682628698025398
end_time = 1682628698026600
inclusive_time = 1202
exclusive_time = 1202
process_id = p4
operationName = MongoFindUser
serviceName = user-review-service
------------------------------------------------------------------------------------
span = 7
trace_id = 8905120bc56a5766
span_id = 4a5a9cd194e6f835
parent_id = b4af7a1e4171af92
start_time = 1682628698024158
end_time = 1682628698024260
inclusive_time = 102
exclusive_time = 102
process_id = p1
operationName = MmcSetMovieId
serviceName = movie-id-service
------------------------------------------------------------------------------------
span = 8
trace_id = 8905120bc56a5766
span_id = 85790395594d6fe4
parent_id = b4af7a1e4171af92
start_time = 1682628698023950
end_time = 1682628698024040
inclusive_time = 90
exclusive_time = 90
process_id = p1
operationName = MmcGetMovieId
serviceName = movie-id-service
------------------------------------------------------------------------------------
