span = 0
span_id = 2601f1993b05bf91
parent_id = None
start_time = 1682628697919000
end_time = 1682628697925010
inclusive_time = 6010
exclusive_time = 1088
process_id = p7
operationName = /wrk2-api/review/compose
serviceName = nginx
------------------------------------------------------------------------------------
span = 1
span_id = 31d6b1e57ed2e22b
parent_id = 2601f1993b05bf91
start_time = 1682628697920088
end_time = 1682628697925010
inclusive_time = 4922
exclusive_time = 102
process_id = p7
operationName = /wrk2-api/review/compose
serviceName = nginx
------------------------------------------------------------------------------------
span = 2
span_id = 99f52668618932f3
parent_id = 31d6b1e57ed2e22b
start_time = 1682628697920134
end_time = 1682628697924954
inclusive_time = 4820
exclusive_time = 498
process_id = p7
operationName = ComposeReview
serviceName = nginx
------------------------------------------------------------------------------------
span = 3
span_id = 7bae2c14de93f5f9
parent_id = 99f52668618932f3
start_time = 1682628697920470
end_time = 1682628697924670
inclusive_time = 4200
exclusive_time = 653
process_id = p8
operationName = UploadMovieId
serviceName = movie-id-service
------------------------------------------------------------------------------------
span = 4
span_id = 36e61dac2a48a703
parent_id = 7bae2c14de93f5f9
start_time = 1682628697921073
end_time = 1682628697924412
inclusive_time = 3339
exclusive_time = 409
process_id = p5
operationName = UploadRating
serviceName = rating-service
------------------------------------------------------------------------------------
span = 5
span_id = 3be1e8ffbba9af8e
parent_id = 36e61dac2a48a703
start_time = 1682628697921433
end_time = 1682628697924191
inclusive_time = 2758
exclusive_time = 1400
process_id = p4
operationName = UploadRating
serviceName = compose-review-service
------------------------------------------------------------------------------------
span = 6
span_id = 3fece3d81d64bff5
parent_id = 3be1e8ffbba9af8e
start_time = 1682628697922696
end_time = 1682628697923902
inclusive_time = 1206
exclusive_time = 26
process_id = p1
operationName = UploadMovieReview
serviceName = movie-review-service
------------------------------------------------------------------------------------
span = 7
span_id = b21808935dff9859
parent_id = 3fece3d81d64bff5
start_time = 1682628697922722
end_time = 1682628697923906
inclusive_time = 1184
exclusive_time = 1184
process_id = p1
operationName = MongoFindMovie
serviceName = movie-review-service
------------------------------------------------------------------------------------
span = 8
span_id = 0628ebf33b6be219
parent_id = 7bae2c14de93f5f9
start_time = 1682628697920871
end_time = 1682628697920970
inclusive_time = 99
exclusive_time = 99
process_id = p8
operationName = MmcSetMovieId
serviceName = movie-id-service
------------------------------------------------------------------------------------
span = 9
span_id = f1887a6c22f0701a
parent_id = 7bae2c14de93f5f9
start_time = 1682628697920485
end_time = 1682628697920594
inclusive_time = 109
exclusive_time = 109
process_id = p8
operationName = MmcGetMovieId
serviceName = movie-id-service
------------------------------------------------------------------------------------
