span 0
span_id = 8bf48b9aab617cfc
parent_id = None
start_time = 1682628698238000
end_time = 1682628698242821
inclusive_time = 4821
exclusive_time = 934
process_id = p5
operationName = /wrk2-api/review/compose
serviceName = None
------------------------------------------------------------------------------------
span 1
span_id = 57c7cee048bc87a6
parent_id = 8bf48b9aab617cfc
start_time = 1682628698238934
end_time = 1682628698242821
inclusive_time = 3887
exclusive_time = 100
process_id = p5
operationName = /wrk2-api/review/compose
serviceName = None
------------------------------------------------------------------------------------
span 2
span_id = 6bf98420e646ddde
parent_id = 57c7cee048bc87a6
start_time = 1682628698238981
end_time = 1682628698242768
inclusive_time = 3787
exclusive_time = 317
process_id = p5
operationName = ComposeReview
serviceName = None
------------------------------------------------------------------------------------
span 3
span_id = eb8a8a5e906131c3
parent_id = 6bf98420e646ddde
start_time = 1682628698239350
end_time = 1682628698242641
inclusive_time = 3291
exclusive_time = 445
process_id = p1
operationName = UploadMovieId
serviceName = None
------------------------------------------------------------------------------------
span 4
span_id = 88405de5fc437401
parent_id = eb8a8a5e906131c3
start_time = 1682628698239969
end_time = 1682628698242527
inclusive_time = 2558
exclusive_time = 188
process_id = p10
operationName = UploadRating
serviceName = None
------------------------------------------------------------------------------------
span 5
span_id = a021893c7c954ed0
parent_id = 88405de5fc437401
start_time = 1682628698240161
end_time = 1682628698242435
inclusive_time = 2274
exclusive_time = 892
process_id = p2
operationName = UploadRating
serviceName = None
------------------------------------------------------------------------------------
span 6
span_id = f5e2eb63d5f64ae7
parent_id = a021893c7c954ed0
start_time = 1682628698241091
end_time = 1682628698242343
inclusive_time = 1252
exclusive_time = 24
process_id = p3
operationName = UploadMovieReview
serviceName = None
------------------------------------------------------------------------------------
span 7
span_id = 303e2d1faf1bd58d
parent_id = f5e2eb63d5f64ae7
start_time = 1682628698241115
end_time = 1682628698242346
inclusive_time = 1231
exclusive_time = 1231
process_id = p3
operationName = MongoFindMovie
serviceName = None
------------------------------------------------------------------------------------
span 8
span_id = c1d7b1adc9421bac
parent_id = eb8a8a5e906131c3
start_time = 1682628698239817
end_time = 1682628698239905
inclusive_time = 88
exclusive_time = 88
process_id = p1
operationName = MmcSetMovieId
serviceName = None
------------------------------------------------------------------------------------
span 9
span_id = 92ec3effe40537b2
parent_id = eb8a8a5e906131c3
start_time = 1682628698239366
end_time = 1682628698239545
inclusive_time = 179
exclusive_time = 179
process_id = p1
operationName = MmcGetMovieId
serviceName = None
------------------------------------------------------------------------------------
