span = 0
trace_id = 66a672f169308a10
span_id = 66a672f169308a10
parent_id = None
start_time = 1682628698269000
end_time = 1682628698273141
inclusive_time = 4141
exclusive_time = 400
process_id = p3
operationName = /wrk2-api/review/compose
serviceName = nginx
------------------------------------------------------------------------------------
span = 1
trace_id = 66a672f169308a10
span_id = a30809bf81f3516f
parent_id = 66a672f169308a10
start_time = 1682628698269399
end_time = 1682628698273140
inclusive_time = 3741
exclusive_time = 93
process_id = p3
operationName = /wrk2-api/review/compose
serviceName = nginx
------------------------------------------------------------------------------------
span = 2
trace_id = 66a672f169308a10
span_id = e143e8dd2dd643a8
parent_id = a30809bf81f3516f
start_time = 1682628698269434
end_time = 1682628698273082
inclusive_time = 3648
exclusive_time = 268
process_id = p3
operationName = ComposeReview
serviceName = nginx
------------------------------------------------------------------------------------
span = 3
trace_id = 66a672f169308a10
span_id = acc3c7e00ee02745
parent_id = e143e8dd2dd643a8
start_time = 1682628698269659
end_time = 1682628698273000
inclusive_time = 3341
exclusive_time = 313
process_id = p6
operationName = UploadMovieId
serviceName = movie-id-service
------------------------------------------------------------------------------------
span = 4
trace_id = 66a672f169308a10
span_id = 1e41fea2e796ea30
parent_id = acc3c7e00ee02745
start_time = 1682628698270194
end_time = 1682628698272893
inclusive_time = 2699
exclusive_time = 195
process_id = p10
operationName = UploadRating
serviceName = rating-service
------------------------------------------------------------------------------------
span = 5
trace_id = 66a672f169308a10
span_id = 02521af81086ead1
parent_id = 1e41fea2e796ea30
start_time = 1682628698270363
end_time = 1682628698272778
inclusive_time = 2415
exclusive_time = 1182
process_id = p5
operationName = UploadRating
serviceName = compose-review-service
------------------------------------------------------------------------------------
span = 6
trace_id = 66a672f169308a10
span_id = 65fe3f6ae052643a
parent_id = 02521af81086ead1
start_time = 1682628698271413
end_time = 1682628698272590
inclusive_time = 1177
exclusive_time = 23
process_id = p1
operationName = UploadMovieReview
serviceName = movie-review-service
------------------------------------------------------------------------------------
span = 7
trace_id = 66a672f169308a10
span_id = ff3c28c9b5a8bf32
parent_id = 65fe3f6ae052643a
start_time = 1682628698271436
end_time = 1682628698272595
inclusive_time = 1159
exclusive_time = 1159
process_id = p1
operationName = MongoFindMovie
serviceName = movie-review-service
------------------------------------------------------------------------------------
span = 8
trace_id = 66a672f169308a10
span_id = 926351e1895a252e
parent_id = acc3c7e00ee02745
start_time = 1682628698269880
end_time = 1682628698270025
inclusive_time = 145
exclusive_time = 145
process_id = p6
operationName = MmcSetMovieId
serviceName = movie-id-service
------------------------------------------------------------------------------------
span = 9
trace_id = 66a672f169308a10
span_id = e5d83ec6ddfcf709
parent_id = acc3c7e00ee02745
start_time = 1682628698269671
end_time = 1682628698269766
inclusive_time = 95
exclusive_time = 95
process_id = p6
operationName = MmcGetMovieId
serviceName = movie-id-service
------------------------------------------------------------------------------------
