span = 0
trace_id = 6f21932662d43fc1
span_id = 6f21932662d43fc1
parent_id = None
start_time = 1682628698080000
end_time = 1682628698084303
inclusive_time = 4303
exclusive_time = 472
process_id = p1
operationName = /wrk2-api/review/compose
serviceName = nginx
call path = 
------------------------------------------------------------------------------------
span = 1
trace_id = 6f21932662d43fc1
span_id = 683644b1b5a17e24
parent_id = 6f21932662d43fc1
start_time = 1682628698080472
end_time = 1682628698084303
inclusive_time = 3831
exclusive_time = 104
process_id = p1
operationName = /wrk2-api/review/compose
serviceName = nginx
call path = ->/wrk2-api/review/compose_nginx
------------------------------------------------------------------------------------
span = 2
trace_id = 6f21932662d43fc1
span_id = d38be232654e3479
parent_id = 683644b1b5a17e24
start_time = 1682628698080523
end_time = 1682628698084250
inclusive_time = 3727
exclusive_time = 403
process_id = p1
operationName = ComposeReview
serviceName = nginx
call path = ->/wrk2-api/review/compose_nginx->/wrk2-api/review/compose_nginx
------------------------------------------------------------------------------------
span = 3
trace_id = 6f21932662d43fc1
span_id = 7877cd551ca03bd6
parent_id = d38be232654e3479
start_time = 1682628698080834
end_time = 1682628698084158
inclusive_time = 3324
exclusive_time = 385
process_id = p5
operationName = UploadMovieId
serviceName = movie-id-service
call path = ->/wrk2-api/review/compose_nginx->/wrk2-api/review/compose_nginx->ComposeReview_nginx
------------------------------------------------------------------------------------
span = 4
trace_id = 6f21932662d43fc1
span_id = 63dafd4cfdbf84c3
parent_id = 7877cd551ca03bd6
start_time = 1682628698081310
end_time = 1682628698084027
inclusive_time = 2717
exclusive_time = 420
process_id = p7
operationName = UploadRating
serviceName = rating-service
call path = ->/wrk2-api/review/compose_nginx->/wrk2-api/review/compose_nginx->ComposeReview_nginx->UploadMovieId_movie-id-service
------------------------------------------------------------------------------------
span = 5
trace_id = 6f21932662d43fc1
span_id = 150bef77ba6bc03f
parent_id = 63dafd4cfdbf84c3
start_time = 1682628698081535
end_time = 1682628698083754
inclusive_time = 2219
exclusive_time = 1033
process_id = p3
operationName = UploadRating
serviceName = compose-review-service
call path = ->/wrk2-api/review/compose_nginx->/wrk2-api/review/compose_nginx->ComposeReview_nginx->UploadMovieId_movie-id-service->UploadRating_rating-service
------------------------------------------------------------------------------------
span = 6
trace_id = 6f21932662d43fc1
span_id = d1ab9b42bac5f01e
parent_id = 150bef77ba6bc03f
start_time = 1682628698082461
end_time = 1682628698083626
inclusive_time = 1165
exclusive_time = 17
process_id = p6
operationName = UploadUserReview
serviceName = user-review-service
call path = ->/wrk2-api/review/compose_nginx->/wrk2-api/review/compose_nginx->ComposeReview_nginx->UploadMovieId_movie-id-service->UploadRating_rating-service->UploadRating_compose-review-service
------------------------------------------------------------------------------------
span = 7
trace_id = 6f21932662d43fc1
span_id = 35075e058baa7ddb
parent_id = d1ab9b42bac5f01e
start_time = 1682628698082478
end_time = 1682628698083631
inclusive_time = 1153
exclusive_time = 1153
process_id = p6
operationName = MongoFindUser
serviceName = user-review-service
call path = ->/wrk2-api/review/compose_nginx->/wrk2-api/review/compose_nginx->ComposeReview_nginx->UploadMovieId_movie-id-service->UploadRating_rating-service->UploadRating_compose-review-service->UploadUserReview_user-review-service
------------------------------------------------------------------------------------
span = 8
trace_id = 6f21932662d43fc1
span_id = 1078e9de008e5a41
parent_id = 7877cd551ca03bd6
start_time = 1682628698081124
end_time = 1682628698081230
inclusive_time = 106
exclusive_time = 106
process_id = p5
operationName = MmcSetMovieId
serviceName = movie-id-service
call path = ->/wrk2-api/review/compose_nginx->/wrk2-api/review/compose_nginx->ComposeReview_nginx->UploadMovieId_movie-id-service
------------------------------------------------------------------------------------
span = 9
trace_id = 6f21932662d43fc1
span_id = e4a385320eeaa28a
parent_id = 7877cd551ca03bd6
start_time = 1682628698080851
end_time = 1682628698080935
inclusive_time = 84
exclusive_time = 84
process_id = p5
operationName = MmcGetMovieId
serviceName = movie-id-service
call path = ->/wrk2-api/review/compose_nginx->/wrk2-api/review/compose_nginx->ComposeReview_nginx->UploadMovieId_movie-id-service
------------------------------------------------------------------------------------
