span = 0
trace_id = b03aa6f24b63d132
span_id = b03aa6f24b63d132
parent_id = None
start_time = 1682628698319000
end_time = 1682628698323802
inclusive_time = 4802
exclusive_time = 533
process_id = p10
operationName = /wrk2-api/review/compose
serviceName = nginx
call path = 
------------------------------------------------------------------------------------
span = 1
trace_id = b03aa6f24b63d132
span_id = 4e82122a28c6534d
parent_id = b03aa6f24b63d132
start_time = 1682628698319532
end_time = 1682628698323801
inclusive_time = 4269
exclusive_time = 103
process_id = p10
operationName = /wrk2-api/review/compose
serviceName = nginx
call path = ->/wrk2-api/review/compose_nginx
------------------------------------------------------------------------------------
span = 2
trace_id = b03aa6f24b63d132
span_id = a7f1f2cbbdf298ed
parent_id = 4e82122a28c6534d
start_time = 1682628698319575
end_time = 1682628698323741
inclusive_time = 4166
exclusive_time = 301
process_id = p10
operationName = ComposeReview
serviceName = nginx
call path = ->/wrk2-api/review/compose_nginx->/wrk2-api/review/compose_nginx
------------------------------------------------------------------------------------
span = 3
trace_id = b03aa6f24b63d132
span_id = 4d50fda72ee2f986
parent_id = a7f1f2cbbdf298ed
start_time = 1682628698320264
end_time = 1682628698323652
inclusive_time = 3388
exclusive_time = 297
process_id = p1
operationName = UploadMovieId
serviceName = movie-id-service
call path = ->/wrk2-api/review/compose_nginx->/wrk2-api/review/compose_nginx->ComposeReview_nginx
------------------------------------------------------------------------------------
span = 4
trace_id = b03aa6f24b63d132
span_id = c5ec25f8abe257d5
parent_id = 4d50fda72ee2f986
start_time = 1682628698320704
end_time = 1682628698323544
inclusive_time = 2840
exclusive_time = 212
process_id = p9
operationName = UploadRating
serviceName = rating-service
call path = ->/wrk2-api/review/compose_nginx->/wrk2-api/review/compose_nginx->ComposeReview_nginx->UploadMovieId_movie-id-service
------------------------------------------------------------------------------------
span = 5
trace_id = b03aa6f24b63d132
span_id = d93766d90864a5ee
parent_id = c5ec25f8abe257d5
start_time = 1682628698320907
end_time = 1682628698323433
inclusive_time = 2526
exclusive_time = 1321
process_id = p2
operationName = UploadRating
serviceName = compose-review-service
call path = ->/wrk2-api/review/compose_nginx->/wrk2-api/review/compose_nginx->ComposeReview_nginx->UploadMovieId_movie-id-service->UploadRating_rating-service
------------------------------------------------------------------------------------
span = 6
trace_id = b03aa6f24b63d132
span_id = 083b1868da7fcfa6
parent_id = d93766d90864a5ee
start_time = 1682628698322016
end_time = 1682628698323136
inclusive_time = 1120
exclusive_time = 24
process_id = p5
operationName = UploadMovieReview
serviceName = movie-review-service
call path = ->/wrk2-api/review/compose_nginx->/wrk2-api/review/compose_nginx->ComposeReview_nginx->UploadMovieId_movie-id-service->UploadRating_rating-service->UploadRating_compose-review-service
------------------------------------------------------------------------------------
span = 7
trace_id = b03aa6f24b63d132
span_id = 234fc3b1206b3a78
parent_id = 083b1868da7fcfa6
start_time = 1682628698322040
end_time = 1682628698323140
inclusive_time = 1100
exclusive_time = 1100
process_id = p5
operationName = MongoFindMovie
serviceName = movie-review-service
call path = ->/wrk2-api/review/compose_nginx->/wrk2-api/review/compose_nginx->ComposeReview_nginx->UploadMovieId_movie-id-service->UploadRating_rating-service->UploadRating_compose-review-service->UploadMovieReview_movie-review-service
------------------------------------------------------------------------------------
span = 8
trace_id = b03aa6f24b63d132
span_id = 1f497bd69d506454
parent_id = 4d50fda72ee2f986
start_time = 1682628698320593
end_time = 1682628698320686
inclusive_time = 93
exclusive_time = 93
process_id = p1
operationName = MmcSetMovieId
serviceName = movie-id-service
call path = ->/wrk2-api/review/compose_nginx->/wrk2-api/review/compose_nginx->ComposeReview_nginx->UploadMovieId_movie-id-service
------------------------------------------------------------------------------------
span = 9
trace_id = b03aa6f24b63d132
span_id = 32c5cf788eebfb4e
parent_id = 4d50fda72ee2f986
start_time = 1682628698320290
end_time = 1682628698320430
inclusive_time = 140
exclusive_time = 140
process_id = p1
operationName = MmcGetMovieId
serviceName = movie-id-service
call path = ->/wrk2-api/review/compose_nginx->/wrk2-api/review/compose_nginx->ComposeReview_nginx->UploadMovieId_movie-id-service
------------------------------------------------------------------------------------
