span = 0
trace_id = 8e4bfed58f2f5d41
span_id = 8e4bfed58f2f5d41
parent_id = None
start_time = 1682670358425000
end_time = 1682670358426094
inclusive_time = 1094
exclusive_time = 957
process_id = p1
operationName = 
serviceName = nginx
call path = 
------------------------------------------------------------------------------------
span = 1
trace_id = 8e4bfed58f2f5d41
span_id = d92326ea4f56a9f5
parent_id = 8e4bfed58f2f5d41
start_time = 1682670358426002
end_time = 1682670358426094
inclusive_time = 92
exclusive_time = 92
process_id = p1
operationName = 
serviceName = nginx
call path = ->_nginx
------------------------------------------------------------------------------------
span = 2
trace_id = 8e4bfed58f2f5d41
span_id = 33fe65021ba6a95b
parent_id = 8e4bfed58f2f5d41
start_time = 1682670358425887
end_time = 1682670358425932
inclusive_time = 45
exclusive_time = 45
process_id = p1
operationName = 
serviceName = nginx
call path = ->_nginx
------------------------------------------------------------------------------------
