span = 0
trace_id = a2b7da11ce0b1143
span_id = a2b7da11ce0b1143
parent_id = None
start_time = 1682628697934000
end_time = 1682628697938789
inclusive_time = 4789
exclusive_time = 313
process_id = p8
operationName = /wrk2-api/review/compose
serviceName = nginx
------------------------------------------------------------------------------------
span = 1
trace_id = a2b7da11ce0b1143
span_id = af6c0c05350548b2
parent_id = a2b7da11ce0b1143
start_time = 1682628697934312
end_time = 1682628697938788
inclusive_time = 4476
exclusive_time = 92
process_id = p8
operationName = /wrk2-api/review/compose
serviceName = nginx
------------------------------------------------------------------------------------
span = 2
trace_id = a2b7da11ce0b1143
span_id = d1a393123ee3abce
parent_id = af6c0c05350548b2
start_time = 1682628697934347
end_time = 1682628697938731
inclusive_time = 4384
exclusive_time = 964
process_id = p8
operationName = ComposeReview
serviceName = nginx
------------------------------------------------------------------------------------
span = 3
trace_id = a2b7da11ce0b1143
span_id = 4a8c8683608d1214
parent_id = d1a393123ee3abce
start_time = 1682628697934647
end_time = 1682628697937969
inclusive_time = 3322
exclusive_time = 411
process_id = p7
operationName = UploadMovieId
serviceName = movie-id-service
------------------------------------------------------------------------------------
span = 4
trace_id = a2b7da11ce0b1143
span_id = 1e21def67094e7bb
parent_id = 4a8c8683608d1214
start_time = 1682628697935220
end_time = 1682628697937817
inclusive_time = 2597
exclusive_time = 289
process_id = p5
operationName = UploadRating
serviceName = rating-service
------------------------------------------------------------------------------------
span = 5
trace_id = a2b7da11ce0b1143
span_id = b74649130325750a
parent_id = 1e21def67094e7bb
start_time = 1682628697935376
end_time = 1682628697937683
inclusive_time = 2307
exclusive_time = 1204
process_id = p4
operationName = UploadRating
serviceName = compose-review-service
------------------------------------------------------------------------------------
span = 6
trace_id = a2b7da11ce0b1143
span_id = 66eb40a7d534bdb7
parent_id = b74649130325750a
start_time = 1682628697936518
end_time = 1682628697937564
inclusive_time = 1046
exclusive_time = 24
process_id = p3
operationName = UploadUserReview
serviceName = user-review-service
------------------------------------------------------------------------------------
span = 7
trace_id = a2b7da11ce0b1143
span_id = 7efdc32d96a919b3
parent_id = 66eb40a7d534bdb7
start_time = 1682628697936542
end_time = 1682628697937567
inclusive_time = 1025
exclusive_time = 1025
process_id = p3
operationName = MongoFindUser
serviceName = user-review-service
------------------------------------------------------------------------------------
span = 8
trace_id = a2b7da11ce0b1143
span_id = aaed67fa1fdb5039
parent_id = 4a8c8683608d1214
start_time = 1682628697934946
end_time = 1682628697935035
inclusive_time = 89
exclusive_time = 89
process_id = p7
operationName = MmcSetMovieId
serviceName = movie-id-service
------------------------------------------------------------------------------------
span = 9
trace_id = a2b7da11ce0b1143
span_id = 2528e28a749a64d2
parent_id = 4a8c8683608d1214
start_time = 1682628697934696
end_time = 1682628697934791
inclusive_time = 95
exclusive_time = 95
process_id = p7
operationName = MmcGetMovieId
serviceName = movie-id-service
------------------------------------------------------------------------------------
