span 0
span_id = 37012bd1e90bb11f
parent_id = None
start_time = 1682628697905000
end_time = 1682628697910468
inclusive_time = 5468
exclusive_time = 644
process_id = p8
operationName = /wrk2-api/review/compose
serviceName = None
------------------------------------------------------------------------------------
span 1
span_id = 1eecfdda17a83ebc
parent_id = 37012bd1e90bb11f
start_time = 1682628697905644
end_time = 1682628697910468
inclusive_time = 4824
exclusive_time = 93
process_id = p8
operationName = /wrk2-api/review/compose
serviceName = None
------------------------------------------------------------------------------------
span 2
span_id = ad9c535b3f4ebb74
parent_id = 1eecfdda17a83ebc
start_time = 1682628697905679
end_time = 1682628697910410
inclusive_time = 4731
exclusive_time = 259
process_id = p8
operationName = ComposeReview
serviceName = None
------------------------------------------------------------------------------------
span 3
span_id = 3462eadd9acf5698
parent_id = ad9c535b3f4ebb74
start_time = 1682628697905952
end_time = 1682628697910312
inclusive_time = 4360
exclusive_time = 288
process_id = p2
operationName = UploadMovieId
serviceName = None
------------------------------------------------------------------------------------
span 4
span_id = a11053056f03ae0c
parent_id = 3462eadd9acf5698
start_time = 1682628697906326
end_time = 1682628697910162
inclusive_time = 3836
exclusive_time = 257
process_id = p6
operationName = UploadRating
serviceName = None
------------------------------------------------------------------------------------
span 5
span_id = e47f79b56d137963
parent_id = a11053056f03ae0c
start_time = 1682628697906481
end_time = 1682628697910014
inclusive_time = 3533
exclusive_time = 961
process_id = p1
operationName = UploadRating
serviceName = None
------------------------------------------------------------------------------------
span 6
span_id = bd8779bba1767167
parent_id = e47f79b56d137963
start_time = 1682628697907276
end_time = 1682628697909796
inclusive_time = 2520
exclusive_time = 18
process_id = p3
operationName = UploadMovieReview
serviceName = None
------------------------------------------------------------------------------------
span 7
span_id = 7360bcfcddbc708f
parent_id = bd8779bba1767167
start_time = 1682628697907294
end_time = 1682628697909913
inclusive_time = 2619
exclusive_time = 2619
process_id = p3
operationName = MongoFindMovie
serviceName = None
------------------------------------------------------------------------------------
span 8
span_id = f5b6f7c0892364e3
parent_id = 3462eadd9acf5698
start_time = 1682628697905971
end_time = 1682628697906070
inclusive_time = 99
exclusive_time = 99
process_id = p2
operationName = MmcGetMovieId
serviceName = None
------------------------------------------------------------------------------------
