span 0
span_id = 54a08759b8c81c8c
parent_id = None
start_time = 1682628698112000
end_time = 1682628698117966
inclusive_time = 5966
exclusive_time = 1007
process_id = p5
operationName = /wrk2-api/review/compose
serviceName = None
------------------------------------------------------------------------------------
span 1
span_id = ce6dafdefddebb0a
parent_id = 54a08759b8c81c8c
start_time = 1682628698113007
end_time = 1682628698117966
inclusive_time = 4959
exclusive_time = 101
process_id = p5
operationName = /wrk2-api/review/compose
serviceName = None
------------------------------------------------------------------------------------
span 2
span_id = 65ed4d26bee45242
parent_id = ce6dafdefddebb0a
start_time = 1682628698113057
end_time = 1682628698117915
inclusive_time = 4858
exclusive_time = 292
process_id = p5
operationName = ComposeReview
serviceName = None
------------------------------------------------------------------------------------
span 3
span_id = 1c1ebf8379e4cbf1
parent_id = 65ed4d26bee45242
start_time = 1682628698113772
end_time = 1682628698117831
inclusive_time = 4059
exclusive_time = 483
process_id = p2
operationName = UploadMovieId
serviceName = None
------------------------------------------------------------------------------------
span 4
span_id = 42b125e4abd3a836
parent_id = 1c1ebf8379e4cbf1
start_time = 1682628698114339
end_time = 1682628698117708
inclusive_time = 3369
exclusive_time = 249
process_id = p4
operationName = UploadRating
serviceName = None
------------------------------------------------------------------------------------
span 5
span_id = 67109f537d0efe3f
parent_id = 42b125e4abd3a836
start_time = 1682628698114523
end_time = 1682628698117574
inclusive_time = 3051
exclusive_time = 1602
process_id = p6
operationName = UploadRating
serviceName = None
------------------------------------------------------------------------------------
span 6
span_id = 16de9d0e6ad8b57b
parent_id = 67109f537d0efe3f
start_time = 1682628698115955
end_time = 1682628698117385
inclusive_time = 1430
exclusive_time = 19
process_id = p3
operationName = UploadUserReview
serviceName = None
------------------------------------------------------------------------------------
span 7
span_id = 49f5361d9defd0f9
parent_id = 16de9d0e6ad8b57b
start_time = 1682628698115974
end_time = 1682628698117391
inclusive_time = 1417
exclusive_time = 1417
process_id = p3
operationName = MongoFindUser
serviceName = None
------------------------------------------------------------------------------------
span 8
span_id = 8f41fe88b43cdbef
parent_id = 1c1ebf8379e4cbf1
start_time = 1682628698113798
end_time = 1682628698113999
inclusive_time = 201
exclusive_time = 201
process_id = p2
operationName = MmcGetMovieId
serviceName = None
------------------------------------------------------------------------------------
