span = 0
trace_id = ab656f2f986834a1
span_id = ab656f2f986834a1
parent_id = None
start_time = 1682628697975000
end_time = 1682628697981175
inclusive_time = 6175
exclusive_time = 671
process_id = p5
operationName = /wrk2-api/review/compose
serviceName = nginx
------------------------------------------------------------------------------------
span = 1
trace_id = ab656f2f986834a1
span_id = fb65227e38dafc4e
parent_id = ab656f2f986834a1
start_time = 1682628697975671
end_time = 1682628697981175
inclusive_time = 5504
exclusive_time = 104
process_id = p5
operationName = /wrk2-api/review/compose
serviceName = nginx
------------------------------------------------------------------------------------
span = 2
trace_id = ab656f2f986834a1
span_id = e53e7936e7a30b58
parent_id = fb65227e38dafc4e
start_time = 1682628697975711
end_time = 1682628697981111
inclusive_time = 5400
exclusive_time = 254
process_id = p5
operationName = ComposeReview
serviceName = nginx
------------------------------------------------------------------------------------
span = 3
trace_id = ab656f2f986834a1
span_id = 7af3604a56eec166
parent_id = e53e7936e7a30b58
start_time = 1682628697976088
end_time = 1682628697981025
inclusive_time = 4937
exclusive_time = 174
process_id = p2
operationName = UploadText
serviceName = text-service
------------------------------------------------------------------------------------
span = 4
trace_id = ab656f2f986834a1
span_id = 4be353dcf359dc7d
parent_id = 7af3604a56eec166
start_time = 1682628697976195
end_time = 1682628697980958
inclusive_time = 4763
exclusive_time = 3333
process_id = p7
operationName = UploadText
serviceName = compose-review-service
------------------------------------------------------------------------------------
span = 5
trace_id = ab656f2f986834a1
span_id = cb13bdefe92d531f
parent_id = 4be353dcf359dc7d
start_time = 1682628697979474
end_time = 1682628697980778
inclusive_time = 1304
exclusive_time = 30
process_id = p3
operationName = UploadMovieReview
serviceName = movie-review-service
------------------------------------------------------------------------------------
span = 6
trace_id = ab656f2f986834a1
span_id = 19f887eee1a53040
parent_id = cb13bdefe92d531f
start_time = 1682628697979504
end_time = 1682628697980786
inclusive_time = 1282
exclusive_time = 1282
process_id = p3
operationName = MongoFindMovie
serviceName = movie-review-service
------------------------------------------------------------------------------------
