span = 0
span_id = bd849a371f2eafb9
parent_id = None
start_time = 1682628698213000
end_time = 1682628698217870
inclusive_time = 4870
exclusive_time = 531
process_id = p6
operationName = /wrk2-api/review/compose
serviceName = nginx
------------------------------------------------------------------------------------
span = 1
span_id = 17128cdb296679b5
parent_id = bd849a371f2eafb9
start_time = 1682628698213531
end_time = 1682628698217870
inclusive_time = 4339
exclusive_time = 91
process_id = p6
operationName = /wrk2-api/review/compose
serviceName = nginx
------------------------------------------------------------------------------------
span = 2
span_id = d60a616ebd5b9689
parent_id = 17128cdb296679b5
start_time = 1682628698213563
end_time = 1682628698217811
inclusive_time = 4248
exclusive_time = 393
process_id = p6
operationName = ComposeReview
serviceName = nginx
------------------------------------------------------------------------------------
span = 3
span_id = 4b8d7fb8fd6f2350
parent_id = d60a616ebd5b9689
start_time = 1682628698213855
end_time = 1682628698217587
inclusive_time = 3732
exclusive_time = 514
process_id = p3
operationName = UploadMovieId
serviceName = movie-id-service
------------------------------------------------------------------------------------
span = 4
span_id = fc182a156fe66d1c
parent_id = 4b8d7fb8fd6f2350
start_time = 1682628698214522
end_time = 1682628698217410
inclusive_time = 2888
exclusive_time = 340
process_id = p10
operationName = UploadRating
serviceName = rating-service
------------------------------------------------------------------------------------
span = 5
span_id = 311f6838b5ee6769
parent_id = fc182a156fe66d1c
start_time = 1682628698214757
end_time = 1682628698217205
inclusive_time = 2448
exclusive_time = 1130
process_id = p2
operationName = UploadRating
serviceName = compose-review-service
------------------------------------------------------------------------------------
span = 6
span_id = d2e53efee90055c4
parent_id = 311f6838b5ee6769
start_time = 1682628698215653
end_time = 1682628698216939
inclusive_time = 1286
exclusive_time = 66
process_id = p4
operationName = UploadMovieReview
serviceName = movie-review-service
------------------------------------------------------------------------------------
span = 7
span_id = 8e5dadfb8171658c
parent_id = d2e53efee90055c4
start_time = 1682628698215719
end_time = 1682628698216944
inclusive_time = 1225
exclusive_time = 1225
process_id = p4
operationName = MongoFindMovie
serviceName = movie-review-service
------------------------------------------------------------------------------------
span = 8
span_id = 2aeb052ff5cafd56
parent_id = 4b8d7fb8fd6f2350
start_time = 1682628698214265
end_time = 1682628698214363
inclusive_time = 98
exclusive_time = 98
process_id = p3
operationName = MmcSetMovieId
serviceName = movie-id-service
------------------------------------------------------------------------------------
span = 9
span_id = 900e4e9f306d9d6d
parent_id = 4b8d7fb8fd6f2350
start_time = 1682628698213872
end_time = 1682628698213981
inclusive_time = 109
exclusive_time = 109
process_id = p3
operationName = MmcGetMovieId
serviceName = movie-id-service
------------------------------------------------------------------------------------
