span = 0
span_id = f44457bd557f0e63
parent_id = None
start_time = 1682628698047000
end_time = 1682628698052515
inclusive_time = 5515
exclusive_time = 778
process_id = p8
operationName = /wrk2-api/review/compose
serviceName = nginx
------------------------------------------------------------------------------------
span = 1
span_id = a037d7b52ddd96d0
parent_id = f44457bd557f0e63
start_time = 1682628698047778
end_time = 1682628698052515
inclusive_time = 4737
exclusive_time = 97
process_id = p8
operationName = /wrk2-api/review/compose
serviceName = nginx
------------------------------------------------------------------------------------
span = 2
span_id = b4fa2961002869ee
parent_id = a037d7b52ddd96d0
start_time = 1682628698047823
end_time = 1682628698052463
inclusive_time = 4640
exclusive_time = 268
process_id = p8
operationName = ComposeReview
serviceName = nginx
------------------------------------------------------------------------------------
span = 3
span_id = a2b3dee8e2dd87b7
parent_id = b4fa2961002869ee
start_time = 1682628698048142
end_time = 1682628698052390
inclusive_time = 4248
exclusive_time = 398
process_id = p6
operationName = UploadMovieId
serviceName = movie-id-service
------------------------------------------------------------------------------------
span = 4
span_id = 4683d02d2a9b3f55
parent_id = a2b3dee8e2dd87b7
start_time = 1682628698048739
end_time = 1682628698052268
inclusive_time = 3529
exclusive_time = 273
process_id = p7
operationName = UploadRating
serviceName = rating-service
------------------------------------------------------------------------------------
span = 5
span_id = c5ebd31df8f5be05
parent_id = 4683d02d2a9b3f55
start_time = 1682628698048915
end_time = 1682628698052136
inclusive_time = 3221
exclusive_time = 1503
process_id = p4
operationName = UploadRating
serviceName = compose-review-service
------------------------------------------------------------------------------------
span = 6
span_id = ed18e8c3d745f3df
parent_id = c5ebd31df8f5be05
start_time = 1682628698050331
end_time = 1682628698051920
inclusive_time = 1589
exclusive_time = 18
process_id = p3
operationName = UploadMovieReview
serviceName = movie-review-service
------------------------------------------------------------------------------------
span = 7
span_id = 1fd98972a8901d6e
parent_id = ed18e8c3d745f3df
start_time = 1682628698050349
end_time = 1682628698051925
inclusive_time = 1576
exclusive_time = 1576
process_id = p3
operationName = MongoFindMovie
serviceName = movie-review-service
------------------------------------------------------------------------------------
span = 8
span_id = eb7f16299139a123
parent_id = a2b3dee8e2dd87b7
start_time = 1682628698048519
end_time = 1682628698048607
inclusive_time = 88
exclusive_time = 88
process_id = p6
operationName = MmcSetMovieId
serviceName = movie-id-service
------------------------------------------------------------------------------------
span = 9
span_id = 9339fbc6cb55a34d
parent_id = a2b3dee8e2dd87b7
start_time = 1682628698048156
end_time = 1682628698048257
inclusive_time = 101
exclusive_time = 101
process_id = p6
operationName = MmcGetMovieId
serviceName = movie-id-service
------------------------------------------------------------------------------------
