span = 0
trace_id = 0ce9fd5f34d1fc27
span_id = 0ce9fd5f34d1fc27
parent_id = None
start_time = 1682628698243000
end_time = 1682628698246873
inclusive_time = 3873
exclusive_time = 180
process_id = p5
operationName = /wrk2-api/review/compose
serviceName = nginx
call path = 
------------------------------------------------------------------------------------
span = 1
trace_id = 0ce9fd5f34d1fc27
span_id = b15c40d38947ca05
parent_id = 0ce9fd5f34d1fc27
start_time = 1682628698243180
end_time = 1682628698246873
inclusive_time = 3693
exclusive_time = 88
process_id = p5
operationName = /wrk2-api/review/compose
serviceName = nginx
call path = ->/wrk2-api/review/compose_nginx
------------------------------------------------------------------------------------
span = 2
trace_id = 0ce9fd5f34d1fc27
span_id = dbe76466ca7bc2d2
parent_id = b15c40d38947ca05
start_time = 1682628698243219
end_time = 1682628698246824
inclusive_time = 3605
exclusive_time = 351
process_id = p5
operationName = ComposeReview
serviceName = nginx
call path = ->/wrk2-api/review/compose_nginx->/wrk2-api/review/compose_nginx
------------------------------------------------------------------------------------
span = 3
trace_id = 0ce9fd5f34d1fc27
span_id = 353bcebc705c8d48
parent_id = dbe76466ca7bc2d2
start_time = 1682628698243474
end_time = 1682628698246657
inclusive_time = 3183
exclusive_time = 314
process_id = p1
operationName = UploadMovieId
serviceName = movie-id-service
call path = ->/wrk2-api/review/compose_nginx->/wrk2-api/review/compose_nginx->ComposeReview_nginx
------------------------------------------------------------------------------------
span = 4
trace_id = 0ce9fd5f34d1fc27
span_id = 01c283fa425cb97e
parent_id = 353bcebc705c8d48
start_time = 1682628698243887
end_time = 1682628698246549
inclusive_time = 2662
exclusive_time = 224
process_id = p10
operationName = UploadRating
serviceName = rating-service
call path = ->/wrk2-api/review/compose_nginx->/wrk2-api/review/compose_nginx->ComposeReview_nginx->UploadMovieId_movie-id-service
------------------------------------------------------------------------------------
span = 5
trace_id = 0ce9fd5f34d1fc27
span_id = cfd33173778b846f
parent_id = 01c283fa425cb97e
start_time = 1682628698244051
end_time = 1682628698246440
inclusive_time = 2389
exclusive_time = 1133
process_id = p2
operationName = UploadRating
serviceName = compose-review-service
call path = ->/wrk2-api/review/compose_nginx->/wrk2-api/review/compose_nginx->ComposeReview_nginx->UploadMovieId_movie-id-service->UploadRating_rating-service
------------------------------------------------------------------------------------
span = 6
trace_id = 0ce9fd5f34d1fc27
span_id = e087895c8796bfe7
parent_id = cfd33173778b846f
start_time = 1682628698245112
end_time = 1682628698246314
inclusive_time = 1202
exclusive_time = 25
process_id = p3
operationName = UploadMovieReview
serviceName = movie-review-service
call path = ->/wrk2-api/review/compose_nginx->/wrk2-api/review/compose_nginx->ComposeReview_nginx->UploadMovieId_movie-id-service->UploadRating_rating-service->UploadRating_compose-review-service
------------------------------------------------------------------------------------
span = 7
trace_id = 0ce9fd5f34d1fc27
span_id = 547b28bb6ed87d01
parent_id = e087895c8796bfe7
start_time = 1682628698245137
end_time = 1682628698246317
inclusive_time = 1180
exclusive_time = 1180
process_id = p3
operationName = MongoFindMovie
serviceName = movie-review-service
call path = ->/wrk2-api/review/compose_nginx->/wrk2-api/review/compose_nginx->ComposeReview_nginx->UploadMovieId_movie-id-service->UploadRating_rating-service->UploadRating_compose-review-service->UploadMovieReview_movie-review-service
------------------------------------------------------------------------------------
span = 8
trace_id = 0ce9fd5f34d1fc27
span_id = 1adcd3eb2f839d26
parent_id = 353bcebc705c8d48
start_time = 1682628698243731
end_time = 1682628698243822
inclusive_time = 91
exclusive_time = 91
process_id = p1
operationName = MmcSetMovieId
serviceName = movie-id-service
call path = ->/wrk2-api/review/compose_nginx->/wrk2-api/review/compose_nginx->ComposeReview_nginx->UploadMovieId_movie-id-service
------------------------------------------------------------------------------------
span = 9
trace_id = 0ce9fd5f34d1fc27
span_id = bf2e8e0e42fd84a4
parent_id = 353bcebc705c8d48
start_time = 1682628698243487
end_time = 1682628698243582
inclusive_time = 95
exclusive_time = 95
process_id = p1
operationName = MmcGetMovieId
serviceName = movie-id-service
call path = ->/wrk2-api/review/compose_nginx->/wrk2-api/review/compose_nginx->ComposeReview_nginx->UploadMovieId_movie-id-service
------------------------------------------------------------------------------------
