span = 0
trace_id = 375105d936ec2748
span_id = 375105d936ec2748
parent_id = None
start_time = 1682628698208000
end_time = 1682628698212984
inclusive_time = 4984
exclusive_time = 959
process_id = p6
operationName = /wrk2-api/review/compose
serviceName = nginx
------------------------------------------------------------------------------------
span = 1
trace_id = 375105d936ec2748
span_id = 4a94425511f4ff82
parent_id = 375105d936ec2748
start_time = 1682628698208959
end_time = 1682628698212984
inclusive_time = 4025
exclusive_time = 121
process_id = p6
operationName = /wrk2-api/review/compose
serviceName = nginx
------------------------------------------------------------------------------------
span = 2
trace_id = 375105d936ec2748
span_id = 09b46dfc40349ba3
parent_id = 4a94425511f4ff82
start_time = 1682628698209011
end_time = 1682628698212915
inclusive_time = 3904
exclusive_time = 319
process_id = p6
operationName = ComposeReview
serviceName = nginx
------------------------------------------------------------------------------------
span = 3
trace_id = 375105d936ec2748
span_id = 12d8051f816fd0f0
parent_id = 09b46dfc40349ba3
start_time = 1682628698209407
end_time = 1682628698212826
inclusive_time = 3419
exclusive_time = 326
process_id = p3
operationName = UploadMovieId
serviceName = movie-id-service
------------------------------------------------------------------------------------
span = 4
trace_id = 375105d936ec2748
span_id = 6e640699b2cf4304
parent_id = 12d8051f816fd0f0
start_time = 1682628698209833
end_time = 1682628698212692
inclusive_time = 2859
exclusive_time = 203
process_id = p10
operationName = UploadRating
serviceName = rating-service
------------------------------------------------------------------------------------
span = 5
trace_id = 375105d936ec2748
span_id = a103683a97bf902a
parent_id = 6e640699b2cf4304
start_time = 1682628698209994
end_time = 1682628698212592
inclusive_time = 2598
exclusive_time = 1118
process_id = p2
operationName = UploadRating
serviceName = compose-review-service
------------------------------------------------------------------------------------
span = 6
trace_id = 375105d936ec2748
span_id = e61894bcc45feb9c
parent_id = a103683a97bf902a
start_time = 1682628698211053
end_time = 1682628698212448
inclusive_time = 1395
exclusive_time = 26
process_id = p4
operationName = UploadMovieReview
serviceName = movie-review-service
------------------------------------------------------------------------------------
span = 7
trace_id = 375105d936ec2748
span_id = fe8ad3e91b580484
parent_id = e61894bcc45feb9c
start_time = 1682628698211079
end_time = 1682628698212457
inclusive_time = 1378
exclusive_time = 1378
process_id = p4
operationName = MongoFindMovie
serviceName = movie-review-service
------------------------------------------------------------------------------------
span = 8
trace_id = 375105d936ec2748
span_id = fcac2b83b830bff4
parent_id = 12d8051f816fd0f0
start_time = 1682628698209678
end_time = 1682628698209779
inclusive_time = 101
exclusive_time = 101
process_id = p3
operationName = MmcSetMovieId
serviceName = movie-id-service
------------------------------------------------------------------------------------
span = 9
trace_id = 375105d936ec2748
span_id = 88becb782f65268d
parent_id = 12d8051f816fd0f0
start_time = 1682628698209424
end_time = 1682628698209557
inclusive_time = 133
exclusive_time = 133
process_id = p3
operationName = MmcGetMovieId
serviceName = movie-id-service
------------------------------------------------------------------------------------
