span = 0
span_id = 2ad22cd579f9f610
parent_id = None
start_time = 1682628698074000
end_time = 1682628698078308
inclusive_time = 4308
exclusive_time = 233
process_id = p7
operationName = /wrk2-api/review/compose
serviceName = nginx
------------------------------------------------------------------------------------
span = 1
span_id = 66e4e806b4507df3
parent_id = 2ad22cd579f9f610
start_time = 1682628698074233
end_time = 1682628698078308
inclusive_time = 4075
exclusive_time = 84
process_id = p7
operationName = /wrk2-api/review/compose
serviceName = nginx
------------------------------------------------------------------------------------
span = 2
span_id = 21fd384dbbbc1e16
parent_id = 66e4e806b4507df3
start_time = 1682628698074270
end_time = 1682628698078261
inclusive_time = 3991
exclusive_time = 341
process_id = p7
operationName = ComposeReview
serviceName = nginx
------------------------------------------------------------------------------------
span = 3
span_id = ffbb49480b69abb0
parent_id = 21fd384dbbbc1e16
start_time = 1682628698074524
end_time = 1682628698078068
inclusive_time = 3544
exclusive_time = 371
process_id = p4
operationName = UploadMovieId
serviceName = movie-id-service
------------------------------------------------------------------------------------
span = 4
span_id = 149124c2f8c95032
parent_id = ffbb49480b69abb0
start_time = 1682628698075449
end_time = 1682628698077923
inclusive_time = 2474
exclusive_time = 341
process_id = p6
operationName = UploadRating
serviceName = rating-service
------------------------------------------------------------------------------------
span = 5
span_id = ffe33f6bf10b9538
parent_id = 149124c2f8c95032
start_time = 1682628698075641
end_time = 1682628698077769
inclusive_time = 2128
exclusive_time = 1052
process_id = p2
operationName = UploadRating
serviceName = compose-review-service
------------------------------------------------------------------------------------
span = 6
span_id = a33baa6434db1dbb
parent_id = ffe33f6bf10b9538
start_time = 1682628698076496
end_time = 1682628698077560
inclusive_time = 1064
exclusive_time = 17
process_id = p5
operationName = UploadUserReview
serviceName = user-review-service
------------------------------------------------------------------------------------
span = 7
span_id = 2ae50dfb3077a615
parent_id = a33baa6434db1dbb
start_time = 1682628698076513
end_time = 1682628698077564
inclusive_time = 1051
exclusive_time = 1051
process_id = p5
operationName = MongoFindUser
serviceName = user-review-service
------------------------------------------------------------------------------------
span = 8
span_id = 85eeac04c98f5ae0
parent_id = ffbb49480b69abb0
start_time = 1682628698075256
end_time = 1682628698075370
inclusive_time = 114
exclusive_time = 114
process_id = p4
operationName = MmcSetMovieId
serviceName = movie-id-service
------------------------------------------------------------------------------------
span = 9
span_id = a5b472803e9f9717
parent_id = ffbb49480b69abb0
start_time = 1682628698074542
end_time = 1682628698075094
inclusive_time = 552
exclusive_time = 552
process_id = p4
operationName = MmcGetMovieId
serviceName = movie-id-service
------------------------------------------------------------------------------------
