span = 0
trace_id = 1d5cb5f4c1b49ee6
span_id = 1d5cb5f4c1b49ee6
parent_id = None
start_time = 1682628697929000
end_time = 1682628697933926
inclusive_time = 4926
exclusive_time = 323
process_id = p8
operationName = /wrk2-api/review/compose
serviceName = nginx
call path = 
------------------------------------------------------------------------------------
span = 1
trace_id = 1d5cb5f4c1b49ee6
span_id = 2679afdd1456a737
parent_id = 1d5cb5f4c1b49ee6
start_time = 1682628697929323
end_time = 1682628697933926
inclusive_time = 4603
exclusive_time = 263
process_id = p8
operationName = /wrk2-api/review/compose
serviceName = nginx
call path = ->/wrk2-api/review/compose_nginx
------------------------------------------------------------------------------------
span = 2
trace_id = 1d5cb5f4c1b49ee6
span_id = c1d4ae0f137cfab6
parent_id = 2679afdd1456a737
start_time = 1682628697929514
end_time = 1682628697933854
inclusive_time = 4340
exclusive_time = 426
process_id = p8
operationName = ComposeReview
serviceName = nginx
call path = ->/wrk2-api/review/compose_nginx->/wrk2-api/review/compose_nginx
------------------------------------------------------------------------------------
span = 3
trace_id = 1d5cb5f4c1b49ee6
span_id = b88a4ae6e7c18e65
parent_id = c1d4ae0f137cfab6
start_time = 1682628697930121
end_time = 1682628697933784
inclusive_time = 3663
exclusive_time = 300
process_id = p7
operationName = UploadMovieId
serviceName = movie-id-service
call path = ->/wrk2-api/review/compose_nginx->/wrk2-api/review/compose_nginx->ComposeReview_nginx
------------------------------------------------------------------------------------
span = 4
trace_id = 1d5cb5f4c1b49ee6
span_id = 959b1806e3ac7f62
parent_id = b88a4ae6e7c18e65
start_time = 1682628697930724
end_time = 1682628697933665
inclusive_time = 2941
exclusive_time = 353
process_id = p5
operationName = UploadRating
serviceName = rating-service
call path = ->/wrk2-api/review/compose_nginx->/wrk2-api/review/compose_nginx->ComposeReview_nginx->UploadMovieId_movie-id-service
------------------------------------------------------------------------------------
span = 5
trace_id = 1d5cb5f4c1b49ee6
span_id = 2135cabc16216a01
parent_id = 959b1806e3ac7f62
start_time = 1682628697930901
end_time = 1682628697933456
inclusive_time = 2555
exclusive_time = 963
process_id = p4
operationName = UploadRating
serviceName = compose-review-service
call path = ->/wrk2-api/review/compose_nginx->/wrk2-api/review/compose_nginx->ComposeReview_nginx->UploadMovieId_movie-id-service->UploadRating_rating-service
------------------------------------------------------------------------------------
span = 6
trace_id = 1d5cb5f4c1b49ee6
span_id = 16b748f5a734be58
parent_id = 2135cabc16216a01
start_time = 1682628697931633
end_time = 1682628697933225
inclusive_time = 1592
exclusive_time = 24
process_id = p3
operationName = UploadUserReview
serviceName = user-review-service
call path = ->/wrk2-api/review/compose_nginx->/wrk2-api/review/compose_nginx->ComposeReview_nginx->UploadMovieId_movie-id-service->UploadRating_rating-service->UploadRating_compose-review-service
------------------------------------------------------------------------------------
span = 7
trace_id = 1d5cb5f4c1b49ee6
span_id = afa1f7c5cc691489
parent_id = 16b748f5a734be58
start_time = 1682628697931657
end_time = 1682628697933228
inclusive_time = 1571
exclusive_time = 1571
process_id = p3
operationName = MongoFindUser
serviceName = user-review-service
call path = ->/wrk2-api/review/compose_nginx->/wrk2-api/review/compose_nginx->ComposeReview_nginx->UploadMovieId_movie-id-service->UploadRating_rating-service->UploadRating_compose-review-service->UploadUserReview_user-review-service
------------------------------------------------------------------------------------
span = 8
trace_id = 1d5cb5f4c1b49ee6
span_id = 3c802809014149f0
parent_id = b88a4ae6e7c18e65
start_time = 1682628697930349
end_time = 1682628697930449
inclusive_time = 100
exclusive_time = 100
process_id = p7
operationName = MmcSetMovieId
serviceName = movie-id-service
call path = ->/wrk2-api/review/compose_nginx->/wrk2-api/review/compose_nginx->ComposeReview_nginx->UploadMovieId_movie-id-service
------------------------------------------------------------------------------------
span = 9
trace_id = 1d5cb5f4c1b49ee6
span_id = ee8fde008a18b4de
parent_id = b88a4ae6e7c18e65
start_time = 1682628697930132
end_time = 1682628697930227
inclusive_time = 95
exclusive_time = 95
process_id = p7
operationName = MmcGetMovieId
serviceName = movie-id-service
call path = ->/wrk2-api/review/compose_nginx->/wrk2-api/review/compose_nginx->ComposeReview_nginx->UploadMovieId_movie-id-service
------------------------------------------------------------------------------------
