span = 0
trace_id = ae941a59d2049607
span_id = ae941a59d2049607
parent_id = None
start_time = 1682628698253000
end_time = 1682628698258193
inclusive_time = 5193
exclusive_time = 934
process_id = p3
operationName = /wrk2-api/review/compose
serviceName = nginx
------------------------------------------------------------------------------------
span = 1
trace_id = ae941a59d2049607
span_id = 9afe57dd8761205b
parent_id = ae941a59d2049607
start_time = 1682628698253934
end_time = 1682628698258193
inclusive_time = 4259
exclusive_time = 94
process_id = p3
operationName = /wrk2-api/review/compose
serviceName = nginx
------------------------------------------------------------------------------------
span = 2
trace_id = ae941a59d2049607
span_id = 2d685bf299e0a54d
parent_id = 9afe57dd8761205b
start_time = 1682628698253982
end_time = 1682628698258147
inclusive_time = 4165
exclusive_time = 294
process_id = p3
operationName = ComposeReview
serviceName = nginx
------------------------------------------------------------------------------------
span = 3
trace_id = ae941a59d2049607
span_id = b3399968adcb7313
parent_id = 2d685bf299e0a54d
start_time = 1682628698254333
end_time = 1682628698258056
inclusive_time = 3723
exclusive_time = 571
process_id = p6
operationName = UploadMovieId
serviceName = movie-id-service
------------------------------------------------------------------------------------
span = 4
trace_id = ae941a59d2049607
span_id = ff8ef884c07085a8
parent_id = b3399968adcb7313
start_time = 1682628698254825
end_time = 1682628698257707
inclusive_time = 2882
exclusive_time = 281
process_id = p10
operationName = UploadRating
serviceName = rating-service
------------------------------------------------------------------------------------
span = 5
trace_id = ae941a59d2049607
span_id = f29d1c7ecb645974
parent_id = ff8ef884c07085a8
start_time = 1682628698255065
end_time = 1682628698257549
inclusive_time = 2484
exclusive_time = 1124
process_id = p5
operationName = UploadRating
serviceName = compose-review-service
------------------------------------------------------------------------------------
span = 6
trace_id = ae941a59d2049607
span_id = 0939d1e06088c327
parent_id = f29d1c7ecb645974
start_time = 1682628698256169
end_time = 1682628698257386
inclusive_time = 1217
exclusive_time = 36
process_id = p1
operationName = UploadMovieReview
serviceName = movie-review-service
------------------------------------------------------------------------------------
span = 7
trace_id = ae941a59d2049607
span_id = 4e62345b6b631d69
parent_id = 0939d1e06088c327
start_time = 1682628698256205
end_time = 1682628698257392
inclusive_time = 1187
exclusive_time = 1187
process_id = p1
operationName = MongoFindMovie
serviceName = movie-review-service
------------------------------------------------------------------------------------
span = 8
trace_id = ae941a59d2049607
span_id = db18d9c081f5cf40
parent_id = b3399968adcb7313
start_time = 1682628698254618
end_time = 1682628698254780
inclusive_time = 162
exclusive_time = 162
process_id = p6
operationName = MmcSetMovieId
serviceName = movie-id-service
------------------------------------------------------------------------------------
span = 9
trace_id = ae941a59d2049607
span_id = 0c7e6cd20c2c48b4
parent_id = b3399968adcb7313
start_time = 1682628698254355
end_time = 1682628698254463
inclusive_time = 108
exclusive_time = 108
process_id = p6
operationName = MmcGetMovieId
serviceName = movie-id-service
------------------------------------------------------------------------------------
