span = 0
span_id = 42ad799c3bd56956
parent_id = None
start_time = 1682628698320000
end_time = 1682628698324423
inclusive_time = 4423
exclusive_time = 426
process_id = p10
operationName = /wrk2-api/review/compose
serviceName = nginx
------------------------------------------------------------------------------------
span = 1
span_id = b94dd12e8175baf3
parent_id = 42ad799c3bd56956
start_time = 1682628698320426
end_time = 1682628698324423
inclusive_time = 3997
exclusive_time = 109
process_id = p10
operationName = /wrk2-api/review/compose
serviceName = nginx
------------------------------------------------------------------------------------
span = 2
span_id = 985d83d41132bc01
parent_id = b94dd12e8175baf3
start_time = 1682628698320463
end_time = 1682628698324351
inclusive_time = 3888
exclusive_time = 282
process_id = p10
operationName = ComposeReview
serviceName = nginx
------------------------------------------------------------------------------------
span = 3
span_id = 0e3d9d962ae1c4ff
parent_id = 985d83d41132bc01
start_time = 1682628698320746
end_time = 1682628698324251
inclusive_time = 3505
exclusive_time = 277
process_id = p1
operationName = UploadMovieId
serviceName = movie-id-service
------------------------------------------------------------------------------------
span = 4
span_id = 84a0d9fa3d613656
parent_id = 0e3d9d962ae1c4ff
start_time = 1682628698321213
end_time = 1682628698324127
inclusive_time = 2914
exclusive_time = 1511
process_id = p2
operationName = UploadMovieId
serviceName = compose-review-service
------------------------------------------------------------------------------------
span = 5
span_id = db091b8ddb9a0c16
parent_id = 84a0d9fa3d613656
start_time = 1682628698322614
end_time = 1682628698323946
inclusive_time = 1332
exclusive_time = 29
process_id = p6
operationName = UploadUserReview
serviceName = user-review-service
------------------------------------------------------------------------------------
span = 6
span_id = e3642635943737e4
parent_id = db091b8ddb9a0c16
start_time = 1682628698322643
end_time = 1682628698323950
inclusive_time = 1307
exclusive_time = 1307
process_id = p6
operationName = MongoFindUser
serviceName = user-review-service
------------------------------------------------------------------------------------
span = 7
span_id = a0329b1697f7fcf8
parent_id = 0e3d9d962ae1c4ff
start_time = 1682628698320764
end_time = 1682628698320872
inclusive_time = 108
exclusive_time = 108
process_id = p1
operationName = MmcGetMovieId
serviceName = movie-id-service
------------------------------------------------------------------------------------
