span 0
span_id = 78d8841c76d991c2
parent_id = None
start_time = 1682628698192000
end_time = 1682628698196485
inclusive_time = 4485
exclusive_time = 366
process_id = p7
operationName = /wrk2-api/review/compose
serviceName = None
------------------------------------------------------------------------------------
span 1
span_id = b0685ff4af814e97
parent_id = 78d8841c76d991c2
start_time = 1682628698192366
end_time = 1682628698196485
inclusive_time = 4119
exclusive_time = 84
process_id = p7
operationName = /wrk2-api/review/compose
serviceName = None
------------------------------------------------------------------------------------
span 2
span_id = 5a51a100ad75d005
parent_id = b0685ff4af814e97
start_time = 1682628698192408
end_time = 1682628698196443
inclusive_time = 4035
exclusive_time = 558
process_id = p7
operationName = ComposeReview
serviceName = None
------------------------------------------------------------------------------------
span 3
span_id = 9a1da8a3bbfc6840
parent_id = 5a51a100ad75d005
start_time = 1682628698192709
end_time = 1682628698196095
inclusive_time = 3386
exclusive_time = 473
process_id = p4
operationName = UploadMovieId
serviceName = None
------------------------------------------------------------------------------------
span 4
span_id = f1da3c421dac30af
parent_id = 9a1da8a3bbfc6840
start_time = 1682628698193125
end_time = 1682628698195889
inclusive_time = 2764
exclusive_time = 251
process_id = p10
operationName = UploadRating
serviceName = None
------------------------------------------------------------------------------------
span 5
span_id = 9ec5891be9efa00d
parent_id = f1da3c421dac30af
start_time = 1682628698193261
end_time = 1682628698195728
inclusive_time = 2467
exclusive_time = 1184
process_id = p3
operationName = UploadRating
serviceName = None
------------------------------------------------------------------------------------
span 6
span_id = 11a9ba1cf9945211
parent_id = 9ec5891be9efa00d
start_time = 1682628698194246
end_time = 1682628698195502
inclusive_time = 1256
exclusive_time = 30
process_id = p2
operationName = UploadUserReview
serviceName = None
------------------------------------------------------------------------------------
span 7
span_id = a8b964b0b956dac8
parent_id = 11a9ba1cf9945211
start_time = 1682628698194276
end_time = 1682628698195506
inclusive_time = 1230
exclusive_time = 1230
process_id = p2
operationName = MongoFindUser
serviceName = None
------------------------------------------------------------------------------------
span 8
span_id = 0a2289fa5d7cc12c
parent_id = 9a1da8a3bbfc6840
start_time = 1682628698192721
end_time = 1682628698192816
inclusive_time = 95
exclusive_time = 95
process_id = p4
operationName = MmcGetMovieId
serviceName = None
------------------------------------------------------------------------------------
