span 0
span_id = 091a0eb20a9d5265
parent_id = None
start_time = 1682628698300000
end_time = 1682628698304355
inclusive_time = 4355
exclusive_time = 535
process_id = p10
operationName = /wrk2-api/review/compose
serviceName = None
------------------------------------------------------------------------------------
span 1
span_id = 28d31b6cfbade407
parent_id = 091a0eb20a9d5265
start_time = 1682628698300535
end_time = 1682628698304355
inclusive_time = 3820
exclusive_time = 138
process_id = p10
operationName = /wrk2-api/review/compose
serviceName = None
------------------------------------------------------------------------------------
span 2
span_id = 2f15c39bf000a948
parent_id = 28d31b6cfbade407
start_time = 1682628698300591
end_time = 1682628698304273
inclusive_time = 3682
exclusive_time = 337
process_id = p10
operationName = ComposeReview
serviceName = None
------------------------------------------------------------------------------------
span 3
span_id = 3a8467b063a3f338
parent_id = 2f15c39bf000a948
start_time = 1682628698300924
end_time = 1682628698304190
inclusive_time = 3266
exclusive_time = 468
process_id = p3
operationName = UploadMovieId
serviceName = None
------------------------------------------------------------------------------------
span 4
span_id = 09a514c43550a2c8
parent_id = 3a8467b063a3f338
start_time = 1682628698301370
end_time = 1682628698303990
inclusive_time = 2620
exclusive_time = 281
process_id = p9
operationName = UploadRating
serviceName = None
------------------------------------------------------------------------------------
span 5
span_id = 1319412917213d58
parent_id = 09a514c43550a2c8
start_time = 1682628698301526
end_time = 1682628698303852
inclusive_time = 2326
exclusive_time = 1018
process_id = p2
operationName = UploadRating
serviceName = None
------------------------------------------------------------------------------------
span 6
span_id = 95f42eab3d4cd28a
parent_id = 1319412917213d58
start_time = 1682628698302418
end_time = 1682628698303654
inclusive_time = 1236
exclusive_time = 27
process_id = p6
operationName = UploadMovieReview
serviceName = None
------------------------------------------------------------------------------------
span 7
span_id = cf7d266881fbfcbd
parent_id = 95f42eab3d4cd28a
start_time = 1682628698302445
end_time = 1682628698303657
inclusive_time = 1212
exclusive_time = 1212
process_id = p6
operationName = MongoFindMovie
serviceName = None
------------------------------------------------------------------------------------
span 8
span_id = ad7e063e4957b1c1
parent_id = 3a8467b063a3f338
start_time = 1682628698301217
end_time = 1682628698301313
inclusive_time = 96
exclusive_time = 96
process_id = p3
operationName = MmcSetMovieId
serviceName = None
------------------------------------------------------------------------------------
span 9
span_id = b48a093677b7e2b2
parent_id = 3a8467b063a3f338
start_time = 1682628698300942
end_time = 1682628698301024
inclusive_time = 82
exclusive_time = 82
process_id = p3
operationName = MmcGetMovieId
serviceName = None
------------------------------------------------------------------------------------
