span 0
span_id = 7ea8a4025bd986e7
parent_id = None
start_time = 1682628697971000
end_time = 1682628697975507
inclusive_time = 4507
exclusive_time = 428
process_id = p4
operationName = /wrk2-api/review/compose
serviceName = None
------------------------------------------------------------------------------------
span 1
span_id = 7c3ab8ea555f6a55
parent_id = 7ea8a4025bd986e7
start_time = 1682628697971427
end_time = 1682628697975506
inclusive_time = 4079
exclusive_time = 99
process_id = p4
operationName = /wrk2-api/review/compose
serviceName = None
------------------------------------------------------------------------------------
span 2
span_id = 1649c2b37fe09f09
parent_id = 7c3ab8ea555f6a55
start_time = 1682628697971477
end_time = 1682628697975457
inclusive_time = 3980
exclusive_time = 436
process_id = p4
operationName = ComposeReview
serviceName = None
------------------------------------------------------------------------------------
span 3
span_id = 4a432dd91b4f30ea
parent_id = 1649c2b37fe09f09
start_time = 1682628697971794
end_time = 1682628697975219
inclusive_time = 3425
exclusive_time = 356
process_id = p6
operationName = UploadMovieId
serviceName = None
------------------------------------------------------------------------------------
span 4
span_id = 6427a92e1fa76e10
parent_id = 4a432dd91b4f30ea
start_time = 1682628697972379
end_time = 1682628697975104
inclusive_time = 2725
exclusive_time = 250
process_id = p2
operationName = UploadRating
serviceName = None
------------------------------------------------------------------------------------
span 5
span_id = d964db2b860c2029
parent_id = 6427a92e1fa76e10
start_time = 1682628697972557
end_time = 1682628697974963
inclusive_time = 2406
exclusive_time = 1242
process_id = p1
operationName = UploadRating
serviceName = None
------------------------------------------------------------------------------------
span 6
span_id = 4058bfd4fe818cf6
parent_id = d964db2b860c2029
start_time = 1682628697973846
end_time = 1682628697974874
inclusive_time = 1028
exclusive_time = 28
process_id = p8
operationName = UploadUserReview
serviceName = None
------------------------------------------------------------------------------------
span 7
span_id = b5b7fa61de457cb6
parent_id = 4058bfd4fe818cf6
start_time = 1682628697973874
end_time = 1682628697974878
inclusive_time = 1004
exclusive_time = 1004
process_id = p8
operationName = MongoFindUser
serviceName = None
------------------------------------------------------------------------------------
span 8
span_id = a2793deb6c153e3e
parent_id = 4a432dd91b4f30ea
start_time = 1682628697972216
end_time = 1682628697972360
inclusive_time = 144
exclusive_time = 144
process_id = p6
operationName = MmcSetMovieId
serviceName = None
------------------------------------------------------------------------------------
span 9
span_id = e5e5eaf0a9258a09
parent_id = 4a432dd91b4f30ea
start_time = 1682628697971810
end_time = 1682628697971991
inclusive_time = 181
exclusive_time = 181
process_id = p6
operationName = MmcGetMovieId
serviceName = None
------------------------------------------------------------------------------------
