span = 0
span_id = 4577f3f982908b76
parent_id = None
start_time = 1682628698177000
end_time = 1682628698180669
inclusive_time = 3669
exclusive_time = 199
process_id = p7
operationName = /wrk2-api/review/compose
serviceName = nginx
------------------------------------------------------------------------------------
span = 1
span_id = 77e7708727e15d7f
parent_id = 4577f3f982908b76
start_time = 1682628698177199
end_time = 1682628698180669
inclusive_time = 3470
exclusive_time = 82
process_id = p7
operationName = /wrk2-api/review/compose
serviceName = nginx
------------------------------------------------------------------------------------
span = 2
span_id = 0e8d5c6c021b8019
parent_id = 77e7708727e15d7f
start_time = 1682628698177232
end_time = 1682628698180620
inclusive_time = 3388
exclusive_time = 595
process_id = p7
operationName = ComposeReview
serviceName = nginx
------------------------------------------------------------------------------------
span = 3
span_id = 9dc7f50986c7b775
parent_id = 0e8d5c6c021b8019
start_time = 1682628698177628
end_time = 1682628698180196
inclusive_time = 2568
exclusive_time = 228
process_id = p8
operationName = UploadUniqueId
serviceName = unique-id-service
------------------------------------------------------------------------------------
span = 4
span_id = e1ad4bd34f763d2e
parent_id = 9dc7f50986c7b775
start_time = 1682628698177792
end_time = 1682628698180132
inclusive_time = 2340
exclusive_time = 1267
process_id = p1
operationName = UploadUniqueId
serviceName = compose-review-service
------------------------------------------------------------------------------------
span = 5
span_id = 34c7c03128965028
parent_id = e1ad4bd34f763d2e
start_time = 1682628698178912
end_time = 1682628698179961
inclusive_time = 1049
exclusive_time = 17
process_id = p2
operationName = UploadMovieReview
serviceName = movie-review-service
------------------------------------------------------------------------------------
span = 6
span_id = 4cd61c47ab1d1e54
parent_id = 34c7c03128965028
start_time = 1682628698178929
end_time = 1682628698179970
inclusive_time = 1041
exclusive_time = 1041
process_id = p2
operationName = MongoFindMovie
serviceName = movie-review-service
------------------------------------------------------------------------------------
