span 0
span_id = 865be2a773f88010
parent_id = None
start_time = 1682628698269000
end_time = 1682628698274012
inclusive_time = 5012
exclusive_time = 514
process_id = p3
operationName = /wrk2-api/review/compose
serviceName = None
------------------------------------------------------------------------------------
span 1
span_id = 44202c2e2e000b4c
parent_id = 865be2a773f88010
start_time = 1682628698269514
end_time = 1682628698274012
inclusive_time = 4498
exclusive_time = 92
process_id = p3
operationName = /wrk2-api/review/compose
serviceName = None
------------------------------------------------------------------------------------
span 2
span_id = cbceb617f6c8c94c
parent_id = 44202c2e2e000b4c
start_time = 1682628698269547
end_time = 1682628698273953
inclusive_time = 4406
exclusive_time = 270
process_id = p3
operationName = ComposeReview
serviceName = None
------------------------------------------------------------------------------------
span 3
span_id = 84aa472a31ba2395
parent_id = cbceb617f6c8c94c
start_time = 1682628698270480
end_time = 1682628698273872
inclusive_time = 3392
exclusive_time = 359
process_id = p6
operationName = UploadMovieId
serviceName = None
------------------------------------------------------------------------------------
span 4
span_id = 7d734ac8a2884fc4
parent_id = 84aa472a31ba2395
start_time = 1682628698270933
end_time = 1682628698273765
inclusive_time = 2832
exclusive_time = 261
process_id = p10
operationName = UploadRating
serviceName = None
------------------------------------------------------------------------------------
span 5
span_id = d61b5c19eaade537
parent_id = 7d734ac8a2884fc4
start_time = 1682628698271124
end_time = 1682628698273665
inclusive_time = 2541
exclusive_time = 1131
process_id = p5
operationName = UploadRating
serviceName = None
------------------------------------------------------------------------------------
span 6
span_id = 8164b996f6526cf8
parent_id = d61b5c19eaade537
start_time = 1682628698272138
end_time = 1682628698273486
inclusive_time = 1348
exclusive_time = 20
process_id = p1
operationName = UploadMovieReview
serviceName = None
------------------------------------------------------------------------------------
span 7
span_id = 570883e90e1fb9af
parent_id = 8164b996f6526cf8
start_time = 1682628698272158
end_time = 1682628698273491
inclusive_time = 1333
exclusive_time = 1333
process_id = p1
operationName = MongoFindMovie
serviceName = None
------------------------------------------------------------------------------------
span 8
span_id = f7e00d3c40b3d674
parent_id = 84aa472a31ba2395
start_time = 1682628698270773
end_time = 1682628698270859
inclusive_time = 86
exclusive_time = 86
process_id = p6
operationName = MmcSetMovieId
serviceName = None
------------------------------------------------------------------------------------
span 9
span_id = cc6939ddb85aa88f
parent_id = 84aa472a31ba2395
start_time = 1682628698270491
end_time = 1682628698270576
inclusive_time = 85
exclusive_time = 85
process_id = p6
operationName = MmcGetMovieId
serviceName = None
------------------------------------------------------------------------------------
span 10
span_id = 1497c2402838ba64
parent_id = cbceb617f6c8c94c
start_time = 1682628698269736
end_time = 1682628698270474
inclusive_time = 738
exclusive_time = 266
process_id = p2
operationName = UploadUserWithUsername
serviceName = None
------------------------------------------------------------------------------------
span 11
span_id = a4b4707fe0fa96fc
parent_id = 1497c2402838ba64
start_time = 1682628698270025
end_time = 1682628698270414
inclusive_time = 389
exclusive_time = 389
process_id = p5
operationName = UploadUserId
serviceName = None
------------------------------------------------------------------------------------
span 12
span_id = 5b44ad60bcfe6099
parent_id = 1497c2402838ba64
start_time = 1682628698269755
end_time = 1682628698269838
inclusive_time = 83
exclusive_time = 83
process_id = p2
operationName = MmcGetUserId
serviceName = None
------------------------------------------------------------------------------------
