span = 0
trace_id = 6e7f355d35fd62ea
span_id = 6e7f355d35fd62ea
parent_id = None
start_time = 1682650988380000
end_time = 1682650988380306
inclusive_time = 306
exclusive_time = 169
process_id = p1
operationName = 
serviceName = nginx
call path = 
------------------------------------------------------------------------------------
span = 1
trace_id = 6e7f355d35fd62ea
span_id = fa0a24f87c504169
parent_id = 6e7f355d35fd62ea
start_time = 1682650988380209
end_time = 1682650988380306
inclusive_time = 97
exclusive_time = 97
process_id = p1
operationName = 
serviceName = nginx
call path = ->_nginx
------------------------------------------------------------------------------------
span = 2
trace_id = 6e7f355d35fd62ea
span_id = 991fd388b79381eb
parent_id = 6e7f355d35fd62ea
start_time = 1682650988380109
end_time = 1682650988380149
inclusive_time = 40
exclusive_time = 40
process_id = p1
operationName = 
serviceName = nginx
call path = ->_nginx
------------------------------------------------------------------------------------
