span = 0
trace_id = 87cdc8a8ffc7abb6
span_id = 87cdc8a8ffc7abb6
parent_id = None
start_time = 1682628698077000
end_time = 1682628698082168
inclusive_time = 5168
exclusive_time = 913
process_id = p1
operationName = /wrk2-api/review/compose
serviceName = nginx
------------------------------------------------------------------------------------
span = 1
trace_id = 87cdc8a8ffc7abb6
span_id = 5821b391869d0f38
parent_id = 87cdc8a8ffc7abb6
start_time = 1682628698077913
end_time = 1682628698082168
inclusive_time = 4255
exclusive_time = 83
process_id = p1
operationName = /wrk2-api/review/compose
serviceName = nginx
------------------------------------------------------------------------------------
span = 2
trace_id = 87cdc8a8ffc7abb6
span_id = 9a0dcdb6833c5641
parent_id = 5821b391869d0f38
start_time = 1682628698077951
end_time = 1682628698082123
inclusive_time = 4172
exclusive_time = 314
process_id = p1
operationName = ComposeReview
serviceName = nginx
------------------------------------------------------------------------------------
span = 3
trace_id = 87cdc8a8ffc7abb6
span_id = a4ddf15c705a4810
parent_id = 9a0dcdb6833c5641
start_time = 1682628698078243
end_time = 1682628698081996
inclusive_time = 3753
exclusive_time = 413
process_id = p5
operationName = UploadMovieId
serviceName = movie-id-service
------------------------------------------------------------------------------------
span = 4
trace_id = 87cdc8a8ffc7abb6
span_id = 656949dbdaa6aff4
parent_id = a4ddf15c705a4810
start_time = 1682628698078905
end_time = 1682628698081871
inclusive_time = 2966
exclusive_time = 295
process_id = p7
operationName = UploadRating
serviceName = rating-service
------------------------------------------------------------------------------------
span = 5
trace_id = 87cdc8a8ffc7abb6
span_id = cb7c1fb3cedb8f5d
parent_id = 656949dbdaa6aff4
start_time = 1682628698079218
end_time = 1682628698081746
inclusive_time = 2528
exclusive_time = 1206
process_id = p3
operationName = UploadRating
serviceName = compose-review-service
------------------------------------------------------------------------------------
span = 6
trace_id = 87cdc8a8ffc7abb6
span_id = 88d47de43f3b0cea
parent_id = cb7c1fb3cedb8f5d
start_time = 1682628698080312
end_time = 1682628698081601
inclusive_time = 1289
exclusive_time = 29
process_id = p6
operationName = UploadUserReview
serviceName = user-review-service
------------------------------------------------------------------------------------
span = 7
trace_id = 87cdc8a8ffc7abb6
span_id = ac45365e0a37743c
parent_id = 88d47de43f3b0cea
start_time = 1682628698080341
end_time = 1682628698081606
inclusive_time = 1265
exclusive_time = 1265
process_id = p6
operationName = MongoFindUser
serviceName = user-review-service
------------------------------------------------------------------------------------
span = 8
trace_id = 87cdc8a8ffc7abb6
span_id = 2ddf6cc3a920713f
parent_id = a4ddf15c705a4810
start_time = 1682628698078618
end_time = 1682628698078780
inclusive_time = 162
exclusive_time = 162
process_id = p5
operationName = MmcSetMovieId
serviceName = movie-id-service
------------------------------------------------------------------------------------
span = 9
trace_id = 87cdc8a8ffc7abb6
span_id = d0996617295dd156
parent_id = a4ddf15c705a4810
start_time = 1682628698078261
end_time = 1682628698078348
inclusive_time = 87
exclusive_time = 87
process_id = p5
operationName = MmcGetMovieId
serviceName = movie-id-service
------------------------------------------------------------------------------------
