span = 0
span_id = 5af8569797bad43c
parent_id = None
start_time = 1682628697944000
end_time = 1682628697949364
inclusive_time = 5364
exclusive_time = 800
process_id = p8
operationName = /wrk2-api/review/compose
serviceName = nginx
------------------------------------------------------------------------------------
span = 1
span_id = d5893da5d40b0ce9
parent_id = 5af8569797bad43c
start_time = 1682628697944800
end_time = 1682628697949364
inclusive_time = 4564
exclusive_time = 95
process_id = p8
operationName = /wrk2-api/review/compose
serviceName = nginx
------------------------------------------------------------------------------------
span = 2
span_id = a1bc96d98f8e6ef0
parent_id = d5893da5d40b0ce9
start_time = 1682628697944841
end_time = 1682628697949310
inclusive_time = 4469
exclusive_time = 372
process_id = p8
operationName = ComposeReview
serviceName = nginx
------------------------------------------------------------------------------------
span = 3
span_id = 4acd9e3a0eca8854
parent_id = a1bc96d98f8e6ef0
start_time = 1682628697945360
end_time = 1682628697949144
inclusive_time = 3784
exclusive_time = 219
process_id = p10
operationName = UploadUniqueId
serviceName = unique-id-service
------------------------------------------------------------------------------------
span = 4
span_id = 1336240b9b2840c5
parent_id = 4acd9e3a0eca8854
start_time = 1682628697945503
end_time = 1682628697949068
inclusive_time = 3565
exclusive_time = 2072
process_id = p3
operationName = UploadUniqueId
serviceName = compose-review-service
------------------------------------------------------------------------------------
span = 5
span_id = 0877d2fc319a604f
parent_id = 1336240b9b2840c5
start_time = 1682628697947510
end_time = 1682628697948905
inclusive_time = 1395
exclusive_time = 20
process_id = p6
operationName = UploadMovieReview
serviceName = movie-review-service
------------------------------------------------------------------------------------
span = 6
span_id = 2324c235b8e63de9
parent_id = 0877d2fc319a604f
start_time = 1682628697947530
end_time = 1682628697948914
inclusive_time = 1384
exclusive_time = 1384
process_id = p6
operationName = MongoFindMovie
serviceName = movie-review-service
------------------------------------------------------------------------------------
