span 0
span_id = f64a2a703fb0e030
parent_id = None
start_time = 1682628698123000
end_time = 1682628698127857
inclusive_time = 4857
exclusive_time = 259
process_id = p4
operationName = /wrk2-api/review/compose
serviceName = None
------------------------------------------------------------------------------------
span 1
span_id = 6ee05bcbda7c4794
parent_id = f64a2a703fb0e030
start_time = 1682628698123258
end_time = 1682628698127856
inclusive_time = 4598
exclusive_time = 106
process_id = p4
operationName = /wrk2-api/review/compose
serviceName = None
------------------------------------------------------------------------------------
span 2
span_id = 1000c4647e3f7f16
parent_id = 6ee05bcbda7c4794
start_time = 1682628698123306
end_time = 1682628698127798
inclusive_time = 4492
exclusive_time = 360
process_id = p4
operationName = ComposeReview
serviceName = None
------------------------------------------------------------------------------------
span 3
span_id = fca5db12b53fead4
parent_id = 1000c4647e3f7f16
start_time = 1682628698124072
end_time = 1682628698127691
inclusive_time = 3619
exclusive_time = 406
process_id = p1
operationName = UploadMovieId
serviceName = None
------------------------------------------------------------------------------------
span 4
span_id = f8bba48594d663ab
parent_id = fca5db12b53fead4
start_time = 1682628698124547
end_time = 1682628698127555
inclusive_time = 3008
exclusive_time = 266
process_id = p3
operationName = UploadRating
serviceName = None
------------------------------------------------------------------------------------
span 5
span_id = 606dfc958c1f8903
parent_id = f8bba48594d663ab
start_time = 1682628698124791
end_time = 1682628698127446
inclusive_time = 2655
exclusive_time = 1020
process_id = p5
operationName = UploadRating
serviceName = None
------------------------------------------------------------------------------------
span 6
span_id = a2f8043f6b9188fb
parent_id = 606dfc958c1f8903
start_time = 1682628698125950
end_time = 1682628698127282
inclusive_time = 1332
exclusive_time = 29
process_id = p6
operationName = UploadMovieReview
serviceName = None
------------------------------------------------------------------------------------
span 7
span_id = 30957bf5f69e08b3
parent_id = a2f8043f6b9188fb
start_time = 1682628698125979
end_time = 1682628698127287
inclusive_time = 1308
exclusive_time = 1308
process_id = p6
operationName = MongoFindMovie
serviceName = None
------------------------------------------------------------------------------------
span 8
span_id = 2fe2e0a433da1c0e
parent_id = fca5db12b53fead4
start_time = 1682628698124413
end_time = 1682628698124495
inclusive_time = 82
exclusive_time = 82
process_id = p1
operationName = MmcSetMovieId
serviceName = None
------------------------------------------------------------------------------------
span 9
span_id = 253d472d24fcef8d
parent_id = fca5db12b53fead4
start_time = 1682628698124090
end_time = 1682628698124196
inclusive_time = 106
exclusive_time = 106
process_id = p1
operationName = MmcGetMovieId
serviceName = None
------------------------------------------------------------------------------------
