span = 0
span_id = f253b34ff004b527
parent_id = None
start_time = 1682628698083000
end_time = 1682628698087524
inclusive_time = 4524
exclusive_time = 657
process_id = p7
operationName = /wrk2-api/review/compose
serviceName = nginx
------------------------------------------------------------------------------------
span = 1
span_id = 11b88293cd9eb6ab
parent_id = f253b34ff004b527
start_time = 1682628698083657
end_time = 1682628698087524
inclusive_time = 3867
exclusive_time = 101
process_id = p7
operationName = /wrk2-api/review/compose
serviceName = nginx
------------------------------------------------------------------------------------
span = 2
span_id = 2a5d5f10c22af313
parent_id = 11b88293cd9eb6ab
start_time = 1682628698083696
end_time = 1682628698087462
inclusive_time = 3766
exclusive_time = 271
process_id = p7
operationName = ComposeReview
serviceName = nginx
------------------------------------------------------------------------------------
span = 3
span_id = fdea45d2d064fe35
parent_id = 2a5d5f10c22af313
start_time = 1682628698084003
end_time = 1682628698087380
inclusive_time = 3377
exclusive_time = 411
process_id = p4
operationName = UploadMovieId
serviceName = movie-id-service
------------------------------------------------------------------------------------
span = 4
span_id = 6d020e05acabe409
parent_id = fdea45d2d064fe35
start_time = 1682628698084501
end_time = 1682628698087265
inclusive_time = 2764
exclusive_time = 251
process_id = p6
operationName = UploadRating
serviceName = rating-service
------------------------------------------------------------------------------------
span = 5
span_id = d250c2b7da094b6c
parent_id = 6d020e05acabe409
start_time = 1682628698084673
end_time = 1682628698087144
inclusive_time = 2471
exclusive_time = 1189
process_id = p2
operationName = UploadRating
serviceName = compose-review-service
------------------------------------------------------------------------------------
span = 6
span_id = f488abb89cd29cb5
parent_id = d250c2b7da094b6c
start_time = 1682628698085881
end_time = 1682628698087028
inclusive_time = 1147
exclusive_time = 28
process_id = p1
operationName = UploadMovieReview
serviceName = movie-review-service
------------------------------------------------------------------------------------
span = 7
span_id = 1a485ad46225b742
parent_id = f488abb89cd29cb5
start_time = 1682628698085909
end_time = 1682628698087033
inclusive_time = 1124
exclusive_time = 1124
process_id = p1
operationName = MongoFindMovie
serviceName = movie-review-service
------------------------------------------------------------------------------------
span = 8
span_id = 63e85acb87a4431f
parent_id = fdea45d2d064fe35
start_time = 1682628698084305
end_time = 1682628698084413
inclusive_time = 108
exclusive_time = 108
process_id = p4
operationName = MmcSetMovieId
serviceName = movie-id-service
------------------------------------------------------------------------------------
span = 9
span_id = e1427da259fe5114
parent_id = fdea45d2d064fe35
start_time = 1682628698084022
end_time = 1682628698084116
inclusive_time = 94
exclusive_time = 94
process_id = p4
operationName = MmcGetMovieId
serviceName = movie-id-service
------------------------------------------------------------------------------------
