span 0
span_id = 7d18cbe3d6fc7a47
parent_id = None
start_time = 1682628698291000
end_time = 1682628698295968
inclusive_time = 4968
exclusive_time = 450
process_id = p1
operationName = /wrk2-api/review/compose
serviceName = None
------------------------------------------------------------------------------------
span 1
span_id = aef5191b852b9a90
parent_id = 7d18cbe3d6fc7a47
start_time = 1682628698291450
end_time = 1682628698295968
inclusive_time = 4518
exclusive_time = 103
process_id = p1
operationName = /wrk2-api/review/compose
serviceName = None
------------------------------------------------------------------------------------
span 2
span_id = 5d14492c027d6161
parent_id = aef5191b852b9a90
start_time = 1682628698291494
end_time = 1682628698295909
inclusive_time = 4415
exclusive_time = 348
process_id = p1
operationName = ComposeReview
serviceName = None
------------------------------------------------------------------------------------
span 3
span_id = b35b5df7f09f7780
parent_id = 5d14492c027d6161
start_time = 1682628698291797
end_time = 1682628698295760
inclusive_time = 3963
exclusive_time = 301
process_id = p4
operationName = UploadMovieId
serviceName = None
------------------------------------------------------------------------------------
span 4
span_id = 15c778f08b25ba4e
parent_id = b35b5df7f09f7780
start_time = 1682628698292349
end_time = 1682628698295632
inclusive_time = 3283
exclusive_time = 223
process_id = p10
operationName = UploadRating
serviceName = None
------------------------------------------------------------------------------------
span 5
span_id = f641edc27f96f8e7
parent_id = 15c778f08b25ba4e
start_time = 1682628698292569
end_time = 1682628698295525
inclusive_time = 2956
exclusive_time = 1424
process_id = p3
operationName = UploadRating
serviceName = None
------------------------------------------------------------------------------------
span 6
span_id = 0411004c4023a22b
parent_id = f641edc27f96f8e7
start_time = 1682628698293888
end_time = 1682628698295315
inclusive_time = 1427
exclusive_time = 20
process_id = p7
operationName = UploadMovieReview
serviceName = None
------------------------------------------------------------------------------------
span 7
span_id = 262ab504e34ad0ec
parent_id = 0411004c4023a22b
start_time = 1682628698293908
end_time = 1682628698295321
inclusive_time = 1413
exclusive_time = 1413
process_id = p7
operationName = MongoFindMovie
serviceName = None
------------------------------------------------------------------------------------
span 8
span_id = 37350a3f260f8dd7
parent_id = b35b5df7f09f7780
start_time = 1682628698292071
end_time = 1682628698292334
inclusive_time = 263
exclusive_time = 263
process_id = p4
operationName = MmcSetMovieId
serviceName = None
------------------------------------------------------------------------------------
span 9
span_id = 1209cc01be269a4b
parent_id = b35b5df7f09f7780
start_time = 1682628698291813
end_time = 1682628698291914
inclusive_time = 101
exclusive_time = 101
process_id = p4
operationName = MmcGetMovieId
serviceName = None
------------------------------------------------------------------------------------
