span = 0
trace_id = d9a4db172e994bfe
span_id = d9a4db172e994bfe
parent_id = None
start_time = 1682650269302000
end_time = 1682650269303371
inclusive_time = 1371
exclusive_time = 1111
process_id = p1
operationName = 
serviceName = nginx
call path = 
------------------------------------------------------------------------------------
span = 1
trace_id = d9a4db172e994bfe
span_id = 550a173c2718631f
parent_id = d9a4db172e994bfe
start_time = 1682650269303152
end_time = 1682650269303370
inclusive_time = 218
exclusive_time = 218
process_id = p1
operationName = 
serviceName = nginx
call path = ->_nginx
------------------------------------------------------------------------------------
span = 2
trace_id = d9a4db172e994bfe
span_id = 6842083c4a3368d2
parent_id = d9a4db172e994bfe
start_time = 1682650269303043
end_time = 1682650269303085
inclusive_time = 42
exclusive_time = 42
process_id = p1
operationName = 
serviceName = nginx
call path = ->_nginx
------------------------------------------------------------------------------------
