span 0
span_id = 46765422637c8c5d
parent_id = None
start_time = 1682628698324000
end_time = 1682628698328986
inclusive_time = 4986
exclusive_time = 1041
process_id = p10
operationName = /wrk2-api/review/compose
serviceName = None
------------------------------------------------------------------------------------
span 1
span_id = 333251dc2827438c
parent_id = 46765422637c8c5d
start_time = 1682628698325040
end_time = 1682628698328985
inclusive_time = 3945
exclusive_time = 91
process_id = p10
operationName = /wrk2-api/review/compose
serviceName = None
------------------------------------------------------------------------------------
span 2
span_id = fb5624602290dbd8
parent_id = 333251dc2827438c
start_time = 1682628698325087
end_time = 1682628698328941
inclusive_time = 3854
exclusive_time = 326
process_id = p10
operationName = ComposeReview
serviceName = None
------------------------------------------------------------------------------------
span 3
span_id = c6e4f6d3b92b1508
parent_id = fb5624602290dbd8
start_time = 1682628698325419
end_time = 1682628698328813
inclusive_time = 3394
exclusive_time = 495
process_id = p1
operationName = UploadMovieId
serviceName = None
------------------------------------------------------------------------------------
span 4
span_id = 25bc775aa23cca5e
parent_id = c6e4f6d3b92b1508
start_time = 1682628698326032
end_time = 1682628698328705
inclusive_time = 2673
exclusive_time = 347
process_id = p9
operationName = UploadRating
serviceName = None
------------------------------------------------------------------------------------
span 5
span_id = 773944ab0ef2fff9
parent_id = 25bc775aa23cca5e
start_time = 1682628698326288
end_time = 1682628698328563
inclusive_time = 2275
exclusive_time = 1053
process_id = p2
operationName = UploadRating
serviceName = None
------------------------------------------------------------------------------------
span 6
span_id = e61fbd703c24c292
parent_id = 773944ab0ef2fff9
start_time = 1682628698327280
end_time = 1682628698328459
inclusive_time = 1179
exclusive_time = 22
process_id = p5
operationName = UploadMovieReview
serviceName = None
------------------------------------------------------------------------------------
span 7
span_id = 06987011349dcb5a
parent_id = e61fbd703c24c292
start_time = 1682628698327302
end_time = 1682628698328461
inclusive_time = 1159
exclusive_time = 1159
process_id = p5
operationName = MongoFindMovie
serviceName = None
------------------------------------------------------------------------------------
span 8
span_id = b60a6c1e3faf6f6d
parent_id = c6e4f6d3b92b1508
start_time = 1682628698325738
end_time = 1682628698325857
inclusive_time = 119
exclusive_time = 119
process_id = p1
operationName = MmcSetMovieId
serviceName = None
------------------------------------------------------------------------------------
span 9
span_id = 0dab4d280ff791c9
parent_id = c6e4f6d3b92b1508
start_time = 1682628698325444
end_time = 1682628698325551
inclusive_time = 107
exclusive_time = 107
process_id = p1
operationName = MmcGetMovieId
serviceName = None
------------------------------------------------------------------------------------
