span = 0
trace_id = b92083ff54a77ef9
span_id = b92083ff54a77ef9
parent_id = None
start_time = 1682628698198000
end_time = 1682628698203641
inclusive_time = 5641
exclusive_time = 891
process_id = p7
operationName = /wrk2-api/review/compose
serviceName = nginx
call path = 
------------------------------------------------------------------------------------
span = 1
trace_id = b92083ff54a77ef9
span_id = bc7be201b5909d84
parent_id = b92083ff54a77ef9
start_time = 1682628698198890
end_time = 1682628698203640
inclusive_time = 4750
exclusive_time = 100
process_id = p7
operationName = /wrk2-api/review/compose
serviceName = nginx
call path = ->/wrk2-api/review/compose_nginx
------------------------------------------------------------------------------------
span = 2
trace_id = b92083ff54a77ef9
span_id = e37e077436e4be0c
parent_id = bc7be201b5909d84
start_time = 1682628698198935
end_time = 1682628698203585
inclusive_time = 4650
exclusive_time = 732
process_id = p7
operationName = ComposeReview
serviceName = nginx
call path = ->/wrk2-api/review/compose_nginx->/wrk2-api/review/compose_nginx
------------------------------------------------------------------------------------
span = 3
trace_id = b92083ff54a77ef9
span_id = 4e35aa7ca78e1ce1
parent_id = e37e077436e4be0c
start_time = 1682628698199429
end_time = 1682628698203031
inclusive_time = 3602
exclusive_time = 259
process_id = p8
operationName = UploadUniqueId
serviceName = unique-id-service
call path = ->/wrk2-api/review/compose_nginx->/wrk2-api/review/compose_nginx->ComposeReview_nginx
------------------------------------------------------------------------------------
span = 4
trace_id = b92083ff54a77ef9
span_id = 41aac0c568801750
parent_id = 4e35aa7ca78e1ce1
start_time = 1682628698199624
end_time = 1682628698202967
inclusive_time = 3343
exclusive_time = 1973
process_id = p3
operationName = UploadUniqueId
serviceName = compose-review-service
call path = ->/wrk2-api/review/compose_nginx->/wrk2-api/review/compose_nginx->ComposeReview_nginx->UploadUniqueId_unique-id-service
------------------------------------------------------------------------------------
span = 5
trace_id = b92083ff54a77ef9
span_id = 60a413671d54ff9d
parent_id = 41aac0c568801750
start_time = 1682628698201514
end_time = 1682628698202779
inclusive_time = 1265
exclusive_time = 26
process_id = p2
operationName = UploadUserReview
serviceName = user-review-service
call path = ->/wrk2-api/review/compose_nginx->/wrk2-api/review/compose_nginx->ComposeReview_nginx->UploadUniqueId_unique-id-service->UploadUniqueId_compose-review-service
------------------------------------------------------------------------------------
span = 6
trace_id = b92083ff54a77ef9
span_id = f0ebb60aa94b1b9c
parent_id = 60a413671d54ff9d
start_time = 1682628698201540
end_time = 1682628698202783
inclusive_time = 1243
exclusive_time = 1243
process_id = p2
operationName = MongoFindUser
serviceName = user-review-service
call path = ->/wrk2-api/review/compose_nginx->/wrk2-api/review/compose_nginx->ComposeReview_nginx->UploadUniqueId_unique-id-service->UploadUniqueId_compose-review-service->UploadUserReview_user-review-service
------------------------------------------------------------------------------------
