span = 0
trace_id = ea6c87c6d871a9ce
span_id = ea6c87c6d871a9ce
parent_id = None
start_time = 1682628698282000
end_time = 1682628698287001
inclusive_time = 5001
exclusive_time = 83
process_id = p2
operationName = /wrk2-api/review/compose
serviceName = nginx
------------------------------------------------------------------------------------
span = 1
trace_id = ea6c87c6d871a9ce
span_id = da010461aedbf5b2
parent_id = ea6c87c6d871a9ce
start_time = 1682628698282083
end_time = 1682628698287001
inclusive_time = 4918
exclusive_time = 98
process_id = p2
operationName = /wrk2-api/review/compose
serviceName = nginx
------------------------------------------------------------------------------------
span = 2
trace_id = ea6c87c6d871a9ce
span_id = cb0f464e3223508d
parent_id = da010461aedbf5b2
start_time = 1682628698282135
end_time = 1682628698286955
inclusive_time = 4820
exclusive_time = 524
process_id = p2
operationName = ComposeReview
serviceName = nginx
------------------------------------------------------------------------------------
span = 3
trace_id = ea6c87c6d871a9ce
span_id = 76af1aa459277302
parent_id = cb0f464e3223508d
start_time = 1682628698282439
end_time = 1682628698286629
inclusive_time = 4190
exclusive_time = 635
process_id = p5
operationName = UploadMovieId
serviceName = movie-id-service
------------------------------------------------------------------------------------
span = 4
trace_id = ea6c87c6d871a9ce
span_id = d472cfcadef10ff1
parent_id = 76af1aa459277302
start_time = 1682628698282895
end_time = 1682628698286286
inclusive_time = 3391
exclusive_time = 260
process_id = p10
operationName = UploadRating
serviceName = rating-service
------------------------------------------------------------------------------------
span = 5
trace_id = ea6c87c6d871a9ce
span_id = 265cf6e688b7f3d9
parent_id = d472cfcadef10ff1
start_time = 1682628698283057
end_time = 1682628698286142
inclusive_time = 3085
exclusive_time = 1608
process_id = p4
operationName = UploadRating
serviceName = compose-review-service
------------------------------------------------------------------------------------
span = 6
trace_id = ea6c87c6d871a9ce
span_id = 58530f64abd67338
parent_id = 265cf6e688b7f3d9
start_time = 1682628698284538
end_time = 1682628698286015
inclusive_time = 1477
exclusive_time = 28
process_id = p3
operationName = UploadUserReview
serviceName = user-review-service
------------------------------------------------------------------------------------
span = 7
trace_id = ea6c87c6d871a9ce
span_id = 8fd9c03398a07eb0
parent_id = 58530f64abd67338
start_time = 1682628698284566
end_time = 1682628698286020
inclusive_time = 1454
exclusive_time = 1454
process_id = p3
operationName = MongoFindUser
serviceName = user-review-service
------------------------------------------------------------------------------------
span = 8
trace_id = ea6c87c6d871a9ce
span_id = 6c7d414ac536a996
parent_id = 76af1aa459277302
start_time = 1682628698282452
end_time = 1682628698282549
inclusive_time = 97
exclusive_time = 97
process_id = p5
operationName = MmcGetMovieId
serviceName = movie-id-service
------------------------------------------------------------------------------------
