span = 0
span_id = e5debaf5f300550e
parent_id = None
start_time = 1682628697953000
end_time = 1682628697958208
inclusive_time = 5208
exclusive_time = 548
process_id = p8
operationName = /wrk2-api/review/compose
serviceName = nginx
------------------------------------------------------------------------------------
span = 1
span_id = e3b595451040b087
parent_id = e5debaf5f300550e
start_time = 1682628697953547
end_time = 1682628697958207
inclusive_time = 4660
exclusive_time = 82
process_id = p8
operationName = /wrk2-api/review/compose
serviceName = nginx
------------------------------------------------------------------------------------
span = 2
span_id = 309567ae575d9288
parent_id = e3b595451040b087
start_time = 1682628697953579
end_time = 1682628697958157
inclusive_time = 4578
exclusive_time = 256
process_id = p8
operationName = ComposeReview
serviceName = nginx
------------------------------------------------------------------------------------
span = 3
span_id = 1f1e8d094aec705e
parent_id = 309567ae575d9288
start_time = 1682628697954788
end_time = 1682628697958083
inclusive_time = 3295
exclusive_time = 389
process_id = p7
operationName = UploadMovieId
serviceName = movie-id-service
------------------------------------------------------------------------------------
span = 4
span_id = 9c1d3887340c5192
parent_id = 1f1e8d094aec705e
start_time = 1682628697955260
end_time = 1682628697957933
inclusive_time = 2673
exclusive_time = 258
process_id = p4
operationName = UploadRating
serviceName = rating-service
------------------------------------------------------------------------------------
span = 5
span_id = 1594cd9dd81eabb4
parent_id = 9c1d3887340c5192
start_time = 1682628697955493
end_time = 1682628697957806
inclusive_time = 2313
exclusive_time = 888
process_id = p3
operationName = UploadRating
serviceName = compose-review-service
------------------------------------------------------------------------------------
span = 6
span_id = e7be4613f2f73628
parent_id = 1594cd9dd81eabb4
start_time = 1682628697956420
end_time = 1682628697957678
inclusive_time = 1258
exclusive_time = 22
process_id = p6
operationName = UploadMovieReview
serviceName = movie-review-service
------------------------------------------------------------------------------------
span = 7
span_id = 51ae75b1144b70c3
parent_id = e7be4613f2f73628
start_time = 1682628697956442
end_time = 1682628697957682
inclusive_time = 1240
exclusive_time = 1240
process_id = p6
operationName = MongoFindMovie
serviceName = movie-review-service
------------------------------------------------------------------------------------
span = 8
span_id = 5ad0107c437baa70
parent_id = 1f1e8d094aec705e
start_time = 1682628697955113
end_time = 1682628697955202
inclusive_time = 89
exclusive_time = 89
process_id = p7
operationName = MmcSetMovieId
serviceName = movie-id-service
------------------------------------------------------------------------------------
span = 9
span_id = abb90a7cb20c1fdf
parent_id = 1f1e8d094aec705e
start_time = 1682628697954801
end_time = 1682628697954887
inclusive_time = 86
exclusive_time = 86
process_id = p7
operationName = MmcGetMovieId
serviceName = movie-id-service
------------------------------------------------------------------------------------
span = 10
span_id = 1907dc6d04255972
parent_id = 309567ae575d9288
start_time = 1682628697954010
end_time = 1682628697954613
inclusive_time = 603
exclusive_time = 170
process_id = p5
operationName = UploadText
serviceName = text-service
------------------------------------------------------------------------------------
span = 11
span_id = 311d01697f75caea
parent_id = 1907dc6d04255972
start_time = 1682628697954115
end_time = 1682628697954548
inclusive_time = 433
exclusive_time = 433
process_id = p3
operationName = UploadText
serviceName = compose-review-service
------------------------------------------------------------------------------------
