span = 0
span_id = f063103728223e6b
parent_id = None
start_time = 1682628698027000
end_time = 1682628698032993
inclusive_time = 5993
exclusive_time = 483
process_id = p5
operationName = /wrk2-api/review/compose
serviceName = nginx
------------------------------------------------------------------------------------
span = 1
span_id = b61919c0bdf4d025
parent_id = f063103728223e6b
start_time = 1682628698027483
end_time = 1682628698032993
inclusive_time = 5510
exclusive_time = 90
process_id = p5
operationName = /wrk2-api/review/compose
serviceName = nginx
------------------------------------------------------------------------------------
span = 2
span_id = 48be2ecceac2db99
parent_id = b61919c0bdf4d025
start_time = 1682628698027517
end_time = 1682628698032937
inclusive_time = 5420
exclusive_time = 253
process_id = p5
operationName = ComposeReview
serviceName = nginx
------------------------------------------------------------------------------------
span = 3
span_id = 973bb7bb78c72598
parent_id = 48be2ecceac2db99
start_time = 1682628698027760
end_time = 1682628698032841
inclusive_time = 5081
exclusive_time = 393
process_id = p8
operationName = UploadMovieId
serviceName = movie-id-service
------------------------------------------------------------------------------------
span = 4
span_id = 53e4ed74d6b3bf71
parent_id = 973bb7bb78c72598
start_time = 1682628698028194
end_time = 1682628698032712
inclusive_time = 4518
exclusive_time = 272
process_id = p9
operationName = UploadRating
serviceName = rating-service
------------------------------------------------------------------------------------
span = 5
span_id = 9ee7c111426e32e8
parent_id = 53e4ed74d6b3bf71
start_time = 1682628698028399
end_time = 1682628698032550
inclusive_time = 4151
exclusive_time = 2204
process_id = p2
operationName = UploadRating
serviceName = compose-review-service
------------------------------------------------------------------------------------
span = 6
span_id = 63ac9037e442559d
parent_id = 9ee7c111426e32e8
start_time = 1682628698029785
end_time = 1682628698031709
inclusive_time = 1924
exclusive_time = 19
process_id = p3
operationName = UploadUserReview
serviceName = user-review-service
------------------------------------------------------------------------------------
span = 7
span_id = 445b62fb5c9e6f2f
parent_id = 63ac9037e442559d
start_time = 1682628698029804
end_time = 1682628698031719
inclusive_time = 1915
exclusive_time = 1915
process_id = p3
operationName = MongoFindUser
serviceName = user-review-service
------------------------------------------------------------------------------------
span = 8
span_id = ed6bd146aae43449
parent_id = 973bb7bb78c72598
start_time = 1682628698027791
end_time = 1682628698027895
inclusive_time = 104
exclusive_time = 104
process_id = p8
operationName = MmcGetMovieId
serviceName = movie-id-service
------------------------------------------------------------------------------------
