span = 0
trace_id = bcbe287102a0d57c
span_id = bcbe287102a0d57c
parent_id = None
start_time = 1682628698270000
end_time = 1682628698274354
inclusive_time = 4354
exclusive_time = 550
process_id = p3
operationName = /wrk2-api/review/compose
serviceName = nginx
------------------------------------------------------------------------------------
span = 1
trace_id = bcbe287102a0d57c
span_id = 1e587641511e6df1
parent_id = bcbe287102a0d57c
start_time = 1682628698270550
end_time = 1682628698274354
inclusive_time = 3804
exclusive_time = 84
process_id = p3
operationName = /wrk2-api/review/compose
serviceName = nginx
------------------------------------------------------------------------------------
span = 2
trace_id = bcbe287102a0d57c
span_id = 8e410ea0d9a5d470
parent_id = 1e587641511e6df1
start_time = 1682628698270583
end_time = 1682628698274303
inclusive_time = 3720
exclusive_time = 328
process_id = p3
operationName = ComposeReview
serviceName = nginx
------------------------------------------------------------------------------------
span = 3
trace_id = bcbe287102a0d57c
span_id = a203021840ae4cf9
parent_id = 8e410ea0d9a5d470
start_time = 1682628698270915
end_time = 1682628698274229
inclusive_time = 3314
exclusive_time = 432
process_id = p6
operationName = UploadMovieId
serviceName = movie-id-service
------------------------------------------------------------------------------------
span = 4
trace_id = bcbe287102a0d57c
span_id = 443f1d3e0e2a3656
parent_id = a203021840ae4cf9
start_time = 1682628698271418
end_time = 1682628698274018
inclusive_time = 2600
exclusive_time = 293
process_id = p10
operationName = UploadRating
serviceName = rating-service
------------------------------------------------------------------------------------
span = 5
trace_id = bcbe287102a0d57c
span_id = a20cf169bf40e99f
parent_id = 443f1d3e0e2a3656
start_time = 1682628698271600
end_time = 1682628698273907
inclusive_time = 2307
exclusive_time = 924
process_id = p5
operationName = UploadRating
serviceName = compose-review-service
------------------------------------------------------------------------------------
span = 6
trace_id = bcbe287102a0d57c
span_id = 0e1afce4faf57d95
parent_id = a20cf169bf40e99f
start_time = 1682628698272476
end_time = 1682628698273675
inclusive_time = 1199
exclusive_time = 28
process_id = p1
operationName = UploadMovieReview
serviceName = movie-review-service
------------------------------------------------------------------------------------
span = 7
trace_id = bcbe287102a0d57c
span_id = 50fda0655985e00d
parent_id = 0e1afce4faf57d95
start_time = 1682628698272504
end_time = 1682628698273681
inclusive_time = 1177
exclusive_time = 1177
process_id = p1
operationName = MongoFindMovie
serviceName = movie-review-service
------------------------------------------------------------------------------------
span = 8
trace_id = bcbe287102a0d57c
span_id = 6764c01e1aabbf73
parent_id = a203021840ae4cf9
start_time = 1682628698271216
end_time = 1682628698271402
inclusive_time = 186
exclusive_time = 186
process_id = p6
operationName = MmcSetMovieId
serviceName = movie-id-service
------------------------------------------------------------------------------------
span = 9
trace_id = bcbe287102a0d57c
span_id = 8954b26bee4f45bf
parent_id = a203021840ae4cf9
start_time = 1682628698270926
end_time = 1682628698271022
inclusive_time = 96
exclusive_time = 96
process_id = p6
operationName = MmcGetMovieId
serviceName = movie-id-service
------------------------------------------------------------------------------------
