span = 0
span_id = dda706f123af4682
parent_id = None
start_time = 1682628698199000
end_time = 1682628698203775
inclusive_time = 4775
exclusive_time = 670
process_id = p7
operationName = /wrk2-api/review/compose
serviceName = nginx
------------------------------------------------------------------------------------
span = 1
span_id = f23ee014c2380175
parent_id = dda706f123af4682
start_time = 1682628698199670
end_time = 1682628698203775
inclusive_time = 4105
exclusive_time = 95
process_id = p7
operationName = /wrk2-api/review/compose
serviceName = nginx
------------------------------------------------------------------------------------
span = 2
span_id = cc73fb297e2d7150
parent_id = f23ee014c2380175
start_time = 1682628698199712
end_time = 1682628698203722
inclusive_time = 4010
exclusive_time = 647
process_id = p7
operationName = ComposeReview
serviceName = nginx
------------------------------------------------------------------------------------
span = 3
span_id = 2d066d8798e37b77
parent_id = cc73fb297e2d7150
start_time = 1682628698199988
end_time = 1682628698203247
inclusive_time = 3259
exclusive_time = 337
process_id = p4
operationName = UploadMovieId
serviceName = movie-id-service
------------------------------------------------------------------------------------
span = 4
span_id = 3bd08154d86dcd1d
parent_id = 2d066d8798e37b77
start_time = 1682628698200527
end_time = 1682628698203146
inclusive_time = 2619
exclusive_time = 202
process_id = p10
operationName = UploadRating
serviceName = rating-service
------------------------------------------------------------------------------------
span = 5
span_id = 8486d38327bf3f64
parent_id = 3bd08154d86dcd1d
start_time = 1682628698200706
end_time = 1682628698203036
inclusive_time = 2330
exclusive_time = 1008
process_id = p3
operationName = UploadRating
serviceName = compose-review-service
------------------------------------------------------------------------------------
span = 6
span_id = c9ce1374915a1fd0
parent_id = 8486d38327bf3f64
start_time = 1682628698201550
end_time = 1682628698202852
inclusive_time = 1302
exclusive_time = 25
process_id = p2
operationName = UploadUserReview
serviceName = user-review-service
------------------------------------------------------------------------------------
span = 7
span_id = 32432d1466f61078
parent_id = c9ce1374915a1fd0
start_time = 1682628698201575
end_time = 1682628698202863
inclusive_time = 1288
exclusive_time = 1288
process_id = p2
operationName = MongoFindUser
serviceName = user-review-service
------------------------------------------------------------------------------------
span = 8
span_id = e9e1707f87d7c53e
parent_id = 2d066d8798e37b77
start_time = 1682628698200306
end_time = 1682628698200401
inclusive_time = 95
exclusive_time = 95
process_id = p4
operationName = MmcSetMovieId
serviceName = movie-id-service
------------------------------------------------------------------------------------
span = 9
span_id = b20b6d3c57fc0369
parent_id = 2d066d8798e37b77
start_time = 1682628698200005
end_time = 1682628698200163
inclusive_time = 158
exclusive_time = 158
process_id = p4
operationName = MmcGetMovieId
serviceName = movie-id-service
------------------------------------------------------------------------------------
