span = 0
trace_id = 95e4a5c2a98f5f43
span_id = 95e4a5c2a98f5f43
parent_id = None
start_time = 1682628697873000
end_time = 1682628697878301
inclusive_time = 5301
exclusive_time = 297
process_id = p4
operationName = /wrk2-api/review/compose
serviceName = nginx
call path = 
------------------------------------------------------------------------------------
span = 1
trace_id = 95e4a5c2a98f5f43
span_id = a9d293247b514cde
parent_id = 95e4a5c2a98f5f43
start_time = 1682628697873297
end_time = 1682628697878301
inclusive_time = 5004
exclusive_time = 105
process_id = p4
operationName = /wrk2-api/review/compose
serviceName = nginx
call path = ->/wrk2-api/review/compose_nginx
------------------------------------------------------------------------------------
span = 2
trace_id = 95e4a5c2a98f5f43
span_id = 11b82717a89c8df8
parent_id = a9d293247b514cde
start_time = 1682628697873338
end_time = 1682628697878237
inclusive_time = 4899
exclusive_time = 304
process_id = p4
operationName = ComposeReview
serviceName = nginx
call path = ->/wrk2-api/review/compose_nginx->/wrk2-api/review/compose_nginx
------------------------------------------------------------------------------------
span = 3
trace_id = 95e4a5c2a98f5f43
span_id = 95386c2e5e2acbfd
parent_id = 11b82717a89c8df8
start_time = 1682628697873921
end_time = 1682628697878145
inclusive_time = 4224
exclusive_time = 379
process_id = p3
operationName = UploadMovieId
serviceName = movie-id-service
call path = ->/wrk2-api/review/compose_nginx->/wrk2-api/review/compose_nginx->ComposeReview_nginx
------------------------------------------------------------------------------------
span = 4
trace_id = 95e4a5c2a98f5f43
span_id = 926cfa69367adafc
parent_id = 95386c2e5e2acbfd
start_time = 1682628697874438
end_time = 1682628697878039
inclusive_time = 3601
exclusive_time = 222
process_id = p7
operationName = UploadRating
serviceName = rating-service
call path = ->/wrk2-api/review/compose_nginx->/wrk2-api/review/compose_nginx->ComposeReview_nginx->UploadMovieId_movie-id-service
------------------------------------------------------------------------------------
span = 5
trace_id = 95e4a5c2a98f5f43
span_id = 61aedb84dd15afec
parent_id = 926cfa69367adafc
start_time = 1682628697874587
end_time = 1682628697877936
inclusive_time = 3349
exclusive_time = 2192
process_id = p2
operationName = UploadRating
serviceName = compose-review-service
call path = ->/wrk2-api/review/compose_nginx->/wrk2-api/review/compose_nginx->ComposeReview_nginx->UploadMovieId_movie-id-service->UploadRating_rating-service
------------------------------------------------------------------------------------
span = 6
trace_id = 95e4a5c2a98f5f43
span_id = 8946f9b69ab1ea21
parent_id = 61aedb84dd15afec
start_time = 1682628697876642
end_time = 1682628697877799
inclusive_time = 1157
exclusive_time = 17
process_id = p5
operationName = UploadMovieReview
serviceName = movie-review-service
call path = ->/wrk2-api/review/compose_nginx->/wrk2-api/review/compose_nginx->ComposeReview_nginx->UploadMovieId_movie-id-service->UploadRating_rating-service->UploadRating_compose-review-service
------------------------------------------------------------------------------------
span = 7
trace_id = 95e4a5c2a98f5f43
span_id = 2f4e998e6b25e687
parent_id = 8946f9b69ab1ea21
start_time = 1682628697876659
end_time = 1682628697877804
inclusive_time = 1145
exclusive_time = 1145
process_id = p5
operationName = MongoFindMovie
serviceName = movie-review-service
call path = ->/wrk2-api/review/compose_nginx->/wrk2-api/review/compose_nginx->ComposeReview_nginx->UploadMovieId_movie-id-service->UploadRating_rating-service->UploadRating_compose-review-service->UploadMovieReview_movie-review-service
------------------------------------------------------------------------------------
span = 8
trace_id = 95e4a5c2a98f5f43
span_id = ffee170b76b8941e
parent_id = 95386c2e5e2acbfd
start_time = 1682628697873932
end_time = 1682628697874035
inclusive_time = 103
exclusive_time = 103
process_id = p3
operationName = MmcGetMovieId
serviceName = movie-id-service
call path = ->/wrk2-api/review/compose_nginx->/wrk2-api/review/compose_nginx->ComposeReview_nginx->UploadMovieId_movie-id-service
------------------------------------------------------------------------------------
