span = 0
span_id = bbabc26f3f93408e
parent_id = None
start_time = 1682628698326000
end_time = 1682628698330307
inclusive_time = 4307
exclusive_time = 298
process_id = p10
operationName = /wrk2-api/review/compose
serviceName = nginx
------------------------------------------------------------------------------------
span = 1
span_id = e2891602d691027a
parent_id = bbabc26f3f93408e
start_time = 1682628698326298
end_time = 1682628698330307
inclusive_time = 4009
exclusive_time = 153
process_id = p10
operationName = /wrk2-api/review/compose
serviceName = nginx
------------------------------------------------------------------------------------
span = 2
span_id = 97804f6785f4917d
parent_id = e2891602d691027a
start_time = 1682628698326344
end_time = 1682628698330200
inclusive_time = 3856
exclusive_time = 258
process_id = p10
operationName = ComposeReview
serviceName = nginx
------------------------------------------------------------------------------------
span = 3
span_id = 252549026c4c8aaa
parent_id = 97804f6785f4917d
start_time = 1682628698326641
end_time = 1682628698330117
inclusive_time = 3476
exclusive_time = 297
process_id = p1
operationName = UploadMovieId
serviceName = movie-id-service
------------------------------------------------------------------------------------
span = 4
span_id = 0045d1b9c82d5136
parent_id = 252549026c4c8aaa
start_time = 1682628698327153
end_time = 1682628698329960
inclusive_time = 2807
exclusive_time = 1546
process_id = p2
operationName = UploadMovieId
serviceName = compose-review-service
------------------------------------------------------------------------------------
span = 5
span_id = 697e18a14d9c8e7d
parent_id = 0045d1b9c82d5136
start_time = 1682628698328564
end_time = 1682628698329759
inclusive_time = 1195
exclusive_time = 17
process_id = p5
operationName = UploadMovieReview
serviceName = movie-review-service
------------------------------------------------------------------------------------
span = 6
span_id = e27c38dddbad2025
parent_id = 697e18a14d9c8e7d
start_time = 1682628698328581
end_time = 1682628698329766
inclusive_time = 1185
exclusive_time = 1185
process_id = p5
operationName = MongoFindMovie
serviceName = movie-review-service
------------------------------------------------------------------------------------
span = 7
span_id = aaece7d43e58a474
parent_id = 252549026c4c8aaa
start_time = 1682628698326895
end_time = 1682628698327056
inclusive_time = 161
exclusive_time = 161
process_id = p1
operationName = MmcSetMovieId
serviceName = movie-id-service
------------------------------------------------------------------------------------
span = 8
span_id = f1651074170b43f8
parent_id = 252549026c4c8aaa
start_time = 1682628698326652
end_time = 1682628698326766
inclusive_time = 114
exclusive_time = 114
process_id = p1
operationName = MmcGetMovieId
serviceName = movie-id-service
------------------------------------------------------------------------------------
