span 0
span_id = c329a4e95c7dbd3d
parent_id = None
start_time = 1682628698193000
end_time = 1682628698198506
inclusive_time = 5506
exclusive_time = 1080
process_id = p7
operationName = /wrk2-api/review/compose
serviceName = None
------------------------------------------------------------------------------------
span 1
span_id = 71cc469b70d0fdd2
parent_id = c329a4e95c7dbd3d
start_time = 1682628698194080
end_time = 1682628698198506
inclusive_time = 4426
exclusive_time = 82
process_id = p7
operationName = /wrk2-api/review/compose
serviceName = None
------------------------------------------------------------------------------------
span 2
span_id = 92e3dfcaf0b7d686
parent_id = 71cc469b70d0fdd2
start_time = 1682628698194116
end_time = 1682628698198460
inclusive_time = 4344
exclusive_time = 770
process_id = p7
operationName = ComposeReview
serviceName = None
------------------------------------------------------------------------------------
span 3
span_id = b806ae94710ad652
parent_id = 92e3dfcaf0b7d686
start_time = 1682628698194405
end_time = 1682628698197885
inclusive_time = 3480
exclusive_time = 450
process_id = p4
operationName = UploadMovieId
serviceName = None
------------------------------------------------------------------------------------
span 4
span_id = 43fc13881901c79b
parent_id = b806ae94710ad652
start_time = 1682628698194945
end_time = 1682628698197721
inclusive_time = 2776
exclusive_time = 311
process_id = p10
operationName = UploadRating
serviceName = None
------------------------------------------------------------------------------------
span 5
span_id = 996d359da9bbac51
parent_id = 43fc13881901c79b
start_time = 1682628698195129
end_time = 1682628698197569
inclusive_time = 2440
exclusive_time = 1211
process_id = p3
operationName = UploadRating
serviceName = None
------------------------------------------------------------------------------------
span 6
span_id = 5d9d4cc687e42f2e
parent_id = 996d359da9bbac51
start_time = 1682628698196306
end_time = 1682628698197466
inclusive_time = 1160
exclusive_time = 30
process_id = p5
operationName = UploadMovieReview
serviceName = None
------------------------------------------------------------------------------------
span 7
span_id = 07d0a1420f63f2db
parent_id = 5d9d4cc687e42f2e
start_time = 1682628698196336
end_time = 1682628698197470
inclusive_time = 1134
exclusive_time = 1134
process_id = p5
operationName = MongoFindMovie
serviceName = None
------------------------------------------------------------------------------------
span 8
span_id = 1921ef2c00452b0e
parent_id = b806ae94710ad652
start_time = 1682628698194811
end_time = 1682628698194917
inclusive_time = 106
exclusive_time = 106
process_id = p4
operationName = MmcSetMovieId
serviceName = None
------------------------------------------------------------------------------------
span 9
span_id = 85adb3cfbb8daad3
parent_id = b806ae94710ad652
start_time = 1682628698194422
end_time = 1682628698194549
inclusive_time = 127
exclusive_time = 127
process_id = p4
operationName = MmcGetMovieId
serviceName = None
------------------------------------------------------------------------------------
