span = 0
span_id = 70e5affdd844f69a
parent_id = None
start_time = 1682628698107000
end_time = 1682628698112907
inclusive_time = 5907
exclusive_time = 1300
process_id = p6
operationName = /wrk2-api/review/compose
serviceName = nginx
------------------------------------------------------------------------------------
span = 1
span_id = ad27da55efcd270d
parent_id = 70e5affdd844f69a
start_time = 1682628698108299
end_time = 1682628698112906
inclusive_time = 4607
exclusive_time = 173
process_id = p6
operationName = /wrk2-api/review/compose
serviceName = nginx
------------------------------------------------------------------------------------
span = 2
span_id = db2b1d555d126f1b
parent_id = ad27da55efcd270d
start_time = 1682628698108343
end_time = 1682628698112777
inclusive_time = 4434
exclusive_time = 300
process_id = p6
operationName = ComposeReview
serviceName = nginx
------------------------------------------------------------------------------------
span = 3
span_id = 7805ab1488e97399
parent_id = db2b1d555d126f1b
start_time = 1682628698108940
end_time = 1682628698112678
inclusive_time = 3738
exclusive_time = 412
process_id = p3
operationName = UploadMovieId
serviceName = movie-id-service
------------------------------------------------------------------------------------
span = 4
span_id = a929566cd8ed7595
parent_id = 7805ab1488e97399
start_time = 1682628698109403
end_time = 1682628698112502
inclusive_time = 3099
exclusive_time = 247
process_id = p5
operationName = UploadRating
serviceName = rating-service
------------------------------------------------------------------------------------
span = 5
span_id = 69b2ecf077b1c32c
parent_id = a929566cd8ed7595
start_time = 1682628698109621
end_time = 1682628698112341
inclusive_time = 2720
exclusive_time = 1565
process_id = p1
operationName = UploadRating
serviceName = compose-review-service
------------------------------------------------------------------------------------
span = 6
span_id = e6a801b017fab883
parent_id = 69b2ecf077b1c32c
start_time = 1682628698111100
end_time = 1682628698112185
inclusive_time = 1085
exclusive_time = 22
process_id = p7
operationName = UploadMovieReview
serviceName = movie-review-service
------------------------------------------------------------------------------------
span = 7
span_id = 32e03496a1c5a5e2
parent_id = e6a801b017fab883
start_time = 1682628698111122
end_time = 1682628698112188
inclusive_time = 1066
exclusive_time = 1066
process_id = p7
operationName = MongoFindMovie
serviceName = movie-review-service
------------------------------------------------------------------------------------
span = 8
span_id = 43931be801a0ddeb
parent_id = 7805ab1488e97399
start_time = 1682628698109240
end_time = 1682628698109335
inclusive_time = 95
exclusive_time = 95
process_id = p3
operationName = MmcSetMovieId
serviceName = movie-id-service
------------------------------------------------------------------------------------
span = 9
span_id = 542c47f62690acf2
parent_id = 7805ab1488e97399
start_time = 1682628698108958
end_time = 1682628698109073
inclusive_time = 115
exclusive_time = 115
process_id = p3
operationName = MmcGetMovieId
serviceName = movie-id-service
------------------------------------------------------------------------------------
