span = 0
trace_id = 54246c9d41d68619
span_id = 54246c9d41d68619
parent_id = None
start_time = 1682628697902000
end_time = 1682628697906875
inclusive_time = 4875
exclusive_time = 999
process_id = p3
operationName = /wrk2-api/review/compose
serviceName = nginx
------------------------------------------------------------------------------------
span = 1
trace_id = 54246c9d41d68619
span_id = 96c216074cbc7af3
parent_id = 54246c9d41d68619
start_time = 1682628697902998
end_time = 1682628697906874
inclusive_time = 3876
exclusive_time = 97
process_id = p3
operationName = /wrk2-api/review/compose
serviceName = nginx
------------------------------------------------------------------------------------
span = 2
trace_id = 54246c9d41d68619
span_id = 9b71f6ed663e50a7
parent_id = 96c216074cbc7af3
start_time = 1682628697903044
end_time = 1682628697906823
inclusive_time = 3779
exclusive_time = 660
process_id = p3
operationName = ComposeReview
serviceName = nginx
------------------------------------------------------------------------------------
span = 3
trace_id = 54246c9d41d68619
span_id = eab2deb233f9b0e7
parent_id = 9b71f6ed663e50a7
start_time = 1682628697903303
end_time = 1682628697906356
inclusive_time = 3053
exclusive_time = 400
process_id = p2
operationName = UploadMovieId
serviceName = movie-id-service
------------------------------------------------------------------------------------
span = 4
trace_id = 54246c9d41d68619
span_id = 0b1b47eb38c6a273
parent_id = eab2deb233f9b0e7
start_time = 1682628697903816
end_time = 1682628697906260
inclusive_time = 2444
exclusive_time = 314
process_id = p7
operationName = UploadRating
serviceName = rating-service
------------------------------------------------------------------------------------
span = 5
trace_id = 54246c9d41d68619
span_id = b8f718192d6cc596
parent_id = 0b1b47eb38c6a273
start_time = 1682628697904054
end_time = 1682628697906094
inclusive_time = 2040
exclusive_time = 863
process_id = p1
operationName = UploadRating
serviceName = compose-review-service
------------------------------------------------------------------------------------
span = 6
trace_id = 54246c9d41d68619
span_id = 385db6cfea941812
parent_id = b8f718192d6cc596
start_time = 1682628697904849
end_time = 1682628697905979
inclusive_time = 1130
exclusive_time = 22
process_id = p4
operationName = UploadMovieReview
serviceName = movie-review-service
------------------------------------------------------------------------------------
span = 7
trace_id = 54246c9d41d68619
span_id = 0dada7b75092e4cc
parent_id = 385db6cfea941812
start_time = 1682628697904871
end_time = 1682628697905983
inclusive_time = 1112
exclusive_time = 1112
process_id = p4
operationName = MongoFindMovie
serviceName = movie-review-service
------------------------------------------------------------------------------------
span = 8
trace_id = 54246c9d41d68619
span_id = c95a470833bef95a
parent_id = eab2deb233f9b0e7
start_time = 1682628697903696
end_time = 1682628697903791
inclusive_time = 95
exclusive_time = 95
process_id = p2
operationName = MmcSetMovieId
serviceName = movie-id-service
------------------------------------------------------------------------------------
span = 9
trace_id = 54246c9d41d68619
span_id = 739347121d39ee04
parent_id = eab2deb233f9b0e7
start_time = 1682628697903314
end_time = 1682628697903403
inclusive_time = 89
exclusive_time = 89
process_id = p2
operationName = MmcGetMovieId
serviceName = movie-id-service
------------------------------------------------------------------------------------
