span = 0
span_id = 1c335f790e0093fe
parent_id = None
start_time = 1682628697957000
end_time = 1682628697962056
inclusive_time = 5056
exclusive_time = 802
process_id = p8
operationName = /wrk2-api/review/compose
serviceName = nginx
------------------------------------------------------------------------------------
span = 1
span_id = 1cbadf10ff37a270
parent_id = 1c335f790e0093fe
start_time = 1682628697957802
end_time = 1682628697962056
inclusive_time = 4254
exclusive_time = 98
process_id = p8
operationName = /wrk2-api/review/compose
serviceName = nginx
------------------------------------------------------------------------------------
span = 2
span_id = 7074718efd0d91a3
parent_id = 1cbadf10ff37a270
start_time = 1682628697957839
end_time = 1682628697961995
inclusive_time = 4156
exclusive_time = 913
process_id = p8
operationName = ComposeReview
serviceName = nginx
------------------------------------------------------------------------------------
span = 3
span_id = d98c1d5394802cfc
parent_id = 7074718efd0d91a3
start_time = 1682628697958460
end_time = 1682628697961508
inclusive_time = 3048
exclusive_time = 302
process_id = p1
operationName = UploadUserWithUsername
serviceName = user-service
------------------------------------------------------------------------------------
span = 4
span_id = 71fbc142359ffe43
parent_id = d98c1d5394802cfc
start_time = 1682628697958816
end_time = 1682628697961447
inclusive_time = 2631
exclusive_time = 1188
process_id = p3
operationName = UploadUserId
serviceName = compose-review-service
------------------------------------------------------------------------------------
span = 5
span_id = f88b5f84c1124fa2
parent_id = 71fbc142359ffe43
start_time = 1682628697959975
end_time = 1682628697961301
inclusive_time = 1326
exclusive_time = 17
process_id = p6
operationName = UploadMovieReview
serviceName = movie-review-service
------------------------------------------------------------------------------------
span = 6
span_id = e4fe9c6d08c38e75
parent_id = f88b5f84c1124fa2
start_time = 1682628697959992
end_time = 1682628697961306
inclusive_time = 1314
exclusive_time = 1314
process_id = p6
operationName = MongoFindMovie
serviceName = movie-review-service
------------------------------------------------------------------------------------
span = 7
span_id = 67e087922543167b
parent_id = d98c1d5394802cfc
start_time = 1682628697958482
end_time = 1682628697958597
inclusive_time = 115
exclusive_time = 115
process_id = p1
operationName = MmcGetUserId
serviceName = user-service
------------------------------------------------------------------------------------
