span 0
span_id = 48dd5a278d6e331d
parent_id = None
start_time = 1682628698099000
end_time = 1682628698102912
inclusive_time = 3912
exclusive_time = 604
process_id = p1
operationName = /wrk2-api/review/compose
serviceName = None
------------------------------------------------------------------------------------
span 1
span_id = d1ae3d2c1fe635fe
parent_id = 48dd5a278d6e331d
start_time = 1682628698099603
end_time = 1682628698102911
inclusive_time = 3308
exclusive_time = 91
process_id = p1
operationName = /wrk2-api/review/compose
serviceName = None
------------------------------------------------------------------------------------
span 2
span_id = c156ed065e4b2a0b
parent_id = d1ae3d2c1fe635fe
start_time = 1682628698099646
end_time = 1682628698102863
inclusive_time = 3217
exclusive_time = 274
process_id = p1
operationName = ComposeReview
serviceName = None
------------------------------------------------------------------------------------
span 3
span_id = ff226a1325351b12
parent_id = c156ed065e4b2a0b
start_time = 1682628698099896
end_time = 1682628698102795
inclusive_time = 2899
exclusive_time = 324
process_id = p5
operationName = UploadMovieId
serviceName = None
------------------------------------------------------------------------------------
span 4
span_id = 3324b15569fb1922
parent_id = ff226a1325351b12
start_time = 1682628698100327
end_time = 1682628698102648
inclusive_time = 2321
exclusive_time = 258
process_id = p7
operationName = UploadRating
serviceName = None
------------------------------------------------------------------------------------
span 5
span_id = 5c89f28cb2c4eb3b
parent_id = 3324b15569fb1922
start_time = 1682628698100481
end_time = 1682628698102519
inclusive_time = 2038
exclusive_time = 812
process_id = p3
operationName = UploadRating
serviceName = None
------------------------------------------------------------------------------------
span 6
span_id = 8c699d9669d8b5ff
parent_id = 5c89f28cb2c4eb3b
start_time = 1682628698101316
end_time = 1682628698102396
inclusive_time = 1080
exclusive_time = 26
process_id = p6
operationName = UploadUserReview
serviceName = None
------------------------------------------------------------------------------------
span 7
span_id = 3c1a32211a75448a
parent_id = 8c699d9669d8b5ff
start_time = 1682628698101342
end_time = 1682628698102401
inclusive_time = 1059
exclusive_time = 1059
process_id = p6
operationName = MongoFindUser
serviceName = None
------------------------------------------------------------------------------------
span 8
span_id = 201607e93e0a7fa9
parent_id = ff226a1325351b12
start_time = 1682628698100188
end_time = 1682628698100291
inclusive_time = 103
exclusive_time = 103
process_id = p5
operationName = MmcSetMovieId
serviceName = None
------------------------------------------------------------------------------------
span 9
span_id = 09f5fe3df32973cc
parent_id = ff226a1325351b12
start_time = 1682628698099908
end_time = 1682628698100023
inclusive_time = 115
exclusive_time = 115
process_id = p5
operationName = MmcGetMovieId
serviceName = None
------------------------------------------------------------------------------------
