span = 0
trace_id = e07f85d19ecdc51a
span_id = e07f85d19ecdc51a
parent_id = None
start_time = 1682628698025000
end_time = 1682628698029870
inclusive_time = 4870
exclusive_time = 703
process_id = p1
operationName = /wrk2-api/review/compose
serviceName = nginx
call path = 
------------------------------------------------------------------------------------
span = 1
trace_id = e07f85d19ecdc51a
span_id = da45867f6f10ad12
parent_id = e07f85d19ecdc51a
start_time = 1682628698025702
end_time = 1682628698029869
inclusive_time = 4167
exclusive_time = 74
process_id = p1
operationName = /wrk2-api/review/compose
serviceName = nginx
call path = ->/wrk2-api/review/compose_nginx
------------------------------------------------------------------------------------
span = 2
trace_id = e07f85d19ecdc51a
span_id = f76128f9c85c1ac9
parent_id = da45867f6f10ad12
start_time = 1682628698025735
end_time = 1682628698029828
inclusive_time = 4093
exclusive_time = 284
process_id = p1
operationName = ComposeReview
serviceName = nginx
call path = ->/wrk2-api/review/compose_nginx->/wrk2-api/review/compose_nginx
------------------------------------------------------------------------------------
span = 3
trace_id = e07f85d19ecdc51a
span_id = 0c87bff4c87f836e
parent_id = f76128f9c85c1ac9
start_time = 1682628698026112
end_time = 1682628698029720
inclusive_time = 3608
exclusive_time = 772
process_id = p8
operationName = UploadMovieId
serviceName = movie-id-service
call path = ->/wrk2-api/review/compose_nginx->/wrk2-api/review/compose_nginx->ComposeReview_nginx
------------------------------------------------------------------------------------
span = 4
trace_id = e07f85d19ecdc51a
span_id = 5060f22a66c650ef
parent_id = 0c87bff4c87f836e
start_time = 1682628698027024
end_time = 1682628698029570
inclusive_time = 2546
exclusive_time = 330
process_id = p9
operationName = UploadRating
serviceName = rating-service
call path = ->/wrk2-api/review/compose_nginx->/wrk2-api/review/compose_nginx->ComposeReview_nginx->UploadMovieId_movie-id-service
------------------------------------------------------------------------------------
span = 5
trace_id = e07f85d19ecdc51a
span_id = 95f455264cd977ce
parent_id = 5060f22a66c650ef
start_time = 1682628698027240
end_time = 1682628698029456
inclusive_time = 2216
exclusive_time = 929
process_id = p3
operationName = UploadRating
serviceName = compose-review-service
call path = ->/wrk2-api/review/compose_nginx->/wrk2-api/review/compose_nginx->ComposeReview_nginx->UploadMovieId_movie-id-service->UploadRating_rating-service
------------------------------------------------------------------------------------
span = 6
trace_id = e07f85d19ecdc51a
span_id = 6dd5648c1d57666b
parent_id = 95f455264cd977ce
start_time = 1682628698028180
end_time = 1682628698029323
inclusive_time = 1143
exclusive_time = 28
process_id = p4
operationName = UploadUserReview
serviceName = user-review-service
call path = ->/wrk2-api/review/compose_nginx->/wrk2-api/review/compose_nginx->ComposeReview_nginx->UploadMovieId_movie-id-service->UploadRating_rating-service->UploadRating_compose-review-service
------------------------------------------------------------------------------------
span = 7
trace_id = e07f85d19ecdc51a
span_id = ae712c7696ccd1a8
parent_id = 6dd5648c1d57666b
start_time = 1682628698028208
end_time = 1682628698029327
inclusive_time = 1119
exclusive_time = 1119
process_id = p4
operationName = MongoFindUser
serviceName = user-review-service
call path = ->/wrk2-api/review/compose_nginx->/wrk2-api/review/compose_nginx->ComposeReview_nginx->UploadMovieId_movie-id-service->UploadRating_rating-service->UploadRating_compose-review-service->UploadUserReview_user-review-service
------------------------------------------------------------------------------------
span = 8
trace_id = e07f85d19ecdc51a
span_id = 5915ea2037da2c7d
parent_id = 0c87bff4c87f836e
start_time = 1682628698026817
end_time = 1682628698026907
inclusive_time = 90
exclusive_time = 90
process_id = p8
operationName = MmcSetMovieId
serviceName = movie-id-service
call path = ->/wrk2-api/review/compose_nginx->/wrk2-api/review/compose_nginx->ComposeReview_nginx->UploadMovieId_movie-id-service
------------------------------------------------------------------------------------
span = 9
trace_id = e07f85d19ecdc51a
span_id = 21731aa1a454af0b
parent_id = 0c87bff4c87f836e
start_time = 1682628698026133
end_time = 1682628698026236
inclusive_time = 103
exclusive_time = 103
process_id = p8
operationName = MmcGetMovieId
serviceName = movie-id-service
call path = ->/wrk2-api/review/compose_nginx->/wrk2-api/review/compose_nginx->ComposeReview_nginx->UploadMovieId_movie-id-service
------------------------------------------------------------------------------------
