span = 0
span_id = 979fc541a2d3be5c
parent_id = None
start_time = 1682628697913000
end_time = 1682628697918015
inclusive_time = 5015
exclusive_time = 56
process_id = p8
operationName = /wrk2-api/review/compose
serviceName = nginx
------------------------------------------------------------------------------------
span = 1
span_id = 1c4085bba74e0f51
parent_id = 979fc541a2d3be5c
start_time = 1682628697913056
end_time = 1682628697918015
inclusive_time = 4959
exclusive_time = 142
process_id = p8
operationName = /wrk2-api/review/compose
serviceName = nginx
------------------------------------------------------------------------------------
span = 2
span_id = 95d60bb6fb64bf18
parent_id = 1c4085bba74e0f51
start_time = 1682628697913135
end_time = 1682628697917952
inclusive_time = 4817
exclusive_time = 396
process_id = p8
operationName = ComposeReview
serviceName = nginx
------------------------------------------------------------------------------------
span = 3
span_id = cc13807cfea5c5ec
parent_id = 95d60bb6fb64bf18
start_time = 1682628697913558
end_time = 1682628697917862
inclusive_time = 4304
exclusive_time = 476
process_id = p7
operationName = UploadMovieId
serviceName = movie-id-service
------------------------------------------------------------------------------------
span = 4
span_id = dabe835b08199b1b
parent_id = cc13807cfea5c5ec
start_time = 1682628697914217
end_time = 1682628697917755
inclusive_time = 3538
exclusive_time = 522
process_id = p5
operationName = UploadRating
serviceName = rating-service
------------------------------------------------------------------------------------
span = 5
span_id = 668cab7662976b18
parent_id = dabe835b08199b1b
start_time = 1682628697914593
end_time = 1682628697917609
inclusive_time = 3016
exclusive_time = 1242
process_id = p4
operationName = UploadRating
serviceName = compose-review-service
------------------------------------------------------------------------------------
span = 6
span_id = b75f48fa56c1b4ca
parent_id = 668cab7662976b18
start_time = 1682628697916359
end_time = 1682628697917500
inclusive_time = 1141
exclusive_time = 27
process_id = p1
operationName = UploadMovieReview
serviceName = movie-review-service
------------------------------------------------------------------------------------
span = 7
span_id = 29cd071888043660
parent_id = b75f48fa56c1b4ca
start_time = 1682628697916386
end_time = 1682628697917504
inclusive_time = 1118
exclusive_time = 1118
process_id = p1
operationName = MongoFindMovie
serviceName = movie-review-service
------------------------------------------------------------------------------------
span = 8
span_id = f2997aa24ffd0a05
parent_id = 668cab7662976b18
start_time = 1682628697915749
end_time = 1682628697916153
inclusive_time = 404
exclusive_time = 64
process_id = p9
operationName = StoreReview
serviceName = review-storage-service
------------------------------------------------------------------------------------
span = 9
span_id = 582cbde9e4b44d2a
parent_id = f2997aa24ffd0a05
start_time = 1682628697915803
end_time = 1682628697916143
inclusive_time = 340
exclusive_time = 340
process_id = p9
operationName = MongoInsertReview
serviceName = review-storage-service
------------------------------------------------------------------------------------
span = 10
span_id = 50d02f87bdb31145
parent_id = cc13807cfea5c5ec
start_time = 1682628697913937
end_time = 1682628697914049
inclusive_time = 112
exclusive_time = 112
process_id = p7
operationName = MmcSetMovieId
serviceName = movie-id-service
------------------------------------------------------------------------------------
span = 11
span_id = 86e3743747985f26
parent_id = cc13807cfea5c5ec
start_time = 1682628697913576
end_time = 1682628697913754
inclusive_time = 178
exclusive_time = 178
process_id = p7
operationName = MmcGetMovieId
serviceName = movie-id-service
------------------------------------------------------------------------------------
