span = 0
trace_id = 9e01443a1ccf2c34
span_id = 9e01443a1ccf2c34
parent_id = None
start_time = 1682628698095000
end_time = 1682628698099482
inclusive_time = 4482
exclusive_time = 581
process_id = p1
operationName = /wrk2-api/review/compose
serviceName = nginx
call path = 
------------------------------------------------------------------------------------
span = 1
trace_id = 9e01443a1ccf2c34
span_id = 4f74529a4004ff90
parent_id = 9e01443a1ccf2c34
start_time = 1682628698095581
end_time = 1682628698099482
inclusive_time = 3901
exclusive_time = 100
process_id = p1
operationName = /wrk2-api/review/compose
serviceName = nginx
call path = ->/wrk2-api/review/compose_nginx
------------------------------------------------------------------------------------
span = 2
trace_id = 9e01443a1ccf2c34
span_id = c0b632b1320990d9
parent_id = 4f74529a4004ff90
start_time = 1682628698095624
end_time = 1682628698099425
inclusive_time = 3801
exclusive_time = 264
process_id = p1
operationName = ComposeReview
serviceName = nginx
call path = ->/wrk2-api/review/compose_nginx->/wrk2-api/review/compose_nginx
------------------------------------------------------------------------------------
span = 3
trace_id = 9e01443a1ccf2c34
span_id = efd4f1a0e01b9c1c
parent_id = c0b632b1320990d9
start_time = 1682628698095922
end_time = 1682628698099353
inclusive_time = 3431
exclusive_time = 256
process_id = p5
operationName = UploadMovieId
serviceName = movie-id-service
call path = ->/wrk2-api/review/compose_nginx->/wrk2-api/review/compose_nginx->ComposeReview_nginx
------------------------------------------------------------------------------------
span = 4
trace_id = 9e01443a1ccf2c34
span_id = 812dde4630ff3150
parent_id = efd4f1a0e01b9c1c
start_time = 1682628698096311
end_time = 1682628698099252
inclusive_time = 2941
exclusive_time = 261
process_id = p7
operationName = UploadRating
serviceName = rating-service
call path = ->/wrk2-api/review/compose_nginx->/wrk2-api/review/compose_nginx->ComposeReview_nginx->UploadMovieId_movie-id-service
------------------------------------------------------------------------------------
span = 5
trace_id = 9e01443a1ccf2c34
span_id = 744273ebd36e1770
parent_id = 812dde4630ff3150
start_time = 1682628698096637
end_time = 1682628698099119
inclusive_time = 2482
exclusive_time = 1160
process_id = p3
operationName = UploadRating
serviceName = compose-review-service
call path = ->/wrk2-api/review/compose_nginx->/wrk2-api/review/compose_nginx->ComposeReview_nginx->UploadMovieId_movie-id-service->UploadRating_rating-service
------------------------------------------------------------------------------------
span = 6
trace_id = 9e01443a1ccf2c34
span_id = 95e3c0fcc055e5b1
parent_id = 744273ebd36e1770
start_time = 1682628698097714
end_time = 1682628698098887
inclusive_time = 1173
exclusive_time = 18
process_id = p6
operationName = UploadUserReview
serviceName = user-review-service
call path = ->/wrk2-api/review/compose_nginx->/wrk2-api/review/compose_nginx->ComposeReview_nginx->UploadMovieId_movie-id-service->UploadRating_rating-service->UploadRating_compose-review-service
------------------------------------------------------------------------------------
span = 7
trace_id = 9e01443a1ccf2c34
span_id = 9aff17cdce55302f
parent_id = 95e3c0fcc055e5b1
start_time = 1682628698097732
end_time = 1682628698098893
inclusive_time = 1161
exclusive_time = 1161
process_id = p6
operationName = MongoFindUser
serviceName = user-review-service
call path = ->/wrk2-api/review/compose_nginx->/wrk2-api/review/compose_nginx->ComposeReview_nginx->UploadMovieId_movie-id-service->UploadRating_rating-service->UploadRating_compose-review-service->UploadUserReview_user-review-service
------------------------------------------------------------------------------------
span = 8
trace_id = 9e01443a1ccf2c34
span_id = c754c98354331bfc
parent_id = efd4f1a0e01b9c1c
start_time = 1682628698096150
end_time = 1682628698096240
inclusive_time = 90
exclusive_time = 90
process_id = p5
operationName = MmcSetMovieId
serviceName = movie-id-service
call path = ->/wrk2-api/review/compose_nginx->/wrk2-api/review/compose_nginx->ComposeReview_nginx->UploadMovieId_movie-id-service
------------------------------------------------------------------------------------
span = 9
trace_id = 9e01443a1ccf2c34
span_id = e1dd750edd4f3d05
parent_id = efd4f1a0e01b9c1c
start_time = 1682628698095933
end_time = 1682628698096032
inclusive_time = 99
exclusive_time = 99
process_id = p5
operationName = MmcGetMovieId
serviceName = movie-id-service
call path = ->/wrk2-api/review/compose_nginx->/wrk2-api/review/compose_nginx->ComposeReview_nginx->UploadMovieId_movie-id-service
------------------------------------------------------------------------------------
