span 0
span_id = 6f155dd33e4f7aad
parent_id = None
start_time = 1682628698308000
end_time = 1682628698314933
inclusive_time = 6933
exclusive_time = 1109
process_id = p10
operationName = /wrk2-api/review/compose
serviceName = None
------------------------------------------------------------------------------------
span 1
span_id = 4c22901dae78cdbe
parent_id = 6f155dd33e4f7aad
start_time = 1682628698309108
end_time = 1682628698314932
inclusive_time = 5824
exclusive_time = 111
process_id = p10
operationName = /wrk2-api/review/compose
serviceName = None
------------------------------------------------------------------------------------
span 2
span_id = ae21464ac99f2070
parent_id = 4c22901dae78cdbe
start_time = 1682628698309151
end_time = 1682628698314864
inclusive_time = 5713
exclusive_time = 803
process_id = p10
operationName = ComposeReview
serviceName = None
------------------------------------------------------------------------------------
span 3
span_id = 0e73e5cedcd70dc0
parent_id = ae21464ac99f2070
start_time = 1682628698309455
end_time = 1682628698314245
inclusive_time = 4790
exclusive_time = 415
process_id = p3
operationName = UploadMovieId
serviceName = None
------------------------------------------------------------------------------------
span 4
span_id = e2048050ebdb2cc0
parent_id = 0e73e5cedcd70dc0
start_time = 1682628698309960
end_time = 1682628698314113
inclusive_time = 4153
exclusive_time = 230
process_id = p9
operationName = UploadRating
serviceName = None
------------------------------------------------------------------------------------
span 5
span_id = 09ac8951064b6b3b
parent_id = e2048050ebdb2cc0
start_time = 1682628698310139
end_time = 1682628698314012
inclusive_time = 3873
exclusive_time = 2513
process_id = p2
operationName = UploadRating
serviceName = None
------------------------------------------------------------------------------------
span 6
span_id = 5b32f45a4d2e16e0
parent_id = 09ac8951064b6b3b
start_time = 1682628698311626
end_time = 1682628698312939
inclusive_time = 1313
exclusive_time = 20
process_id = p1
operationName = UploadUserReview
serviceName = None
------------------------------------------------------------------------------------
span 7
span_id = 4e9b9abf0a0bd671
parent_id = 5b32f45a4d2e16e0
start_time = 1682628698311646
end_time = 1682628698313862
inclusive_time = 2216
exclusive_time = 2216
process_id = p1
operationName = MongoFindUser
serviceName = None
------------------------------------------------------------------------------------
span 8
span_id = 35e22936b87a3fc3
parent_id = 0e73e5cedcd70dc0
start_time = 1682628698309474
end_time = 1682628698309606
inclusive_time = 132
exclusive_time = 132
process_id = p3
operationName = MmcGetMovieId
serviceName = None
------------------------------------------------------------------------------------
