span = 0
trace_id = 54a77b9a1b84fd2a
span_id = 54a77b9a1b84fd2a
parent_id = None
start_time = 1682628698029000
end_time = 1682628698034773
inclusive_time = 5773
exclusive_time = 1017
process_id = p1
operationName = /wrk2-api/review/compose
serviceName = nginx
------------------------------------------------------------------------------------
span = 1
trace_id = 54a77b9a1b84fd2a
span_id = 0a20e19a287cd3fb
parent_id = 54a77b9a1b84fd2a
start_time = 1682628698030017
end_time = 1682628698034773
inclusive_time = 4756
exclusive_time = 105
process_id = p1
operationName = /wrk2-api/review/compose
serviceName = nginx
------------------------------------------------------------------------------------
span = 2
trace_id = 54a77b9a1b84fd2a
span_id = 017e6998a7482f0a
parent_id = 0a20e19a287cd3fb
start_time = 1682628698030063
end_time = 1682628698034714
inclusive_time = 4651
exclusive_time = 440
process_id = p1
operationName = ComposeReview
serviceName = nginx
------------------------------------------------------------------------------------
span = 3
trace_id = 54a77b9a1b84fd2a
span_id = cd50fccffa975d4c
parent_id = 017e6998a7482f0a
start_time = 1682628698030395
end_time = 1682628698034606
inclusive_time = 4211
exclusive_time = 403
process_id = p8
operationName = UploadMovieId
serviceName = movie-id-service
------------------------------------------------------------------------------------
span = 4
trace_id = 54a77b9a1b84fd2a
span_id = ac4b9cf854a7df7e
parent_id = cd50fccffa975d4c
start_time = 1682628698030888
end_time = 1682628698034411
inclusive_time = 3523
exclusive_time = 362
process_id = p9
operationName = UploadRating
serviceName = rating-service
------------------------------------------------------------------------------------
span = 5
trace_id = 54a77b9a1b84fd2a
span_id = b8d274873f555ec1
parent_id = ac4b9cf854a7df7e
start_time = 1682628698031221
end_time = 1682628698034172
inclusive_time = 2951
exclusive_time = 1391
process_id = p3
operationName = UploadRating
serviceName = compose-review-service
------------------------------------------------------------------------------------
span = 6
trace_id = 54a77b9a1b84fd2a
span_id = 64285de3cde8ee26
parent_id = b8d274873f555ec1
start_time = 1682628698032466
end_time = 1682628698033977
inclusive_time = 1511
exclusive_time = 28
process_id = p4
operationName = UploadUserReview
serviceName = user-review-service
------------------------------------------------------------------------------------
span = 7
trace_id = 54a77b9a1b84fd2a
span_id = a20a85570b1a1c16
parent_id = 64285de3cde8ee26
start_time = 1682628698032494
end_time = 1682628698033984
inclusive_time = 1490
exclusive_time = 1490
process_id = p4
operationName = MongoFindUser
serviceName = user-review-service
------------------------------------------------------------------------------------
span = 8
trace_id = 54a77b9a1b84fd2a
span_id = 2984edcd18d58d8b
parent_id = cd50fccffa975d4c
start_time = 1682628698030656
end_time = 1682628698030817
inclusive_time = 161
exclusive_time = 161
process_id = p8
operationName = MmcSetMovieId
serviceName = movie-id-service
------------------------------------------------------------------------------------
span = 9
trace_id = 54a77b9a1b84fd2a
span_id = ea6ad31fc65e0ebd
parent_id = cd50fccffa975d4c
start_time = 1682628698030411
end_time = 1682628698030513
inclusive_time = 102
exclusive_time = 102
process_id = p8
operationName = MmcGetMovieId
serviceName = movie-id-service
------------------------------------------------------------------------------------
