span = 0
span_id = 94e2b9b138e501fd
parent_id = None
start_time = 1682628697989000
end_time = 1682628697994869
inclusive_time = 5869
exclusive_time = 1042
process_id = p4
operationName = /wrk2-api/review/compose
serviceName = nginx
------------------------------------------------------------------------------------
span = 1
span_id = c54faafc497aee37
parent_id = 94e2b9b138e501fd
start_time = 1682628697990042
end_time = 1682628697994869
inclusive_time = 4827
exclusive_time = 93
process_id = p4
operationName = /wrk2-api/review/compose
serviceName = nginx
------------------------------------------------------------------------------------
span = 2
span_id = f7381f7dad7b3092
parent_id = c54faafc497aee37
start_time = 1682628697990080
end_time = 1682628697994814
inclusive_time = 4734
exclusive_time = 258
process_id = p4
operationName = ComposeReview
serviceName = nginx
------------------------------------------------------------------------------------
span = 3
span_id = 49a51bbb6de8a84b
parent_id = f7381f7dad7b3092
start_time = 1682628697990437
end_time = 1682628697994729
inclusive_time = 4292
exclusive_time = 365
process_id = p3
operationName = UploadMovieId
serviceName = movie-id-service
------------------------------------------------------------------------------------
span = 4
span_id = 3078feffa8b3d798
parent_id = 49a51bbb6de8a84b
start_time = 1682628697990856
end_time = 1682628697994569
inclusive_time = 3713
exclusive_time = 324
process_id = p10
operationName = UploadRating
serviceName = rating-service
------------------------------------------------------------------------------------
span = 5
span_id = 08a924c2b819be38
parent_id = 3078feffa8b3d798
start_time = 1682628697991134
end_time = 1682628697994336
inclusive_time = 3202
exclusive_time = 1240
process_id = p6
operationName = UploadRating
serviceName = compose-review-service
------------------------------------------------------------------------------------
span = 6
span_id = 00e98e9e6abc0d10
parent_id = 08a924c2b819be38
start_time = 1682628697992381
end_time = 1682628697994226
inclusive_time = 1845
exclusive_time = 29
process_id = p2
operationName = UploadMovieReview
serviceName = movie-review-service
------------------------------------------------------------------------------------
span = 7
span_id = c232d29046055306
parent_id = 00e98e9e6abc0d10
start_time = 1682628697992410
end_time = 1682628697994232
inclusive_time = 1822
exclusive_time = 1822
process_id = p2
operationName = MongoFindMovie
serviceName = movie-review-service
------------------------------------------------------------------------------------
span = 8
span_id = a5a6266e01f36a9a
parent_id = 49a51bbb6de8a84b
start_time = 1682628697990708
end_time = 1682628697990817
inclusive_time = 109
exclusive_time = 109
process_id = p3
operationName = MmcSetMovieId
serviceName = movie-id-service
------------------------------------------------------------------------------------
span = 9
span_id = 5d0f748248df6ebf
parent_id = 49a51bbb6de8a84b
start_time = 1682628697990454
end_time = 1682628697990559
inclusive_time = 105
exclusive_time = 105
process_id = p3
operationName = MmcGetMovieId
serviceName = movie-id-service
------------------------------------------------------------------------------------
