span = 0
span_id = ee279a16db49020f
parent_id = None
start_time = 1682628697872000
end_time = 1682628697876828
inclusive_time = 4828
exclusive_time = 476
process_id = p2
operationName = /wrk2-api/review/compose
serviceName = nginx
------------------------------------------------------------------------------------
span = 1
span_id = b94f0b8c939b8f4f
parent_id = ee279a16db49020f
start_time = 1682628697872475
end_time = 1682628697876827
inclusive_time = 4352
exclusive_time = 103
process_id = p2
operationName = /wrk2-api/review/compose
serviceName = nginx
------------------------------------------------------------------------------------
span = 2
span_id = 842abaf02e78032e
parent_id = b94f0b8c939b8f4f
start_time = 1682628697872523
end_time = 1682628697876772
inclusive_time = 4249
exclusive_time = 258
process_id = p2
operationName = ComposeReview
serviceName = nginx
------------------------------------------------------------------------------------
span = 3
span_id = ab3e248ae6eb761e
parent_id = 842abaf02e78032e
start_time = 1682628697872826
end_time = 1682628697876688
inclusive_time = 3862
exclusive_time = 614
process_id = p4
operationName = UploadMovieId
serviceName = movie-id-service
------------------------------------------------------------------------------------
span = 4
span_id = 3f89dacf2652c723
parent_id = ab3e248ae6eb761e
start_time = 1682628697873502
end_time = 1682628697876536
inclusive_time = 3034
exclusive_time = 341
process_id = p7
operationName = UploadRating
serviceName = rating-service
------------------------------------------------------------------------------------
span = 5
span_id = ff0e344db8e69cd4
parent_id = 3f89dacf2652c723
start_time = 1682628697873812
end_time = 1682628697876292
inclusive_time = 2480
exclusive_time = 1173
process_id = p3
operationName = UploadRating
serviceName = compose-review-service
------------------------------------------------------------------------------------
span = 6
span_id = 663775e1b97d7c4d
parent_id = ff0e344db8e69cd4
start_time = 1682628697875147
end_time = 1682628697876129
inclusive_time = 982
exclusive_time = 22
process_id = p5
operationName = UploadMovieReview
serviceName = movie-review-service
------------------------------------------------------------------------------------
span = 7
span_id = 819e664045ef98a7
parent_id = 663775e1b97d7c4d
start_time = 1682628697875169
end_time = 1682628697876134
inclusive_time = 965
exclusive_time = 965
process_id = p5
operationName = MongoFindMovie
serviceName = movie-review-service
------------------------------------------------------------------------------------
span = 8
span_id = 00c1b720e4bfc5e1
parent_id = ab3e248ae6eb761e
start_time = 1682628697873325
end_time = 1682628697873434
inclusive_time = 109
exclusive_time = 109
process_id = p4
operationName = MmcSetMovieId
serviceName = movie-id-service
------------------------------------------------------------------------------------
span = 9
span_id = e6f7387616888bcb
parent_id = ab3e248ae6eb761e
start_time = 1682628697872843
end_time = 1682628697872948
inclusive_time = 105
exclusive_time = 105
process_id = p4
operationName = MmcGetMovieId
serviceName = movie-id-service
------------------------------------------------------------------------------------
