span = 0
trace_id = c4c8a8ca05e20ed9
span_id = c4c8a8ca05e20ed9
parent_id = None
start_time = 1682628698243000
end_time = 1682628698247254
inclusive_time = 4254
exclusive_time = 342
process_id = p5
operationName = /wrk2-api/review/compose
serviceName = nginx
call path = 
------------------------------------------------------------------------------------
span = 1
trace_id = c4c8a8ca05e20ed9
span_id = 15363d3376d54fb6
parent_id = c4c8a8ca05e20ed9
start_time = 1682628698243341
end_time = 1682628698247253
inclusive_time = 3912
exclusive_time = 92
process_id = p5
operationName = /wrk2-api/review/compose
serviceName = nginx
call path = ->/wrk2-api/review/compose_nginx
------------------------------------------------------------------------------------
span = 2
trace_id = c4c8a8ca05e20ed9
span_id = 2293671e067d4a3a
parent_id = 15363d3376d54fb6
start_time = 1682628698243375
end_time = 1682628698247195
inclusive_time = 3820
exclusive_time = 268
process_id = p5
operationName = ComposeReview
serviceName = nginx
call path = ->/wrk2-api/review/compose_nginx->/wrk2-api/review/compose_nginx
------------------------------------------------------------------------------------
span = 3
trace_id = c4c8a8ca05e20ed9
span_id = 50e27064adc4033a
parent_id = 2293671e067d4a3a
start_time = 1682628698243650
end_time = 1682628698247106
inclusive_time = 3456
exclusive_time = 421
process_id = p1
operationName = UploadMovieId
serviceName = movie-id-service
call path = ->/wrk2-api/review/compose_nginx->/wrk2-api/review/compose_nginx->ComposeReview_nginx
------------------------------------------------------------------------------------
span = 4
trace_id = c4c8a8ca05e20ed9
span_id = 9f04c056841d1ea1
parent_id = 50e27064adc4033a
start_time = 1682628698244216
end_time = 1682628698246976
inclusive_time = 2760
exclusive_time = 240
process_id = p10
operationName = UploadRating
serviceName = rating-service
call path = ->/wrk2-api/review/compose_nginx->/wrk2-api/review/compose_nginx->ComposeReview_nginx->UploadMovieId_movie-id-service
------------------------------------------------------------------------------------
span = 5
trace_id = c4c8a8ca05e20ed9
span_id = 131eba989985069a
parent_id = 9f04c056841d1ea1
start_time = 1682628698244449
end_time = 1682628698246838
inclusive_time = 2389
exclusive_time = 1263
process_id = p2
operationName = UploadRating
serviceName = compose-review-service
call path = ->/wrk2-api/review/compose_nginx->/wrk2-api/review/compose_nginx->ComposeReview_nginx->UploadMovieId_movie-id-service->UploadRating_rating-service
------------------------------------------------------------------------------------
span = 6
trace_id = c4c8a8ca05e20ed9
span_id = 018c1bba33751dee
parent_id = 131eba989985069a
start_time = 1682628698245475
end_time = 1682628698246601
inclusive_time = 1126
exclusive_time = 19
process_id = p6
operationName = UploadUserReview
serviceName = user-review-service
call path = ->/wrk2-api/review/compose_nginx->/wrk2-api/review/compose_nginx->ComposeReview_nginx->UploadMovieId_movie-id-service->UploadRating_rating-service->UploadRating_compose-review-service
------------------------------------------------------------------------------------
span = 7
trace_id = c4c8a8ca05e20ed9
span_id = 3ad6f4d4f5a3e150
parent_id = 018c1bba33751dee
start_time = 1682628698245494
end_time = 1682628698246609
inclusive_time = 1115
exclusive_time = 1115
process_id = p6
operationName = MongoFindUser
serviceName = user-review-service
call path = ->/wrk2-api/review/compose_nginx->/wrk2-api/review/compose_nginx->ComposeReview_nginx->UploadMovieId_movie-id-service->UploadRating_rating-service->UploadRating_compose-review-service->UploadUserReview_user-review-service
------------------------------------------------------------------------------------
span = 8
trace_id = c4c8a8ca05e20ed9
span_id = 268a2c18b10a866f
parent_id = 50e27064adc4033a
start_time = 1682628698244023
end_time = 1682628698244119
inclusive_time = 96
exclusive_time = 96
process_id = p1
operationName = MmcSetMovieId
serviceName = movie-id-service
call path = ->/wrk2-api/review/compose_nginx->/wrk2-api/review/compose_nginx->ComposeReview_nginx->UploadMovieId_movie-id-service
------------------------------------------------------------------------------------
span = 9
trace_id = c4c8a8ca05e20ed9
span_id = 4e575b874d8a43da
parent_id = 50e27064adc4033a
start_time = 1682628698243672
end_time = 1682628698243772
inclusive_time = 100
exclusive_time = 100
process_id = p1
operationName = MmcGetMovieId
serviceName = movie-id-service
call path = ->/wrk2-api/review/compose_nginx->/wrk2-api/review/compose_nginx->ComposeReview_nginx->UploadMovieId_movie-id-service
------------------------------------------------------------------------------------
