span 0
span_id = 0ac1c85817cf8308
parent_id = None
start_time = 1682628697855000
end_time = 1682628697859427
inclusive_time = 4427
exclusive_time = 631
process_id = p5
operationName = /wrk2-api/review/compose
serviceName = None
------------------------------------------------------------------------------------
span 1
span_id = 2e57711244819c48
parent_id = 0ac1c85817cf8308
start_time = 1682628697855630
end_time = 1682628697859426
inclusive_time = 3796
exclusive_time = 93
process_id = p5
operationName = /wrk2-api/review/compose
serviceName = None
------------------------------------------------------------------------------------
span 2
span_id = 634e339c1d66449f
parent_id = 2e57711244819c48
start_time = 1682628697855674
end_time = 1682628697859377
inclusive_time = 3703
exclusive_time = 258
process_id = p5
operationName = ComposeReview
serviceName = None
------------------------------------------------------------------------------------
span 3
span_id = b428ae13a970915b
parent_id = 634e339c1d66449f
start_time = 1682628697855982
end_time = 1682628697859296
inclusive_time = 3314
exclusive_time = 351
process_id = p4
operationName = UploadMovieId
serviceName = None
------------------------------------------------------------------------------------
span 4
span_id = 2404bec30139782d
parent_id = b428ae13a970915b
start_time = 1682628697856483
end_time = 1682628697859194
inclusive_time = 2711
exclusive_time = 238
process_id = p8
operationName = UploadRating
serviceName = None
------------------------------------------------------------------------------------
span 5
span_id = 18ce15146d2319b9
parent_id = 2404bec30139782d
start_time = 1682628697856651
end_time = 1682628697859073
inclusive_time = 2422
exclusive_time = 974
process_id = p3
operationName = UploadRating
serviceName = None
------------------------------------------------------------------------------------
span 6
span_id = ac00bd60ddda94b2
parent_id = 18ce15146d2319b9
start_time = 1682628697857483
end_time = 1682628697858874
inclusive_time = 1391
exclusive_time = 23
process_id = p2
operationName = UploadUserReview
serviceName = None
------------------------------------------------------------------------------------
span 7
span_id = c98aeb746bf2e8fc
parent_id = ac00bd60ddda94b2
start_time = 1682628697857506
end_time = 1682628697858879
inclusive_time = 1373
exclusive_time = 1373
process_id = p2
operationName = MongoFindUser
serviceName = None
------------------------------------------------------------------------------------
span 8
span_id = ca2c9700dc11d230
parent_id = b428ae13a970915b
start_time = 1682628697856257
end_time = 1682628697856342
inclusive_time = 85
exclusive_time = 85
process_id = p4
operationName = MmcSetMovieId
serviceName = None
------------------------------------------------------------------------------------
span 9
span_id = e8ba3a83d550b38a
parent_id = b428ae13a970915b
start_time = 1682628697856002
end_time = 1682628697856119
inclusive_time = 117
exclusive_time = 117
process_id = p4
operationName = MmcGetMovieId
serviceName = None
------------------------------------------------------------------------------------
