span 0
span_id = d10e3748b4eb21f6
parent_id = None
start_time = 1682628698136000
end_time = 1682628698141493
inclusive_time = 5493
exclusive_time = 635
process_id = p5
operationName = /wrk2-api/review/compose
serviceName = None
------------------------------------------------------------------------------------
span 1
span_id = a2d41c699a67f4c4
parent_id = d10e3748b4eb21f6
start_time = 1682628698136635
end_time = 1682628698141493
inclusive_time = 4858
exclusive_time = 95
process_id = p5
operationName = /wrk2-api/review/compose
serviceName = None
------------------------------------------------------------------------------------
span 2
span_id = 1ba357ae02882a05
parent_id = a2d41c699a67f4c4
start_time = 1682628698136678
end_time = 1682628698141441
inclusive_time = 4763
exclusive_time = 652
process_id = p5
operationName = ComposeReview
serviceName = None
------------------------------------------------------------------------------------
span 3
span_id = fc7cae2a8359145d
parent_id = 1ba357ae02882a05
start_time = 1682628698137007
end_time = 1682628698141118
inclusive_time = 4111
exclusive_time = 1121
process_id = p7
operationName = UploadMovieId
serviceName = None
------------------------------------------------------------------------------------
span 4
span_id = c16c7fd27ab1395c
parent_id = fc7cae2a8359145d
start_time = 1682628698138144
end_time = 1682628698140965
inclusive_time = 2821
exclusive_time = 1536
process_id = p3
operationName = UploadMovieId
serviceName = None
------------------------------------------------------------------------------------
span 5
span_id = e4788e3a2563b62a
parent_id = c16c7fd27ab1395c
start_time = 1682628698139614
end_time = 1682628698140851
inclusive_time = 1237
exclusive_time = 25
process_id = p1
operationName = UploadUserReview
serviceName = None
------------------------------------------------------------------------------------
span 6
span_id = eddf7a92c691ded6
parent_id = e4788e3a2563b62a
start_time = 1682628698139639
end_time = 1682628698140854
inclusive_time = 1215
exclusive_time = 1215
process_id = p1
operationName = MongoFindUser
serviceName = None
------------------------------------------------------------------------------------
span 7
span_id = 6860bbeffc09d4dd
parent_id = fc7cae2a8359145d
start_time = 1682628698137027
end_time = 1682628698137144
inclusive_time = 117
exclusive_time = 117
process_id = p7
operationName = MmcGetMovieId
serviceName = None
------------------------------------------------------------------------------------
