span = 0
trace_id = abf1e60939d278ff
span_id = abf1e60939d278ff
parent_id = None
start_time = 1682628698118000
end_time = 1682628698123118
inclusive_time = 5118
exclusive_time = 571
process_id = p5
operationName = /wrk2-api/review/compose
serviceName = nginx
call path = 
------------------------------------------------------------------------------------
span = 1
trace_id = abf1e60939d278ff
span_id = 918287f30421962b
parent_id = abf1e60939d278ff
start_time = 1682628698118570
end_time = 1682628698123117
inclusive_time = 4547
exclusive_time = 127
process_id = p5
operationName = /wrk2-api/review/compose
serviceName = nginx
call path = ->/wrk2-api/review/compose_nginx
------------------------------------------------------------------------------------
span = 2
trace_id = abf1e60939d278ff
span_id = 89637c3c9ac3a590
parent_id = 918287f30421962b
start_time = 1682628698118623
end_time = 1682628698123043
inclusive_time = 4420
exclusive_time = 322
process_id = p5
operationName = ComposeReview
serviceName = nginx
call path = ->/wrk2-api/review/compose_nginx->/wrk2-api/review/compose_nginx
------------------------------------------------------------------------------------
span = 3
trace_id = abf1e60939d278ff
span_id = d01977c6c5fa5b6f
parent_id = 89637c3c9ac3a590
start_time = 1682628698118992
end_time = 1682628698122962
inclusive_time = 3970
exclusive_time = 368
process_id = p2
operationName = UploadMovieId
serviceName = movie-id-service
call path = ->/wrk2-api/review/compose_nginx->/wrk2-api/review/compose_nginx->ComposeReview_nginx
------------------------------------------------------------------------------------
span = 4
trace_id = abf1e60939d278ff
span_id = 8ee64915bc409f69
parent_id = d01977c6c5fa5b6f
start_time = 1682628698119925
end_time = 1682628698122836
inclusive_time = 2911
exclusive_time = 342
process_id = p4
operationName = UploadRating
serviceName = rating-service
call path = ->/wrk2-api/review/compose_nginx->/wrk2-api/review/compose_nginx->ComposeReview_nginx->UploadMovieId_movie-id-service
------------------------------------------------------------------------------------
span = 5
trace_id = abf1e60939d278ff
span_id = b6ff28541f0c8dfc
parent_id = 8ee64915bc409f69
start_time = 1682628698120212
end_time = 1682628698122642
inclusive_time = 2430
exclusive_time = 1123
process_id = p6
operationName = UploadRating
serviceName = compose-review-service
call path = ->/wrk2-api/review/compose_nginx->/wrk2-api/review/compose_nginx->ComposeReview_nginx->UploadMovieId_movie-id-service->UploadRating_rating-service
------------------------------------------------------------------------------------
span = 6
trace_id = abf1e60939d278ff
span_id = dfd00a31f3c0d7e0
parent_id = b6ff28541f0c8dfc
start_time = 1682628698120973
end_time = 1682628698122239
inclusive_time = 1266
exclusive_time = 21
process_id = p3
operationName = UploadUserReview
serviceName = user-review-service
call path = ->/wrk2-api/review/compose_nginx->/wrk2-api/review/compose_nginx->ComposeReview_nginx->UploadMovieId_movie-id-service->UploadRating_rating-service->UploadRating_compose-review-service
------------------------------------------------------------------------------------
span = 7
trace_id = abf1e60939d278ff
span_id = d0b7c650dd89c2c5
parent_id = dfd00a31f3c0d7e0
start_time = 1682628698120994
end_time = 1682628698122306
inclusive_time = 1312
exclusive_time = 1312
process_id = p3
operationName = MongoFindUser
serviceName = user-review-service
call path = ->/wrk2-api/review/compose_nginx->/wrk2-api/review/compose_nginx->ComposeReview_nginx->UploadMovieId_movie-id-service->UploadRating_rating-service->UploadRating_compose-review-service->UploadUserReview_user-review-service
------------------------------------------------------------------------------------
span = 8
trace_id = abf1e60939d278ff
span_id = 1404bf1e2fddac84
parent_id = d01977c6c5fa5b6f
start_time = 1682628698119456
end_time = 1682628698119542
inclusive_time = 86
exclusive_time = 86
process_id = p2
operationName = MmcSetMovieId
serviceName = movie-id-service
call path = ->/wrk2-api/review/compose_nginx->/wrk2-api/review/compose_nginx->ComposeReview_nginx->UploadMovieId_movie-id-service
------------------------------------------------------------------------------------
span = 9
trace_id = abf1e60939d278ff
span_id = 2c209f13df944b44
parent_id = d01977c6c5fa5b6f
start_time = 1682628698119010
end_time = 1682628698119302
inclusive_time = 292
exclusive_time = 292
process_id = p2
operationName = MmcGetMovieId
serviceName = movie-id-service
call path = ->/wrk2-api/review/compose_nginx->/wrk2-api/review/compose_nginx->ComposeReview_nginx->UploadMovieId_movie-id-service
------------------------------------------------------------------------------------
