span = 0
span_id = 162534171b8eea9c
parent_id = None
start_time = 1682628697927000
end_time = 1682628697931671
inclusive_time = 4671
exclusive_time = 319
process_id = p7
operationName = /wrk2-api/review/compose
serviceName = nginx
------------------------------------------------------------------------------------
span = 1
span_id = f41304062ec8dbff
parent_id = 162534171b8eea9c
start_time = 1682628697927319
end_time = 1682628697931671
inclusive_time = 4352
exclusive_time = 103
process_id = p7
operationName = /wrk2-api/review/compose
serviceName = nginx
------------------------------------------------------------------------------------
span = 2
span_id = d898d43dbfaf461f
parent_id = f41304062ec8dbff
start_time = 1682628697927361
end_time = 1682628697931610
inclusive_time = 4249
exclusive_time = 598
process_id = p7
operationName = ComposeReview
serviceName = nginx
------------------------------------------------------------------------------------
span = 3
span_id = bb44fa0fb554460a
parent_id = d898d43dbfaf461f
start_time = 1682628697927659
end_time = 1682628697931213
inclusive_time = 3554
exclusive_time = 336
process_id = p8
operationName = UploadMovieId
serviceName = movie-id-service
------------------------------------------------------------------------------------
span = 4
span_id = 4802831ea4fd5818
parent_id = bb44fa0fb554460a
start_time = 1682628697928014
end_time = 1682628697931026
inclusive_time = 3012
exclusive_time = 263
process_id = p5
operationName = UploadRating
serviceName = rating-service
------------------------------------------------------------------------------------
span = 5
span_id = 1d4fa7f5b861a402
parent_id = 4802831ea4fd5818
start_time = 1682628697928177
end_time = 1682628697930926
inclusive_time = 2749
exclusive_time = 1312
process_id = p4
operationName = UploadRating
serviceName = compose-review-service
------------------------------------------------------------------------------------
span = 6
span_id = 59d23bb55acc3703
parent_id = 1d4fa7f5b861a402
start_time = 1682628697929166
end_time = 1682628697930543
inclusive_time = 1377
exclusive_time = 19
process_id = p1
operationName = UploadMovieReview
serviceName = movie-review-service
------------------------------------------------------------------------------------
span = 7
span_id = 85cffbb7d7090174
parent_id = 59d23bb55acc3703
start_time = 1682628697929185
end_time = 1682628697930548
inclusive_time = 1363
exclusive_time = 1363
process_id = p1
operationName = MongoFindMovie
serviceName = movie-review-service
------------------------------------------------------------------------------------
span = 8
span_id = 67b120bb985a11a9
parent_id = bb44fa0fb554460a
start_time = 1682628697927897
end_time = 1682628697927990
inclusive_time = 93
exclusive_time = 93
process_id = p8
operationName = MmcSetMovieId
serviceName = movie-id-service
------------------------------------------------------------------------------------
span = 9
span_id = 1a68df38667d43e9
parent_id = bb44fa0fb554460a
start_time = 1682628697927672
end_time = 1682628697927785
inclusive_time = 113
exclusive_time = 113
process_id = p8
operationName = MmcGetMovieId
serviceName = movie-id-service
------------------------------------------------------------------------------------
