span = 0
span_id = b2f255e732b5b3e1
parent_id = None
start_time = 1682628698174000
end_time = 1682628698179178
inclusive_time = 5178
exclusive_time = 635
process_id = p7
operationName = /wrk2-api/review/compose
serviceName = nginx
------------------------------------------------------------------------------------
span = 1
span_id = 9b121c113ff39c93
parent_id = b2f255e732b5b3e1
start_time = 1682628698174634
end_time = 1682628698179177
inclusive_time = 4543
exclusive_time = 122
process_id = p7
operationName = /wrk2-api/review/compose
serviceName = nginx
------------------------------------------------------------------------------------
span = 2
span_id = 54da300ecaf7d4fb
parent_id = 9b121c113ff39c93
start_time = 1682628698174708
end_time = 1682628698179129
inclusive_time = 4421
exclusive_time = 822
process_id = p7
operationName = ComposeReview
serviceName = nginx
------------------------------------------------------------------------------------
span = 3
span_id = 225d4d1c5bd87ff1
parent_id = 54da300ecaf7d4fb
start_time = 1682628698175025
end_time = 1682628698178514
inclusive_time = 3489
exclusive_time = 398
process_id = p5
operationName = UploadMovieId
serviceName = movie-id-service
------------------------------------------------------------------------------------
span = 4
span_id = daa3663f2f298172
parent_id = 225d4d1c5bd87ff1
start_time = 1682628698175564
end_time = 1682628698178401
inclusive_time = 2837
exclusive_time = 355
process_id = p10
operationName = UploadRating
serviceName = rating-service
------------------------------------------------------------------------------------
span = 5
span_id = 0b6979faae7b85ff
parent_id = daa3663f2f298172
start_time = 1682628698175757
end_time = 1682628698178239
inclusive_time = 2482
exclusive_time = 1078
process_id = p1
operationName = UploadRating
serviceName = compose-review-service
------------------------------------------------------------------------------------
span = 6
span_id = a289f622be98f57e
parent_id = 0b6979faae7b85ff
start_time = 1682628698176768
end_time = 1682628698178013
inclusive_time = 1245
exclusive_time = 26
process_id = p2
operationName = UploadMovieReview
serviceName = movie-review-service
------------------------------------------------------------------------------------
span = 7
span_id = dc44804d9b32b3af
parent_id = a289f622be98f57e
start_time = 1682628698176794
end_time = 1682628698178019
inclusive_time = 1225
exclusive_time = 1225
process_id = p2
operationName = MongoFindMovie
serviceName = movie-review-service
------------------------------------------------------------------------------------
span = 8
span_id = 31874e9b433b7277
parent_id = 225d4d1c5bd87ff1
start_time = 1682628698175355
end_time = 1682628698175455
inclusive_time = 100
exclusive_time = 100
process_id = p5
operationName = MmcSetMovieId
serviceName = movie-id-service
------------------------------------------------------------------------------------
span = 9
span_id = de76d187fefe4d4e
parent_id = 225d4d1c5bd87ff1
start_time = 1682628698175043
end_time = 1682628698175197
inclusive_time = 154
exclusive_time = 154
process_id = p5
operationName = MmcGetMovieId
serviceName = movie-id-service
------------------------------------------------------------------------------------
