span = 0
trace_id = 522b8954d7c948a4
span_id = 522b8954d7c948a4
parent_id = None
start_time = 1682628698283000
end_time = 1682628698287549
inclusive_time = 4549
exclusive_time = 29
process_id = p2
operationName = /wrk2-api/review/compose
serviceName = nginx
call path = 
------------------------------------------------------------------------------------
span = 1
trace_id = 522b8954d7c948a4
span_id = b25b700f88d008cf
parent_id = 522b8954d7c948a4
start_time = 1682628698283029
end_time = 1682628698287549
inclusive_time = 4520
exclusive_time = 107
process_id = p2
operationName = /wrk2-api/review/compose
serviceName = nginx
call path = ->/wrk2-api/review/compose_nginx
------------------------------------------------------------------------------------
span = 2
trace_id = 522b8954d7c948a4
span_id = f9d5a0f244c00d99
parent_id = b25b700f88d008cf
start_time = 1682628698283077
end_time = 1682628698287490
inclusive_time = 4413
exclusive_time = 616
process_id = p2
operationName = ComposeReview
serviceName = nginx
call path = ->/wrk2-api/review/compose_nginx->/wrk2-api/review/compose_nginx
------------------------------------------------------------------------------------
span = 3
trace_id = 522b8954d7c948a4
span_id = 9d111e24e038e3f6
parent_id = f9d5a0f244c00d99
start_time = 1682628698283758
end_time = 1682628698287196
inclusive_time = 3438
exclusive_time = 283
process_id = p6
operationName = UploadUniqueId
serviceName = unique-id-service
call path = ->/wrk2-api/review/compose_nginx->/wrk2-api/review/compose_nginx->ComposeReview_nginx
------------------------------------------------------------------------------------
span = 4
trace_id = 522b8954d7c948a4
span_id = fc0187a8bea20b65
parent_id = 9d111e24e038e3f6
start_time = 1682628698283973
end_time = 1682628698287128
inclusive_time = 3155
exclusive_time = 1565
process_id = p4
operationName = UploadUniqueId
serviceName = compose-review-service
call path = ->/wrk2-api/review/compose_nginx->/wrk2-api/review/compose_nginx->ComposeReview_nginx->UploadUniqueId_unique-id-service
------------------------------------------------------------------------------------
span = 5
trace_id = 522b8954d7c948a4
span_id = db1474627e5881f0
parent_id = fc0187a8bea20b65
start_time = 1682628698285588
end_time = 1682628698286859
inclusive_time = 1271
exclusive_time = 36
process_id = p8
operationName = UploadMovieReview
serviceName = movie-review-service
call path = ->/wrk2-api/review/compose_nginx->/wrk2-api/review/compose_nginx->ComposeReview_nginx->UploadUniqueId_unique-id-service->UploadUniqueId_compose-review-service
------------------------------------------------------------------------------------
span = 6
trace_id = 522b8954d7c948a4
span_id = f549a4d950b7c790
parent_id = db1474627e5881f0
start_time = 1682628698285624
end_time = 1682628698286864
inclusive_time = 1240
exclusive_time = 1240
process_id = p8
operationName = MongoFindMovie
serviceName = movie-review-service
call path = ->/wrk2-api/review/compose_nginx->/wrk2-api/review/compose_nginx->ComposeReview_nginx->UploadUniqueId_unique-id-service->UploadUniqueId_compose-review-service->UploadMovieReview_movie-review-service
------------------------------------------------------------------------------------
