span = 0
trace_id = fee6d35bcf25d446
span_id = fee6d35bcf25d446
parent_id = None
start_time = 1682628698279000
end_time = 1682628698283808
inclusive_time = 4808
exclusive_time = 157
process_id = p2
operationName = /wrk2-api/review/compose
serviceName = nginx
------------------------------------------------------------------------------------
span = 1
trace_id = fee6d35bcf25d446
span_id = 75d14e49b49dd704
parent_id = fee6d35bcf25d446
start_time = 1682628698279156
end_time = 1682628698283807
inclusive_time = 4651
exclusive_time = 101
process_id = p2
operationName = /wrk2-api/review/compose
serviceName = nginx
------------------------------------------------------------------------------------
span = 2
trace_id = fee6d35bcf25d446
span_id = b7b84a55a55cf4e0
parent_id = 75d14e49b49dd704
start_time = 1682628698279196
end_time = 1682628698283746
inclusive_time = 4550
exclusive_time = 591
process_id = p2
operationName = ComposeReview
serviceName = nginx
------------------------------------------------------------------------------------
span = 3
trace_id = fee6d35bcf25d446
span_id = dac86c5dacb136ac
parent_id = b7b84a55a55cf4e0
start_time = 1682628698279572
end_time = 1682628698283341
inclusive_time = 3769
exclusive_time = 333
process_id = p5
operationName = UploadMovieId
serviceName = movie-id-service
------------------------------------------------------------------------------------
span = 4
trace_id = fee6d35bcf25d446
span_id = fa947e8116d95718
parent_id = dac86c5dacb136ac
start_time = 1682628698279973
end_time = 1682628698283185
inclusive_time = 3212
exclusive_time = 1886
process_id = p4
operationName = UploadMovieId
serviceName = compose-review-service
------------------------------------------------------------------------------------
span = 5
trace_id = fee6d35bcf25d446
span_id = 406a799e7434fd33
parent_id = fa947e8116d95718
start_time = 1682628698281800
end_time = 1682628698283086
inclusive_time = 1286
exclusive_time = 27
process_id = p8
operationName = UploadMovieReview
serviceName = movie-review-service
------------------------------------------------------------------------------------
span = 6
trace_id = fee6d35bcf25d446
span_id = c6520440ee3d1899
parent_id = 406a799e7434fd33
start_time = 1682628698281827
end_time = 1682628698283091
inclusive_time = 1264
exclusive_time = 1264
process_id = p8
operationName = MongoFindMovie
serviceName = movie-review-service
------------------------------------------------------------------------------------
span = 7
trace_id = fee6d35bcf25d446
span_id = 07c56258a1b093ce
parent_id = dac86c5dacb136ac
start_time = 1682628698279591
end_time = 1682628698279712
inclusive_time = 121
exclusive_time = 121
process_id = p5
operationName = MmcGetMovieId
serviceName = movie-id-service
------------------------------------------------------------------------------------
