span = 0
trace_id = 1006eceb986dbd05
span_id = 1006eceb986dbd05
parent_id = None
start_time = 1682628697992000
end_time = 1682628697997165
inclusive_time = 5165
exclusive_time = 717
process_id = p4
operationName = /wrk2-api/review/compose
serviceName = nginx
call path = 
------------------------------------------------------------------------------------
span = 1
trace_id = 1006eceb986dbd05
span_id = 252ca121466792b6
parent_id = 1006eceb986dbd05
start_time = 1682628697992717
end_time = 1682628697997165
inclusive_time = 4448
exclusive_time = 90
process_id = p4
operationName = /wrk2-api/review/compose
serviceName = nginx
call path = ->/wrk2-api/review/compose_nginx
------------------------------------------------------------------------------------
span = 2
trace_id = 1006eceb986dbd05
span_id = 02ea154271495de5
parent_id = 252ca121466792b6
start_time = 1682628697992759
end_time = 1682628697997117
inclusive_time = 4358
exclusive_time = 542
process_id = p4
operationName = ComposeReview
serviceName = nginx
call path = ->/wrk2-api/review/compose_nginx->/wrk2-api/review/compose_nginx
------------------------------------------------------------------------------------
span = 3
trace_id = 1006eceb986dbd05
span_id = 1b8d694f181af1ad
parent_id = 02ea154271495de5
start_time = 1682628697993207
end_time = 1682628697996767
inclusive_time = 3560
exclusive_time = 373
process_id = p3
operationName = UploadMovieId
serviceName = movie-id-service
call path = ->/wrk2-api/review/compose_nginx->/wrk2-api/review/compose_nginx->ComposeReview_nginx
------------------------------------------------------------------------------------
span = 4
trace_id = 1006eceb986dbd05
span_id = bbb4e0d4fbe3b041
parent_id = 1b8d694f181af1ad
start_time = 1682628697993824
end_time = 1682628697996638
inclusive_time = 2814
exclusive_time = 308
process_id = p10
operationName = UploadRating
serviceName = rating-service
call path = ->/wrk2-api/review/compose_nginx->/wrk2-api/review/compose_nginx->ComposeReview_nginx->UploadMovieId_movie-id-service
------------------------------------------------------------------------------------
span = 5
trace_id = 1006eceb986dbd05
span_id = 6e99247ced773584
parent_id = bbb4e0d4fbe3b041
start_time = 1682628697994028
end_time = 1682628697996534
inclusive_time = 2506
exclusive_time = 1172
process_id = p6
operationName = UploadRating
serviceName = compose-review-service
call path = ->/wrk2-api/review/compose_nginx->/wrk2-api/review/compose_nginx->ComposeReview_nginx->UploadMovieId_movie-id-service->UploadRating_rating-service
------------------------------------------------------------------------------------
span = 6
trace_id = 1006eceb986dbd05
span_id = 6a35bd7c66f0eb7d
parent_id = 6e99247ced773584
start_time = 1682628697995123
end_time = 1682628697996426
inclusive_time = 1303
exclusive_time = 18
process_id = p2
operationName = UploadMovieReview
serviceName = movie-review-service
call path = ->/wrk2-api/review/compose_nginx->/wrk2-api/review/compose_nginx->ComposeReview_nginx->UploadMovieId_movie-id-service->UploadRating_rating-service->UploadRating_compose-review-service
------------------------------------------------------------------------------------
span = 7
trace_id = 1006eceb986dbd05
span_id = 7d2ce116dd0e01ec
parent_id = 6a35bd7c66f0eb7d
start_time = 1682628697995141
end_time = 1682628697996429
inclusive_time = 1288
exclusive_time = 1288
process_id = p2
operationName = MongoFindMovie
serviceName = movie-review-service
call path = ->/wrk2-api/review/compose_nginx->/wrk2-api/review/compose_nginx->ComposeReview_nginx->UploadMovieId_movie-id-service->UploadRating_rating-service->UploadRating_compose-review-service->UploadMovieReview_movie-review-service
------------------------------------------------------------------------------------
span = 8
trace_id = 1006eceb986dbd05
span_id = 287fd56168a45c9d
parent_id = 1b8d694f181af1ad
start_time = 1682628697993654
end_time = 1682628697993757
inclusive_time = 103
exclusive_time = 103
process_id = p3
operationName = MmcSetMovieId
serviceName = movie-id-service
call path = ->/wrk2-api/review/compose_nginx->/wrk2-api/review/compose_nginx->ComposeReview_nginx->UploadMovieId_movie-id-service
------------------------------------------------------------------------------------
span = 9
trace_id = 1006eceb986dbd05
span_id = 753f4ce14e97d536
parent_id = 1b8d694f181af1ad
start_time = 1682628697993219
end_time = 1682628697993422
inclusive_time = 203
exclusive_time = 203
process_id = p3
operationName = MmcGetMovieId
serviceName = movie-id-service
call path = ->/wrk2-api/review/compose_nginx->/wrk2-api/review/compose_nginx->ComposeReview_nginx->UploadMovieId_movie-id-service
------------------------------------------------------------------------------------
