span = 0
trace_id = f423b7042a37c29c
span_id = f423b7042a37c29c
parent_id = None
start_time = 1682628697948000
end_time = 1682628697953057
inclusive_time = 5057
exclusive_time = 590
process_id = p8
operationName = /wrk2-api/review/compose
serviceName = nginx
call path = 
------------------------------------------------------------------------------------
span = 1
trace_id = f423b7042a37c29c
span_id = 0ee19b8e88bc18e9
parent_id = f423b7042a37c29c
start_time = 1682628697948589
end_time = 1682628697953056
inclusive_time = 4467
exclusive_time = 100
process_id = p8
operationName = /wrk2-api/review/compose
serviceName = nginx
call path = ->/wrk2-api/review/compose_nginx
------------------------------------------------------------------------------------
span = 2
trace_id = f423b7042a37c29c
span_id = 5fda9affb3fc60e5
parent_id = 0ee19b8e88bc18e9
start_time = 1682628697948632
end_time = 1682628697952999
inclusive_time = 4367
exclusive_time = 254
process_id = p8
operationName = ComposeReview
serviceName = nginx
call path = ->/wrk2-api/review/compose_nginx->/wrk2-api/review/compose_nginx
------------------------------------------------------------------------------------
span = 3
trace_id = f423b7042a37c29c
span_id = 1e539bcf51d4e45d
parent_id = 5fda9affb3fc60e5
start_time = 1682628697949012
end_time = 1682628697952920
inclusive_time = 3908
exclusive_time = 620
process_id = p7
operationName = UploadMovieId
serviceName = movie-id-service
call path = ->/wrk2-api/review/compose_nginx->/wrk2-api/review/compose_nginx->ComposeReview_nginx
------------------------------------------------------------------------------------
span = 4
trace_id = f423b7042a37c29c
span_id = d5790b37c2e5324d
parent_id = 1e539bcf51d4e45d
start_time = 1682628697949781
end_time = 1682628697952794
inclusive_time = 3013
exclusive_time = 294
process_id = p4
operationName = UploadRating
serviceName = rating-service
call path = ->/wrk2-api/review/compose_nginx->/wrk2-api/review/compose_nginx->ComposeReview_nginx->UploadMovieId_movie-id-service
------------------------------------------------------------------------------------
span = 5
trace_id = f423b7042a37c29c
span_id = 9872453f2345fb05
parent_id = d5790b37c2e5324d
start_time = 1682628697950005
end_time = 1682628697952697
inclusive_time = 2692
exclusive_time = 1275
process_id = p3
operationName = UploadRating
serviceName = compose-review-service
call path = ->/wrk2-api/review/compose_nginx->/wrk2-api/review/compose_nginx->ComposeReview_nginx->UploadMovieId_movie-id-service->UploadRating_rating-service
------------------------------------------------------------------------------------
span = 6
trace_id = f423b7042a37c29c
span_id = 54d92ffe3f8bb0a3
parent_id = 9872453f2345fb05
start_time = 1682628697951308
end_time = 1682628697952543
inclusive_time = 1235
exclusive_time = 29
process_id = p6
operationName = UploadMovieReview
serviceName = movie-review-service
call path = ->/wrk2-api/review/compose_nginx->/wrk2-api/review/compose_nginx->ComposeReview_nginx->UploadMovieId_movie-id-service->UploadRating_rating-service->UploadRating_compose-review-service
------------------------------------------------------------------------------------
span = 7
trace_id = f423b7042a37c29c
span_id = 80895ec1d7cc86d4
parent_id = 54d92ffe3f8bb0a3
start_time = 1682628697951337
end_time = 1682628697952547
inclusive_time = 1210
exclusive_time = 1210
process_id = p6
operationName = MongoFindMovie
serviceName = movie-review-service
call path = ->/wrk2-api/review/compose_nginx->/wrk2-api/review/compose_nginx->ComposeReview_nginx->UploadMovieId_movie-id-service->UploadRating_rating-service->UploadRating_compose-review-service->UploadMovieReview_movie-review-service
------------------------------------------------------------------------------------
span = 8
trace_id = f423b7042a37c29c
span_id = 93c749f75cd31938
parent_id = 1e539bcf51d4e45d
start_time = 1682628697949364
end_time = 1682628697949452
inclusive_time = 88
exclusive_time = 88
process_id = p7
operationName = MmcSetMovieId
serviceName = movie-id-service
call path = ->/wrk2-api/review/compose_nginx->/wrk2-api/review/compose_nginx->ComposeReview_nginx->UploadMovieId_movie-id-service
------------------------------------------------------------------------------------
span = 9
trace_id = f423b7042a37c29c
span_id = c7d5572462030e58
parent_id = 1e539bcf51d4e45d
start_time = 1682628697949031
end_time = 1682628697949131
inclusive_time = 100
exclusive_time = 100
process_id = p7
operationName = MmcGetMovieId
serviceName = movie-id-service
call path = ->/wrk2-api/review/compose_nginx->/wrk2-api/review/compose_nginx->ComposeReview_nginx->UploadMovieId_movie-id-service
------------------------------------------------------------------------------------
