span = 0
trace_id = 3263949734c760d0
span_id = 3263949734c760d0
parent_id = None
start_time = 1682628698067000
end_time = 1682628698073416
inclusive_time = 6416
exclusive_time = 504
process_id = p1
operationName = /wrk2-api/review/compose
serviceName = nginx
call path = 
------------------------------------------------------------------------------------
span = 1
trace_id = 3263949734c760d0
span_id = d767c89a7511b3b6
parent_id = 3263949734c760d0
start_time = 1682628698067504
end_time = 1682628698073416
inclusive_time = 5912
exclusive_time = 88
process_id = p1
operationName = /wrk2-api/review/compose
serviceName = nginx
call path = ->/wrk2-api/review/compose_nginx
------------------------------------------------------------------------------------
span = 2
trace_id = 3263949734c760d0
span_id = d4b309aa8a7e9d71
parent_id = d767c89a7511b3b6
start_time = 1682628698067537
end_time = 1682628698073361
inclusive_time = 5824
exclusive_time = 291
process_id = p1
operationName = ComposeReview
serviceName = nginx
call path = ->/wrk2-api/review/compose_nginx->/wrk2-api/review/compose_nginx
------------------------------------------------------------------------------------
span = 3
trace_id = 3263949734c760d0
span_id = ef42df23ffd39661
parent_id = d4b309aa8a7e9d71
start_time = 1682628698067931
end_time = 1682628698073229
inclusive_time = 5298
exclusive_time = 290
process_id = p10
operationName = UploadText
serviceName = text-service
call path = ->/wrk2-api/review/compose_nginx->/wrk2-api/review/compose_nginx->ComposeReview_nginx
------------------------------------------------------------------------------------
span = 4
trace_id = 3263949734c760d0
span_id = 6fb03fea15afb652
parent_id = ef42df23ffd39661
start_time = 1682628698068032
end_time = 1682628698073040
inclusive_time = 5008
exclusive_time = 3470
process_id = p3
operationName = UploadText
serviceName = compose-review-service
call path = ->/wrk2-api/review/compose_nginx->/wrk2-api/review/compose_nginx->ComposeReview_nginx->UploadText_text-service
------------------------------------------------------------------------------------
span = 5
trace_id = 3263949734c760d0
span_id = d9826798c086ddb7
parent_id = 6fb03fea15afb652
start_time = 1682628698071460
end_time = 1682628698072907
inclusive_time = 1447
exclusive_time = 28
process_id = p2
operationName = UploadMovieReview
serviceName = movie-review-service
call path = ->/wrk2-api/review/compose_nginx->/wrk2-api/review/compose_nginx->ComposeReview_nginx->UploadText_text-service->UploadText_compose-review-service
------------------------------------------------------------------------------------
span = 6
trace_id = 3263949734c760d0
span_id = 0b21a74859d059c1
parent_id = d9826798c086ddb7
start_time = 1682628698071488
end_time = 1682628698072912
inclusive_time = 1424
exclusive_time = 1424
process_id = p2
operationName = MongoFindMovie
serviceName = movie-review-service
call path = ->/wrk2-api/review/compose_nginx->/wrk2-api/review/compose_nginx->ComposeReview_nginx->UploadText_text-service->UploadText_compose-review-service->UploadMovieReview_movie-review-service
------------------------------------------------------------------------------------
