span = 0
trace_id = 7cf5e64ea6f1e51d
span_id = 7cf5e64ea6f1e51d
parent_id = None
start_time = 1682628698303000
end_time = 1682628698307314
inclusive_time = 4314
exclusive_time = 479
process_id = p10
operationName = /wrk2-api/review/compose
serviceName = nginx
------------------------------------------------------------------------------------
span = 1
trace_id = 7cf5e64ea6f1e51d
span_id = e1b292b37607c025
parent_id = 7cf5e64ea6f1e51d
start_time = 1682628698303479
end_time = 1682628698307314
inclusive_time = 3835
exclusive_time = 82
process_id = p10
operationName = /wrk2-api/review/compose
serviceName = nginx
------------------------------------------------------------------------------------
span = 2
trace_id = 7cf5e64ea6f1e51d
span_id = c7455fa002051404
parent_id = e1b292b37607c025
start_time = 1682628698303514
end_time = 1682628698307267
inclusive_time = 3753
exclusive_time = 467
process_id = p10
operationName = ComposeReview
serviceName = nginx
------------------------------------------------------------------------------------
span = 3
trace_id = 7cf5e64ea6f1e51d
span_id = 470bf0f96f6b1c95
parent_id = c7455fa002051404
start_time = 1682628698303809
end_time = 1682628698306963
inclusive_time = 3154
exclusive_time = 317
process_id = p3
operationName = UploadMovieId
serviceName = movie-id-service
------------------------------------------------------------------------------------
span = 4
trace_id = 7cf5e64ea6f1e51d
span_id = 4e8981018bc5ce31
parent_id = 470bf0f96f6b1c95
start_time = 1682628698304326
end_time = 1682628698306852
inclusive_time = 2526
exclusive_time = 273
process_id = p9
operationName = UploadRating
serviceName = rating-service
------------------------------------------------------------------------------------
span = 5
trace_id = 7cf5e64ea6f1e51d
span_id = 369bb6c3ee3cdb0d
parent_id = 4e8981018bc5ce31
start_time = 1682628698304484
end_time = 1682628698306737
inclusive_time = 2253
exclusive_time = 919
process_id = p2
operationName = UploadRating
serviceName = compose-review-service
------------------------------------------------------------------------------------
span = 6
trace_id = 7cf5e64ea6f1e51d
span_id = 399b23aef51dfa30
parent_id = 369bb6c3ee3cdb0d
start_time = 1682628698305347
end_time = 1682628698306590
inclusive_time = 1243
exclusive_time = 28
process_id = p6
operationName = UploadMovieReview
serviceName = movie-review-service
------------------------------------------------------------------------------------
span = 7
trace_id = 7cf5e64ea6f1e51d
span_id = ce14631730afbd55
parent_id = 399b23aef51dfa30
start_time = 1682628698305375
end_time = 1682628698306593
inclusive_time = 1218
exclusive_time = 1218
process_id = p6
operationName = MongoFindMovie
serviceName = movie-review-service
------------------------------------------------------------------------------------
span = 8
trace_id = 7cf5e64ea6f1e51d
span_id = 08acc9b92942ddca
parent_id = 470bf0f96f6b1c95
start_time = 1682628698304104
end_time = 1682628698304204
inclusive_time = 100
exclusive_time = 100
process_id = p3
operationName = MmcSetMovieId
serviceName = movie-id-service
------------------------------------------------------------------------------------
span = 9
trace_id = 7cf5e64ea6f1e51d
span_id = c09740438ace28c9
parent_id = 470bf0f96f6b1c95
start_time = 1682628698303831
end_time = 1682628698303967
inclusive_time = 136
exclusive_time = 136
process_id = p3
operationName = MmcGetMovieId
serviceName = movie-id-service
------------------------------------------------------------------------------------
