span = 0
trace_id = d01f11cacb42384f
span_id = d01f11cacb42384f
parent_id = None
start_time = 1682628697937000
end_time = 1682628697941169
inclusive_time = 4169
exclusive_time = 459
process_id = p8
operationName = /wrk2-api/review/compose
serviceName = nginx
call path = 
------------------------------------------------------------------------------------
span = 1
trace_id = d01f11cacb42384f
span_id = 03778e71acd66cbc
parent_id = d01f11cacb42384f
start_time = 1682628697937458
end_time = 1682628697941168
inclusive_time = 3710
exclusive_time = 120
process_id = p8
operationName = /wrk2-api/review/compose
serviceName = nginx
call path = ->/wrk2-api/review/compose_nginx
------------------------------------------------------------------------------------
span = 2
trace_id = d01f11cacb42384f
span_id = 35981482dd8b3ecc
parent_id = 03778e71acd66cbc
start_time = 1682628697937505
end_time = 1682628697941095
inclusive_time = 3590
exclusive_time = 339
process_id = p8
operationName = ComposeReview
serviceName = nginx
call path = ->/wrk2-api/review/compose_nginx->/wrk2-api/review/compose_nginx
------------------------------------------------------------------------------------
span = 3
trace_id = d01f11cacb42384f
span_id = 3c0517785b41edd0
parent_id = 35981482dd8b3ecc
start_time = 1682628697937818
end_time = 1682628697940955
inclusive_time = 3137
exclusive_time = 331
process_id = p7
operationName = UploadMovieId
serviceName = movie-id-service
call path = ->/wrk2-api/review/compose_nginx->/wrk2-api/review/compose_nginx->ComposeReview_nginx
------------------------------------------------------------------------------------
span = 4
trace_id = d01f11cacb42384f
span_id = 1bd80e01498ccdc2
parent_id = 3c0517785b41edd0
start_time = 1682628697938295
end_time = 1682628697940839
inclusive_time = 2544
exclusive_time = 239
process_id = p4
operationName = UploadRating
serviceName = rating-service
call path = ->/wrk2-api/review/compose_nginx->/wrk2-api/review/compose_nginx->ComposeReview_nginx->UploadMovieId_movie-id-service
------------------------------------------------------------------------------------
span = 5
trace_id = d01f11cacb42384f
span_id = 5f8d8e3958124298
parent_id = 1bd80e01498ccdc2
start_time = 1682628697938440
end_time = 1682628697940697
inclusive_time = 2257
exclusive_time = 1026
process_id = p3
operationName = UploadRating
serviceName = compose-review-service
call path = ->/wrk2-api/review/compose_nginx->/wrk2-api/review/compose_nginx->ComposeReview_nginx->UploadMovieId_movie-id-service->UploadRating_rating-service
------------------------------------------------------------------------------------
span = 6
trace_id = d01f11cacb42384f
span_id = a49c982a0a0fcc5f
parent_id = 5f8d8e3958124298
start_time = 1682628697939519
end_time = 1682628697940612
inclusive_time = 1093
exclusive_time = 26
process_id = p6
operationName = UploadMovieReview
serviceName = movie-review-service
call path = ->/wrk2-api/review/compose_nginx->/wrk2-api/review/compose_nginx->ComposeReview_nginx->UploadMovieId_movie-id-service->UploadRating_rating-service->UploadRating_compose-review-service
------------------------------------------------------------------------------------
span = 7
trace_id = d01f11cacb42384f
span_id = fb551ea19e2b47b0
parent_id = a49c982a0a0fcc5f
start_time = 1682628697939545
end_time = 1682628697940616
inclusive_time = 1071
exclusive_time = 1071
process_id = p6
operationName = MongoFindMovie
serviceName = movie-review-service
call path = ->/wrk2-api/review/compose_nginx->/wrk2-api/review/compose_nginx->ComposeReview_nginx->UploadMovieId_movie-id-service->UploadRating_rating-service->UploadRating_compose-review-service->UploadMovieReview_movie-review-service
------------------------------------------------------------------------------------
span = 8
trace_id = d01f11cacb42384f
span_id = fc2eefdce82a1c36
parent_id = 3c0517785b41edd0
start_time = 1682628697938095
end_time = 1682628697938235
inclusive_time = 140
exclusive_time = 140
process_id = p7
operationName = MmcSetMovieId
serviceName = movie-id-service
call path = ->/wrk2-api/review/compose_nginx->/wrk2-api/review/compose_nginx->ComposeReview_nginx->UploadMovieId_movie-id-service
------------------------------------------------------------------------------------
span = 9
trace_id = d01f11cacb42384f
span_id = 2ff736f86ef81fbc
parent_id = 3c0517785b41edd0
start_time = 1682628697937838
end_time = 1682628697937923
inclusive_time = 85
exclusive_time = 85
process_id = p7
operationName = MmcGetMovieId
serviceName = movie-id-service
call path = ->/wrk2-api/review/compose_nginx->/wrk2-api/review/compose_nginx->ComposeReview_nginx->UploadMovieId_movie-id-service
------------------------------------------------------------------------------------
