span = 0
span_id = a642626892fcf811
parent_id = None
start_time = 1682628697944000
end_time = 1682628697949763
inclusive_time = 5763
exclusive_time = 690
process_id = p6
operationName = /wrk2-api/review/compose
serviceName = nginx
------------------------------------------------------------------------------------
span = 1
span_id = 7ffc9292cf9f22ec
parent_id = a642626892fcf811
start_time = 1682628697944690
end_time = 1682628697949763
inclusive_time = 5073
exclusive_time = 109
process_id = p6
operationName = /wrk2-api/review/compose
serviceName = nginx
------------------------------------------------------------------------------------
span = 2
span_id = 553156a73bc7d4da
parent_id = 7ffc9292cf9f22ec
start_time = 1682628697944734
end_time = 1682628697949698
inclusive_time = 4964
exclusive_time = 509
process_id = p6
operationName = ComposeReview
serviceName = nginx
------------------------------------------------------------------------------------
span = 3
span_id = 2d32706316e357ad
parent_id = 553156a73bc7d4da
start_time = 1682628697945119
end_time = 1682628697949349
inclusive_time = 4230
exclusive_time = 159
process_id = p5
operationName = UploadText
serviceName = text-service
------------------------------------------------------------------------------------
span = 4
span_id = fc4d061bcb8b5be2
parent_id = 2d32706316e357ad
start_time = 1682628697945205
end_time = 1682628697949276
inclusive_time = 4071
exclusive_time = 2509
process_id = p3
operationName = UploadText
serviceName = compose-review-service
------------------------------------------------------------------------------------
span = 5
span_id = 5e9251a1f151fcf4
parent_id = fc4d061bcb8b5be2
start_time = 1682628697947631
end_time = 1682628697948982
inclusive_time = 1351
exclusive_time = 25
process_id = p7
operationName = UploadMovieReview
serviceName = movie-review-service
------------------------------------------------------------------------------------
span = 6
span_id = afac4b78f22519b4
parent_id = 5e9251a1f151fcf4
start_time = 1682628697947656
end_time = 1682628697948987
inclusive_time = 1331
exclusive_time = 1331
process_id = p7
operationName = MongoFindMovie
serviceName = movie-review-service
------------------------------------------------------------------------------------
