span = 0
trace_id = 7474c158990f7858
span_id = 7474c158990f7858
parent_id = None
start_time = 1682628698210000
end_time = 1682628698214772
inclusive_time = 4772
exclusive_time = 706
process_id = p6
operationName = /wrk2-api/review/compose
serviceName = nginx
------------------------------------------------------------------------------------
span = 1
trace_id = 7474c158990f7858
span_id = 5292ec8f2deccbf8
parent_id = 7474c158990f7858
start_time = 1682628698210706
end_time = 1682628698214772
inclusive_time = 4066
exclusive_time = 200
process_id = p6
operationName = /wrk2-api/review/compose
serviceName = nginx
------------------------------------------------------------------------------------
span = 2
trace_id = 7474c158990f7858
span_id = dd0fcb5ff71bb301
parent_id = 5292ec8f2deccbf8
start_time = 1682628698210765
end_time = 1682628698214631
inclusive_time = 3866
exclusive_time = 382
process_id = p6
operationName = ComposeReview
serviceName = nginx
------------------------------------------------------------------------------------
span = 3
trace_id = 7474c158990f7858
span_id = 888f93da9deb095f
parent_id = dd0fcb5ff71bb301
start_time = 1682628698211069
end_time = 1682628698214553
inclusive_time = 3484
exclusive_time = 420
process_id = p3
operationName = UploadMovieId
serviceName = movie-id-service
------------------------------------------------------------------------------------
span = 4
trace_id = 7474c158990f7858
span_id = 98e86b47b3cacc8e
parent_id = 888f93da9deb095f
start_time = 1682628698211533
end_time = 1682628698214343
inclusive_time = 2810
exclusive_time = 354
process_id = p10
operationName = UploadRating
serviceName = rating-service
------------------------------------------------------------------------------------
span = 5
trace_id = 7474c158990f7858
span_id = f79a4819fcafebf7
parent_id = 98e86b47b3cacc8e
start_time = 1682628698211717
end_time = 1682628698214160
inclusive_time = 2443
exclusive_time = 1079
process_id = p2
operationName = UploadRating
serviceName = compose-review-service
------------------------------------------------------------------------------------
span = 6
trace_id = 7474c158990f7858
span_id = baf9dfc63fabdee4
parent_id = f79a4819fcafebf7
start_time = 1682628698212715
end_time = 1682628698214041
inclusive_time = 1326
exclusive_time = 24
process_id = p1
operationName = UploadUserReview
serviceName = user-review-service
------------------------------------------------------------------------------------
span = 7
trace_id = 7474c158990f7858
span_id = 49f0e0c4b09cd86b
parent_id = baf9dfc63fabdee4
start_time = 1682628698212739
end_time = 1682628698214049
inclusive_time = 1310
exclusive_time = 1310
process_id = p1
operationName = MongoFindUser
serviceName = user-review-service
------------------------------------------------------------------------------------
span = 8
trace_id = 7474c158990f7858
span_id = 8a286686d35c0a1c
parent_id = 888f93da9deb095f
start_time = 1682628698211345
end_time = 1682628698211450
inclusive_time = 105
exclusive_time = 105
process_id = p3
operationName = MmcSetMovieId
serviceName = movie-id-service
------------------------------------------------------------------------------------
span = 9
trace_id = 7474c158990f7858
span_id = 0995f83c2fa23b59
parent_id = 888f93da9deb095f
start_time = 1682628698211085
end_time = 1682628698211176
inclusive_time = 91
exclusive_time = 91
process_id = p3
operationName = MmcGetMovieId
serviceName = movie-id-service
------------------------------------------------------------------------------------
