span = 0
trace_id = 2dd918ebd1ebbbc6
span_id = 2dd918ebd1ebbbc6
parent_id = None
start_time = 1682628697857000
end_time = 1682628697862369
inclusive_time = 5369
exclusive_time = 315
process_id = p3
operationName = /wrk2-api/review/compose
serviceName = nginx
call path = 
------------------------------------------------------------------------------------
span = 1
trace_id = 2dd918ebd1ebbbc6
span_id = d1f1d2d7a47d9419
parent_id = 2dd918ebd1ebbbc6
start_time = 1682628697857315
end_time = 1682628697862370
inclusive_time = 5055
exclusive_time = 98
process_id = p3
operationName = /wrk2-api/review/compose
serviceName = nginx
call path = ->/wrk2-api/review/compose_nginx
------------------------------------------------------------------------------------
span = 2
trace_id = 2dd918ebd1ebbbc6
span_id = 9b404ca2307cbe6d
parent_id = d1f1d2d7a47d9419
start_time = 1682628697857365
end_time = 1682628697862322
inclusive_time = 4957
exclusive_time = 1063
process_id = p3
operationName = ComposeReview
serviceName = nginx
call path = ->/wrk2-api/review/compose_nginx->/wrk2-api/review/compose_nginx
------------------------------------------------------------------------------------
span = 3
trace_id = 2dd918ebd1ebbbc6
span_id = e9a38eab341869d4
parent_id = 9b404ca2307cbe6d
start_time = 1682628697857716
end_time = 1682628697861476
inclusive_time = 3760
exclusive_time = 820
process_id = p5
operationName = UploadMovieId
serviceName = movie-id-service
call path = ->/wrk2-api/review/compose_nginx->/wrk2-api/review/compose_nginx->ComposeReview_nginx
------------------------------------------------------------------------------------
span = 4
trace_id = 2dd918ebd1ebbbc6
span_id = 329613363f04ba63
parent_id = e9a38eab341869d4
start_time = 1682628697858712
end_time = 1682628697861349
inclusive_time = 2637
exclusive_time = 239
process_id = p8
operationName = UploadRating
serviceName = rating-service
call path = ->/wrk2-api/review/compose_nginx->/wrk2-api/review/compose_nginx->ComposeReview_nginx->UploadMovieId_movie-id-service
------------------------------------------------------------------------------------
span = 5
trace_id = 2dd918ebd1ebbbc6
span_id = 3a8ff8a1eafe9940
parent_id = 329613363f04ba63
start_time = 1682628697858928
end_time = 1682628697861231
inclusive_time = 2303
exclusive_time = 1014
process_id = p4
operationName = UploadRating
serviceName = compose-review-service
call path = ->/wrk2-api/review/compose_nginx->/wrk2-api/review/compose_nginx->ComposeReview_nginx->UploadMovieId_movie-id-service->UploadRating_rating-service
------------------------------------------------------------------------------------
span = 6
trace_id = 2dd918ebd1ebbbc6
span_id = c1dba04e2d7dbd1e
parent_id = 3a8ff8a1eafe9940
start_time = 1682628697859888
end_time = 1682628697861118
inclusive_time = 1230
exclusive_time = 21
process_id = p2
operationName = UploadUserReview
serviceName = user-review-service
call path = ->/wrk2-api/review/compose_nginx->/wrk2-api/review/compose_nginx->ComposeReview_nginx->UploadMovieId_movie-id-service->UploadRating_rating-service->UploadRating_compose-review-service
------------------------------------------------------------------------------------
span = 7
trace_id = 2dd918ebd1ebbbc6
span_id = 04342d99b139d0d0
parent_id = c1dba04e2d7dbd1e
start_time = 1682628697859909
end_time = 1682628697861121
inclusive_time = 1212
exclusive_time = 1212
process_id = p2
operationName = MongoFindUser
serviceName = user-review-service
call path = ->/wrk2-api/review/compose_nginx->/wrk2-api/review/compose_nginx->ComposeReview_nginx->UploadMovieId_movie-id-service->UploadRating_rating-service->UploadRating_compose-review-service->UploadUserReview_user-review-service
------------------------------------------------------------------------------------
span = 8
trace_id = 2dd918ebd1ebbbc6
span_id = daf6c2b6416d63bc
parent_id = e9a38eab341869d4
start_time = 1682628697858449
end_time = 1682628697858550
inclusive_time = 101
exclusive_time = 101
process_id = p5
operationName = MmcSetMovieId
serviceName = movie-id-service
call path = ->/wrk2-api/review/compose_nginx->/wrk2-api/review/compose_nginx->ComposeReview_nginx->UploadMovieId_movie-id-service
------------------------------------------------------------------------------------
span = 9
trace_id = 2dd918ebd1ebbbc6
span_id = 3d516b1dbd943403
parent_id = e9a38eab341869d4
start_time = 1682628697857733
end_time = 1682628697857854
inclusive_time = 121
exclusive_time = 121
process_id = p5
operationName = MmcGetMovieId
serviceName = movie-id-service
call path = ->/wrk2-api/review/compose_nginx->/wrk2-api/review/compose_nginx->ComposeReview_nginx->UploadMovieId_movie-id-service
------------------------------------------------------------------------------------
