span = 0
trace_id = a3f733372baa958b
span_id = a3f733372baa958b
parent_id = None
start_time = 1682628698307000
end_time = 1682628698311738
inclusive_time = 4738
exclusive_time = 540
process_id = p10
operationName = /wrk2-api/review/compose
serviceName = nginx
------------------------------------------------------------------------------------
span = 1
trace_id = a3f733372baa958b
span_id = d1307e6f8fc7a3d3
parent_id = a3f733372baa958b
start_time = 1682628698307540
end_time = 1682628698311738
inclusive_time = 4198
exclusive_time = 94
process_id = p10
operationName = /wrk2-api/review/compose
serviceName = nginx
------------------------------------------------------------------------------------
span = 2
trace_id = a3f733372baa958b
span_id = 808a043319d007fb
parent_id = d1307e6f8fc7a3d3
start_time = 1682628698307576
end_time = 1682628698311680
inclusive_time = 4104
exclusive_time = 225
process_id = p10
operationName = ComposeReview
serviceName = nginx
------------------------------------------------------------------------------------
span = 3
trace_id = a3f733372baa958b
span_id = c794a816e4e55406
parent_id = 808a043319d007fb
start_time = 1682628698307836
end_time = 1682628698311624
inclusive_time = 3788
exclusive_time = 365
process_id = p3
operationName = UploadMovieId
serviceName = movie-id-service
------------------------------------------------------------------------------------
span = 4
trace_id = a3f733372baa958b
span_id = e8c8006eb2478415
parent_id = c794a816e4e55406
start_time = 1682628698308342
end_time = 1682628698311507
inclusive_time = 3165
exclusive_time = 298
process_id = p9
operationName = UploadRating
serviceName = rating-service
------------------------------------------------------------------------------------
span = 5
trace_id = a3f733372baa958b
span_id = b68a3b67a9dc989e
parent_id = e8c8006eb2478415
start_time = 1682628698308637
end_time = 1682628698311361
inclusive_time = 2724
exclusive_time = 1260
process_id = p2
operationName = UploadRating
serviceName = compose-review-service
------------------------------------------------------------------------------------
span = 6
trace_id = a3f733372baa958b
span_id = bddde84342d4d4a3
parent_id = b68a3b67a9dc989e
start_time = 1682628698309812
end_time = 1682628698311209
inclusive_time = 1397
exclusive_time = 31
process_id = p6
operationName = UploadMovieReview
serviceName = movie-review-service
------------------------------------------------------------------------------------
span = 7
trace_id = a3f733372baa958b
span_id = dee2b687ab12a2b7
parent_id = bddde84342d4d4a3
start_time = 1682628698309843
end_time = 1682628698311212
inclusive_time = 1369
exclusive_time = 1369
process_id = p6
operationName = MongoFindMovie
serviceName = movie-review-service
------------------------------------------------------------------------------------
span = 8
trace_id = a3f733372baa958b
span_id = 7b4ea901676e5b7e
parent_id = c794a816e4e55406
start_time = 1682628698308139
end_time = 1682628698308236
inclusive_time = 97
exclusive_time = 97
process_id = p3
operationName = MmcSetMovieId
serviceName = movie-id-service
------------------------------------------------------------------------------------
span = 9
trace_id = a3f733372baa958b
span_id = d6fc768c255554d8
parent_id = c794a816e4e55406
start_time = 1682628698307861
end_time = 1682628698307996
inclusive_time = 135
exclusive_time = 135
process_id = p3
operationName = MmcGetMovieId
serviceName = movie-id-service
------------------------------------------------------------------------------------
