span = 0
trace_id = f97e350e1146bf15
span_id = f97e350e1146bf15
parent_id = None
start_time = 1682628697970000
end_time = 1682628697974209
inclusive_time = 4209
exclusive_time = 232
process_id = p4
operationName = /wrk2-api/review/compose
serviceName = nginx
call path = 
------------------------------------------------------------------------------------
span = 1
trace_id = f97e350e1146bf15
span_id = 2fb8876770aaeb1c
parent_id = f97e350e1146bf15
start_time = 1682628697970231
end_time = 1682628697974208
inclusive_time = 3977
exclusive_time = 120
process_id = p4
operationName = /wrk2-api/review/compose
serviceName = nginx
call path = ->/wrk2-api/review/compose_nginx
------------------------------------------------------------------------------------
span = 2
trace_id = f97e350e1146bf15
span_id = 4414dc46323edaff
parent_id = 2fb8876770aaeb1c
start_time = 1682628697970278
end_time = 1682628697974135
inclusive_time = 3857
exclusive_time = 404
process_id = p4
operationName = ComposeReview
serviceName = nginx
call path = ->/wrk2-api/review/compose_nginx->/wrk2-api/review/compose_nginx
------------------------------------------------------------------------------------
span = 3
trace_id = f97e350e1146bf15
span_id = 40bfac9c03f1ec1a
parent_id = 4414dc46323edaff
start_time = 1682628697970556
end_time = 1682628697974009
inclusive_time = 3453
exclusive_time = 356
process_id = p6
operationName = UploadMovieId
serviceName = movie-id-service
call path = ->/wrk2-api/review/compose_nginx->/wrk2-api/review/compose_nginx->ComposeReview_nginx
------------------------------------------------------------------------------------
span = 4
trace_id = f97e350e1146bf15
span_id = 1b56b589962e53a4
parent_id = 40bfac9c03f1ec1a
start_time = 1682628697971036
end_time = 1682628697973891
inclusive_time = 2855
exclusive_time = 245
process_id = p2
operationName = UploadRating
serviceName = rating-service
call path = ->/wrk2-api/review/compose_nginx->/wrk2-api/review/compose_nginx->ComposeReview_nginx->UploadMovieId_movie-id-service
------------------------------------------------------------------------------------
span = 5
trace_id = f97e350e1146bf15
span_id = 5626d4e9b3bb745c
parent_id = 1b56b589962e53a4
start_time = 1682628697971244
end_time = 1682628697973759
inclusive_time = 2515
exclusive_time = 1395
process_id = p1
operationName = UploadRating
serviceName = compose-review-service
call path = ->/wrk2-api/review/compose_nginx->/wrk2-api/review/compose_nginx->ComposeReview_nginx->UploadMovieId_movie-id-service->UploadRating_rating-service
------------------------------------------------------------------------------------
span = 6
trace_id = f97e350e1146bf15
span_id = 47bfeff45db38699
parent_id = 5626d4e9b3bb745c
start_time = 1682628697972515
end_time = 1682628697973618
inclusive_time = 1103
exclusive_time = 18
process_id = p8
operationName = UploadUserReview
serviceName = user-review-service
call path = ->/wrk2-api/review/compose_nginx->/wrk2-api/review/compose_nginx->ComposeReview_nginx->UploadMovieId_movie-id-service->UploadRating_rating-service->UploadRating_compose-review-service
------------------------------------------------------------------------------------
span = 7
trace_id = f97e350e1146bf15
span_id = 055854485529c4a1
parent_id = 47bfeff45db38699
start_time = 1682628697972533
end_time = 1682628697973624
inclusive_time = 1091
exclusive_time = 1091
process_id = p8
operationName = MongoFindUser
serviceName = user-review-service
call path = ->/wrk2-api/review/compose_nginx->/wrk2-api/review/compose_nginx->ComposeReview_nginx->UploadMovieId_movie-id-service->UploadRating_rating-service->UploadRating_compose-review-service->UploadUserReview_user-review-service
------------------------------------------------------------------------------------
span = 8
trace_id = f97e350e1146bf15
span_id = 04f17e5075ca9e12
parent_id = 40bfac9c03f1ec1a
start_time = 1682628697970819
end_time = 1682628697970923
inclusive_time = 104
exclusive_time = 104
process_id = p6
operationName = MmcSetMovieId
serviceName = movie-id-service
call path = ->/wrk2-api/review/compose_nginx->/wrk2-api/review/compose_nginx->ComposeReview_nginx->UploadMovieId_movie-id-service
------------------------------------------------------------------------------------
span = 9
trace_id = f97e350e1146bf15
span_id = 6eac8c507477b195
parent_id = 40bfac9c03f1ec1a
start_time = 1682628697970568
end_time = 1682628697970658
inclusive_time = 90
exclusive_time = 90
process_id = p6
operationName = MmcGetMovieId
serviceName = movie-id-service
call path = ->/wrk2-api/review/compose_nginx->/wrk2-api/review/compose_nginx->ComposeReview_nginx->UploadMovieId_movie-id-service
------------------------------------------------------------------------------------
