span = 0
span_id = 3757d54721afd811
parent_id = None
start_time = 1682628698193000
end_time = 1682628698198510
inclusive_time = 5510
exclusive_time = 738
process_id = p7
operationName = /wrk2-api/review/compose
serviceName = nginx
------------------------------------------------------------------------------------
span = 1
span_id = b378e5d0f655c8b0
parent_id = 3757d54721afd811
start_time = 1682628698193738
end_time = 1682628698198510
inclusive_time = 4772
exclusive_time = 109
process_id = p7
operationName = /wrk2-api/review/compose
serviceName = nginx
------------------------------------------------------------------------------------
span = 2
span_id = 2b9ceb4beda856ca
parent_id = b378e5d0f655c8b0
start_time = 1682628698193787
end_time = 1682628698198450
inclusive_time = 4663
exclusive_time = 946
process_id = p7
operationName = ComposeReview
serviceName = nginx
------------------------------------------------------------------------------------
span = 3
span_id = cf3213de4042a8b2
parent_id = 2b9ceb4beda856ca
start_time = 1682628698194123
end_time = 1682628698197699
inclusive_time = 3576
exclusive_time = 351
process_id = p4
operationName = UploadMovieId
serviceName = movie-id-service
------------------------------------------------------------------------------------
span = 4
span_id = f09d63b1fcdaf7d5
parent_id = cf3213de4042a8b2
start_time = 1682628698194535
end_time = 1682628698197549
inclusive_time = 3014
exclusive_time = 234
process_id = p10
operationName = UploadRating
serviceName = rating-service
------------------------------------------------------------------------------------
span = 5
span_id = 6691a0cfedeffc84
parent_id = f09d63b1fcdaf7d5
start_time = 1682628698194836
end_time = 1682628698197445
inclusive_time = 2609
exclusive_time = 1309
process_id = p3
operationName = UploadRating
serviceName = compose-review-service
------------------------------------------------------------------------------------
span = 6
span_id = 83de5af437e13cda
parent_id = 6691a0cfedeffc84
start_time = 1682628698195847
end_time = 1682628698196999
inclusive_time = 1152
exclusive_time = 28
process_id = p2
operationName = UploadUserReview
serviceName = user-review-service
------------------------------------------------------------------------------------
span = 7
span_id = 425a736388e29bf7
parent_id = 83de5af437e13cda
start_time = 1682628698195875
end_time = 1682628698197004
inclusive_time = 1129
exclusive_time = 1129
process_id = p2
operationName = MongoFindUser
serviceName = user-review-service
------------------------------------------------------------------------------------
span = 8
span_id = 90d263d1c0bd0ede
parent_id = cf3213de4042a8b2
start_time = 1682628698194359
end_time = 1682628698194459
inclusive_time = 100
exclusive_time = 100
process_id = p4
operationName = MmcSetMovieId
serviceName = movie-id-service
------------------------------------------------------------------------------------
span = 9
span_id = 9968dba57e168f55
parent_id = cf3213de4042a8b2
start_time = 1682628698194143
end_time = 1682628698194243
inclusive_time = 100
exclusive_time = 100
process_id = p4
operationName = MmcGetMovieId
serviceName = movie-id-service
------------------------------------------------------------------------------------
