span = 0
span_id = fac4c44a902c71c9
parent_id = None
start_time = 1682628697929000
end_time = 1682628697934194
inclusive_time = 5194
exclusive_time = 775
process_id = p8
operationName = /wrk2-api/review/compose
serviceName = nginx
------------------------------------------------------------------------------------
span = 1
span_id = d7aa4544ff6c4a6e
parent_id = fac4c44a902c71c9
start_time = 1682628697929774
end_time = 1682628697934193
inclusive_time = 4419
exclusive_time = 103
process_id = p8
operationName = /wrk2-api/review/compose
serviceName = nginx
------------------------------------------------------------------------------------
span = 2
span_id = 2a4b0805940606ac
parent_id = d7aa4544ff6c4a6e
start_time = 1682628697929837
end_time = 1682628697934153
inclusive_time = 4316
exclusive_time = 723
process_id = p8
operationName = ComposeReview
serviceName = nginx
------------------------------------------------------------------------------------
span = 3
span_id = 6dec333238137921
parent_id = 2a4b0805940606ac
start_time = 1682628697930232
end_time = 1682628697933657
inclusive_time = 3425
exclusive_time = 414
process_id = p7
operationName = UploadMovieId
serviceName = movie-id-service
------------------------------------------------------------------------------------
span = 4
span_id = ffcdf264f4189fc0
parent_id = 6dec333238137921
start_time = 1682628697930705
end_time = 1682628697933526
inclusive_time = 2821
exclusive_time = 240
process_id = p5
operationName = UploadRating
serviceName = rating-service
------------------------------------------------------------------------------------
span = 5
span_id = a3af1c61169e2569
parent_id = ffcdf264f4189fc0
start_time = 1682628697930890
end_time = 1682628697933426
inclusive_time = 2536
exclusive_time = 891
process_id = p4
operationName = UploadRating
serviceName = compose-review-service
------------------------------------------------------------------------------------
span = 6
span_id = 25e7735ef182e480
parent_id = a3af1c61169e2569
start_time = 1682628697931560
end_time = 1682628697933205
inclusive_time = 1645
exclusive_time = 17
process_id = p3
operationName = UploadUserReview
serviceName = user-review-service
------------------------------------------------------------------------------------
span = 7
span_id = 42aa98572af95698
parent_id = 25e7735ef182e480
start_time = 1682628697931577
end_time = 1682628697933213
inclusive_time = 1636
exclusive_time = 1636
process_id = p3
operationName = MongoFindUser
serviceName = user-review-service
------------------------------------------------------------------------------------
span = 8
span_id = b1f132ba91f58832
parent_id = 6dec333238137921
start_time = 1682628697930488
end_time = 1682628697930567
inclusive_time = 79
exclusive_time = 79
process_id = p7
operationName = MmcSetMovieId
serviceName = movie-id-service
------------------------------------------------------------------------------------
span = 9
span_id = ea0a4e820520ee80
parent_id = 6dec333238137921
start_time = 1682628697930251
end_time = 1682628697930362
inclusive_time = 111
exclusive_time = 111
process_id = p7
operationName = MmcGetMovieId
serviceName = movie-id-service
------------------------------------------------------------------------------------
