span 0
span_id = 01a02b394f8c764b
parent_id = None
start_time = 1682628698288000
end_time = 1682628698293405
inclusive_time = 5405
exclusive_time = 814
process_id = p1
operationName = /wrk2-api/review/compose
serviceName = None
------------------------------------------------------------------------------------
span 1
span_id = 5c56e20fa219ebc2
parent_id = 01a02b394f8c764b
start_time = 1682628698288813
end_time = 1682628698293404
inclusive_time = 4591
exclusive_time = 117
process_id = p1
operationName = /wrk2-api/review/compose
serviceName = None
------------------------------------------------------------------------------------
span 2
span_id = 427d092c2b6b0115
parent_id = 5c56e20fa219ebc2
start_time = 1682628698288860
end_time = 1682628698293334
inclusive_time = 4474
exclusive_time = 278
process_id = p1
operationName = ComposeReview
serviceName = None
------------------------------------------------------------------------------------
span 3
span_id = 66797f979ad7c115
parent_id = 427d092c2b6b0115
start_time = 1682628698289163
end_time = 1682628698293247
inclusive_time = 4084
exclusive_time = 820
process_id = p4
operationName = UploadMovieId
serviceName = None
------------------------------------------------------------------------------------
span 4
span_id = 1093431284b239fe
parent_id = 66797f979ad7c115
start_time = 1682628698289999
end_time = 1682628698293084
inclusive_time = 3085
exclusive_time = 284
process_id = p10
operationName = UploadRating
serviceName = None
------------------------------------------------------------------------------------
span 5
span_id = fd292c0b305569bb
parent_id = 1093431284b239fe
start_time = 1682628698290311
end_time = 1682628698292949
inclusive_time = 2638
exclusive_time = 1163
process_id = p3
operationName = UploadRating
serviceName = None
------------------------------------------------------------------------------------
span 6
span_id = f4d51ec5bfc76aa8
parent_id = fd292c0b305569bb
start_time = 1682628698291307
end_time = 1682628698292695
inclusive_time = 1388
exclusive_time = 31
process_id = p7
operationName = UploadMovieReview
serviceName = None
------------------------------------------------------------------------------------
span 7
span_id = 389d57773e77ef00
parent_id = f4d51ec5bfc76aa8
start_time = 1682628698291338
end_time = 1682628698292700
inclusive_time = 1362
exclusive_time = 1362
process_id = p7
operationName = MongoFindMovie
serviceName = None
------------------------------------------------------------------------------------
span 8
span_id = 6be53ff8a0331b31
parent_id = 66797f979ad7c115
start_time = 1682628698289174
end_time = 1682628698289253
inclusive_time = 79
exclusive_time = 79
process_id = p4
operationName = MmcGetMovieId
serviceName = None
------------------------------------------------------------------------------------
