span 0
span_id = a6ca1db9bcd6f5b6
parent_id = None
start_time = 1682638467992000
end_time = 1682638467992416
inclusive_time = 416
exclusive_time = 264
process_id = p1
operationName = 
serviceName = None
------------------------------------------------------------------------------------
span 1
span_id = 1f86a45de584e62f
parent_id = a6ca1db9bcd6f5b6
start_time = 1682638467992264
end_time = 1682638467992416
inclusive_time = 152
exclusive_time = 152
process_id = p1
operationName = 
serviceName = None
------------------------------------------------------------------------------------
