span = 0
trace_id = 4fc89e5a1c4517ba
span_id = 4fc89e5a1c4517ba
parent_id = None
start_time = 1682628698283000
end_time = 1682628698288359
inclusive_time = 5359
exclusive_time = 757
process_id = p2
operationName = /wrk2-api/review/compose
serviceName = nginx
------------------------------------------------------------------------------------
span = 1
trace_id = 4fc89e5a1c4517ba
span_id = e5efe0188a8065ad
parent_id = 4fc89e5a1c4517ba
start_time = 1682628698283757
end_time = 1682628698288359
inclusive_time = 4602
exclusive_time = 102
process_id = p2
operationName = /wrk2-api/review/compose
serviceName = nginx
------------------------------------------------------------------------------------
span = 2
trace_id = 4fc89e5a1c4517ba
span_id = f0667f403731ad84
parent_id = e5efe0188a8065ad
start_time = 1682628698283794
end_time = 1682628698288294
inclusive_time = 4500
exclusive_time = 318
process_id = p2
operationName = ComposeReview
serviceName = nginx
------------------------------------------------------------------------------------
span = 3
trace_id = 4fc89e5a1c4517ba
span_id = 70cf6af392a2a76c
parent_id = f0667f403731ad84
start_time = 1682628698284825
end_time = 1682628698288189
inclusive_time = 3364
exclusive_time = 410
process_id = p5
operationName = UploadMovieId
serviceName = movie-id-service
------------------------------------------------------------------------------------
span = 4
trace_id = 4fc89e5a1c4517ba
span_id = fca636b4878d2694
parent_id = 70cf6af392a2a76c
start_time = 1682628698285504
end_time = 1682628698288076
inclusive_time = 2572
exclusive_time = 342
process_id = p10
operationName = UploadRating
serviceName = rating-service
------------------------------------------------------------------------------------
span = 5
trace_id = 4fc89e5a1c4517ba
span_id = a57f2dfd8571b78f
parent_id = fca636b4878d2694
start_time = 1682628698285786
end_time = 1682628698287944
inclusive_time = 2158
exclusive_time = 887
process_id = p4
operationName = UploadRating
serviceName = compose-review-service
------------------------------------------------------------------------------------
span = 6
trace_id = 4fc89e5a1c4517ba
span_id = f964972f93dbe58d
parent_id = a57f2dfd8571b78f
start_time = 1682628698286534
end_time = 1682628698287760
inclusive_time = 1226
exclusive_time = 17
process_id = p8
operationName = UploadMovieReview
serviceName = movie-review-service
------------------------------------------------------------------------------------
span = 7
trace_id = 4fc89e5a1c4517ba
span_id = 323538ef02c1ccf4
parent_id = f964972f93dbe58d
start_time = 1682628698286551
end_time = 1682628698287768
inclusive_time = 1217
exclusive_time = 1217
process_id = p8
operationName = MongoFindMovie
serviceName = movie-review-service
------------------------------------------------------------------------------------
span = 8
trace_id = 4fc89e5a1c4517ba
span_id = 5facc41758530df6
parent_id = 70cf6af392a2a76c
start_time = 1682628698285208
end_time = 1682628698285346
inclusive_time = 138
exclusive_time = 138
process_id = p5
operationName = MmcSetMovieId
serviceName = movie-id-service
------------------------------------------------------------------------------------
span = 9
trace_id = 4fc89e5a1c4517ba
span_id = c0a54748a611c71b
parent_id = 70cf6af392a2a76c
start_time = 1682628698284845
end_time = 1682628698284951
inclusive_time = 106
exclusive_time = 106
process_id = p5
operationName = MmcGetMovieId
serviceName = movie-id-service
------------------------------------------------------------------------------------
span = 10
trace_id = 4fc89e5a1c4517ba
span_id = 35bd09632f9d2795
parent_id = f0667f403731ad84
start_time = 1682628698284007
end_time = 1682628698284779
inclusive_time = 772
exclusive_time = 245
process_id = p1
operationName = UploadUserWithUsername
serviceName = user-service
------------------------------------------------------------------------------------
span = 11
trace_id = 4fc89e5a1c4517ba
span_id = f7f497202069fc27
parent_id = 35bd09632f9d2795
start_time = 1682628698284282
end_time = 1682628698284705
inclusive_time = 423
exclusive_time = 423
process_id = p4
operationName = UploadUserId
serviceName = compose-review-service
------------------------------------------------------------------------------------
span = 12
trace_id = 4fc89e5a1c4517ba
span_id = bc7322de6ef8c367
parent_id = 35bd09632f9d2795
start_time = 1682628698284023
end_time = 1682628698284127
inclusive_time = 104
exclusive_time = 104
process_id = p1
operationName = MmcGetUserId
serviceName = user-service
------------------------------------------------------------------------------------
