span = 0
trace_id = caa9a3e218582240
span_id = caa9a3e218582240
parent_id = None
start_time = 1682628698224000
end_time = 1682628698229111
inclusive_time = 5111
exclusive_time = 806
process_id = p5
operationName = /wrk2-api/review/compose
serviceName = nginx
------------------------------------------------------------------------------------
span = 1
trace_id = caa9a3e218582240
span_id = 3d1e4035000e43f5
parent_id = caa9a3e218582240
start_time = 1682628698224806
end_time = 1682628698229111
inclusive_time = 4305
exclusive_time = 77
process_id = p5
operationName = /wrk2-api/review/compose
serviceName = nginx
------------------------------------------------------------------------------------
span = 2
trace_id = caa9a3e218582240
span_id = 6d75af34d1116fbf
parent_id = 3d1e4035000e43f5
start_time = 1682628698224840
end_time = 1682628698229068
inclusive_time = 4228
exclusive_time = 829
process_id = p5
operationName = ComposeReview
serviceName = nginx
------------------------------------------------------------------------------------
span = 3
trace_id = caa9a3e218582240
span_id = c44e52a265f09642
parent_id = 6d75af34d1116fbf
start_time = 1682628698225101
end_time = 1682628698228395
inclusive_time = 3294
exclusive_time = 788
process_id = p2
operationName = UploadMovieId
serviceName = movie-id-service
------------------------------------------------------------------------------------
span = 4
trace_id = caa9a3e218582240
span_id = 16cac1a626b66c6e
parent_id = c44e52a265f09642
start_time = 1682628698225848
end_time = 1682628698227954
inclusive_time = 2106
exclusive_time = 906
process_id = p1
operationName = UploadMovieId
serviceName = compose-review-service
------------------------------------------------------------------------------------
span = 5
trace_id = caa9a3e218582240
span_id = be2b06b1e5ff35d6
parent_id = 16cac1a626b66c6e
start_time = 1682628698226747
end_time = 1682628698227786
inclusive_time = 1039
exclusive_time = 27
process_id = p6
operationName = UploadUserReview
serviceName = user-review-service
------------------------------------------------------------------------------------
span = 6
trace_id = caa9a3e218582240
span_id = 14c1f9c05587ca37
parent_id = be2b06b1e5ff35d6
start_time = 1682628698226774
end_time = 1682628698227798
inclusive_time = 1024
exclusive_time = 1024
process_id = p6
operationName = MongoFindUser
serviceName = user-review-service
------------------------------------------------------------------------------------
span = 7
trace_id = caa9a3e218582240
span_id = 3f231a72c73b98bf
parent_id = c44e52a265f09642
start_time = 1682628698225442
end_time = 1682628698225537
inclusive_time = 95
exclusive_time = 95
process_id = p2
operationName = MmcSetMovieId
serviceName = movie-id-service
------------------------------------------------------------------------------------
span = 8
trace_id = caa9a3e218582240
span_id = 072748aecfe00266
parent_id = c44e52a265f09642
start_time = 1682628698225113
end_time = 1682628698225210
inclusive_time = 97
exclusive_time = 97
process_id = p2
operationName = MmcGetMovieId
serviceName = movie-id-service
------------------------------------------------------------------------------------
