span 0
span_id = 8af0c567cb3a9b81
parent_id = None
start_time = 1682628697859000
end_time = 1682628697863932
inclusive_time = 4932
exclusive_time = 267
process_id = p3
operationName = /wrk2-api/review/compose
serviceName = None
------------------------------------------------------------------------------------
span 1
span_id = 4a10c18519d2d4cf
parent_id = 8af0c567cb3a9b81
start_time = 1682628697859267
end_time = 1682628697863932
inclusive_time = 4665
exclusive_time = 113
process_id = p3
operationName = /wrk2-api/review/compose
serviceName = None
------------------------------------------------------------------------------------
span 2
span_id = 9b3ed6f8ac34f139
parent_id = 4a10c18519d2d4cf
start_time = 1682628697859321
end_time = 1682628697863873
inclusive_time = 4552
exclusive_time = 1124
process_id = p3
operationName = ComposeReview
serviceName = None
------------------------------------------------------------------------------------
span 3
span_id = 942be03c9934a9ff
parent_id = 9b3ed6f8ac34f139
start_time = 1682628697859645
end_time = 1682628697862961
inclusive_time = 3316
exclusive_time = 304
process_id = p5
operationName = UploadMovieId
serviceName = None
------------------------------------------------------------------------------------
span 4
span_id = 1ceb71ea8422db08
parent_id = 942be03c9934a9ff
start_time = 1682628697860033
end_time = 1682628697862794
inclusive_time = 2761
exclusive_time = 407
process_id = p8
operationName = UploadRating
serviceName = None
------------------------------------------------------------------------------------
span 5
span_id = c34e38092d76ec76
parent_id = 1ceb71ea8422db08
start_time = 1682628697860252
end_time = 1682628697862503
inclusive_time = 2251
exclusive_time = 1108
process_id = p4
operationName = UploadRating
serviceName = None
------------------------------------------------------------------------------------
span 6
span_id = 86cbdfda968bf492
parent_id = c34e38092d76ec76
start_time = 1682628697861268
end_time = 1682628697862352
inclusive_time = 1084
exclusive_time = 25
process_id = p6
operationName = UploadMovieReview
serviceName = None
------------------------------------------------------------------------------------
span 7
span_id = fc866ad2cace5b14
parent_id = 86cbdfda968bf492
start_time = 1682628697861293
end_time = 1682628697862356
inclusive_time = 1063
exclusive_time = 1063
process_id = p6
operationName = MongoFindMovie
serviceName = None
------------------------------------------------------------------------------------
span 8
span_id = 22b19cbd6c48fe8e
parent_id = 942be03c9934a9ff
start_time = 1682628697859879
end_time = 1682628697859988
inclusive_time = 109
exclusive_time = 109
process_id = p5
operationName = MmcSetMovieId
serviceName = None
------------------------------------------------------------------------------------
span 9
span_id = 374f17fca85dad4c
parent_id = 942be03c9934a9ff
start_time = 1682628697859662
end_time = 1682628697859767
inclusive_time = 105
exclusive_time = 105
process_id = p5
operationName = MmcGetMovieId
serviceName = None
------------------------------------------------------------------------------------
