span = 0
trace_id = 1b010543b2bea7a2
span_id = 1b010543b2bea7a2
parent_id = None
start_time = 1682628697923000
end_time = 1682628697927252
inclusive_time = 4252
exclusive_time = 643
process_id = p7
operationName = /wrk2-api/review/compose
serviceName = nginx
------------------------------------------------------------------------------------
span = 1
trace_id = 1b010543b2bea7a2
span_id = a90163431de133bf
parent_id = 1b010543b2bea7a2
start_time = 1682628697923643
end_time = 1682628697927252
inclusive_time = 3609
exclusive_time = 93
process_id = p7
operationName = /wrk2-api/review/compose
serviceName = nginx
------------------------------------------------------------------------------------
span = 2
trace_id = 1b010543b2bea7a2
span_id = a2bc8f3208c51bf0
parent_id = a90163431de133bf
start_time = 1682628697923686
end_time = 1682628697927202
inclusive_time = 3516
exclusive_time = 275
process_id = p7
operationName = ComposeReview
serviceName = nginx
------------------------------------------------------------------------------------
span = 3
trace_id = 1b010543b2bea7a2
span_id = c6782859dab925db
parent_id = a2bc8f3208c51bf0
start_time = 1682628697924306
end_time = 1682628697927135
inclusive_time = 2829
exclusive_time = 295
process_id = p10
operationName = UploadUniqueId
serviceName = unique-id-service
------------------------------------------------------------------------------------
span = 4
trace_id = 1b010543b2bea7a2
span_id = 7863537c75c908e3
parent_id = c6782859dab925db
start_time = 1682628697924494
end_time = 1682628697927028
inclusive_time = 2534
exclusive_time = 1217
process_id = p4
operationName = UploadUniqueId
serviceName = compose-review-service
------------------------------------------------------------------------------------
span = 5
trace_id = 1b010543b2bea7a2
span_id = 18b11e5f06340ad1
parent_id = 7863537c75c908e3
start_time = 1682628697925738
end_time = 1682628697926889
inclusive_time = 1151
exclusive_time = 28
process_id = p1
operationName = UploadMovieReview
serviceName = movie-review-service
------------------------------------------------------------------------------------
span = 6
trace_id = 1b010543b2bea7a2
span_id = 000e690364cef59f
parent_id = 18b11e5f06340ad1
start_time = 1682628697925766
end_time = 1682628697926892
inclusive_time = 1126
exclusive_time = 1126
process_id = p1
operationName = MongoFindMovie
serviceName = movie-review-service
------------------------------------------------------------------------------------
