span 0
span_id = 471f2c126814df2b
parent_id = None
start_time = 1682628697908000
end_time = 1682628697913314
inclusive_time = 5314
exclusive_time = 430
process_id = p2
operationName = /wrk2-api/review/compose
serviceName = None
------------------------------------------------------------------------------------
span 1
span_id = 033d8a3b3048d71b
parent_id = 471f2c126814df2b
start_time = 1682628697908430
end_time = 1682628697913314
inclusive_time = 4884
exclusive_time = 91
process_id = p2
operationName = /wrk2-api/review/compose
serviceName = None
------------------------------------------------------------------------------------
span 2
span_id = 54e8b235d63fca4c
parent_id = 033d8a3b3048d71b
start_time = 1682628697908461
end_time = 1682628697913254
inclusive_time = 4793
exclusive_time = 628
process_id = p2
operationName = ComposeReview
serviceName = None
------------------------------------------------------------------------------------
span 3
span_id = 91c489e807977bd4
parent_id = 54e8b235d63fca4c
start_time = 1682628697908607
end_time = 1682628697912772
inclusive_time = 4165
exclusive_time = 258
process_id = p4
operationName = UploadUserWithUsername
serviceName = None
------------------------------------------------------------------------------------
span 4
span_id = 6ef3597eb77bfb11
parent_id = 91c489e807977bd4
start_time = 1682628697908921
end_time = 1682628697912709
inclusive_time = 3788
exclusive_time = 2026
process_id = p6
operationName = UploadUserId
serviceName = None
------------------------------------------------------------------------------------
span 5
span_id = 8593b9695df2c1ce
parent_id = 6ef3597eb77bfb11
start_time = 1682628697910881
end_time = 1682628697912532
inclusive_time = 1651
exclusive_time = 54
process_id = p3
operationName = UploadMovieReview
serviceName = None
------------------------------------------------------------------------------------
span 6
span_id = a3d5f655724b0cf3
parent_id = 8593b9695df2c1ce
start_time = 1682628697910935
end_time = 1682628697912537
inclusive_time = 1602
exclusive_time = 1602
process_id = p3
operationName = MongoFindMovie
serviceName = None
------------------------------------------------------------------------------------
span 7
span_id = 9c546ecb39b9592e
parent_id = 91c489e807977bd4
start_time = 1682628697908620
end_time = 1682628697908739
inclusive_time = 119
exclusive_time = 119
process_id = p4
operationName = MmcGetUserId
serviceName = None
------------------------------------------------------------------------------------
