span = 0
span_id = e3195b9df1199100
parent_id = None
start_time = 1682628697943000
end_time = 1682628697948143
inclusive_time = 5143
exclusive_time = 396
process_id = p6
operationName = /wrk2-api/review/compose
serviceName = nginx
------------------------------------------------------------------------------------
span = 1
span_id = 183396bc56add660
parent_id = e3195b9df1199100
start_time = 1682628697943396
end_time = 1682628697948143
inclusive_time = 4747
exclusive_time = 103
process_id = p6
operationName = /wrk2-api/review/compose
serviceName = nginx
------------------------------------------------------------------------------------
span = 2
span_id = 2cdddc667b0f0fd0
parent_id = 183396bc56add660
start_time = 1682628697943438
end_time = 1682628697948082
inclusive_time = 4644
exclusive_time = 764
process_id = p6
operationName = ComposeReview
serviceName = nginx
------------------------------------------------------------------------------------
span = 3
span_id = 19db19cfff5b30d9
parent_id = 2cdddc667b0f0fd0
start_time = 1682628697943730
end_time = 1682628697947497
inclusive_time = 3767
exclusive_time = 276
process_id = p8
operationName = UploadMovieId
serviceName = movie-id-service
------------------------------------------------------------------------------------
span = 4
span_id = c9ab1ee48bee4cfb
parent_id = 19db19cfff5b30d9
start_time = 1682628697944335
end_time = 1682628697947390
inclusive_time = 3055
exclusive_time = 285
process_id = p4
operationName = UploadRating
serviceName = rating-service
------------------------------------------------------------------------------------
span = 5
span_id = 1cdf95e107fcbe14
parent_id = c9ab1ee48bee4cfb
start_time = 1682628697944499
end_time = 1682628697947268
inclusive_time = 2769
exclusive_time = 1131
process_id = p3
operationName = UploadRating
serviceName = compose-review-service
------------------------------------------------------------------------------------
span = 6
span_id = 4b6cc69031f1d3c1
parent_id = 1cdf95e107fcbe14
start_time = 1682628697945729
end_time = 1682628697947092
inclusive_time = 1363
exclusive_time = 29
process_id = p7
operationName = UploadMovieReview
serviceName = movie-review-service
------------------------------------------------------------------------------------
span = 7
span_id = 408f0377f7a2917b
parent_id = 4b6cc69031f1d3c1
start_time = 1682628697945758
end_time = 1682628697947096
inclusive_time = 1338
exclusive_time = 1338
process_id = p7
operationName = MongoFindMovie
serviceName = movie-review-service
------------------------------------------------------------------------------------
span = 8
span_id = bf19e32b447e84c8
parent_id = 19db19cfff5b30d9
start_time = 1682628697944184
end_time = 1682628697944290
inclusive_time = 106
exclusive_time = 106
process_id = p8
operationName = MmcSetMovieId
serviceName = movie-id-service
------------------------------------------------------------------------------------
span = 9
span_id = 81059836c1c2fef7
parent_id = 19db19cfff5b30d9
start_time = 1682628697943749
end_time = 1682628697944034
inclusive_time = 285
exclusive_time = 285
process_id = p8
operationName = MmcGetMovieId
serviceName = movie-id-service
------------------------------------------------------------------------------------
