span 0
span_id = 741f4b333f351265
parent_id = None
start_time = 1682628697861000
end_time = 1682628697867504
inclusive_time = 6504
exclusive_time = 1064
process_id = p5
operationName = /wrk2-api/review/compose
serviceName = None
------------------------------------------------------------------------------------
span 1
span_id = 058bf1442457c5b5
parent_id = 741f4b333f351265
start_time = 1682628697862064
end_time = 1682628697867504
inclusive_time = 5440
exclusive_time = 93
process_id = p5
operationName = /wrk2-api/review/compose
serviceName = None
------------------------------------------------------------------------------------
span 2
span_id = 07183b16b382a2e9
parent_id = 058bf1442457c5b5
start_time = 1682628697862101
end_time = 1682628697867448
inclusive_time = 5347
exclusive_time = 543
process_id = p5
operationName = ComposeReview
serviceName = None
------------------------------------------------------------------------------------
span 3
span_id = 5dd973e7094964c4
parent_id = 07183b16b382a2e9
start_time = 1682628697862382
end_time = 1682628697867089
inclusive_time = 4707
exclusive_time = 448
process_id = p4
operationName = UploadMovieId
serviceName = None
------------------------------------------------------------------------------------
span 4
span_id = 41213205b0564a14
parent_id = 5dd973e7094964c4
start_time = 1682628697862864
end_time = 1682628697866950
inclusive_time = 4086
exclusive_time = 2599
process_id = p3
operationName = UploadMovieId
serviceName = None
------------------------------------------------------------------------------------
span 5
span_id = 4d7b130a0ce02802
parent_id = 41213205b0564a14
start_time = 1682628697865263
end_time = 1682628697866732
inclusive_time = 1469
exclusive_time = 25
process_id = p6
operationName = UploadMovieReview
serviceName = None
------------------------------------------------------------------------------------
span 6
span_id = ac876fa3eb8cc3de
parent_id = 4d7b130a0ce02802
start_time = 1682628697865288
end_time = 1682628697866737
inclusive_time = 1449
exclusive_time = 1449
process_id = p6
operationName = MongoFindMovie
serviceName = None
------------------------------------------------------------------------------------
span 7
span_id = 42d547acde9cb8d2
parent_id = 5dd973e7094964c4
start_time = 1682628697862598
end_time = 1682628697862696
inclusive_time = 98
exclusive_time = 98
process_id = p4
operationName = MmcSetMovieId
serviceName = None
------------------------------------------------------------------------------------
span 8
span_id = acb00fc71c3b9e57
parent_id = 5dd973e7094964c4
start_time = 1682628697862393
end_time = 1682628697862468
inclusive_time = 75
exclusive_time = 75
process_id = p4
operationName = MmcGetMovieId
serviceName = None
------------------------------------------------------------------------------------
