span 0
span_id = b844ffbafe61d81e
parent_id = None
start_time = 1682628698260000
end_time = 1682628698263540
inclusive_time = 3540
exclusive_time = 110
process_id = p3
operationName = /wrk2-api/review/compose
serviceName = None
------------------------------------------------------------------------------------
span 1
span_id = 00e71da9b9aee97f
parent_id = b844ffbafe61d81e
start_time = 1682628698260110
end_time = 1682628698263540
inclusive_time = 3430
exclusive_time = 95
process_id = p3
operationName = /wrk2-api/review/compose
serviceName = None
------------------------------------------------------------------------------------
span 2
span_id = 0ae3b39eea54196c
parent_id = 00e71da9b9aee97f
start_time = 1682628698260143
end_time = 1682628698263478
inclusive_time = 3335
exclusive_time = 248
process_id = p3
operationName = ComposeReview
serviceName = None
------------------------------------------------------------------------------------
span 3
span_id = 01e5500dc6671459
parent_id = 0ae3b39eea54196c
start_time = 1682628698260397
end_time = 1682628698263396
inclusive_time = 2999
exclusive_time = 316
process_id = p6
operationName = UploadMovieId
serviceName = None
------------------------------------------------------------------------------------
span 4
span_id = 54f421196785813e
parent_id = 01e5500dc6671459
start_time = 1682628698260797
end_time = 1682628698263250
inclusive_time = 2453
exclusive_time = 223
process_id = p10
operationName = UploadRating
serviceName = None
------------------------------------------------------------------------------------
span 5
span_id = 6d3a9fc95a077d77
parent_id = 54f421196785813e
start_time = 1682628698261052
end_time = 1682628698263139
inclusive_time = 2087
exclusive_time = 846
process_id = p5
operationName = UploadRating
serviceName = None
------------------------------------------------------------------------------------
span 6
span_id = 17ca5b47cc8abb27
parent_id = 6d3a9fc95a077d77
start_time = 1682628698261932
end_time = 1682628698263035
inclusive_time = 1103
exclusive_time = 16
process_id = p1
operationName = UploadMovieReview
serviceName = None
------------------------------------------------------------------------------------
span 7
span_id = 0932f88d5b321c91
parent_id = 17ca5b47cc8abb27
start_time = 1682628698261948
end_time = 1682628698263038
inclusive_time = 1090
exclusive_time = 1090
process_id = p1
operationName = MongoFindMovie
serviceName = None
------------------------------------------------------------------------------------
span 8
span_id = 24636c0f33f02711
parent_id = 01e5500dc6671459
start_time = 1682628698260669
end_time = 1682628698260770
inclusive_time = 101
exclusive_time = 101
process_id = p6
operationName = MmcSetMovieId
serviceName = None
------------------------------------------------------------------------------------
span 9
span_id = 7803c7e3d082b188
parent_id = 01e5500dc6671459
start_time = 1682628698260415
end_time = 1682628698260517
inclusive_time = 102
exclusive_time = 102
process_id = p6
operationName = MmcGetMovieId
serviceName = None
------------------------------------------------------------------------------------
