span = 0
trace_id = 59ee1d5c065cae99
span_id = 59ee1d5c065cae99
parent_id = None
start_time = 1682628697986000
end_time = 1682628697990339
inclusive_time = 4339
exclusive_time = 81
process_id = p2
operationName = /wrk2-api/review/compose
serviceName = nginx
call path = 
------------------------------------------------------------------------------------
span = 1
trace_id = 59ee1d5c065cae99
span_id = a4ae9ca9cdbc8bca
parent_id = 59ee1d5c065cae99
start_time = 1682628697986080
end_time = 1682628697990338
inclusive_time = 4258
exclusive_time = 78
process_id = p2
operationName = /wrk2-api/review/compose
serviceName = nginx
call path = ->/wrk2-api/review/compose_nginx
------------------------------------------------------------------------------------
span = 2
trace_id = 59ee1d5c065cae99
span_id = e8b9bcbec13413ed
parent_id = a4ae9ca9cdbc8bca
start_time = 1682628697986126
end_time = 1682628697990306
inclusive_time = 4180
exclusive_time = 433
process_id = p2
operationName = ComposeReview
serviceName = nginx
call path = ->/wrk2-api/review/compose_nginx->/wrk2-api/review/compose_nginx
------------------------------------------------------------------------------------
span = 3
trace_id = 59ee1d5c065cae99
span_id = a9c46e5c3015383e
parent_id = e8b9bcbec13413ed
start_time = 1682628697986460
end_time = 1682628697990074
inclusive_time = 3614
exclusive_time = 525
process_id = p4
operationName = UploadMovieId
serviceName = movie-id-service
call path = ->/wrk2-api/review/compose_nginx->/wrk2-api/review/compose_nginx->ComposeReview_nginx
------------------------------------------------------------------------------------
span = 4
trace_id = 59ee1d5c065cae99
span_id = d65f137df2b40164
parent_id = a9c46e5c3015383e
start_time = 1682628697987089
end_time = 1682628697989961
inclusive_time = 2872
exclusive_time = 357
process_id = p10
operationName = UploadRating
serviceName = rating-service
call path = ->/wrk2-api/review/compose_nginx->/wrk2-api/review/compose_nginx->ComposeReview_nginx->UploadMovieId_movie-id-service
------------------------------------------------------------------------------------
span = 5
trace_id = 59ee1d5c065cae99
span_id = 0b44173034396d8a
parent_id = d65f137df2b40164
start_time = 1682628697987269
end_time = 1682628697989743
inclusive_time = 2474
exclusive_time = 1225
process_id = p6
operationName = UploadRating
serviceName = compose-review-service
call path = ->/wrk2-api/review/compose_nginx->/wrk2-api/review/compose_nginx->ComposeReview_nginx->UploadMovieId_movie-id-service->UploadRating_rating-service
------------------------------------------------------------------------------------
span = 6
trace_id = 59ee1d5c065cae99
span_id = e2c28f5691e31f36
parent_id = 0b44173034396d8a
start_time = 1682628697988308
end_time = 1682628697989557
inclusive_time = 1249
exclusive_time = 26
process_id = p7
operationName = UploadUserReview
serviceName = user-review-service
call path = ->/wrk2-api/review/compose_nginx->/wrk2-api/review/compose_nginx->ComposeReview_nginx->UploadMovieId_movie-id-service->UploadRating_rating-service->UploadRating_compose-review-service
------------------------------------------------------------------------------------
span = 7
trace_id = 59ee1d5c065cae99
span_id = 32b9f162589accce
parent_id = e2c28f5691e31f36
start_time = 1682628697988334
end_time = 1682628697989561
inclusive_time = 1227
exclusive_time = 1227
process_id = p7
operationName = MongoFindUser
serviceName = user-review-service
call path = ->/wrk2-api/review/compose_nginx->/wrk2-api/review/compose_nginx->ComposeReview_nginx->UploadMovieId_movie-id-service->UploadRating_rating-service->UploadRating_compose-review-service->UploadUserReview_user-review-service
------------------------------------------------------------------------------------
span = 8
trace_id = 59ee1d5c065cae99
span_id = b94e330fc196fdeb
parent_id = a9c46e5c3015383e
start_time = 1682628697986482
end_time = 1682628697986598
inclusive_time = 116
exclusive_time = 116
process_id = p4
operationName = MmcGetMovieId
serviceName = movie-id-service
call path = ->/wrk2-api/review/compose_nginx->/wrk2-api/review/compose_nginx->ComposeReview_nginx->UploadMovieId_movie-id-service
------------------------------------------------------------------------------------
