span 0
span_id = a80cff477651335f
parent_id = None
start_time = 1682628698144000
end_time = 1682628698149151
inclusive_time = 5151
exclusive_time = 683
process_id = p2
operationName = /wrk2-api/review/compose
serviceName = None
------------------------------------------------------------------------------------
span 1
span_id = 53ee9bba6f4770b7
parent_id = a80cff477651335f
start_time = 1682628698144683
end_time = 1682628698149151
inclusive_time = 4468
exclusive_time = 98
process_id = p2
operationName = /wrk2-api/review/compose
serviceName = None
------------------------------------------------------------------------------------
span 2
span_id = 05b1a611f1e04118
parent_id = 53ee9bba6f4770b7
start_time = 1682628698144716
end_time = 1682628698149086
inclusive_time = 4370
exclusive_time = 271
process_id = p2
operationName = ComposeReview
serviceName = None
------------------------------------------------------------------------------------
span 3
span_id = 640cb66ec2eb0703
parent_id = 05b1a611f1e04118
start_time = 1682628698145015
end_time = 1682628698149003
inclusive_time = 3988
exclusive_time = 351
process_id = p7
operationName = UploadMovieId
serviceName = None
------------------------------------------------------------------------------------
span 4
span_id = b75db40dd67dba46
parent_id = 640cb66ec2eb0703
start_time = 1682628698145652
end_time = 1682628698148883
inclusive_time = 3231
exclusive_time = 434
process_id = p1
operationName = UploadRating
serviceName = None
------------------------------------------------------------------------------------
span 5
span_id = 215bbb0496e8e762
parent_id = b75db40dd67dba46
start_time = 1682628698146051
end_time = 1682628698148725
inclusive_time = 2674
exclusive_time = 1407
process_id = p3
operationName = UploadRating
serviceName = None
------------------------------------------------------------------------------------
span 6
span_id = e8a5a90c8889709c
parent_id = 215bbb0496e8e762
start_time = 1682628698147410
end_time = 1682628698148563
inclusive_time = 1153
exclusive_time = 27
process_id = p4
operationName = UploadMovieReview
serviceName = None
------------------------------------------------------------------------------------
span 7
span_id = 7a7ab434fefcd00d
parent_id = e8a5a90c8889709c
start_time = 1682628698147437
end_time = 1682628698148573
inclusive_time = 1136
exclusive_time = 1136
process_id = p4
operationName = MongoFindMovie
serviceName = None
------------------------------------------------------------------------------------
span 8
span_id = 388db08d60daab9c
parent_id = 640cb66ec2eb0703
start_time = 1682628698145303
end_time = 1682628698145437
inclusive_time = 134
exclusive_time = 134
process_id = p7
operationName = MmcSetMovieId
serviceName = None
------------------------------------------------------------------------------------
span 9
span_id = 8021a570a496d0f8
parent_id = 640cb66ec2eb0703
start_time = 1682628698145034
end_time = 1682628698145154
inclusive_time = 120
exclusive_time = 120
process_id = p7
operationName = MmcGetMovieId
serviceName = None
------------------------------------------------------------------------------------
