span = 0
trace_id = b28fedb498750270
span_id = b28fedb498750270
parent_id = None
start_time = 1682628698187000
end_time = 1682628698191046
inclusive_time = 4046
exclusive_time = 213
process_id = p2
operationName = /wrk2-api/review/compose
serviceName = nginx
call path = 
------------------------------------------------------------------------------------
span = 1
trace_id = b28fedb498750270
span_id = 201cf5193e7773c8
parent_id = b28fedb498750270
start_time = 1682628698187213
end_time = 1682628698191046
inclusive_time = 3833
exclusive_time = 114
process_id = p2
operationName = /wrk2-api/review/compose
serviceName = nginx
call path = ->/wrk2-api/review/compose_nginx
------------------------------------------------------------------------------------
span = 2
trace_id = b28fedb498750270
span_id = d7159d226fc7ae77
parent_id = 201cf5193e7773c8
start_time = 1682628698187258
end_time = 1682628698190977
inclusive_time = 3719
exclusive_time = 245
process_id = p2
operationName = ComposeReview
serviceName = nginx
call path = ->/wrk2-api/review/compose_nginx->/wrk2-api/review/compose_nginx
------------------------------------------------------------------------------------
span = 3
trace_id = b28fedb498750270
span_id = 3e8bc6d478c50a97
parent_id = d7159d226fc7ae77
start_time = 1682628698187510
end_time = 1682628698190898
inclusive_time = 3388
exclusive_time = 335
process_id = p6
operationName = UploadMovieId
serviceName = movie-id-service
call path = ->/wrk2-api/review/compose_nginx->/wrk2-api/review/compose_nginx->ComposeReview_nginx
------------------------------------------------------------------------------------
span = 4
trace_id = b28fedb498750270
span_id = 2b49cec1f7a0cc0f
parent_id = 3e8bc6d478c50a97
start_time = 1682628698187946
end_time = 1682628698190798
inclusive_time = 2852
exclusive_time = 230
process_id = p10
operationName = UploadRating
serviceName = rating-service
call path = ->/wrk2-api/review/compose_nginx->/wrk2-api/review/compose_nginx->ComposeReview_nginx->UploadMovieId_movie-id-service
------------------------------------------------------------------------------------
span = 5
trace_id = b28fedb498750270
span_id = f812ef3feba8410d
parent_id = 2b49cec1f7a0cc0f
start_time = 1682628698188090
end_time = 1682628698190661
inclusive_time = 2571
exclusive_time = 1020
process_id = p5
operationName = UploadRating
serviceName = compose-review-service
call path = ->/wrk2-api/review/compose_nginx->/wrk2-api/review/compose_nginx->ComposeReview_nginx->UploadMovieId_movie-id-service->UploadRating_rating-service
------------------------------------------------------------------------------------
span = 6
trace_id = b28fedb498750270
span_id = f6d2247898fd2267
parent_id = f812ef3feba8410d
start_time = 1682628698189083
end_time = 1682628698190439
inclusive_time = 1356
exclusive_time = 25
process_id = p4
operationName = UploadUserReview
serviceName = user-review-service
call path = ->/wrk2-api/review/compose_nginx->/wrk2-api/review/compose_nginx->ComposeReview_nginx->UploadMovieId_movie-id-service->UploadRating_rating-service->UploadRating_compose-review-service
------------------------------------------------------------------------------------
span = 7
trace_id = b28fedb498750270
span_id = 78f52d81b13713c6
parent_id = f6d2247898fd2267
start_time = 1682628698189108
end_time = 1682628698190444
inclusive_time = 1336
exclusive_time = 1336
process_id = p4
operationName = MongoFindUser
serviceName = user-review-service
call path = ->/wrk2-api/review/compose_nginx->/wrk2-api/review/compose_nginx->ComposeReview_nginx->UploadMovieId_movie-id-service->UploadRating_rating-service->UploadRating_compose-review-service->UploadUserReview_user-review-service
------------------------------------------------------------------------------------
span = 8
trace_id = b28fedb498750270
span_id = 788362c4d6f1cb7f
parent_id = 3e8bc6d478c50a97
start_time = 1682628698187762
end_time = 1682628698187868
inclusive_time = 106
exclusive_time = 106
process_id = p6
operationName = MmcSetMovieId
serviceName = movie-id-service
call path = ->/wrk2-api/review/compose_nginx->/wrk2-api/review/compose_nginx->ComposeReview_nginx->UploadMovieId_movie-id-service
------------------------------------------------------------------------------------
span = 9
trace_id = b28fedb498750270
span_id = b3170fee08a0241f
parent_id = 3e8bc6d478c50a97
start_time = 1682628698187525
end_time = 1682628698187620
inclusive_time = 95
exclusive_time = 95
process_id = p6
operationName = MmcGetMovieId
serviceName = movie-id-service
call path = ->/wrk2-api/review/compose_nginx->/wrk2-api/review/compose_nginx->ComposeReview_nginx->UploadMovieId_movie-id-service
------------------------------------------------------------------------------------
