span 0
span_id = dfb04bccd53f0245
parent_id = None
start_time = 1682628698070000
end_time = 1682628698074942
inclusive_time = 4942
exclusive_time = 731
process_id = p7
operationName = /wrk2-api/review/compose
serviceName = None
------------------------------------------------------------------------------------
span 1
span_id = 941cee1f821d679e
parent_id = dfb04bccd53f0245
start_time = 1682628698070731
end_time = 1682628698074942
inclusive_time = 4211
exclusive_time = 103
process_id = p7
operationName = /wrk2-api/review/compose
serviceName = None
------------------------------------------------------------------------------------
span 2
span_id = c0de1428a0a32af7
parent_id = 941cee1f821d679e
start_time = 1682628698070779
end_time = 1682628698074887
inclusive_time = 4108
exclusive_time = 349
process_id = p7
operationName = ComposeReview
serviceName = None
------------------------------------------------------------------------------------
span 3
span_id = e527d7ad2c7d6417
parent_id = c0de1428a0a32af7
start_time = 1682628698071180
end_time = 1682628698074784
inclusive_time = 3604
exclusive_time = 373
process_id = p4
operationName = UploadMovieId
serviceName = None
------------------------------------------------------------------------------------
span 4
span_id = b57c5c9022fc9cfb
parent_id = e527d7ad2c7d6417
start_time = 1682628698071667
end_time = 1682628698074596
inclusive_time = 2929
exclusive_time = 247
process_id = p6
operationName = UploadRating
serviceName = None
------------------------------------------------------------------------------------
span 5
span_id = 71afaf14745e614c
parent_id = b57c5c9022fc9cfb
start_time = 1682628698071939
end_time = 1682628698074475
inclusive_time = 2536
exclusive_time = 1121
process_id = p2
operationName = UploadRating
serviceName = None
------------------------------------------------------------------------------------
span 6
span_id = e86ca02e1121bb5a
parent_id = 71afaf14745e614c
start_time = 1682628698072983
end_time = 1682628698074290
inclusive_time = 1307
exclusive_time = 23
process_id = p1
operationName = UploadMovieReview
serviceName = None
------------------------------------------------------------------------------------
span 7
span_id = 0443a7ef9bcdb4e6
parent_id = e86ca02e1121bb5a
start_time = 1682628698073006
end_time = 1682628698074296
inclusive_time = 1290
exclusive_time = 1290
process_id = p1
operationName = MongoFindMovie
serviceName = None
------------------------------------------------------------------------------------
span 8
span_id = 1cf3f0b23bc60e15
parent_id = e527d7ad2c7d6417
start_time = 1682628698071457
end_time = 1682628698071563
inclusive_time = 106
exclusive_time = 106
process_id = p4
operationName = MmcSetMovieId
serviceName = None
------------------------------------------------------------------------------------
span 9
span_id = e7fb95d03a0a9159
parent_id = e527d7ad2c7d6417
start_time = 1682628698071195
end_time = 1682628698071313
inclusive_time = 118
exclusive_time = 118
process_id = p4
operationName = MmcGetMovieId
serviceName = None
------------------------------------------------------------------------------------
