span 0
span_id = 6e4cbe22ce31e8df
parent_id = None
start_time = 1682628698207000
end_time = 1682628698211485
inclusive_time = 4485
exclusive_time = 383
process_id = p7
operationName = /wrk2-api/review/compose
serviceName = None
------------------------------------------------------------------------------------
span 1
span_id = d4f2a9f1f0437bbf
parent_id = 6e4cbe22ce31e8df
start_time = 1682628698207383
end_time = 1682628698211485
inclusive_time = 4102
exclusive_time = 122
process_id = p7
operationName = /wrk2-api/review/compose
serviceName = None
------------------------------------------------------------------------------------
span 2
span_id = 04f246a05ae540b6
parent_id = d4f2a9f1f0437bbf
start_time = 1682628698207447
end_time = 1682628698211427
inclusive_time = 3980
exclusive_time = 344
process_id = p7
operationName = ComposeReview
serviceName = None
------------------------------------------------------------------------------------
span 3
span_id = 09af30c396d94465
parent_id = 04f246a05ae540b6
start_time = 1682628698207794
end_time = 1682628698211333
inclusive_time = 3539
exclusive_time = 320
process_id = p4
operationName = UploadMovieId
serviceName = None
------------------------------------------------------------------------------------
span 4
span_id = eef920576b1fbd5a
parent_id = 09af30c396d94465
start_time = 1682628698208213
end_time = 1682628698211204
inclusive_time = 2991
exclusive_time = 225
process_id = p10
operationName = UploadRating
serviceName = None
------------------------------------------------------------------------------------
span 5
span_id = 6668f533e2a1b8fc
parent_id = eef920576b1fbd5a
start_time = 1682628698208383
end_time = 1682628698211086
inclusive_time = 2703
exclusive_time = 1118
process_id = p3
operationName = UploadRating
serviceName = None
------------------------------------------------------------------------------------
span 6
span_id = 370cff9ba39c7a85
parent_id = 6668f533e2a1b8fc
start_time = 1682628698209406
end_time = 1682628698210902
inclusive_time = 1496
exclusive_time = 28
process_id = p5
operationName = UploadMovieReview
serviceName = None
------------------------------------------------------------------------------------
span 7
span_id = a47049bb210381db
parent_id = 370cff9ba39c7a85
start_time = 1682628698209434
end_time = 1682628698210919
inclusive_time = 1485
exclusive_time = 1485
process_id = p5
operationName = MongoFindMovie
serviceName = None
------------------------------------------------------------------------------------
span 8
span_id = 114c878af8749d86
parent_id = 09af30c396d94465
start_time = 1682628698207810
end_time = 1682628698207963
inclusive_time = 153
exclusive_time = 153
process_id = p4
operationName = MmcGetMovieId
serviceName = None
------------------------------------------------------------------------------------
