span = 0
trace_id = d14ceb9c88e96ff6
span_id = d14ceb9c88e96ff6
parent_id = None
start_time = 1682628698216000
end_time = 1682628698220459
inclusive_time = 4459
exclusive_time = 421
process_id = p6
operationName = /wrk2-api/review/compose
serviceName = nginx
call path = 
------------------------------------------------------------------------------------
span = 1
trace_id = d14ceb9c88e96ff6
span_id = 516752dd35ed0645
parent_id = d14ceb9c88e96ff6
start_time = 1682628698216421
end_time = 1682628698220459
inclusive_time = 4038
exclusive_time = 114
process_id = p6
operationName = /wrk2-api/review/compose
serviceName = nginx
call path = ->/wrk2-api/review/compose_nginx
------------------------------------------------------------------------------------
span = 2
trace_id = d14ceb9c88e96ff6
span_id = 6a356df1c55d4156
parent_id = 516752dd35ed0645
start_time = 1682628698216466
end_time = 1682628698220390
inclusive_time = 3924
exclusive_time = 308
process_id = p6
operationName = ComposeReview
serviceName = nginx
call path = ->/wrk2-api/review/compose_nginx->/wrk2-api/review/compose_nginx
------------------------------------------------------------------------------------
span = 3
trace_id = d14ceb9c88e96ff6
span_id = 49040331ff5b987e
parent_id = 6a356df1c55d4156
start_time = 1682628698216738
end_time = 1682628698220265
inclusive_time = 3527
exclusive_time = 341
process_id = p3
operationName = UploadMovieId
serviceName = movie-id-service
call path = ->/wrk2-api/review/compose_nginx->/wrk2-api/review/compose_nginx->ComposeReview_nginx
------------------------------------------------------------------------------------
span = 4
trace_id = d14ceb9c88e96ff6
span_id = b304ccd5d1803714
parent_id = 49040331ff5b987e
start_time = 1682628698217260
end_time = 1682628698220163
inclusive_time = 2903
exclusive_time = 367
process_id = p10
operationName = UploadRating
serviceName = rating-service
call path = ->/wrk2-api/review/compose_nginx->/wrk2-api/review/compose_nginx->ComposeReview_nginx->UploadMovieId_movie-id-service
------------------------------------------------------------------------------------
span = 5
trace_id = d14ceb9c88e96ff6
span_id = cca9ab3ac8ac9cf9
parent_id = b304ccd5d1803714
start_time = 1682628698217516
end_time = 1682628698220052
inclusive_time = 2536
exclusive_time = 1257
process_id = p2
operationName = UploadRating
serviceName = compose-review-service
call path = ->/wrk2-api/review/compose_nginx->/wrk2-api/review/compose_nginx->ComposeReview_nginx->UploadMovieId_movie-id-service->UploadRating_rating-service
------------------------------------------------------------------------------------
span = 6
trace_id = d14ceb9c88e96ff6
span_id = 5e42a8757860466a
parent_id = cca9ab3ac8ac9cf9
start_time = 1682628698218850
end_time = 1682628698219931
inclusive_time = 1081
exclusive_time = 19
process_id = p1
operationName = UploadUserReview
serviceName = user-review-service
call path = ->/wrk2-api/review/compose_nginx->/wrk2-api/review/compose_nginx->ComposeReview_nginx->UploadMovieId_movie-id-service->UploadRating_rating-service->UploadRating_compose-review-service
------------------------------------------------------------------------------------
span = 7
trace_id = d14ceb9c88e96ff6
span_id = 08a74a6325c879c5
parent_id = 5e42a8757860466a
start_time = 1682628698218869
end_time = 1682628698219934
inclusive_time = 1065
exclusive_time = 1065
process_id = p1
operationName = MongoFindUser
serviceName = user-review-service
call path = ->/wrk2-api/review/compose_nginx->/wrk2-api/review/compose_nginx->ComposeReview_nginx->UploadMovieId_movie-id-service->UploadRating_rating-service->UploadRating_compose-review-service->UploadUserReview_user-review-service
------------------------------------------------------------------------------------
span = 8
trace_id = d14ceb9c88e96ff6
span_id = e1e35ed292d8d39c
parent_id = 49040331ff5b987e
start_time = 1682628698217012
end_time = 1682628698217127
inclusive_time = 115
exclusive_time = 115
process_id = p3
operationName = MmcSetMovieId
serviceName = movie-id-service
call path = ->/wrk2-api/review/compose_nginx->/wrk2-api/review/compose_nginx->ComposeReview_nginx->UploadMovieId_movie-id-service
------------------------------------------------------------------------------------
span = 9
trace_id = d14ceb9c88e96ff6
span_id = d9901ebc1e727998
parent_id = 49040331ff5b987e
start_time = 1682628698216759
end_time = 1682628698216863
inclusive_time = 104
exclusive_time = 104
process_id = p3
operationName = MmcGetMovieId
serviceName = movie-id-service
call path = ->/wrk2-api/review/compose_nginx->/wrk2-api/review/compose_nginx->ComposeReview_nginx->UploadMovieId_movie-id-service
------------------------------------------------------------------------------------
