span = 0
span_id = 79516ffb30c58b18
parent_id = None
start_time = 1682628698106000
end_time = 1682628698109996
inclusive_time = 3996
exclusive_time = 211
process_id = p6
operationName = /wrk2-api/review/compose
serviceName = nginx
------------------------------------------------------------------------------------
span = 1
span_id = 8e2fb081df7575c8
parent_id = 79516ffb30c58b18
start_time = 1682628698106211
end_time = 1682628698109996
inclusive_time = 3785
exclusive_time = 96
process_id = p6
operationName = /wrk2-api/review/compose
serviceName = nginx
------------------------------------------------------------------------------------
span = 2
span_id = b13fff04df321b8b
parent_id = 8e2fb081df7575c8
start_time = 1682628698106248
end_time = 1682628698109937
inclusive_time = 3689
exclusive_time = 382
process_id = p6
operationName = ComposeReview
serviceName = nginx
------------------------------------------------------------------------------------
span = 3
span_id = 1ef69058f3c74d69
parent_id = b13fff04df321b8b
start_time = 1682628698106488
end_time = 1682628698109729
inclusive_time = 3241
exclusive_time = 362
process_id = p3
operationName = UploadMovieId
serviceName = movie-id-service
------------------------------------------------------------------------------------
span = 4
span_id = 4e0c4ede9bfa7b85
parent_id = 1ef69058f3c74d69
start_time = 1682628698106998
end_time = 1682628698109597
inclusive_time = 2599
exclusive_time = 290
process_id = p5
operationName = UploadRating
serviceName = rating-service
------------------------------------------------------------------------------------
span = 5
span_id = 32b26bfd16b1de7d
parent_id = 4e0c4ede9bfa7b85
start_time = 1682628698107164
end_time = 1682628698109471
inclusive_time = 2307
exclusive_time = 1037
process_id = p1
operationName = UploadRating
serviceName = compose-review-service
------------------------------------------------------------------------------------
span = 6
span_id = 78e3bab08ba44917
parent_id = 32b26bfd16b1de7d
start_time = 1682628698108155
end_time = 1682628698109354
inclusive_time = 1199
exclusive_time = 28
process_id = p7
operationName = UploadMovieReview
serviceName = movie-review-service
------------------------------------------------------------------------------------
span = 7
span_id = 1266062fdcd6c247
parent_id = 78e3bab08ba44917
start_time = 1682628698108183
end_time = 1682628698109359
inclusive_time = 1176
exclusive_time = 1176
process_id = p7
operationName = MongoFindMovie
serviceName = movie-review-service
------------------------------------------------------------------------------------
span = 8
span_id = 08b7dcda2513dcb1
parent_id = 1ef69058f3c74d69
start_time = 1682628698106741
end_time = 1682628698106845
inclusive_time = 104
exclusive_time = 104
process_id = p3
operationName = MmcSetMovieId
serviceName = movie-id-service
------------------------------------------------------------------------------------
span = 9
span_id = 5217fb323f212a96
parent_id = 1ef69058f3c74d69
start_time = 1682628698106500
end_time = 1682628698106579
inclusive_time = 79
exclusive_time = 79
process_id = p3
operationName = MmcGetMovieId
serviceName = movie-id-service
------------------------------------------------------------------------------------
