span 0
span_id = fc758becd7298f70
parent_id = None
start_time = 1682630624847000
end_time = 1682630624848272
inclusive_time = 1272
exclusive_time = 1083
process_id = p1
operationName = 
serviceName = None
------------------------------------------------------------------------------------
span 1
span_id = dfb734d34d4c70f8
parent_id = fc758becd7298f70
start_time = 1682630624848130
end_time = 1682630624848272
inclusive_time = 142
exclusive_time = 142
process_id = p1
operationName = 
serviceName = None
------------------------------------------------------------------------------------
span 2
span_id = a5ef59db7906c517
parent_id = fc758becd7298f70
start_time = 1682630624848015
end_time = 1682630624848062
inclusive_time = 47
exclusive_time = 47
process_id = p1
operationName = 
serviceName = None
------------------------------------------------------------------------------------
