span = 0
trace_id = f95b9a1770acaa4a
span_id = f95b9a1770acaa4a
parent_id = None
start_time = 1682628697974000
end_time = 1682628697977790
inclusive_time = 3790
exclusive_time = 450
process_id = p4
operationName = /wrk2-api/review/compose
serviceName = nginx
------------------------------------------------------------------------------------
span = 1
trace_id = f95b9a1770acaa4a
span_id = 1afd53a930a4cab1
parent_id = f95b9a1770acaa4a
start_time = 1682628697974450
end_time = 1682628697977790
inclusive_time = 3340
exclusive_time = 109
process_id = p4
operationName = /wrk2-api/review/compose
serviceName = nginx
------------------------------------------------------------------------------------
span = 2
trace_id = f95b9a1770acaa4a
span_id = 47b0b4de7199a1ca
parent_id = 1afd53a930a4cab1
start_time = 1682628697974503
end_time = 1682628697977734
inclusive_time = 3231
exclusive_time = 310
process_id = p4
operationName = ComposeReview
serviceName = nginx
------------------------------------------------------------------------------------
span = 3
trace_id = f95b9a1770acaa4a
span_id = 3edd6185624504ad
parent_id = 47b0b4de7199a1ca
start_time = 1682628697974990
end_time = 1682628697977656
inclusive_time = 2666
exclusive_time = 540
process_id = p9
operationName = UploadUniqueId
serviceName = unique-id-service
------------------------------------------------------------------------------------
span = 4
trace_id = f95b9a1770acaa4a
span_id = 26cae95433e627df
parent_id = 3edd6185624504ad
start_time = 1682628697975474
end_time = 1682628697977600
inclusive_time = 2126
exclusive_time = 1016
process_id = p1
operationName = UploadUniqueId
serviceName = compose-review-service
------------------------------------------------------------------------------------
span = 5
trace_id = f95b9a1770acaa4a
span_id = f6a2433f1d09877f
parent_id = 26cae95433e627df
start_time = 1682628697976461
end_time = 1682628697977494
inclusive_time = 1033
exclusive_time = 18
process_id = p8
operationName = UploadUserReview
serviceName = user-review-service
------------------------------------------------------------------------------------
span = 6
trace_id = f95b9a1770acaa4a
span_id = 26a5ed9fa6126d63
parent_id = f6a2433f1d09877f
start_time = 1682628697976479
end_time = 1682628697977497
inclusive_time = 1018
exclusive_time = 1018
process_id = p8
operationName = MongoFindUser
serviceName = user-review-service
------------------------------------------------------------------------------------
