span = 0
trace_id = 49840f7a0075adfd
span_id = 49840f7a0075adfd
parent_id = None
start_time = 1682628698238000
end_time = 1682628698243455
inclusive_time = 5455
exclusive_time = 843
process_id = p5
operationName = /wrk2-api/review/compose
serviceName = nginx
call path = 
------------------------------------------------------------------------------------
span = 1
trace_id = 49840f7a0075adfd
span_id = dfec734e214cedda
parent_id = 49840f7a0075adfd
start_time = 1682628698238842
end_time = 1682628698243454
inclusive_time = 4612
exclusive_time = 80
process_id = p5
operationName = /wrk2-api/review/compose
serviceName = nginx
call path = ->/wrk2-api/review/compose_nginx
------------------------------------------------------------------------------------
span = 2
trace_id = 49840f7a0075adfd
span_id = 4c5927e42f8bc63e
parent_id = dfec734e214cedda
start_time = 1682628698238880
end_time = 1682628698243412
inclusive_time = 4532
exclusive_time = 1152
process_id = p5
operationName = ComposeReview
serviceName = nginx
call path = ->/wrk2-api/review/compose_nginx->/wrk2-api/review/compose_nginx
------------------------------------------------------------------------------------
span = 3
trace_id = 49840f7a0075adfd
span_id = 8a7ed6817643a4a9
parent_id = 4c5927e42f8bc63e
start_time = 1682628698239421
end_time = 1682628698242455
inclusive_time = 3034
exclusive_time = 324
process_id = p1
operationName = UploadMovieId
serviceName = movie-id-service
call path = ->/wrk2-api/review/compose_nginx->/wrk2-api/review/compose_nginx->ComposeReview_nginx
------------------------------------------------------------------------------------
span = 4
trace_id = 49840f7a0075adfd
span_id = 8056b7e3bda91b4b
parent_id = 8a7ed6817643a4a9
start_time = 1682628698239773
end_time = 1682628698242302
inclusive_time = 2529
exclusive_time = 1275
process_id = p2
operationName = UploadMovieId
serviceName = compose-review-service
call path = ->/wrk2-api/review/compose_nginx->/wrk2-api/review/compose_nginx->ComposeReview_nginx->UploadMovieId_movie-id-service
------------------------------------------------------------------------------------
span = 5
trace_id = 49840f7a0075adfd
span_id = e6b73b1c6b6673e2
parent_id = 8056b7e3bda91b4b
start_time = 1682628698240951
end_time = 1682628698242182
inclusive_time = 1231
exclusive_time = 27
process_id = p6
operationName = UploadUserReview
serviceName = user-review-service
call path = ->/wrk2-api/review/compose_nginx->/wrk2-api/review/compose_nginx->ComposeReview_nginx->UploadMovieId_movie-id-service->UploadMovieId_compose-review-service
------------------------------------------------------------------------------------
span = 6
trace_id = 49840f7a0075adfd
span_id = 02b4fbb8e094dc15
parent_id = e6b73b1c6b6673e2
start_time = 1682628698240978
end_time = 1682628698242188
inclusive_time = 1210
exclusive_time = 1210
process_id = p6
operationName = MongoFindUser
serviceName = user-review-service
call path = ->/wrk2-api/review/compose_nginx->/wrk2-api/review/compose_nginx->ComposeReview_nginx->UploadMovieId_movie-id-service->UploadMovieId_compose-review-service->UploadUserReview_user-review-service
------------------------------------------------------------------------------------
span = 7
trace_id = 49840f7a0075adfd
span_id = e64e16a26cd16b37
parent_id = 8a7ed6817643a4a9
start_time = 1682628698239674
end_time = 1682628698239754
inclusive_time = 80
exclusive_time = 80
process_id = p1
operationName = MmcSetMovieId
serviceName = movie-id-service
call path = ->/wrk2-api/review/compose_nginx->/wrk2-api/review/compose_nginx->ComposeReview_nginx->UploadMovieId_movie-id-service
------------------------------------------------------------------------------------
span = 8
trace_id = 49840f7a0075adfd
span_id = 0d3c7b07485a854d
parent_id = 8a7ed6817643a4a9
start_time = 1682628698239437
end_time = 1682628698239538
inclusive_time = 101
exclusive_time = 101
process_id = p1
operationName = MmcGetMovieId
serviceName = movie-id-service
call path = ->/wrk2-api/review/compose_nginx->/wrk2-api/review/compose_nginx->ComposeReview_nginx->UploadMovieId_movie-id-service
------------------------------------------------------------------------------------
