span = 0
span_id = dfb2d748fe9a7c24
parent_id = None
start_time = 1682628698096000
end_time = 1682628698100149
inclusive_time = 4149
exclusive_time = 841
process_id = p1
operationName = /wrk2-api/review/compose
serviceName = nginx
------------------------------------------------------------------------------------
span = 1
span_id = 15536d3f6dc8f562
parent_id = dfb2d748fe9a7c24
start_time = 1682628698096841
end_time = 1682628698100149
inclusive_time = 3308
exclusive_time = 92
process_id = p1
operationName = /wrk2-api/review/compose
serviceName = nginx
------------------------------------------------------------------------------------
span = 2
span_id = cbc244b8e552c1d3
parent_id = 15536d3f6dc8f562
start_time = 1682628698096883
end_time = 1682628698100099
inclusive_time = 3216
exclusive_time = 248
process_id = p1
operationName = ComposeReview
serviceName = nginx
------------------------------------------------------------------------------------
span = 3
span_id = b836ee7f66b7eca0
parent_id = cbc244b8e552c1d3
start_time = 1682628698097117
end_time = 1682628698100009
inclusive_time = 2892
exclusive_time = 287
process_id = p5
operationName = UploadMovieId
serviceName = movie-id-service
------------------------------------------------------------------------------------
span = 4
span_id = 2377ed3fce2340b3
parent_id = b836ee7f66b7eca0
start_time = 1682628698097520
end_time = 1682628698099887
inclusive_time = 2367
exclusive_time = 288
process_id = p7
operationName = UploadRating
serviceName = rating-service
------------------------------------------------------------------------------------
span = 5
span_id = b4c1307ca5fac446
parent_id = 2377ed3fce2340b3
start_time = 1682628698097692
end_time = 1682628698099771
inclusive_time = 2079
exclusive_time = 865
process_id = p3
operationName = UploadRating
serviceName = compose-review-service
------------------------------------------------------------------------------------
span = 6
span_id = f6f9df807a99faa6
parent_id = b4c1307ca5fac446
start_time = 1682628698098522
end_time = 1682628698099639
inclusive_time = 1117
exclusive_time = 28
process_id = p2
operationName = UploadMovieReview
serviceName = movie-review-service
------------------------------------------------------------------------------------
span = 7
span_id = c50bc83a97410479
parent_id = f6f9df807a99faa6
start_time = 1682628698098550
end_time = 1682628698099642
inclusive_time = 1092
exclusive_time = 1092
process_id = p2
operationName = MongoFindMovie
serviceName = movie-review-service
------------------------------------------------------------------------------------
span = 8
span_id = e3ed1430d3eb53b0
parent_id = b836ee7f66b7eca0
start_time = 1682628698097367
end_time = 1682628698097459
inclusive_time = 92
exclusive_time = 92
process_id = p5
operationName = MmcSetMovieId
serviceName = movie-id-service
------------------------------------------------------------------------------------
span = 9
span_id = 7ef7f1807bd96b02
parent_id = b836ee7f66b7eca0
start_time = 1682628698097130
end_time = 1682628698097243
inclusive_time = 113
exclusive_time = 113
process_id = p5
operationName = MmcGetMovieId
serviceName = movie-id-service
------------------------------------------------------------------------------------
