span = 0
trace_id = 5b089a3baca00e1a
span_id = 5b089a3baca00e1a
parent_id = None
start_time = 1682628698074000
end_time = 1682628698078809
inclusive_time = 4809
exclusive_time = 378
process_id = p7
operationName = /wrk2-api/review/compose
serviceName = nginx
call path = 
------------------------------------------------------------------------------------
span = 1
trace_id = 5b089a3baca00e1a
span_id = 20006ce4c0b4de01
parent_id = 5b089a3baca00e1a
start_time = 1682628698074377
end_time = 1682628698078808
inclusive_time = 4431
exclusive_time = 109
process_id = p7
operationName = /wrk2-api/review/compose
serviceName = nginx
call path = ->/wrk2-api/review/compose_nginx
------------------------------------------------------------------------------------
span = 2
trace_id = 5b089a3baca00e1a
span_id = 571aa8a0dfe90e81
parent_id = 20006ce4c0b4de01
start_time = 1682628698074420
end_time = 1682628698078742
inclusive_time = 4322
exclusive_time = 372
process_id = p7
operationName = ComposeReview
serviceName = nginx
call path = ->/wrk2-api/review/compose_nginx->/wrk2-api/review/compose_nginx
------------------------------------------------------------------------------------
span = 3
trace_id = 5b089a3baca00e1a
span_id = 494a10a2f2452c4d
parent_id = 571aa8a0dfe90e81
start_time = 1682628698074773
end_time = 1682628698078578
inclusive_time = 3805
exclusive_time = 385
process_id = p4
operationName = UploadMovieId
serviceName = movie-id-service
call path = ->/wrk2-api/review/compose_nginx->/wrk2-api/review/compose_nginx->ComposeReview_nginx
------------------------------------------------------------------------------------
span = 4
trace_id = 5b089a3baca00e1a
span_id = 8ae6f926114bf508
parent_id = 494a10a2f2452c4d
start_time = 1682628698075446
end_time = 1682628698078369
inclusive_time = 2923
exclusive_time = 323
process_id = p6
operationName = UploadRating
serviceName = rating-service
call path = ->/wrk2-api/review/compose_nginx->/wrk2-api/review/compose_nginx->ComposeReview_nginx->UploadMovieId_movie-id-service
------------------------------------------------------------------------------------
span = 5
trace_id = 5b089a3baca00e1a
span_id = 64a9a667952073fb
parent_id = 8ae6f926114bf508
start_time = 1682628698075616
end_time = 1682628698078194
inclusive_time = 2578
exclusive_time = 1442
process_id = p2
operationName = UploadRating
serviceName = compose-review-service
call path = ->/wrk2-api/review/compose_nginx->/wrk2-api/review/compose_nginx->ComposeReview_nginx->UploadMovieId_movie-id-service->UploadRating_rating-service
------------------------------------------------------------------------------------
span = 6
trace_id = 5b089a3baca00e1a
span_id = b25d71263295821d
parent_id = 64a9a667952073fb
start_time = 1682628698076862
end_time = 1682628698077989
inclusive_time = 1127
exclusive_time = 80
process_id = p5
operationName = UploadUserReview
serviceName = user-review-service
call path = ->/wrk2-api/review/compose_nginx->/wrk2-api/review/compose_nginx->ComposeReview_nginx->UploadMovieId_movie-id-service->UploadRating_rating-service->UploadRating_compose-review-service
------------------------------------------------------------------------------------
span = 7
trace_id = 5b089a3baca00e1a
span_id = 140fe8c09ff6cff4
parent_id = b25d71263295821d
start_time = 1682628698076942
end_time = 1682628698077992
inclusive_time = 1050
exclusive_time = 1050
process_id = p5
operationName = MongoFindUser
serviceName = user-review-service
call path = ->/wrk2-api/review/compose_nginx->/wrk2-api/review/compose_nginx->ComposeReview_nginx->UploadMovieId_movie-id-service->UploadRating_rating-service->UploadRating_compose-review-service->UploadUserReview_user-review-service
------------------------------------------------------------------------------------
span = 8
trace_id = 5b089a3baca00e1a
span_id = f5117382db451c81
parent_id = 494a10a2f2452c4d
start_time = 1682628698075060
end_time = 1682628698075339
inclusive_time = 279
exclusive_time = 279
process_id = p4
operationName = MmcSetMovieId
serviceName = movie-id-service
call path = ->/wrk2-api/review/compose_nginx->/wrk2-api/review/compose_nginx->ComposeReview_nginx->UploadMovieId_movie-id-service
------------------------------------------------------------------------------------
span = 9
trace_id = 5b089a3baca00e1a
span_id = 51e44b0fdc59f67e
parent_id = 494a10a2f2452c4d
start_time = 1682628698074793
end_time = 1682628698074904
inclusive_time = 111
exclusive_time = 111
process_id = p4
operationName = MmcGetMovieId
serviceName = movie-id-service
call path = ->/wrk2-api/review/compose_nginx->/wrk2-api/review/compose_nginx->ComposeReview_nginx->UploadMovieId_movie-id-service
------------------------------------------------------------------------------------
