span 0
span_id = 86d926e799c71013
parent_id = None
start_time = 1682628698122000
end_time = 1682628698127738
inclusive_time = 5738
exclusive_time = 485
process_id = p6
operationName = /wrk2-api/review/compose
serviceName = None
------------------------------------------------------------------------------------
span 1
span_id = 4b1be0d982d283fd
parent_id = 86d926e799c71013
start_time = 1682628698122485
end_time = 1682628698127738
inclusive_time = 5253
exclusive_time = 103
process_id = p6
operationName = /wrk2-api/review/compose
serviceName = None
------------------------------------------------------------------------------------
span 2
span_id = ecab802b8352e390
parent_id = 4b1be0d982d283fd
start_time = 1682628698122529
end_time = 1682628698127679
inclusive_time = 5150
exclusive_time = 376
process_id = p6
operationName = ComposeReview
serviceName = None
------------------------------------------------------------------------------------
span 3
span_id = de462b165d767714
parent_id = ecab802b8352e390
start_time = 1682628698123359
end_time = 1682628698127589
inclusive_time = 4230
exclusive_time = 456
process_id = p1
operationName = UploadMovieId
serviceName = None
------------------------------------------------------------------------------------
span 4
span_id = 9b33d657470f15a5
parent_id = de462b165d767714
start_time = 1682628698124045
end_time = 1682628698127478
inclusive_time = 3433
exclusive_time = 295
process_id = p3
operationName = UploadRating
serviceName = None
------------------------------------------------------------------------------------
span 5
span_id = 1aaa10d0c8fda8da
parent_id = 9b33d657470f15a5
start_time = 1682628698124333
end_time = 1682628698127300
inclusive_time = 2967
exclusive_time = 1068
process_id = p4
operationName = UploadRating
serviceName = None
------------------------------------------------------------------------------------
span 6
span_id = 8e92dfed6ac7077e
parent_id = 1aaa10d0c8fda8da
start_time = 1682628698125693
end_time = 1682628698127181
inclusive_time = 1488
exclusive_time = 28
process_id = p5
operationName = UploadMovieReview
serviceName = None
------------------------------------------------------------------------------------
span 7
span_id = ca47132d7fc079d6
parent_id = 8e92dfed6ac7077e
start_time = 1682628698125721
end_time = 1682628698127185
inclusive_time = 1464
exclusive_time = 1464
process_id = p5
operationName = MongoFindMovie
serviceName = None
------------------------------------------------------------------------------------
span 8
span_id = 2ba128a78e3254d6
parent_id = 1aaa10d0c8fda8da
start_time = 1682628698125282
end_time = 1682628698125575
inclusive_time = 293
exclusive_time = 67
process_id = p7
operationName = StoreReview
serviceName = None
------------------------------------------------------------------------------------
span 9
span_id = 7335842b577c7ea4
parent_id = 2ba128a78e3254d6
start_time = 1682628698125301
end_time = 1682628698125527
inclusive_time = 226
exclusive_time = 226
process_id = p7
operationName = MongoInsertReview
serviceName = None
------------------------------------------------------------------------------------
span 10
span_id = 6d7bbb3c2fc6885d
parent_id = de462b165d767714
start_time = 1682628698123841
end_time = 1682628698124009
inclusive_time = 168
exclusive_time = 168
process_id = p1
operationName = MmcSetMovieId
serviceName = None
------------------------------------------------------------------------------------
span 11
span_id = 09b324555ecb16a9
parent_id = de462b165d767714
start_time = 1682628698123378
end_time = 1682628698123515
inclusive_time = 137
exclusive_time = 137
process_id = p1
operationName = MmcGetMovieId
serviceName = None
------------------------------------------------------------------------------------
