span = 0
span_id = cf22a2b185b92269
parent_id = None
start_time = 1682628697912000
end_time = 1682628697916738
inclusive_time = 4738
exclusive_time = 572
process_id = p8
operationName = /wrk2-api/review/compose
serviceName = nginx
------------------------------------------------------------------------------------
span = 1
span_id = 753918251fe349e2
parent_id = cf22a2b185b92269
start_time = 1682628697912572
end_time = 1682628697916738
inclusive_time = 4166
exclusive_time = 103
process_id = p8
operationName = /wrk2-api/review/compose
serviceName = nginx
------------------------------------------------------------------------------------
span = 2
span_id = 2e9ab14e6ce55315
parent_id = 753918251fe349e2
start_time = 1682628697912619
end_time = 1682628697916682
inclusive_time = 4063
exclusive_time = 273
process_id = p8
operationName = ComposeReview
serviceName = nginx
------------------------------------------------------------------------------------
span = 3
span_id = 572c8bf0d67ad653
parent_id = 2e9ab14e6ce55315
start_time = 1682628697913824
end_time = 1682628697916595
inclusive_time = 2771
exclusive_time = 239
process_id = p10
operationName = UploadUniqueId
serviceName = unique-id-service
------------------------------------------------------------------------------------
span = 4
span_id = b4a55b95c63cffb4
parent_id = 572c8bf0d67ad653
start_time = 1682628697913988
end_time = 1682628697916520
inclusive_time = 2532
exclusive_time = 1217
process_id = p4
operationName = UploadUniqueId
serviceName = compose-review-service
------------------------------------------------------------------------------------
span = 5
span_id = 216cee1ae0e18968
parent_id = b4a55b95c63cffb4
start_time = 1682628697915198
end_time = 1682628697916306
inclusive_time = 1108
exclusive_time = 18
process_id = p1
operationName = UploadMovieReview
serviceName = movie-review-service
------------------------------------------------------------------------------------
span = 6
span_id = bee3d7b4f1164693
parent_id = 216cee1ae0e18968
start_time = 1682628697915216
end_time = 1682628697916312
inclusive_time = 1096
exclusive_time = 1096
process_id = p1
operationName = MongoFindMovie
serviceName = movie-review-service
------------------------------------------------------------------------------------
span = 7
span_id = 8e1e3fc7a36da80f
parent_id = 2e9ab14e6ce55315
start_time = 1682628697913037
end_time = 1682628697913604
inclusive_time = 567
exclusive_time = 191
process_id = p6
operationName = UploadText
serviceName = text-service
------------------------------------------------------------------------------------
span = 8
span_id = 4089fe7306a0f19b
parent_id = 8e1e3fc7a36da80f
start_time = 1682628697913150
end_time = 1682628697913526
inclusive_time = 376
exclusive_time = 376
process_id = p4
operationName = UploadText
serviceName = compose-review-service
------------------------------------------------------------------------------------
