span = 0
trace_id = b7a6f1e4816fc109
span_id = b7a6f1e4816fc109
parent_id = None
start_time = 1682628697902000
end_time = 1682628697905987
inclusive_time = 3987
exclusive_time = 708
process_id = p1
operationName = /wrk2-api/review/compose
serviceName = nginx
------------------------------------------------------------------------------------
span = 1
trace_id = b7a6f1e4816fc109
span_id = ef6d54d404cf184b
parent_id = b7a6f1e4816fc109
start_time = 1682628697902708
end_time = 1682628697905987
inclusive_time = 3279
exclusive_time = 92
process_id = p1
operationName = /wrk2-api/review/compose
serviceName = nginx
------------------------------------------------------------------------------------
span = 2
trace_id = b7a6f1e4816fc109
span_id = 7d9947e6be35517c
parent_id = ef6d54d404cf184b
start_time = 1682628697902744
end_time = 1682628697905931
inclusive_time = 3187
exclusive_time = 333
process_id = p1
operationName = ComposeReview
serviceName = nginx
------------------------------------------------------------------------------------
span = 3
trace_id = b7a6f1e4816fc109
span_id = 69b5b7849c63d26b
parent_id = 7d9947e6be35517c
start_time = 1682628697902985
end_time = 1682628697905839
inclusive_time = 2854
exclusive_time = 278
process_id = p3
operationName = UploadMovieId
serviceName = movie-id-service
------------------------------------------------------------------------------------
span = 4
trace_id = b7a6f1e4816fc109
span_id = dbf88e71f14f0d96
parent_id = 69b5b7849c63d26b
start_time = 1682628697903394
end_time = 1682628697905736
inclusive_time = 2342
exclusive_time = 265
process_id = p7
operationName = UploadRating
serviceName = rating-service
------------------------------------------------------------------------------------
span = 5
trace_id = b7a6f1e4816fc109
span_id = 33e7bdabe6c2425a
parent_id = dbf88e71f14f0d96
start_time = 1682628697903611
end_time = 1682628697905621
inclusive_time = 2010
exclusive_time = 920
process_id = p2
operationName = UploadRating
serviceName = compose-review-service
------------------------------------------------------------------------------------
span = 6
trace_id = b7a6f1e4816fc109
span_id = b28c26ece3fc404d
parent_id = 33e7bdabe6c2425a
start_time = 1682628697904460
end_time = 1682628697905524
inclusive_time = 1064
exclusive_time = 24
process_id = p6
operationName = UploadUserReview
serviceName = user-review-service
------------------------------------------------------------------------------------
span = 7
trace_id = b7a6f1e4816fc109
span_id = 50b80e111394879b
parent_id = b28c26ece3fc404d
start_time = 1682628697904484
end_time = 1682628697905526
inclusive_time = 1042
exclusive_time = 1042
process_id = p6
operationName = MongoFindUser
serviceName = user-review-service
------------------------------------------------------------------------------------
span = 8
trace_id = b7a6f1e4816fc109
span_id = 4697a3c144e82ca0
parent_id = 69b5b7849c63d26b
start_time = 1682628697903218
end_time = 1682628697903370
inclusive_time = 152
exclusive_time = 152
process_id = p3
operationName = MmcSetMovieId
serviceName = movie-id-service
------------------------------------------------------------------------------------
span = 9
trace_id = b7a6f1e4816fc109
span_id = 9383ae23a0943f42
parent_id = 69b5b7849c63d26b
start_time = 1682628697902997
end_time = 1682628697903079
inclusive_time = 82
exclusive_time = 82
process_id = p3
operationName = MmcGetMovieId
serviceName = movie-id-service
------------------------------------------------------------------------------------
