span = 0
trace_id = ebffd4481e3e3050
span_id = ebffd4481e3e3050
parent_id = None
start_time = 1682628698304000
end_time = 1682628698308953
inclusive_time = 4953
exclusive_time = 847
process_id = p10
operationName = /wrk2-api/review/compose
serviceName = nginx
------------------------------------------------------------------------------------
span = 1
trace_id = ebffd4481e3e3050
span_id = d5e7e85225739ca7
parent_id = ebffd4481e3e3050
start_time = 1682628698304846
end_time = 1682628698308952
inclusive_time = 4106
exclusive_time = 103
process_id = p10
operationName = /wrk2-api/review/compose
serviceName = nginx
------------------------------------------------------------------------------------
span = 2
trace_id = ebffd4481e3e3050
span_id = 6a030a04f7ffdd34
parent_id = d5e7e85225739ca7
start_time = 1682628698304891
end_time = 1682628698308894
inclusive_time = 4003
exclusive_time = 290
process_id = p10
operationName = ComposeReview
serviceName = nginx
------------------------------------------------------------------------------------
span = 3
trace_id = ebffd4481e3e3050
span_id = 6c3198a8930e2545
parent_id = 6a030a04f7ffdd34
start_time = 1682628698306052
end_time = 1682628698308793
inclusive_time = 2741
exclusive_time = 224
process_id = p4
operationName = UploadUniqueId
serviceName = unique-id-service
------------------------------------------------------------------------------------
span = 4
trace_id = ebffd4481e3e3050
span_id = 993b6641093ebff4
parent_id = 6c3198a8930e2545
start_time = 1682628698306200
end_time = 1682628698308717
inclusive_time = 2517
exclusive_time = 1118
process_id = p2
operationName = UploadUniqueId
serviceName = compose-review-service
------------------------------------------------------------------------------------
span = 5
trace_id = ebffd4481e3e3050
span_id = 29926041d377cda9
parent_id = 993b6641093ebff4
start_time = 1682628698307233
end_time = 1682628698308517
inclusive_time = 1284
exclusive_time = 24
process_id = p6
operationName = UploadMovieReview
serviceName = movie-review-service
------------------------------------------------------------------------------------
span = 6
trace_id = ebffd4481e3e3050
span_id = b1845d18a8d12b79
parent_id = 29926041d377cda9
start_time = 1682628698307257
end_time = 1682628698308520
inclusive_time = 1263
exclusive_time = 1263
process_id = p6
operationName = MongoFindMovie
serviceName = movie-review-service
------------------------------------------------------------------------------------
span = 7
trace_id = ebffd4481e3e3050
span_id = f4224f91e6152be0
parent_id = 6a030a04f7ffdd34
start_time = 1682628698305268
end_time = 1682628698305892
inclusive_time = 624
exclusive_time = 226
process_id = p8
operationName = UploadText
serviceName = text-service
------------------------------------------------------------------------------------
span = 8
trace_id = ebffd4481e3e3050
span_id = e06e5f2ecfc7022b
parent_id = f4224f91e6152be0
start_time = 1682628698305376
end_time = 1682628698305774
inclusive_time = 398
exclusive_time = 398
process_id = p2
operationName = UploadText
serviceName = compose-review-service
------------------------------------------------------------------------------------
