span = 0
trace_id = ac37a574e95cf806
span_id = ac37a574e95cf806
parent_id = None
start_time = 1682628697892000
end_time = 1682628697896201
inclusive_time = 4201
exclusive_time = 237
process_id = p1
operationName = /wrk2-api/review/compose
serviceName = nginx
call path = 
------------------------------------------------------------------------------------
span = 1
trace_id = ac37a574e95cf806
span_id = ab7d2a899ad6938c
parent_id = ac37a574e95cf806
start_time = 1682628697892237
end_time = 1682628697896201
inclusive_time = 3964
exclusive_time = 119
process_id = p1
operationName = /wrk2-api/review/compose
serviceName = nginx
call path = ->/wrk2-api/review/compose_nginx
------------------------------------------------------------------------------------
span = 2
trace_id = ac37a574e95cf806
span_id = 3889104beb79ac03
parent_id = ab7d2a899ad6938c
start_time = 1682628697892298
end_time = 1682628697896143
inclusive_time = 3845
exclusive_time = 352
process_id = p1
operationName = ComposeReview
serviceName = nginx
call path = ->/wrk2-api/review/compose_nginx->/wrk2-api/review/compose_nginx
------------------------------------------------------------------------------------
span = 3
trace_id = ac37a574e95cf806
span_id = e97e584b234dec18
parent_id = 3889104beb79ac03
start_time = 1682628697892610
end_time = 1682628697895994
inclusive_time = 3384
exclusive_time = 475
process_id = p3
operationName = UploadMovieId
serviceName = movie-id-service
call path = ->/wrk2-api/review/compose_nginx->/wrk2-api/review/compose_nginx->ComposeReview_nginx
------------------------------------------------------------------------------------
span = 4
trace_id = ac37a574e95cf806
span_id = f90b2e8aaea59281
parent_id = e97e584b234dec18
start_time = 1682628697893184
end_time = 1682628697895879
inclusive_time = 2695
exclusive_time = 219
process_id = p7
operationName = UploadRating
serviceName = rating-service
call path = ->/wrk2-api/review/compose_nginx->/wrk2-api/review/compose_nginx->ComposeReview_nginx->UploadMovieId_movie-id-service
------------------------------------------------------------------------------------
span = 5
trace_id = ac37a574e95cf806
span_id = bb2fc7ad5cd88543
parent_id = f90b2e8aaea59281
start_time = 1682628697893354
end_time = 1682628697895779
inclusive_time = 2425
exclusive_time = 954
process_id = p2
operationName = UploadRating
serviceName = compose-review-service
call path = ->/wrk2-api/review/compose_nginx->/wrk2-api/review/compose_nginx->ComposeReview_nginx->UploadMovieId_movie-id-service->UploadRating_rating-service
------------------------------------------------------------------------------------
span = 6
trace_id = ac37a574e95cf806
span_id = a5dab860b97a4e0a
parent_id = bb2fc7ad5cd88543
start_time = 1682628697894207
end_time = 1682628697895624
inclusive_time = 1417
exclusive_time = 18
process_id = p6
operationName = UploadUserReview
serviceName = user-review-service
call path = ->/wrk2-api/review/compose_nginx->/wrk2-api/review/compose_nginx->ComposeReview_nginx->UploadMovieId_movie-id-service->UploadRating_rating-service->UploadRating_compose-review-service
------------------------------------------------------------------------------------
span = 7
trace_id = ac37a574e95cf806
span_id = 1f66a737ac0dc8ed
parent_id = a5dab860b97a4e0a
start_time = 1682628697894225
end_time = 1682628697895628
inclusive_time = 1403
exclusive_time = 1403
process_id = p6
operationName = MongoFindUser
serviceName = user-review-service
call path = ->/wrk2-api/review/compose_nginx->/wrk2-api/review/compose_nginx->ComposeReview_nginx->UploadMovieId_movie-id-service->UploadRating_rating-service->UploadRating_compose-review-service->UploadUserReview_user-review-service
------------------------------------------------------------------------------------
span = 8
trace_id = ac37a574e95cf806
span_id = b545c7aa9dd824bf
parent_id = e97e584b234dec18
start_time = 1682628697893073
end_time = 1682628697893163
inclusive_time = 90
exclusive_time = 90
process_id = p3
operationName = MmcSetMovieId
serviceName = movie-id-service
call path = ->/wrk2-api/review/compose_nginx->/wrk2-api/review/compose_nginx->ComposeReview_nginx->UploadMovieId_movie-id-service
------------------------------------------------------------------------------------
span = 9
trace_id = ac37a574e95cf806
span_id = 71dc08def37bab24
parent_id = e97e584b234dec18
start_time = 1682628697892625
end_time = 1682628697892728
inclusive_time = 103
exclusive_time = 103
process_id = p3
operationName = MmcGetMovieId
serviceName = movie-id-service
call path = ->/wrk2-api/review/compose_nginx->/wrk2-api/review/compose_nginx->ComposeReview_nginx->UploadMovieId_movie-id-service
------------------------------------------------------------------------------------
