span = 0
trace_id = 31fa39254b3833b9
span_id = 31fa39254b3833b9
parent_id = None
start_time = 1682628698317000
end_time = 1682628698322178
inclusive_time = 5178
exclusive_time = 292
process_id = p10
operationName = /wrk2-api/review/compose
serviceName = nginx
------------------------------------------------------------------------------------
span = 1
trace_id = 31fa39254b3833b9
span_id = 22d28cf20bf1eec5
parent_id = 31fa39254b3833b9
start_time = 1682628698317292
end_time = 1682628698322178
inclusive_time = 4886
exclusive_time = 87
process_id = p10
operationName = /wrk2-api/review/compose
serviceName = nginx
------------------------------------------------------------------------------------
span = 2
trace_id = 31fa39254b3833b9
span_id = c58c2fdc9413da66
parent_id = 22d28cf20bf1eec5
start_time = 1682628698317336
end_time = 1682628698322135
inclusive_time = 4799
exclusive_time = 564
process_id = p10
operationName = ComposeReview
serviceName = nginx
------------------------------------------------------------------------------------
span = 3
trace_id = 31fa39254b3833b9
span_id = a25633a0533296cc
parent_id = c58c2fdc9413da66
start_time = 1682628698317663
end_time = 1682628698321898
inclusive_time = 4235
exclusive_time = 314
process_id = p2
operationName = UploadMovieId
serviceName = movie-id-service
------------------------------------------------------------------------------------
span = 4
trace_id = 31fa39254b3833b9
span_id = 927d4aa1ac485072
parent_id = a25633a0533296cc
start_time = 1682628698318407
end_time = 1682628698321782
inclusive_time = 3375
exclusive_time = 255
process_id = p9
operationName = UploadRating
serviceName = rating-service
------------------------------------------------------------------------------------
span = 5
trace_id = 31fa39254b3833b9
span_id = 10350a022b1cb22b
parent_id = 927d4aa1ac485072
start_time = 1682628698318561
end_time = 1682628698321656
inclusive_time = 3095
exclusive_time = 1249
process_id = p1
operationName = UploadRating
serviceName = compose-review-service
------------------------------------------------------------------------------------
span = 6
trace_id = 31fa39254b3833b9
span_id = b85d6b4112a20736
parent_id = 10350a022b1cb22b
start_time = 1682628698320137
end_time = 1682628698321480
inclusive_time = 1343
exclusive_time = 31
process_id = p6
operationName = UploadUserReview
serviceName = user-review-service
------------------------------------------------------------------------------------
span = 7
trace_id = 31fa39254b3833b9
span_id = f4fb067f2aa38a27
parent_id = b85d6b4112a20736
start_time = 1682628698320168
end_time = 1682628698321497
inclusive_time = 1329
exclusive_time = 1329
process_id = p6
operationName = MongoFindUser
serviceName = user-review-service
------------------------------------------------------------------------------------
span = 8
trace_id = 31fa39254b3833b9
span_id = 7fcecbf88fb57b96
parent_id = 10350a022b1cb22b
start_time = 1682628698319634
end_time = 1682628698320007
inclusive_time = 373
exclusive_time = 41
process_id = p4
operationName = StoreReview
serviceName = review-storage-service
------------------------------------------------------------------------------------
span = 9
trace_id = 31fa39254b3833b9
span_id = 8512feaf78dea547
parent_id = 7fcecbf88fb57b96
start_time = 1682628698319661
end_time = 1682628698319993
inclusive_time = 332
exclusive_time = 332
process_id = p4
operationName = MongoInsertReview
serviceName = review-storage-service
------------------------------------------------------------------------------------
span = 10
trace_id = 31fa39254b3833b9
span_id = d4a549a997d364d6
parent_id = a25633a0533296cc
start_time = 1682628698318037
end_time = 1682628698318398
inclusive_time = 361
exclusive_time = 361
process_id = p1
operationName = UploadMovieId
serviceName = compose-review-service
------------------------------------------------------------------------------------
span = 11
trace_id = 31fa39254b3833b9
span_id = 1fe9f002f5ccdf50
parent_id = a25633a0533296cc
start_time = 1682628698317913
end_time = 1682628698318009
inclusive_time = 96
exclusive_time = 96
process_id = p2
operationName = MmcSetMovieId
serviceName = movie-id-service
------------------------------------------------------------------------------------
span = 12
trace_id = 31fa39254b3833b9
span_id = 7c64c4af2998deac
parent_id = a25633a0533296cc
start_time = 1682628698317679
end_time = 1682628698317768
inclusive_time = 89
exclusive_time = 89
process_id = p2
operationName = MmcGetMovieId
serviceName = movie-id-service
------------------------------------------------------------------------------------
