span = 0
trace_id = 512dad8dd240156e
span_id = 512dad8dd240156e
parent_id = None
start_time = 1682628698232000
end_time = 1682628698236002
inclusive_time = 4002
exclusive_time = 70
process_id = p5
operationName = /wrk2-api/review/compose
serviceName = nginx
------------------------------------------------------------------------------------
span = 1
trace_id = 512dad8dd240156e
span_id = 45cb0965eebeeb84
parent_id = 512dad8dd240156e
start_time = 1682628698232069
end_time = 1682628698236001
inclusive_time = 3932
exclusive_time = 97
process_id = p5
operationName = /wrk2-api/review/compose
serviceName = nginx
------------------------------------------------------------------------------------
span = 2
trace_id = 512dad8dd240156e
span_id = 3da5a1325e59d4ac
parent_id = 45cb0965eebeeb84
start_time = 1682628698232116
end_time = 1682628698235951
inclusive_time = 3835
exclusive_time = 270
process_id = p5
operationName = ComposeReview
serviceName = nginx
------------------------------------------------------------------------------------
span = 3
trace_id = 512dad8dd240156e
span_id = 50295e44bc44f4ed
parent_id = 3da5a1325e59d4ac
start_time = 1682628698232404
end_time = 1682628698235881
inclusive_time = 3477
exclusive_time = 764
process_id = p1
operationName = UploadMovieId
serviceName = movie-id-service
------------------------------------------------------------------------------------
span = 4
trace_id = 512dad8dd240156e
span_id = e73dc4ec9c259bfc
parent_id = 50295e44bc44f4ed
start_time = 1682628698232910
end_time = 1682628698235439
inclusive_time = 2529
exclusive_time = 213
process_id = p10
operationName = UploadRating
serviceName = rating-service
------------------------------------------------------------------------------------
span = 5
trace_id = 512dad8dd240156e
span_id = 78ca029d0eaea730
parent_id = e73dc4ec9c259bfc
start_time = 1682628698233059
end_time = 1682628698235315
inclusive_time = 2256
exclusive_time = 860
process_id = p2
operationName = UploadRating
serviceName = compose-review-service
------------------------------------------------------------------------------------
span = 6
trace_id = 512dad8dd240156e
span_id = 5ea379951db20a00
parent_id = 78ca029d0eaea730
start_time = 1682628698234015
end_time = 1682628698235209
inclusive_time = 1194
exclusive_time = 24
process_id = p3
operationName = UploadMovieReview
serviceName = movie-review-service
------------------------------------------------------------------------------------
span = 7
trace_id = 512dad8dd240156e
span_id = 142d8fb4adff9c37
parent_id = 5ea379951db20a00
start_time = 1682628698234039
end_time = 1682628698235212
inclusive_time = 1173
exclusive_time = 1173
process_id = p3
operationName = MongoFindMovie
serviceName = movie-review-service
------------------------------------------------------------------------------------
span = 8
trace_id = 512dad8dd240156e
span_id = ad18d6b55c3668a6
parent_id = 50295e44bc44f4ed
start_time = 1682628698232416
end_time = 1682628698232503
inclusive_time = 87
exclusive_time = 87
process_id = p1
operationName = MmcGetMovieId
serviceName = movie-id-service
------------------------------------------------------------------------------------
