span = 0
trace_id = 3a9cb1a9fd22e40d
span_id = 3a9cb1a9fd22e40d
parent_id = None
start_time = 1682628698217000
end_time = 1682628698222060
inclusive_time = 5060
exclusive_time = 994
process_id = p6
operationName = /wrk2-api/review/compose
serviceName = nginx
------------------------------------------------------------------------------------
span = 1
trace_id = 3a9cb1a9fd22e40d
span_id = 6adcf3b2ef06eb0f
parent_id = 3a9cb1a9fd22e40d
start_time = 1682628698217993
end_time = 1682628698222059
inclusive_time = 4066
exclusive_time = 109
process_id = p6
operationName = /wrk2-api/review/compose
serviceName = nginx
------------------------------------------------------------------------------------
span = 2
trace_id = 3a9cb1a9fd22e40d
span_id = a358885fe4eea84b
parent_id = 6adcf3b2ef06eb0f
start_time = 1682628698218041
end_time = 1682628698221998
inclusive_time = 3957
exclusive_time = 313
process_id = p6
operationName = ComposeReview
serviceName = nginx
------------------------------------------------------------------------------------
span = 3
trace_id = 3a9cb1a9fd22e40d
span_id = 9469d44d751648f0
parent_id = a358885fe4eea84b
start_time = 1682628698218327
end_time = 1682628698221891
inclusive_time = 3564
exclusive_time = 290
process_id = p3
operationName = UploadMovieId
serviceName = movie-id-service
------------------------------------------------------------------------------------
span = 4
trace_id = 3a9cb1a9fd22e40d
span_id = 624cf495d45ff6ff
parent_id = 9469d44d751648f0
start_time = 1682628698218879
end_time = 1682628698221766
inclusive_time = 2887
exclusive_time = 324
process_id = p10
operationName = UploadRating
serviceName = rating-service
------------------------------------------------------------------------------------
span = 5
trace_id = 3a9cb1a9fd22e40d
span_id = 4fa958d572d9ba86
parent_id = 624cf495d45ff6ff
start_time = 1682628698219105
end_time = 1682628698221668
inclusive_time = 2563
exclusive_time = 1396
process_id = p2
operationName = UploadRating
serviceName = compose-review-service
------------------------------------------------------------------------------------
span = 6
trace_id = 3a9cb1a9fd22e40d
span_id = 1702a3962b859f46
parent_id = 4fa958d572d9ba86
start_time = 1682628698220151
end_time = 1682628698221159
inclusive_time = 1008
exclusive_time = 20
process_id = p4
operationName = UploadMovieReview
serviceName = movie-review-service
------------------------------------------------------------------------------------
span = 7
trace_id = 3a9cb1a9fd22e40d
span_id = 2277261068695b6d
parent_id = 1702a3962b859f46
start_time = 1682628698220171
end_time = 1682628698221164
inclusive_time = 993
exclusive_time = 993
process_id = p4
operationName = MongoFindMovie
serviceName = movie-review-service
------------------------------------------------------------------------------------
span = 8
trace_id = 3a9cb1a9fd22e40d
span_id = ecea7b5c63d084b5
parent_id = 9469d44d751648f0
start_time = 1682628698218339
end_time = 1682628698218446
inclusive_time = 107
exclusive_time = 107
process_id = p3
operationName = MmcGetMovieId
serviceName = movie-id-service
------------------------------------------------------------------------------------
