span = 0
trace_id = 46a24a9c736d6cdd
span_id = 46a24a9c736d6cdd
parent_id = None
start_time = 1682628697953000
end_time = 1682628697956969
inclusive_time = 3969
exclusive_time = 142
process_id = p8
operationName = /wrk2-api/review/compose
serviceName = nginx
call path = 
------------------------------------------------------------------------------------
span = 1
trace_id = 46a24a9c736d6cdd
span_id = f759ae8b7fbaa51b
parent_id = 46a24a9c736d6cdd
start_time = 1682628697953142
end_time = 1682628697956969
inclusive_time = 3827
exclusive_time = 98
process_id = p8
operationName = /wrk2-api/review/compose
serviceName = nginx
call path = ->/wrk2-api/review/compose_nginx
------------------------------------------------------------------------------------
span = 2
trace_id = 46a24a9c736d6cdd
span_id = cf1832f580822f9b
parent_id = f759ae8b7fbaa51b
start_time = 1682628697953176
end_time = 1682628697956905
inclusive_time = 3729
exclusive_time = 243
process_id = p8
operationName = ComposeReview
serviceName = nginx
call path = ->/wrk2-api/review/compose_nginx->/wrk2-api/review/compose_nginx
------------------------------------------------------------------------------------
span = 3
trace_id = 46a24a9c736d6cdd
span_id = 4c76f805ac141545
parent_id = cf1832f580822f9b
start_time = 1682628697953421
end_time = 1682628697956820
inclusive_time = 3399
exclusive_time = 320
process_id = p7
operationName = UploadMovieId
serviceName = movie-id-service
call path = ->/wrk2-api/review/compose_nginx->/wrk2-api/review/compose_nginx->ComposeReview_nginx
------------------------------------------------------------------------------------
span = 4
trace_id = 46a24a9c736d6cdd
span_id = db64c8c38feb062d
parent_id = 4c76f805ac141545
start_time = 1682628697953941
end_time = 1682628697956695
inclusive_time = 2754
exclusive_time = 227
process_id = p4
operationName = UploadRating
serviceName = rating-service
call path = ->/wrk2-api/review/compose_nginx->/wrk2-api/review/compose_nginx->ComposeReview_nginx->UploadMovieId_movie-id-service
------------------------------------------------------------------------------------
span = 5
trace_id = 46a24a9c736d6cdd
span_id = 15fa9ca010b58ceb
parent_id = db64c8c38feb062d
start_time = 1682628697954143
end_time = 1682628697956585
inclusive_time = 2442
exclusive_time = 1182
process_id = p3
operationName = UploadRating
serviceName = compose-review-service
call path = ->/wrk2-api/review/compose_nginx->/wrk2-api/review/compose_nginx->ComposeReview_nginx->UploadMovieId_movie-id-service->UploadRating_rating-service
------------------------------------------------------------------------------------
span = 6
trace_id = 46a24a9c736d6cdd
span_id = 29d0947157a93892
parent_id = 15fa9ca010b58ceb
start_time = 1682628697955291
end_time = 1682628697956454
inclusive_time = 1163
exclusive_time = 25
process_id = p6
operationName = UploadMovieReview
serviceName = movie-review-service
call path = ->/wrk2-api/review/compose_nginx->/wrk2-api/review/compose_nginx->ComposeReview_nginx->UploadMovieId_movie-id-service->UploadRating_rating-service->UploadRating_compose-review-service
------------------------------------------------------------------------------------
span = 7
trace_id = 46a24a9c736d6cdd
span_id = d88c4b6968299b68
parent_id = 29d0947157a93892
start_time = 1682628697955316
end_time = 1682628697956457
inclusive_time = 1141
exclusive_time = 1141
process_id = p6
operationName = MongoFindMovie
serviceName = movie-review-service
call path = ->/wrk2-api/review/compose_nginx->/wrk2-api/review/compose_nginx->ComposeReview_nginx->UploadMovieId_movie-id-service->UploadRating_rating-service->UploadRating_compose-review-service->UploadMovieReview_movie-review-service
------------------------------------------------------------------------------------
span = 8
trace_id = 46a24a9c736d6cdd
span_id = 3dad9b75451c4437
parent_id = 4c76f805ac141545
start_time = 1682628697953718
end_time = 1682628697953836
inclusive_time = 118
exclusive_time = 118
process_id = p7
operationName = MmcSetMovieId
serviceName = movie-id-service
call path = ->/wrk2-api/review/compose_nginx->/wrk2-api/review/compose_nginx->ComposeReview_nginx->UploadMovieId_movie-id-service
------------------------------------------------------------------------------------
span = 9
trace_id = 46a24a9c736d6cdd
span_id = 365132e67a567c64
parent_id = 4c76f805ac141545
start_time = 1682628697953438
end_time = 1682628697953540
inclusive_time = 102
exclusive_time = 102
process_id = p7
operationName = MmcGetMovieId
serviceName = movie-id-service
call path = ->/wrk2-api/review/compose_nginx->/wrk2-api/review/compose_nginx->ComposeReview_nginx->UploadMovieId_movie-id-service
------------------------------------------------------------------------------------
