span = 0
trace_id = 238733fde85bd2af
span_id = 238733fde85bd2af
parent_id = None
start_time = 1682628697891000
end_time = 1682628697895141
inclusive_time = 4141
exclusive_time = 329
process_id = p3
operationName = /wrk2-api/review/compose
serviceName = nginx
call path = 
------------------------------------------------------------------------------------
span = 1
trace_id = 238733fde85bd2af
span_id = 6bae3547b9602291
parent_id = 238733fde85bd2af
start_time = 1682628697891329
end_time = 1682628697895141
inclusive_time = 3812
exclusive_time = 106
process_id = p3
operationName = /wrk2-api/review/compose
serviceName = nginx
call path = ->/wrk2-api/review/compose_nginx
------------------------------------------------------------------------------------
span = 2
trace_id = 238733fde85bd2af
span_id = 843d1ac2eec133b0
parent_id = 6bae3547b9602291
start_time = 1682628697891372
end_time = 1682628697895078
inclusive_time = 3706
exclusive_time = 278
process_id = p3
operationName = ComposeReview
serviceName = nginx
call path = ->/wrk2-api/review/compose_nginx->/wrk2-api/review/compose_nginx
------------------------------------------------------------------------------------
span = 3
trace_id = 238733fde85bd2af
span_id = 7af3368a2e8faa7d
parent_id = 843d1ac2eec133b0
start_time = 1682628697891661
end_time = 1682628697894984
inclusive_time = 3323
exclusive_time = 326
process_id = p2
operationName = UploadMovieId
serviceName = movie-id-service
call path = ->/wrk2-api/review/compose_nginx->/wrk2-api/review/compose_nginx->ComposeReview_nginx
------------------------------------------------------------------------------------
span = 4
trace_id = 238733fde85bd2af
span_id = 83fd3f772c0d5b14
parent_id = 7af3368a2e8faa7d
start_time = 1682628697892064
end_time = 1682628697894820
inclusive_time = 2756
exclusive_time = 377
process_id = p7
operationName = UploadRating
serviceName = rating-service
call path = ->/wrk2-api/review/compose_nginx->/wrk2-api/review/compose_nginx->ComposeReview_nginx->UploadMovieId_movie-id-service
------------------------------------------------------------------------------------
span = 5
trace_id = 238733fde85bd2af
span_id = 1a678ee492b51a94
parent_id = 83fd3f772c0d5b14
start_time = 1682628697892384
end_time = 1682628697894608
inclusive_time = 2224
exclusive_time = 1103
process_id = p1
operationName = UploadRating
serviceName = compose-review-service
call path = ->/wrk2-api/review/compose_nginx->/wrk2-api/review/compose_nginx->ComposeReview_nginx->UploadMovieId_movie-id-service->UploadRating_rating-service
------------------------------------------------------------------------------------
span = 6
trace_id = 238733fde85bd2af
span_id = 32f7660c497fd205
parent_id = 1a678ee492b51a94
start_time = 1682628697893415
end_time = 1682628697894437
inclusive_time = 1022
exclusive_time = 20
process_id = p4
operationName = UploadMovieReview
serviceName = movie-review-service
call path = ->/wrk2-api/review/compose_nginx->/wrk2-api/review/compose_nginx->ComposeReview_nginx->UploadMovieId_movie-id-service->UploadRating_rating-service->UploadRating_compose-review-service
------------------------------------------------------------------------------------
span = 7
trace_id = 238733fde85bd2af
span_id = 45fd005a72af1f41
parent_id = 32f7660c497fd205
start_time = 1682628697893435
end_time = 1682628697894440
inclusive_time = 1005
exclusive_time = 1005
process_id = p4
operationName = MongoFindMovie
serviceName = movie-review-service
call path = ->/wrk2-api/review/compose_nginx->/wrk2-api/review/compose_nginx->ComposeReview_nginx->UploadMovieId_movie-id-service->UploadRating_rating-service->UploadRating_compose-review-service->UploadMovieReview_movie-review-service
------------------------------------------------------------------------------------
span = 8
trace_id = 238733fde85bd2af
span_id = 8a2930eb4c5b18fe
parent_id = 7af3368a2e8faa7d
start_time = 1682628697891903
end_time = 1682628697892007
inclusive_time = 104
exclusive_time = 104
process_id = p2
operationName = MmcSetMovieId
serviceName = movie-id-service
call path = ->/wrk2-api/review/compose_nginx->/wrk2-api/review/compose_nginx->ComposeReview_nginx->UploadMovieId_movie-id-service
------------------------------------------------------------------------------------
span = 9
trace_id = 238733fde85bd2af
span_id = 12f8741a8b8331a7
parent_id = 7af3368a2e8faa7d
start_time = 1682628697891677
end_time = 1682628697891779
inclusive_time = 102
exclusive_time = 102
process_id = p2
operationName = MmcGetMovieId
serviceName = movie-id-service
call path = ->/wrk2-api/review/compose_nginx->/wrk2-api/review/compose_nginx->ComposeReview_nginx->UploadMovieId_movie-id-service
------------------------------------------------------------------------------------
