span = 0
trace_id = 64bc7ff1e3a1a17d
span_id = 64bc7ff1e3a1a17d
parent_id = None
start_time = 1682628697964000
end_time = 1682628697968902
inclusive_time = 4902
exclusive_time = 974
process_id = p7
operationName = /wrk2-api/review/compose
serviceName = nginx
call path = 
------------------------------------------------------------------------------------
span = 1
trace_id = 64bc7ff1e3a1a17d
span_id = fb6db312ff1ee768
parent_id = 64bc7ff1e3a1a17d
start_time = 1682628697964974
end_time = 1682628697968902
inclusive_time = 3928
exclusive_time = 100
process_id = p7
operationName = /wrk2-api/review/compose
serviceName = nginx
call path = ->/wrk2-api/review/compose_nginx
------------------------------------------------------------------------------------
span = 2
trace_id = 64bc7ff1e3a1a17d
span_id = 9e73bcae89b7cbbc
parent_id = fb6db312ff1ee768
start_time = 1682628697965015
end_time = 1682628697968843
inclusive_time = 3828
exclusive_time = 514
process_id = p7
operationName = ComposeReview
serviceName = nginx
call path = ->/wrk2-api/review/compose_nginx->/wrk2-api/review/compose_nginx
------------------------------------------------------------------------------------
span = 3
trace_id = 64bc7ff1e3a1a17d
span_id = 979e16cd2aacde54
parent_id = 9e73bcae89b7cbbc
start_time = 1682628697965247
end_time = 1682628697968502
inclusive_time = 3255
exclusive_time = 340
process_id = p6
operationName = UploadMovieId
serviceName = movie-id-service
call path = ->/wrk2-api/review/compose_nginx->/wrk2-api/review/compose_nginx->ComposeReview_nginx
------------------------------------------------------------------------------------
span = 4
trace_id = 64bc7ff1e3a1a17d
span_id = f0d81a7b1be4146d
parent_id = 979e16cd2aacde54
start_time = 1682628697965658
end_time = 1682628697968381
inclusive_time = 2723
exclusive_time = 210
process_id = p3
operationName = UploadRating
serviceName = rating-service
call path = ->/wrk2-api/review/compose_nginx->/wrk2-api/review/compose_nginx->ComposeReview_nginx->UploadMovieId_movie-id-service
------------------------------------------------------------------------------------
span = 5
trace_id = 64bc7ff1e3a1a17d
span_id = 448a095669e933cb
parent_id = f0d81a7b1be4146d
start_time = 1682628697965810
end_time = 1682628697968293
inclusive_time = 2483
exclusive_time = 1283
process_id = p2
operationName = UploadRating
serviceName = compose-review-service
call path = ->/wrk2-api/review/compose_nginx->/wrk2-api/review/compose_nginx->ComposeReview_nginx->UploadMovieId_movie-id-service->UploadRating_rating-service
------------------------------------------------------------------------------------
span = 6
trace_id = 64bc7ff1e3a1a17d
span_id = 3890d829e09a64ef
parent_id = 448a095669e933cb
start_time = 1682628697967040
end_time = 1682628697968172
inclusive_time = 1132
exclusive_time = 28
process_id = p5
operationName = UploadMovieReview
serviceName = movie-review-service
call path = ->/wrk2-api/review/compose_nginx->/wrk2-api/review/compose_nginx->ComposeReview_nginx->UploadMovieId_movie-id-service->UploadRating_rating-service->UploadRating_compose-review-service
------------------------------------------------------------------------------------
span = 7
trace_id = 64bc7ff1e3a1a17d
span_id = 7443fd80d27ee60a
parent_id = 3890d829e09a64ef
start_time = 1682628697967068
end_time = 1682628697968176
inclusive_time = 1108
exclusive_time = 1108
process_id = p5
operationName = MongoFindMovie
serviceName = movie-review-service
call path = ->/wrk2-api/review/compose_nginx->/wrk2-api/review/compose_nginx->ComposeReview_nginx->UploadMovieId_movie-id-service->UploadRating_rating-service->UploadRating_compose-review-service->UploadMovieReview_movie-review-service
------------------------------------------------------------------------------------
span = 8
trace_id = 64bc7ff1e3a1a17d
span_id = 89fde9672a06f64c
parent_id = 979e16cd2aacde54
start_time = 1682628697965258
end_time = 1682628697965362
inclusive_time = 104
exclusive_time = 104
process_id = p6
operationName = MmcGetMovieId
serviceName = movie-id-service
call path = ->/wrk2-api/review/compose_nginx->/wrk2-api/review/compose_nginx->ComposeReview_nginx->UploadMovieId_movie-id-service
------------------------------------------------------------------------------------
