span = 0
span_id = af4d46bea2082afb
parent_id = None
start_time = 1682628698113000
end_time = 1682628698118990
inclusive_time = 5990
exclusive_time = 916
process_id = p5
operationName = /wrk2-api/review/compose
serviceName = nginx
------------------------------------------------------------------------------------
span = 1
span_id = 767deeccad99df63
parent_id = af4d46bea2082afb
start_time = 1682628698113916
end_time = 1682628698118990
inclusive_time = 5074
exclusive_time = 102
process_id = p5
operationName = /wrk2-api/review/compose
serviceName = nginx
------------------------------------------------------------------------------------
span = 2
span_id = 14cb5bd3e52ea884
parent_id = 767deeccad99df63
start_time = 1682628698113965
end_time = 1682628698118937
inclusive_time = 4972
exclusive_time = 533
process_id = p5
operationName = ComposeReview
serviceName = nginx
------------------------------------------------------------------------------------
span = 3
span_id = 00ea098011ca9c9d
parent_id = 14cb5bd3e52ea884
start_time = 1682628698114284
end_time = 1682628698118607
inclusive_time = 4323
exclusive_time = 357
process_id = p2
operationName = UploadMovieId
serviceName = movie-id-service
------------------------------------------------------------------------------------
span = 4
span_id = 5bc9572d97fc49d1
parent_id = 00ea098011ca9c9d
start_time = 1682628698114827
end_time = 1682628698118478
inclusive_time = 3651
exclusive_time = 282
process_id = p4
operationName = UploadRating
serviceName = rating-service
------------------------------------------------------------------------------------
span = 5
span_id = 25a190b2941cfa7a
parent_id = 5bc9572d97fc49d1
start_time = 1682628698115122
end_time = 1682628698118339
inclusive_time = 3217
exclusive_time = 1910
process_id = p6
operationName = UploadRating
serviceName = compose-review-service
------------------------------------------------------------------------------------
span = 6
span_id = 1a851cc11ea00b92
parent_id = 25a190b2941cfa7a
start_time = 1682628698116399
end_time = 1682628698117614
inclusive_time = 1215
exclusive_time = 18
process_id = p7
operationName = UploadMovieReview
serviceName = movie-review-service
------------------------------------------------------------------------------------
span = 7
span_id = 0103389bb44a51df
parent_id = 1a851cc11ea00b92
start_time = 1682628698116417
end_time = 1682628698117617
inclusive_time = 1200
exclusive_time = 1200
process_id = p7
operationName = MongoFindMovie
serviceName = movie-review-service
------------------------------------------------------------------------------------
span = 8
span_id = 51c8d4fae2004034
parent_id = 00ea098011ca9c9d
start_time = 1682628698114301
end_time = 1682628698114415
inclusive_time = 114
exclusive_time = 114
process_id = p2
operationName = MmcGetMovieId
serviceName = movie-id-service
------------------------------------------------------------------------------------
