span = 0
trace_id = c30b213a893f8271
span_id = c30b213a893f8271
parent_id = None
start_time = 1682628698199000
end_time = 1682628698204576
inclusive_time = 5576
exclusive_time = 883
process_id = p1
operationName = /wrk2-api/review/compose
serviceName = nginx
------------------------------------------------------------------------------------
span = 1
trace_id = c30b213a893f8271
span_id = 8090ad6c7fdbccb3
parent_id = c30b213a893f8271
start_time = 1682628698199882
end_time = 1682628698204575
inclusive_time = 4693
exclusive_time = 99
process_id = p1
operationName = /wrk2-api/review/compose
serviceName = nginx
------------------------------------------------------------------------------------
span = 2
trace_id = c30b213a893f8271
span_id = da4aa9b9f0749097
parent_id = 8090ad6c7fdbccb3
start_time = 1682628698199924
end_time = 1682628698204518
inclusive_time = 4594
exclusive_time = 392
process_id = p1
operationName = ComposeReview
serviceName = nginx
------------------------------------------------------------------------------------
span = 3
trace_id = c30b213a893f8271
span_id = 226cf4428447bbd1
parent_id = da4aa9b9f0749097
start_time = 1682628698200694
end_time = 1682628698204314
inclusive_time = 3620
exclusive_time = 402
process_id = p5
operationName = UploadMovieId
serviceName = movie-id-service
------------------------------------------------------------------------------------
span = 4
trace_id = c30b213a893f8271
span_id = 442473c946ae77a1
parent_id = 226cf4428447bbd1
start_time = 1682628698201179
end_time = 1682628698204189
inclusive_time = 3010
exclusive_time = 256
process_id = p10
operationName = UploadRating
serviceName = rating-service
------------------------------------------------------------------------------------
span = 5
trace_id = c30b213a893f8271
span_id = d083cd0e4a2fa6cd
parent_id = 442473c946ae77a1
start_time = 1682628698201345
end_time = 1682628698204070
inclusive_time = 2725
exclusive_time = 912
process_id = p4
operationName = UploadRating
serviceName = compose-review-service
------------------------------------------------------------------------------------
span = 6
trace_id = c30b213a893f8271
span_id = 5438e030eb17c00b
parent_id = d083cd0e4a2fa6cd
start_time = 1682628698202199
end_time = 1682628698203960
inclusive_time = 1761
exclusive_time = 20
process_id = p3
operationName = UploadUserReview
serviceName = user-review-service
------------------------------------------------------------------------------------
span = 7
trace_id = c30b213a893f8271
span_id = ac39f4a020095f64
parent_id = 5438e030eb17c00b
start_time = 1682628698202219
end_time = 1682628698203965
inclusive_time = 1746
exclusive_time = 1746
process_id = p3
operationName = MongoFindUser
serviceName = user-review-service
------------------------------------------------------------------------------------
span = 8
trace_id = c30b213a893f8271
span_id = 6d98a1b8daa0df92
parent_id = 226cf4428447bbd1
start_time = 1682628698200979
end_time = 1682628698201077
inclusive_time = 98
exclusive_time = 98
process_id = p5
operationName = MmcSetMovieId
serviceName = movie-id-service
------------------------------------------------------------------------------------
span = 9
trace_id = c30b213a893f8271
span_id = 7a6b82bd7ed9b520
parent_id = 226cf4428447bbd1
start_time = 1682628698200712
end_time = 1682628698200822
inclusive_time = 110
exclusive_time = 110
process_id = p5
operationName = MmcGetMovieId
serviceName = movie-id-service
------------------------------------------------------------------------------------
