span = 0
span_id = c75a442183aeade7
parent_id = None
start_time = 1682628698123000
end_time = 1682628698128784
inclusive_time = 5784
exclusive_time = 931
process_id = p6
operationName = /wrk2-api/review/compose
serviceName = nginx
------------------------------------------------------------------------------------
span = 1
span_id = d03caa20883802c6
parent_id = c75a442183aeade7
start_time = 1682628698123931
end_time = 1682628698128784
inclusive_time = 4853
exclusive_time = 90
process_id = p6
operationName = /wrk2-api/review/compose
serviceName = nginx
------------------------------------------------------------------------------------
span = 2
span_id = 09b84087582d94e1
parent_id = d03caa20883802c6
start_time = 1682628698123973
end_time = 1682628698128736
inclusive_time = 4763
exclusive_time = 994
process_id = p6
operationName = ComposeReview
serviceName = nginx
------------------------------------------------------------------------------------
span = 3
span_id = b14f08fee2a5ab30
parent_id = 09b84087582d94e1
start_time = 1682628698124278
end_time = 1682628698127940
inclusive_time = 3662
exclusive_time = 617
process_id = p1
operationName = UploadMovieId
serviceName = movie-id-service
------------------------------------------------------------------------------------
span = 4
span_id = af9cc36a1d6d5870
parent_id = b14f08fee2a5ab30
start_time = 1682628698124882
end_time = 1682628698127655
inclusive_time = 2773
exclusive_time = 369
process_id = p3
operationName = UploadRating
serviceName = rating-service
------------------------------------------------------------------------------------
span = 5
span_id = 15a6759e28c60cce
parent_id = af9cc36a1d6d5870
start_time = 1682628698125034
end_time = 1682628698127419
inclusive_time = 2385
exclusive_time = 1023
process_id = p4
operationName = UploadRating
serviceName = compose-review-service
------------------------------------------------------------------------------------
span = 6
span_id = a40a5b3948ca3506
parent_id = 15a6759e28c60cce
start_time = 1682628698125958
end_time = 1682628698127247
inclusive_time = 1289
exclusive_time = 19
process_id = p5
operationName = UploadMovieReview
serviceName = movie-review-service
------------------------------------------------------------------------------------
span = 7
span_id = bb6edde8c91e5dd5
parent_id = a40a5b3948ca3506
start_time = 1682628698125977
end_time = 1682628698127252
inclusive_time = 1275
exclusive_time = 1275
process_id = p5
operationName = MongoFindMovie
serviceName = movie-review-service
------------------------------------------------------------------------------------
span = 8
span_id = ef9a99f94a549686
parent_id = b14f08fee2a5ab30
start_time = 1682628698124587
end_time = 1682628698124689
inclusive_time = 102
exclusive_time = 102
process_id = p1
operationName = MmcSetMovieId
serviceName = movie-id-service
------------------------------------------------------------------------------------
span = 9
span_id = 7dffd204f4ea5364
parent_id = b14f08fee2a5ab30
start_time = 1682628698124295
end_time = 1682628698124376
inclusive_time = 81
exclusive_time = 81
process_id = p1
operationName = MmcGetMovieId
serviceName = movie-id-service
------------------------------------------------------------------------------------
