span 0
span_id = 554a9de83e5cb537
parent_id = None
start_time = 1682628698116000
end_time = 1682628698121144
inclusive_time = 5144
exclusive_time = 560
process_id = p5
operationName = /wrk2-api/review/compose
serviceName = None
------------------------------------------------------------------------------------
span 1
span_id = 6c71ade7de1df4e3
parent_id = 554a9de83e5cb537
start_time = 1682628698116559
end_time = 1682628698121143
inclusive_time = 4584
exclusive_time = 101
process_id = p5
operationName = /wrk2-api/review/compose
serviceName = None
------------------------------------------------------------------------------------
span 2
span_id = 84496b3c7d9cc954
parent_id = 6c71ade7de1df4e3
start_time = 1682628698116598
end_time = 1682628698121081
inclusive_time = 4483
exclusive_time = 266
process_id = p5
operationName = ComposeReview
serviceName = None
------------------------------------------------------------------------------------
span 3
span_id = eb47cd15c3df6c63
parent_id = 84496b3c7d9cc954
start_time = 1682628698116902
end_time = 1682628698120992
inclusive_time = 4090
exclusive_time = 501
process_id = p2
operationName = UploadMovieId
serviceName = None
------------------------------------------------------------------------------------
span 4
span_id = 2c0682312cbcad01
parent_id = eb47cd15c3df6c63
start_time = 1682628698117344
end_time = 1682628698120682
inclusive_time = 3338
exclusive_time = 327
process_id = p4
operationName = UploadRating
serviceName = None
------------------------------------------------------------------------------------
span 5
span_id = 3066b53162d0ace0
parent_id = 2c0682312cbcad01
start_time = 1682628698117613
end_time = 1682628698120497
inclusive_time = 2884
exclusive_time = 1580
process_id = p6
operationName = UploadRating
serviceName = None
------------------------------------------------------------------------------------
span 6
span_id = 52558a167575603b
parent_id = 3066b53162d0ace0
start_time = 1682628698119319
end_time = 1682628698120370
inclusive_time = 1051
exclusive_time = 23
process_id = p7
operationName = UploadMovieReview
serviceName = None
------------------------------------------------------------------------------------
span 7
span_id = 7f72ac0a37c11bf0
parent_id = 52558a167575603b
start_time = 1682628698119342
end_time = 1682628698120374
inclusive_time = 1032
exclusive_time = 1032
process_id = p7
operationName = MongoFindMovie
serviceName = None
------------------------------------------------------------------------------------
span 8
span_id = 2b5801a8036c3c1e
parent_id = eb47cd15c3df6c63
start_time = 1682628698117176
end_time = 1682628698117294
inclusive_time = 118
exclusive_time = 118
process_id = p2
operationName = MmcSetMovieId
serviceName = None
------------------------------------------------------------------------------------
span 9
span_id = c5cdf839b1787ee7
parent_id = eb47cd15c3df6c63
start_time = 1682628698116918
end_time = 1682628698117029
inclusive_time = 111
exclusive_time = 111
process_id = p2
operationName = MmcGetMovieId
serviceName = None
------------------------------------------------------------------------------------
