span = 0
trace_id = 848b632235d0b303
span_id = 848b632235d0b303
parent_id = None
start_time = 1682650957239000
end_time = 1682650957239721
inclusive_time = 721
exclusive_time = 589
process_id = p1
operationName = 
serviceName = nginx
------------------------------------------------------------------------------------
span = 1
trace_id = 848b632235d0b303
span_id = 5b2e7c997b24363b
parent_id = 848b632235d0b303
start_time = 1682650957239630
end_time = 1682650957239721
inclusive_time = 91
exclusive_time = 91
process_id = p1
operationName = 
serviceName = nginx
------------------------------------------------------------------------------------
span = 2
trace_id = 848b632235d0b303
span_id = 664f4115cb3386f7
parent_id = 848b632235d0b303
start_time = 1682650957239525
end_time = 1682650957239566
inclusive_time = 41
exclusive_time = 41
process_id = p1
operationName = 
serviceName = nginx
------------------------------------------------------------------------------------
