span = 0
trace_id = 5ab666b8817598d5
span_id = 5ab666b8817598d5
parent_id = None
start_time = 1682628697892000
end_time = 1682628697896586
inclusive_time = 4586
exclusive_time = 741
process_id = p1
operationName = /wrk2-api/review/compose
serviceName = nginx
call path = 
------------------------------------------------------------------------------------
span = 1
trace_id = 5ab666b8817598d5
span_id = 9bb06d0fca33f15b
parent_id = 5ab666b8817598d5
start_time = 1682628697892741
end_time = 1682628697896586
inclusive_time = 3845
exclusive_time = 93
process_id = p1
operationName = /wrk2-api/review/compose
serviceName = nginx
call path = ->/wrk2-api/review/compose_nginx
------------------------------------------------------------------------------------
span = 2
trace_id = 5ab666b8817598d5
span_id = 12048cce5df825e2
parent_id = 9bb06d0fca33f15b
start_time = 1682628697892777
end_time = 1682628697896529
inclusive_time = 3752
exclusive_time = 279
process_id = p1
operationName = ComposeReview
serviceName = nginx
call path = ->/wrk2-api/review/compose_nginx->/wrk2-api/review/compose_nginx
------------------------------------------------------------------------------------
span = 3
trace_id = 5ab666b8817598d5
span_id = 13467d3bba56e505
parent_id = 12048cce5df825e2
start_time = 1682628697893086
end_time = 1682628697896439
inclusive_time = 3353
exclusive_time = 433
process_id = p3
operationName = UploadMovieId
serviceName = movie-id-service
call path = ->/wrk2-api/review/compose_nginx->/wrk2-api/review/compose_nginx->ComposeReview_nginx
------------------------------------------------------------------------------------
span = 4
trace_id = 5ab666b8817598d5
span_id = 5bb8a042c9d3aa48
parent_id = 13467d3bba56e505
start_time = 1682628697893521
end_time = 1682628697896185
inclusive_time = 2664
exclusive_time = 267
process_id = p7
operationName = UploadRating
serviceName = rating-service
call path = ->/wrk2-api/review/compose_nginx->/wrk2-api/review/compose_nginx->ComposeReview_nginx->UploadMovieId_movie-id-service
------------------------------------------------------------------------------------
span = 5
trace_id = 5ab666b8817598d5
span_id = 1e5206fa26c38470
parent_id = 5bb8a042c9d3aa48
start_time = 1682628697893722
end_time = 1682628697896033
inclusive_time = 2311
exclusive_time = 987
process_id = p2
operationName = UploadRating
serviceName = compose-review-service
call path = ->/wrk2-api/review/compose_nginx->/wrk2-api/review/compose_nginx->ComposeReview_nginx->UploadMovieId_movie-id-service->UploadRating_rating-service
------------------------------------------------------------------------------------
span = 6
trace_id = 5ab666b8817598d5
span_id = d1254d80451ed8c8
parent_id = 1e5206fa26c38470
start_time = 1682628697894649
end_time = 1682628697895906
inclusive_time = 1257
exclusive_time = 51
process_id = p4
operationName = UploadMovieReview
serviceName = movie-review-service
call path = ->/wrk2-api/review/compose_nginx->/wrk2-api/review/compose_nginx->ComposeReview_nginx->UploadMovieId_movie-id-service->UploadRating_rating-service->UploadRating_compose-review-service
------------------------------------------------------------------------------------
span = 7
trace_id = 5ab666b8817598d5
span_id = 85c203a39a7d0d10
parent_id = d1254d80451ed8c8
start_time = 1682628697894700
end_time = 1682628697895911
inclusive_time = 1211
exclusive_time = 1211
process_id = p4
operationName = MongoFindMovie
serviceName = movie-review-service
call path = ->/wrk2-api/review/compose_nginx->/wrk2-api/review/compose_nginx->ComposeReview_nginx->UploadMovieId_movie-id-service->UploadRating_rating-service->UploadRating_compose-review-service->UploadMovieReview_movie-review-service
------------------------------------------------------------------------------------
span = 8
trace_id = 5ab666b8817598d5
span_id = 6683848940b35e5e
parent_id = 13467d3bba56e505
start_time = 1682628697893102
end_time = 1682628697893202
inclusive_time = 100
exclusive_time = 100
process_id = p3
operationName = MmcGetMovieId
serviceName = movie-id-service
call path = ->/wrk2-api/review/compose_nginx->/wrk2-api/review/compose_nginx->ComposeReview_nginx->UploadMovieId_movie-id-service
------------------------------------------------------------------------------------
