span = 0
span_id = 474f65336b2d185f
parent_id = None
start_time = 1682628697927000
end_time = 1682628697931830
inclusive_time = 4830
exclusive_time = 567
process_id = p8
operationName = /wrk2-api/review/compose
serviceName = nginx
------------------------------------------------------------------------------------
span = 1
span_id = 79f1189890a442aa
parent_id = 474f65336b2d185f
start_time = 1682628697927567
end_time = 1682628697931830
inclusive_time = 4263
exclusive_time = 107
process_id = p8
operationName = /wrk2-api/review/compose
serviceName = nginx
------------------------------------------------------------------------------------
span = 2
span_id = 195aaba8720cc683
parent_id = 79f1189890a442aa
start_time = 1682628697927620
end_time = 1682628697931776
inclusive_time = 4156
exclusive_time = 975
process_id = p8
operationName = ComposeReview
serviceName = nginx
------------------------------------------------------------------------------------
span = 3
span_id = d5d236c8b43dba7e
parent_id = 195aaba8720cc683
start_time = 1682628697927945
end_time = 1682628697930983
inclusive_time = 3038
exclusive_time = 270
process_id = p7
operationName = UploadMovieId
serviceName = movie-id-service
------------------------------------------------------------------------------------
span = 4
span_id = 3c52312464af6ac4
parent_id = d5d236c8b43dba7e
start_time = 1682628697928476
end_time = 1682628697930873
inclusive_time = 2397
exclusive_time = 288
process_id = p5
operationName = UploadRating
serviceName = rating-service
------------------------------------------------------------------------------------
span = 5
span_id = 460e9f0bff85f18f
parent_id = 3c52312464af6ac4
start_time = 1682628697928645
end_time = 1682628697930754
inclusive_time = 2109
exclusive_time = 872
process_id = p4
operationName = UploadRating
serviceName = compose-review-service
------------------------------------------------------------------------------------
span = 6
span_id = 745a02a3014ac702
parent_id = 460e9f0bff85f18f
start_time = 1682628697929413
end_time = 1682628697930605
inclusive_time = 1192
exclusive_time = 16
process_id = p1
operationName = UploadMovieReview
serviceName = movie-review-service
------------------------------------------------------------------------------------
span = 7
span_id = 27bc3944b7bb2345
parent_id = 745a02a3014ac702
start_time = 1682628697929429
end_time = 1682628697930613
inclusive_time = 1184
exclusive_time = 1184
process_id = p1
operationName = MongoFindMovie
serviceName = movie-review-service
------------------------------------------------------------------------------------
span = 8
span_id = b0668052e0086f0e
parent_id = d5d236c8b43dba7e
start_time = 1682628697928172
end_time = 1682628697928274
inclusive_time = 102
exclusive_time = 102
process_id = p7
operationName = MmcSetMovieId
serviceName = movie-id-service
------------------------------------------------------------------------------------
span = 9
span_id = 7e4fa2a5e934c143
parent_id = d5d236c8b43dba7e
start_time = 1682628697927959
end_time = 1682628697928041
inclusive_time = 82
exclusive_time = 82
process_id = p7
operationName = MmcGetMovieId
serviceName = movie-id-service
------------------------------------------------------------------------------------
