span = 0
trace_id = a84f567925dd93d2
span_id = a84f567925dd93d2
parent_id = None
start_time = 1682628698141000
end_time = 1682628698145808
inclusive_time = 4808
exclusive_time = 613
process_id = p4
operationName = /wrk2-api/review/compose
serviceName = nginx
call path = 
------------------------------------------------------------------------------------
span = 1
trace_id = a84f567925dd93d2
span_id = b0a3c635618eb05c
parent_id = a84f567925dd93d2
start_time = 1682628698141613
end_time = 1682628698145808
inclusive_time = 4195
exclusive_time = 135
process_id = p4
operationName = /wrk2-api/review/compose
serviceName = nginx
call path = ->/wrk2-api/review/compose_nginx
------------------------------------------------------------------------------------
span = 2
trace_id = a84f567925dd93d2
span_id = 904331773a01dea0
parent_id = b0a3c635618eb05c
start_time = 1682628698141677
end_time = 1682628698145737
inclusive_time = 4060
exclusive_time = 443
process_id = p4
operationName = ComposeReview
serviceName = nginx
call path = ->/wrk2-api/review/compose_nginx->/wrk2-api/review/compose_nginx
------------------------------------------------------------------------------------
span = 3
trace_id = a84f567925dd93d2
span_id = 3360fcfb45f0038b
parent_id = 904331773a01dea0
start_time = 1682628698142853
end_time = 1682628698145635
inclusive_time = 2782
exclusive_time = 251
process_id = p9
operationName = UploadUniqueId
serviceName = unique-id-service
call path = ->/wrk2-api/review/compose_nginx->/wrk2-api/review/compose_nginx->ComposeReview_nginx
------------------------------------------------------------------------------------
span = 4
trace_id = a84f567925dd93d2
span_id = dba6b2444a872e47
parent_id = 3360fcfb45f0038b
start_time = 1682628698143024
end_time = 1682628698145555
inclusive_time = 2531
exclusive_time = 1141
process_id = p2
operationName = UploadUniqueId
serviceName = compose-review-service
call path = ->/wrk2-api/review/compose_nginx->/wrk2-api/review/compose_nginx->ComposeReview_nginx->UploadUniqueId_unique-id-service
------------------------------------------------------------------------------------
span = 5
trace_id = a84f567925dd93d2
span_id = 56c137e2ddd65a9b
parent_id = dba6b2444a872e47
start_time = 1682628698144095
end_time = 1682628698145439
inclusive_time = 1344
exclusive_time = 18
process_id = p6
operationName = UploadUserReview
serviceName = user-review-service
call path = ->/wrk2-api/review/compose_nginx->/wrk2-api/review/compose_nginx->ComposeReview_nginx->UploadUniqueId_unique-id-service->UploadUniqueId_compose-review-service
------------------------------------------------------------------------------------
span = 6
trace_id = a84f567925dd93d2
span_id = a51e8425fcc19f79
parent_id = 56c137e2ddd65a9b
start_time = 1682628698144113
end_time = 1682628698145444
inclusive_time = 1331
exclusive_time = 1331
process_id = p6
operationName = MongoFindUser
serviceName = user-review-service
call path = ->/wrk2-api/review/compose_nginx->/wrk2-api/review/compose_nginx->ComposeReview_nginx->UploadUniqueId_unique-id-service->UploadUniqueId_compose-review-service->UploadUserReview_user-review-service
------------------------------------------------------------------------------------
span = 7
trace_id = a84f567925dd93d2
span_id = c37c640cdee6efa2
parent_id = 904331773a01dea0
start_time = 1682628698142018
end_time = 1682628698142818
inclusive_time = 800
exclusive_time = 248
process_id = p8
operationName = UploadUserWithUsername
serviceName = user-service
call path = ->/wrk2-api/review/compose_nginx->/wrk2-api/review/compose_nginx->ComposeReview_nginx
------------------------------------------------------------------------------------
span = 8
trace_id = a84f567925dd93d2
span_id = 909ad5c1055dcd5a
parent_id = c37c640cdee6efa2
start_time = 1682628698142280
end_time = 1682628698142746
inclusive_time = 466
exclusive_time = 466
process_id = p2
operationName = UploadUserId
serviceName = compose-review-service
call path = ->/wrk2-api/review/compose_nginx->/wrk2-api/review/compose_nginx->ComposeReview_nginx->UploadUserWithUsername_user-service
------------------------------------------------------------------------------------
span = 9
trace_id = a84f567925dd93d2
span_id = f917b6a4ce35518c
parent_id = c37c640cdee6efa2
start_time = 1682628698142030
end_time = 1682628698142116
inclusive_time = 86
exclusive_time = 86
process_id = p8
operationName = MmcGetUserId
serviceName = user-service
call path = ->/wrk2-api/review/compose_nginx->/wrk2-api/review/compose_nginx->ComposeReview_nginx->UploadUserWithUsername_user-service
------------------------------------------------------------------------------------
