span = 0
trace_id = 3c0bf75da353b48d
span_id = 3c0bf75da353b48d
parent_id = None
start_time = 1682628698315000
end_time = 1682628698320145
inclusive_time = 5145
exclusive_time = 965
process_id = p10
operationName = /wrk2-api/review/compose
serviceName = nginx
call path = 
------------------------------------------------------------------------------------
span = 1
trace_id = 3c0bf75da353b48d
span_id = a7782a5046a86ae4
parent_id = 3c0bf75da353b48d
start_time = 1682628698315965
end_time = 1682628698320145
inclusive_time = 4180
exclusive_time = 106
process_id = p10
operationName = /wrk2-api/review/compose
serviceName = nginx
call path = ->/wrk2-api/review/compose_nginx
------------------------------------------------------------------------------------
span = 2
trace_id = 3c0bf75da353b48d
span_id = de02df324ef20caf
parent_id = a7782a5046a86ae4
start_time = 1682628698316011
end_time = 1682628698320085
inclusive_time = 4074
exclusive_time = 280
process_id = p10
operationName = ComposeReview
serviceName = nginx
call path = ->/wrk2-api/review/compose_nginx->/wrk2-api/review/compose_nginx
------------------------------------------------------------------------------------
span = 3
trace_id = 3c0bf75da353b48d
span_id = f8f5db6890eeb3ca
parent_id = de02df324ef20caf
start_time = 1682628698316304
end_time = 1682628698320004
inclusive_time = 3700
exclusive_time = 334
process_id = p2
operationName = UploadMovieId
serviceName = movie-id-service
call path = ->/wrk2-api/review/compose_nginx->/wrk2-api/review/compose_nginx->ComposeReview_nginx
------------------------------------------------------------------------------------
span = 4
trace_id = 3c0bf75da353b48d
span_id = 0a0ca00c067a3641
parent_id = f8f5db6890eeb3ca
start_time = 1682628698316657
end_time = 1682628698319863
inclusive_time = 3206
exclusive_time = 989
process_id = p9
operationName = UploadRating
serviceName = rating-service
call path = ->/wrk2-api/review/compose_nginx->/wrk2-api/review/compose_nginx->ComposeReview_nginx->UploadMovieId_movie-id-service
------------------------------------------------------------------------------------
span = 5
trace_id = 3c0bf75da353b48d
span_id = 48e8514716da966e
parent_id = 0a0ca00c067a3641
start_time = 1682628698316812
end_time = 1682628698318969
inclusive_time = 2157
exclusive_time = 926
process_id = p1
operationName = UploadRating
serviceName = compose-review-service
call path = ->/wrk2-api/review/compose_nginx->/wrk2-api/review/compose_nginx->ComposeReview_nginx->UploadMovieId_movie-id-service->UploadRating_rating-service
------------------------------------------------------------------------------------
span = 6
trace_id = 3c0bf75da353b48d
span_id = 398b53ec75daee69
parent_id = 48e8514716da966e
start_time = 1682628698317704
end_time = 1682628698318818
inclusive_time = 1114
exclusive_time = 20
process_id = p6
operationName = UploadUserReview
serviceName = user-review-service
call path = ->/wrk2-api/review/compose_nginx->/wrk2-api/review/compose_nginx->ComposeReview_nginx->UploadMovieId_movie-id-service->UploadRating_rating-service->UploadRating_compose-review-service
------------------------------------------------------------------------------------
span = 7
trace_id = 3c0bf75da353b48d
span_id = 349b3f216c86814d
parent_id = 398b53ec75daee69
start_time = 1682628698317724
end_time = 1682628698318823
inclusive_time = 1099
exclusive_time = 1099
process_id = p6
operationName = MongoFindUser
serviceName = user-review-service
call path = ->/wrk2-api/review/compose_nginx->/wrk2-api/review/compose_nginx->ComposeReview_nginx->UploadMovieId_movie-id-service->UploadRating_rating-service->UploadRating_compose-review-service->UploadUserReview_user-review-service
------------------------------------------------------------------------------------
span = 8
trace_id = 3c0bf75da353b48d
span_id = fcae913ad674a94b
parent_id = f8f5db6890eeb3ca
start_time = 1682628698316320
end_time = 1682628698316401
inclusive_time = 81
exclusive_time = 81
process_id = p2
operationName = MmcGetMovieId
serviceName = movie-id-service
call path = ->/wrk2-api/review/compose_nginx->/wrk2-api/review/compose_nginx->ComposeReview_nginx->UploadMovieId_movie-id-service
------------------------------------------------------------------------------------
