span = 0
trace_id = 74ba42bbf0a6e253
span_id = 74ba42bbf0a6e253
parent_id = None
start_time = 1682628697988000
end_time = 1682628697992509
inclusive_time = 4509
exclusive_time = 101
process_id = p4
operationName = /wrk2-api/review/compose
serviceName = nginx
------------------------------------------------------------------------------------
span = 1
trace_id = 74ba42bbf0a6e253
span_id = 8cad6be8412b8c09
parent_id = 74ba42bbf0a6e253
start_time = 1682628697988101
end_time = 1682628697992509
inclusive_time = 4408
exclusive_time = 103
process_id = p4
operationName = /wrk2-api/review/compose
serviceName = nginx
------------------------------------------------------------------------------------
span = 2
trace_id = 74ba42bbf0a6e253
span_id = 87b3fccfe627cea4
parent_id = 8cad6be8412b8c09
start_time = 1682628697988149
end_time = 1682628697992454
inclusive_time = 4305
exclusive_time = 905
process_id = p4
operationName = ComposeReview
serviceName = nginx
------------------------------------------------------------------------------------
span = 3
trace_id = 74ba42bbf0a6e253
span_id = 8fe293ccc0582599
parent_id = 87b3fccfe627cea4
start_time = 1682628697988533
end_time = 1682628697991781
inclusive_time = 3248
exclusive_time = 436
process_id = p3
operationName = UploadMovieId
serviceName = movie-id-service
------------------------------------------------------------------------------------
span = 4
trace_id = 74ba42bbf0a6e253
span_id = 18167906ba79cf5f
parent_id = 8fe293ccc0582599
start_time = 1682628697989182
end_time = 1682628697991614
inclusive_time = 2432
exclusive_time = 337
process_id = p10
operationName = UploadRating
serviceName = rating-service
------------------------------------------------------------------------------------
span = 5
trace_id = 74ba42bbf0a6e253
span_id = 339744f6c8b1df35
parent_id = 18167906ba79cf5f
start_time = 1682628697989393
end_time = 1682628697991488
inclusive_time = 2095
exclusive_time = 863
process_id = p6
operationName = UploadRating
serviceName = compose-review-service
------------------------------------------------------------------------------------
span = 6
trace_id = 74ba42bbf0a6e253
span_id = c38732909f99e1c5
parent_id = 339744f6c8b1df35
start_time = 1682628697990277
end_time = 1682628697991361
inclusive_time = 1084
exclusive_time = 23
process_id = p2
operationName = UploadMovieReview
serviceName = movie-review-service
------------------------------------------------------------------------------------
span = 7
trace_id = 74ba42bbf0a6e253
span_id = 2a9322ddff0e018c
parent_id = c38732909f99e1c5
start_time = 1682628697990300
end_time = 1682628697991368
inclusive_time = 1068
exclusive_time = 1068
process_id = p2
operationName = MongoFindMovie
serviceName = movie-review-service
------------------------------------------------------------------------------------
span = 8
trace_id = 74ba42bbf0a6e253
span_id = 814daac9f7eda0ce
parent_id = 8fe293ccc0582599
start_time = 1682628697989033
end_time = 1682628697989162
inclusive_time = 129
exclusive_time = 129
process_id = p3
operationName = MmcSetMovieId
serviceName = movie-id-service
------------------------------------------------------------------------------------
span = 9
trace_id = 74ba42bbf0a6e253
span_id = 63bcdf693199a4dd
parent_id = 8fe293ccc0582599
start_time = 1682628697988553
end_time = 1682628697988804
inclusive_time = 251
exclusive_time = 251
process_id = p3
operationName = MmcGetMovieId
serviceName = movie-id-service
------------------------------------------------------------------------------------
