span 0
span_id = 47f178ae7176b444
parent_id = None
start_time = 1682628697868000
end_time = 1682628697873030
inclusive_time = 5030
exclusive_time = 560
process_id = p5
operationName = /wrk2-api/review/compose
serviceName = None
------------------------------------------------------------------------------------
span 1
span_id = 42941d6317a39ebe
parent_id = 47f178ae7176b444
start_time = 1682628697868559
end_time = 1682628697873029
inclusive_time = 4470
exclusive_time = 105
process_id = p5
operationName = /wrk2-api/review/compose
serviceName = None
------------------------------------------------------------------------------------
span 2
span_id = ebebeea8c45db03b
parent_id = 42941d6317a39ebe
start_time = 1682628697868608
end_time = 1682628697872973
inclusive_time = 4365
exclusive_time = 880
process_id = p5
operationName = ComposeReview
serviceName = None
------------------------------------------------------------------------------------
span 3
span_id = 4849d4d18e2efb61
parent_id = ebebeea8c45db03b
start_time = 1682628697868911
end_time = 1682628697872289
inclusive_time = 3378
exclusive_time = 314
process_id = p4
operationName = UploadMovieId
serviceName = None
------------------------------------------------------------------------------------
span 4
span_id = aae985a65ec1e5b2
parent_id = 4849d4d18e2efb61
start_time = 1682628697869362
end_time = 1682628697872127
inclusive_time = 2765
exclusive_time = 321
process_id = p8
operationName = UploadRating
serviceName = None
------------------------------------------------------------------------------------
span 5
span_id = 4dad2860308b2e5a
parent_id = aae985a65ec1e5b2
start_time = 1682628697869546
end_time = 1682628697871923
inclusive_time = 2377
exclusive_time = 1295
process_id = p3
operationName = UploadRating
serviceName = None
------------------------------------------------------------------------------------
span 6
span_id = e506463cfe627ab3
parent_id = 4dad2860308b2e5a
start_time = 1682628697870750
end_time = 1682628697871803
inclusive_time = 1053
exclusive_time = 17
process_id = p6
operationName = UploadMovieReview
serviceName = None
------------------------------------------------------------------------------------
span 7
span_id = 3ff55b4701fbe49f
parent_id = e506463cfe627ab3
start_time = 1682628697870767
end_time = 1682628697871808
inclusive_time = 1041
exclusive_time = 1041
process_id = p6
operationName = MongoFindMovie
serviceName = None
------------------------------------------------------------------------------------
span 8
span_id = 68e2481f9f52af80
parent_id = 4849d4d18e2efb61
start_time = 1682628697869173
end_time = 1682628697869283
inclusive_time = 110
exclusive_time = 110
process_id = p4
operationName = MmcSetMovieId
serviceName = None
------------------------------------------------------------------------------------
span 9
span_id = b77b721fa43d3f20
parent_id = 4849d4d18e2efb61
start_time = 1682628697868923
end_time = 1682628697869039
inclusive_time = 116
exclusive_time = 116
process_id = p4
operationName = MmcGetMovieId
serviceName = None
------------------------------------------------------------------------------------
