span = 0
trace_id = ebb1629ca5132e27
span_id = ebb1629ca5132e27
parent_id = None
start_time = 1682628697883000
end_time = 1682628697888444
inclusive_time = 5444
exclusive_time = 897
process_id = p1
operationName = /wrk2-api/review/compose
serviceName = nginx
call path = 
------------------------------------------------------------------------------------
span = 1
trace_id = ebb1629ca5132e27
span_id = 30038602d97de014
parent_id = ebb1629ca5132e27
start_time = 1682628697883896
end_time = 1682628697888443
inclusive_time = 4547
exclusive_time = 92
process_id = p1
operationName = /wrk2-api/review/compose
serviceName = nginx
call path = ->/wrk2-api/review/compose_nginx
------------------------------------------------------------------------------------
span = 2
trace_id = ebb1629ca5132e27
span_id = 8bcd2b37ae4cd0f9
parent_id = 30038602d97de014
start_time = 1682628697883938
end_time = 1682628697888393
inclusive_time = 4455
exclusive_time = 320
process_id = p1
operationName = ComposeReview
serviceName = nginx
call path = ->/wrk2-api/review/compose_nginx->/wrk2-api/review/compose_nginx
------------------------------------------------------------------------------------
span = 3
trace_id = ebb1629ca5132e27
span_id = 4b8e4aef142b10de
parent_id = 8bcd2b37ae4cd0f9
start_time = 1682628697885177
end_time = 1682628697888310
inclusive_time = 3133
exclusive_time = 344
process_id = p3
operationName = UploadMovieId
serviceName = movie-id-service
call path = ->/wrk2-api/review/compose_nginx->/wrk2-api/review/compose_nginx->ComposeReview_nginx
------------------------------------------------------------------------------------
span = 4
trace_id = ebb1629ca5132e27
span_id = 4f0f3c8aa1a6fd34
parent_id = 4b8e4aef142b10de
start_time = 1682628697885576
end_time = 1682628697888186
inclusive_time = 2610
exclusive_time = 249
process_id = p7
operationName = UploadRating
serviceName = rating-service
call path = ->/wrk2-api/review/compose_nginx->/wrk2-api/review/compose_nginx->ComposeReview_nginx->UploadMovieId_movie-id-service
------------------------------------------------------------------------------------
span = 5
trace_id = ebb1629ca5132e27
span_id = e405b36c0bf1f0df
parent_id = 4f0f3c8aa1a6fd34
start_time = 1682628697885737
end_time = 1682628697888062
inclusive_time = 2325
exclusive_time = 844
process_id = p2
operationName = UploadRating
serviceName = compose-review-service
call path = ->/wrk2-api/review/compose_nginx->/wrk2-api/review/compose_nginx->ComposeReview_nginx->UploadMovieId_movie-id-service->UploadRating_rating-service
------------------------------------------------------------------------------------
span = 6
trace_id = ebb1629ca5132e27
span_id = 828ce5972ff13bba
parent_id = e405b36c0bf1f0df
start_time = 1682628697886545
end_time = 1682628697887960
inclusive_time = 1415
exclusive_time = 23
process_id = p6
operationName = UploadUserReview
serviceName = user-review-service
call path = ->/wrk2-api/review/compose_nginx->/wrk2-api/review/compose_nginx->ComposeReview_nginx->UploadMovieId_movie-id-service->UploadRating_rating-service->UploadRating_compose-review-service
------------------------------------------------------------------------------------
span = 7
trace_id = ebb1629ca5132e27
span_id = 7d95d63678c11979
parent_id = 828ce5972ff13bba
start_time = 1682628697886568
end_time = 1682628697887963
inclusive_time = 1395
exclusive_time = 1395
process_id = p6
operationName = MongoFindUser
serviceName = user-review-service
call path = ->/wrk2-api/review/compose_nginx->/wrk2-api/review/compose_nginx->ComposeReview_nginx->UploadMovieId_movie-id-service->UploadRating_rating-service->UploadRating_compose-review-service->UploadUserReview_user-review-service
------------------------------------------------------------------------------------
span = 8
trace_id = ebb1629ca5132e27
span_id = c3dedbb268f93a39
parent_id = 4b8e4aef142b10de
start_time = 1682628697885202
end_time = 1682628697885294
inclusive_time = 92
exclusive_time = 92
process_id = p3
operationName = MmcGetMovieId
serviceName = movie-id-service
call path = ->/wrk2-api/review/compose_nginx->/wrk2-api/review/compose_nginx->ComposeReview_nginx->UploadMovieId_movie-id-service
------------------------------------------------------------------------------------
span = 9
trace_id = ebb1629ca5132e27
span_id = d9c7dc70338dbeaf
parent_id = 8bcd2b37ae4cd0f9
start_time = 1682628697884417
end_time = 1682628697885018
inclusive_time = 601
exclusive_time = 204
process_id = p10
operationName = UploadUniqueId
serviceName = unique-id-service
call path = ->/wrk2-api/review/compose_nginx->/wrk2-api/review/compose_nginx->ComposeReview_nginx
------------------------------------------------------------------------------------
span = 10
trace_id = ebb1629ca5132e27
span_id = 3f079c2386f1113f
parent_id = d9c7dc70338dbeaf
start_time = 1682628697884570
end_time = 1682628697884967
inclusive_time = 397
exclusive_time = 397
process_id = p2
operationName = UploadUniqueId
serviceName = compose-review-service
call path = ->/wrk2-api/review/compose_nginx->/wrk2-api/review/compose_nginx->ComposeReview_nginx->UploadUniqueId_unique-id-service
------------------------------------------------------------------------------------
