span = 0
span_id = 31a16e150a59c27a
parent_id = None
start_time = 1682628697924000
end_time = 1682628697928824
inclusive_time = 4824
exclusive_time = 408
process_id = p7
operationName = /wrk2-api/review/compose
serviceName = nginx
------------------------------------------------------------------------------------
span = 1
span_id = 10cf4b8d514a8328
parent_id = 31a16e150a59c27a
start_time = 1682628697924407
end_time = 1682628697928823
inclusive_time = 4416
exclusive_time = 95
process_id = p7
operationName = /wrk2-api/review/compose
serviceName = nginx
------------------------------------------------------------------------------------
span = 2
span_id = f638748521484f65
parent_id = 10cf4b8d514a8328
start_time = 1682628697924455
end_time = 1682628697928776
inclusive_time = 4321
exclusive_time = 236
process_id = p7
operationName = ComposeReview
serviceName = nginx
------------------------------------------------------------------------------------
span = 3
span_id = 2c80610c58e58773
parent_id = f638748521484f65
start_time = 1682628697924761
end_time = 1682628697928719
inclusive_time = 3958
exclusive_time = 382
process_id = p8
operationName = UploadMovieId
serviceName = movie-id-service
------------------------------------------------------------------------------------
span = 4
span_id = 68a9f69cb442a52c
parent_id = 2c80610c58e58773
start_time = 1682628697925155
end_time = 1682628697928575
inclusive_time = 3420
exclusive_time = 394
process_id = p5
operationName = UploadRating
serviceName = rating-service
------------------------------------------------------------------------------------
span = 5
span_id = a5f2326cc31a05c4
parent_id = 68a9f69cb442a52c
start_time = 1682628697925449
end_time = 1682628697928297
inclusive_time = 2848
exclusive_time = 1392
process_id = p4
operationName = UploadRating
serviceName = compose-review-service
------------------------------------------------------------------------------------
span = 6
span_id = e16ee663fa1cdc27
parent_id = a5f2326cc31a05c4
start_time = 1682628697926775
end_time = 1682628697928159
inclusive_time = 1384
exclusive_time = 18
process_id = p1
operationName = UploadMovieReview
serviceName = movie-review-service
------------------------------------------------------------------------------------
span = 7
span_id = bb688a92b08689af
parent_id = e16ee663fa1cdc27
start_time = 1682628697926793
end_time = 1682628697928163
inclusive_time = 1370
exclusive_time = 1370
process_id = p1
operationName = MongoFindMovie
serviceName = movie-review-service
------------------------------------------------------------------------------------
span = 8
span_id = e1412f5db3a589e8
parent_id = 2c80610c58e58773
start_time = 1682628697924773
end_time = 1682628697924870
inclusive_time = 97
exclusive_time = 97
process_id = p8
operationName = MmcGetMovieId
serviceName = movie-id-service
------------------------------------------------------------------------------------
