span = 0
trace_id = 012cba305f192b77
span_id = 012cba305f192b77
parent_id = None
start_time = 1682628698068000
end_time = 1682628698072358
inclusive_time = 4358
exclusive_time = 219
process_id = p7
operationName = /wrk2-api/review/compose
serviceName = nginx
call path = 
------------------------------------------------------------------------------------
span = 1
trace_id = 012cba305f192b77
span_id = bc96f42d92f92127
parent_id = 012cba305f192b77
start_time = 1682628698068219
end_time = 1682628698072358
inclusive_time = 4139
exclusive_time = 149
process_id = p7
operationName = /wrk2-api/review/compose
serviceName = nginx
call path = ->/wrk2-api/review/compose_nginx
------------------------------------------------------------------------------------
span = 2
trace_id = 012cba305f192b77
span_id = 4a3e2abb181f8f16
parent_id = bc96f42d92f92127
start_time = 1682628698068309
end_time = 1682628698072299
inclusive_time = 3990
exclusive_time = 492
process_id = p7
operationName = ComposeReview
serviceName = nginx
call path = ->/wrk2-api/review/compose_nginx->/wrk2-api/review/compose_nginx
------------------------------------------------------------------------------------
span = 3
trace_id = 012cba305f192b77
span_id = 5d6c74b14400369d
parent_id = 4a3e2abb181f8f16
start_time = 1682628698068955
end_time = 1682628698072227
inclusive_time = 3272
exclusive_time = 371
process_id = p4
operationName = UploadMovieId
serviceName = movie-id-service
call path = ->/wrk2-api/review/compose_nginx->/wrk2-api/review/compose_nginx->ComposeReview_nginx
------------------------------------------------------------------------------------
span = 4
trace_id = 012cba305f192b77
span_id = 64c8536e4c6010da
parent_id = 5d6c74b14400369d
start_time = 1682628698069437
end_time = 1682628698072122
inclusive_time = 2685
exclusive_time = 270
process_id = p6
operationName = UploadRating
serviceName = rating-service
call path = ->/wrk2-api/review/compose_nginx->/wrk2-api/review/compose_nginx->ComposeReview_nginx->UploadMovieId_movie-id-service
------------------------------------------------------------------------------------
span = 5
trace_id = 012cba305f192b77
span_id = 3665fbc744a58883
parent_id = 64c8536e4c6010da
start_time = 1682628698069677
end_time = 1682628698071983
inclusive_time = 2306
exclusive_time = 1014
process_id = p2
operationName = UploadRating
serviceName = compose-review-service
call path = ->/wrk2-api/review/compose_nginx->/wrk2-api/review/compose_nginx->ComposeReview_nginx->UploadMovieId_movie-id-service->UploadRating_rating-service
------------------------------------------------------------------------------------
span = 6
trace_id = 012cba305f192b77
span_id = 77471486ba7c7b30
parent_id = 3665fbc744a58883
start_time = 1682628698070703
end_time = 1682628698071862
inclusive_time = 1159
exclusive_time = 29
process_id = p5
operationName = UploadUserReview
serviceName = user-review-service
call path = ->/wrk2-api/review/compose_nginx->/wrk2-api/review/compose_nginx->ComposeReview_nginx->UploadMovieId_movie-id-service->UploadRating_rating-service->UploadRating_compose-review-service
------------------------------------------------------------------------------------
span = 7
trace_id = 012cba305f192b77
span_id = 964b5c98fc641844
parent_id = 77471486ba7c7b30
start_time = 1682628698070732
end_time = 1682628698071867
inclusive_time = 1135
exclusive_time = 1135
process_id = p5
operationName = MongoFindUser
serviceName = user-review-service
call path = ->/wrk2-api/review/compose_nginx->/wrk2-api/review/compose_nginx->ComposeReview_nginx->UploadMovieId_movie-id-service->UploadRating_rating-service->UploadRating_compose-review-service->UploadUserReview_user-review-service
------------------------------------------------------------------------------------
span = 8
trace_id = 012cba305f192b77
span_id = 37cf6792cc4c79a1
parent_id = 5d6c74b14400369d
start_time = 1682628698068966
end_time = 1682628698069078
inclusive_time = 112
exclusive_time = 112
process_id = p4
operationName = MmcGetMovieId
serviceName = movie-id-service
call path = ->/wrk2-api/review/compose_nginx->/wrk2-api/review/compose_nginx->ComposeReview_nginx->UploadMovieId_movie-id-service
------------------------------------------------------------------------------------
