span = 0
span_id = cee164ebbaf325c9
parent_id = None
start_time = 1682628697969000
end_time = 1682628697973952
inclusive_time = 4952
exclusive_time = 982
process_id = p6
operationName = /wrk2-api/review/compose
serviceName = nginx
------------------------------------------------------------------------------------
span = 1
span_id = 198f9dc0e0d24ce1
parent_id = cee164ebbaf325c9
start_time = 1682628697969981
end_time = 1682628697973951
inclusive_time = 3970
exclusive_time = 157
process_id = p6
operationName = /wrk2-api/review/compose
serviceName = nginx
------------------------------------------------------------------------------------
span = 2
span_id = eedbde8b475418f5
parent_id = 198f9dc0e0d24ce1
start_time = 1682628697970022
end_time = 1682628697973835
inclusive_time = 3813
exclusive_time = 226
process_id = p6
operationName = ComposeReview
serviceName = nginx
------------------------------------------------------------------------------------
span = 3
span_id = 072aa971c16b420b
parent_id = eedbde8b475418f5
start_time = 1682628697970518
end_time = 1682628697973766
inclusive_time = 3248
exclusive_time = 258
process_id = p9
operationName = UploadUniqueId
serviceName = unique-id-service
------------------------------------------------------------------------------------
span = 4
span_id = 97a2a585b8b63e9c
parent_id = 072aa971c16b420b
start_time = 1682628697970713
end_time = 1682628697973703
inclusive_time = 2990
exclusive_time = 1483
process_id = p1
operationName = UploadUniqueId
serviceName = compose-review-service
------------------------------------------------------------------------------------
span = 5
span_id = f9a49221b315a598
parent_id = 97a2a585b8b63e9c
start_time = 1682628697972041
end_time = 1682628697973524
inclusive_time = 1483
exclusive_time = 26
process_id = p8
operationName = UploadUserReview
serviceName = user-review-service
------------------------------------------------------------------------------------
span = 6
span_id = 3aef5abe2f65767f
parent_id = f9a49221b315a598
start_time = 1682628697972067
end_time = 1682628697973529
inclusive_time = 1462
exclusive_time = 1462
process_id = p8
operationName = MongoFindUser
serviceName = user-review-service
------------------------------------------------------------------------------------
