span 0
span_id = e3164f9e0de3d3b6
parent_id = None
start_time = 1682628698009000
end_time = 1682628698014143
inclusive_time = 5143
exclusive_time = 842
process_id = p1
operationName = /wrk2-api/review/compose
serviceName = None
------------------------------------------------------------------------------------
span 1
span_id = 41ce7aa524aa1be1
parent_id = e3164f9e0de3d3b6
start_time = 1682628698009842
end_time = 1682628698014143
inclusive_time = 4301
exclusive_time = 102
process_id = p1
operationName = /wrk2-api/review/compose
serviceName = None
------------------------------------------------------------------------------------
span 2
span_id = 3886052470e78008
parent_id = 41ce7aa524aa1be1
start_time = 1682628698009891
end_time = 1682628698014090
inclusive_time = 4199
exclusive_time = 314
process_id = p1
operationName = ComposeReview
serviceName = None
------------------------------------------------------------------------------------
span 3
span_id = a485d128e765782a
parent_id = 3886052470e78008
start_time = 1682628698010272
end_time = 1682628698014018
inclusive_time = 3746
exclusive_time = 285
process_id = p3
operationName = UploadMovieId
serviceName = None
------------------------------------------------------------------------------------
span 4
span_id = 2b216940de91ad27
parent_id = a485d128e765782a
start_time = 1682628698010694
end_time = 1682628698013892
inclusive_time = 3198
exclusive_time = 289
process_id = p9
operationName = UploadRating
serviceName = None
------------------------------------------------------------------------------------
span 5
span_id = 38fbbb44992509e5
parent_id = 2b216940de91ad27
start_time = 1682628698010900
end_time = 1682628698013768
inclusive_time = 2868
exclusive_time = 1416
process_id = p5
operationName = UploadRating
serviceName = None
------------------------------------------------------------------------------------
span 6
span_id = 11ed6a86e4f60abc
parent_id = 38fbbb44992509e5
start_time = 1682628698012083
end_time = 1682628698013415
inclusive_time = 1332
exclusive_time = 27
process_id = p2
operationName = UploadMovieReview
serviceName = None
------------------------------------------------------------------------------------
span 7
span_id = 51b92327dd36cbd9
parent_id = 11ed6a86e4f60abc
start_time = 1682628698012110
end_time = 1682628698013420
inclusive_time = 1310
exclusive_time = 1310
process_id = p2
operationName = MongoFindMovie
serviceName = None
------------------------------------------------------------------------------------
span 8
span_id = 3ca659427c4c6e99
parent_id = a485d128e765782a
start_time = 1682628698010521
end_time = 1682628698010663
inclusive_time = 142
exclusive_time = 142
process_id = p3
operationName = MmcSetMovieId
serviceName = None
------------------------------------------------------------------------------------
span 9
span_id = fdf4e5d49024d493
parent_id = a485d128e765782a
start_time = 1682628698010294
end_time = 1682628698010384
inclusive_time = 90
exclusive_time = 90
process_id = p3
operationName = MmcGetMovieId
serviceName = None
------------------------------------------------------------------------------------
