span = 0
trace_id = 7de4ea978c77b1a6
span_id = 7de4ea978c77b1a6
parent_id = None
start_time = 1682628698287000
end_time = 1682628698291868
inclusive_time = 4868
exclusive_time = 1250
process_id = p1
operationName = /wrk2-api/review/compose
serviceName = nginx
------------------------------------------------------------------------------------
span = 1
trace_id = 7de4ea978c77b1a6
span_id = f95803d0139a81f8
parent_id = 7de4ea978c77b1a6
start_time = 1682628698288250
end_time = 1682628698291868
inclusive_time = 3618
exclusive_time = 102
process_id = p1
operationName = /wrk2-api/review/compose
serviceName = nginx
------------------------------------------------------------------------------------
span = 2
trace_id = 7de4ea978c77b1a6
span_id = b33c04e2c616ad87
parent_id = f95803d0139a81f8
start_time = 1682628698288294
end_time = 1682628698291810
inclusive_time = 3516
exclusive_time = 293
process_id = p1
operationName = ComposeReview
serviceName = nginx
------------------------------------------------------------------------------------
span = 3
trace_id = 7de4ea978c77b1a6
span_id = fcf50faae122f9eb
parent_id = b33c04e2c616ad87
start_time = 1682628698288609
end_time = 1682628698291722
inclusive_time = 3113
exclusive_time = 342
process_id = p4
operationName = UploadMovieId
serviceName = movie-id-service
------------------------------------------------------------------------------------
span = 4
trace_id = 7de4ea978c77b1a6
span_id = 2741ebce2c7b35b7
parent_id = fcf50faae122f9eb
start_time = 1682628698289138
end_time = 1682628698291577
inclusive_time = 2439
exclusive_time = 233
process_id = p10
operationName = UploadRating
serviceName = rating-service
------------------------------------------------------------------------------------
span = 5
trace_id = 7de4ea978c77b1a6
span_id = 9f36f353e9df6238
parent_id = 2741ebce2c7b35b7
start_time = 1682628698289333
end_time = 1682628698291466
inclusive_time = 2133
exclusive_time = 906
process_id = p3
operationName = UploadRating
serviceName = compose-review-service
------------------------------------------------------------------------------------
span = 6
trace_id = 7de4ea978c77b1a6
span_id = ef0c4298500abd41
parent_id = 9f36f353e9df6238
start_time = 1682628698290193
end_time = 1682628698291360
inclusive_time = 1167
exclusive_time = 30
process_id = p7
operationName = UploadMovieReview
serviceName = movie-review-service
------------------------------------------------------------------------------------
span = 7
trace_id = 7de4ea978c77b1a6
span_id = b57dd165a581acb3
parent_id = ef0c4298500abd41
start_time = 1682628698290223
end_time = 1682628698291365
inclusive_time = 1142
exclusive_time = 1142
process_id = p7
operationName = MongoFindMovie
serviceName = movie-review-service
------------------------------------------------------------------------------------
span = 8
trace_id = 7de4ea978c77b1a6
span_id = fb8125cf2c69f8e1
parent_id = fcf50faae122f9eb
start_time = 1682628698288862
end_time = 1682628698288980
inclusive_time = 118
exclusive_time = 118
process_id = p4
operationName = MmcSetMovieId
serviceName = movie-id-service
------------------------------------------------------------------------------------
span = 9
trace_id = 7de4ea978c77b1a6
span_id = 5637ceeca8cc15d0
parent_id = fcf50faae122f9eb
start_time = 1682628698288621
end_time = 1682628698288728
inclusive_time = 107
exclusive_time = 107
process_id = p4
operationName = MmcGetMovieId
serviceName = movie-id-service
------------------------------------------------------------------------------------
