span = 0
trace_id = 18e206e8a1d02251
span_id = 18e206e8a1d02251
parent_id = None
start_time = 1682628698191000
end_time = 1682628698197190
inclusive_time = 6190
exclusive_time = 958
process_id = p1
operationName = /wrk2-api/review/compose
serviceName = nginx
call path = 
------------------------------------------------------------------------------------
span = 1
trace_id = 18e206e8a1d02251
span_id = 5f818c5a5678b64e
parent_id = 18e206e8a1d02251
start_time = 1682628698191957
end_time = 1682628698197189
inclusive_time = 5232
exclusive_time = 102
process_id = p1
operationName = /wrk2-api/review/compose
serviceName = nginx
call path = ->/wrk2-api/review/compose_nginx
------------------------------------------------------------------------------------
span = 2
trace_id = 18e206e8a1d02251
span_id = 803f245de05f58f8
parent_id = 5f818c5a5678b64e
start_time = 1682628698192010
end_time = 1682628698197140
inclusive_time = 5130
exclusive_time = 706
process_id = p1
operationName = ComposeReview
serviceName = nginx
call path = ->/wrk2-api/review/compose_nginx->/wrk2-api/review/compose_nginx
------------------------------------------------------------------------------------
span = 3
trace_id = 18e206e8a1d02251
span_id = 4ab45883109673a5
parent_id = 803f245de05f58f8
start_time = 1682628698193299
end_time = 1682628698196718
inclusive_time = 3419
exclusive_time = 335
process_id = p5
operationName = UploadMovieId
serviceName = movie-id-service
call path = ->/wrk2-api/review/compose_nginx->/wrk2-api/review/compose_nginx->ComposeReview_nginx
------------------------------------------------------------------------------------
span = 4
trace_id = 18e206e8a1d02251
span_id = ecf2570843e9097f
parent_id = 4ab45883109673a5
start_time = 1682628698193750
end_time = 1682628698196577
inclusive_time = 2827
exclusive_time = 281
process_id = p10
operationName = UploadRating
serviceName = rating-service
call path = ->/wrk2-api/review/compose_nginx->/wrk2-api/review/compose_nginx->ComposeReview_nginx->UploadMovieId_movie-id-service
------------------------------------------------------------------------------------
span = 5
trace_id = 18e206e8a1d02251
span_id = fe048fc383c3322d
parent_id = ecf2570843e9097f
start_time = 1682628698193902
end_time = 1682628698196404
inclusive_time = 2502
exclusive_time = 1162
process_id = p4
operationName = UploadRating
serviceName = compose-review-service
call path = ->/wrk2-api/review/compose_nginx->/wrk2-api/review/compose_nginx->ComposeReview_nginx->UploadMovieId_movie-id-service->UploadRating_rating-service
------------------------------------------------------------------------------------
span = 6
trace_id = 18e206e8a1d02251
span_id = d2a68f7b345c4a90
parent_id = fe048fc383c3322d
start_time = 1682628698195014
end_time = 1682628698196274
inclusive_time = 1260
exclusive_time = 17
process_id = p3
operationName = UploadUserReview
serviceName = user-review-service
call path = ->/wrk2-api/review/compose_nginx->/wrk2-api/review/compose_nginx->ComposeReview_nginx->UploadMovieId_movie-id-service->UploadRating_rating-service->UploadRating_compose-review-service
------------------------------------------------------------------------------------
span = 7
trace_id = 18e206e8a1d02251
span_id = 510e435055364466
parent_id = d2a68f7b345c4a90
start_time = 1682628698195031
end_time = 1682628698196278
inclusive_time = 1247
exclusive_time = 1247
process_id = p3
operationName = MongoFindUser
serviceName = user-review-service
call path = ->/wrk2-api/review/compose_nginx->/wrk2-api/review/compose_nginx->ComposeReview_nginx->UploadMovieId_movie-id-service->UploadRating_rating-service->UploadRating_compose-review-service->UploadUserReview_user-review-service
------------------------------------------------------------------------------------
span = 8
trace_id = 18e206e8a1d02251
span_id = 2e1419a57ba5c318
parent_id = 4ab45883109673a5
start_time = 1682628698193577
end_time = 1682628698193679
inclusive_time = 102
exclusive_time = 102
process_id = p5
operationName = MmcSetMovieId
serviceName = movie-id-service
call path = ->/wrk2-api/review/compose_nginx->/wrk2-api/review/compose_nginx->ComposeReview_nginx->UploadMovieId_movie-id-service
------------------------------------------------------------------------------------
span = 9
trace_id = 18e206e8a1d02251
span_id = d5b175d872d393cf
parent_id = 4ab45883109673a5
start_time = 1682628698193317
end_time = 1682628698193420
inclusive_time = 103
exclusive_time = 103
process_id = p5
operationName = MmcGetMovieId
serviceName = movie-id-service
call path = ->/wrk2-api/review/compose_nginx->/wrk2-api/review/compose_nginx->ComposeReview_nginx->UploadMovieId_movie-id-service
------------------------------------------------------------------------------------
span = 10
trace_id = 18e206e8a1d02251
span_id = d8bb4a7e16c2194e
parent_id = 803f245de05f58f8
start_time = 1682628698192294
end_time = 1682628698193121
inclusive_time = 827
exclusive_time = 280
process_id = p7
operationName = UploadUserWithUsername
serviceName = user-service
call path = ->/wrk2-api/review/compose_nginx->/wrk2-api/review/compose_nginx->ComposeReview_nginx
------------------------------------------------------------------------------------
span = 11
trace_id = 18e206e8a1d02251
span_id = dbe3972c975020c3
parent_id = d8bb4a7e16c2194e
start_time = 1682628698192599
end_time = 1682628698193050
inclusive_time = 451
exclusive_time = 451
process_id = p4
operationName = UploadUserId
serviceName = compose-review-service
call path = ->/wrk2-api/review/compose_nginx->/wrk2-api/review/compose_nginx->ComposeReview_nginx->UploadUserWithUsername_user-service
------------------------------------------------------------------------------------
span = 12
trace_id = 18e206e8a1d02251
span_id = 07e35c18e1021cd6
parent_id = d8bb4a7e16c2194e
start_time = 1682628698192311
end_time = 1682628698192407
inclusive_time = 96
exclusive_time = 96
process_id = p7
operationName = MmcGetUserId
serviceName = user-service
call path = ->/wrk2-api/review/compose_nginx->/wrk2-api/review/compose_nginx->ComposeReview_nginx->UploadUserWithUsername_user-service
------------------------------------------------------------------------------------
