span = 0
trace_id = 73a42bda6f6cb01a
span_id = 73a42bda6f6cb01a
parent_id = None
start_time = 1682628698090000
end_time = 1682628698093867
inclusive_time = 3867
exclusive_time = 337
process_id = p7
operationName = /wrk2-api/review/compose
serviceName = nginx
call path = 
------------------------------------------------------------------------------------
span = 1
trace_id = 73a42bda6f6cb01a
span_id = b1d4548b741e73f5
parent_id = 73a42bda6f6cb01a
start_time = 1682628698090337
end_time = 1682628698093867
inclusive_time = 3530
exclusive_time = 97
process_id = p7
operationName = /wrk2-api/review/compose
serviceName = nginx
call path = ->/wrk2-api/review/compose_nginx
------------------------------------------------------------------------------------
span = 2
trace_id = 73a42bda6f6cb01a
span_id = 36b24f5dba635a25
parent_id = b1d4548b741e73f5
start_time = 1682628698090384
end_time = 1682628698093817
inclusive_time = 3433
exclusive_time = 281
process_id = p7
operationName = ComposeReview
serviceName = nginx
call path = ->/wrk2-api/review/compose_nginx->/wrk2-api/review/compose_nginx
------------------------------------------------------------------------------------
span = 3
trace_id = 73a42bda6f6cb01a
span_id = acd099e63abaa960
parent_id = 36b24f5dba635a25
start_time = 1682628698090719
end_time = 1682628698093729
inclusive_time = 3010
exclusive_time = 279
process_id = p4
operationName = UploadMovieId
serviceName = movie-id-service
call path = ->/wrk2-api/review/compose_nginx->/wrk2-api/review/compose_nginx->ComposeReview_nginx
------------------------------------------------------------------------------------
span = 4
trace_id = 73a42bda6f6cb01a
span_id = 02ac296efd7b042e
parent_id = acd099e63abaa960
start_time = 1682628698091206
end_time = 1682628698093607
inclusive_time = 2401
exclusive_time = 230
process_id = p6
operationName = UploadRating
serviceName = rating-service
call path = ->/wrk2-api/review/compose_nginx->/wrk2-api/review/compose_nginx->ComposeReview_nginx->UploadMovieId_movie-id-service
------------------------------------------------------------------------------------
span = 5
trace_id = 73a42bda6f6cb01a
span_id = a365b2c27be1e7de
parent_id = 02ac296efd7b042e
start_time = 1682628698091371
end_time = 1682628698093494
inclusive_time = 2123
exclusive_time = 948
process_id = p2
operationName = UploadRating
serviceName = compose-review-service
call path = ->/wrk2-api/review/compose_nginx->/wrk2-api/review/compose_nginx->ComposeReview_nginx->UploadMovieId_movie-id-service->UploadRating_rating-service
------------------------------------------------------------------------------------
span = 6
trace_id = 73a42bda6f6cb01a
span_id = e5394609d07b5498
parent_id = a365b2c27be1e7de
start_time = 1682628698092237
end_time = 1682628698093314
inclusive_time = 1077
exclusive_time = 20
process_id = p1
operationName = UploadMovieReview
serviceName = movie-review-service
call path = ->/wrk2-api/review/compose_nginx->/wrk2-api/review/compose_nginx->ComposeReview_nginx->UploadMovieId_movie-id-service->UploadRating_rating-service->UploadRating_compose-review-service
------------------------------------------------------------------------------------
span = 7
trace_id = 73a42bda6f6cb01a
span_id = 6ff4cdbc4e647a97
parent_id = e5394609d07b5498
start_time = 1682628698092257
end_time = 1682628698093319
inclusive_time = 1062
exclusive_time = 1062
process_id = p1
operationName = MongoFindMovie
serviceName = movie-review-service
call path = ->/wrk2-api/review/compose_nginx->/wrk2-api/review/compose_nginx->ComposeReview_nginx->UploadMovieId_movie-id-service->UploadRating_rating-service->UploadRating_compose-review-service->UploadMovieReview_movie-review-service
------------------------------------------------------------------------------------
span = 8
trace_id = 73a42bda6f6cb01a
span_id = c86a4ac6751860c0
parent_id = acd099e63abaa960
start_time = 1682628698090961
end_time = 1682628698091074
inclusive_time = 113
exclusive_time = 113
process_id = p4
operationName = MmcSetMovieId
serviceName = movie-id-service
call path = ->/wrk2-api/review/compose_nginx->/wrk2-api/review/compose_nginx->ComposeReview_nginx->UploadMovieId_movie-id-service
------------------------------------------------------------------------------------
span = 9
trace_id = 73a42bda6f6cb01a
span_id = 5f8c845ae58d7118
parent_id = acd099e63abaa960
start_time = 1682628698090740
end_time = 1682628698090826
inclusive_time = 86
exclusive_time = 86
process_id = p4
operationName = MmcGetMovieId
serviceName = movie-id-service
call path = ->/wrk2-api/review/compose_nginx->/wrk2-api/review/compose_nginx->ComposeReview_nginx->UploadMovieId_movie-id-service
------------------------------------------------------------------------------------
