span = 0
trace_id = 1b78b296c9c32559
span_id = 1b78b296c9c32559
parent_id = None
start_time = 1682628698245000
end_time = 1682628698249276
inclusive_time = 4276
exclusive_time = 697
process_id = p5
operationName = /wrk2-api/review/compose
serviceName = nginx
call path = 
------------------------------------------------------------------------------------
span = 1
trace_id = 1b78b296c9c32559
span_id = 1daa9593715ac420
parent_id = 1b78b296c9c32559
start_time = 1682628698245697
end_time = 1682628698249276
inclusive_time = 3579
exclusive_time = 112
process_id = p5
operationName = /wrk2-api/review/compose
serviceName = nginx
call path = ->/wrk2-api/review/compose_nginx
------------------------------------------------------------------------------------
span = 2
trace_id = 1b78b296c9c32559
span_id = 3ea16e803bf4f522
parent_id = 1daa9593715ac420
start_time = 1682628698245744
end_time = 1682628698249211
inclusive_time = 3467
exclusive_time = 298
process_id = p5
operationName = ComposeReview
serviceName = nginx
call path = ->/wrk2-api/review/compose_nginx->/wrk2-api/review/compose_nginx
------------------------------------------------------------------------------------
span = 3
trace_id = 1b78b296c9c32559
span_id = 96cdd4aba715c808
parent_id = 3ea16e803bf4f522
start_time = 1682628698246079
end_time = 1682628698249126
inclusive_time = 3047
exclusive_time = 356
process_id = p1
operationName = UploadMovieId
serviceName = movie-id-service
call path = ->/wrk2-api/review/compose_nginx->/wrk2-api/review/compose_nginx->ComposeReview_nginx
------------------------------------------------------------------------------------
span = 4
trace_id = 1b78b296c9c32559
span_id = 5a3a4afa3e5cfd69
parent_id = 96cdd4aba715c808
start_time = 1682628698246521
end_time = 1682628698249001
inclusive_time = 2480
exclusive_time = 227
process_id = p10
operationName = UploadRating
serviceName = rating-service
call path = ->/wrk2-api/review/compose_nginx->/wrk2-api/review/compose_nginx->ComposeReview_nginx->UploadMovieId_movie-id-service
------------------------------------------------------------------------------------
span = 5
trace_id = 1b78b296c9c32559
span_id = 5e467b9b91044bdd
parent_id = 5a3a4afa3e5cfd69
start_time = 1682628698246736
end_time = 1682628698248887
inclusive_time = 2151
exclusive_time = 834
process_id = p2
operationName = UploadRating
serviceName = compose-review-service
call path = ->/wrk2-api/review/compose_nginx->/wrk2-api/review/compose_nginx->ComposeReview_nginx->UploadMovieId_movie-id-service->UploadRating_rating-service
------------------------------------------------------------------------------------
span = 6
trace_id = 1b78b296c9c32559
span_id = 6e1719d9d36029b3
parent_id = 5e467b9b91044bdd
start_time = 1682628698247521
end_time = 1682628698248765
inclusive_time = 1244
exclusive_time = 19
process_id = p3
operationName = UploadMovieReview
serviceName = movie-review-service
call path = ->/wrk2-api/review/compose_nginx->/wrk2-api/review/compose_nginx->ComposeReview_nginx->UploadMovieId_movie-id-service->UploadRating_rating-service->UploadRating_compose-review-service
------------------------------------------------------------------------------------
span = 7
trace_id = 1b78b296c9c32559
span_id = c43147ccf3fcd189
parent_id = 6e1719d9d36029b3
start_time = 1682628698247540
end_time = 1682628698248768
inclusive_time = 1228
exclusive_time = 1228
process_id = p3
operationName = MongoFindMovie
serviceName = movie-review-service
call path = ->/wrk2-api/review/compose_nginx->/wrk2-api/review/compose_nginx->ComposeReview_nginx->UploadMovieId_movie-id-service->UploadRating_rating-service->UploadRating_compose-review-service->UploadMovieReview_movie-review-service
------------------------------------------------------------------------------------
span = 8
trace_id = 1b78b296c9c32559
span_id = 17b22dea7feb0710
parent_id = 96cdd4aba715c808
start_time = 1682628698246371
end_time = 1682628698246468
inclusive_time = 97
exclusive_time = 97
process_id = p1
operationName = MmcSetMovieId
serviceName = movie-id-service
call path = ->/wrk2-api/review/compose_nginx->/wrk2-api/review/compose_nginx->ComposeReview_nginx->UploadMovieId_movie-id-service
------------------------------------------------------------------------------------
span = 9
trace_id = 1b78b296c9c32559
span_id = 52718e55d108e457
parent_id = 96cdd4aba715c808
start_time = 1682628698246097
end_time = 1682628698246200
inclusive_time = 103
exclusive_time = 103
process_id = p1
operationName = MmcGetMovieId
serviceName = movie-id-service
call path = ->/wrk2-api/review/compose_nginx->/wrk2-api/review/compose_nginx->ComposeReview_nginx->UploadMovieId_movie-id-service
------------------------------------------------------------------------------------
