span = 0
trace_id = ee851ef18a86e2f9
span_id = ee851ef18a86e2f9
parent_id = None
start_time = 1682628698066000
end_time = 1682628698070781
inclusive_time = 4781
exclusive_time = 841
process_id = p1
operationName = /wrk2-api/review/compose
serviceName = nginx
------------------------------------------------------------------------------------
span = 1
trace_id = ee851ef18a86e2f9
span_id = 2018eadeb7a26ab4
parent_id = ee851ef18a86e2f9
start_time = 1682628698066841
end_time = 1682628698070781
inclusive_time = 3940
exclusive_time = 109
process_id = p1
operationName = /wrk2-api/review/compose
serviceName = nginx
------------------------------------------------------------------------------------
span = 2
trace_id = ee851ef18a86e2f9
span_id = 5c0f33a034c006de
parent_id = 2018eadeb7a26ab4
start_time = 1682628698066887
end_time = 1682628698070718
inclusive_time = 3831
exclusive_time = 329
process_id = p1
operationName = ComposeReview
serviceName = nginx
------------------------------------------------------------------------------------
span = 3
trace_id = ee851ef18a86e2f9
span_id = 0e0f3ab102b30af8
parent_id = 5c0f33a034c006de
start_time = 1682628698067379
end_time = 1682628698070600
inclusive_time = 3221
exclusive_time = 347
process_id = p5
operationName = UploadMovieId
serviceName = movie-id-service
------------------------------------------------------------------------------------
span = 4
trace_id = ee851ef18a86e2f9
span_id = e22b215b60989722
parent_id = 0e0f3ab102b30af8
start_time = 1682628698067823
end_time = 1682628698070467
inclusive_time = 2644
exclusive_time = 334
process_id = p7
operationName = UploadRating
serviceName = rating-service
------------------------------------------------------------------------------------
span = 5
trace_id = ee851ef18a86e2f9
span_id = 378c6ed28da0cc10
parent_id = e22b215b60989722
start_time = 1682628698067982
end_time = 1682628698070255
inclusive_time = 2273
exclusive_time = 1002
process_id = p3
operationName = UploadRating
serviceName = compose-review-service
------------------------------------------------------------------------------------
span = 6
trace_id = ee851ef18a86e2f9
span_id = 27ab8bd8d32a35a5
parent_id = 378c6ed28da0cc10
start_time = 1682628698068940
end_time = 1682628698070140
inclusive_time = 1200
exclusive_time = 25
process_id = p2
operationName = UploadMovieReview
serviceName = movie-review-service
------------------------------------------------------------------------------------
span = 7
trace_id = ee851ef18a86e2f9
span_id = eaae8e1de83166f8
parent_id = 27ab8bd8d32a35a5
start_time = 1682628698068965
end_time = 1682628698070144
inclusive_time = 1179
exclusive_time = 1179
process_id = p2
operationName = MongoFindMovie
serviceName = movie-review-service
------------------------------------------------------------------------------------
span = 8
trace_id = ee851ef18a86e2f9
span_id = add38ef78a9dfdc1
parent_id = 0e0f3ab102b30af8
start_time = 1682628698067626
end_time = 1682628698067727
inclusive_time = 101
exclusive_time = 101
process_id = p5
operationName = MmcSetMovieId
serviceName = movie-id-service
------------------------------------------------------------------------------------
span = 9
trace_id = ee851ef18a86e2f9
span_id = dd3a0dbc1ff61ca9
parent_id = 0e0f3ab102b30af8
start_time = 1682628698067391
end_time = 1682628698067482
inclusive_time = 91
exclusive_time = 91
process_id = p5
operationName = MmcGetMovieId
serviceName = movie-id-service
------------------------------------------------------------------------------------
