span 0
span_id = 3531da635e25f3c0
parent_id = None
start_time = 1682628698057000
end_time = 1682628698061685
inclusive_time = 4685
exclusive_time = 470
process_id = p8
operationName = /wrk2-api/review/compose
serviceName = None
------------------------------------------------------------------------------------
span 1
span_id = dba18086555ee372
parent_id = 3531da635e25f3c0
start_time = 1682628698057470
end_time = 1682628698061685
inclusive_time = 4215
exclusive_time = 126
process_id = p8
operationName = /wrk2-api/review/compose
serviceName = None
------------------------------------------------------------------------------------
span 2
span_id = 3a5edc4a3033bb7f
parent_id = dba18086555ee372
start_time = 1682628698057529
end_time = 1682628698061618
inclusive_time = 4089
exclusive_time = 342
process_id = p8
operationName = ComposeReview
serviceName = None
------------------------------------------------------------------------------------
span 3
span_id = a395aaf3e14eefd4
parent_id = 3a5edc4a3033bb7f
start_time = 1682628698057931
end_time = 1682628698061538
inclusive_time = 3607
exclusive_time = 293
process_id = p5
operationName = UploadMovieId
serviceName = None
------------------------------------------------------------------------------------
span 4
span_id = f1f3a78d13c130a5
parent_id = a395aaf3e14eefd4
start_time = 1682628698058496
end_time = 1682628698061430
inclusive_time = 2934
exclusive_time = 218
process_id = p7
operationName = UploadRating
serviceName = None
------------------------------------------------------------------------------------
span 5
span_id = 5f0ef5ca3f759d3f
parent_id = f1f3a78d13c130a5
start_time = 1682628698058648
end_time = 1682628698061322
inclusive_time = 2674
exclusive_time = 1384
process_id = p3
operationName = UploadRating
serviceName = None
------------------------------------------------------------------------------------
span 6
span_id = ce694f8934bcc205
parent_id = 5f0ef5ca3f759d3f
start_time = 1682628698059805
end_time = 1682628698060982
inclusive_time = 1177
exclusive_time = 16
process_id = p2
operationName = UploadMovieReview
serviceName = None
------------------------------------------------------------------------------------
span 7
span_id = 14b8de224bb098be
parent_id = ce694f8934bcc205
start_time = 1682628698059821
end_time = 1682628698060985
inclusive_time = 1164
exclusive_time = 1164
process_id = p2
operationName = MongoFindMovie
serviceName = None
------------------------------------------------------------------------------------
span 8
span_id = 585eaf46a7655950
parent_id = a395aaf3e14eefd4
start_time = 1682628698058159
end_time = 1682628698058250
inclusive_time = 91
exclusive_time = 91
process_id = p5
operationName = MmcSetMovieId
serviceName = None
------------------------------------------------------------------------------------
span 9
span_id = 97b6d37e0412ee6f
parent_id = a395aaf3e14eefd4
start_time = 1682628698057942
end_time = 1682628698058036
inclusive_time = 94
exclusive_time = 94
process_id = p5
operationName = MmcGetMovieId
serviceName = None
------------------------------------------------------------------------------------
