span = 0
span_id = 3723e922dfefda2f
parent_id = None
start_time = 1682628698005000
end_time = 1682628698010942
inclusive_time = 5942
exclusive_time = 1069
process_id = p3
operationName = /wrk2-api/review/compose
serviceName = nginx
------------------------------------------------------------------------------------
span = 1
span_id = 24cf7be606f4d0f1
parent_id = 3723e922dfefda2f
start_time = 1682628698006069
end_time = 1682628698010943
inclusive_time = 4874
exclusive_time = 175
process_id = p3
operationName = /wrk2-api/review/compose
serviceName = nginx
------------------------------------------------------------------------------------
span = 2
span_id = 3c55e4dca1af625b
parent_id = 24cf7be606f4d0f1
start_time = 1682628698006116
end_time = 1682628698010815
inclusive_time = 4699
exclusive_time = 903
process_id = p3
operationName = ComposeReview
serviceName = nginx
------------------------------------------------------------------------------------
span = 3
span_id = 336effb8cf1575a1
parent_id = 3c55e4dca1af625b
start_time = 1682628698006459
end_time = 1682628698010255
inclusive_time = 3796
exclusive_time = 365
process_id = p2
operationName = UploadMovieId
serviceName = movie-id-service
------------------------------------------------------------------------------------
span = 4
span_id = fb95bf26a35321f4
parent_id = 336effb8cf1575a1
start_time = 1682628698006893
end_time = 1682628698010081
inclusive_time = 3188
exclusive_time = 481
process_id = p9
operationName = UploadRating
serviceName = rating-service
------------------------------------------------------------------------------------
span = 5
span_id = 302c3e485c575448
parent_id = fb95bf26a35321f4
start_time = 1682628698007061
end_time = 1682628698009710
inclusive_time = 2649
exclusive_time = 1452
process_id = p5
operationName = UploadRating
serviceName = compose-review-service
------------------------------------------------------------------------------------
span = 6
span_id = e616f5a15f4aab8d
parent_id = 302c3e485c575448
start_time = 1682628698008367
end_time = 1682628698009564
inclusive_time = 1197
exclusive_time = 35
process_id = p6
operationName = UploadUserReview
serviceName = user-review-service
------------------------------------------------------------------------------------
span = 7
span_id = bc5f2a110030e073
parent_id = e616f5a15f4aab8d
start_time = 1682628698008402
end_time = 1682628698009568
inclusive_time = 1166
exclusive_time = 1166
process_id = p6
operationName = MongoFindUser
serviceName = user-review-service
------------------------------------------------------------------------------------
span = 8
span_id = 8f6c297f73e769e6
parent_id = 336effb8cf1575a1
start_time = 1682628698006735
end_time = 1682628698006834
inclusive_time = 99
exclusive_time = 99
process_id = p2
operationName = MmcSetMovieId
serviceName = movie-id-service
------------------------------------------------------------------------------------
span = 9
span_id = 643715e0e9fb6b59
parent_id = 336effb8cf1575a1
start_time = 1682628698006480
end_time = 1682628698006583
inclusive_time = 103
exclusive_time = 103
process_id = p2
operationName = MmcGetMovieId
serviceName = movie-id-service
------------------------------------------------------------------------------------
