span 0
span_id = 08b2468b8e2e2706
parent_id = None
start_time = 1682628697991000
end_time = 1682628697995681
inclusive_time = 4681
exclusive_time = 799
process_id = p4
operationName = /wrk2-api/review/compose
serviceName = None
------------------------------------------------------------------------------------
span 1
span_id = 4ef93b4e793bcfbb
parent_id = 08b2468b8e2e2706
start_time = 1682628697991798
end_time = 1682628697995680
inclusive_time = 3882
exclusive_time = 88
process_id = p4
operationName = /wrk2-api/review/compose
serviceName = None
------------------------------------------------------------------------------------
span 2
span_id = 781f920a043e2058
parent_id = 4ef93b4e793bcfbb
start_time = 1682628697991837
end_time = 1682628697995631
inclusive_time = 3794
exclusive_time = 293
process_id = p4
operationName = ComposeReview
serviceName = None
------------------------------------------------------------------------------------
span 3
span_id = f16939b8a13890c3
parent_id = 781f920a043e2058
start_time = 1682628697992486
end_time = 1682628697995509
inclusive_time = 3023
exclusive_time = 255
process_id = p8
operationName = UploadUniqueId
serviceName = None
------------------------------------------------------------------------------------
span 4
span_id = 58fb2e34c403295b
parent_id = f16939b8a13890c3
start_time = 1682628697992673
end_time = 1682628697995441
inclusive_time = 2768
exclusive_time = 1372
process_id = p6
operationName = UploadUniqueId
serviceName = None
------------------------------------------------------------------------------------
span 5
span_id = 7d386a1b611ec445
parent_id = 58fb2e34c403295b
start_time = 1682628697993953
end_time = 1682628697995265
inclusive_time = 1312
exclusive_time = 29
process_id = p2
operationName = UploadMovieReview
serviceName = None
------------------------------------------------------------------------------------
span 6
span_id = 88d5ddf4f295ee02
parent_id = 7d386a1b611ec445
start_time = 1682628697993982
end_time = 1682628697995271
inclusive_time = 1289
exclusive_time = 1289
process_id = p2
operationName = MongoFindMovie
serviceName = None
------------------------------------------------------------------------------------
