span = 0
trace_id = 118131e82139a5a4
span_id = 118131e82139a5a4
parent_id = None
start_time = 1682657589972000
end_time = 1682657589972319
inclusive_time = 319
exclusive_time = 204
process_id = p1
operationName = 
serviceName = nginx
call path = 
------------------------------------------------------------------------------------
span = 1
trace_id = 118131e82139a5a4
span_id = fe574a365646ffdc
parent_id = 118131e82139a5a4
start_time = 1682657589972238
end_time = 1682657589972318
inclusive_time = 80
exclusive_time = 80
process_id = p1
operationName = 
serviceName = nginx
call path = ->_nginx
------------------------------------------------------------------------------------
span = 2
trace_id = 118131e82139a5a4
span_id = 5041c920e720f4ac
parent_id = 118131e82139a5a4
start_time = 1682657589972149
end_time = 1682657589972184
inclusive_time = 35
exclusive_time = 35
process_id = p1
operationName = 
serviceName = nginx
call path = ->_nginx
------------------------------------------------------------------------------------
