span = 0
trace_id = e2212bde59b4c8d4
span_id = e2212bde59b4c8d4
parent_id = None
start_time = 1682628697888000
end_time = 1682628697894055
inclusive_time = 6055
exclusive_time = 711
process_id = p1
operationName = /wrk2-api/review/compose
serviceName = nginx
------------------------------------------------------------------------------------
span = 1
trace_id = e2212bde59b4c8d4
span_id = 912228d681de1f74
parent_id = e2212bde59b4c8d4
start_time = 1682628697888711
end_time = 1682628697894055
inclusive_time = 5344
exclusive_time = 117
process_id = p1
operationName = /wrk2-api/review/compose
serviceName = nginx
------------------------------------------------------------------------------------
span = 2
trace_id = e2212bde59b4c8d4
span_id = ebd9bc0fcbf84724
parent_id = 912228d681de1f74
start_time = 1682628697888753
end_time = 1682628697893980
inclusive_time = 5227
exclusive_time = 319
process_id = p1
operationName = ComposeReview
serviceName = nginx
------------------------------------------------------------------------------------
span = 3
trace_id = e2212bde59b4c8d4
span_id = 90dcabd05bb5747c
parent_id = ebd9bc0fcbf84724
start_time = 1682628697889009
end_time = 1682628697893855
inclusive_time = 4846
exclusive_time = 382
process_id = p3
operationName = UploadMovieId
serviceName = movie-id-service
------------------------------------------------------------------------------------
span = 4
trace_id = e2212bde59b4c8d4
span_id = 8098557b4ec9b65c
parent_id = 90dcabd05bb5747c
start_time = 1682628697889628
end_time = 1682628697893703
inclusive_time = 4075
exclusive_time = 344
process_id = p7
operationName = UploadRating
serviceName = rating-service
------------------------------------------------------------------------------------
span = 5
trace_id = e2212bde59b4c8d4
span_id = ee72b58191b2b4e7
parent_id = 8098557b4ec9b65c
start_time = 1682628697889847
end_time = 1682628697893578
inclusive_time = 3731
exclusive_time = 1622
process_id = p2
operationName = UploadRating
serviceName = compose-review-service
------------------------------------------------------------------------------------
span = 6
trace_id = e2212bde59b4c8d4
span_id = 3afe2575fabc5d71
parent_id = ee72b58191b2b4e7
start_time = 1682628697891373
end_time = 1682628697893453
inclusive_time = 2080
exclusive_time = 19
process_id = p6
operationName = UploadUserReview
serviceName = user-review-service
------------------------------------------------------------------------------------
span = 7
trace_id = e2212bde59b4c8d4
span_id = 701245808c1eba64
parent_id = 3afe2575fabc5d71
start_time = 1682628697891392
end_time = 1682628697893456
inclusive_time = 2064
exclusive_time = 2064
process_id = p6
operationName = MongoFindUser
serviceName = user-review-service
------------------------------------------------------------------------------------
span = 8
trace_id = e2212bde59b4c8d4
span_id = 187bc9d8cb0e89ec
parent_id = 90dcabd05bb5747c
start_time = 1682628697889319
end_time = 1682628697889425
inclusive_time = 106
exclusive_time = 106
process_id = p3
operationName = MmcSetMovieId
serviceName = movie-id-service
------------------------------------------------------------------------------------
span = 9
trace_id = e2212bde59b4c8d4
span_id = 5611ac833ae54950
parent_id = 90dcabd05bb5747c
start_time = 1682628697889023
end_time = 1682628697889127
inclusive_time = 104
exclusive_time = 104
process_id = p3
operationName = MmcGetMovieId
serviceName = movie-id-service
------------------------------------------------------------------------------------
