span = 0
trace_id = b5ad6bbe7d5a3e01
span_id = b5ad6bbe7d5a3e01
parent_id = None
start_time = 1682628697904000
end_time = 1682628697908087
inclusive_time = 4087
exclusive_time = 264
process_id = p1
operationName = /wrk2-api/review/compose
serviceName = nginx
call path = 
------------------------------------------------------------------------------------
span = 1
trace_id = b5ad6bbe7d5a3e01
span_id = ab64b929aad94940
parent_id = b5ad6bbe7d5a3e01
start_time = 1682628697904264
end_time = 1682628697908087
inclusive_time = 3823
exclusive_time = 113
process_id = p1
operationName = /wrk2-api/review/compose
serviceName = nginx
call path = ->/wrk2-api/review/compose_nginx
------------------------------------------------------------------------------------
span = 2
trace_id = b5ad6bbe7d5a3e01
span_id = dc5a1137f9465b31
parent_id = ab64b929aad94940
start_time = 1682628697904307
end_time = 1682628697908017
inclusive_time = 3710
exclusive_time = 429
process_id = p1
operationName = ComposeReview
serviceName = nginx
call path = ->/wrk2-api/review/compose_nginx->/wrk2-api/review/compose_nginx
------------------------------------------------------------------------------------
span = 3
trace_id = b5ad6bbe7d5a3e01
span_id = ac971d5c1c1134f1
parent_id = dc5a1137f9465b31
start_time = 1682628697904666
end_time = 1682628697907930
inclusive_time = 3264
exclusive_time = 434
process_id = p3
operationName = UploadMovieId
serviceName = movie-id-service
call path = ->/wrk2-api/review/compose_nginx->/wrk2-api/review/compose_nginx->ComposeReview_nginx
------------------------------------------------------------------------------------
span = 4
trace_id = b5ad6bbe7d5a3e01
span_id = 332f5826eb0f8d23
parent_id = ac971d5c1c1134f1
start_time = 1682628697905228
end_time = 1682628697907819
inclusive_time = 2591
exclusive_time = 236
process_id = p7
operationName = UploadRating
serviceName = rating-service
call path = ->/wrk2-api/review/compose_nginx->/wrk2-api/review/compose_nginx->ComposeReview_nginx->UploadMovieId_movie-id-service
------------------------------------------------------------------------------------
span = 5
trace_id = b5ad6bbe7d5a3e01
span_id = e35d9bdf16a0150f
parent_id = 332f5826eb0f8d23
start_time = 1682628697905423
end_time = 1682628697907692
inclusive_time = 2269
exclusive_time = 983
process_id = p2
operationName = UploadRating
serviceName = compose-review-service
call path = ->/wrk2-api/review/compose_nginx->/wrk2-api/review/compose_nginx->ComposeReview_nginx->UploadMovieId_movie-id-service->UploadRating_rating-service
------------------------------------------------------------------------------------
span = 6
trace_id = b5ad6bbe7d5a3e01
span_id = 6c32838917b168be
parent_id = e35d9bdf16a0150f
start_time = 1682628697906334
end_time = 1682628697907517
inclusive_time = 1183
exclusive_time = 25
process_id = p4
operationName = UploadMovieReview
serviceName = movie-review-service
call path = ->/wrk2-api/review/compose_nginx->/wrk2-api/review/compose_nginx->ComposeReview_nginx->UploadMovieId_movie-id-service->UploadRating_rating-service->UploadRating_compose-review-service
------------------------------------------------------------------------------------
span = 7
trace_id = b5ad6bbe7d5a3e01
span_id = 61facb33639d6528
parent_id = 6c32838917b168be
start_time = 1682628697906359
end_time = 1682628697907530
inclusive_time = 1171
exclusive_time = 1171
process_id = p4
operationName = MongoFindMovie
serviceName = movie-review-service
call path = ->/wrk2-api/review/compose_nginx->/wrk2-api/review/compose_nginx->ComposeReview_nginx->UploadMovieId_movie-id-service->UploadRating_rating-service->UploadRating_compose-review-service->UploadMovieReview_movie-review-service
------------------------------------------------------------------------------------
span = 8
trace_id = b5ad6bbe7d5a3e01
span_id = 22adfa1e9fb8fe96
parent_id = ac971d5c1c1134f1
start_time = 1682628697905093
end_time = 1682628697905211
inclusive_time = 118
exclusive_time = 118
process_id = p3
operationName = MmcSetMovieId
serviceName = movie-id-service
call path = ->/wrk2-api/review/compose_nginx->/wrk2-api/review/compose_nginx->ComposeReview_nginx->UploadMovieId_movie-id-service
------------------------------------------------------------------------------------
span = 9
trace_id = b5ad6bbe7d5a3e01
span_id = 66c8c80899d41a7b
parent_id = ac971d5c1c1134f1
start_time = 1682628697904685
end_time = 1682628697904789
inclusive_time = 104
exclusive_time = 104
process_id = p3
operationName = MmcGetMovieId
serviceName = movie-id-service
call path = ->/wrk2-api/review/compose_nginx->/wrk2-api/review/compose_nginx->ComposeReview_nginx->UploadMovieId_movie-id-service
------------------------------------------------------------------------------------
