span = 0
span_id = 5af65beebda0c12e
parent_id = None
start_time = 1682628698016000
end_time = 1682628698022469
inclusive_time = 6469
exclusive_time = 1160
process_id = p7
operationName = /wrk2-api/review/compose
serviceName = nginx
------------------------------------------------------------------------------------
span = 1
span_id = fe277f06d077088b
parent_id = 5af65beebda0c12e
start_time = 1682628698017159
end_time = 1682628698022468
inclusive_time = 5309
exclusive_time = 87
process_id = p7
operationName = /wrk2-api/review/compose
serviceName = nginx
------------------------------------------------------------------------------------
span = 2
span_id = 2ea5d41ac09a165c
parent_id = fe277f06d077088b
start_time = 1682628698017193
end_time = 1682628698022415
inclusive_time = 5222
exclusive_time = 962
process_id = p7
operationName = ComposeReview
serviceName = nginx
------------------------------------------------------------------------------------
span = 3
span_id = 8acf45c6e0f0403f
parent_id = 2ea5d41ac09a165c
start_time = 1682628698018323
end_time = 1682628698021650
inclusive_time = 3327
exclusive_time = 473
process_id = p2
operationName = UploadMovieId
serviceName = movie-id-service
------------------------------------------------------------------------------------
span = 4
span_id = 2fd7c0e8173f367e
parent_id = 8acf45c6e0f0403f
start_time = 1682628698018895
end_time = 1682628698021512
inclusive_time = 2617
exclusive_time = 258
process_id = p9
operationName = UploadRating
serviceName = rating-service
------------------------------------------------------------------------------------
span = 5
span_id = d40924ac5288c677
parent_id = 2fd7c0e8173f367e
start_time = 1682628698019062
end_time = 1682628698021380
inclusive_time = 2318
exclusive_time = 1084
process_id = p4
operationName = UploadRating
serviceName = compose-review-service
------------------------------------------------------------------------------------
span = 6
span_id = 7ed5c954c7f5d361
parent_id = d40924ac5288c677
start_time = 1682628698019933
end_time = 1682628698021165
inclusive_time = 1232
exclusive_time = 27
process_id = p5
operationName = UploadUserReview
serviceName = user-review-service
------------------------------------------------------------------------------------
span = 7
span_id = 6ee180d909bec424
parent_id = 7ed5c954c7f5d361
start_time = 1682628698019960
end_time = 1682628698021171
inclusive_time = 1211
exclusive_time = 1211
process_id = p5
operationName = MongoFindUser
serviceName = user-review-service
------------------------------------------------------------------------------------
span = 8
span_id = c9cd3af363bc0959
parent_id = 8acf45c6e0f0403f
start_time = 1682628698018610
end_time = 1682628698018740
inclusive_time = 130
exclusive_time = 130
process_id = p2
operationName = MmcSetMovieId
serviceName = movie-id-service
------------------------------------------------------------------------------------
span = 9
span_id = a3599b524c12ad91
parent_id = 8acf45c6e0f0403f
start_time = 1682628698018342
end_time = 1682628698018449
inclusive_time = 107
exclusive_time = 107
process_id = p2
operationName = MmcGetMovieId
serviceName = movie-id-service
------------------------------------------------------------------------------------
span = 10
span_id = 58aaa0e9495399e4
parent_id = 2ea5d41ac09a165c
start_time = 1682628698017390
end_time = 1682628698018256
inclusive_time = 866
exclusive_time = 289
process_id = p8
operationName = UploadUserWithUsername
serviceName = user-service
------------------------------------------------------------------------------------
span = 11
span_id = 280de5c0eb5fed69
parent_id = 58aaa0e9495399e4
start_time = 1682628698017745
end_time = 1682628698018178
inclusive_time = 433
exclusive_time = 433
process_id = p4
operationName = UploadUserId
serviceName = compose-review-service
------------------------------------------------------------------------------------
span = 12
span_id = 2cfe07074c5c19f5
parent_id = 58aaa0e9495399e4
start_time = 1682628698017410
end_time = 1682628698017554
inclusive_time = 144
exclusive_time = 144
process_id = p8
operationName = MmcGetUserId
serviceName = user-service
------------------------------------------------------------------------------------
