span 0
span_id = 926800e1734f6fb0
parent_id = None
start_time = 1682628697900000
end_time = 1682628697904885
inclusive_time = 4885
exclusive_time = 695
process_id = p1
operationName = /wrk2-api/review/compose
serviceName = None
------------------------------------------------------------------------------------
span 1
span_id = 29a1ba5471208219
parent_id = 926800e1734f6fb0
start_time = 1682628697900695
end_time = 1682628697904885
inclusive_time = 4190
exclusive_time = 102
process_id = p1
operationName = /wrk2-api/review/compose
serviceName = None
------------------------------------------------------------------------------------
span 2
span_id = 9ecffb97658d8f97
parent_id = 29a1ba5471208219
start_time = 1682628697900741
end_time = 1682628697904829
inclusive_time = 4088
exclusive_time = 807
process_id = p1
operationName = ComposeReview
serviceName = None
------------------------------------------------------------------------------------
span 3
span_id = 28120ed27bc52288
parent_id = 9ecffb97658d8f97
start_time = 1682628697901042
end_time = 1682628697904217
inclusive_time = 3175
exclusive_time = 309
process_id = p3
operationName = UploadMovieId
serviceName = None
------------------------------------------------------------------------------------
span 4
span_id = 8df30bb8b256962d
parent_id = 28120ed27bc52288
start_time = 1682628697901620
end_time = 1682628697904108
inclusive_time = 2488
exclusive_time = 249
process_id = p7
operationName = UploadRating
serviceName = None
------------------------------------------------------------------------------------
span 5
span_id = e599759f6149df8e
parent_id = 8df30bb8b256962d
start_time = 1682628697901773
end_time = 1682628697903990
inclusive_time = 2217
exclusive_time = 912
process_id = p2
operationName = UploadRating
serviceName = None
------------------------------------------------------------------------------------
span 6
span_id = 66d7211c4d980cdc
parent_id = e599759f6149df8e
start_time = 1682628697902557
end_time = 1682628697903826
inclusive_time = 1269
exclusive_time = 17
process_id = p4
operationName = UploadMovieReview
serviceName = None
------------------------------------------------------------------------------------
span 7
span_id = c41c6c3b1890b254
parent_id = 66d7211c4d980cdc
start_time = 1682628697902574
end_time = 1682628697903830
inclusive_time = 1256
exclusive_time = 1256
process_id = p4
operationName = MongoFindMovie
serviceName = None
------------------------------------------------------------------------------------
span 8
span_id = 0d4504de74b38aa0
parent_id = 28120ed27bc52288
start_time = 1682628697901337
end_time = 1682628697901456
inclusive_time = 119
exclusive_time = 119
process_id = p3
operationName = MmcSetMovieId
serviceName = None
------------------------------------------------------------------------------------
span 9
span_id = 325aeb45e7f3757c
parent_id = 28120ed27bc52288
start_time = 1682628697901054
end_time = 1682628697901167
inclusive_time = 113
exclusive_time = 113
process_id = p3
operationName = MmcGetMovieId
serviceName = None
------------------------------------------------------------------------------------
