span = 0
trace_id = 5042d229ae6910bd
span_id = 5042d229ae6910bd
parent_id = None
start_time = 1682628698174000
end_time = 1682628698179049
inclusive_time = 5049
exclusive_time = 932
process_id = p3
operationName = /wrk2-api/review/compose
serviceName = nginx
call path = 
------------------------------------------------------------------------------------
span = 1
trace_id = 5042d229ae6910bd
span_id = d9a6d7d8082ea33c
parent_id = 5042d229ae6910bd
start_time = 1682628698174931
end_time = 1682628698179048
inclusive_time = 4117
exclusive_time = 111
process_id = p3
operationName = /wrk2-api/review/compose
serviceName = nginx
call path = ->/wrk2-api/review/compose_nginx
------------------------------------------------------------------------------------
span = 2
trace_id = 5042d229ae6910bd
span_id = 8e0a155ac5d6148c
parent_id = d9a6d7d8082ea33c
start_time = 1682628698174978
end_time = 1682628698178984
inclusive_time = 4006
exclusive_time = 292
process_id = p3
operationName = ComposeReview
serviceName = nginx
call path = ->/wrk2-api/review/compose_nginx->/wrk2-api/review/compose_nginx
------------------------------------------------------------------------------------
span = 3
trace_id = 5042d229ae6910bd
span_id = d5bb8ba93d43a6e2
parent_id = 8e0a155ac5d6148c
start_time = 1682628698175297
end_time = 1682628698178898
inclusive_time = 3601
exclusive_time = 395
process_id = p6
operationName = UploadMovieId
serviceName = movie-id-service
call path = ->/wrk2-api/review/compose_nginx->/wrk2-api/review/compose_nginx->ComposeReview_nginx
------------------------------------------------------------------------------------
span = 4
trace_id = 5042d229ae6910bd
span_id = 9e8d7a07141eed51
parent_id = d5bb8ba93d43a6e2
start_time = 1682628698175816
end_time = 1682628698178761
inclusive_time = 2945
exclusive_time = 391
process_id = p10
operationName = UploadRating
serviceName = rating-service
call path = ->/wrk2-api/review/compose_nginx->/wrk2-api/review/compose_nginx->ComposeReview_nginx->UploadMovieId_movie-id-service
------------------------------------------------------------------------------------
span = 5
trace_id = 5042d229ae6910bd
span_id = 62b032ffab3d2d57
parent_id = 9e8d7a07141eed51
start_time = 1682628698176014
end_time = 1682628698178532
inclusive_time = 2518
exclusive_time = 1108
process_id = p1
operationName = UploadRating
serviceName = compose-review-service
call path = ->/wrk2-api/review/compose_nginx->/wrk2-api/review/compose_nginx->ComposeReview_nginx->UploadMovieId_movie-id-service->UploadRating_rating-service
------------------------------------------------------------------------------------
span = 6
trace_id = 5042d229ae6910bd
span_id = d480b86770b75209
parent_id = 62b032ffab3d2d57
start_time = 1682628698177039
end_time = 1682628698178292
inclusive_time = 1253
exclusive_time = 17
process_id = p5
operationName = UploadUserReview
serviceName = user-review-service
call path = ->/wrk2-api/review/compose_nginx->/wrk2-api/review/compose_nginx->ComposeReview_nginx->UploadMovieId_movie-id-service->UploadRating_rating-service->UploadRating_compose-review-service
------------------------------------------------------------------------------------
span = 7
trace_id = 5042d229ae6910bd
span_id = f56f1c456796eec7
parent_id = d480b86770b75209
start_time = 1682628698177056
end_time = 1682628698178295
inclusive_time = 1239
exclusive_time = 1239
process_id = p5
operationName = MongoFindUser
serviceName = user-review-service
call path = ->/wrk2-api/review/compose_nginx->/wrk2-api/review/compose_nginx->ComposeReview_nginx->UploadMovieId_movie-id-service->UploadRating_rating-service->UploadRating_compose-review-service->UploadUserReview_user-review-service
------------------------------------------------------------------------------------
span = 8
trace_id = 5042d229ae6910bd
span_id = 48820c75f3e0fe83
parent_id = d5bb8ba93d43a6e2
start_time = 1682628698175581
end_time = 1682628698175712
inclusive_time = 131
exclusive_time = 131
process_id = p6
operationName = MmcSetMovieId
serviceName = movie-id-service
call path = ->/wrk2-api/review/compose_nginx->/wrk2-api/review/compose_nginx->ComposeReview_nginx->UploadMovieId_movie-id-service
------------------------------------------------------------------------------------
span = 9
trace_id = 5042d229ae6910bd
span_id = ace1c9c7ea16e7ab
parent_id = d5bb8ba93d43a6e2
start_time = 1682628698175316
end_time = 1682628698175406
inclusive_time = 90
exclusive_time = 90
process_id = p6
operationName = MmcGetMovieId
serviceName = movie-id-service
call path = ->/wrk2-api/review/compose_nginx->/wrk2-api/review/compose_nginx->ComposeReview_nginx->UploadMovieId_movie-id-service
------------------------------------------------------------------------------------
