span = 0
span_id = 87862bfd7e1b8e69
parent_id = None
start_time = 1682628698272000
end_time = 1682628698277426
inclusive_time = 5426
exclusive_time = 396
process_id = p2
operationName = /wrk2-api/review/compose
serviceName = nginx
------------------------------------------------------------------------------------
span = 1
span_id = 8591c5b0798f24d0
parent_id = 87862bfd7e1b8e69
start_time = 1682628698272396
end_time = 1682628698277426
inclusive_time = 5030
exclusive_time = 107
process_id = p2
operationName = /wrk2-api/review/compose
serviceName = nginx
------------------------------------------------------------------------------------
span = 2
span_id = a7b6b398dc080018
parent_id = 8591c5b0798f24d0
start_time = 1682628698272448
end_time = 1682628698277371
inclusive_time = 4923
exclusive_time = 445
process_id = p2
operationName = ComposeReview
serviceName = nginx
------------------------------------------------------------------------------------
span = 3
span_id = 0ab074c7fc1c13b7
parent_id = a7b6b398dc080018
start_time = 1682628698273578
end_time = 1682628698277304
inclusive_time = 3726
exclusive_time = 239
process_id = p6
operationName = UploadUniqueId
serviceName = unique-id-service
------------------------------------------------------------------------------------
span = 4
span_id = 344dba93feeaa176
parent_id = 0ab074c7fc1c13b7
start_time = 1682628698273757
end_time = 1682628698277244
inclusive_time = 3487
exclusive_time = 1363
process_id = p4
operationName = UploadUniqueId
serviceName = compose-review-service
------------------------------------------------------------------------------------
span = 5
span_id = 3cd841ed92784406
parent_id = 344dba93feeaa176
start_time = 1682628698275191
end_time = 1682628698277136
inclusive_time = 1945
exclusive_time = 19
process_id = p8
operationName = UploadMovieReview
serviceName = movie-review-service
------------------------------------------------------------------------------------
span = 6
span_id = 8ff2d8db749ee252
parent_id = 3cd841ed92784406
start_time = 1682628698275210
end_time = 1682628698277140
inclusive_time = 1930
exclusive_time = 1930
process_id = p8
operationName = MongoFindMovie
serviceName = movie-review-service
------------------------------------------------------------------------------------
span = 7
span_id = d7b9fd44249b2472
parent_id = a7b6b398dc080018
start_time = 1682628698272826
end_time = 1682628698273549
inclusive_time = 723
exclusive_time = 266
process_id = p1
operationName = UploadUserWithUsername
serviceName = user-service
------------------------------------------------------------------------------------
span = 8
span_id = 125234fc6c654774
parent_id = d7b9fd44249b2472
start_time = 1682628698273128
end_time = 1682628698273479
inclusive_time = 351
exclusive_time = 351
process_id = p4
operationName = UploadUserId
serviceName = compose-review-service
------------------------------------------------------------------------------------
span = 9
span_id = ede5b592990d161c
parent_id = d7b9fd44249b2472
start_time = 1682628698272839
end_time = 1682628698272945
inclusive_time = 106
exclusive_time = 106
process_id = p1
operationName = MmcGetUserId
serviceName = user-service
------------------------------------------------------------------------------------
