span = 0
trace_id = 3dc358f9c9c765a8
span_id = 3dc358f9c9c765a8
parent_id = None
start_time = 1682628698197000
end_time = 1682628698201686
inclusive_time = 4686
exclusive_time = 986
process_id = p7
operationName = /wrk2-api/review/compose
serviceName = nginx
------------------------------------------------------------------------------------
span = 1
trace_id = 3dc358f9c9c765a8
span_id = 4ec9b65178db3dbe
parent_id = 3dc358f9c9c765a8
start_time = 1682628698197986
end_time = 1682628698201686
inclusive_time = 3700
exclusive_time = 103
process_id = p7
operationName = /wrk2-api/review/compose
serviceName = nginx
------------------------------------------------------------------------------------
span = 2
trace_id = 3dc358f9c9c765a8
span_id = 5af518c91fa33cc1
parent_id = 4ec9b65178db3dbe
start_time = 1682628698198036
end_time = 1682628698201633
inclusive_time = 3597
exclusive_time = 294
process_id = p7
operationName = ComposeReview
serviceName = nginx
------------------------------------------------------------------------------------
span = 3
trace_id = 3dc358f9c9c765a8
span_id = 9f659d2442ba44f9
parent_id = 5af518c91fa33cc1
start_time = 1682628698198341
end_time = 1682628698201536
inclusive_time = 3195
exclusive_time = 364
process_id = p4
operationName = UploadMovieId
serviceName = movie-id-service
------------------------------------------------------------------------------------
span = 4
trace_id = 3dc358f9c9c765a8
span_id = 733f9bba5aa3a569
parent_id = 9f659d2442ba44f9
start_time = 1682628698198802
end_time = 1682628698201412
inclusive_time = 2610
exclusive_time = 246
process_id = p10
operationName = UploadRating
serviceName = rating-service
------------------------------------------------------------------------------------
span = 5
trace_id = 3dc358f9c9c765a8
span_id = b19a81f7d39b59fb
parent_id = 733f9bba5aa3a569
start_time = 1682628698198936
end_time = 1682628698201273
inclusive_time = 2337
exclusive_time = 953
process_id = p3
operationName = UploadRating
serviceName = compose-review-service
------------------------------------------------------------------------------------
span = 6
trace_id = 3dc358f9c9c765a8
span_id = b2d666fe966dabaf
parent_id = b19a81f7d39b59fb
start_time = 1682628698199864
end_time = 1682628698201153
inclusive_time = 1289
exclusive_time = 22
process_id = p5
operationName = UploadMovieReview
serviceName = movie-review-service
------------------------------------------------------------------------------------
span = 7
trace_id = 3dc358f9c9c765a8
span_id = a647c0ae506eaa71
parent_id = b2d666fe966dabaf
start_time = 1682628698199886
end_time = 1682628698201156
inclusive_time = 1270
exclusive_time = 1270
process_id = p5
operationName = MongoFindMovie
serviceName = movie-review-service
------------------------------------------------------------------------------------
span = 8
trace_id = 3dc358f9c9c765a8
span_id = 1073d90a6b013d0a
parent_id = 9f659d2442ba44f9
start_time = 1682628698198629
end_time = 1682628698198743
inclusive_time = 114
exclusive_time = 114
process_id = p4
operationName = MmcSetMovieId
serviceName = movie-id-service
------------------------------------------------------------------------------------
span = 9
trace_id = 3dc358f9c9c765a8
span_id = 0581c641d8e55040
parent_id = 9f659d2442ba44f9
start_time = 1682628698198362
end_time = 1682628698198469
inclusive_time = 107
exclusive_time = 107
process_id = p4
operationName = MmcGetMovieId
serviceName = movie-id-service
------------------------------------------------------------------------------------
