span = 0
trace_id = 4141ab26bc21a7a7
span_id = 4141ab26bc21a7a7
parent_id = None
start_time = 1682628698287000
end_time = 1682628698292478
inclusive_time = 5478
exclusive_time = 679
process_id = p1
operationName = /wrk2-api/review/compose
serviceName = nginx
call path = 
------------------------------------------------------------------------------------
span = 1
trace_id = 4141ab26bc21a7a7
span_id = cb0a5d836992bb1b
parent_id = 4141ab26bc21a7a7
start_time = 1682628698287678
end_time = 1682628698292477
inclusive_time = 4799
exclusive_time = 108
process_id = p1
operationName = /wrk2-api/review/compose
serviceName = nginx
call path = ->/wrk2-api/review/compose_nginx
------------------------------------------------------------------------------------
span = 2
trace_id = 4141ab26bc21a7a7
span_id = f96b0178bfe55bdd
parent_id = cb0a5d836992bb1b
start_time = 1682628698287741
end_time = 1682628698292432
inclusive_time = 4691
exclusive_time = 358
process_id = p1
operationName = ComposeReview
serviceName = nginx
call path = ->/wrk2-api/review/compose_nginx->/wrk2-api/review/compose_nginx
------------------------------------------------------------------------------------
span = 3
trace_id = 4141ab26bc21a7a7
span_id = b32868f3d1804f8b
parent_id = f96b0178bfe55bdd
start_time = 1682628698288989
end_time = 1682628698292334
inclusive_time = 3345
exclusive_time = 466
process_id = p4
operationName = UploadMovieId
serviceName = movie-id-service
call path = ->/wrk2-api/review/compose_nginx->/wrk2-api/review/compose_nginx->ComposeReview_nginx
------------------------------------------------------------------------------------
span = 4
trace_id = 4141ab26bc21a7a7
span_id = 0166ca2c87f784bf
parent_id = b32868f3d1804f8b
start_time = 1682628698289519
end_time = 1682628698292180
inclusive_time = 2661
exclusive_time = 1433
process_id = p3
operationName = UploadMovieId
serviceName = compose-review-service
call path = ->/wrk2-api/review/compose_nginx->/wrk2-api/review/compose_nginx->ComposeReview_nginx->UploadMovieId_movie-id-service
------------------------------------------------------------------------------------
span = 5
trace_id = 4141ab26bc21a7a7
span_id = 4074da198a950401
parent_id = 0166ca2c87f784bf
start_time = 1682628698290746
end_time = 1682628698291948
inclusive_time = 1202
exclusive_time = 23
process_id = p2
operationName = UploadUserReview
serviceName = user-review-service
call path = ->/wrk2-api/review/compose_nginx->/wrk2-api/review/compose_nginx->ComposeReview_nginx->UploadMovieId_movie-id-service->UploadMovieId_compose-review-service
------------------------------------------------------------------------------------
span = 6
trace_id = 4141ab26bc21a7a7
span_id = 0d7e2d7529ec9ccf
parent_id = 4074da198a950401
start_time = 1682628698290769
end_time = 1682628698291952
inclusive_time = 1183
exclusive_time = 1183
process_id = p2
operationName = MongoFindUser
serviceName = user-review-service
call path = ->/wrk2-api/review/compose_nginx->/wrk2-api/review/compose_nginx->ComposeReview_nginx->UploadMovieId_movie-id-service->UploadMovieId_compose-review-service->UploadUserReview_user-review-service
------------------------------------------------------------------------------------
span = 7
trace_id = 4141ab26bc21a7a7
span_id = d2e2e7fa2afa5a24
parent_id = b32868f3d1804f8b
start_time = 1682628698289252
end_time = 1682628698289361
inclusive_time = 109
exclusive_time = 109
process_id = p4
operationName = MmcSetMovieId
serviceName = movie-id-service
call path = ->/wrk2-api/review/compose_nginx->/wrk2-api/review/compose_nginx->ComposeReview_nginx->UploadMovieId_movie-id-service
------------------------------------------------------------------------------------
span = 8
trace_id = 4141ab26bc21a7a7
span_id = bac03b3e740dbc47
parent_id = b32868f3d1804f8b
start_time = 1682628698289010
end_time = 1682628698289119
inclusive_time = 109
exclusive_time = 109
process_id = p4
operationName = MmcGetMovieId
serviceName = movie-id-service
call path = ->/wrk2-api/review/compose_nginx->/wrk2-api/review/compose_nginx->ComposeReview_nginx->UploadMovieId_movie-id-service
------------------------------------------------------------------------------------
span = 9
trace_id = 4141ab26bc21a7a7
span_id = 64f38353ac530623
parent_id = f96b0178bfe55bdd
start_time = 1682628698288299
end_time = 1682628698288935
inclusive_time = 636
exclusive_time = 240
process_id = p5
operationName = UploadUniqueId
serviceName = unique-id-service
call path = ->/wrk2-api/review/compose_nginx->/wrk2-api/review/compose_nginx->ComposeReview_nginx
------------------------------------------------------------------------------------
span = 10
trace_id = 4141ab26bc21a7a7
span_id = 395ab597a5923b8a
parent_id = 64f38353ac530623
start_time = 1682628698288475
end_time = 1682628698288871
inclusive_time = 396
exclusive_time = 396
process_id = p3
operationName = UploadUniqueId
serviceName = compose-review-service
call path = ->/wrk2-api/review/compose_nginx->/wrk2-api/review/compose_nginx->ComposeReview_nginx->UploadUniqueId_unique-id-service
------------------------------------------------------------------------------------
