span = 0
span_id = fce475d58f1de77e
parent_id = None
start_time = 1682628698043000
end_time = 1682628698047183
inclusive_time = 4183
exclusive_time = 288
process_id = p8
operationName = /wrk2-api/review/compose
serviceName = nginx
------------------------------------------------------------------------------------
span = 1
span_id = ff4c5b8389795972
parent_id = fce475d58f1de77e
start_time = 1682628698043288
end_time = 1682628698047183
inclusive_time = 3895
exclusive_time = 175
process_id = p8
operationName = /wrk2-api/review/compose
serviceName = nginx
------------------------------------------------------------------------------------
span = 2
span_id = 65db5d1259287795
parent_id = ff4c5b8389795972
start_time = 1682628698043333
end_time = 1682628698047053
inclusive_time = 3720
exclusive_time = 268
process_id = p8
operationName = ComposeReview
serviceName = nginx
------------------------------------------------------------------------------------
span = 3
span_id = 825a3fb83763959a
parent_id = 65db5d1259287795
start_time = 1682628698043615
end_time = 1682628698046966
inclusive_time = 3351
exclusive_time = 462
process_id = p6
operationName = UploadMovieId
serviceName = movie-id-service
------------------------------------------------------------------------------------
span = 4
span_id = dc8c1ffe6a46f83a
parent_id = 825a3fb83763959a
start_time = 1682628698044171
end_time = 1682628698046828
inclusive_time = 2657
exclusive_time = 272
process_id = p7
operationName = UploadRating
serviceName = rating-service
------------------------------------------------------------------------------------
span = 5
span_id = ac98c788b23dd371
parent_id = dc8c1ffe6a46f83a
start_time = 1682628698044346
end_time = 1682628698046698
inclusive_time = 2352
exclusive_time = 1096
process_id = p1
operationName = UploadRating
serviceName = compose-review-service
------------------------------------------------------------------------------------
span = 6
span_id = d878c8368aa5a864
parent_id = ac98c788b23dd371
start_time = 1682628698045372
end_time = 1682628698046567
inclusive_time = 1195
exclusive_time = 27
process_id = p4
operationName = UploadMovieReview
serviceName = movie-review-service
------------------------------------------------------------------------------------
span = 7
span_id = 257ac21a802f633a
parent_id = d878c8368aa5a864
start_time = 1682628698045399
end_time = 1682628698046572
inclusive_time = 1173
exclusive_time = 1173
process_id = p4
operationName = MongoFindMovie
serviceName = movie-review-service
------------------------------------------------------------------------------------
span = 8
span_id = 3c12e96edd75ffe9
parent_id = 825a3fb83763959a
start_time = 1682628698043934
end_time = 1682628698044034
inclusive_time = 100
exclusive_time = 100
process_id = p6
operationName = MmcSetMovieId
serviceName = movie-id-service
------------------------------------------------------------------------------------
span = 9
span_id = 58d5f9632031c32a
parent_id = 825a3fb83763959a
start_time = 1682628698043633
end_time = 1682628698043740
inclusive_time = 107
exclusive_time = 107
process_id = p6
operationName = MmcGetMovieId
serviceName = movie-id-service
------------------------------------------------------------------------------------
