span 0
span_id = 3e7026baf051a81c
parent_id = None
start_time = 1682628698299000
end_time = 1682628698304587
inclusive_time = 5587
exclusive_time = 734
process_id = p1
operationName = /wrk2-api/review/compose
serviceName = None
------------------------------------------------------------------------------------
span 1
span_id = fbba6f576bb44d1f
parent_id = 3e7026baf051a81c
start_time = 1682628698299733
end_time = 1682628698304586
inclusive_time = 4853
exclusive_time = 436
process_id = p1
operationName = /wrk2-api/review/compose
serviceName = None
------------------------------------------------------------------------------------
span 2
span_id = 966e11b924f897c3
parent_id = fbba6f576bb44d1f
start_time = 1682628698299769
end_time = 1682628698304186
inclusive_time = 4417
exclusive_time = 297
process_id = p1
operationName = ComposeReview
serviceName = None
------------------------------------------------------------------------------------
span 3
span_id = 8a08a5bfeea95a03
parent_id = 966e11b924f897c3
start_time = 1682628698300039
end_time = 1682628698304058
inclusive_time = 4019
exclusive_time = 505
process_id = p4
operationName = UploadMovieId
serviceName = None
------------------------------------------------------------------------------------
span 4
span_id = 7bf24535f246c8b3
parent_id = 8a08a5bfeea95a03
start_time = 1682628698300803
end_time = 1682628698303902
inclusive_time = 3099
exclusive_time = 351
process_id = p10
operationName = UploadRating
serviceName = None
------------------------------------------------------------------------------------
span 5
span_id = 241a55728acad4f3
parent_id = 7bf24535f246c8b3
start_time = 1682628698301020
end_time = 1682628698303705
inclusive_time = 2685
exclusive_time = 1214
process_id = p3
operationName = UploadRating
serviceName = None
------------------------------------------------------------------------------------
span 6
span_id = 0cd1a02806ac59de
parent_id = 241a55728acad4f3
start_time = 1682628698302160
end_time = 1682628698303482
inclusive_time = 1322
exclusive_time = 17
process_id = p7
operationName = UploadMovieReview
serviceName = None
------------------------------------------------------------------------------------
span 7
span_id = 4099e244d16780f0
parent_id = 0cd1a02806ac59de
start_time = 1682628698302177
end_time = 1682628698303491
inclusive_time = 1314
exclusive_time = 1314
process_id = p7
operationName = MongoFindMovie
serviceName = None
------------------------------------------------------------------------------------
span 8
span_id = 39ef33794d887482
parent_id = 8a08a5bfeea95a03
start_time = 1682628698300057
end_time = 1682628698300213
inclusive_time = 156
exclusive_time = 156
process_id = p4
operationName = MmcGetMovieId
serviceName = None
------------------------------------------------------------------------------------
