span 0
span_id = 8a54d536e45d62e3
parent_id = None
start_time = 1682628698228000
end_time = 1682628698233060
inclusive_time = 5060
exclusive_time = 765
process_id = p5
operationName = /wrk2-api/review/compose
serviceName = None
------------------------------------------------------------------------------------
span 1
span_id = 0ecac7a77cdec623
parent_id = 8a54d536e45d62e3
start_time = 1682628698228764
end_time = 1682628698233059
inclusive_time = 4295
exclusive_time = 78
process_id = p5
operationName = /wrk2-api/review/compose
serviceName = None
------------------------------------------------------------------------------------
span 2
span_id = 7c24cd2fd2264361
parent_id = 0ecac7a77cdec623
start_time = 1682628698228798
end_time = 1682628698233015
inclusive_time = 4217
exclusive_time = 477
process_id = p5
operationName = ComposeReview
serviceName = None
------------------------------------------------------------------------------------
span 3
span_id = f3d345069d9a2037
parent_id = 7c24cd2fd2264361
start_time = 1682628698229034
end_time = 1682628698232711
inclusive_time = 3677
exclusive_time = 533
process_id = p2
operationName = UploadMovieId
serviceName = None
------------------------------------------------------------------------------------
span 4
span_id = bf5c256b4a1916a6
parent_id = f3d345069d9a2037
start_time = 1682628698229665
end_time = 1682628698232564
inclusive_time = 2899
exclusive_time = 361
process_id = p10
operationName = UploadRating
serviceName = None
------------------------------------------------------------------------------------
span 5
span_id = e9433544a4bc6714
parent_id = bf5c256b4a1916a6
start_time = 1682628698229892
end_time = 1682628698232430
inclusive_time = 2538
exclusive_time = 1246
process_id = p1
operationName = UploadRating
serviceName = None
------------------------------------------------------------------------------------
span 6
span_id = a7d4a5525e47e4e5
parent_id = e9433544a4bc6714
start_time = 1682628698230958
end_time = 1682628698232090
inclusive_time = 1132
exclusive_time = 21
process_id = p3
operationName = UploadMovieReview
serviceName = None
------------------------------------------------------------------------------------
span 7
span_id = 1c20a4e21e613d7e
parent_id = a7d4a5525e47e4e5
start_time = 1682628698230979
end_time = 1682628698232095
inclusive_time = 1116
exclusive_time = 1116
process_id = p3
operationName = MongoFindMovie
serviceName = None
------------------------------------------------------------------------------------
span 8
span_id = 640a904128dc415f
parent_id = f3d345069d9a2037
start_time = 1682628698229485
end_time = 1682628698229581
inclusive_time = 96
exclusive_time = 96
process_id = p2
operationName = MmcSetMovieId
serviceName = None
------------------------------------------------------------------------------------
span 9
span_id = cf707666960490fa
parent_id = f3d345069d9a2037
start_time = 1682628698229046
end_time = 1682628698229127
inclusive_time = 81
exclusive_time = 81
process_id = p2
operationName = MmcGetMovieId
serviceName = None
------------------------------------------------------------------------------------
