span = 0
span_id = 1bf86f6950a3a5ab
parent_id = None
start_time = 1682628698071000
end_time = 1682628698075505
inclusive_time = 4505
exclusive_time = 150
process_id = p1
operationName = /wrk2-api/review/compose
serviceName = nginx
------------------------------------------------------------------------------------
span = 1
span_id = 606fbbc68bfb3f6b
parent_id = 1bf86f6950a3a5ab
start_time = 1682628698071150
end_time = 1682628698075505
inclusive_time = 4355
exclusive_time = 86
process_id = p1
operationName = /wrk2-api/review/compose
serviceName = nginx
------------------------------------------------------------------------------------
span = 2
span_id = 259d24dfc9e8cb40
parent_id = 606fbbc68bfb3f6b
start_time = 1682628698071184
end_time = 1682628698075453
inclusive_time = 4269
exclusive_time = 1015
process_id = p1
operationName = ComposeReview
serviceName = nginx
------------------------------------------------------------------------------------
span = 3
span_id = 40f3338446161402
parent_id = 259d24dfc9e8cb40
start_time = 1682628698071472
end_time = 1682628698074615
inclusive_time = 3143
exclusive_time = 362
process_id = p5
operationName = UploadMovieId
serviceName = movie-id-service
------------------------------------------------------------------------------------
span = 4
span_id = 84dfa19b7988cc7d
parent_id = 40f3338446161402
start_time = 1682628698071941
end_time = 1682628698074505
inclusive_time = 2564
exclusive_time = 322
process_id = p7
operationName = UploadRating
serviceName = rating-service
------------------------------------------------------------------------------------
span = 5
span_id = ee420e610e2df3b8
parent_id = 84dfa19b7988cc7d
start_time = 1682628698072155
end_time = 1682628698074377
inclusive_time = 2222
exclusive_time = 755
process_id = p3
operationName = UploadRating
serviceName = compose-review-service
------------------------------------------------------------------------------------
span = 6
span_id = 1b6d382db4f00600
parent_id = ee420e610e2df3b8
start_time = 1682628698072991
end_time = 1682628698074289
inclusive_time = 1298
exclusive_time = 27
process_id = p2
operationName = UploadMovieReview
serviceName = movie-review-service
------------------------------------------------------------------------------------
span = 7
span_id = 634c8c6f01145496
parent_id = 1b6d382db4f00600
start_time = 1682628698073018
end_time = 1682628698074292
inclusive_time = 1274
exclusive_time = 1274
process_id = p2
operationName = MongoFindMovie
serviceName = movie-review-service
------------------------------------------------------------------------------------
span = 8
span_id = bd169dc60ba8eae3
parent_id = 40f3338446161402
start_time = 1682628698071786
end_time = 1682628698071876
inclusive_time = 90
exclusive_time = 90
process_id = p5
operationName = MmcSetMovieId
serviceName = movie-id-service
------------------------------------------------------------------------------------
span = 9
span_id = 8281c7ecf5566e86
parent_id = 40f3338446161402
start_time = 1682628698071489
end_time = 1682628698071584
inclusive_time = 95
exclusive_time = 95
process_id = p5
operationName = MmcGetMovieId
serviceName = movie-id-service
------------------------------------------------------------------------------------
