span = 0
trace_id = 43e8cb311ec64afb
span_id = 43e8cb311ec64afb
parent_id = None
start_time = 1682628698324000
end_time = 1682628698329488
inclusive_time = 5488
exclusive_time = 767
process_id = p10
operationName = /wrk2-api/review/compose
serviceName = nginx
------------------------------------------------------------------------------------
span = 1
trace_id = 43e8cb311ec64afb
span_id = a5bd85f035b202ff
parent_id = 43e8cb311ec64afb
start_time = 1682628698324766
end_time = 1682628698329487
inclusive_time = 4721
exclusive_time = 169
process_id = p10
operationName = /wrk2-api/review/compose
serviceName = nginx
------------------------------------------------------------------------------------
span = 2
trace_id = 43e8cb311ec64afb
span_id = 11ab67af4407b9db
parent_id = a5bd85f035b202ff
start_time = 1682628698324813
end_time = 1682628698329365
inclusive_time = 4552
exclusive_time = 263
process_id = p10
operationName = ComposeReview
serviceName = nginx
------------------------------------------------------------------------------------
span = 3
trace_id = 43e8cb311ec64afb
span_id = cf7486f0ee0c73e5
parent_id = 11ab67af4407b9db
start_time = 1682628698325110
end_time = 1682628698329296
inclusive_time = 4186
exclusive_time = 340
process_id = p1
operationName = UploadMovieId
serviceName = movie-id-service
------------------------------------------------------------------------------------
span = 4
trace_id = 43e8cb311ec64afb
span_id = 9499f97c4d7a47f4
parent_id = cf7486f0ee0c73e5
start_time = 1682628698325674
end_time = 1682628698329132
inclusive_time = 3458
exclusive_time = 293
process_id = p9
operationName = UploadRating
serviceName = rating-service
------------------------------------------------------------------------------------
span = 5
trace_id = 43e8cb311ec64afb
span_id = 00edd447163ebcae
parent_id = 9499f97c4d7a47f4
start_time = 1682628698325911
end_time = 1682628698328993
inclusive_time = 3082
exclusive_time = 1863
process_id = p2
operationName = UploadRating
serviceName = compose-review-service
------------------------------------------------------------------------------------
span = 6
trace_id = 43e8cb311ec64afb
span_id = 314d153c4d1e6d12
parent_id = 00edd447163ebcae
start_time = 1682628698327681
end_time = 1682628698328853
inclusive_time = 1172
exclusive_time = 18
process_id = p6
operationName = UploadUserReview
serviceName = user-review-service
------------------------------------------------------------------------------------
span = 7
trace_id = 43e8cb311ec64afb
span_id = 711f210e7dd95c4f
parent_id = 314d153c4d1e6d12
start_time = 1682628698327699
end_time = 1682628698328856
inclusive_time = 1157
exclusive_time = 1157
process_id = p6
operationName = MongoFindUser
serviceName = user-review-service
------------------------------------------------------------------------------------
span = 8
trace_id = 43e8cb311ec64afb
span_id = 9223106e5ee81344
parent_id = cf7486f0ee0c73e5
start_time = 1682628698325449
end_time = 1682628698325585
inclusive_time = 136
exclusive_time = 136
process_id = p1
operationName = MmcSetMovieId
serviceName = movie-id-service
------------------------------------------------------------------------------------
span = 9
trace_id = 43e8cb311ec64afb
span_id = f087830fd16df640
parent_id = cf7486f0ee0c73e5
start_time = 1682628698325122
end_time = 1682628698325322
inclusive_time = 200
exclusive_time = 200
process_id = p1
operationName = MmcGetMovieId
serviceName = movie-id-service
------------------------------------------------------------------------------------
