span 0
span_id = 252df472800a7be0
parent_id = None
start_time = 1682628698016000
end_time = 1682628698021126
inclusive_time = 5126
exclusive_time = 860
process_id = p3
operationName = /wrk2-api/review/compose
serviceName = None
------------------------------------------------------------------------------------
span 1
span_id = 4764e57da593697f
parent_id = 252df472800a7be0
start_time = 1682628698016860
end_time = 1682628698021126
inclusive_time = 4266
exclusive_time = 107
process_id = p3
operationName = /wrk2-api/review/compose
serviceName = None
------------------------------------------------------------------------------------
span 2
span_id = 7c864e8a50974a41
parent_id = 4764e57da593697f
start_time = 1682628698016907
end_time = 1682628698021066
inclusive_time = 4159
exclusive_time = 295
process_id = p3
operationName = ComposeReview
serviceName = None
------------------------------------------------------------------------------------
span 3
span_id = 7d5ccc2c8af4c026
parent_id = 7c864e8a50974a41
start_time = 1682628698017251
end_time = 1682628698020970
inclusive_time = 3719
exclusive_time = 325
process_id = p2
operationName = UploadMovieId
serviceName = None
------------------------------------------------------------------------------------
span 4
span_id = 7cddd5500d01771d
parent_id = 7d5ccc2c8af4c026
start_time = 1682628698017767
end_time = 1682628698020837
inclusive_time = 3070
exclusive_time = 308
process_id = p9
operationName = UploadRating
serviceName = None
------------------------------------------------------------------------------------
span 5
span_id = 4c22d863219929ac
parent_id = 7cddd5500d01771d
start_time = 1682628698017943
end_time = 1682628698020705
inclusive_time = 2762
exclusive_time = 1037
process_id = p5
operationName = UploadRating
serviceName = None
------------------------------------------------------------------------------------
span 6
span_id = 7d50aff0095ec710
parent_id = 4c22d863219929ac
start_time = 1682628698018996
end_time = 1682628698020570
inclusive_time = 1574
exclusive_time = 33
process_id = p6
operationName = UploadUserReview
serviceName = None
------------------------------------------------------------------------------------
span 7
span_id = d047f8a283527404
parent_id = 7d50aff0095ec710
start_time = 1682628698019029
end_time = 1682628698020575
inclusive_time = 1546
exclusive_time = 1546
process_id = p6
operationName = MongoFindUser
serviceName = None
------------------------------------------------------------------------------------
span 8
span_id = f65de6d697c63dd9
parent_id = 7d5ccc2c8af4c026
start_time = 1682628698017551
end_time = 1682628698017655
inclusive_time = 104
exclusive_time = 104
process_id = p2
operationName = MmcSetMovieId
serviceName = None
------------------------------------------------------------------------------------
span 9
span_id = 7ddf254b0c1333de
parent_id = 7d5ccc2c8af4c026
start_time = 1682628698017272
end_time = 1682628698017386
inclusive_time = 114
exclusive_time = 114
process_id = p2
operationName = MmcGetMovieId
serviceName = None
------------------------------------------------------------------------------------
