span = 0
trace_id = ad248a383f9e5e4c
span_id = ad248a383f9e5e4c
parent_id = None
start_time = 1682628698165000
end_time = 1682628698169830
inclusive_time = 4830
exclusive_time = 492
process_id = p4
operationName = /wrk2-api/review/compose
serviceName = nginx
------------------------------------------------------------------------------------
span = 1
trace_id = ad248a383f9e5e4c
span_id = 1f5b8f6f7fe3b55b
parent_id = ad248a383f9e5e4c
start_time = 1682628698165492
end_time = 1682628698169830
inclusive_time = 4338
exclusive_time = 120
process_id = p4
operationName = /wrk2-api/review/compose
serviceName = nginx
------------------------------------------------------------------------------------
span = 2
trace_id = ad248a383f9e5e4c
span_id = 109e50020558f7d5
parent_id = 1f5b8f6f7fe3b55b
start_time = 1682628698165557
end_time = 1682628698169775
inclusive_time = 4218
exclusive_time = 327
process_id = p4
operationName = ComposeReview
serviceName = nginx
------------------------------------------------------------------------------------
span = 3
trace_id = ad248a383f9e5e4c
span_id = efcc779e3b4bc57f
parent_id = 109e50020558f7d5
start_time = 1682628698165952
end_time = 1682628698169690
inclusive_time = 3738
exclusive_time = 360
process_id = p7
operationName = UploadMovieId
serviceName = movie-id-service
------------------------------------------------------------------------------------
span = 4
trace_id = ad248a383f9e5e4c
span_id = c29ed44f8e5d8190
parent_id = efcc779e3b4bc57f
start_time = 1682628698166396
end_time = 1682628698169527
inclusive_time = 3131
exclusive_time = 413
process_id = p1
operationName = UploadRating
serviceName = rating-service
------------------------------------------------------------------------------------
span = 5
trace_id = ad248a383f9e5e4c
span_id = 34e1e1b58d4adb9c
parent_id = c29ed44f8e5d8190
start_time = 1682628698166720
end_time = 1682628698169295
inclusive_time = 2575
exclusive_time = 1085
process_id = p2
operationName = UploadRating
serviceName = compose-review-service
------------------------------------------------------------------------------------
span = 6
trace_id = ad248a383f9e5e4c
span_id = d2432ebbf12ab41c
parent_id = 34e1e1b58d4adb9c
start_time = 1682628698167834
end_time = 1682628698169160
inclusive_time = 1326
exclusive_time = 27
process_id = p3
operationName = UploadMovieReview
serviceName = movie-review-service
------------------------------------------------------------------------------------
span = 7
trace_id = ad248a383f9e5e4c
span_id = a60c81c39ae70737
parent_id = d2432ebbf12ab41c
start_time = 1682628698167861
end_time = 1682628698169165
inclusive_time = 1304
exclusive_time = 1304
process_id = p3
operationName = MongoFindMovie
serviceName = movie-review-service
------------------------------------------------------------------------------------
span = 8
trace_id = ad248a383f9e5e4c
span_id = db9e80d1b1a6d9ca
parent_id = efcc779e3b4bc57f
start_time = 1682628698166255
end_time = 1682628698166347
inclusive_time = 92
exclusive_time = 92
process_id = p7
operationName = MmcSetMovieId
serviceName = movie-id-service
------------------------------------------------------------------------------------
span = 9
trace_id = ad248a383f9e5e4c
span_id = 0295d57a80ab1975
parent_id = efcc779e3b4bc57f
start_time = 1682628698165969
end_time = 1682628698166108
inclusive_time = 139
exclusive_time = 139
process_id = p7
operationName = MmcGetMovieId
serviceName = movie-id-service
------------------------------------------------------------------------------------
