span = 0
span_id = 79e19d51483a24b6
parent_id = None
start_time = 1682628697959000
end_time = 1682628697964041
inclusive_time = 5041
exclusive_time = 338
process_id = p7
operationName = /wrk2-api/review/compose
serviceName = nginx
------------------------------------------------------------------------------------
span = 1
span_id = 49cea1e90d451879
parent_id = 79e19d51483a24b6
start_time = 1682628697959338
end_time = 1682628697964041
inclusive_time = 4703
exclusive_time = 87
process_id = p7
operationName = /wrk2-api/review/compose
serviceName = nginx
------------------------------------------------------------------------------------
span = 2
span_id = cdc49d34f67d8c27
parent_id = 49cea1e90d451879
start_time = 1682628697959375
end_time = 1682628697963991
inclusive_time = 4616
exclusive_time = 260
process_id = p7
operationName = ComposeReview
serviceName = nginx
------------------------------------------------------------------------------------
span = 3
span_id = 95f24f361cb75862
parent_id = cdc49d34f67d8c27
start_time = 1682628697959687
end_time = 1682628697963910
inclusive_time = 4223
exclusive_time = 338
process_id = p6
operationName = UploadMovieId
serviceName = movie-id-service
------------------------------------------------------------------------------------
span = 4
span_id = 70d0552ef508aa8d
parent_id = 95f24f361cb75862
start_time = 1682628697960657
end_time = 1682628697963774
inclusive_time = 3117
exclusive_time = 357
process_id = p3
operationName = UploadRating
serviceName = rating-service
------------------------------------------------------------------------------------
span = 5
span_id = 9dacf6e3e554c766
parent_id = 70d0552ef508aa8d
start_time = 1682628697961152
end_time = 1682628697963659
inclusive_time = 2507
exclusive_time = 1046
process_id = p2
operationName = UploadRating
serviceName = compose-review-service
------------------------------------------------------------------------------------
span = 6
span_id = 2ceb9358f891a702
parent_id = 9dacf6e3e554c766
start_time = 1682628697962052
end_time = 1682628697963384
inclusive_time = 1332
exclusive_time = 30
process_id = p1
operationName = UploadUserReview
serviceName = user-review-service
------------------------------------------------------------------------------------
span = 7
span_id = 68faecab507522a0
parent_id = 2ceb9358f891a702
start_time = 1682628697962082
end_time = 1682628697963392
inclusive_time = 1310
exclusive_time = 1310
process_id = p1
operationName = MongoFindUser
serviceName = user-review-service
------------------------------------------------------------------------------------
span = 8
span_id = 7a90092c8dbfcc65
parent_id = 95f24f361cb75862
start_time = 1682628697960404
end_time = 1682628697960579
inclusive_time = 175
exclusive_time = 175
process_id = p6
operationName = MmcSetMovieId
serviceName = movie-id-service
------------------------------------------------------------------------------------
span = 9
span_id = 90151fdd5b047ec7
parent_id = 95f24f361cb75862
start_time = 1682628697959704
end_time = 1682628697960240
inclusive_time = 536
exclusive_time = 536
process_id = p6
operationName = MmcGetMovieId
serviceName = movie-id-service
------------------------------------------------------------------------------------
