span = 0
trace_id = ad57d8f366ee7bca
span_id = ad57d8f366ee7bca
parent_id = None
start_time = 1682628698004000
end_time = 1682628698010041
inclusive_time = 6041
exclusive_time = 699
process_id = p3
operationName = /wrk2-api/review/compose
serviceName = nginx
call path = 
------------------------------------------------------------------------------------
span = 1
trace_id = ad57d8f366ee7bca
span_id = c946f077388aca78
parent_id = ad57d8f366ee7bca
start_time = 1682628698004699
end_time = 1682628698010041
inclusive_time = 5342
exclusive_time = 120
process_id = p3
operationName = /wrk2-api/review/compose
serviceName = nginx
call path = ->/wrk2-api/review/compose_nginx
------------------------------------------------------------------------------------
span = 2
trace_id = ad57d8f366ee7bca
span_id = 8c12ba46f1806696
parent_id = c946f077388aca78
start_time = 1682628698004748
end_time = 1682628698009970
inclusive_time = 5222
exclusive_time = 466
process_id = p3
operationName = ComposeReview
serviceName = nginx
call path = ->/wrk2-api/review/compose_nginx->/wrk2-api/review/compose_nginx
------------------------------------------------------------------------------------
span = 3
trace_id = ad57d8f366ee7bca
span_id = bb5ca3d5ba3bcf4c
parent_id = 8c12ba46f1806696
start_time = 1682628698005103
end_time = 1682628698009859
inclusive_time = 4756
exclusive_time = 291
process_id = p2
operationName = UploadMovieId
serviceName = movie-id-service
call path = ->/wrk2-api/review/compose_nginx->/wrk2-api/review/compose_nginx->ComposeReview_nginx
------------------------------------------------------------------------------------
span = 4
trace_id = ad57d8f366ee7bca
span_id = 502876b6072ab65a
parent_id = bb5ca3d5ba3bcf4c
start_time = 1682628698005670
end_time = 1682628698009724
inclusive_time = 4054
exclusive_time = 329
process_id = p9
operationName = UploadRating
serviceName = rating-service
call path = ->/wrk2-api/review/compose_nginx->/wrk2-api/review/compose_nginx->ComposeReview_nginx->UploadMovieId_movie-id-service
------------------------------------------------------------------------------------
span = 5
trace_id = ad57d8f366ee7bca
span_id = 02e4794542dd95ae
parent_id = 502876b6072ab65a
start_time = 1682628698005910
end_time = 1682628698009562
inclusive_time = 3652
exclusive_time = 2095
process_id = p5
operationName = UploadRating
serviceName = compose-review-service
call path = ->/wrk2-api/review/compose_nginx->/wrk2-api/review/compose_nginx->ComposeReview_nginx->UploadMovieId_movie-id-service->UploadRating_rating-service
------------------------------------------------------------------------------------
span = 6
trace_id = ad57d8f366ee7bca
span_id = e0bac22ca59ed1d9
parent_id = 02e4794542dd95ae
start_time = 1682628698007418
end_time = 1682628698008878
inclusive_time = 1460
exclusive_time = 29
process_id = p1
operationName = UploadMovieReview
serviceName = movie-review-service
call path = ->/wrk2-api/review/compose_nginx->/wrk2-api/review/compose_nginx->ComposeReview_nginx->UploadMovieId_movie-id-service->UploadRating_rating-service->UploadRating_compose-review-service
------------------------------------------------------------------------------------
span = 7
trace_id = ad57d8f366ee7bca
span_id = d4f30bd7483ceaf4
parent_id = e0bac22ca59ed1d9
start_time = 1682628698007447
end_time = 1682628698009338
inclusive_time = 1891
exclusive_time = 1891
process_id = p1
operationName = MongoFindMovie
serviceName = movie-review-service
call path = ->/wrk2-api/review/compose_nginx->/wrk2-api/review/compose_nginx->ComposeReview_nginx->UploadMovieId_movie-id-service->UploadRating_rating-service->UploadRating_compose-review-service->UploadMovieReview_movie-review-service
------------------------------------------------------------------------------------
span = 8
trace_id = ad57d8f366ee7bca
span_id = fe3d1cbefbe8f03a
parent_id = bb5ca3d5ba3bcf4c
start_time = 1682628698005121
end_time = 1682628698005261
inclusive_time = 140
exclusive_time = 140
process_id = p2
operationName = MmcGetMovieId
serviceName = movie-id-service
call path = ->/wrk2-api/review/compose_nginx->/wrk2-api/review/compose_nginx->ComposeReview_nginx->UploadMovieId_movie-id-service
------------------------------------------------------------------------------------
