span 0
span_id = e8934fc0277560c1
parent_id = None
start_time = 1682628698054000
end_time = 1682628698058208
inclusive_time = 4208
exclusive_time = 325
process_id = p3
operationName = /wrk2-api/review/compose
serviceName = None
------------------------------------------------------------------------------------
span 1
span_id = ffe1dc7671566f27
parent_id = e8934fc0277560c1
start_time = 1682628698054325
end_time = 1682628698058208
inclusive_time = 3883
exclusive_time = 96
process_id = p3
operationName = /wrk2-api/review/compose
serviceName = None
------------------------------------------------------------------------------------
span 2
span_id = 892cc4acfc78bccd
parent_id = ffe1dc7671566f27
start_time = 1682628698054366
end_time = 1682628698058153
inclusive_time = 3787
exclusive_time = 506
process_id = p3
operationName = ComposeReview
serviceName = None
------------------------------------------------------------------------------------
span 3
span_id = 74378a2cff825834
parent_id = 892cc4acfc78bccd
start_time = 1682628698054626
end_time = 1682628698057821
inclusive_time = 3195
exclusive_time = 463
process_id = p7
operationName = UploadMovieId
serviceName = None
------------------------------------------------------------------------------------
span 4
span_id = 2894d370c6f3f9e4
parent_id = 74378a2cff825834
start_time = 1682628698055194
end_time = 1682628698057715
inclusive_time = 2521
exclusive_time = 1270
process_id = p5
operationName = UploadMovieId
serviceName = None
------------------------------------------------------------------------------------
span 5
span_id = 98b03f982d08caae
parent_id = 2894d370c6f3f9e4
start_time = 1682628698056420
end_time = 1682628698057599
inclusive_time = 1179
exclusive_time = 16
process_id = p4
operationName = UploadMovieReview
serviceName = None
------------------------------------------------------------------------------------
span 6
span_id = b5186fab19680e26
parent_id = 98b03f982d08caae
start_time = 1682628698056436
end_time = 1682628698057603
inclusive_time = 1167
exclusive_time = 1167
process_id = p4
operationName = MongoFindMovie
serviceName = None
------------------------------------------------------------------------------------
span 7
span_id = ba599030d5f3f314
parent_id = 74378a2cff825834
start_time = 1682628698054939
end_time = 1682628698055044
inclusive_time = 105
exclusive_time = 105
process_id = p7
operationName = MmcSetMovieId
serviceName = None
------------------------------------------------------------------------------------
span 8
span_id = ecc1c5838385cb36
parent_id = 74378a2cff825834
start_time = 1682628698054638
end_time = 1682628698054744
inclusive_time = 106
exclusive_time = 106
process_id = p7
operationName = MmcGetMovieId
serviceName = None
------------------------------------------------------------------------------------
