span = 0
trace_id = 82fbcbe53ce5dd5e
span_id = 82fbcbe53ce5dd5e
parent_id = None
start_time = 1682628697958000
end_time = 1682628697962425
inclusive_time = 4425
exclusive_time = 318
process_id = p7
operationName = /wrk2-api/review/compose
serviceName = nginx
call path = 
------------------------------------------------------------------------------------
span = 1
trace_id = 82fbcbe53ce5dd5e
span_id = 2458c12623aac802
parent_id = 82fbcbe53ce5dd5e
start_time = 1682628697958317
end_time = 1682628697962424
inclusive_time = 4107
exclusive_time = 100
process_id = p7
operationName = /wrk2-api/review/compose
serviceName = nginx
call path = ->/wrk2-api/review/compose_nginx
------------------------------------------------------------------------------------
span = 2
trace_id = 82fbcbe53ce5dd5e
span_id = c8b94a588204c516
parent_id = 2458c12623aac802
start_time = 1682628697958356
end_time = 1682628697962363
inclusive_time = 4007
exclusive_time = 323
process_id = p7
operationName = ComposeReview
serviceName = nginx
call path = ->/wrk2-api/review/compose_nginx->/wrk2-api/review/compose_nginx
------------------------------------------------------------------------------------
span = 3
trace_id = 82fbcbe53ce5dd5e
span_id = 4b20f89a57a0b31c
parent_id = c8b94a588204c516
start_time = 1682628697958720
end_time = 1682628697962257
inclusive_time = 3537
exclusive_time = 287
process_id = p6
operationName = UploadMovieId
serviceName = movie-id-service
call path = ->/wrk2-api/review/compose_nginx->/wrk2-api/review/compose_nginx->ComposeReview_nginx
------------------------------------------------------------------------------------
span = 4
trace_id = 82fbcbe53ce5dd5e
span_id = 889870668332c6ce
parent_id = 4b20f89a57a0b31c
start_time = 1682628697959401
end_time = 1682628697962126
inclusive_time = 2725
exclusive_time = 315
process_id = p3
operationName = UploadRating
serviceName = rating-service
call path = ->/wrk2-api/review/compose_nginx->/wrk2-api/review/compose_nginx->ComposeReview_nginx->UploadMovieId_movie-id-service
------------------------------------------------------------------------------------
span = 5
trace_id = 82fbcbe53ce5dd5e
span_id = 15900ddacc49282d
parent_id = 889870668332c6ce
start_time = 1682628697959584
end_time = 1682628697961994
inclusive_time = 2410
exclusive_time = 1217
process_id = p2
operationName = UploadRating
serviceName = compose-review-service
call path = ->/wrk2-api/review/compose_nginx->/wrk2-api/review/compose_nginx->ComposeReview_nginx->UploadMovieId_movie-id-service->UploadRating_rating-service
------------------------------------------------------------------------------------
span = 6
trace_id = 82fbcbe53ce5dd5e
span_id = 993e894728f8c0f3
parent_id = 15900ddacc49282d
start_time = 1682628697960560
end_time = 1682628697961746
inclusive_time = 1186
exclusive_time = 33
process_id = p1
operationName = UploadUserReview
serviceName = user-review-service
call path = ->/wrk2-api/review/compose_nginx->/wrk2-api/review/compose_nginx->ComposeReview_nginx->UploadMovieId_movie-id-service->UploadRating_rating-service->UploadRating_compose-review-service
------------------------------------------------------------------------------------
span = 7
trace_id = 82fbcbe53ce5dd5e
span_id = 79a99eda106995d7
parent_id = 993e894728f8c0f3
start_time = 1682628697960593
end_time = 1682628697961751
inclusive_time = 1158
exclusive_time = 1158
process_id = p1
operationName = MongoFindUser
serviceName = user-review-service
call path = ->/wrk2-api/review/compose_nginx->/wrk2-api/review/compose_nginx->ComposeReview_nginx->UploadMovieId_movie-id-service->UploadRating_rating-service->UploadRating_compose-review-service->UploadUserReview_user-review-service
------------------------------------------------------------------------------------
span = 8
trace_id = 82fbcbe53ce5dd5e
span_id = 3e08bb1843fe61e4
parent_id = 4b20f89a57a0b31c
start_time = 1682628697959038
end_time = 1682628697959295
inclusive_time = 257
exclusive_time = 257
process_id = p6
operationName = MmcSetMovieId
serviceName = movie-id-service
call path = ->/wrk2-api/review/compose_nginx->/wrk2-api/review/compose_nginx->ComposeReview_nginx->UploadMovieId_movie-id-service
------------------------------------------------------------------------------------
span = 9
trace_id = 82fbcbe53ce5dd5e
span_id = bc5bdd2425e80019
parent_id = 4b20f89a57a0b31c
start_time = 1682628697958736
end_time = 1682628697958898
inclusive_time = 162
exclusive_time = 162
process_id = p6
operationName = MmcGetMovieId
serviceName = movie-id-service
call path = ->/wrk2-api/review/compose_nginx->/wrk2-api/review/compose_nginx->ComposeReview_nginx->UploadMovieId_movie-id-service
------------------------------------------------------------------------------------
