span = 0
trace_id = 72b11437dab44821
span_id = 72b11437dab44821
parent_id = None
start_time = 1682628698107000
end_time = 1682628698111719
inclusive_time = 4719
exclusive_time = 754
process_id = p6
operationName = /wrk2-api/review/compose
serviceName = nginx
------------------------------------------------------------------------------------
span = 1
trace_id = 72b11437dab44821
span_id = 4bc046f5edc590cf
parent_id = 72b11437dab44821
start_time = 1682628698107754
end_time = 1682628698111719
inclusive_time = 3965
exclusive_time = 109
process_id = p6
operationName = /wrk2-api/review/compose
serviceName = nginx
------------------------------------------------------------------------------------
span = 2
trace_id = 72b11437dab44821
span_id = 1280c1ee6ec3e601
parent_id = 4bc046f5edc590cf
start_time = 1682628698107789
end_time = 1682628698111645
inclusive_time = 3856
exclusive_time = 313
process_id = p6
operationName = ComposeReview
serviceName = nginx
------------------------------------------------------------------------------------
span = 3
trace_id = 72b11437dab44821
span_id = b08174eaf0f28acf
parent_id = 1280c1ee6ec3e601
start_time = 1682628698108193
end_time = 1682628698111531
inclusive_time = 3338
exclusive_time = 310
process_id = p3
operationName = UploadMovieId
serviceName = movie-id-service
------------------------------------------------------------------------------------
span = 4
trace_id = 72b11437dab44821
span_id = a5ae5bd002ef673d
parent_id = b08174eaf0f28acf
start_time = 1682628698108619
end_time = 1682628698111413
inclusive_time = 2794
exclusive_time = 303
process_id = p5
operationName = UploadRating
serviceName = rating-service
------------------------------------------------------------------------------------
span = 5
trace_id = 72b11437dab44821
span_id = 87fafdc11be331cb
parent_id = a5ae5bd002ef673d
start_time = 1682628698108879
end_time = 1682628698111295
inclusive_time = 2416
exclusive_time = 1105
process_id = p1
operationName = UploadRating
serviceName = compose-review-service
------------------------------------------------------------------------------------
span = 6
trace_id = 72b11437dab44821
span_id = 9438f9fa2dd3859a
parent_id = 87fafdc11be331cb
start_time = 1682628698109924
end_time = 1682628698111123
inclusive_time = 1199
exclusive_time = 23
process_id = p4
operationName = UploadUserReview
serviceName = user-review-service
------------------------------------------------------------------------------------
span = 7
trace_id = 72b11437dab44821
span_id = 9a713be1fcbdc108
parent_id = 9438f9fa2dd3859a
start_time = 1682628698109947
end_time = 1682628698111163
inclusive_time = 1216
exclusive_time = 1216
process_id = p4
operationName = MongoFindUser
serviceName = user-review-service
------------------------------------------------------------------------------------
span = 8
trace_id = 72b11437dab44821
span_id = aa3ab6b1ca063576
parent_id = b08174eaf0f28acf
start_time = 1682628698108435
end_time = 1682628698108566
inclusive_time = 131
exclusive_time = 131
process_id = p3
operationName = MmcSetMovieId
serviceName = movie-id-service
------------------------------------------------------------------------------------
span = 9
trace_id = 72b11437dab44821
span_id = 75d2adcccee87ad7
parent_id = b08174eaf0f28acf
start_time = 1682628698108203
end_time = 1682628698108288
inclusive_time = 85
exclusive_time = 85
process_id = p3
operationName = MmcGetMovieId
serviceName = movie-id-service
------------------------------------------------------------------------------------
