span = 0
span_id = c0f445ff4bf27d1a
parent_id = None
start_time = 1682628698167000
end_time = 1682628698171348
inclusive_time = 4348
exclusive_time = 295
process_id = p4
operationName = /wrk2-api/review/compose
serviceName = nginx
------------------------------------------------------------------------------------
span = 1
span_id = 738081f35c7318a3
parent_id = c0f445ff4bf27d1a
start_time = 1682628698167295
end_time = 1682628698171348
inclusive_time = 4053
exclusive_time = 115
process_id = p4
operationName = /wrk2-api/review/compose
serviceName = nginx
------------------------------------------------------------------------------------
span = 2
span_id = 9570ff143327b392
parent_id = 738081f35c7318a3
start_time = 1682628698167334
end_time = 1682628698171272
inclusive_time = 3938
exclusive_time = 289
process_id = p4
operationName = ComposeReview
serviceName = nginx
------------------------------------------------------------------------------------
span = 3
span_id = 311b1710901ec73e
parent_id = 9570ff143327b392
start_time = 1682628698167618
end_time = 1682628698171165
inclusive_time = 3547
exclusive_time = 382
process_id = p7
operationName = UploadMovieId
serviceName = movie-id-service
------------------------------------------------------------------------------------
span = 4
span_id = d7c52cf985676fe7
parent_id = 311b1710901ec73e
start_time = 1682628698168074
end_time = 1682628698171033
inclusive_time = 2959
exclusive_time = 219
process_id = p1
operationName = UploadRating
serviceName = rating-service
------------------------------------------------------------------------------------
span = 5
span_id = 3abf27010c7acd07
parent_id = d7c52cf985676fe7
start_time = 1682628698168221
end_time = 1682628698170926
inclusive_time = 2705
exclusive_time = 1179
process_id = p2
operationName = UploadRating
serviceName = compose-review-service
------------------------------------------------------------------------------------
span = 6
span_id = 426b981d8685b552
parent_id = 3abf27010c7acd07
start_time = 1682628698169436
end_time = 1682628698170761
inclusive_time = 1325
exclusive_time = 28
process_id = p3
operationName = UploadMovieReview
serviceName = movie-review-service
------------------------------------------------------------------------------------
span = 7
span_id = 19bef448ecfb2b91
parent_id = 426b981d8685b552
start_time = 1682628698169464
end_time = 1682628698170765
inclusive_time = 1301
exclusive_time = 1301
process_id = p3
operationName = MongoFindMovie
serviceName = movie-review-service
------------------------------------------------------------------------------------
span = 8
span_id = 82382f27f5571643
parent_id = 311b1710901ec73e
start_time = 1682628698167635
end_time = 1682628698167739
inclusive_time = 104
exclusive_time = 104
process_id = p7
operationName = MmcGetMovieId
serviceName = movie-id-service
------------------------------------------------------------------------------------
