span = 0
span_id = 0059f47d298a3d46
parent_id = None
start_time = 1682628697870000
end_time = 1682628697874148
inclusive_time = 4148
exclusive_time = 904
process_id = p3
operationName = /wrk2-api/review/compose
serviceName = nginx
------------------------------------------------------------------------------------
span = 1
span_id = 023ab3db96d7745a
parent_id = 0059f47d298a3d46
start_time = 1682628697870904
end_time = 1682628697874148
inclusive_time = 3244
exclusive_time = 99
process_id = p3
operationName = /wrk2-api/review/compose
serviceName = nginx
------------------------------------------------------------------------------------
span = 2
span_id = 88c1a54fdb04f6c3
parent_id = 023ab3db96d7745a
start_time = 1682628697870947
end_time = 1682628697874092
inclusive_time = 3145
exclusive_time = 273
process_id = p3
operationName = ComposeReview
serviceName = nginx
------------------------------------------------------------------------------------
span = 3
span_id = 19bd2580e081feb1
parent_id = 88c1a54fdb04f6c3
start_time = 1682628697871539
end_time = 1682628697874006
inclusive_time = 2467
exclusive_time = 168
process_id = p9
operationName = UploadText
serviceName = text-service
------------------------------------------------------------------------------------
span = 4
span_id = 67bb9d1fcc939de8
parent_id = 19bd2580e081feb1
start_time = 1682628697871643
end_time = 1682628697873942
inclusive_time = 2299
exclusive_time = 1119
process_id = p4
operationName = UploadText
serviceName = compose-review-service
------------------------------------------------------------------------------------
span = 5
span_id = 1c4cc349539f4fa9
parent_id = 67bb9d1fcc939de8
start_time = 1682628697872642
end_time = 1682628697873784
inclusive_time = 1142
exclusive_time = 18
process_id = p2
operationName = UploadUserReview
serviceName = user-review-service
------------------------------------------------------------------------------------
span = 6
span_id = dafe035a47e5fbd7
parent_id = 1c4cc349539f4fa9
start_time = 1682628697872660
end_time = 1682628697873789
inclusive_time = 1129
exclusive_time = 1129
process_id = p2
operationName = MongoFindUser
serviceName = user-review-service
------------------------------------------------------------------------------------
