span = 0
trace_id = 5960ad580b3c95a3
span_id = 5960ad580b3c95a3
parent_id = None
start_time = 1682628698165000
end_time = 1682628698170546
inclusive_time = 5546
exclusive_time = 962
process_id = p8
operationName = /wrk2-api/review/compose
serviceName = nginx
call path = 
------------------------------------------------------------------------------------
span = 1
trace_id = 5960ad580b3c95a3
span_id = 7fe8afad1415d585
parent_id = 5960ad580b3c95a3
start_time = 1682628698165962
end_time = 1682628698170546
inclusive_time = 4584
exclusive_time = 98
process_id = p8
operationName = /wrk2-api/review/compose
serviceName = nginx
call path = ->/wrk2-api/review/compose_nginx
------------------------------------------------------------------------------------
span = 2
trace_id = 5960ad580b3c95a3
span_id = 6e17d4e900436bc0
parent_id = 7fe8afad1415d585
start_time = 1682628698166002
end_time = 1682628698170488
inclusive_time = 4486
exclusive_time = 253
process_id = p8
operationName = ComposeReview
serviceName = nginx
call path = ->/wrk2-api/review/compose_nginx->/wrk2-api/review/compose_nginx
------------------------------------------------------------------------------------
span = 3
trace_id = 5960ad580b3c95a3
span_id = c984a47c352d0970
parent_id = 6e17d4e900436bc0
start_time = 1682628698166793
end_time = 1682628698170421
inclusive_time = 3628
exclusive_time = 341
process_id = p6
operationName = UploadMovieId
serviceName = movie-id-service
call path = ->/wrk2-api/review/compose_nginx->/wrk2-api/review/compose_nginx->ComposeReview_nginx
------------------------------------------------------------------------------------
span = 4
trace_id = 5960ad580b3c95a3
span_id = fe5b84c32c0dc6d6
parent_id = c984a47c352d0970
start_time = 1682628698167256
end_time = 1682628698170283
inclusive_time = 3027
exclusive_time = 386
process_id = p1
operationName = UploadRating
serviceName = rating-service
call path = ->/wrk2-api/review/compose_nginx->/wrk2-api/review/compose_nginx->ComposeReview_nginx->UploadMovieId_movie-id-service
------------------------------------------------------------------------------------
span = 5
trace_id = 5960ad580b3c95a3
span_id = db765b52671c8b45
parent_id = fe5b84c32c0dc6d6
start_time = 1682628698167428
end_time = 1682628698170069
inclusive_time = 2641
exclusive_time = 1060
process_id = p2
operationName = UploadRating
serviceName = compose-review-service
call path = ->/wrk2-api/review/compose_nginx->/wrk2-api/review/compose_nginx->ComposeReview_nginx->UploadMovieId_movie-id-service->UploadRating_rating-service
------------------------------------------------------------------------------------
span = 6
trace_id = 5960ad580b3c95a3
span_id = e20ad0ac8bc4ff6e
parent_id = db765b52671c8b45
start_time = 1682628698168568
end_time = 1682628698169877
inclusive_time = 1309
exclusive_time = 19
process_id = p3
operationName = UploadMovieReview
serviceName = movie-review-service
call path = ->/wrk2-api/review/compose_nginx->/wrk2-api/review/compose_nginx->ComposeReview_nginx->UploadMovieId_movie-id-service->UploadRating_rating-service->UploadRating_compose-review-service
------------------------------------------------------------------------------------
span = 7
trace_id = 5960ad580b3c95a3
span_id = 0b67abed68329b63
parent_id = e20ad0ac8bc4ff6e
start_time = 1682628698168587
end_time = 1682628698169882
inclusive_time = 1295
exclusive_time = 1295
process_id = p3
operationName = MongoFindMovie
serviceName = movie-review-service
call path = ->/wrk2-api/review/compose_nginx->/wrk2-api/review/compose_nginx->ComposeReview_nginx->UploadMovieId_movie-id-service->UploadRating_rating-service->UploadRating_compose-review-service->UploadMovieReview_movie-review-service
------------------------------------------------------------------------------------
span = 8
trace_id = 5960ad580b3c95a3
span_id = 4107cd230a42df02
parent_id = c984a47c352d0970
start_time = 1682628698167080
end_time = 1682628698167177
inclusive_time = 97
exclusive_time = 97
process_id = p6
operationName = MmcSetMovieId
serviceName = movie-id-service
call path = ->/wrk2-api/review/compose_nginx->/wrk2-api/review/compose_nginx->ComposeReview_nginx->UploadMovieId_movie-id-service
------------------------------------------------------------------------------------
span = 9
trace_id = 5960ad580b3c95a3
span_id = 309c32865a0e043a
parent_id = c984a47c352d0970
start_time = 1682628698166804
end_time = 1682628698166916
inclusive_time = 112
exclusive_time = 112
process_id = p6
operationName = MmcGetMovieId
serviceName = movie-id-service
call path = ->/wrk2-api/review/compose_nginx->/wrk2-api/review/compose_nginx->ComposeReview_nginx->UploadMovieId_movie-id-service
------------------------------------------------------------------------------------
