span = 0
trace_id = 2d4f6ae6e5c94398
span_id = 2d4f6ae6e5c94398
parent_id = None
start_time = 1682628698326000
end_time = 1682628698330892
inclusive_time = 4892
exclusive_time = 119
process_id = p10
operationName = /wrk2-api/review/compose
serviceName = nginx
call path = 
------------------------------------------------------------------------------------
span = 1
trace_id = 2d4f6ae6e5c94398
span_id = c9d8fecf892cfa94
parent_id = 2d4f6ae6e5c94398
start_time = 1682628698326118
end_time = 1682628698330891
inclusive_time = 4773
exclusive_time = 112
process_id = p10
operationName = /wrk2-api/review/compose
serviceName = nginx
call path = ->/wrk2-api/review/compose_nginx
------------------------------------------------------------------------------------
span = 2
trace_id = 2d4f6ae6e5c94398
span_id = 9c4cd4b860a4160d
parent_id = c9d8fecf892cfa94
start_time = 1682628698326168
end_time = 1682628698330829
inclusive_time = 4661
exclusive_time = 612
process_id = p10
operationName = ComposeReview
serviceName = nginx
call path = ->/wrk2-api/review/compose_nginx->/wrk2-api/review/compose_nginx
------------------------------------------------------------------------------------
span = 3
trace_id = 2d4f6ae6e5c94398
span_id = 5a4f2eacbab15635
parent_id = 9c4cd4b860a4160d
start_time = 1682628698326899
end_time = 1682628698330417
inclusive_time = 3518
exclusive_time = 456
process_id = p1
operationName = UploadMovieId
serviceName = movie-id-service
call path = ->/wrk2-api/review/compose_nginx->/wrk2-api/review/compose_nginx->ComposeReview_nginx
------------------------------------------------------------------------------------
span = 4
trace_id = 2d4f6ae6e5c94398
span_id = fdd31b9b7622fd22
parent_id = 5a4f2eacbab15635
start_time = 1682628698327695
end_time = 1682628698330315
inclusive_time = 2620
exclusive_time = 1353
process_id = p2
operationName = UploadMovieId
serviceName = compose-review-service
call path = ->/wrk2-api/review/compose_nginx->/wrk2-api/review/compose_nginx->ComposeReview_nginx->UploadMovieId_movie-id-service
------------------------------------------------------------------------------------
span = 5
trace_id = 2d4f6ae6e5c94398
span_id = 8a8493f3e06d8627
parent_id = fdd31b9b7622fd22
start_time = 1682628698328747
end_time = 1682628698330014
inclusive_time = 1267
exclusive_time = 18
process_id = p6
operationName = UploadUserReview
serviceName = user-review-service
call path = ->/wrk2-api/review/compose_nginx->/wrk2-api/review/compose_nginx->ComposeReview_nginx->UploadMovieId_movie-id-service->UploadMovieId_compose-review-service
------------------------------------------------------------------------------------
span = 6
trace_id = 2d4f6ae6e5c94398
span_id = 09b7d61a8cf153ff
parent_id = 8a8493f3e06d8627
start_time = 1682628698328765
end_time = 1682628698330019
inclusive_time = 1254
exclusive_time = 1254
process_id = p6
operationName = MongoFindUser
serviceName = user-review-service
call path = ->/wrk2-api/review/compose_nginx->/wrk2-api/review/compose_nginx->ComposeReview_nginx->UploadMovieId_movie-id-service->UploadMovieId_compose-review-service->UploadUserReview_user-review-service
------------------------------------------------------------------------------------
span = 7
trace_id = 2d4f6ae6e5c94398
span_id = 5211ef4510a7b0d2
parent_id = 5a4f2eacbab15635
start_time = 1682628698327292
end_time = 1682628698327410
inclusive_time = 118
exclusive_time = 118
process_id = p1
operationName = MmcSetMovieId
serviceName = movie-id-service
call path = ->/wrk2-api/review/compose_nginx->/wrk2-api/review/compose_nginx->ComposeReview_nginx->UploadMovieId_movie-id-service
------------------------------------------------------------------------------------
span = 8
trace_id = 2d4f6ae6e5c94398
span_id = ebdc25b1bf1913be
parent_id = 5a4f2eacbab15635
start_time = 1682628698326916
end_time = 1682628698327048
inclusive_time = 132
exclusive_time = 132
process_id = p1
operationName = MmcGetMovieId
serviceName = movie-id-service
call path = ->/wrk2-api/review/compose_nginx->/wrk2-api/review/compose_nginx->ComposeReview_nginx->UploadMovieId_movie-id-service
------------------------------------------------------------------------------------
