span = 0
trace_id = 2266e09107a6fcce
span_id = 2266e09107a6fcce
parent_id = None
start_time = 1682628697935000
end_time = 1682628697938917
inclusive_time = 3917
exclusive_time = 233
process_id = p8
operationName = /wrk2-api/review/compose
serviceName = nginx
call path = 
------------------------------------------------------------------------------------
span = 1
trace_id = 2266e09107a6fcce
span_id = b721c4c2479fff03
parent_id = 2266e09107a6fcce
start_time = 1682628697935233
end_time = 1682628697938917
inclusive_time = 3684
exclusive_time = 121
process_id = p8
operationName = /wrk2-api/review/compose
serviceName = nginx
call path = ->/wrk2-api/review/compose_nginx
------------------------------------------------------------------------------------
span = 2
trace_id = 2266e09107a6fcce
span_id = 5b1944f1d97073a0
parent_id = b721c4c2479fff03
start_time = 1682628697935293
end_time = 1682628697938856
inclusive_time = 3563
exclusive_time = 486
process_id = p8
operationName = ComposeReview
serviceName = nginx
call path = ->/wrk2-api/review/compose_nginx->/wrk2-api/review/compose_nginx
------------------------------------------------------------------------------------
span = 3
trace_id = 2266e09107a6fcce
span_id = 2329d65554cd1f45
parent_id = 5b1944f1d97073a0
start_time = 1682628697935892
end_time = 1682628697938769
inclusive_time = 2877
exclusive_time = 629
process_id = p10
operationName = UploadUniqueId
serviceName = unique-id-service
call path = ->/wrk2-api/review/compose_nginx->/wrk2-api/review/compose_nginx->ComposeReview_nginx
------------------------------------------------------------------------------------
span = 4
trace_id = 2266e09107a6fcce
span_id = 883531d0d34764bd
parent_id = 2329d65554cd1f45
start_time = 1682628697936369
end_time = 1682628697938617
inclusive_time = 2248
exclusive_time = 1203
process_id = p4
operationName = UploadUniqueId
serviceName = compose-review-service
call path = ->/wrk2-api/review/compose_nginx->/wrk2-api/review/compose_nginx->ComposeReview_nginx->UploadUniqueId_unique-id-service
------------------------------------------------------------------------------------
span = 5
trace_id = 2266e09107a6fcce
span_id = 73841b12765d34d2
parent_id = 883531d0d34764bd
start_time = 1682628697937469
end_time = 1682628697938446
inclusive_time = 977
exclusive_time = 16
process_id = p1
operationName = UploadMovieReview
serviceName = movie-review-service
call path = ->/wrk2-api/review/compose_nginx->/wrk2-api/review/compose_nginx->ComposeReview_nginx->UploadUniqueId_unique-id-service->UploadUniqueId_compose-review-service
------------------------------------------------------------------------------------
span = 6
trace_id = 2266e09107a6fcce
span_id = de99e782d595c7ea
parent_id = 73841b12765d34d2
start_time = 1682628697937485
end_time = 1682628697938450
inclusive_time = 965
exclusive_time = 965
process_id = p1
operationName = MongoFindMovie
serviceName = movie-review-service
call path = ->/wrk2-api/review/compose_nginx->/wrk2-api/review/compose_nginx->ComposeReview_nginx->UploadUniqueId_unique-id-service->UploadUniqueId_compose-review-service->UploadMovieReview_movie-review-service
------------------------------------------------------------------------------------
