span = 0
trace_id = 023167d3049c2a7c
span_id = 023167d3049c2a7c
parent_id = None
start_time = 1682628698185000
end_time = 1682628698189427
inclusive_time = 4427
exclusive_time = 490
process_id = p2
operationName = /wrk2-api/review/compose
serviceName = nginx
------------------------------------------------------------------------------------
span = 1
trace_id = 023167d3049c2a7c
span_id = 01dbbead9505e587
parent_id = 023167d3049c2a7c
start_time = 1682628698185490
end_time = 1682628698189427
inclusive_time = 3937
exclusive_time = 98
process_id = p2
operationName = /wrk2-api/review/compose
serviceName = nginx
------------------------------------------------------------------------------------
span = 2
trace_id = 023167d3049c2a7c
span_id = 63032ce7979d3c36
parent_id = 01dbbead9505e587
start_time = 1682628698185533
end_time = 1682628698189372
inclusive_time = 3839
exclusive_time = 393
process_id = p2
operationName = ComposeReview
serviceName = nginx
------------------------------------------------------------------------------------
span = 3
trace_id = 023167d3049c2a7c
span_id = e910ef17016a1eb2
parent_id = 63032ce7979d3c36
start_time = 1682628698186254
end_time = 1682628698189192
inclusive_time = 2938
exclusive_time = 564
process_id = p8
operationName = UploadUniqueId
serviceName = unique-id-service
------------------------------------------------------------------------------------
span = 4
trace_id = 023167d3049c2a7c
span_id = 1500e3c465572336
parent_id = e910ef17016a1eb2
start_time = 1682628698186454
end_time = 1682628698188828
inclusive_time = 2374
exclusive_time = 1146
process_id = p5
operationName = UploadUniqueId
serviceName = compose-review-service
------------------------------------------------------------------------------------
span = 5
trace_id = 023167d3049c2a7c
span_id = e25ab69700e8dbcc
parent_id = 1500e3c465572336
start_time = 1682628698187479
end_time = 1682628698188645
inclusive_time = 1166
exclusive_time = 27
process_id = p1
operationName = UploadMovieReview
serviceName = movie-review-service
------------------------------------------------------------------------------------
span = 6
trace_id = 023167d3049c2a7c
span_id = 86a6f6b211af80b3
parent_id = e25ab69700e8dbcc
start_time = 1682628698187506
end_time = 1682628698188651
inclusive_time = 1145
exclusive_time = 1145
process_id = p1
operationName = MongoFindMovie
serviceName = movie-review-service
------------------------------------------------------------------------------------
