span = 0
trace_id = 499773427be05c16
span_id = 499773427be05c16
parent_id = None
start_time = 1682628698151000
end_time = 1682628698155174
inclusive_time = 4174
exclusive_time = 165
process_id = p4
operationName = /wrk2-api/review/compose
serviceName = nginx
------------------------------------------------------------------------------------
span = 1
trace_id = 499773427be05c16
span_id = fed8fc94a7744628
parent_id = 499773427be05c16
start_time = 1682628698151165
end_time = 1682628698155174
inclusive_time = 4009
exclusive_time = 102
process_id = p4
operationName = /wrk2-api/review/compose
serviceName = nginx
------------------------------------------------------------------------------------
span = 2
trace_id = 499773427be05c16
span_id = 7f849c2e658cd55a
parent_id = fed8fc94a7744628
start_time = 1682628698151209
end_time = 1682628698155116
inclusive_time = 3907
exclusive_time = 272
process_id = p4
operationName = ComposeReview
serviceName = nginx
------------------------------------------------------------------------------------
span = 3
trace_id = 499773427be05c16
span_id = a7316417cd3ec068
parent_id = 7f849c2e658cd55a
start_time = 1682628698151501
end_time = 1682628698155033
inclusive_time = 3532
exclusive_time = 476
process_id = p7
operationName = UploadMovieId
serviceName = movie-id-service
------------------------------------------------------------------------------------
span = 4
trace_id = 499773427be05c16
span_id = 1d7f8717fd107e14
parent_id = a7316417cd3ec068
start_time = 1682628698151994
end_time = 1682628698154832
inclusive_time = 2838
exclusive_time = 349
process_id = p1
operationName = UploadRating
serviceName = rating-service
------------------------------------------------------------------------------------
span = 5
trace_id = 499773427be05c16
span_id = fb393d468846553f
parent_id = 1d7f8717fd107e14
start_time = 1682628698152401
end_time = 1682628698154709
inclusive_time = 2308
exclusive_time = 1095
process_id = p2
operationName = UploadRating
serviceName = compose-review-service
------------------------------------------------------------------------------------
span = 6
trace_id = 499773427be05c16
span_id = ac2799354f89e7ae
parent_id = fb393d468846553f
start_time = 1682628698153436
end_time = 1682628698154548
inclusive_time = 1112
exclusive_time = 18
process_id = p3
operationName = UploadMovieReview
serviceName = movie-review-service
------------------------------------------------------------------------------------
span = 7
trace_id = 499773427be05c16
span_id = d392f54dfdabe309
parent_id = ac2799354f89e7ae
start_time = 1682628698153454
end_time = 1682628698154552
inclusive_time = 1098
exclusive_time = 1098
process_id = p3
operationName = MongoFindMovie
serviceName = movie-review-service
------------------------------------------------------------------------------------
span = 8
trace_id = 499773427be05c16
span_id = ac5dee93e18d06ec
parent_id = a7316417cd3ec068
start_time = 1682628698151771
end_time = 1682628698151878
inclusive_time = 107
exclusive_time = 107
process_id = p7
operationName = MmcSetMovieId
serviceName = movie-id-service
------------------------------------------------------------------------------------
span = 9
trace_id = 499773427be05c16
span_id = 55a136145f9ac278
parent_id = a7316417cd3ec068
start_time = 1682628698151519
end_time = 1682628698151630
inclusive_time = 111
exclusive_time = 111
process_id = p7
operationName = MmcGetMovieId
serviceName = movie-id-service
------------------------------------------------------------------------------------
