span 0
span_id = 60d34f6600d1b56b
parent_id = None
start_time = 1682628698315000
end_time = 1682628698320500
inclusive_time = 5500
exclusive_time = 880
process_id = p10
operationName = /wrk2-api/review/compose
serviceName = None
------------------------------------------------------------------------------------
span 1
span_id = 3982ea2b0c152bfd
parent_id = 60d34f6600d1b56b
start_time = 1682628698315880
end_time = 1682628698320500
inclusive_time = 4620
exclusive_time = 109
process_id = p10
operationName = /wrk2-api/review/compose
serviceName = None
------------------------------------------------------------------------------------
span 2
span_id = 09a7f234add0a7ef
parent_id = 3982ea2b0c152bfd
start_time = 1682628698315928
end_time = 1682628698320439
inclusive_time = 4511
exclusive_time = 500
process_id = p10
operationName = ComposeReview
serviceName = None
------------------------------------------------------------------------------------
span 3
span_id = 846be5a7994a422f
parent_id = 09a7f234add0a7ef
start_time = 1682628698316714
end_time = 1682628698320343
inclusive_time = 3629
exclusive_time = 335
process_id = p2
operationName = UploadMovieId
serviceName = None
------------------------------------------------------------------------------------
span 4
span_id = 84274e15cadb433d
parent_id = 846be5a7994a422f
start_time = 1682628698317158
end_time = 1682628698320179
inclusive_time = 3021
exclusive_time = 668
process_id = p9
operationName = UploadRating
serviceName = None
------------------------------------------------------------------------------------
span 5
span_id = fd4a4ad1805b0d4d
parent_id = 84274e15cadb433d
start_time = 1682628698317334
end_time = 1682628698319658
inclusive_time = 2324
exclusive_time = 1173
process_id = p1
operationName = UploadRating
serviceName = None
------------------------------------------------------------------------------------
span 6
span_id = c8cfe38532eb1139
parent_id = fd4a4ad1805b0d4d
start_time = 1682628698318403
end_time = 1682628698319504
inclusive_time = 1101
exclusive_time = 28
process_id = p5
operationName = UploadMovieReview
serviceName = None
------------------------------------------------------------------------------------
span 7
span_id = 70842017024dcd32
parent_id = c8cfe38532eb1139
start_time = 1682628698318431
end_time = 1682628698319511
inclusive_time = 1080
exclusive_time = 1080
process_id = p5
operationName = MongoFindMovie
serviceName = None
------------------------------------------------------------------------------------
span 8
span_id = 76a8950dff7b7259
parent_id = 846be5a7994a422f
start_time = 1682628698317022
end_time = 1682628698317115
inclusive_time = 93
exclusive_time = 93
process_id = p2
operationName = MmcSetMovieId
serviceName = None
------------------------------------------------------------------------------------
span 9
span_id = 3b7eadf8c9ce1fd1
parent_id = 846be5a7994a422f
start_time = 1682628698316731
end_time = 1682628698316877
inclusive_time = 146
exclusive_time = 146
process_id = p2
operationName = MmcGetMovieId
serviceName = None
------------------------------------------------------------------------------------
