span 0
span_id = 90dcce089da4edc4
parent_id = None
start_time = 1682650976870000
end_time = 1682650976871083
inclusive_time = 1083
exclusive_time = 917
process_id = p1
operationName = 
serviceName = None
------------------------------------------------------------------------------------
span 1
span_id = cbb468e2eb0ec6c9
parent_id = 90dcce089da4edc4
start_time = 1682650976870917
end_time = 1682650976871083
inclusive_time = 166
exclusive_time = 166
process_id = p1
operationName = 
serviceName = None
------------------------------------------------------------------------------------
