span = 0
trace_id = c1733910322c1b8f
span_id = c1733910322c1b8f
parent_id = None
start_time = 1682628697947000
end_time = 1682628697951736
inclusive_time = 4736
exclusive_time = 782
process_id = p8
operationName = /wrk2-api/review/compose
serviceName = nginx
call path = 
------------------------------------------------------------------------------------
span = 1
trace_id = c1733910322c1b8f
span_id = ca79e1900b0a16c4
parent_id = c1733910322c1b8f
start_time = 1682628697947782
end_time = 1682628697951736
inclusive_time = 3954
exclusive_time = 104
process_id = p8
operationName = /wrk2-api/review/compose
serviceName = nginx
call path = ->/wrk2-api/review/compose_nginx
------------------------------------------------------------------------------------
span = 2
trace_id = c1733910322c1b8f
span_id = 9d7d3b662ff19847
parent_id = ca79e1900b0a16c4
start_time = 1682628697947828
end_time = 1682628697951678
inclusive_time = 3850
exclusive_time = 302
process_id = p8
operationName = ComposeReview
serviceName = nginx
call path = ->/wrk2-api/review/compose_nginx->/wrk2-api/review/compose_nginx
------------------------------------------------------------------------------------
span = 3
trace_id = c1733910322c1b8f
span_id = 30238bea245ce0d6
parent_id = 9d7d3b662ff19847
start_time = 1682628697949145
end_time = 1682628697951568
inclusive_time = 2423
exclusive_time = 207
process_id = p10
operationName = UploadUniqueId
serviceName = unique-id-service
call path = ->/wrk2-api/review/compose_nginx->/wrk2-api/review/compose_nginx->ComposeReview_nginx
------------------------------------------------------------------------------------
span = 4
trace_id = c1733910322c1b8f
span_id = 480957efefa21eee
parent_id = 30238bea245ce0d6
start_time = 1682628697949292
end_time = 1682628697951508
inclusive_time = 2216
exclusive_time = 963
process_id = p3
operationName = UploadUniqueId
serviceName = compose-review-service
call path = ->/wrk2-api/review/compose_nginx->/wrk2-api/review/compose_nginx->ComposeReview_nginx->UploadUniqueId_unique-id-service
------------------------------------------------------------------------------------
span = 5
trace_id = c1733910322c1b8f
span_id = 9fd9239cb62bae66
parent_id = 480957efefa21eee
start_time = 1682628697950231
end_time = 1682628697951390
inclusive_time = 1159
exclusive_time = 19
process_id = p6
operationName = UploadMovieReview
serviceName = movie-review-service
call path = ->/wrk2-api/review/compose_nginx->/wrk2-api/review/compose_nginx->ComposeReview_nginx->UploadUniqueId_unique-id-service->UploadUniqueId_compose-review-service
------------------------------------------------------------------------------------
span = 6
trace_id = c1733910322c1b8f
span_id = 76030d4a24b10b41
parent_id = 9fd9239cb62bae66
start_time = 1682628697950250
end_time = 1682628697951394
inclusive_time = 1144
exclusive_time = 1144
process_id = p6
operationName = MongoFindMovie
serviceName = movie-review-service
call path = ->/wrk2-api/review/compose_nginx->/wrk2-api/review/compose_nginx->ComposeReview_nginx->UploadUniqueId_unique-id-service->UploadUniqueId_compose-review-service->UploadMovieReview_movie-review-service
------------------------------------------------------------------------------------
span = 7
trace_id = c1733910322c1b8f
span_id = 98f78dd3eebb79ca
parent_id = 9d7d3b662ff19847
start_time = 1682628697948020
end_time = 1682628697949087
inclusive_time = 1067
exclusive_time = 261
process_id = p1
operationName = UploadUserWithUsername
serviceName = user-service
call path = ->/wrk2-api/review/compose_nginx->/wrk2-api/review/compose_nginx->ComposeReview_nginx
------------------------------------------------------------------------------------
span = 8
trace_id = c1733910322c1b8f
span_id = 60fc8f7260d3fb6d
parent_id = 98f78dd3eebb79ca
start_time = 1682628697948373
end_time = 1682628697948995
inclusive_time = 622
exclusive_time = 622
process_id = p3
operationName = UploadUserId
serviceName = compose-review-service
call path = ->/wrk2-api/review/compose_nginx->/wrk2-api/review/compose_nginx->ComposeReview_nginx->UploadUserWithUsername_user-service
------------------------------------------------------------------------------------
span = 9
trace_id = c1733910322c1b8f
span_id = 00bfd5d820b27798
parent_id = 98f78dd3eebb79ca
start_time = 1682628697948038
end_time = 1682628697948222
inclusive_time = 184
exclusive_time = 184
process_id = p1
operationName = MmcGetUserId
serviceName = user-service
call path = ->/wrk2-api/review/compose_nginx->/wrk2-api/review/compose_nginx->ComposeReview_nginx->UploadUserWithUsername_user-service
------------------------------------------------------------------------------------
