span = 0
trace_id = 84fef9a2ac2eb2ff
span_id = 84fef9a2ac2eb2ff
parent_id = None
start_time = 1682735118941000
end_time = 1682735118941711
inclusive_time = 711
exclusive_time = 573
process_id = p1
operationName = 
serviceName = nginx
------------------------------------------------------------------------------------
span = 1
trace_id = 84fef9a2ac2eb2ff
span_id = 53739e3f40f31361
parent_id = 84fef9a2ac2eb2ff
start_time = 1682735118941615
end_time = 1682735118941710
inclusive_time = 95
exclusive_time = 95
process_id = p1
operationName = 
serviceName = nginx
------------------------------------------------------------------------------------
span = 2
trace_id = 84fef9a2ac2eb2ff
span_id = 79f919ad189e66e0
parent_id = 84fef9a2ac2eb2ff
start_time = 1682735118941507
end_time = 1682735118941550
inclusive_time = 43
exclusive_time = 43
process_id = p1
operationName = 
serviceName = nginx
------------------------------------------------------------------------------------
