span = 0
trace_id = ddd1aadcd4ab7d80
span_id = ddd1aadcd4ab7d80
parent_id = None
start_time = 1682628698286000
end_time = 1682628698291353
inclusive_time = 5353
exclusive_time = 1763
process_id = p1
operationName = /wrk2-api/review/compose
serviceName = nginx
call path = 
------------------------------------------------------------------------------------
span = 1
trace_id = ddd1aadcd4ab7d80
span_id = 3414f0fbcef3f53d
parent_id = ddd1aadcd4ab7d80
start_time = 1682628698287763
end_time = 1682628698291353
inclusive_time = 3590
exclusive_time = 104
process_id = p1
operationName = /wrk2-api/review/compose
serviceName = nginx
call path = ->/wrk2-api/review/compose_nginx
------------------------------------------------------------------------------------
span = 2
trace_id = ddd1aadcd4ab7d80
span_id = d66b7a75af9b2d3f
parent_id = 3414f0fbcef3f53d
start_time = 1682628698287809
end_time = 1682628698291295
inclusive_time = 3486
exclusive_time = 312
process_id = p1
operationName = ComposeReview
serviceName = nginx
call path = ->/wrk2-api/review/compose_nginx->/wrk2-api/review/compose_nginx
------------------------------------------------------------------------------------
span = 3
trace_id = ddd1aadcd4ab7d80
span_id = 65aa83c6baebdeca
parent_id = d66b7a75af9b2d3f
start_time = 1682628698288027
end_time = 1682628698291201
inclusive_time = 3174
exclusive_time = 291
process_id = p8
operationName = UploadUserWithUsername
serviceName = user-service
call path = ->/wrk2-api/review/compose_nginx->/wrk2-api/review/compose_nginx->ComposeReview_nginx
------------------------------------------------------------------------------------
span = 4
trace_id = ddd1aadcd4ab7d80
span_id = 497d347086c85b28
parent_id = 65aa83c6baebdeca
start_time = 1682628698288356
end_time = 1682628698291119
inclusive_time = 2763
exclusive_time = 1501
process_id = p3
operationName = UploadUserId
serviceName = compose-review-service
call path = ->/wrk2-api/review/compose_nginx->/wrk2-api/review/compose_nginx->ComposeReview_nginx->UploadUserWithUsername_user-service
------------------------------------------------------------------------------------
span = 5
trace_id = ddd1aadcd4ab7d80
span_id = e390fc88416e01ec
parent_id = 497d347086c85b28
start_time = 1682628698289724
end_time = 1682628698290956
inclusive_time = 1232
exclusive_time = 52
process_id = p2
operationName = UploadUserReview
serviceName = user-review-service
call path = ->/wrk2-api/review/compose_nginx->/wrk2-api/review/compose_nginx->ComposeReview_nginx->UploadUserWithUsername_user-service->UploadUserId_compose-review-service
------------------------------------------------------------------------------------
span = 6
trace_id = ddd1aadcd4ab7d80
span_id = a3a7d66450f4c528
parent_id = e390fc88416e01ec
start_time = 1682628698289776
end_time = 1682628698290962
inclusive_time = 1186
exclusive_time = 1186
process_id = p2
operationName = MongoFindUser
serviceName = user-review-service
call path = ->/wrk2-api/review/compose_nginx->/wrk2-api/review/compose_nginx->ComposeReview_nginx->UploadUserWithUsername_user-service->UploadUserId_compose-review-service->UploadUserReview_user-review-service
------------------------------------------------------------------------------------
span = 7
trace_id = ddd1aadcd4ab7d80
span_id = e796314cd89b751e
parent_id = 65aa83c6baebdeca
start_time = 1682628698288047
end_time = 1682628698288167
inclusive_time = 120
exclusive_time = 120
process_id = p8
operationName = MmcGetUserId
serviceName = user-service
call path = ->/wrk2-api/review/compose_nginx->/wrk2-api/review/compose_nginx->ComposeReview_nginx->UploadUserWithUsername_user-service
------------------------------------------------------------------------------------
