span = 0
trace_id = f1d73ec88f2d793f
span_id = f1d73ec88f2d793f
parent_id = None
start_time = 1682628698316000
end_time = 1682628698321152
inclusive_time = 5152
exclusive_time = 717
process_id = p10
operationName = /wrk2-api/review/compose
serviceName = nginx
call path = 
------------------------------------------------------------------------------------
span = 1
trace_id = f1d73ec88f2d793f
span_id = c65d2ab5675933a6
parent_id = f1d73ec88f2d793f
start_time = 1682628698316717
end_time = 1682628698321152
inclusive_time = 4435
exclusive_time = 162
process_id = p10
operationName = /wrk2-api/review/compose
serviceName = nginx
call path = ->/wrk2-api/review/compose_nginx
------------------------------------------------------------------------------------
span = 2
trace_id = f1d73ec88f2d793f
span_id = 2ac64f197356a8a3
parent_id = c65d2ab5675933a6
start_time = 1682628698316763
end_time = 1682628698321036
inclusive_time = 4273
exclusive_time = 474
process_id = p10
operationName = ComposeReview
serviceName = nginx
call path = ->/wrk2-api/review/compose_nginx->/wrk2-api/review/compose_nginx
------------------------------------------------------------------------------------
span = 3
trace_id = f1d73ec88f2d793f
span_id = fa80abbaf1a49237
parent_id = 2ac64f197356a8a3
start_time = 1682628698318067
end_time = 1682628698320906
inclusive_time = 2839
exclusive_time = 229
process_id = p7
operationName = UploadUserWithUsername
serviceName = user-service
call path = ->/wrk2-api/review/compose_nginx->/wrk2-api/review/compose_nginx->ComposeReview_nginx
------------------------------------------------------------------------------------
span = 4
trace_id = f1d73ec88f2d793f
span_id = 5edde965e9599476
parent_id = fa80abbaf1a49237
start_time = 1682628698318366
end_time = 1682628698320839
inclusive_time = 2473
exclusive_time = 1108
process_id = p1
operationName = UploadUserId
serviceName = compose-review-service
call path = ->/wrk2-api/review/compose_nginx->/wrk2-api/review/compose_nginx->ComposeReview_nginx->UploadUserWithUsername_user-service
------------------------------------------------------------------------------------
span = 5
trace_id = f1d73ec88f2d793f
span_id = 797b4f9ca247c403
parent_id = 5edde965e9599476
start_time = 1682628698319468
end_time = 1682628698320717
inclusive_time = 1249
exclusive_time = 31
process_id = p5
operationName = UploadMovieReview
serviceName = movie-review-service
call path = ->/wrk2-api/review/compose_nginx->/wrk2-api/review/compose_nginx->ComposeReview_nginx->UploadUserWithUsername_user-service->UploadUserId_compose-review-service
------------------------------------------------------------------------------------
span = 6
trace_id = f1d73ec88f2d793f
span_id = bd497bf65af99e33
parent_id = 797b4f9ca247c403
start_time = 1682628698319499
end_time = 1682628698320721
inclusive_time = 1222
exclusive_time = 1222
process_id = p5
operationName = MongoFindMovie
serviceName = movie-review-service
call path = ->/wrk2-api/review/compose_nginx->/wrk2-api/review/compose_nginx->ComposeReview_nginx->UploadUserWithUsername_user-service->UploadUserId_compose-review-service->UploadMovieReview_movie-review-service
------------------------------------------------------------------------------------
span = 7
trace_id = f1d73ec88f2d793f
span_id = 0b89a89629ec145c
parent_id = fa80abbaf1a49237
start_time = 1682628698318080
end_time = 1682628698318217
inclusive_time = 137
exclusive_time = 137
process_id = p7
operationName = MmcGetUserId
serviceName = user-service
call path = ->/wrk2-api/review/compose_nginx->/wrk2-api/review/compose_nginx->ComposeReview_nginx->UploadUserWithUsername_user-service
------------------------------------------------------------------------------------
span = 8
trace_id = f1d73ec88f2d793f
span_id = 1f69495614836732
parent_id = 2ac64f197356a8a3
start_time = 1682628698317172
end_time = 1682628698317639
inclusive_time = 467
exclusive_time = 166
process_id = p8
operationName = UploadText
serviceName = text-service
call path = ->/wrk2-api/review/compose_nginx->/wrk2-api/review/compose_nginx->ComposeReview_nginx
------------------------------------------------------------------------------------
span = 9
trace_id = f1d73ec88f2d793f
span_id = a98ba0aa78105990
parent_id = 1f69495614836732
start_time = 1682628698317273
end_time = 1682628698317574
inclusive_time = 301
exclusive_time = 301
process_id = p1
operationName = UploadText
serviceName = compose-review-service
call path = ->/wrk2-api/review/compose_nginx->/wrk2-api/review/compose_nginx->ComposeReview_nginx->UploadText_text-service
------------------------------------------------------------------------------------
