span = 0
span_id = d111db5acebbd401
parent_id = None
start_time = 1682628698011000
end_time = 1682628698017032
inclusive_time = 6032
exclusive_time = 1437
process_id = p7
operationName = /wrk2-api/review/compose
serviceName = nginx
------------------------------------------------------------------------------------
span = 1
span_id = 8e85b7edfd61329d
parent_id = d111db5acebbd401
start_time = 1682628698012437
end_time = 1682628698017032
inclusive_time = 4595
exclusive_time = 103
process_id = p7
operationName = /wrk2-api/review/compose
serviceName = nginx
------------------------------------------------------------------------------------
span = 2
span_id = 1dac44c83eae8979
parent_id = 8e85b7edfd61329d
start_time = 1682628698012483
end_time = 1682628698016975
inclusive_time = 4492
exclusive_time = 1087
process_id = p7
operationName = ComposeReview
serviceName = nginx
------------------------------------------------------------------------------------
span = 3
span_id = 4d3a324e8a0113a0
parent_id = 1dac44c83eae8979
start_time = 1682628698012786
end_time = 1682628698016079
inclusive_time = 3293
exclusive_time = 367
process_id = p2
operationName = UploadMovieId
serviceName = movie-id-service
------------------------------------------------------------------------------------
span = 4
span_id = d1ab513cb8d512cf
parent_id = 4d3a324e8a0113a0
start_time = 1682628698013173
end_time = 1682628698015902
inclusive_time = 2729
exclusive_time = 1412
process_id = p4
operationName = UploadMovieId
serviceName = compose-review-service
------------------------------------------------------------------------------------
span = 5
span_id = 3beb18b757189731
parent_id = d1ab513cb8d512cf
start_time = 1682628698014624
end_time = 1682628698015761
inclusive_time = 1137
exclusive_time = 18
process_id = p1
operationName = UploadMovieReview
serviceName = movie-review-service
------------------------------------------------------------------------------------
span = 6
span_id = 0b575f822c9bb620
parent_id = 3beb18b757189731
start_time = 1682628698014642
end_time = 1682628698015766
inclusive_time = 1124
exclusive_time = 1124
process_id = p1
operationName = MongoFindMovie
serviceName = movie-review-service
------------------------------------------------------------------------------------
span = 7
span_id = 5d26013d80890a93
parent_id = 4d3a324e8a0113a0
start_time = 1682628698013031
end_time = 1682628698013137
inclusive_time = 106
exclusive_time = 106
process_id = p2
operationName = MmcSetMovieId
serviceName = movie-id-service
------------------------------------------------------------------------------------
span = 8
span_id = f0b5cdad37ff4987
parent_id = 4d3a324e8a0113a0
start_time = 1682628698012801
end_time = 1682628698012892
inclusive_time = 91
exclusive_time = 91
process_id = p2
operationName = MmcGetMovieId
serviceName = movie-id-service
------------------------------------------------------------------------------------
