span 0
span_id = 4888a34468619b56
parent_id = None
start_time = 1682628698055000
end_time = 1682628698059896
inclusive_time = 4896
exclusive_time = 986
process_id = p2
operationName = /wrk2-api/review/compose
serviceName = None
------------------------------------------------------------------------------------
span 1
span_id = 6770a39a0c0f84b9
parent_id = 4888a34468619b56
start_time = 1682628698055985
end_time = 1682628698059895
inclusive_time = 3910
exclusive_time = 91
process_id = p2
operationName = /wrk2-api/review/compose
serviceName = None
------------------------------------------------------------------------------------
span 2
span_id = 6f865e5969615a8f
parent_id = 6770a39a0c0f84b9
start_time = 1682628698056022
end_time = 1682628698059841
inclusive_time = 3819
exclusive_time = 355
process_id = p2
operationName = ComposeReview
serviceName = None
------------------------------------------------------------------------------------
span 3
span_id = 805d728da0c4db15
parent_id = 6f865e5969615a8f
start_time = 1682628698056249
end_time = 1682628698059713
inclusive_time = 3464
exclusive_time = 350
process_id = p6
operationName = UploadMovieId
serviceName = None
------------------------------------------------------------------------------------
span 4
span_id = f90d3855a32b8201
parent_id = 805d728da0c4db15
start_time = 1682628698056656
end_time = 1682628698059571
inclusive_time = 2915
exclusive_time = 286
process_id = p8
operationName = UploadRating
serviceName = None
------------------------------------------------------------------------------------
span 5
span_id = 3cac6a95884e3161
parent_id = f90d3855a32b8201
start_time = 1682628698056820
end_time = 1682628698059449
inclusive_time = 2629
exclusive_time = 1125
process_id = p4
operationName = UploadRating
serviceName = None
------------------------------------------------------------------------------------
span 6
span_id = 77f2b102d8028efb
parent_id = 3cac6a95884e3161
start_time = 1682628698057806
end_time = 1682628698059252
inclusive_time = 1446
exclusive_time = 24
process_id = p7
operationName = UploadUserReview
serviceName = None
------------------------------------------------------------------------------------
span 7
span_id = aa0a6ec79d51455f
parent_id = 77f2b102d8028efb
start_time = 1682628698057830
end_time = 1682628698059257
inclusive_time = 1427
exclusive_time = 1427
process_id = p7
operationName = MongoFindUser
serviceName = None
------------------------------------------------------------------------------------
span 8
span_id = e29e710aa81d8566
parent_id = 805d728da0c4db15
start_time = 1682628698056260
end_time = 1682628698056370
inclusive_time = 110
exclusive_time = 110
process_id = p6
operationName = MmcGetMovieId
serviceName = None
------------------------------------------------------------------------------------
