span = 0
span_id = b3d62073177a197b
parent_id = None
start_time = 1682628698041000
end_time = 1682628698046832
inclusive_time = 5832
exclusive_time = 551
process_id = p4
operationName = /wrk2-api/review/compose
serviceName = nginx
------------------------------------------------------------------------------------
span = 1
span_id = c0dde7c55465d7ce
parent_id = b3d62073177a197b
start_time = 1682628698041551
end_time = 1682628698046832
inclusive_time = 5281
exclusive_time = 119
process_id = p4
operationName = /wrk2-api/review/compose
serviceName = nginx
------------------------------------------------------------------------------------
span = 2
span_id = 8865d61beb4f39ca
parent_id = c0dde7c55465d7ce
start_time = 1682628698041615
end_time = 1682628698046777
inclusive_time = 5162
exclusive_time = 732
process_id = p4
operationName = ComposeReview
serviceName = nginx
------------------------------------------------------------------------------------
span = 3
span_id = 3ab355e507f10f9d
parent_id = 8865d61beb4f39ca
start_time = 1682628698042342
end_time = 1682628698046372
inclusive_time = 4030
exclusive_time = 379
process_id = p7
operationName = UploadMovieId
serviceName = movie-id-service
------------------------------------------------------------------------------------
span = 4
span_id = 9f6bec8127d806f9
parent_id = 3ab355e507f10f9d
start_time = 1682628698042809
end_time = 1682628698046238
inclusive_time = 3429
exclusive_time = 704
process_id = p8
operationName = UploadRating
serviceName = rating-service
------------------------------------------------------------------------------------
span = 5
span_id = 2e8ca73f77b6c518
parent_id = 9f6bec8127d806f9
start_time = 1682628698042969
end_time = 1682628698045644
inclusive_time = 2675
exclusive_time = 871
process_id = p1
operationName = UploadRating
serviceName = compose-review-service
------------------------------------------------------------------------------------
span = 6
span_id = 1d585942f6cdd352
parent_id = 2e8ca73f77b6c518
start_time = 1682628698043990
end_time = 1682628698045546
inclusive_time = 1556
exclusive_time = 28
process_id = p5
operationName = UploadMovieReview
serviceName = movie-review-service
------------------------------------------------------------------------------------
span = 7
span_id = 84f0924873d6ed1f
parent_id = 1d585942f6cdd352
start_time = 1682628698044018
end_time = 1682628698045550
inclusive_time = 1532
exclusive_time = 1532
process_id = p5
operationName = MongoFindMovie
serviceName = movie-review-service
------------------------------------------------------------------------------------
span = 8
span_id = 1efeb4283ab9c489
parent_id = 3ab355e507f10f9d
start_time = 1682628698042629
end_time = 1682628698042745
inclusive_time = 116
exclusive_time = 116
process_id = p7
operationName = MmcSetMovieId
serviceName = movie-id-service
------------------------------------------------------------------------------------
span = 9
span_id = 3028a05595227fac
parent_id = 3ab355e507f10f9d
start_time = 1682628698042364
end_time = 1682628698042470
inclusive_time = 106
exclusive_time = 106
process_id = p7
operationName = MmcGetMovieId
serviceName = movie-id-service
------------------------------------------------------------------------------------
