span = 0
trace_id = c64099d62c840a89
span_id = c64099d62c840a89
parent_id = None
start_time = 1682628698072000
end_time = 1682628698076292
inclusive_time = 4292
exclusive_time = 504
process_id = p7
operationName = /wrk2-api/review/compose
serviceName = nginx
------------------------------------------------------------------------------------
span = 1
trace_id = c64099d62c840a89
span_id = 60afeb0ed51b6d2f
parent_id = c64099d62c840a89
start_time = 1682628698072503
end_time = 1682628698076291
inclusive_time = 3788
exclusive_time = 100
process_id = p7
operationName = /wrk2-api/review/compose
serviceName = nginx
------------------------------------------------------------------------------------
span = 2
trace_id = c64099d62c840a89
span_id = 1fe4559d6458ede2
parent_id = 60afeb0ed51b6d2f
start_time = 1682628698072546
end_time = 1682628698076234
inclusive_time = 3688
exclusive_time = 267
process_id = p7
operationName = ComposeReview
serviceName = nginx
------------------------------------------------------------------------------------
span = 3
trace_id = c64099d62c840a89
span_id = b2367876800c8cab
parent_id = 1fe4559d6458ede2
start_time = 1682628698072846
end_time = 1682628698076146
inclusive_time = 3300
exclusive_time = 272
process_id = p4
operationName = UploadMovieId
serviceName = movie-id-service
------------------------------------------------------------------------------------
span = 4
trace_id = c64099d62c840a89
span_id = 9bb60c937317db87
parent_id = b2367876800c8cab
start_time = 1682628698073216
end_time = 1682628698076034
inclusive_time = 2818
exclusive_time = 231
process_id = p6
operationName = UploadRating
serviceName = rating-service
------------------------------------------------------------------------------------
span = 5
trace_id = c64099d62c840a89
span_id = f13fba3375645122
parent_id = 9bb60c937317db87
start_time = 1682628698073409
end_time = 1682628698075925
inclusive_time = 2516
exclusive_time = 1067
process_id = p2
operationName = UploadRating
serviceName = compose-review-service
------------------------------------------------------------------------------------
span = 6
trace_id = c64099d62c840a89
span_id = e9fecb014246014b
parent_id = f13fba3375645122
start_time = 1682628698074356
end_time = 1682628698075758
inclusive_time = 1402
exclusive_time = 18
process_id = p1
operationName = UploadMovieReview
serviceName = movie-review-service
------------------------------------------------------------------------------------
span = 7
trace_id = c64099d62c840a89
span_id = 5eebae95ff3f98d7
parent_id = e9fecb014246014b
start_time = 1682628698074374
end_time = 1682628698075765
inclusive_time = 1391
exclusive_time = 1391
process_id = p1
operationName = MongoFindMovie
serviceName = movie-review-service
------------------------------------------------------------------------------------
span = 8
trace_id = c64099d62c840a89
span_id = 2cbaac3e6d80581d
parent_id = b2367876800c8cab
start_time = 1682628698073090
end_time = 1682628698073188
inclusive_time = 98
exclusive_time = 98
process_id = p4
operationName = MmcSetMovieId
serviceName = movie-id-service
------------------------------------------------------------------------------------
span = 9
trace_id = c64099d62c840a89
span_id = 5aca239c3dd2252d
parent_id = b2367876800c8cab
start_time = 1682628698072864
end_time = 1682628698072976
inclusive_time = 112
exclusive_time = 112
process_id = p4
operationName = MmcGetMovieId
serviceName = movie-id-service
------------------------------------------------------------------------------------
