span 0
span_id = c5860ee84fbadbec
parent_id = None
start_time = 1682628698223000
end_time = 1682628698228454
inclusive_time = 5454
exclusive_time = 948
process_id = p5
operationName = /wrk2-api/review/compose
serviceName = None
------------------------------------------------------------------------------------
span 1
span_id = 46783a5655a27306
parent_id = c5860ee84fbadbec
start_time = 1682628698223948
end_time = 1682628698228454
inclusive_time = 4506
exclusive_time = 111
process_id = p5
operationName = /wrk2-api/review/compose
serviceName = None
------------------------------------------------------------------------------------
span 2
span_id = 18a792d8ef5ab21d
parent_id = 46783a5655a27306
start_time = 1682628698224006
end_time = 1682628698228401
inclusive_time = 4395
exclusive_time = 280
process_id = p5
operationName = ComposeReview
serviceName = None
------------------------------------------------------------------------------------
span 3
span_id = dabace92bdc53daf
parent_id = 18a792d8ef5ab21d
start_time = 1682628698224324
end_time = 1682628698228319
inclusive_time = 3995
exclusive_time = 417
process_id = p2
operationName = UploadMovieId
serviceName = None
------------------------------------------------------------------------------------
span 4
span_id = ccfa3c3961511eb3
parent_id = dabace92bdc53daf
start_time = 1682628698224816
end_time = 1682628698228158
inclusive_time = 3342
exclusive_time = 248
process_id = p10
operationName = UploadRating
serviceName = None
------------------------------------------------------------------------------------
span 5
span_id = 58a54f8fb7717634
parent_id = ccfa3c3961511eb3
start_time = 1682628698224959
end_time = 1682628698228001
inclusive_time = 3042
exclusive_time = 1356
process_id = p1
operationName = UploadRating
serviceName = None
------------------------------------------------------------------------------------
span 6
span_id = 29a8ef9ab2c411a8
parent_id = 58a54f8fb7717634
start_time = 1682628698226143
end_time = 1682628698227746
inclusive_time = 1603
exclusive_time = 26
process_id = p6
operationName = UploadUserReview
serviceName = None
------------------------------------------------------------------------------------
span 7
span_id = dabd249917278362
parent_id = 29a8ef9ab2c411a8
start_time = 1682628698226169
end_time = 1682628698227751
inclusive_time = 1582
exclusive_time = 1582
process_id = p6
operationName = MongoFindUser
serviceName = None
------------------------------------------------------------------------------------
span 8
span_id = cb8d2e79abf8840a
parent_id = dabace92bdc53daf
start_time = 1682628698224627
end_time = 1682628698224723
inclusive_time = 96
exclusive_time = 96
process_id = p2
operationName = MmcSetMovieId
serviceName = None
------------------------------------------------------------------------------------
span 9
span_id = 66d33e943773a3e5
parent_id = dabace92bdc53daf
start_time = 1682628698224347
end_time = 1682628698224470
inclusive_time = 123
exclusive_time = 123
process_id = p2
operationName = MmcGetMovieId
serviceName = None
------------------------------------------------------------------------------------
