span = 0
span_id = 43206fc469eddd7a
parent_id = None
start_time = 1682628698279000
end_time = 1682628698283626
inclusive_time = 4626
exclusive_time = 741
process_id = p2
operationName = /wrk2-api/review/compose
serviceName = nginx
------------------------------------------------------------------------------------
span = 1
span_id = 86a5386a72d7eb9b
parent_id = 43206fc469eddd7a
start_time = 1682628698279740
end_time = 1682628698283625
inclusive_time = 3885
exclusive_time = 95
process_id = p2
operationName = /wrk2-api/review/compose
serviceName = nginx
------------------------------------------------------------------------------------
span = 2
span_id = 72c340c9b20e672a
parent_id = 86a5386a72d7eb9b
start_time = 1682628698279776
end_time = 1682628698283566
inclusive_time = 3790
exclusive_time = 277
process_id = p2
operationName = ComposeReview
serviceName = nginx
------------------------------------------------------------------------------------
span = 3
span_id = 310cae834834af28
parent_id = 72c340c9b20e672a
start_time = 1682628698279962
end_time = 1682628698283475
inclusive_time = 3513
exclusive_time = 351
process_id = p1
operationName = UploadUserWithUsername
serviceName = user-service
------------------------------------------------------------------------------------
span = 4
span_id = 67baaa3533c8c62c
parent_id = 310cae834834af28
start_time = 1682628698280347
end_time = 1682628698283411
inclusive_time = 3064
exclusive_time = 1805
process_id = p4
operationName = UploadUserId
serviceName = compose-review-service
------------------------------------------------------------------------------------
span = 5
span_id = ad322ead0377472f
parent_id = 67baaa3533c8c62c
start_time = 1682628698282020
end_time = 1682628698283234
inclusive_time = 1214
exclusive_time = 18
process_id = p8
operationName = UploadMovieReview
serviceName = movie-review-service
------------------------------------------------------------------------------------
span = 6
span_id = 90bf219fbbc150dd
parent_id = ad322ead0377472f
start_time = 1682628698282038
end_time = 1682628698283241
inclusive_time = 1203
exclusive_time = 1203
process_id = p8
operationName = MongoFindMovie
serviceName = movie-review-service
------------------------------------------------------------------------------------
span = 7
span_id = 17b9b2abc2684c76
parent_id = 310cae834834af28
start_time = 1682628698279980
end_time = 1682628698280078
inclusive_time = 98
exclusive_time = 98
process_id = p1
operationName = MmcGetUserId
serviceName = user-service
------------------------------------------------------------------------------------
