span = 0
span_id = 2adb92bd48a681dd
parent_id = None
start_time = 1682628698293000
end_time = 1682628698297966
inclusive_time = 4966
exclusive_time = 947
process_id = p1
operationName = /wrk2-api/review/compose
serviceName = nginx
------------------------------------------------------------------------------------
span = 1
span_id = 49b2d67f0f898bcf
parent_id = 2adb92bd48a681dd
start_time = 1682628698293946
end_time = 1682628698297965
inclusive_time = 4019
exclusive_time = 106
process_id = p1
operationName = /wrk2-api/review/compose
serviceName = nginx
------------------------------------------------------------------------------------
span = 2
span_id = aa1127e1256c3241
parent_id = 49b2d67f0f898bcf
start_time = 1682628698293988
end_time = 1682628698297901
inclusive_time = 3913
exclusive_time = 287
process_id = p1
operationName = ComposeReview
serviceName = nginx
------------------------------------------------------------------------------------
span = 3
span_id = 13eb6f73565b28d0
parent_id = aa1127e1256c3241
start_time = 1682628698294305
end_time = 1682628698297815
inclusive_time = 3510
exclusive_time = 375
process_id = p4
operationName = UploadMovieId
serviceName = movie-id-service
------------------------------------------------------------------------------------
span = 4
span_id = 25528be4d5740a05
parent_id = 13eb6f73565b28d0
start_time = 1682628698294846
end_time = 1682628698297672
inclusive_time = 2826
exclusive_time = 285
process_id = p10
operationName = UploadRating
serviceName = rating-service
------------------------------------------------------------------------------------
span = 5
span_id = 182bae3e4920fcb8
parent_id = 25528be4d5740a05
start_time = 1682628698295013
end_time = 1682628698297554
inclusive_time = 2541
exclusive_time = 1219
process_id = p3
operationName = UploadRating
serviceName = compose-review-service
------------------------------------------------------------------------------------
span = 6
span_id = 5729a18a89340951
parent_id = 182bae3e4920fcb8
start_time = 1682628698296223
end_time = 1682628698297357
inclusive_time = 1134
exclusive_time = 25
process_id = p7
operationName = UploadMovieReview
serviceName = movie-review-service
------------------------------------------------------------------------------------
span = 7
span_id = ac115e90151b8a23
parent_id = 5729a18a89340951
start_time = 1682628698296248
end_time = 1682628698297360
inclusive_time = 1112
exclusive_time = 1112
process_id = p7
operationName = MongoFindMovie
serviceName = movie-review-service
------------------------------------------------------------------------------------
span = 8
span_id = ffec1bc8a97377d5
parent_id = 13eb6f73565b28d0
start_time = 1682628698294582
end_time = 1682628698294697
inclusive_time = 115
exclusive_time = 115
process_id = p4
operationName = MmcSetMovieId
serviceName = movie-id-service
------------------------------------------------------------------------------------
span = 9
span_id = 7c9999ab3fb970c4
parent_id = 13eb6f73565b28d0
start_time = 1682628698294324
end_time = 1682628698294419
inclusive_time = 95
exclusive_time = 95
process_id = p4
operationName = MmcGetMovieId
serviceName = movie-id-service
------------------------------------------------------------------------------------
