span = 0
span_id = eb9857247da48260
parent_id = None
start_time = 1682628698051000
end_time = 1682628698055865
inclusive_time = 4865
exclusive_time = 1219
process_id = p3
operationName = /wrk2-api/review/compose
serviceName = nginx
------------------------------------------------------------------------------------
span = 1
span_id = 7df7620f50c9084a
parent_id = eb9857247da48260
start_time = 1682628698052219
end_time = 1682628698055865
inclusive_time = 3646
exclusive_time = 94
process_id = p3
operationName = /wrk2-api/review/compose
serviceName = nginx
------------------------------------------------------------------------------------
span = 2
span_id = b9914a471c70b04b
parent_id = 7df7620f50c9084a
start_time = 1682628698052253
end_time = 1682628698055805
inclusive_time = 3552
exclusive_time = 299
process_id = p3
operationName = ComposeReview
serviceName = nginx
------------------------------------------------------------------------------------
span = 3
span_id = 1c4d10660a115a14
parent_id = b9914a471c70b04b
start_time = 1682628698052510
end_time = 1682628698055662
inclusive_time = 3152
exclusive_time = 403
process_id = p7
operationName = UploadMovieId
serviceName = movie-id-service
------------------------------------------------------------------------------------
span = 4
span_id = 65a8e1a7492c82ff
parent_id = 1c4d10660a115a14
start_time = 1682628698052956
end_time = 1682628698055500
inclusive_time = 2544
exclusive_time = 284
process_id = p8
operationName = UploadRating
serviceName = rating-service
------------------------------------------------------------------------------------
span = 5
span_id = 2f7ad7f824d8e130
parent_id = 65a8e1a7492c82ff
start_time = 1682628698053136
end_time = 1682628698055387
inclusive_time = 2251
exclusive_time = 1042
process_id = p5
operationName = UploadRating
serviceName = compose-review-service
------------------------------------------------------------------------------------
span = 6
span_id = 35d64b8e7138c946
parent_id = 2f7ad7f824d8e130
start_time = 1682628698054012
end_time = 1682628698055221
inclusive_time = 1209
exclusive_time = 32
process_id = p1
operationName = UploadUserReview
serviceName = user-review-service
------------------------------------------------------------------------------------
span = 7
span_id = a88f9687ae242803
parent_id = 35d64b8e7138c946
start_time = 1682628698054044
end_time = 1682628698055226
inclusive_time = 1182
exclusive_time = 1182
process_id = p1
operationName = MongoFindUser
serviceName = user-review-service
------------------------------------------------------------------------------------
span = 8
span_id = a11f28f1b46fa9f3
parent_id = 1c4d10660a115a14
start_time = 1682628698052535
end_time = 1682628698052644
inclusive_time = 109
exclusive_time = 109
process_id = p7
operationName = MmcGetMovieId
serviceName = movie-id-service
------------------------------------------------------------------------------------
