span = 0
span_id = 64f86a2889b6670e
parent_id = None
start_time = 1682628698077000
end_time = 1682628698081966
inclusive_time = 4966
exclusive_time = 648
process_id = p7
operationName = /wrk2-api/review/compose
serviceName = nginx
------------------------------------------------------------------------------------
span = 1
span_id = d1ab2eb489643568
parent_id = 64f86a2889b6670e
start_time = 1682628698077647
end_time = 1682628698081965
inclusive_time = 4318
exclusive_time = 89
process_id = p7
operationName = /wrk2-api/review/compose
serviceName = nginx
------------------------------------------------------------------------------------
span = 2
span_id = 389c3dd1636e3974
parent_id = d1ab2eb489643568
start_time = 1682628698077695
end_time = 1682628698081924
inclusive_time = 4229
exclusive_time = 381
process_id = p7
operationName = ComposeReview
serviceName = nginx
------------------------------------------------------------------------------------
span = 3
span_id = 115ae95dddb1584e
parent_id = 389c3dd1636e3974
start_time = 1682628698077953
end_time = 1682628698081716
inclusive_time = 3763
exclusive_time = 362
process_id = p4
operationName = UploadMovieId
serviceName = movie-id-service
------------------------------------------------------------------------------------
span = 4
span_id = 69c3553e740cbc54
parent_id = 115ae95dddb1584e
start_time = 1682628698078375
end_time = 1682628698081577
inclusive_time = 3202
exclusive_time = 316
process_id = p6
operationName = UploadRating
serviceName = rating-service
------------------------------------------------------------------------------------
span = 5
span_id = 748e409447e70900
parent_id = 69c3553e740cbc54
start_time = 1682628698078609
end_time = 1682628698081378
inclusive_time = 2769
exclusive_time = 1472
process_id = p2
operationName = UploadRating
serviceName = compose-review-service
------------------------------------------------------------------------------------
span = 6
span_id = de8c721dbd432350
parent_id = 748e409447e70900
start_time = 1682628698080033
end_time = 1682628698081276
inclusive_time = 1243
exclusive_time = 17
process_id = p1
operationName = UploadMovieReview
serviceName = movie-review-service
------------------------------------------------------------------------------------
span = 7
span_id = 7967e1461f6251e5
parent_id = de8c721dbd432350
start_time = 1682628698080050
end_time = 1682628698081280
inclusive_time = 1230
exclusive_time = 1230
process_id = p1
operationName = MongoFindMovie
serviceName = movie-review-service
------------------------------------------------------------------------------------
span = 8
span_id = 48364e962dd177fb
parent_id = 115ae95dddb1584e
start_time = 1682628698078208
end_time = 1682628698078307
inclusive_time = 99
exclusive_time = 99
process_id = p4
operationName = MmcSetMovieId
serviceName = movie-id-service
------------------------------------------------------------------------------------
span = 9
span_id = d4b4101f234c9285
parent_id = 115ae95dddb1584e
start_time = 1682628698077966
end_time = 1682628698078057
inclusive_time = 91
exclusive_time = 91
process_id = p4
operationName = MmcGetMovieId
serviceName = movie-id-service
------------------------------------------------------------------------------------
