span = 0
span_id = a37144fd62289b19
parent_id = None
start_time = 1682628698116000
end_time = 1682628698120772
inclusive_time = 4772
exclusive_time = 496
process_id = p7
operationName = /wrk2-api/review/compose
serviceName = nginx
------------------------------------------------------------------------------------
span = 1
span_id = aa3bd2bf1bea32a7
parent_id = a37144fd62289b19
start_time = 1682628698116496
end_time = 1682628698120772
inclusive_time = 4276
exclusive_time = 101
process_id = p7
operationName = /wrk2-api/review/compose
serviceName = nginx
------------------------------------------------------------------------------------
span = 2
span_id = 8af87227338addb7
parent_id = aa3bd2bf1bea32a7
start_time = 1682628698116542
end_time = 1682628698120717
inclusive_time = 4175
exclusive_time = 360
process_id = p7
operationName = ComposeReview
serviceName = nginx
------------------------------------------------------------------------------------
span = 3
span_id = 0d18bbf2b7e6dc20
parent_id = 8af87227338addb7
start_time = 1682628698116855
end_time = 1682628698120593
inclusive_time = 3738
exclusive_time = 520
process_id = p2
operationName = UploadMovieId
serviceName = movie-id-service
------------------------------------------------------------------------------------
span = 4
span_id = 91736e1b91e5e514
parent_id = 0d18bbf2b7e6dc20
start_time = 1682628698117576
end_time = 1682628698120450
inclusive_time = 2874
exclusive_time = 426
process_id = p4
operationName = UploadRating
serviceName = rating-service
------------------------------------------------------------------------------------
span = 5
span_id = 043dcfd4b1edadd1
parent_id = 91736e1b91e5e514
start_time = 1682628698117763
end_time = 1682628698120211
inclusive_time = 2448
exclusive_time = 1159
process_id = p5
operationName = UploadRating
serviceName = compose-review-service
------------------------------------------------------------------------------------
span = 6
span_id = 27060b7a66b167c2
parent_id = 043dcfd4b1edadd1
start_time = 1682628698118858
end_time = 1682628698120017
inclusive_time = 1159
exclusive_time = 29
process_id = p6
operationName = UploadMovieReview
serviceName = movie-review-service
------------------------------------------------------------------------------------
span = 7
span_id = 2da31c78de731688
parent_id = 27060b7a66b167c2
start_time = 1682628698118887
end_time = 1682628698120021
inclusive_time = 1134
exclusive_time = 1134
process_id = p6
operationName = MongoFindMovie
serviceName = movie-review-service
------------------------------------------------------------------------------------
span = 8
span_id = 2b8802d91afc5127
parent_id = 0d18bbf2b7e6dc20
start_time = 1682628698117234
end_time = 1682628698117308
inclusive_time = 74
exclusive_time = 74
process_id = p2
operationName = MmcSetMovieId
serviceName = movie-id-service
------------------------------------------------------------------------------------
span = 9
span_id = 73f96898be5e0183
parent_id = 0d18bbf2b7e6dc20
start_time = 1682628698116871
end_time = 1682628698117024
inclusive_time = 153
exclusive_time = 153
process_id = p2
operationName = MmcGetMovieId
serviceName = movie-id-service
------------------------------------------------------------------------------------
