span = 0
trace_id = 6dc26dd65ee82c43
span_id = 6dc26dd65ee82c43
parent_id = None
start_time = 1682628698078000
end_time = 1682628698082649
inclusive_time = 4649
exclusive_time = 591
process_id = p7
operationName = /wrk2-api/review/compose
serviceName = nginx
------------------------------------------------------------------------------------
span = 1
trace_id = 6dc26dd65ee82c43
span_id = 8dc09a86ca886e07
parent_id = 6dc26dd65ee82c43
start_time = 1682628698078591
end_time = 1682628698082649
inclusive_time = 4058
exclusive_time = 97
process_id = p7
operationName = /wrk2-api/review/compose
serviceName = nginx
------------------------------------------------------------------------------------
span = 2
trace_id = 6dc26dd65ee82c43
span_id = fe6e6a8ac1ed8333
parent_id = 8dc09a86ca886e07
start_time = 1682628698078635
end_time = 1682628698082596
inclusive_time = 3961
exclusive_time = 350
process_id = p7
operationName = ComposeReview
serviceName = nginx
------------------------------------------------------------------------------------
span = 3
trace_id = 6dc26dd65ee82c43
span_id = 84e182581ca6e49d
parent_id = fe6e6a8ac1ed8333
start_time = 1682628698078990
end_time = 1682628698082512
inclusive_time = 3522
exclusive_time = 443
process_id = p4
operationName = UploadMovieId
serviceName = movie-id-service
------------------------------------------------------------------------------------
span = 4
trace_id = 6dc26dd65ee82c43
span_id = 544e1415a780b7a2
parent_id = 84e182581ca6e49d
start_time = 1682628698079588
end_time = 1682628698082406
inclusive_time = 2818
exclusive_time = 258
process_id = p6
operationName = UploadRating
serviceName = rating-service
------------------------------------------------------------------------------------
span = 5
trace_id = 6dc26dd65ee82c43
span_id = 3e9b2b62c973fdd5
parent_id = 544e1415a780b7a2
start_time = 1682628698079871
end_time = 1682628698082270
inclusive_time = 2399
exclusive_time = 1116
process_id = p2
operationName = UploadRating
serviceName = compose-review-service
------------------------------------------------------------------------------------
span = 6
trace_id = 6dc26dd65ee82c43
span_id = 417f6698d31118d8
parent_id = 3e9b2b62c973fdd5
start_time = 1682628698080956
end_time = 1682628698082135
inclusive_time = 1179
exclusive_time = 28
process_id = p1
operationName = UploadMovieReview
serviceName = movie-review-service
------------------------------------------------------------------------------------
span = 7
trace_id = 6dc26dd65ee82c43
span_id = 1223626d6b981837
parent_id = 417f6698d31118d8
start_time = 1682628698080984
end_time = 1682628698082139
inclusive_time = 1155
exclusive_time = 1155
process_id = p1
operationName = MongoFindMovie
serviceName = movie-review-service
------------------------------------------------------------------------------------
span = 8
trace_id = 6dc26dd65ee82c43
span_id = 82c6bf558a13c3c7
parent_id = 84e182581ca6e49d
start_time = 1682628698079257
end_time = 1682628698079364
inclusive_time = 107
exclusive_time = 107
process_id = p4
operationName = MmcSetMovieId
serviceName = movie-id-service
------------------------------------------------------------------------------------
span = 9
trace_id = 6dc26dd65ee82c43
span_id = 5080a81680816a6f
parent_id = 84e182581ca6e49d
start_time = 1682628698079012
end_time = 1682628698079122
inclusive_time = 110
exclusive_time = 110
process_id = p4
operationName = MmcGetMovieId
serviceName = movie-id-service
------------------------------------------------------------------------------------
