span = 0
trace_id = aadaa9e229139420
span_id = aadaa9e229139420
parent_id = None
start_time = 1682628697906000
end_time = 1682628697910379
inclusive_time = 4379
exclusive_time = 303
process_id = p3
operationName = /wrk2-api/review/compose
serviceName = nginx
------------------------------------------------------------------------------------
span = 1
trace_id = aadaa9e229139420
span_id = 93bb25281281fdd6
parent_id = aadaa9e229139420
start_time = 1682628697906302
end_time = 1682628697910378
inclusive_time = 4076
exclusive_time = 86
process_id = p3
operationName = /wrk2-api/review/compose
serviceName = nginx
------------------------------------------------------------------------------------
span = 2
trace_id = aadaa9e229139420
span_id = e5860b5b99d0ea1e
parent_id = 93bb25281281fdd6
start_time = 1682628697906336
end_time = 1682628697910326
inclusive_time = 3990
exclusive_time = 265
process_id = p3
operationName = ComposeReview
serviceName = nginx
------------------------------------------------------------------------------------
span = 3
trace_id = aadaa9e229139420
span_id = a523c8d7e3071e7b
parent_id = e5860b5b99d0ea1e
start_time = 1682628697906630
end_time = 1682628697910244
inclusive_time = 3614
exclusive_time = 318
process_id = p2
operationName = UploadMovieId
serviceName = movie-id-service
------------------------------------------------------------------------------------
span = 4
trace_id = aadaa9e229139420
span_id = 5fe13c1e1f2b5611
parent_id = a523c8d7e3071e7b
start_time = 1682628697907038
end_time = 1682628697910083
inclusive_time = 3045
exclusive_time = 215
process_id = p7
operationName = UploadRating
serviceName = rating-service
------------------------------------------------------------------------------------
span = 5
trace_id = aadaa9e229139420
span_id = 512006c64a817f5d
parent_id = 5fe13c1e1f2b5611
start_time = 1682628697907173
end_time = 1682628697909957
inclusive_time = 2784
exclusive_time = 917
process_id = p1
operationName = UploadRating
serviceName = compose-review-service
------------------------------------------------------------------------------------
span = 6
trace_id = aadaa9e229139420
span_id = edc8360be26f3e7d
parent_id = 512006c64a817f5d
start_time = 1682628697907963
end_time = 1682628697909786
inclusive_time = 1823
exclusive_time = 18
process_id = p4
operationName = UploadMovieReview
serviceName = movie-review-service
------------------------------------------------------------------------------------
span = 7
trace_id = aadaa9e229139420
span_id = 3bcaa27a4d10adf3
parent_id = edc8360be26f3e7d
start_time = 1682628697907981
end_time = 1682628697909861
inclusive_time = 1880
exclusive_time = 1880
process_id = p4
operationName = MongoFindMovie
serviceName = movie-review-service
------------------------------------------------------------------------------------
span = 8
trace_id = aadaa9e229139420
span_id = 26fc148f2583b809
parent_id = a523c8d7e3071e7b
start_time = 1682628697906860
end_time = 1682628697906947
inclusive_time = 87
exclusive_time = 87
process_id = p2
operationName = MmcSetMovieId
serviceName = movie-id-service
------------------------------------------------------------------------------------
span = 9
trace_id = aadaa9e229139420
span_id = 799668a162ada96c
parent_id = a523c8d7e3071e7b
start_time = 1682628697906643
end_time = 1682628697906738
inclusive_time = 95
exclusive_time = 95
process_id = p2
operationName = MmcGetMovieId
serviceName = movie-id-service
------------------------------------------------------------------------------------
