span 0
span_id = bb9040daffdc4d96
parent_id = None
start_time = 1682628698220000
end_time = 1682628698225719
inclusive_time = 5719
exclusive_time = 872
process_id = p6
operationName = /wrk2-api/review/compose
serviceName = None
------------------------------------------------------------------------------------
span 1
span_id = e8a68bcd14d34a94
parent_id = bb9040daffdc4d96
start_time = 1682628698220872
end_time = 1682628698225719
inclusive_time = 4847
exclusive_time = 616
process_id = p6
operationName = /wrk2-api/review/compose
serviceName = None
------------------------------------------------------------------------------------
span 2
span_id = 5d45c843faf74168
parent_id = e8a68bcd14d34a94
start_time = 1682628698220919
end_time = 1682628698225150
inclusive_time = 4231
exclusive_time = 571
process_id = p6
operationName = ComposeReview
serviceName = None
------------------------------------------------------------------------------------
span 3
span_id = 6e592f268d6fbdcf
parent_id = 5d45c843faf74168
start_time = 1682628698221213
end_time = 1682628698224757
inclusive_time = 3544
exclusive_time = 366
process_id = p3
operationName = UploadMovieId
serviceName = None
------------------------------------------------------------------------------------
span 4
span_id = 4ce947c9b21cc35f
parent_id = 6e592f268d6fbdcf
start_time = 1682628698221731
end_time = 1682628698224588
inclusive_time = 2857
exclusive_time = 536
process_id = p10
operationName = UploadRating
serviceName = None
------------------------------------------------------------------------------------
span 5
span_id = ae69472eb35aa77e
parent_id = 4ce947c9b21cc35f
start_time = 1682628698221977
end_time = 1682628698224286
inclusive_time = 2309
exclusive_time = 1061
process_id = p2
operationName = UploadRating
serviceName = None
------------------------------------------------------------------------------------
span 6
span_id = 5527cc9cd6d391fe
parent_id = ae69472eb35aa77e
start_time = 1682628698223053
end_time = 1682628698224059
inclusive_time = 1006
exclusive_time = 19
process_id = p1
operationName = UploadUserReview
serviceName = None
------------------------------------------------------------------------------------
span 7
span_id = 795c812373d638a3
parent_id = 5527cc9cd6d391fe
start_time = 1682628698223072
end_time = 1682628698224063
inclusive_time = 991
exclusive_time = 991
process_id = p1
operationName = MongoFindUser
serviceName = None
------------------------------------------------------------------------------------
span 8
span_id = 87d027a0d417341d
parent_id = 6e592f268d6fbdcf
start_time = 1682628698221475
end_time = 1682628698221573
inclusive_time = 98
exclusive_time = 98
process_id = p3
operationName = MmcSetMovieId
serviceName = None
------------------------------------------------------------------------------------
span 9
span_id = 4a7fcede7fc33974
parent_id = 6e592f268d6fbdcf
start_time = 1682628698221231
end_time = 1682628698221322
inclusive_time = 91
exclusive_time = 91
process_id = p3
operationName = MmcGetMovieId
serviceName = None
------------------------------------------------------------------------------------
