span 0
span_id = 648ab815e4309975
parent_id = None
start_time = 1682628697854000
end_time = 1682628697859556
inclusive_time = 5556
exclusive_time = 571
process_id = p5
operationName = /wrk2-api/review/compose
serviceName = None
------------------------------------------------------------------------------------
span 1
span_id = 6834bedad16899e5
parent_id = 648ab815e4309975
start_time = 1682628697854570
end_time = 1682628697859555
inclusive_time = 4985
exclusive_time = 88
process_id = p5
operationName = /wrk2-api/review/compose
serviceName = None
------------------------------------------------------------------------------------
span 2
span_id = 2a063510b3ff2e76
parent_id = 6834bedad16899e5
start_time = 1682628697854614
end_time = 1682628697859511
inclusive_time = 4897
exclusive_time = 306
process_id = p5
operationName = ComposeReview
serviceName = None
------------------------------------------------------------------------------------
span 3
span_id = 9ddc9206a0c019ae
parent_id = 2a063510b3ff2e76
start_time = 1682628697855319
end_time = 1682628697859420
inclusive_time = 4101
exclusive_time = 462
process_id = p4
operationName = UploadMovieId
serviceName = None
------------------------------------------------------------------------------------
span 4
span_id = f25588607f6f7b9c
parent_id = 9ddc9206a0c019ae
start_time = 1682628697855830
end_time = 1682628697859221
inclusive_time = 3391
exclusive_time = 180
process_id = p8
operationName = UploadRating
serviceName = None
------------------------------------------------------------------------------------
span 5
span_id = 082c2dab95a55156
parent_id = f25588607f6f7b9c
start_time = 1682628697855979
end_time = 1682628697859118
inclusive_time = 3139
exclusive_time = 1330
process_id = p3
operationName = UploadRating
serviceName = None
------------------------------------------------------------------------------------
span 6
span_id = 4dc667a74eb1fa41
parent_id = 082c2dab95a55156
start_time = 1682628697857170
end_time = 1682628697858956
inclusive_time = 1786
exclusive_time = 29
process_id = p2
operationName = UploadUserReview
serviceName = None
------------------------------------------------------------------------------------
span 7
span_id = daf014682553cb19
parent_id = 4dc667a74eb1fa41
start_time = 1682628697857199
end_time = 1682628697858959
inclusive_time = 1760
exclusive_time = 1760
process_id = p2
operationName = MongoFindUser
serviceName = None
------------------------------------------------------------------------------------
span 8
span_id = ec1a873ddcf6660f
parent_id = 9ddc9206a0c019ae
start_time = 1682628697855636
end_time = 1682628697855722
inclusive_time = 86
exclusive_time = 86
process_id = p4
operationName = MmcSetMovieId
serviceName = None
------------------------------------------------------------------------------------
span 9
span_id = 1c8cd5e5d4809c1f
parent_id = 9ddc9206a0c019ae
start_time = 1682628697855338
end_time = 1682628697855442
inclusive_time = 104
exclusive_time = 104
process_id = p4
operationName = MmcGetMovieId
serviceName = None
------------------------------------------------------------------------------------
