span = 0
trace_id = eac3e29cf4459ac2
span_id = eac3e29cf4459ac2
parent_id = None
start_time = 1682628697893000
end_time = 1682628697898773
inclusive_time = 5773
exclusive_time = 1000
process_id = p1
operationName = /wrk2-api/review/compose
serviceName = nginx
------------------------------------------------------------------------------------
span = 1
trace_id = eac3e29cf4459ac2
span_id = 98f2591d3ff5fec4
parent_id = eac3e29cf4459ac2
start_time = 1682628697894000
end_time = 1682628697898773
inclusive_time = 4773
exclusive_time = 96
process_id = p1
operationName = /wrk2-api/review/compose
serviceName = nginx
------------------------------------------------------------------------------------
span = 2
trace_id = eac3e29cf4459ac2
span_id = aaa9291734ad721b
parent_id = 98f2591d3ff5fec4
start_time = 1682628697894034
end_time = 1682628697898711
inclusive_time = 4677
exclusive_time = 732
process_id = p1
operationName = ComposeReview
serviceName = nginx
------------------------------------------------------------------------------------
span = 3
trace_id = eac3e29cf4459ac2
span_id = ca87b98a480d0785
parent_id = aaa9291734ad721b
start_time = 1682628697894306
end_time = 1682628697898165
inclusive_time = 3859
exclusive_time = 344
process_id = p3
operationName = UploadMovieId
serviceName = movie-id-service
------------------------------------------------------------------------------------
span = 4
trace_id = eac3e29cf4459ac2
span_id = 8a9e695ac0b9d4c9
parent_id = ca87b98a480d0785
start_time = 1682628697894730
end_time = 1682628697897955
inclusive_time = 3225
exclusive_time = 351
process_id = p7
operationName = UploadRating
serviceName = rating-service
------------------------------------------------------------------------------------
span = 5
trace_id = eac3e29cf4459ac2
span_id = 89dfea173e0e1748
parent_id = 8a9e695ac0b9d4c9
start_time = 1682628697894958
end_time = 1682628697897812
inclusive_time = 2854
exclusive_time = 1311
process_id = p2
operationName = UploadRating
serviceName = compose-review-service
------------------------------------------------------------------------------------
span = 6
trace_id = eac3e29cf4459ac2
span_id = 4be675da53f6bb5e
parent_id = 89dfea173e0e1748
start_time = 1682628697896486
end_time = 1682628697897659
inclusive_time = 1173
exclusive_time = 36
process_id = p4
operationName = UploadMovieReview
serviceName = movie-review-service
------------------------------------------------------------------------------------
span = 7
trace_id = eac3e29cf4459ac2
span_id = f5e4ac3ac27111aa
parent_id = 4be675da53f6bb5e
start_time = 1682628697896522
end_time = 1682628697897670
inclusive_time = 1148
exclusive_time = 1148
process_id = p4
operationName = MongoFindMovie
serviceName = movie-review-service
------------------------------------------------------------------------------------
span = 8
trace_id = eac3e29cf4459ac2
span_id = 00fb9cb3c7ab5671
parent_id = ca87b98a480d0785
start_time = 1682628697894318
end_time = 1682628697894409
inclusive_time = 91
exclusive_time = 91
process_id = p3
operationName = MmcGetMovieId
serviceName = movie-id-service
------------------------------------------------------------------------------------
