span = 0
span_id = 596130a6713fb791
parent_id = None
start_time = 1682628698272000
end_time = 1682628698276784
inclusive_time = 4784
exclusive_time = 507
process_id = p3
operationName = /wrk2-api/review/compose
serviceName = nginx
------------------------------------------------------------------------------------
span = 1
span_id = 162afa05166110f1
parent_id = 596130a6713fb791
start_time = 1682628698272507
end_time = 1682628698276784
inclusive_time = 4277
exclusive_time = 99
process_id = p3
operationName = /wrk2-api/review/compose
serviceName = nginx
------------------------------------------------------------------------------------
span = 2
span_id = 5f41e633bf66ceb4
parent_id = 162afa05166110f1
start_time = 1682628698272549
end_time = 1682628698276727
inclusive_time = 4178
exclusive_time = 278
process_id = p3
operationName = ComposeReview
serviceName = nginx
------------------------------------------------------------------------------------
span = 3
span_id = 3e4896518c9dbeb9
parent_id = 5f41e633bf66ceb4
start_time = 1682628698272935
end_time = 1682628698276641
inclusive_time = 3706
exclusive_time = 288
process_id = p6
operationName = UploadMovieId
serviceName = movie-id-service
------------------------------------------------------------------------------------
span = 4
span_id = 9a98bc4bf39277b4
parent_id = 3e4896518c9dbeb9
start_time = 1682628698273389
end_time = 1682628698276535
inclusive_time = 3146
exclusive_time = 259
process_id = p10
operationName = UploadRating
serviceName = rating-service
------------------------------------------------------------------------------------
span = 5
span_id = 537e92c87173c305
parent_id = 9a98bc4bf39277b4
start_time = 1682628698273601
end_time = 1682628698276388
inclusive_time = 2787
exclusive_time = 1188
process_id = p5
operationName = UploadRating
serviceName = compose-review-service
------------------------------------------------------------------------------------
span = 6
span_id = 494895c7a3644e9f
parent_id = 537e92c87173c305
start_time = 1682628698274547
end_time = 1682628698276146
inclusive_time = 1599
exclusive_time = 18
process_id = p4
operationName = UploadUserReview
serviceName = user-review-service
------------------------------------------------------------------------------------
span = 7
span_id = ec20cec252fe8497
parent_id = 494895c7a3644e9f
start_time = 1682628698274565
end_time = 1682628698276153
inclusive_time = 1588
exclusive_time = 1588
process_id = p4
operationName = MongoFindUser
serviceName = user-review-service
------------------------------------------------------------------------------------
span = 8
span_id = 49164f6e1006f62e
parent_id = 3e4896518c9dbeb9
start_time = 1682628698273256
end_time = 1682628698273351
inclusive_time = 95
exclusive_time = 95
process_id = p6
operationName = MmcSetMovieId
serviceName = movie-id-service
------------------------------------------------------------------------------------
span = 9
span_id = 9e4bfa596b4c0559
parent_id = 3e4896518c9dbeb9
start_time = 1682628698272955
end_time = 1682628698273094
inclusive_time = 139
exclusive_time = 139
process_id = p6
operationName = MmcGetMovieId
serviceName = movie-id-service
------------------------------------------------------------------------------------
