span = 0
trace_id = be7a7088e63a6014
span_id = be7a7088e63a6014
parent_id = None
start_time = 1682628698233000
end_time = 1682628698237650
inclusive_time = 4650
exclusive_time = 415
process_id = p5
operationName = /wrk2-api/review/compose
serviceName = nginx
------------------------------------------------------------------------------------
span = 1
trace_id = be7a7088e63a6014
span_id = 2912958500715c96
parent_id = be7a7088e63a6014
start_time = 1682628698233415
end_time = 1682628698237650
inclusive_time = 4235
exclusive_time = 103
process_id = p5
operationName = /wrk2-api/review/compose
serviceName = nginx
------------------------------------------------------------------------------------
span = 2
trace_id = be7a7088e63a6014
span_id = a872bcbff1e3c545
parent_id = 2912958500715c96
start_time = 1682628698233455
end_time = 1682628698237587
inclusive_time = 4132
exclusive_time = 285
process_id = p5
operationName = ComposeReview
serviceName = nginx
------------------------------------------------------------------------------------
span = 3
trace_id = be7a7088e63a6014
span_id = 7a43b20cea652ff8
parent_id = a872bcbff1e3c545
start_time = 1682628698233742
end_time = 1682628698237502
inclusive_time = 3760
exclusive_time = 588
process_id = p1
operationName = UploadMovieId
serviceName = movie-id-service
------------------------------------------------------------------------------------
span = 4
trace_id = be7a7088e63a6014
span_id = 0f2700a4e38318c9
parent_id = 7a43b20cea652ff8
start_time = 1682628698234565
end_time = 1682628698237381
inclusive_time = 2816
exclusive_time = 277
process_id = p10
operationName = UploadRating
serviceName = rating-service
------------------------------------------------------------------------------------
span = 5
trace_id = be7a7088e63a6014
span_id = 1d4215223cf34a99
parent_id = 0f2700a4e38318c9
start_time = 1682628698234791
end_time = 1682628698237261
inclusive_time = 2470
exclusive_time = 1171
process_id = p2
operationName = UploadRating
serviceName = compose-review-service
------------------------------------------------------------------------------------
span = 6
trace_id = be7a7088e63a6014
span_id = 2cd7271a220a75a5
parent_id = 1d4215223cf34a99
start_time = 1682628698235890
end_time = 1682628698237066
inclusive_time = 1176
exclusive_time = 31
process_id = p3
operationName = UploadMovieReview
serviceName = movie-review-service
------------------------------------------------------------------------------------
span = 7
trace_id = be7a7088e63a6014
span_id = 9e263766e60c4e73
parent_id = 2cd7271a220a75a5
start_time = 1682628698235921
end_time = 1682628698237072
inclusive_time = 1151
exclusive_time = 1151
process_id = p3
operationName = MongoFindMovie
serviceName = movie-review-service
------------------------------------------------------------------------------------
span = 8
trace_id = be7a7088e63a6014
span_id = e30f6a24957c843a
parent_id = 7a43b20cea652ff8
start_time = 1682628698234389
end_time = 1682628698234493
inclusive_time = 104
exclusive_time = 104
process_id = p1
operationName = MmcSetMovieId
serviceName = movie-id-service
------------------------------------------------------------------------------------
span = 9
trace_id = be7a7088e63a6014
span_id = 74a1967bfb3831ef
parent_id = 7a43b20cea652ff8
start_time = 1682628698233786
end_time = 1682628698233915
inclusive_time = 129
exclusive_time = 129
process_id = p1
operationName = MmcGetMovieId
serviceName = movie-id-service
------------------------------------------------------------------------------------
