span 0
span_id = 6d25befbec8622d2
parent_id = None
start_time = 1682628698083000
end_time = 1682628698087953
inclusive_time = 4953
exclusive_time = 534
process_id = p1
operationName = /wrk2-api/review/compose
serviceName = None
------------------------------------------------------------------------------------
span 1
span_id = 3690186a34482550
parent_id = 6d25befbec8622d2
start_time = 1682628698083533
end_time = 1682628698087952
inclusive_time = 4419
exclusive_time = 92
process_id = p1
operationName = /wrk2-api/review/compose
serviceName = None
------------------------------------------------------------------------------------
span 2
span_id = 1a86108ca6cff2f6
parent_id = 3690186a34482550
start_time = 1682628698083574
end_time = 1682628698087901
inclusive_time = 4327
exclusive_time = 812
process_id = p1
operationName = ComposeReview
serviceName = None
------------------------------------------------------------------------------------
span 3
span_id = cdc2d886ba16bfd2
parent_id = 1a86108ca6cff2f6
start_time = 1682628698083820
end_time = 1682628698087244
inclusive_time = 3424
exclusive_time = 359
process_id = p5
operationName = UploadMovieId
serviceName = None
------------------------------------------------------------------------------------
span 4
span_id = b983d467739b67a3
parent_id = cdc2d886ba16bfd2
start_time = 1682628698084282
end_time = 1682628698087108
inclusive_time = 2826
exclusive_time = 257
process_id = p7
operationName = UploadRating
serviceName = None
------------------------------------------------------------------------------------
span 5
span_id = 788144c0442bd9a5
parent_id = b983d467739b67a3
start_time = 1682628698084429
end_time = 1682628698086998
inclusive_time = 2569
exclusive_time = 1285
process_id = p3
operationName = UploadRating
serviceName = None
------------------------------------------------------------------------------------
span 6
span_id = 48c0fc50b57493ac
parent_id = 788144c0442bd9a5
start_time = 1682628698085814
end_time = 1682628698086892
inclusive_time = 1078
exclusive_time = 23
process_id = p2
operationName = UploadMovieReview
serviceName = None
------------------------------------------------------------------------------------
span 7
span_id = c5a28ea5edd1bc9d
parent_id = 48c0fc50b57493ac
start_time = 1682628698085837
end_time = 1682628698086896
inclusive_time = 1059
exclusive_time = 1059
process_id = p2
operationName = MongoFindMovie
serviceName = None
------------------------------------------------------------------------------------
span 8
span_id = 510d19f6a98a7fb6
parent_id = cdc2d886ba16bfd2
start_time = 1682628698084133
end_time = 1682628698084250
inclusive_time = 117
exclusive_time = 117
process_id = p5
operationName = MmcSetMovieId
serviceName = None
------------------------------------------------------------------------------------
span 9
span_id = be765cb3fa38c441
parent_id = cdc2d886ba16bfd2
start_time = 1682628698083839
end_time = 1682628698083961
inclusive_time = 122
exclusive_time = 122
process_id = p5
operationName = MmcGetMovieId
serviceName = None
------------------------------------------------------------------------------------
