span = 0
trace_id = d08296714d933c2f
span_id = d08296714d933c2f
parent_id = None
start_time = 1682628698157000
end_time = 1682628698161423
inclusive_time = 4423
exclusive_time = 766
process_id = p2
operationName = /wrk2-api/review/compose
serviceName = nginx
call path = 
------------------------------------------------------------------------------------
span = 1
trace_id = d08296714d933c2f
span_id = 1ed395b6e69aeadd
parent_id = d08296714d933c2f
start_time = 1682628698157766
end_time = 1682628698161423
inclusive_time = 3657
exclusive_time = 113
process_id = p2
operationName = /wrk2-api/review/compose
serviceName = nginx
call path = ->/wrk2-api/review/compose_nginx
------------------------------------------------------------------------------------
span = 2
trace_id = d08296714d933c2f
span_id = 351e078266019a3b
parent_id = 1ed395b6e69aeadd
start_time = 1682628698157811
end_time = 1682628698161355
inclusive_time = 3544
exclusive_time = 292
process_id = p2
operationName = ComposeReview
serviceName = nginx
call path = ->/wrk2-api/review/compose_nginx->/wrk2-api/review/compose_nginx
------------------------------------------------------------------------------------
span = 3
trace_id = d08296714d933c2f
span_id = 0ece5ab354b27de0
parent_id = 351e078266019a3b
start_time = 1682628698158100
end_time = 1682628698161256
inclusive_time = 3156
exclusive_time = 347
process_id = p7
operationName = UploadMovieId
serviceName = movie-id-service
call path = ->/wrk2-api/review/compose_nginx->/wrk2-api/review/compose_nginx->ComposeReview_nginx
------------------------------------------------------------------------------------
span = 4
trace_id = d08296714d933c2f
span_id = a3a97d8886f7944b
parent_id = 0ece5ab354b27de0
start_time = 1682628698158632
end_time = 1682628698161119
inclusive_time = 2487
exclusive_time = 311
process_id = p1
operationName = UploadRating
serviceName = rating-service
call path = ->/wrk2-api/review/compose_nginx->/wrk2-api/review/compose_nginx->ComposeReview_nginx->UploadMovieId_movie-id-service
------------------------------------------------------------------------------------
span = 5
trace_id = d08296714d933c2f
span_id = fa7a0812114f577c
parent_id = a3a97d8886f7944b
start_time = 1682628698158874
end_time = 1682628698160980
inclusive_time = 2106
exclusive_time = 881
process_id = p3
operationName = UploadRating
serviceName = compose-review-service
call path = ->/wrk2-api/review/compose_nginx->/wrk2-api/review/compose_nginx->ComposeReview_nginx->UploadMovieId_movie-id-service->UploadRating_rating-service
------------------------------------------------------------------------------------
span = 6
trace_id = d08296714d933c2f
span_id = 3f7f81393fd3708f
parent_id = fa7a0812114f577c
start_time = 1682628698159701
end_time = 1682628698160845
inclusive_time = 1144
exclusive_time = 26
process_id = p4
operationName = UploadMovieReview
serviceName = movie-review-service
call path = ->/wrk2-api/review/compose_nginx->/wrk2-api/review/compose_nginx->ComposeReview_nginx->UploadMovieId_movie-id-service->UploadRating_rating-service->UploadRating_compose-review-service
------------------------------------------------------------------------------------
span = 7
trace_id = d08296714d933c2f
span_id = fc4dced28ee2f38b
parent_id = 3f7f81393fd3708f
start_time = 1682628698159727
end_time = 1682628698160848
inclusive_time = 1121
exclusive_time = 1121
process_id = p4
operationName = MongoFindMovie
serviceName = movie-review-service
call path = ->/wrk2-api/review/compose_nginx->/wrk2-api/review/compose_nginx->ComposeReview_nginx->UploadMovieId_movie-id-service->UploadRating_rating-service->UploadRating_compose-review-service->UploadMovieReview_movie-review-service
------------------------------------------------------------------------------------
span = 8
trace_id = d08296714d933c2f
span_id = 2a05770e89d4d57d
parent_id = 0ece5ab354b27de0
start_time = 1682628698158427
end_time = 1682628698158505
inclusive_time = 78
exclusive_time = 78
process_id = p7
operationName = MmcSetMovieId
serviceName = movie-id-service
call path = ->/wrk2-api/review/compose_nginx->/wrk2-api/review/compose_nginx->ComposeReview_nginx->UploadMovieId_movie-id-service
------------------------------------------------------------------------------------
span = 9
trace_id = d08296714d933c2f
span_id = 5579077b62d33e2b
parent_id = 0ece5ab354b27de0
start_time = 1682628698158112
end_time = 1682628698158243
inclusive_time = 131
exclusive_time = 131
process_id = p7
operationName = MmcGetMovieId
serviceName = movie-id-service
call path = ->/wrk2-api/review/compose_nginx->/wrk2-api/review/compose_nginx->ComposeReview_nginx->UploadMovieId_movie-id-service
------------------------------------------------------------------------------------
