span = 0
trace_id = 777d48b612ea99f2
span_id = 777d48b612ea99f2
parent_id = None
start_time = 1682628698332000
end_time = 1682628698335716
inclusive_time = 3716
exclusive_time = 29
process_id = p10
operationName = /wrk2-api/review/compose
serviceName = nginx
------------------------------------------------------------------------------------
span = 1
trace_id = 777d48b612ea99f2
span_id = 67ad2d1e031d100f
parent_id = 777d48b612ea99f2
start_time = 1682628698332028
end_time = 1682628698335715
inclusive_time = 3687
exclusive_time = 83
process_id = p10
operationName = /wrk2-api/review/compose
serviceName = nginx
------------------------------------------------------------------------------------
span = 2
trace_id = 777d48b612ea99f2
span_id = e4c7ff0e5e509d96
parent_id = 67ad2d1e031d100f
start_time = 1682628698332062
end_time = 1682628698335666
inclusive_time = 3604
exclusive_time = 280
process_id = p10
operationName = ComposeReview
serviceName = nginx
------------------------------------------------------------------------------------
span = 3
trace_id = 777d48b612ea99f2
span_id = 28b26c0fad1ddc0c
parent_id = e4c7ff0e5e509d96
start_time = 1682628698332335
end_time = 1682628698335602
inclusive_time = 3267
exclusive_time = 288
process_id = p1
operationName = UploadMovieId
serviceName = movie-id-service
------------------------------------------------------------------------------------
span = 4
trace_id = 777d48b612ea99f2
span_id = 315ed2fb4c06e2c2
parent_id = 28b26c0fad1ddc0c
start_time = 1682628698332763
end_time = 1682628698335506
inclusive_time = 2743
exclusive_time = 207
process_id = p9
operationName = UploadRating
serviceName = rating-service
------------------------------------------------------------------------------------
span = 5
trace_id = 777d48b612ea99f2
span_id = 3972d47fab463a6d
parent_id = 315ed2fb4c06e2c2
start_time = 1682628698332890
end_time = 1682628698335383
inclusive_time = 2493
exclusive_time = 1226
process_id = p2
operationName = UploadRating
serviceName = compose-review-service
------------------------------------------------------------------------------------
span = 6
trace_id = 777d48b612ea99f2
span_id = 1e034485be1434a4
parent_id = 3972d47fab463a6d
start_time = 1682628698334045
end_time = 1682628698335241
inclusive_time = 1196
exclusive_time = 17
process_id = p5
operationName = UploadMovieReview
serviceName = movie-review-service
------------------------------------------------------------------------------------
span = 7
trace_id = 777d48b612ea99f2
span_id = 2bd38e0a012badbb
parent_id = 1e034485be1434a4
start_time = 1682628698334062
end_time = 1682628698335245
inclusive_time = 1183
exclusive_time = 1183
process_id = p5
operationName = MongoFindMovie
serviceName = movie-review-service
------------------------------------------------------------------------------------
span = 8
trace_id = 777d48b612ea99f2
span_id = 147c63a833f6ff4f
parent_id = 28b26c0fad1ddc0c
start_time = 1682628698332593
end_time = 1682628698332699
inclusive_time = 106
exclusive_time = 106
process_id = p1
operationName = MmcSetMovieId
serviceName = movie-id-service
------------------------------------------------------------------------------------
span = 9
trace_id = 777d48b612ea99f2
span_id = a2e3a6d345d2071d
parent_id = 28b26c0fad1ddc0c
start_time = 1682628698332354
end_time = 1682628698332439
inclusive_time = 85
exclusive_time = 85
process_id = p1
operationName = MmcGetMovieId
serviceName = movie-id-service
------------------------------------------------------------------------------------
