span 0
span_id = 303a975bd79d2d96
parent_id = None
start_time = 1682628697883000
end_time = 1682628697886886
inclusive_time = 3886
exclusive_time = 125
process_id = p2
operationName = /wrk2-api/review/compose
serviceName = None
------------------------------------------------------------------------------------
span 1
span_id = 8ab841364fa2bf5c
parent_id = 303a975bd79d2d96
start_time = 1682628697883125
end_time = 1682628697886886
inclusive_time = 3761
exclusive_time = 109
process_id = p2
operationName = /wrk2-api/review/compose
serviceName = None
------------------------------------------------------------------------------------
span 2
span_id = 8d1ab0133fea79e3
parent_id = 8ab841364fa2bf5c
start_time = 1682628697883180
end_time = 1682628697886832
inclusive_time = 3652
exclusive_time = 329
process_id = p2
operationName = ComposeReview
serviceName = None
------------------------------------------------------------------------------------
span 3
span_id = 6128fce081ad0ca4
parent_id = 8d1ab0133fea79e3
start_time = 1682628697883548
end_time = 1682628697886754
inclusive_time = 3206
exclusive_time = 379
process_id = p4
operationName = UploadMovieId
serviceName = None
------------------------------------------------------------------------------------
span 4
span_id = 69bef492c0eb2566
parent_id = 6128fce081ad0ca4
start_time = 1682628697884194
end_time = 1682628697886620
inclusive_time = 2426
exclusive_time = 315
process_id = p7
operationName = UploadRating
serviceName = None
------------------------------------------------------------------------------------
span 5
span_id = 45c5ab0406875ecc
parent_id = 69bef492c0eb2566
start_time = 1682628697884388
end_time = 1682628697886468
inclusive_time = 2080
exclusive_time = 862
process_id = p3
operationName = UploadRating
serviceName = None
------------------------------------------------------------------------------------
span 6
span_id = 5362c52f8b2c3e08
parent_id = 45c5ab0406875ecc
start_time = 1682628697885358
end_time = 1682628697886367
inclusive_time = 1009
exclusive_time = 18
process_id = p5
operationName = UploadMovieReview
serviceName = None
------------------------------------------------------------------------------------
span 7
span_id = 2e45c34813d8ba1d
parent_id = 5362c52f8b2c3e08
start_time = 1682628697885376
end_time = 1682628697886370
inclusive_time = 994
exclusive_time = 994
process_id = p5
operationName = MongoFindMovie
serviceName = None
------------------------------------------------------------------------------------
span 8
span_id = 11492aa7c9188291
parent_id = 6128fce081ad0ca4
start_time = 1682628697883891
end_time = 1682628697883993
inclusive_time = 102
exclusive_time = 102
process_id = p4
operationName = MmcSetMovieId
serviceName = None
------------------------------------------------------------------------------------
span 9
span_id = 656ff618e4b99a0b
parent_id = 6128fce081ad0ca4
start_time = 1682628697883559
end_time = 1682628697883675
inclusive_time = 116
exclusive_time = 116
process_id = p4
operationName = MmcGetMovieId
serviceName = None
------------------------------------------------------------------------------------
