span = 0
span_id = 67bd717d887e4b04
parent_id = None
start_time = 1682628698332000
end_time = 1682628698337712
inclusive_time = 5712
exclusive_time = 1244
process_id = p10
operationName = /wrk2-api/review/compose
serviceName = nginx
------------------------------------------------------------------------------------
span = 1
span_id = d85684e4929dd9d1
parent_id = 67bd717d887e4b04
start_time = 1682628698333244
end_time = 1682628698337712
inclusive_time = 4468
exclusive_time = 78
process_id = p10
operationName = /wrk2-api/review/compose
serviceName = nginx
------------------------------------------------------------------------------------
span = 2
span_id = d32b479702aa9f64
parent_id = d85684e4929dd9d1
start_time = 1682628698333278
end_time = 1682628698337668
inclusive_time = 4390
exclusive_time = 232
process_id = p10
operationName = ComposeReview
serviceName = nginx
------------------------------------------------------------------------------------
span = 3
span_id = b4f9983c94c24320
parent_id = d32b479702aa9f64
start_time = 1682628698334401
end_time = 1682628698337603
inclusive_time = 3202
exclusive_time = 390
process_id = p1
operationName = UploadMovieId
serviceName = movie-id-service
------------------------------------------------------------------------------------
span = 4
span_id = 6c6d003237fc13f3
parent_id = b4f9983c94c24320
start_time = 1682628698334902
end_time = 1682628698337486
inclusive_time = 2584
exclusive_time = 311
process_id = p9
operationName = UploadRating
serviceName = rating-service
------------------------------------------------------------------------------------
span = 5
span_id = bd80ce3ff1325b5e
parent_id = 6c6d003237fc13f3
start_time = 1682628698335104
end_time = 1682628698337377
inclusive_time = 2273
exclusive_time = 1116
process_id = p2
operationName = UploadRating
serviceName = compose-review-service
------------------------------------------------------------------------------------
span = 6
span_id = e112271d44947e0d
parent_id = bd80ce3ff1325b5e
start_time = 1682628698336174
end_time = 1682628698337258
inclusive_time = 1084
exclusive_time = 18
process_id = p5
operationName = UploadMovieReview
serviceName = movie-review-service
------------------------------------------------------------------------------------
span = 7
span_id = cbf4ff72776e93ef
parent_id = e112271d44947e0d
start_time = 1682628698336192
end_time = 1682628698337261
inclusive_time = 1069
exclusive_time = 1069
process_id = p5
operationName = MongoFindMovie
serviceName = movie-review-service
------------------------------------------------------------------------------------
span = 8
span_id = 7f19c92d404f24e4
parent_id = b4f9983c94c24320
start_time = 1682628698334722
end_time = 1682628698334830
inclusive_time = 108
exclusive_time = 108
process_id = p1
operationName = MmcSetMovieId
serviceName = movie-id-service
------------------------------------------------------------------------------------
span = 9
span_id = 0ad14cafb2af44e1
parent_id = b4f9983c94c24320
start_time = 1682628698334415
end_time = 1682628698334514
inclusive_time = 99
exclusive_time = 99
process_id = p1
operationName = MmcGetMovieId
serviceName = movie-id-service
------------------------------------------------------------------------------------
span = 10
span_id = 497fbfbff8c8eabd
parent_id = d32b479702aa9f64
start_time = 1682628698333703
end_time = 1682628698334252
inclusive_time = 549
exclusive_time = 170
process_id = p8
operationName = UploadText
serviceName = text-service
------------------------------------------------------------------------------------
span = 11
span_id = be4b2d1fa5e8fc1b
parent_id = 497fbfbff8c8eabd
start_time = 1682628698333802
end_time = 1682628698334181
inclusive_time = 379
exclusive_time = 379
process_id = p2
operationName = UploadText
serviceName = compose-review-service
------------------------------------------------------------------------------------
