span = 0
trace_id = 503acaa0a77c7757
span_id = 503acaa0a77c7757
parent_id = None
start_time = 1682628698030000
end_time = 1682628698035405
inclusive_time = 5405
exclusive_time = 898
process_id = p1
operationName = /wrk2-api/review/compose
serviceName = nginx
call path = 
------------------------------------------------------------------------------------
span = 1
trace_id = 503acaa0a77c7757
span_id = 71c380f17c4928af
parent_id = 503acaa0a77c7757
start_time = 1682628698030898
end_time = 1682628698035405
inclusive_time = 4507
exclusive_time = 107
process_id = p1
operationName = /wrk2-api/review/compose
serviceName = nginx
call path = ->/wrk2-api/review/compose_nginx
------------------------------------------------------------------------------------
span = 2
trace_id = 503acaa0a77c7757
span_id = 6f925401aa23fcf3
parent_id = 71c380f17c4928af
start_time = 1682628698030941
end_time = 1682628698035341
inclusive_time = 4400
exclusive_time = 713
process_id = p1
operationName = ComposeReview
serviceName = nginx
call path = ->/wrk2-api/review/compose_nginx->/wrk2-api/review/compose_nginx
------------------------------------------------------------------------------------
span = 3
trace_id = 503acaa0a77c7757
span_id = f7af74f3692dd4d0
parent_id = 6f925401aa23fcf3
start_time = 1682628698031255
end_time = 1682628698034814
inclusive_time = 3559
exclusive_time = 475
process_id = p8
operationName = UploadMovieId
serviceName = movie-id-service
call path = ->/wrk2-api/review/compose_nginx->/wrk2-api/review/compose_nginx->ComposeReview_nginx
------------------------------------------------------------------------------------
span = 4
trace_id = 503acaa0a77c7757
span_id = 4de8e4303837e2b6
parent_id = f7af74f3692dd4d0
start_time = 1682628698031837
end_time = 1682628698034659
inclusive_time = 2822
exclusive_time = 304
process_id = p9
operationName = UploadRating
serviceName = rating-service
call path = ->/wrk2-api/review/compose_nginx->/wrk2-api/review/compose_nginx->ComposeReview_nginx->UploadMovieId_movie-id-service
------------------------------------------------------------------------------------
span = 5
trace_id = 503acaa0a77c7757
span_id = 33e563e61a75756f
parent_id = 4de8e4303837e2b6
start_time = 1682628698032051
end_time = 1682628698034517
inclusive_time = 2466
exclusive_time = 1227
process_id = p3
operationName = UploadRating
serviceName = compose-review-service
call path = ->/wrk2-api/review/compose_nginx->/wrk2-api/review/compose_nginx->ComposeReview_nginx->UploadMovieId_movie-id-service->UploadRating_rating-service
------------------------------------------------------------------------------------
span = 6
trace_id = 503acaa0a77c7757
span_id = dec4531d0684a0b0
parent_id = 33e563e61a75756f
start_time = 1682628698033135
end_time = 1682628698034374
inclusive_time = 1239
exclusive_time = 28
process_id = p4
operationName = UploadUserReview
serviceName = user-review-service
call path = ->/wrk2-api/review/compose_nginx->/wrk2-api/review/compose_nginx->ComposeReview_nginx->UploadMovieId_movie-id-service->UploadRating_rating-service->UploadRating_compose-review-service
------------------------------------------------------------------------------------
span = 7
trace_id = 503acaa0a77c7757
span_id = 3b6710ade6054b86
parent_id = dec4531d0684a0b0
start_time = 1682628698033163
end_time = 1682628698034379
inclusive_time = 1216
exclusive_time = 1216
process_id = p4
operationName = MongoFindUser
serviceName = user-review-service
call path = ->/wrk2-api/review/compose_nginx->/wrk2-api/review/compose_nginx->ComposeReview_nginx->UploadMovieId_movie-id-service->UploadRating_rating-service->UploadRating_compose-review-service->UploadUserReview_user-review-service
------------------------------------------------------------------------------------
span = 8
trace_id = 503acaa0a77c7757
span_id = dc26e777a898e0ac
parent_id = f7af74f3692dd4d0
start_time = 1682628698031275
end_time = 1682628698031391
inclusive_time = 116
exclusive_time = 116
process_id = p8
operationName = MmcGetMovieId
serviceName = movie-id-service
call path = ->/wrk2-api/review/compose_nginx->/wrk2-api/review/compose_nginx->ComposeReview_nginx->UploadMovieId_movie-id-service
------------------------------------------------------------------------------------
