span 0
span_id = 80d853a1721b170e
parent_id = None
start_time = 1682628697972000
end_time = 1682628697977265
inclusive_time = 5265
exclusive_time = 938
process_id = p6
operationName = /wrk2-api/review/compose
serviceName = None
------------------------------------------------------------------------------------
span 1
span_id = f7ce0f2b059240c9
parent_id = 80d853a1721b170e
start_time = 1682628697972938
end_time = 1682628697977265
inclusive_time = 4327
exclusive_time = 112
process_id = p6
operationName = /wrk2-api/review/compose
serviceName = None
------------------------------------------------------------------------------------
span 2
span_id = 91980d13b0e56e8e
parent_id = f7ce0f2b059240c9
start_time = 1682628697972989
end_time = 1682628697977204
inclusive_time = 4215
exclusive_time = 266
process_id = p6
operationName = ComposeReview
serviceName = None
------------------------------------------------------------------------------------
span 3
span_id = 0e3e0d3eccd5e322
parent_id = 91980d13b0e56e8e
start_time = 1682628697974161
end_time = 1682628697977134
inclusive_time = 2973
exclusive_time = 822
process_id = p3
operationName = UploadText
serviceName = None
------------------------------------------------------------------------------------
span 4
span_id = 499432ecf9385f28
parent_id = 0e3e0d3eccd5e322
start_time = 1682628697974254
end_time = 1682628697976405
inclusive_time = 2151
exclusive_time = 960
process_id = p1
operationName = UploadText
serviceName = None
------------------------------------------------------------------------------------
span 5
span_id = a5f743b9638fe6cb
parent_id = 499432ecf9385f28
start_time = 1682628697975187
end_time = 1682628697976298
inclusive_time = 1111
exclusive_time = 19
process_id = p8
operationName = UploadUserReview
serviceName = None
------------------------------------------------------------------------------------
span 6
span_id = 90863cd49797b77f
parent_id = a5f743b9638fe6cb
start_time = 1682628697975206
end_time = 1682628697976301
inclusive_time = 1095
exclusive_time = 1095
process_id = p8
operationName = MongoFindUser
serviceName = None
------------------------------------------------------------------------------------
span 7
span_id = fcb21686a1e8f5f8
parent_id = 91980d13b0e56e8e
start_time = 1682628697973491
end_time = 1682628697974090
inclusive_time = 599
exclusive_time = 269
process_id = p9
operationName = UploadUniqueId
serviceName = None
------------------------------------------------------------------------------------
span 8
span_id = 9cb81e686733d3de
parent_id = fcb21686a1e8f5f8
start_time = 1682628697973690
end_time = 1682628697974020
inclusive_time = 330
exclusive_time = 330
process_id = p1
operationName = UploadUniqueId
serviceName = None
------------------------------------------------------------------------------------
