span 0
span_id = c4e00fe6041cc5ea
parent_id = None
start_time = 1682628698309000
end_time = 1682628698314854
inclusive_time = 5854
exclusive_time = 72
process_id = p10
operationName = /wrk2-api/review/compose
serviceName = None
------------------------------------------------------------------------------------
span 1
span_id = 9678ae359562e5d9
parent_id = c4e00fe6041cc5ea
start_time = 1682628698309071
end_time = 1682628698314853
inclusive_time = 5782
exclusive_time = 109
process_id = p10
operationName = /wrk2-api/review/compose
serviceName = None
------------------------------------------------------------------------------------
span 2
span_id = 2284eb06f90d32cf
parent_id = 9678ae359562e5d9
start_time = 1682628698309121
end_time = 1682628698314794
inclusive_time = 5673
exclusive_time = 339
process_id = p10
operationName = ComposeReview
serviceName = None
------------------------------------------------------------------------------------
span 3
span_id = 6f4dc335ceaa93dd
parent_id = 2284eb06f90d32cf
start_time = 1682628698309845
end_time = 1682628698314661
inclusive_time = 4816
exclusive_time = 361
process_id = p2
operationName = UploadMovieId
serviceName = None
------------------------------------------------------------------------------------
span 4
span_id = 4c7cfad721aa3291
parent_id = 6f4dc335ceaa93dd
start_time = 1682628698310527
end_time = 1682628698314555
inclusive_time = 4028
exclusive_time = 294
process_id = p9
operationName = UploadRating
serviceName = None
------------------------------------------------------------------------------------
span 5
span_id = 8d177fd675f7fcda
parent_id = 4c7cfad721aa3291
start_time = 1682628698310740
end_time = 1682628698314389
inclusive_time = 3649
exclusive_time = 1541
process_id = p1
operationName = UploadRating
serviceName = None
------------------------------------------------------------------------------------
span 6
span_id = febdfa1bd01fb67e
parent_id = 8d177fd675f7fcda
start_time = 1682628698312064
end_time = 1682628698313874
inclusive_time = 1810
exclusive_time = 20
process_id = p6
operationName = UploadUserReview
serviceName = None
------------------------------------------------------------------------------------
span 7
span_id = 1b80bb9c3b033a12
parent_id = febdfa1bd01fb67e
start_time = 1682628698312084
end_time = 1682628698313882
inclusive_time = 1798
exclusive_time = 1798
process_id = p6
operationName = MongoFindUser
serviceName = None
------------------------------------------------------------------------------------
span 8
span_id = 29326f24398d0c37
parent_id = 6f4dc335ceaa93dd
start_time = 1682628698310159
end_time = 1682628698310233
inclusive_time = 74
exclusive_time = 74
process_id = p2
operationName = MmcSetMovieId
serviceName = None
------------------------------------------------------------------------------------
span 9
span_id = 553d541f75f9ee43
parent_id = 6f4dc335ceaa93dd
start_time = 1682628698309859
end_time = 1682628698309971
inclusive_time = 112
exclusive_time = 112
process_id = p2
operationName = MmcGetMovieId
serviceName = None
------------------------------------------------------------------------------------
