span 0
span_id = 54728bdd0c3959da
parent_id = None
start_time = 1682628698158000
end_time = 1682628698162784
inclusive_time = 4784
exclusive_time = 850
process_id = p2
operationName = /wrk2-api/review/compose
serviceName = None
------------------------------------------------------------------------------------
span 1
span_id = 4137e110f5da698f
parent_id = 54728bdd0c3959da
start_time = 1682628698158850
end_time = 1682628698162784
inclusive_time = 3934
exclusive_time = 101
process_id = p2
operationName = /wrk2-api/review/compose
serviceName = None
------------------------------------------------------------------------------------
span 2
span_id = 6504be803abe8031
parent_id = 4137e110f5da698f
start_time = 1682628698158883
end_time = 1682628698162716
inclusive_time = 3833
exclusive_time = 373
process_id = p2
operationName = ComposeReview
serviceName = None
------------------------------------------------------------------------------------
span 3
span_id = aa3c9673fb729326
parent_id = 6504be803abe8031
start_time = 1682628698159111
end_time = 1682628698162571
inclusive_time = 3460
exclusive_time = 428
process_id = p7
operationName = UploadMovieId
serviceName = None
------------------------------------------------------------------------------------
span 4
span_id = 85324442b08195e8
parent_id = aa3c9673fb729326
start_time = 1682628698159511
end_time = 1682628698162351
inclusive_time = 2840
exclusive_time = 191
process_id = p1
operationName = UploadRating
serviceName = None
------------------------------------------------------------------------------------
span 5
span_id = 95bdc261c6fd9e12
parent_id = 85324442b08195e8
start_time = 1682628698159656
end_time = 1682628698162258
inclusive_time = 2602
exclusive_time = 1308
process_id = p3
operationName = UploadRating
serviceName = None
------------------------------------------------------------------------------------
span 6
span_id = 618e74f23ebb6a68
parent_id = 95bdc261c6fd9e12
start_time = 1682628698161019
end_time = 1682628698162107
inclusive_time = 1088
exclusive_time = 22
process_id = p6
operationName = UploadUserReview
serviceName = None
------------------------------------------------------------------------------------
span 7
span_id = c3ed71bfcff52832
parent_id = 618e74f23ebb6a68
start_time = 1682628698161041
end_time = 1682628698162115
inclusive_time = 1074
exclusive_time = 1074
process_id = p6
operationName = MongoFindUser
serviceName = None
------------------------------------------------------------------------------------
span 8
span_id = f33181edf4b59660
parent_id = aa3c9673fb729326
start_time = 1682628698159357
end_time = 1682628698159453
inclusive_time = 96
exclusive_time = 96
process_id = p7
operationName = MmcSetMovieId
serviceName = None
------------------------------------------------------------------------------------
span 9
span_id = 4155f256158c64da
parent_id = aa3c9673fb729326
start_time = 1682628698159122
end_time = 1682628698159199
inclusive_time = 77
exclusive_time = 77
process_id = p7
operationName = MmcGetMovieId
serviceName = None
------------------------------------------------------------------------------------
