span 0
span_id = fa8573e07727265a
parent_id = None
start_time = 1682628698174000
end_time = 1682628698178549
inclusive_time = 4549
exclusive_time = 540
process_id = p7
operationName = /wrk2-api/review/compose
serviceName = None
------------------------------------------------------------------------------------
span 1
span_id = 5bc24dbcff596c67
parent_id = fa8573e07727265a
start_time = 1682628698174540
end_time = 1682628698178549
inclusive_time = 4009
exclusive_time = 92
process_id = p7
operationName = /wrk2-api/review/compose
serviceName = None
------------------------------------------------------------------------------------
span 2
span_id = 6b21e3a0c38d79a8
parent_id = 5bc24dbcff596c67
start_time = 1682628698174576
end_time = 1682628698178493
inclusive_time = 3917
exclusive_time = 448
process_id = p7
operationName = ComposeReview
serviceName = None
------------------------------------------------------------------------------------
span 3
span_id = 02f256e1f2c7eae8
parent_id = 6b21e3a0c38d79a8
start_time = 1682628698174877
end_time = 1682628698178253
inclusive_time = 3376
exclusive_time = 278
process_id = p5
operationName = UploadMovieId
serviceName = None
------------------------------------------------------------------------------------
span 4
span_id = aef9de055b03a3e2
parent_id = 02f256e1f2c7eae8
start_time = 1682628698175341
end_time = 1682628698178155
inclusive_time = 2814
exclusive_time = 326
process_id = p10
operationName = UploadRating
serviceName = None
------------------------------------------------------------------------------------
span 5
span_id = 7016dd323a635270
parent_id = aef9de055b03a3e2
start_time = 1682628698175604
end_time = 1682628698178031
inclusive_time = 2427
exclusive_time = 1273
process_id = p1
operationName = UploadRating
serviceName = None
------------------------------------------------------------------------------------
span 6
span_id = 213d1e2737651905
parent_id = 7016dd323a635270
start_time = 1682628698176804
end_time = 1682628698177874
inclusive_time = 1070
exclusive_time = 28
process_id = p2
operationName = UploadMovieReview
serviceName = None
------------------------------------------------------------------------------------
span 7
span_id = 75bf1d6f3dd8bdb4
parent_id = 213d1e2737651905
start_time = 1682628698176832
end_time = 1682628698177877
inclusive_time = 1045
exclusive_time = 1045
process_id = p2
operationName = MongoFindMovie
serviceName = None
------------------------------------------------------------------------------------
span 8
span_id = 62ddbf8bdfb5b916
parent_id = 02f256e1f2c7eae8
start_time = 1682628698174893
end_time = 1682628698175009
inclusive_time = 116
exclusive_time = 116
process_id = p5
operationName = MmcGetMovieId
serviceName = None
------------------------------------------------------------------------------------
