span 0
span_id = 0208307e21539685
parent_id = None
start_time = 1682628698328000
end_time = 1682628698333161
inclusive_time = 5161
exclusive_time = 453
process_id = p10
operationName = /wrk2-api/review/compose
serviceName = None
------------------------------------------------------------------------------------
span 1
span_id = a8da21a220560612
parent_id = 0208307e21539685
start_time = 1682628698328452
end_time = 1682628698333160
inclusive_time = 4708
exclusive_time = 129
process_id = p10
operationName = /wrk2-api/review/compose
serviceName = None
------------------------------------------------------------------------------------
span 2
span_id = e3dbc5012ade5bb4
parent_id = a8da21a220560612
start_time = 1682628698328492
end_time = 1682628698333071
inclusive_time = 4579
exclusive_time = 533
process_id = p10
operationName = ComposeReview
serviceName = None
------------------------------------------------------------------------------------
span 3
span_id = e5eba7c40f87230f
parent_id = e3dbc5012ade5bb4
start_time = 1682628698328804
end_time = 1682628698332722
inclusive_time = 3918
exclusive_time = 371
process_id = p1
operationName = UploadMovieId
serviceName = None
------------------------------------------------------------------------------------
span 4
span_id = d8c44cfe1713d870
parent_id = e5eba7c40f87230f
start_time = 1682628698329231
end_time = 1682628698332586
inclusive_time = 3355
exclusive_time = 243
process_id = p9
operationName = UploadRating
serviceName = None
------------------------------------------------------------------------------------
span 5
span_id = 741b94af8031fa2d
parent_id = d8c44cfe1713d870
start_time = 1682628698329384
end_time = 1682628698332427
inclusive_time = 3043
exclusive_time = 1760
process_id = p2
operationName = UploadRating
serviceName = None
------------------------------------------------------------------------------------
span 6
span_id = e66807ffc5de85ae
parent_id = 741b94af8031fa2d
start_time = 1682628698331088
end_time = 1682628698332146
inclusive_time = 1058
exclusive_time = 24
process_id = p5
operationName = UploadMovieReview
serviceName = None
------------------------------------------------------------------------------------
span 7
span_id = 6813ba612a57f297
parent_id = e66807ffc5de85ae
start_time = 1682628698331112
end_time = 1682628698332150
inclusive_time = 1038
exclusive_time = 1038
process_id = p5
operationName = MongoFindMovie
serviceName = None
------------------------------------------------------------------------------------
span 8
span_id = 9138f290218bccc3
parent_id = e5eba7c40f87230f
start_time = 1682628698328817
end_time = 1682628698328920
inclusive_time = 103
exclusive_time = 103
process_id = p1
operationName = MmcGetMovieId
serviceName = None
------------------------------------------------------------------------------------
