span 0
span_id = 29315bb2b67b901f
parent_id = None
start_time = 1682628697961000
end_time = 1682628697964965
inclusive_time = 3965
exclusive_time = 149
process_id = p5
operationName = /wrk2-api/review/compose
serviceName = None
------------------------------------------------------------------------------------
span 1
span_id = 3fc5c72e76cc9f17
parent_id = 29315bb2b67b901f
start_time = 1682628697961148
end_time = 1682628697964964
inclusive_time = 3816
exclusive_time = 99
process_id = p5
operationName = /wrk2-api/review/compose
serviceName = None
------------------------------------------------------------------------------------
span 2
span_id = f322fb34f69f963e
parent_id = 3fc5c72e76cc9f17
start_time = 1682628697961193
end_time = 1682628697964910
inclusive_time = 3717
exclusive_time = 262
process_id = p5
operationName = ComposeReview
serviceName = None
------------------------------------------------------------------------------------
span 3
span_id = 72aa6c87020131f8
parent_id = f322fb34f69f963e
start_time = 1682628697961517
end_time = 1682628697964834
inclusive_time = 3317
exclusive_time = 335
process_id = p7
operationName = UploadMovieId
serviceName = None
------------------------------------------------------------------------------------
span 4
span_id = 96b1c03d052f4e63
parent_id = 72aa6c87020131f8
start_time = 1682628697961977
end_time = 1682628697964706
inclusive_time = 2729
exclusive_time = 233
process_id = p3
operationName = UploadRating
serviceName = None
------------------------------------------------------------------------------------
span 5
span_id = 81a7c3ceae914b97
parent_id = 96b1c03d052f4e63
start_time = 1682628697962213
end_time = 1682628697964606
inclusive_time = 2393
exclusive_time = 1199
process_id = p2
operationName = UploadRating
serviceName = None
------------------------------------------------------------------------------------
span 6
span_id = 1a3dd5e609952d25
parent_id = 81a7c3ceae914b97
start_time = 1682628697963131
end_time = 1682628697964225
inclusive_time = 1094
exclusive_time = 32
process_id = p6
operationName = UploadMovieReview
serviceName = None
------------------------------------------------------------------------------------
span 7
span_id = badeee71aa507161
parent_id = 1a3dd5e609952d25
start_time = 1682628697963163
end_time = 1682628697964231
inclusive_time = 1068
exclusive_time = 1068
process_id = p6
operationName = MongoFindMovie
serviceName = None
------------------------------------------------------------------------------------
span 8
span_id = 7887a2e254ce1799
parent_id = 72aa6c87020131f8
start_time = 1682628697961818
end_time = 1682628697961925
inclusive_time = 107
exclusive_time = 107
process_id = p7
operationName = MmcSetMovieId
serviceName = None
------------------------------------------------------------------------------------
span 9
span_id = abfa409ffbe2889d
parent_id = 72aa6c87020131f8
start_time = 1682628697961530
end_time = 1682628697961624
inclusive_time = 94
exclusive_time = 94
process_id = p7
operationName = MmcGetMovieId
serviceName = None
------------------------------------------------------------------------------------
