span = 0
trace_id = e7069c2cb2c8841a
span_id = e7069c2cb2c8841a
parent_id = None
start_time = 1682628698279000
end_time = 1682628698284167
inclusive_time = 5167
exclusive_time = 440
process_id = p2
operationName = /wrk2-api/review/compose
serviceName = nginx
------------------------------------------------------------------------------------
span = 1
trace_id = e7069c2cb2c8841a
span_id = 2b5a8ec6e5308eff
parent_id = e7069c2cb2c8841a
start_time = 1682628698279440
end_time = 1682628698284167
inclusive_time = 4727
exclusive_time = 147
process_id = p2
operationName = /wrk2-api/review/compose
serviceName = nginx
------------------------------------------------------------------------------------
span = 2
trace_id = e7069c2cb2c8841a
span_id = e14c9b7dc3b39daf
parent_id = 2b5a8ec6e5308eff
start_time = 1682628698279514
end_time = 1682628698284094
inclusive_time = 4580
exclusive_time = 320
process_id = p2
operationName = ComposeReview
serviceName = nginx
------------------------------------------------------------------------------------
span = 3
trace_id = e7069c2cb2c8841a
span_id = 66c3397aed6a300f
parent_id = e14c9b7dc3b39daf
start_time = 1682628698279816
end_time = 1682628698283987
inclusive_time = 4171
exclusive_time = 333
process_id = p5
operationName = UploadMovieId
serviceName = movie-id-service
------------------------------------------------------------------------------------
span = 4
trace_id = e7069c2cb2c8841a
span_id = 04992aed848077d8
parent_id = 66c3397aed6a300f
start_time = 1682628698280329
end_time = 1682628698283863
inclusive_time = 3534
exclusive_time = 444
process_id = p10
operationName = UploadRating
serviceName = rating-service
------------------------------------------------------------------------------------
span = 5
trace_id = e7069c2cb2c8841a
span_id = bc00e2e16725f7b9
parent_id = 04992aed848077d8
start_time = 1682628698280628
end_time = 1682628698283602
inclusive_time = 2974
exclusive_time = 1710
process_id = p4
operationName = UploadRating
serviceName = compose-review-service
------------------------------------------------------------------------------------
span = 6
trace_id = e7069c2cb2c8841a
span_id = 5df4618b3722c5e0
parent_id = bc00e2e16725f7b9
start_time = 1682628698282150
end_time = 1682628698283374
inclusive_time = 1224
exclusive_time = 22
process_id = p3
operationName = UploadUserReview
serviceName = user-review-service
------------------------------------------------------------------------------------
span = 7
trace_id = e7069c2cb2c8841a
span_id = a409fef8b5ccdb4a
parent_id = 5df4618b3722c5e0
start_time = 1682628698282172
end_time = 1682628698283378
inclusive_time = 1206
exclusive_time = 1206
process_id = p3
operationName = MongoFindUser
serviceName = user-review-service
------------------------------------------------------------------------------------
span = 8
trace_id = e7069c2cb2c8841a
span_id = c2dfe2ee5ee91da5
parent_id = 66c3397aed6a300f
start_time = 1682628698280125
end_time = 1682628698280229
inclusive_time = 104
exclusive_time = 104
process_id = p5
operationName = MmcSetMovieId
serviceName = movie-id-service
------------------------------------------------------------------------------------
span = 9
trace_id = e7069c2cb2c8841a
span_id = 6ea19631289d54cc
parent_id = 66c3397aed6a300f
start_time = 1682628698279833
end_time = 1682628698279952
inclusive_time = 119
exclusive_time = 119
process_id = p5
operationName = MmcGetMovieId
serviceName = movie-id-service
------------------------------------------------------------------------------------
