span = 0
span_id = a46765329c01cbcd
parent_id = None
start_time = 1682628697861000
end_time = 1682628697866136
inclusive_time = 5136
exclusive_time = 194
process_id = p3
operationName = /wrk2-api/review/compose
serviceName = nginx
------------------------------------------------------------------------------------
span = 1
span_id = f9f3aa7f8b9dd212
parent_id = a46765329c01cbcd
start_time = 1682628697861194
end_time = 1682628697866136
inclusive_time = 4942
exclusive_time = 89
process_id = p3
operationName = /wrk2-api/review/compose
serviceName = nginx
------------------------------------------------------------------------------------
span = 2
span_id = d94ddf261a771694
parent_id = f9f3aa7f8b9dd212
start_time = 1682628697861240
end_time = 1682628697866093
inclusive_time = 4853
exclusive_time = 1070
process_id = p3
operationName = ComposeReview
serviceName = nginx
------------------------------------------------------------------------------------
span = 3
span_id = 98df1cc04511802c
parent_id = d94ddf261a771694
start_time = 1682628697861809
end_time = 1682628697865484
inclusive_time = 3675
exclusive_time = 550
process_id = p5
operationName = UploadMovieId
serviceName = movie-id-service
------------------------------------------------------------------------------------
span = 4
span_id = a236c01c899c8dd1
parent_id = 98df1cc04511802c
start_time = 1682628697862432
end_time = 1682628697865227
inclusive_time = 2795
exclusive_time = 410
process_id = p8
operationName = UploadRating
serviceName = rating-service
------------------------------------------------------------------------------------
span = 5
span_id = b85d7e675bb2012b
parent_id = a236c01c899c8dd1
start_time = 1682628697862692
end_time = 1682628697865077
inclusive_time = 2385
exclusive_time = 1120
process_id = p4
operationName = UploadRating
serviceName = compose-review-service
------------------------------------------------------------------------------------
span = 6
span_id = dd244313ff6bf8ba
parent_id = b85d7e675bb2012b
start_time = 1682628697863630
end_time = 1682628697864788
inclusive_time = 1158
exclusive_time = 25
process_id = p6
operationName = UploadMovieReview
serviceName = movie-review-service
------------------------------------------------------------------------------------
span = 7
span_id = 48b6cba40463eadb
parent_id = dd244313ff6bf8ba
start_time = 1682628697863655
end_time = 1682628697864799
inclusive_time = 1144
exclusive_time = 1144
process_id = p6
operationName = MongoFindMovie
serviceName = movie-review-service
------------------------------------------------------------------------------------
span = 8
span_id = 1a2fedf1b934fafe
parent_id = 98df1cc04511802c
start_time = 1682628697862140
end_time = 1682628697862241
inclusive_time = 101
exclusive_time = 101
process_id = p5
operationName = MmcSetMovieId
serviceName = movie-id-service
------------------------------------------------------------------------------------
span = 9
span_id = 5924623deeb638ce
parent_id = 98df1cc04511802c
start_time = 1682628697861820
end_time = 1682628697861910
inclusive_time = 90
exclusive_time = 90
process_id = p5
operationName = MmcGetMovieId
serviceName = movie-id-service
------------------------------------------------------------------------------------
