span = 0
span_id = d8f6422c80f4b31e
parent_id = None
start_time = 1682628698173000
end_time = 1682628698177654
inclusive_time = 4654
exclusive_time = 166
process_id = p7
operationName = /wrk2-api/review/compose
serviceName = nginx
------------------------------------------------------------------------------------
span = 1
span_id = 92fba85c19046755
parent_id = d8f6422c80f4b31e
start_time = 1682628698173165
end_time = 1682628698177653
inclusive_time = 4488
exclusive_time = 102
process_id = p7
operationName = /wrk2-api/review/compose
serviceName = nginx
------------------------------------------------------------------------------------
span = 2
span_id = 379381ed37a3ccd5
parent_id = 92fba85c19046755
start_time = 1682628698173207
end_time = 1682628698177593
inclusive_time = 4386
exclusive_time = 310
process_id = p7
operationName = ComposeReview
serviceName = nginx
------------------------------------------------------------------------------------
span = 3
span_id = 930553db8ea9ce01
parent_id = 379381ed37a3ccd5
start_time = 1682628698173496
end_time = 1682628698177482
inclusive_time = 3986
exclusive_time = 476
process_id = p5
operationName = UploadMovieId
serviceName = movie-id-service
------------------------------------------------------------------------------------
span = 4
span_id = 615a74077b990881
parent_id = 930553db8ea9ce01
start_time = 1682628698174163
end_time = 1682628698177250
inclusive_time = 3087
exclusive_time = 237
process_id = p10
operationName = UploadRating
serviceName = rating-service
------------------------------------------------------------------------------------
span = 5
span_id = 839aca2d4f37c86e
parent_id = 615a74077b990881
start_time = 1682628698174310
end_time = 1682628698177097
inclusive_time = 2787
exclusive_time = 1250
process_id = p1
operationName = UploadRating
serviceName = compose-review-service
------------------------------------------------------------------------------------
span = 6
span_id = 6d65415d9305f49e
parent_id = 839aca2d4f37c86e
start_time = 1682628698175562
end_time = 1682628698176911
inclusive_time = 1349
exclusive_time = 27
process_id = p4
operationName = UploadUserReview
serviceName = user-review-service
------------------------------------------------------------------------------------
span = 7
span_id = 1e55720be475cfa3
parent_id = 6d65415d9305f49e
start_time = 1682628698175589
end_time = 1682628698176917
inclusive_time = 1328
exclusive_time = 1328
process_id = p4
operationName = MongoFindUser
serviceName = user-review-service
------------------------------------------------------------------------------------
span = 8
span_id = d831007bf32692df
parent_id = 930553db8ea9ce01
start_time = 1682628698173836
end_time = 1682628698174109
inclusive_time = 273
exclusive_time = 273
process_id = p5
operationName = MmcSetMovieId
serviceName = movie-id-service
------------------------------------------------------------------------------------
span = 9
span_id = fc45fe71e6dc0125
parent_id = 930553db8ea9ce01
start_time = 1682628698173507
end_time = 1682628698173603
inclusive_time = 96
exclusive_time = 96
process_id = p5
operationName = MmcGetMovieId
serviceName = movie-id-service
------------------------------------------------------------------------------------
