span = 0
trace_id = 5ff6617b8e0a554a
span_id = 5ff6617b8e0a554a
parent_id = None
start_time = 1682628698180000
end_time = 1682628698184057
inclusive_time = 4057
exclusive_time = 224
process_id = p2
operationName = /wrk2-api/review/compose
serviceName = nginx
------------------------------------------------------------------------------------
span = 1
trace_id = 5ff6617b8e0a554a
span_id = 75e67f89cb5a48e7
parent_id = 5ff6617b8e0a554a
start_time = 1682628698180224
end_time = 1682628698184057
inclusive_time = 3833
exclusive_time = 113
process_id = p2
operationName = /wrk2-api/review/compose
serviceName = nginx
------------------------------------------------------------------------------------
span = 2
trace_id = 5ff6617b8e0a554a
span_id = d0f9126f23f8cd4b
parent_id = 75e67f89cb5a48e7
start_time = 1682628698180274
end_time = 1682628698183994
inclusive_time = 3720
exclusive_time = 499
process_id = p2
operationName = ComposeReview
serviceName = nginx
------------------------------------------------------------------------------------
span = 3
trace_id = 5ff6617b8e0a554a
span_id = cf31675ca6e3e3e7
parent_id = d0f9126f23f8cd4b
start_time = 1682628698180575
end_time = 1682628698183685
inclusive_time = 3110
exclusive_time = 491
process_id = p6
operationName = UploadMovieId
serviceName = movie-id-service
------------------------------------------------------------------------------------
span = 4
trace_id = 5ff6617b8e0a554a
span_id = a63b5913b2bcc9bd
parent_id = cf31675ca6e3e3e7
start_time = 1682628698181090
end_time = 1682628698183419
inclusive_time = 2329
exclusive_time = 236
process_id = p10
operationName = UploadRating
serviceName = rating-service
------------------------------------------------------------------------------------
span = 5
trace_id = 5ff6617b8e0a554a
span_id = 377a031bc0ebfe26
parent_id = a63b5913b2bcc9bd
start_time = 1682628698181258
end_time = 1682628698183317
inclusive_time = 2059
exclusive_time = 908
process_id = p5
operationName = UploadRating
serviceName = compose-review-service
------------------------------------------------------------------------------------
span = 6
trace_id = 5ff6617b8e0a554a
span_id = c92988899bdd14d2
parent_id = 377a031bc0ebfe26
start_time = 1682628698182065
end_time = 1682628698183175
inclusive_time = 1110
exclusive_time = 42
process_id = p4
operationName = UploadUserReview
serviceName = user-review-service
------------------------------------------------------------------------------------
span = 7
trace_id = 5ff6617b8e0a554a
span_id = f10b4d59897a199b
parent_id = c92988899bdd14d2
start_time = 1682628698182107
end_time = 1682628698183178
inclusive_time = 1071
exclusive_time = 1071
process_id = p4
operationName = MongoFindUser
serviceName = user-review-service
------------------------------------------------------------------------------------
span = 8
trace_id = 5ff6617b8e0a554a
span_id = 2526f691f2fcae4e
parent_id = cf31675ca6e3e3e7
start_time = 1682628698180954
end_time = 1682628698181053
inclusive_time = 99
exclusive_time = 99
process_id = p6
operationName = MmcSetMovieId
serviceName = movie-id-service
------------------------------------------------------------------------------------
span = 9
trace_id = 5ff6617b8e0a554a
span_id = 9c1d9e57ed2c5141
parent_id = cf31675ca6e3e3e7
start_time = 1682628698180591
end_time = 1682628698180745
inclusive_time = 154
exclusive_time = 154
process_id = p6
operationName = MmcGetMovieId
serviceName = movie-id-service
------------------------------------------------------------------------------------
