span 0
span_id = b594ffc908fb65b5
parent_id = None
start_time = 1682628697878000
end_time = 1682628697883733
inclusive_time = 5733
exclusive_time = 642
process_id = p2
operationName = /wrk2-api/review/compose
serviceName = None
------------------------------------------------------------------------------------
span 1
span_id = 1af6d9b29ba97d84
parent_id = b594ffc908fb65b5
start_time = 1682628697878641
end_time = 1682628697883732
inclusive_time = 5091
exclusive_time = 112
process_id = p2
operationName = /wrk2-api/review/compose
serviceName = None
------------------------------------------------------------------------------------
span 2
span_id = 60450654e976d921
parent_id = 1af6d9b29ba97d84
start_time = 1682628697878706
end_time = 1682628697883685
inclusive_time = 4979
exclusive_time = 819
process_id = p2
operationName = ComposeReview
serviceName = None
------------------------------------------------------------------------------------
span 3
span_id = 7a4705d1afd2c8d3
parent_id = 60450654e976d921
start_time = 1682628697878986
end_time = 1682628697883044
inclusive_time = 4058
exclusive_time = 384
process_id = p4
operationName = UploadMovieId
serviceName = None
------------------------------------------------------------------------------------
span 4
span_id = 7a539c2afe299e4c
parent_id = 7a4705d1afd2c8d3
start_time = 1682628697879759
end_time = 1682628697882894
inclusive_time = 3135
exclusive_time = 361
process_id = p7
operationName = UploadRating
serviceName = None
------------------------------------------------------------------------------------
span 5
span_id = 5f0add1f033915c5
parent_id = 7a539c2afe299e4c
start_time = 1682628697879976
end_time = 1682628697882729
inclusive_time = 2753
exclusive_time = 1264
process_id = p3
operationName = UploadRating
serviceName = None
------------------------------------------------------------------------------------
span 6
span_id = afec79d606a1edba
parent_id = 5f0add1f033915c5
start_time = 1682628697881180
end_time = 1682628697882584
inclusive_time = 1404
exclusive_time = 24
process_id = p5
operationName = UploadMovieReview
serviceName = None
------------------------------------------------------------------------------------
span 7
span_id = 4095b010c56b6813
parent_id = afec79d606a1edba
start_time = 1682628697881204
end_time = 1682628697882588
inclusive_time = 1384
exclusive_time = 1384
process_id = p5
operationName = MongoFindMovie
serviceName = None
------------------------------------------------------------------------------------
span 8
span_id = 12541c90579655ff
parent_id = 7a4705d1afd2c8d3
start_time = 1682628697879498
end_time = 1682628697879659
inclusive_time = 161
exclusive_time = 161
process_id = p4
operationName = MmcSetMovieId
serviceName = None
------------------------------------------------------------------------------------
span 9
span_id = d3eb661e3f15a2a6
parent_id = 7a4705d1afd2c8d3
start_time = 1682628697879004
end_time = 1682628697879282
inclusive_time = 278
exclusive_time = 278
process_id = p4
operationName = MmcGetMovieId
serviceName = None
------------------------------------------------------------------------------------
