span 0
span_id = cc71b3d52909b871
parent_id = None
start_time = 1682628698009000
end_time = 1682628698014866
inclusive_time = 5866
exclusive_time = 1188
process_id = p3
operationName = /wrk2-api/review/compose
serviceName = None
------------------------------------------------------------------------------------
span 1
span_id = 1180187c5710de1f
parent_id = cc71b3d52909b871
start_time = 1682628698010187
end_time = 1682628698014865
inclusive_time = 4678
exclusive_time = 114
process_id = p3
operationName = /wrk2-api/review/compose
serviceName = None
------------------------------------------------------------------------------------
span 2
span_id = 6357b19d9f0f02b0
parent_id = 1180187c5710de1f
start_time = 1682628698010242
end_time = 1682628698014806
inclusive_time = 4564
exclusive_time = 393
process_id = p3
operationName = ComposeReview
serviceName = None
------------------------------------------------------------------------------------
span 3
span_id = f6bfa3a36d26139e
parent_id = 6357b19d9f0f02b0
start_time = 1682628698010578
end_time = 1682628698014646
inclusive_time = 4068
exclusive_time = 543
process_id = p2
operationName = UploadMovieId
serviceName = None
------------------------------------------------------------------------------------
span 4
span_id = 5fd3e25bc24b7cf7
parent_id = f6bfa3a36d26139e
start_time = 1682628698011564
end_time = 1682628698014504
inclusive_time = 2940
exclusive_time = 283
process_id = p9
operationName = UploadRating
serviceName = None
------------------------------------------------------------------------------------
span 5
span_id = eb2ad7e7ef808c9d
parent_id = 5fd3e25bc24b7cf7
start_time = 1682628698011829
end_time = 1682628698014337
inclusive_time = 2508
exclusive_time = 1065
process_id = p5
operationName = UploadRating
serviceName = None
------------------------------------------------------------------------------------
span 6
span_id = 84fef089e3cd095d
parent_id = eb2ad7e7ef808c9d
start_time = 1682628698012747
end_time = 1682628698014183
inclusive_time = 1436
exclusive_time = 33
process_id = p6
operationName = UploadUserReview
serviceName = None
------------------------------------------------------------------------------------
span 7
span_id = ea8c9e44a4e57d8e
parent_id = 84fef089e3cd095d
start_time = 1682628698012780
end_time = 1682628698014187
inclusive_time = 1407
exclusive_time = 1407
process_id = p6
operationName = MongoFindUser
serviceName = None
------------------------------------------------------------------------------------
span 8
span_id = b4057276c3ee385c
parent_id = f6bfa3a36d26139e
start_time = 1682628698010992
end_time = 1682628698011097
inclusive_time = 105
exclusive_time = 105
process_id = p2
operationName = MmcSetMovieId
serviceName = None
------------------------------------------------------------------------------------
span 9
span_id = 7c9930549fa53d5c
parent_id = f6bfa3a36d26139e
start_time = 1682628698010595
end_time = 1682628698010742
inclusive_time = 147
exclusive_time = 147
process_id = p2
operationName = MmcGetMovieId
serviceName = None
------------------------------------------------------------------------------------
