span = 0
trace_id = 32ba5f2b6508ca0e
span_id = 32ba5f2b6508ca0e
parent_id = None
start_time = 1682628698169000
end_time = 1682628698173749
inclusive_time = 4749
exclusive_time = 305
process_id = p7
operationName = /wrk2-api/review/compose
serviceName = nginx
------------------------------------------------------------------------------------
span = 1
trace_id = 32ba5f2b6508ca0e
span_id = 4fb12299bc8193f5
parent_id = 32ba5f2b6508ca0e
start_time = 1682628698169304
end_time = 1682628698173748
inclusive_time = 4444
exclusive_time = 98
process_id = p7
operationName = /wrk2-api/review/compose
serviceName = nginx
------------------------------------------------------------------------------------
span = 2
trace_id = 32ba5f2b6508ca0e
span_id = 779d0c37a3e04029
parent_id = 4fb12299bc8193f5
start_time = 1682628698169348
end_time = 1682628698173694
inclusive_time = 4346
exclusive_time = 861
process_id = p7
operationName = ComposeReview
serviceName = nginx
------------------------------------------------------------------------------------
span = 3
trace_id = 32ba5f2b6508ca0e
span_id = 8db1b540c417e71a
parent_id = 779d0c37a3e04029
start_time = 1682628698170635
end_time = 1682628698173171
inclusive_time = 2536
exclusive_time = 263
process_id = p8
operationName = UploadUniqueId
serviceName = unique-id-service
------------------------------------------------------------------------------------
span = 4
trace_id = 32ba5f2b6508ca0e
span_id = 2250adb83da64770
parent_id = 8db1b540c417e71a
start_time = 1682628698170818
end_time = 1682628698173091
inclusive_time = 2273
exclusive_time = 1078
process_id = p1
operationName = UploadUniqueId
serviceName = compose-review-service
------------------------------------------------------------------------------------
span = 5
trace_id = 32ba5f2b6508ca0e
span_id = 7afcb9dbc457443b
parent_id = 2250adb83da64770
start_time = 1682628698171873
end_time = 1682628698172959
inclusive_time = 1086
exclusive_time = 33
process_id = p2
operationName = UploadMovieReview
serviceName = movie-review-service
------------------------------------------------------------------------------------
span = 6
trace_id = 32ba5f2b6508ca0e
span_id = 1c5974706269b941
parent_id = 7afcb9dbc457443b
start_time = 1682628698171906
end_time = 1682628698172963
inclusive_time = 1057
exclusive_time = 1057
process_id = p2
operationName = MongoFindMovie
serviceName = movie-review-service
------------------------------------------------------------------------------------
