span = 0
trace_id = 98f4cc0c83f7bd7a
span_id = 98f4cc0c83f7bd7a
parent_id = None
start_time = 1682628698062000
end_time = 1682628698067000
inclusive_time = 5000
exclusive_time = 619
process_id = p7
operationName = /wrk2-api/review/compose
serviceName = nginx
------------------------------------------------------------------------------------
span = 1
trace_id = 98f4cc0c83f7bd7a
span_id = 17440a7004a907b3
parent_id = 98f4cc0c83f7bd7a
start_time = 1682628698062619
end_time = 1682628698067000
inclusive_time = 4381
exclusive_time = 192
process_id = p7
operationName = /wrk2-api/review/compose
serviceName = nginx
------------------------------------------------------------------------------------
span = 2
trace_id = 98f4cc0c83f7bd7a
span_id = a0f114674865a7e5
parent_id = 17440a7004a907b3
start_time = 1682628698062740
end_time = 1682628698066929
inclusive_time = 4189
exclusive_time = 770
process_id = p7
operationName = ComposeReview
serviceName = nginx
------------------------------------------------------------------------------------
span = 3
trace_id = 98f4cc0c83f7bd7a
span_id = 0d7f3e4376b28e8f
parent_id = a0f114674865a7e5
start_time = 1682628698063994
end_time = 1682628698066489
inclusive_time = 2495
exclusive_time = 282
process_id = p9
operationName = UploadUniqueId
serviceName = unique-id-service
------------------------------------------------------------------------------------
span = 4
trace_id = 98f4cc0c83f7bd7a
span_id = 1dec4a3453faa496
parent_id = 0d7f3e4376b28e8f
start_time = 1682628698064200
end_time = 1682628698066413
inclusive_time = 2213
exclusive_time = 904
process_id = p2
operationName = UploadUniqueId
serviceName = compose-review-service
------------------------------------------------------------------------------------
span = 5
trace_id = 98f4cc0c83f7bd7a
span_id = cf19703e68188089
parent_id = 1dec4a3453faa496
start_time = 1682628698065034
end_time = 1682628698066290
inclusive_time = 1256
exclusive_time = 89
process_id = p1
operationName = UploadMovieReview
serviceName = movie-review-service
------------------------------------------------------------------------------------
span = 6
trace_id = 98f4cc0c83f7bd7a
span_id = 6ff5ea7169e5ecd9
parent_id = cf19703e68188089
start_time = 1682628698065123
end_time = 1682628698066295
inclusive_time = 1172
exclusive_time = 1172
process_id = p1
operationName = MongoFindMovie
serviceName = movie-review-service
------------------------------------------------------------------------------------
span = 7
trace_id = 98f4cc0c83f7bd7a
span_id = 02a052321c1b6867
parent_id = a0f114674865a7e5
start_time = 1682628698063070
end_time = 1682628698063787
inclusive_time = 717
exclusive_time = 301
process_id = p3
operationName = UploadUserWithUsername
serviceName = user-service
------------------------------------------------------------------------------------
span = 8
trace_id = 98f4cc0c83f7bd7a
span_id = b7d17837983b51df
parent_id = 02a052321c1b6867
start_time = 1682628698063422
end_time = 1682628698063727
inclusive_time = 305
exclusive_time = 305
process_id = p2
operationName = UploadUserId
serviceName = compose-review-service
------------------------------------------------------------------------------------
span = 9
trace_id = 98f4cc0c83f7bd7a
span_id = 886ffa1f7d657399
parent_id = 02a052321c1b6867
start_time = 1682628698063087
end_time = 1682628698063198
inclusive_time = 111
exclusive_time = 111
process_id = p3
operationName = MmcGetUserId
serviceName = user-service
------------------------------------------------------------------------------------
