span 0
span_id = 316777968bd8e40d
parent_id = None
start_time = 1682634780630000
end_time = 1682634780630371
inclusive_time = 371
exclusive_time = 235
process_id = p1
operationName = 
serviceName = None
------------------------------------------------------------------------------------
span 1
span_id = b9d9cfd4a261668a
parent_id = 316777968bd8e40d
start_time = 1682634780630277
end_time = 1682634780630371
inclusive_time = 94
exclusive_time = 94
process_id = p1
operationName = 
serviceName = None
------------------------------------------------------------------------------------
span 2
span_id = 1d5dc9049515922a
parent_id = 316777968bd8e40d
start_time = 1682634780630172
end_time = 1682634780630214
inclusive_time = 42
exclusive_time = 42
process_id = p1
operationName = 
serviceName = None
------------------------------------------------------------------------------------
