span = 0
trace_id = 6b07b1379e283851
span_id = 6b07b1379e283851
parent_id = None
start_time = 1682711365475000
end_time = 1682711365475373
inclusive_time = 373
exclusive_time = 188
process_id = p1
operationName = 
serviceName = nginx
call path = 
------------------------------------------------------------------------------------
span = 1
trace_id = 6b07b1379e283851
span_id = fb78e7508062422c
parent_id = 6b07b1379e283851
start_time = 1682711365475232
end_time = 1682711365475373
inclusive_time = 141
exclusive_time = 141
process_id = p1
operationName = 
serviceName = nginx
call path = ->_nginx
------------------------------------------------------------------------------------
span = 2
trace_id = 6b07b1379e283851
span_id = 4116ceedf99f28ab
parent_id = 6b07b1379e283851
start_time = 1682711365475118
end_time = 1682711365475162
inclusive_time = 44
exclusive_time = 44
process_id = p1
operationName = 
serviceName = nginx
call path = ->_nginx
------------------------------------------------------------------------------------
