span = 0
span_id = 1af2565529d1e523
parent_id = None
start_time = 1682628697995000
end_time = 1682628698000079
inclusive_time = 5079
exclusive_time = 594
process_id = p1
operationName = /wrk2-api/review/compose
serviceName = nginx
------------------------------------------------------------------------------------
span = 1
span_id = d2148253285bdfef
parent_id = 1af2565529d1e523
start_time = 1682628697995593
end_time = 1682628698000078
inclusive_time = 4485
exclusive_time = 102
process_id = p1
operationName = /wrk2-api/review/compose
serviceName = nginx
------------------------------------------------------------------------------------
span = 2
span_id = b36c279c8871137b
parent_id = d2148253285bdfef
start_time = 1682628697995631
end_time = 1682628698000014
inclusive_time = 4383
exclusive_time = 820
process_id = p1
operationName = ComposeReview
serviceName = nginx
------------------------------------------------------------------------------------
span = 3
span_id = a93b9962ab860eeb
parent_id = b36c279c8871137b
start_time = 1682628697995929
end_time = 1682628697999369
inclusive_time = 3440
exclusive_time = 309
process_id = p3
operationName = UploadMovieId
serviceName = movie-id-service
------------------------------------------------------------------------------------
span = 4
span_id = adae932f71857049
parent_id = a93b9962ab860eeb
start_time = 1682628697996374
end_time = 1682628697999253
inclusive_time = 2879
exclusive_time = 287
process_id = p9
operationName = UploadRating
serviceName = rating-service
------------------------------------------------------------------------------------
span = 5
span_id = 9cd94490021d4a8f
parent_id = adae932f71857049
start_time = 1682628697996586
end_time = 1682628697999088
inclusive_time = 2502
exclusive_time = 1084
process_id = p5
operationName = UploadRating
serviceName = compose-review-service
------------------------------------------------------------------------------------
span = 6
span_id = 917a7426efb3c4b7
parent_id = 9cd94490021d4a8f
start_time = 1682628697997673
end_time = 1682628697998854
inclusive_time = 1181
exclusive_time = 28
process_id = p2
operationName = UploadMovieReview
serviceName = movie-review-service
------------------------------------------------------------------------------------
span = 7
span_id = b6c6908d62331ce7
parent_id = 917a7426efb3c4b7
start_time = 1682628697997701
end_time = 1682628697998862
inclusive_time = 1161
exclusive_time = 1161
process_id = p2
operationName = MongoFindMovie
serviceName = movie-review-service
------------------------------------------------------------------------------------
span = 8
span_id = dcd94dd77b0e21d0
parent_id = a93b9962ab860eeb
start_time = 1682628697996233
end_time = 1682628697996341
inclusive_time = 108
exclusive_time = 108
process_id = p3
operationName = MmcSetMovieId
serviceName = movie-id-service
------------------------------------------------------------------------------------
span = 9
span_id = 0008453a5d8ec84a
parent_id = a93b9962ab860eeb
start_time = 1682628697995946
end_time = 1682628697996069
inclusive_time = 123
exclusive_time = 123
process_id = p3
operationName = MmcGetMovieId
serviceName = movie-id-service
------------------------------------------------------------------------------------
