span = 0
span_id = 7d5387fc99d2d28c
parent_id = None
start_time = 1682628698163000
end_time = 1682628698167995
inclusive_time = 4995
exclusive_time = 582
process_id = p4
operationName = /wrk2-api/review/compose
serviceName = nginx
------------------------------------------------------------------------------------
span = 1
span_id = a6a5c3bf2a47150e
parent_id = 7d5387fc99d2d28c
start_time = 1682628698163582
end_time = 1682628698167995
inclusive_time = 4413
exclusive_time = 111
process_id = p4
operationName = /wrk2-api/review/compose
serviceName = nginx
------------------------------------------------------------------------------------
span = 2
span_id = d2d2982d2d568a65
parent_id = a6a5c3bf2a47150e
start_time = 1682628698163625
end_time = 1682628698167927
inclusive_time = 4302
exclusive_time = 288
process_id = p4
operationName = ComposeReview
serviceName = nginx
------------------------------------------------------------------------------------
span = 3
span_id = 1540fd2536099f8e
parent_id = d2d2982d2d568a65
start_time = 1682628698164254
end_time = 1682628698167828
inclusive_time = 3574
exclusive_time = 374
process_id = p7
operationName = UploadMovieId
serviceName = movie-id-service
------------------------------------------------------------------------------------
span = 4
span_id = 8036e0bdaab40e39
parent_id = 1540fd2536099f8e
start_time = 1682628698164714
end_time = 1682628698167708
inclusive_time = 2994
exclusive_time = 208
process_id = p1
operationName = UploadRating
serviceName = rating-service
------------------------------------------------------------------------------------
span = 5
span_id = f1c25e827419191c
parent_id = 8036e0bdaab40e39
start_time = 1682628698164860
end_time = 1682628698167609
inclusive_time = 2749
exclusive_time = 1114
process_id = p2
operationName = UploadRating
serviceName = compose-review-service
------------------------------------------------------------------------------------
span = 6
span_id = d796e101ef8ee378
parent_id = f1c25e827419191c
start_time = 1682628698166053
end_time = 1682628698167442
inclusive_time = 1389
exclusive_time = 18
process_id = p6
operationName = UploadUserReview
serviceName = user-review-service
------------------------------------------------------------------------------------
span = 7
span_id = e33574330be99900
parent_id = d796e101ef8ee378
start_time = 1682628698166071
end_time = 1682628698167445
inclusive_time = 1374
exclusive_time = 1374
process_id = p6
operationName = MongoFindUser
serviceName = user-review-service
------------------------------------------------------------------------------------
span = 8
span_id = 4d3ab7994ada3494
parent_id = 1540fd2536099f8e
start_time = 1682628698164522
end_time = 1682628698164608
inclusive_time = 86
exclusive_time = 86
process_id = p7
operationName = MmcSetMovieId
serviceName = movie-id-service
------------------------------------------------------------------------------------
span = 9
span_id = f4887ff46dae7c7a
parent_id = 1540fd2536099f8e
start_time = 1682628698164272
end_time = 1682628698164376
inclusive_time = 104
exclusive_time = 104
process_id = p7
operationName = MmcGetMovieId
serviceName = movie-id-service
------------------------------------------------------------------------------------
