span = 0
span_id = fb21d25883143c1f
parent_id = None
start_time = 1682628698082000
end_time = 1682628698087146
inclusive_time = 5146
exclusive_time = 1015
process_id = p7
operationName = /wrk2-api/review/compose
serviceName = nginx
------------------------------------------------------------------------------------
span = 1
span_id = 73f381c49e259df3
parent_id = fb21d25883143c1f
start_time = 1682628698083015
end_time = 1682628698087146
inclusive_time = 4131
exclusive_time = 246
process_id = p7
operationName = /wrk2-api/review/compose
serviceName = nginx
------------------------------------------------------------------------------------
span = 2
span_id = d81d7312535e58ba
parent_id = 73f381c49e259df3
start_time = 1682628698083208
end_time = 1682628698087093
inclusive_time = 3885
exclusive_time = 282
process_id = p7
operationName = ComposeReview
serviceName = nginx
------------------------------------------------------------------------------------
span = 3
span_id = 8bdad14da4a6e339
parent_id = d81d7312535e58ba
start_time = 1682628698083537
end_time = 1682628698087003
inclusive_time = 3466
exclusive_time = 370
process_id = p4
operationName = UploadMovieId
serviceName = movie-id-service
------------------------------------------------------------------------------------
span = 4
span_id = 9d03704024ad39d0
parent_id = 8bdad14da4a6e339
start_time = 1682628698084153
end_time = 1682628698086848
inclusive_time = 2695
exclusive_time = 1121
process_id = p2
operationName = UploadMovieId
serviceName = compose-review-service
------------------------------------------------------------------------------------
span = 5
span_id = e3508044f8f2c453
parent_id = 9d03704024ad39d0
start_time = 1682628698085261
end_time = 1682628698086726
inclusive_time = 1465
exclusive_time = 27
process_id = p1
operationName = UploadMovieReview
serviceName = movie-review-service
------------------------------------------------------------------------------------
span = 6
span_id = e35bdb2d5b962ecf
parent_id = e3508044f8f2c453
start_time = 1682628698085288
end_time = 1682628698086729
inclusive_time = 1441
exclusive_time = 1441
process_id = p1
operationName = MongoFindMovie
serviceName = movie-review-service
------------------------------------------------------------------------------------
span = 7
span_id = 635bbbc46dcdafea
parent_id = 8bdad14da4a6e339
start_time = 1682628698083833
end_time = 1682628698083922
inclusive_time = 89
exclusive_time = 89
process_id = p4
operationName = MmcSetMovieId
serviceName = movie-id-service
------------------------------------------------------------------------------------
span = 8
span_id = d26002d6cd666cc0
parent_id = 8bdad14da4a6e339
start_time = 1682628698083555
end_time = 1682628698083671
inclusive_time = 116
exclusive_time = 116
process_id = p4
operationName = MmcGetMovieId
serviceName = movie-id-service
------------------------------------------------------------------------------------
