span = 0
span_id = 98b6372facf27369
parent_id = None
start_time = 1682628698231000
end_time = 1682628698235714
inclusive_time = 4714
exclusive_time = 542
process_id = p5
operationName = /wrk2-api/review/compose
serviceName = nginx
------------------------------------------------------------------------------------
span = 1
span_id = d32ef51d92806d02
parent_id = 98b6372facf27369
start_time = 1682628698231541
end_time = 1682628698235713
inclusive_time = 4172
exclusive_time = 105
process_id = p5
operationName = /wrk2-api/review/compose
serviceName = nginx
------------------------------------------------------------------------------------
span = 2
span_id = 4024aba6d379c793
parent_id = d32ef51d92806d02
start_time = 1682628698231590
end_time = 1682628698235657
inclusive_time = 4067
exclusive_time = 353
process_id = p5
operationName = ComposeReview
serviceName = nginx
------------------------------------------------------------------------------------
span = 3
span_id = 2bcadbb6ed874a86
parent_id = 4024aba6d379c793
start_time = 1682628698231909
end_time = 1682628698235520
inclusive_time = 3611
exclusive_time = 387
process_id = p2
operationName = UploadMovieId
serviceName = movie-id-service
------------------------------------------------------------------------------------
span = 4
span_id = 95ebe1c659e274c6
parent_id = 2bcadbb6ed874a86
start_time = 1682628698232247
end_time = 1682628698235276
inclusive_time = 3029
exclusive_time = 227
process_id = p10
operationName = UploadRating
serviceName = rating-service
------------------------------------------------------------------------------------
span = 5
span_id = a99cddba80c8c0d1
parent_id = 95ebe1c659e274c6
start_time = 1682628698232411
end_time = 1682628698235181
inclusive_time = 2770
exclusive_time = 1088
process_id = p1
operationName = UploadRating
serviceName = compose-review-service
------------------------------------------------------------------------------------
span = 6
span_id = eb6b77c75e1d1f98
parent_id = a99cddba80c8c0d1
start_time = 1682628698233406
end_time = 1682628698235057
inclusive_time = 1651
exclusive_time = 27
process_id = p6
operationName = UploadUserReview
serviceName = user-review-service
------------------------------------------------------------------------------------
span = 7
span_id = 6955120669a3b6b4
parent_id = eb6b77c75e1d1f98
start_time = 1682628698233433
end_time = 1682628698235063
inclusive_time = 1630
exclusive_time = 1630
process_id = p6
operationName = MongoFindUser
serviceName = user-review-service
------------------------------------------------------------------------------------
span = 8
span_id = 11b80c2feb55fcd2
parent_id = 2bcadbb6ed874a86
start_time = 1682628698231921
end_time = 1682628698232001
inclusive_time = 80
exclusive_time = 80
process_id = p2
operationName = MmcGetMovieId
serviceName = movie-id-service
------------------------------------------------------------------------------------
