span 0
span_id = 71a56a45bb3854a1
parent_id = None
start_time = 1682628698157000
end_time = 1682628698164417
inclusive_time = 7417
exclusive_time = 368
process_id = p4
operationName = /wrk2-api/review/compose
serviceName = None
------------------------------------------------------------------------------------
span 1
span_id = 265c310a41932eda
parent_id = 71a56a45bb3854a1
start_time = 1682628698157367
end_time = 1682628698164416
inclusive_time = 7049
exclusive_time = 85
process_id = p4
operationName = /wrk2-api/review/compose
serviceName = None
------------------------------------------------------------------------------------
span 2
span_id = 76d926652ef07771
parent_id = 265c310a41932eda
start_time = 1682628698157400
end_time = 1682628698164364
inclusive_time = 6964
exclusive_time = 263
process_id = p4
operationName = ComposeReview
serviceName = None
------------------------------------------------------------------------------------
span 3
span_id = 67158af46f647a32
parent_id = 76d926652ef07771
start_time = 1682628698157671
end_time = 1682628698164275
inclusive_time = 6604
exclusive_time = 772
process_id = p7
operationName = UploadMovieId
serviceName = None
------------------------------------------------------------------------------------
span 4
span_id = 92b288a9314f246e
parent_id = 67158af46f647a32
start_time = 1682628698158819
end_time = 1682628698163790
inclusive_time = 4971
exclusive_time = 1106
process_id = p2
operationName = UploadMovieId
serviceName = None
------------------------------------------------------------------------------------
span 5
span_id = 9dd18b46c643658f
parent_id = 92b288a9314f246e
start_time = 1682628698159899
end_time = 1682628698163604
inclusive_time = 3705
exclusive_time = 29
process_id = p6
operationName = UploadUserReview
serviceName = None
------------------------------------------------------------------------------------
span 6
span_id = 8489c64a4dcb5c7b
parent_id = 9dd18b46c643658f
start_time = 1682628698159928
end_time = 1682628698163610
inclusive_time = 3682
exclusive_time = 3682
process_id = p6
operationName = MongoFindUser
serviceName = None
------------------------------------------------------------------------------------
span 7
span_id = b7c1ce07b059019e
parent_id = 67158af46f647a32
start_time = 1682628698158029
end_time = 1682628698158713
inclusive_time = 684
exclusive_time = 253
process_id = p1
operationName = UploadRating
serviceName = None
------------------------------------------------------------------------------------
span 8
span_id = 3e4887dcec95473e
parent_id = b7c1ce07b059019e
start_time = 1682628698158155
end_time = 1682628698158586
inclusive_time = 431
exclusive_time = 431
process_id = p1
operationName = RedisInsert
serviceName = None
------------------------------------------------------------------------------------
span 9
span_id = 36645397c778e3f7
parent_id = 67158af46f647a32
start_time = 1682628698157887
end_time = 1682628698157991
inclusive_time = 104
exclusive_time = 104
process_id = p7
operationName = MmcSetMovieId
serviceName = None
------------------------------------------------------------------------------------
span 10
span_id = 700b470c2433285a
parent_id = 67158af46f647a32
start_time = 1682628698157682
end_time = 1682628698157755
inclusive_time = 73
exclusive_time = 73
process_id = p7
operationName = MmcGetMovieId
serviceName = None
------------------------------------------------------------------------------------
