span = 0
trace_id = b7c18198d86e8e6f
span_id = b7c18198d86e8e6f
parent_id = None
start_time = 1682628698064000
end_time = 1682628698069626
inclusive_time = 5626
exclusive_time = 33
process_id = p7
operationName = /wrk2-api/review/compose
serviceName = nginx
------------------------------------------------------------------------------------
span = 1
trace_id = b7c18198d86e8e6f
span_id = a9705bc742384c5c
parent_id = b7c18198d86e8e6f
start_time = 1682628698064033
end_time = 1682628698069626
inclusive_time = 5593
exclusive_time = 90
process_id = p7
operationName = /wrk2-api/review/compose
serviceName = nginx
------------------------------------------------------------------------------------
span = 2
trace_id = b7c18198d86e8e6f
span_id = cbd4e689978256e3
parent_id = a9705bc742384c5c
start_time = 1682628698064072
end_time = 1682628698069575
inclusive_time = 5503
exclusive_time = 1524
process_id = p7
operationName = ComposeReview
serviceName = nginx
------------------------------------------------------------------------------------
span = 3
trace_id = b7c18198d86e8e6f
span_id = 0771c12eca20e5e3
parent_id = cbd4e689978256e3
start_time = 1682628698064363
end_time = 1682628698068252
inclusive_time = 3889
exclusive_time = 472
process_id = p4
operationName = UploadMovieId
serviceName = movie-id-service
------------------------------------------------------------------------------------
span = 4
trace_id = b7c18198d86e8e6f
span_id = cf2ee1f49d03b456
parent_id = 0771c12eca20e5e3
start_time = 1682628698064766
end_time = 1682628698068001
inclusive_time = 3235
exclusive_time = 239
process_id = p6
operationName = UploadRating
serviceName = rating-service
------------------------------------------------------------------------------------
span = 5
trace_id = b7c18198d86e8e6f
span_id = 02cd17665a05bff5
parent_id = cf2ee1f49d03b456
start_time = 1682628698064925
end_time = 1682628698067889
inclusive_time = 2964
exclusive_time = 1481
process_id = p2
operationName = UploadRating
serviceName = compose-review-service
------------------------------------------------------------------------------------
span = 6
trace_id = b7c18198d86e8e6f
span_id = bed763cb17030eec
parent_id = 02cd17665a05bff5
start_time = 1682628698065995
end_time = 1682628698067448
inclusive_time = 1453
exclusive_time = 31
process_id = p5
operationName = UploadUserReview
serviceName = user-review-service
------------------------------------------------------------------------------------
span = 7
trace_id = b7c18198d86e8e6f
span_id = 23480429ba38cb43
parent_id = bed763cb17030eec
start_time = 1682628698066026
end_time = 1682628698067453
inclusive_time = 1427
exclusive_time = 1427
process_id = p5
operationName = MongoFindUser
serviceName = user-review-service
------------------------------------------------------------------------------------
span = 8
trace_id = b7c18198d86e8e6f
span_id = 99c195263c2fe2b2
parent_id = 0771c12eca20e5e3
start_time = 1682628698064668
end_time = 1682628698064760
inclusive_time = 92
exclusive_time = 92
process_id = p4
operationName = MmcSetMovieId
serviceName = movie-id-service
------------------------------------------------------------------------------------
span = 9
trace_id = b7c18198d86e8e6f
span_id = b2277de84c983395
parent_id = 0771c12eca20e5e3
start_time = 1682628698064374
end_time = 1682628698064460
inclusive_time = 86
exclusive_time = 86
process_id = p4
operationName = MmcGetMovieId
serviceName = movie-id-service
------------------------------------------------------------------------------------
