span = 0
trace_id = 790b2241f7528c19
span_id = 790b2241f7528c19
parent_id = None
start_time = 1682628697915000
end_time = 1682628697920078
inclusive_time = 5078
exclusive_time = 906
process_id = p8
operationName = /wrk2-api/review/compose
serviceName = nginx
------------------------------------------------------------------------------------
span = 1
trace_id = 790b2241f7528c19
span_id = e205c4498bf96501
parent_id = 790b2241f7528c19
start_time = 1682628697915906
end_time = 1682628697920078
inclusive_time = 4172
exclusive_time = 95
process_id = p8
operationName = /wrk2-api/review/compose
serviceName = nginx
------------------------------------------------------------------------------------
span = 2
trace_id = 790b2241f7528c19
span_id = a3b2a95c97138885
parent_id = e205c4498bf96501
start_time = 1682628697915954
end_time = 1682628697920031
inclusive_time = 4077
exclusive_time = 554
process_id = p8
operationName = ComposeReview
serviceName = nginx
------------------------------------------------------------------------------------
span = 3
trace_id = 790b2241f7528c19
span_id = 0203a15fd0195117
parent_id = a3b2a95c97138885
start_time = 1682628697916280
end_time = 1682628697919803
inclusive_time = 3523
exclusive_time = 543
process_id = p7
operationName = UploadMovieId
serviceName = movie-id-service
------------------------------------------------------------------------------------
span = 4
trace_id = 790b2241f7528c19
span_id = dd11fc8b82422686
parent_id = 0203a15fd0195117
start_time = 1682628697917411
end_time = 1682628697919632
inclusive_time = 2221
exclusive_time = 885
process_id = p4
operationName = UploadMovieId
serviceName = compose-review-service
------------------------------------------------------------------------------------
span = 5
trace_id = 790b2241f7528c19
span_id = 2535c75a7782ca50
parent_id = dd11fc8b82422686
start_time = 1682628697918293
end_time = 1682628697919511
inclusive_time = 1218
exclusive_time = 26
process_id = p1
operationName = UploadMovieReview
serviceName = movie-review-service
------------------------------------------------------------------------------------
span = 6
trace_id = 790b2241f7528c19
span_id = 2bab032bc6a23733
parent_id = 2535c75a7782ca50
start_time = 1682628697918319
end_time = 1682628697919514
inclusive_time = 1195
exclusive_time = 1195
process_id = p1
operationName = MongoFindMovie
serviceName = movie-review-service
------------------------------------------------------------------------------------
span = 7
trace_id = 790b2241f7528c19
span_id = 811783e9614eca60
parent_id = 0203a15fd0195117
start_time = 1682628697916642
end_time = 1682628697916749
inclusive_time = 107
exclusive_time = 107
process_id = p7
operationName = MmcSetMovieId
serviceName = movie-id-service
------------------------------------------------------------------------------------
span = 8
trace_id = 790b2241f7528c19
span_id = dc981bb3ff119e0c
parent_id = 0203a15fd0195117
start_time = 1682628697916299
end_time = 1682628697916433
inclusive_time = 134
exclusive_time = 134
process_id = p7
operationName = MmcGetMovieId
serviceName = movie-id-service
------------------------------------------------------------------------------------
