span 0
span_id = 927d69855ca77735
parent_id = None
start_time = 1682628698170000
end_time = 1682628698174019
inclusive_time = 4019
exclusive_time = 636
process_id = p7
operationName = /wrk2-api/review/compose
serviceName = None
------------------------------------------------------------------------------------
span 1
span_id = e65123d94f676403
parent_id = 927d69855ca77735
start_time = 1682628698170635
end_time = 1682628698174018
inclusive_time = 3383
exclusive_time = 130
process_id = p7
operationName = /wrk2-api/review/compose
serviceName = None
------------------------------------------------------------------------------------
span 2
span_id = 0cc85a1b809dbb16
parent_id = e65123d94f676403
start_time = 1682628698170712
end_time = 1682628698173965
inclusive_time = 3253
exclusive_time = 251
process_id = p7
operationName = ComposeReview
serviceName = None
------------------------------------------------------------------------------------
span 3
span_id = 6231cd9db400069e
parent_id = 0cc85a1b809dbb16
start_time = 1682628698170974
end_time = 1682628698173886
inclusive_time = 2912
exclusive_time = 428
process_id = p5
operationName = UploadMovieId
serviceName = None
------------------------------------------------------------------------------------
span 4
span_id = 958bd38b3cdd8616
parent_id = 6231cd9db400069e
start_time = 1682628698171655
end_time = 1682628698173752
inclusive_time = 2097
exclusive_time = 947
process_id = p1
operationName = UploadMovieId
serviceName = None
------------------------------------------------------------------------------------
span 5
span_id = 948510a7194c3c44
parent_id = 958bd38b3cdd8616
start_time = 1682628698172597
end_time = 1682628698173657
inclusive_time = 1060
exclusive_time = 18
process_id = p2
operationName = UploadMovieReview
serviceName = None
------------------------------------------------------------------------------------
span 6
span_id = b2dd3500bf175734
parent_id = 948510a7194c3c44
start_time = 1682628698172615
end_time = 1682628698173662
inclusive_time = 1047
exclusive_time = 1047
process_id = p2
operationName = MongoFindMovie
serviceName = None
------------------------------------------------------------------------------------
span 7
span_id = 7181821926abc944
parent_id = 6231cd9db400069e
start_time = 1682628698171251
end_time = 1682628698171360
inclusive_time = 109
exclusive_time = 109
process_id = p5
operationName = MmcSetMovieId
serviceName = None
------------------------------------------------------------------------------------
span 8
span_id = 933481665a776b5f
parent_id = 6231cd9db400069e
start_time = 1682628698170986
end_time = 1682628698171062
inclusive_time = 76
exclusive_time = 76
process_id = p5
operationName = MmcGetMovieId
serviceName = None
------------------------------------------------------------------------------------
