span = 0
span_id = 26ed66cc5e154166
parent_id = None
start_time = 1682628698282000
end_time = 1682628698287165
inclusive_time = 5165
exclusive_time = 565
process_id = p2
operationName = /wrk2-api/review/compose
serviceName = nginx
------------------------------------------------------------------------------------
span = 1
span_id = 163aba498d5d41ec
parent_id = 26ed66cc5e154166
start_time = 1682628698282565
end_time = 1682628698287165
inclusive_time = 4600
exclusive_time = 88
process_id = p2
operationName = /wrk2-api/review/compose
serviceName = nginx
------------------------------------------------------------------------------------
span = 2
span_id = 116f7a0ee8b14ec2
parent_id = 163aba498d5d41ec
start_time = 1682628698282607
end_time = 1682628698287119
inclusive_time = 4512
exclusive_time = 510
process_id = p2
operationName = ComposeReview
serviceName = nginx
------------------------------------------------------------------------------------
span = 3
span_id = e5b4f6b225cd5952
parent_id = 116f7a0ee8b14ec2
start_time = 1682628698283223
end_time = 1682628698286827
inclusive_time = 3604
exclusive_time = 392
process_id = p5
operationName = UploadMovieId
serviceName = movie-id-service
------------------------------------------------------------------------------------
span = 4
span_id = bd1b5fbda36f2e29
parent_id = e5b4f6b225cd5952
start_time = 1682628698283677
end_time = 1682628698286631
inclusive_time = 2954
exclusive_time = 368
process_id = p10
operationName = UploadRating
serviceName = rating-service
------------------------------------------------------------------------------------
span = 5
span_id = 5e0f8cb0164d3648
parent_id = bd1b5fbda36f2e29
start_time = 1682628698283905
end_time = 1682628698286491
inclusive_time = 2586
exclusive_time = 1222
process_id = p4
operationName = UploadRating
serviceName = compose-review-service
------------------------------------------------------------------------------------
span = 6
span_id = fe69466bc80f39bf
parent_id = 5e0f8cb0164d3648
start_time = 1682628698285058
end_time = 1682628698286387
inclusive_time = 1329
exclusive_time = 57
process_id = p3
operationName = UploadUserReview
serviceName = user-review-service
------------------------------------------------------------------------------------
span = 7
span_id = 20b804ccbe6f4d52
parent_id = fe69466bc80f39bf
start_time = 1682628698285115
end_time = 1682628698286391
inclusive_time = 1276
exclusive_time = 1276
process_id = p3
operationName = MongoFindUser
serviceName = user-review-service
------------------------------------------------------------------------------------
span = 8
span_id = 27d8eb688a2b9b78
parent_id = e5b4f6b225cd5952
start_time = 1682628698283491
end_time = 1682628698283592
inclusive_time = 101
exclusive_time = 101
process_id = p5
operationName = MmcSetMovieId
serviceName = movie-id-service
------------------------------------------------------------------------------------
span = 9
span_id = f3fd054579190c0c
parent_id = e5b4f6b225cd5952
start_time = 1682628698283244
end_time = 1682628698283340
inclusive_time = 96
exclusive_time = 96
process_id = p5
operationName = MmcGetMovieId
serviceName = movie-id-service
------------------------------------------------------------------------------------
