span = 0
span_id = 66ff35e60ec80f93
parent_id = None
start_time = 1682628698106000
end_time = 1682628698110212
inclusive_time = 4212
exclusive_time = 394
process_id = p7
operationName = /wrk2-api/review/compose
serviceName = nginx
------------------------------------------------------------------------------------
span = 1
span_id = d47334b9d073dadd
parent_id = 66ff35e60ec80f93
start_time = 1682628698106393
end_time = 1682628698110211
inclusive_time = 3818
exclusive_time = 97
process_id = p7
operationName = /wrk2-api/review/compose
serviceName = nginx
------------------------------------------------------------------------------------
span = 2
span_id = 7a1f0560aad19d68
parent_id = d47334b9d073dadd
start_time = 1682628698106427
end_time = 1682628698110148
inclusive_time = 3721
exclusive_time = 266
process_id = p7
operationName = ComposeReview
serviceName = nginx
------------------------------------------------------------------------------------
span = 3
span_id = ac8cc19f1dfcd7ec
parent_id = 7a1f0560aad19d68
start_time = 1682628698106825
end_time = 1682628698110032
inclusive_time = 3207
exclusive_time = 327
process_id = p3
operationName = UploadMovieId
serviceName = movie-id-service
------------------------------------------------------------------------------------
span = 4
span_id = fd6297b0326cdce6
parent_id = ac8cc19f1dfcd7ec
start_time = 1682628698107270
end_time = 1682628698109897
inclusive_time = 2627
exclusive_time = 289
process_id = p5
operationName = UploadRating
serviceName = rating-service
------------------------------------------------------------------------------------
span = 5
span_id = b2786f6558a183bf
parent_id = fd6297b0326cdce6
start_time = 1682628698107569
end_time = 1682628698109718
inclusive_time = 2149
exclusive_time = 917
process_id = p1
operationName = UploadRating
serviceName = compose-review-service
------------------------------------------------------------------------------------
span = 6
span_id = ccf04184f867f518
parent_id = b2786f6558a183bf
start_time = 1682628698108390
end_time = 1682628698109556
inclusive_time = 1166
exclusive_time = 22
process_id = p4
operationName = UploadUserReview
serviceName = user-review-service
------------------------------------------------------------------------------------
span = 7
span_id = 2a45fc04b3d7eedf
parent_id = ccf04184f867f518
start_time = 1682628698108412
end_time = 1682628698109561
inclusive_time = 1149
exclusive_time = 1149
process_id = p4
operationName = MongoFindUser
serviceName = user-review-service
------------------------------------------------------------------------------------
span = 8
span_id = 78026c7a071113c3
parent_id = ac8cc19f1dfcd7ec
start_time = 1682628698107086
end_time = 1682628698107197
inclusive_time = 111
exclusive_time = 111
process_id = p3
operationName = MmcSetMovieId
serviceName = movie-id-service
------------------------------------------------------------------------------------
span = 9
span_id = 0444e7186d134dd0
parent_id = ac8cc19f1dfcd7ec
start_time = 1682628698106841
end_time = 1682628698106938
inclusive_time = 97
exclusive_time = 97
process_id = p3
operationName = MmcGetMovieId
serviceName = movie-id-service
------------------------------------------------------------------------------------
