span = 0
trace_id = 2e4fe45aa2edf745
span_id = 2e4fe45aa2edf745
parent_id = None
start_time = 1682628697854000
end_time = 1682628697859015
inclusive_time = 5015
exclusive_time = 159
process_id = p3
operationName = /wrk2-api/review/compose
serviceName = nginx
------------------------------------------------------------------------------------
span = 1
trace_id = 2e4fe45aa2edf745
span_id = aa4a6d0a398e3c22
parent_id = 2e4fe45aa2edf745
start_time = 1682628697854159
end_time = 1682628697859015
inclusive_time = 4856
exclusive_time = 100
process_id = p3
operationName = /wrk2-api/review/compose
serviceName = nginx
------------------------------------------------------------------------------------
span = 2
trace_id = 2e4fe45aa2edf745
span_id = e83f75ead80bf057
parent_id = aa4a6d0a398e3c22
start_time = 1682628697854206
end_time = 1682628697858962
inclusive_time = 4756
exclusive_time = 1485
process_id = p3
operationName = ComposeReview
serviceName = nginx
------------------------------------------------------------------------------------
span = 3
trace_id = 2e4fe45aa2edf745
span_id = e00db2fb6e538990
parent_id = e83f75ead80bf057
start_time = 1682628697854733
end_time = 1682628697857657
inclusive_time = 2924
exclusive_time = 432
process_id = p10
operationName = UploadUniqueId
serviceName = unique-id-service
------------------------------------------------------------------------------------
span = 4
trace_id = 2e4fe45aa2edf745
span_id = e41b42842d4cb8b2
parent_id = e00db2fb6e538990
start_time = 1682628697855095
end_time = 1682628697857587
inclusive_time = 2492
exclusive_time = 1279
process_id = p4
operationName = UploadUniqueId
serviceName = compose-review-service
------------------------------------------------------------------------------------
span = 5
trace_id = 2e4fe45aa2edf745
span_id = cdc326e32edf11da
parent_id = e41b42842d4cb8b2
start_time = 1682628697856214
end_time = 1682628697857357
inclusive_time = 1143
exclusive_time = 18
process_id = p2
operationName = UploadUserReview
serviceName = user-review-service
------------------------------------------------------------------------------------
span = 6
trace_id = 2e4fe45aa2edf745
span_id = a3d4e1e9b6378c36
parent_id = cdc326e32edf11da
start_time = 1682628697856232
end_time = 1682628697857361
inclusive_time = 1129
exclusive_time = 1129
process_id = p2
operationName = MongoFindUser
serviceName = user-review-service
------------------------------------------------------------------------------------
