span = 0
span_id = 5e35ce0428759315
parent_id = None
start_time = 1682628698255000
end_time = 1682628698259802
inclusive_time = 4802
exclusive_time = 745
process_id = p3
operationName = /wrk2-api/review/compose
serviceName = nginx
------------------------------------------------------------------------------------
span = 1
span_id = af637dbe5231e7d8
parent_id = 5e35ce0428759315
start_time = 1682628698255744
end_time = 1682628698259801
inclusive_time = 4057
exclusive_time = 115
process_id = p3
operationName = /wrk2-api/review/compose
serviceName = nginx
------------------------------------------------------------------------------------
span = 2
span_id = 68a74e281c8f3068
parent_id = af637dbe5231e7d8
start_time = 1682628698255792
end_time = 1682628698259734
inclusive_time = 3942
exclusive_time = 440
process_id = p3
operationName = ComposeReview
serviceName = nginx
------------------------------------------------------------------------------------
span = 3
span_id = fa8b6e5088c87a01
parent_id = 68a74e281c8f3068
start_time = 1682628698256197
end_time = 1682628698259510
inclusive_time = 3313
exclusive_time = 312
process_id = p6
operationName = UploadMovieId
serviceName = movie-id-service
------------------------------------------------------------------------------------
span = 4
span_id = 7251f96d9be3e08c
parent_id = fa8b6e5088c87a01
start_time = 1682628698256660
end_time = 1682628698259382
inclusive_time = 2722
exclusive_time = 326
process_id = p10
operationName = UploadRating
serviceName = rating-service
------------------------------------------------------------------------------------
span = 5
span_id = 7c2486e519f7a27b
parent_id = 7251f96d9be3e08c
start_time = 1682628698256834
end_time = 1682628698259204
inclusive_time = 2370
exclusive_time = 972
process_id = p5
operationName = UploadRating
serviceName = compose-review-service
------------------------------------------------------------------------------------
span = 6
span_id = 7b4debf767c2400a
parent_id = 7c2486e519f7a27b
start_time = 1682628698257738
end_time = 1682628698259102
inclusive_time = 1364
exclusive_time = 16
process_id = p4
operationName = UploadUserReview
serviceName = user-review-service
------------------------------------------------------------------------------------
span = 7
span_id = 287f17445bca0447
parent_id = 7b4debf767c2400a
start_time = 1682628698257754
end_time = 1682628698259104
inclusive_time = 1350
exclusive_time = 1350
process_id = p4
operationName = MongoFindUser
serviceName = user-review-service
------------------------------------------------------------------------------------
span = 8
span_id = 0013291c6633da45
parent_id = fa8b6e5088c87a01
start_time = 1682628698256523
end_time = 1682628698256633
inclusive_time = 110
exclusive_time = 110
process_id = p6
operationName = MmcSetMovieId
serviceName = movie-id-service
------------------------------------------------------------------------------------
span = 9
span_id = 9f351ac953e65c4e
parent_id = fa8b6e5088c87a01
start_time = 1682628698256214
end_time = 1682628698256383
inclusive_time = 169
exclusive_time = 169
process_id = p6
operationName = MmcGetMovieId
serviceName = movie-id-service
------------------------------------------------------------------------------------
