span = 0
trace_id = 077fbb4562a63225
span_id = 077fbb4562a63225
parent_id = None
start_time = 1682628698151000
end_time = 1682628698155403
inclusive_time = 4403
exclusive_time = 818
process_id = p4
operationName = /wrk2-api/review/compose
serviceName = nginx
call path = 
------------------------------------------------------------------------------------
span = 1
trace_id = 077fbb4562a63225
span_id = 89a02ce240fd4c7a
parent_id = 077fbb4562a63225
start_time = 1682628698151818
end_time = 1682628698155403
inclusive_time = 3585
exclusive_time = 84
process_id = p4
operationName = /wrk2-api/review/compose
serviceName = nginx
call path = ->/wrk2-api/review/compose_nginx
------------------------------------------------------------------------------------
span = 2
trace_id = 077fbb4562a63225
span_id = 176290f524ee15d5
parent_id = 89a02ce240fd4c7a
start_time = 1682628698151851
end_time = 1682628698155352
inclusive_time = 3501
exclusive_time = 224
process_id = p4
operationName = ComposeReview
serviceName = nginx
call path = ->/wrk2-api/review/compose_nginx->/wrk2-api/review/compose_nginx
------------------------------------------------------------------------------------
span = 3
trace_id = 077fbb4562a63225
span_id = 0f69aa15a58b2e6f
parent_id = 176290f524ee15d5
start_time = 1682628698152123
end_time = 1682628698155293
inclusive_time = 3170
exclusive_time = 320
process_id = p7
operationName = UploadMovieId
serviceName = movie-id-service
call path = ->/wrk2-api/review/compose_nginx->/wrk2-api/review/compose_nginx->ComposeReview_nginx
------------------------------------------------------------------------------------
span = 4
trace_id = 077fbb4562a63225
span_id = dc16572673fb6094
parent_id = 0f69aa15a58b2e6f
start_time = 1682628698152505
end_time = 1682628698155159
inclusive_time = 2654
exclusive_time = 361
process_id = p1
operationName = UploadRating
serviceName = rating-service
call path = ->/wrk2-api/review/compose_nginx->/wrk2-api/review/compose_nginx->ComposeReview_nginx->UploadMovieId_movie-id-service
------------------------------------------------------------------------------------
span = 5
trace_id = 077fbb4562a63225
span_id = a2669a75407496ae
parent_id = dc16572673fb6094
start_time = 1682628698152700
end_time = 1682628698154949
inclusive_time = 2249
exclusive_time = 1066
process_id = p2
operationName = UploadRating
serviceName = compose-review-service
call path = ->/wrk2-api/review/compose_nginx->/wrk2-api/review/compose_nginx->ComposeReview_nginx->UploadMovieId_movie-id-service->UploadRating_rating-service
------------------------------------------------------------------------------------
span = 6
trace_id = 077fbb4562a63225
span_id = 916bd86f063ba9fd
parent_id = a2669a75407496ae
start_time = 1682628698153714
end_time = 1682628698154854
inclusive_time = 1140
exclusive_time = 26
process_id = p3
operationName = UploadMovieReview
serviceName = movie-review-service
call path = ->/wrk2-api/review/compose_nginx->/wrk2-api/review/compose_nginx->ComposeReview_nginx->UploadMovieId_movie-id-service->UploadRating_rating-service->UploadRating_compose-review-service
------------------------------------------------------------------------------------
span = 7
trace_id = 077fbb4562a63225
span_id = c10a4d44859a687b
parent_id = 916bd86f063ba9fd
start_time = 1682628698153740
end_time = 1682628698154857
inclusive_time = 1117
exclusive_time = 1117
process_id = p3
operationName = MongoFindMovie
serviceName = movie-review-service
call path = ->/wrk2-api/review/compose_nginx->/wrk2-api/review/compose_nginx->ComposeReview_nginx->UploadMovieId_movie-id-service->UploadRating_rating-service->UploadRating_compose-review-service->UploadMovieReview_movie-review-service
------------------------------------------------------------------------------------
span = 8
trace_id = 077fbb4562a63225
span_id = 59115f1b36ef735d
parent_id = 0f69aa15a58b2e6f
start_time = 1682628698152350
end_time = 1682628698152455
inclusive_time = 105
exclusive_time = 105
process_id = p7
operationName = MmcSetMovieId
serviceName = movie-id-service
call path = ->/wrk2-api/review/compose_nginx->/wrk2-api/review/compose_nginx->ComposeReview_nginx->UploadMovieId_movie-id-service
------------------------------------------------------------------------------------
span = 9
trace_id = 077fbb4562a63225
span_id = ca18bd7170900ae8
parent_id = 0f69aa15a58b2e6f
start_time = 1682628698152135
end_time = 1682628698152212
inclusive_time = 77
exclusive_time = 77
process_id = p7
operationName = MmcGetMovieId
serviceName = movie-id-service
call path = ->/wrk2-api/review/compose_nginx->/wrk2-api/review/compose_nginx->ComposeReview_nginx->UploadMovieId_movie-id-service
------------------------------------------------------------------------------------
