span = 0
span_id = 02b71c3de68d6a37
parent_id = None
start_time = 1682628698092000
end_time = 1682628698096416
inclusive_time = 4416
exclusive_time = 340
process_id = p7
operationName = /wrk2-api/review/compose
serviceName = nginx
------------------------------------------------------------------------------------
span = 1
span_id = 6eb80268590bc8d7
parent_id = 02b71c3de68d6a37
start_time = 1682628698092340
end_time = 1682628698096416
inclusive_time = 4076
exclusive_time = 100
process_id = p7
operationName = /wrk2-api/review/compose
serviceName = nginx
------------------------------------------------------------------------------------
span = 2
span_id = 07ebba9ee5710d47
parent_id = 6eb80268590bc8d7
start_time = 1682628698092379
end_time = 1682628698096355
inclusive_time = 3976
exclusive_time = 645
process_id = p7
operationName = ComposeReview
serviceName = nginx
------------------------------------------------------------------------------------
span = 3
span_id = 2bd6cc0dec951b0c
parent_id = 07ebba9ee5710d47
start_time = 1682628698092684
end_time = 1682628698095903
inclusive_time = 3219
exclusive_time = 397
process_id = p4
operationName = UploadMovieId
serviceName = movie-id-service
------------------------------------------------------------------------------------
span = 4
span_id = bd60b15114e6b9a7
parent_id = 2bd6cc0dec951b0c
start_time = 1682628698093226
end_time = 1682628698095773
inclusive_time = 2547
exclusive_time = 269
process_id = p6
operationName = UploadRating
serviceName = rating-service
------------------------------------------------------------------------------------
span = 5
span_id = 34924c5df9a703bf
parent_id = bd60b15114e6b9a7
start_time = 1682628698093417
end_time = 1682628698095653
inclusive_time = 2236
exclusive_time = 828
process_id = p2
operationName = UploadRating
serviceName = compose-review-service
------------------------------------------------------------------------------------
span = 6
span_id = 5aeafd242e12780d
parent_id = 34924c5df9a703bf
start_time = 1682628698094278
end_time = 1682628698095541
inclusive_time = 1263
exclusive_time = 27
process_id = p1
operationName = UploadMovieReview
serviceName = movie-review-service
------------------------------------------------------------------------------------
span = 7
span_id = fc1e613d57ca4bd1
parent_id = 5aeafd242e12780d
start_time = 1682628698094305
end_time = 1682628698095546
inclusive_time = 1241
exclusive_time = 1241
process_id = p1
operationName = MongoFindMovie
serviceName = movie-review-service
------------------------------------------------------------------------------------
span = 8
span_id = 3f8b0d3416247be4
parent_id = 2bd6cc0dec951b0c
start_time = 1682628698092976
end_time = 1682628698093083
inclusive_time = 107
exclusive_time = 107
process_id = p4
operationName = MmcSetMovieId
serviceName = movie-id-service
------------------------------------------------------------------------------------
span = 9
span_id = 0bf1d2a04aea70e8
parent_id = 2bd6cc0dec951b0c
start_time = 1682628698092706
end_time = 1682628698092815
inclusive_time = 109
exclusive_time = 109
process_id = p4
operationName = MmcGetMovieId
serviceName = movie-id-service
------------------------------------------------------------------------------------
