span = 0
span_id = a7c08168fbdb0555
parent_id = None
start_time = 1682628698065000
end_time = 1682628698069960
inclusive_time = 4960
exclusive_time = 600
process_id = p1
operationName = /wrk2-api/review/compose
serviceName = nginx
------------------------------------------------------------------------------------
span = 1
span_id = 703dd9405b4a6ad5
parent_id = a7c08168fbdb0555
start_time = 1682628698065600
end_time = 1682628698069960
inclusive_time = 4360
exclusive_time = 126
process_id = p1
operationName = /wrk2-api/review/compose
serviceName = nginx
------------------------------------------------------------------------------------
span = 2
span_id = 836709e48ec3521c
parent_id = 703dd9405b4a6ad5
start_time = 1682628698065668
end_time = 1682628698069902
inclusive_time = 4234
exclusive_time = 394
process_id = p1
operationName = ComposeReview
serviceName = nginx
------------------------------------------------------------------------------------
span = 3
span_id = 10ac1f5f55a7f8c5
parent_id = 836709e48ec3521c
start_time = 1682628698066049
end_time = 1682628698069766
inclusive_time = 3717
exclusive_time = 686
process_id = p5
operationName = UploadMovieId
serviceName = movie-id-service
------------------------------------------------------------------------------------
span = 4
span_id = c9e055c64448ec5b
parent_id = 10ac1f5f55a7f8c5
start_time = 1682628698066874
end_time = 1682628698069649
inclusive_time = 2775
exclusive_time = 310
process_id = p7
operationName = UploadRating
serviceName = rating-service
------------------------------------------------------------------------------------
span = 5
span_id = 2905a055ff1d483d
parent_id = c9e055c64448ec5b
start_time = 1682628698067080
end_time = 1682628698069502
inclusive_time = 2422
exclusive_time = 985
process_id = p3
operationName = UploadRating
serviceName = compose-review-service
------------------------------------------------------------------------------------
span = 6
span_id = 814c9817f2b855a5
parent_id = 2905a055ff1d483d
start_time = 1682628698068104
end_time = 1682628698069369
inclusive_time = 1265
exclusive_time = 29
process_id = p2
operationName = UploadMovieReview
serviceName = movie-review-service
------------------------------------------------------------------------------------
span = 7
span_id = f00235e00291002a
parent_id = 814c9817f2b855a5
start_time = 1682628698068133
end_time = 1682628698069374
inclusive_time = 1241
exclusive_time = 1241
process_id = p2
operationName = MongoFindMovie
serviceName = movie-review-service
------------------------------------------------------------------------------------
span = 8
span_id = db5e6352901bbf43
parent_id = 10ac1f5f55a7f8c5
start_time = 1682628698066705
end_time = 1682628698066841
inclusive_time = 136
exclusive_time = 136
process_id = p5
operationName = MmcSetMovieId
serviceName = movie-id-service
------------------------------------------------------------------------------------
span = 9
span_id = ecff71997a405bc7
parent_id = 10ac1f5f55a7f8c5
start_time = 1682628698066065
end_time = 1682628698066152
inclusive_time = 87
exclusive_time = 87
process_id = p5
operationName = MmcGetMovieId
serviceName = movie-id-service
------------------------------------------------------------------------------------
