span 0
span_id = 4026a835c92407d7
parent_id = None
start_time = 1682628698120000
end_time = 1682628698124980
inclusive_time = 4980
exclusive_time = 931
process_id = p5
operationName = /wrk2-api/review/compose
serviceName = None
------------------------------------------------------------------------------------
span 1
span_id = a3766ab083fbdb47
parent_id = 4026a835c92407d7
start_time = 1682628698120930
end_time = 1682628698124979
inclusive_time = 4049
exclusive_time = 106
process_id = p5
operationName = /wrk2-api/review/compose
serviceName = None
------------------------------------------------------------------------------------
span 2
span_id = bd7c39d960a9f23d
parent_id = a3766ab083fbdb47
start_time = 1682628698120968
end_time = 1682628698124911
inclusive_time = 3943
exclusive_time = 267
process_id = p5
operationName = ComposeReview
serviceName = None
------------------------------------------------------------------------------------
span 3
span_id = cd5bee1c95883ccc
parent_id = bd7c39d960a9f23d
start_time = 1682628698121281
end_time = 1682628698124824
inclusive_time = 3543
exclusive_time = 456
process_id = p2
operationName = UploadMovieId
serviceName = None
------------------------------------------------------------------------------------
span 4
span_id = b9adea463d4daa24
parent_id = cd5bee1c95883ccc
start_time = 1682628698121784
end_time = 1682628698124644
inclusive_time = 2860
exclusive_time = 244
process_id = p4
operationName = UploadRating
serviceName = None
------------------------------------------------------------------------------------
span 5
span_id = 1a53e6d353689d96
parent_id = b9adea463d4daa24
start_time = 1682628698121956
end_time = 1682628698124510
inclusive_time = 2554
exclusive_time = 1282
process_id = p6
operationName = UploadRating
serviceName = None
------------------------------------------------------------------------------------
span 6
span_id = 49419a7624fd32d3
parent_id = 1a53e6d353689d96
start_time = 1682628698123080
end_time = 1682628698124325
inclusive_time = 1245
exclusive_time = 19
process_id = p3
operationName = UploadUserReview
serviceName = None
------------------------------------------------------------------------------------
span 7
span_id = 2417d92543dc0da6
parent_id = 49419a7624fd32d3
start_time = 1682628698123099
end_time = 1682628698124330
inclusive_time = 1231
exclusive_time = 1231
process_id = p3
operationName = MongoFindUser
serviceName = None
------------------------------------------------------------------------------------
span 8
span_id = e74e7af890e170a5
parent_id = cd5bee1c95883ccc
start_time = 1682628698121632
end_time = 1682628698121740
inclusive_time = 108
exclusive_time = 108
process_id = p2
operationName = MmcSetMovieId
serviceName = None
------------------------------------------------------------------------------------
span 9
span_id = ba28589c9691846a
parent_id = cd5bee1c95883ccc
start_time = 1682628698121302
end_time = 1682628698121405
inclusive_time = 103
exclusive_time = 103
process_id = p2
operationName = MmcGetMovieId
serviceName = None
------------------------------------------------------------------------------------
