span 0
span_id = 7c1a8167a2f46e9a
parent_id = None
start_time = 1682628697945000
end_time = 1682628697950594
inclusive_time = 5594
exclusive_time = 858
process_id = p8
operationName = /wrk2-api/review/compose
serviceName = None
------------------------------------------------------------------------------------
span 1
span_id = fbb347d9d10a65ec
parent_id = 7c1a8167a2f46e9a
start_time = 1682628697945858
end_time = 1682628697950594
inclusive_time = 4736
exclusive_time = 94
process_id = p8
operationName = /wrk2-api/review/compose
serviceName = None
------------------------------------------------------------------------------------
span 2
span_id = 7acee66a861b7354
parent_id = fbb347d9d10a65ec
start_time = 1682628697945893
end_time = 1682628697950535
inclusive_time = 4642
exclusive_time = 841
process_id = p8
operationName = ComposeReview
serviceName = None
------------------------------------------------------------------------------------
span 3
span_id = 736e7bf53f8988f7
parent_id = 7acee66a861b7354
start_time = 1682628697946211
end_time = 1682628697949880
inclusive_time = 3669
exclusive_time = 451
process_id = p7
operationName = UploadMovieId
serviceName = None
------------------------------------------------------------------------------------
span 4
span_id = 6e4034c72e951f39
parent_id = 736e7bf53f8988f7
start_time = 1682628697946634
end_time = 1682628697949624
inclusive_time = 2990
exclusive_time = 254
process_id = p4
operationName = UploadRating
serviceName = None
------------------------------------------------------------------------------------
span 5
span_id = 8165cf94c7b44ad9
parent_id = 6e4034c72e951f39
start_time = 1682628697946857
end_time = 1682628697949490
inclusive_time = 2633
exclusive_time = 1073
process_id = p3
operationName = UploadRating
serviceName = None
------------------------------------------------------------------------------------
span 6
span_id = a3624d3bb6df3dbd
parent_id = 8165cf94c7b44ad9
start_time = 1682628697947988
end_time = 1682628697949375
inclusive_time = 1387
exclusive_time = 18
process_id = p6
operationName = UploadMovieReview
serviceName = None
------------------------------------------------------------------------------------
span 7
span_id = 3647057b3e44481a
parent_id = a3624d3bb6df3dbd
start_time = 1682628697948006
end_time = 1682628697949378
inclusive_time = 1372
exclusive_time = 1372
process_id = p6
operationName = MongoFindMovie
serviceName = None
------------------------------------------------------------------------------------
span 8
span_id = 261c3ee46a62ce4c
parent_id = 736e7bf53f8988f7
start_time = 1682628697946447
end_time = 1682628697946546
inclusive_time = 99
exclusive_time = 99
process_id = p7
operationName = MmcSetMovieId
serviceName = None
------------------------------------------------------------------------------------
span 9
span_id = 851e02e6a7de193a
parent_id = 736e7bf53f8988f7
start_time = 1682628697946228
end_time = 1682628697946315
inclusive_time = 87
exclusive_time = 87
process_id = p7
operationName = MmcGetMovieId
serviceName = None
------------------------------------------------------------------------------------
