span 0
span_id = 612d5e27ff56fe88
parent_id = None
start_time = 1682628698328000
end_time = 1682628698332628
inclusive_time = 4628
exclusive_time = 582
process_id = p10
operationName = /wrk2-api/review/compose
serviceName = None
------------------------------------------------------------------------------------
span 1
span_id = 1fc6f2cafa359d02
parent_id = 612d5e27ff56fe88
start_time = 1682628698328582
end_time = 1682628698332628
inclusive_time = 4046
exclusive_time = 106
process_id = p10
operationName = /wrk2-api/review/compose
serviceName = None
------------------------------------------------------------------------------------
span 2
span_id = 3f9a040d6b9171c7
parent_id = 1fc6f2cafa359d02
start_time = 1682628698328631
end_time = 1682628698332571
inclusive_time = 3940
exclusive_time = 433
process_id = p10
operationName = ComposeReview
serviceName = None
------------------------------------------------------------------------------------
span 3
span_id = e352acbe94e6626c
parent_id = 3f9a040d6b9171c7
start_time = 1682628698328993
end_time = 1682628698332500
inclusive_time = 3507
exclusive_time = 455
process_id = p1
operationName = UploadMovieId
serviceName = None
------------------------------------------------------------------------------------
span 4
span_id = b2710b0ae9d8085a
parent_id = e352acbe94e6626c
start_time = 1682628698329514
end_time = 1682628698332361
inclusive_time = 2847
exclusive_time = 249
process_id = p9
operationName = UploadRating
serviceName = None
------------------------------------------------------------------------------------
span 5
span_id = 4d788b275ad093ed
parent_id = b2710b0ae9d8085a
start_time = 1682628698329704
end_time = 1682628698332264
inclusive_time = 2560
exclusive_time = 1237
process_id = p2
operationName = UploadRating
serviceName = None
------------------------------------------------------------------------------------
span 6
span_id = 76a4c047a40550d5
parent_id = 4d788b275ad093ed
start_time = 1682628698330692
end_time = 1682628698331910
inclusive_time = 1218
exclusive_time = 21
process_id = p6
operationName = UploadUserReview
serviceName = None
------------------------------------------------------------------------------------
span 7
span_id = 93c1cddd48f28593
parent_id = 76a4c047a40550d5
start_time = 1682628698330713
end_time = 1682628698331915
inclusive_time = 1202
exclusive_time = 1202
process_id = p6
operationName = MongoFindUser
serviceName = None
------------------------------------------------------------------------------------
span 8
span_id = 4a84470c89e62795
parent_id = e352acbe94e6626c
start_time = 1682628698329356
end_time = 1682628698329440
inclusive_time = 84
exclusive_time = 84
process_id = p1
operationName = MmcSetMovieId
serviceName = None
------------------------------------------------------------------------------------
span 9
span_id = 98edcda5113cf924
parent_id = e352acbe94e6626c
start_time = 1682628698329010
end_time = 1682628698329102
inclusive_time = 92
exclusive_time = 92
process_id = p1
operationName = MmcGetMovieId
serviceName = None
------------------------------------------------------------------------------------
