span = 0
trace_id = 8685a91a82f7a4c7
span_id = 8685a91a82f7a4c7
parent_id = None
start_time = 1682628698006000
end_time = 1682628698011919
inclusive_time = 5919
exclusive_time = 760
process_id = p3
operationName = /wrk2-api/review/compose
serviceName = nginx
------------------------------------------------------------------------------------
span = 1
trace_id = 8685a91a82f7a4c7
span_id = 078dddd5f3a58f31
parent_id = 8685a91a82f7a4c7
start_time = 1682628698006760
end_time = 1682628698011919
inclusive_time = 5159
exclusive_time = 114
process_id = p3
operationName = /wrk2-api/review/compose
serviceName = nginx
------------------------------------------------------------------------------------
span = 2
trace_id = 8685a91a82f7a4c7
span_id = 500baeee870ef99b
parent_id = 078dddd5f3a58f31
start_time = 1682628698006811
end_time = 1682628698011856
inclusive_time = 5045
exclusive_time = 722
process_id = p3
operationName = ComposeReview
serviceName = nginx
------------------------------------------------------------------------------------
span = 3
trace_id = 8685a91a82f7a4c7
span_id = 6914af06190950aa
parent_id = 500baeee870ef99b
start_time = 1682628698007756
end_time = 1682628698011512
inclusive_time = 3756
exclusive_time = 352
process_id = p2
operationName = UploadMovieId
serviceName = movie-id-service
------------------------------------------------------------------------------------
span = 4
trace_id = 8685a91a82f7a4c7
span_id = 7426aa28804352a1
parent_id = 6914af06190950aa
start_time = 1682628698008253
end_time = 1682628698011384
inclusive_time = 3131
exclusive_time = 397
process_id = p9
operationName = UploadRating
serviceName = rating-service
------------------------------------------------------------------------------------
span = 5
trace_id = 8685a91a82f7a4c7
span_id = 77367a066b34d949
parent_id = 7426aa28804352a1
start_time = 1682628698008520
end_time = 1682628698011143
inclusive_time = 2623
exclusive_time = 1197
process_id = p5
operationName = UploadRating
serviceName = compose-review-service
------------------------------------------------------------------------------------
span = 6
trace_id = 8685a91a82f7a4c7
span_id = 64619848ff8f0f4f
parent_id = 77367a066b34d949
start_time = 1682628698009588
end_time = 1682628698010982
inclusive_time = 1394
exclusive_time = 17
process_id = p6
operationName = UploadUserReview
serviceName = user-review-service
------------------------------------------------------------------------------------
span = 7
trace_id = 8685a91a82f7a4c7
span_id = 4da0aa72524d10bc
parent_id = 64619848ff8f0f4f
start_time = 1682628698009605
end_time = 1682628698010987
inclusive_time = 1382
exclusive_time = 1382
process_id = p6
operationName = MongoFindUser
serviceName = user-review-service
------------------------------------------------------------------------------------
span = 8
trace_id = 8685a91a82f7a4c7
span_id = 28b924cbb06a5503
parent_id = 6914af06190950aa
start_time = 1682628698008066
end_time = 1682628698008240
inclusive_time = 174
exclusive_time = 174
process_id = p2
operationName = MmcSetMovieId
serviceName = movie-id-service
------------------------------------------------------------------------------------
span = 9
trace_id = 8685a91a82f7a4c7
span_id = af864214a3e0a3ec
parent_id = 6914af06190950aa
start_time = 1682628698007769
end_time = 1682628698007855
inclusive_time = 86
exclusive_time = 86
process_id = p2
operationName = MmcGetMovieId
serviceName = movie-id-service
------------------------------------------------------------------------------------
