span 0
span_id = af5d23049e17235e
parent_id = None
start_time = 1682628697867000
end_time = 1682628697872042
inclusive_time = 5042
exclusive_time = 787
process_id = p3
operationName = /wrk2-api/review/compose
serviceName = None
------------------------------------------------------------------------------------
span 1
span_id = 134354f238bb2abd
parent_id = af5d23049e17235e
start_time = 1682628697867787
end_time = 1682628697872042
inclusive_time = 4255
exclusive_time = 136
process_id = p3
operationName = /wrk2-api/review/compose
serviceName = None
------------------------------------------------------------------------------------
span 2
span_id = 36afa0d1de790742
parent_id = 134354f238bb2abd
start_time = 1682628697867864
end_time = 1682628697871983
inclusive_time = 4119
exclusive_time = 380
process_id = p3
operationName = ComposeReview
serviceName = None
------------------------------------------------------------------------------------
span 3
span_id = a71488652c0b6617
parent_id = 36afa0d1de790742
start_time = 1682628697868232
end_time = 1682628697871845
inclusive_time = 3613
exclusive_time = 373
process_id = p5
operationName = UploadMovieId
serviceName = None
------------------------------------------------------------------------------------
span 4
span_id = 6ccd30cd7f42b30f
parent_id = a71488652c0b6617
start_time = 1682628697868827
end_time = 1682628697871745
inclusive_time = 2918
exclusive_time = 222
process_id = p8
operationName = UploadRating
serviceName = None
------------------------------------------------------------------------------------
span 5
span_id = a9a74f86b044bc00
parent_id = 6ccd30cd7f42b30f
start_time = 1682628697869000
end_time = 1682628697871616
inclusive_time = 2616
exclusive_time = 1120
process_id = p4
operationName = UploadRating
serviceName = None
------------------------------------------------------------------------------------
span 6
span_id = cb98ad90e06ba8ce
parent_id = a9a74f86b044bc00
start_time = 1682628697870262
end_time = 1682628697871363
inclusive_time = 1101
exclusive_time = 27
process_id = p6
operationName = UploadMovieReview
serviceName = None
------------------------------------------------------------------------------------
span 7
span_id = ea05550d837aa6e8
parent_id = cb98ad90e06ba8ce
start_time = 1682628697870289
end_time = 1682628697871366
inclusive_time = 1077
exclusive_time = 1077
process_id = p6
operationName = MongoFindMovie
serviceName = None
------------------------------------------------------------------------------------
span 8
span_id = 5d4f23f6a0a8ffea
parent_id = a71488652c0b6617
start_time = 1682628697868538
end_time = 1682628697868645
inclusive_time = 107
exclusive_time = 107
process_id = p5
operationName = MmcSetMovieId
serviceName = None
------------------------------------------------------------------------------------
span 9
span_id = 87a801e202567755
parent_id = a71488652c0b6617
start_time = 1682628697868249
end_time = 1682628697868348
inclusive_time = 99
exclusive_time = 99
process_id = p5
operationName = MmcGetMovieId
serviceName = None
------------------------------------------------------------------------------------
