span = 0
trace_id = 163d5a89b2ea30a0
span_id = 163d5a89b2ea30a0
parent_id = None
start_time = 1682628697938000
end_time = 1682628697942512
inclusive_time = 4512
exclusive_time = 656
process_id = p6
operationName = /wrk2-api/review/compose
serviceName = nginx
call path = 
------------------------------------------------------------------------------------
span = 1
trace_id = 163d5a89b2ea30a0
span_id = 6d0bb77b5dced52f
parent_id = 163d5a89b2ea30a0
start_time = 1682628697938655
end_time = 1682628697942511
inclusive_time = 3856
exclusive_time = 167
process_id = p6
operationName = /wrk2-api/review/compose
serviceName = nginx
call path = ->/wrk2-api/review/compose_nginx
------------------------------------------------------------------------------------
span = 2
trace_id = 163d5a89b2ea30a0
span_id = 2f19a32402135494
parent_id = 6d0bb77b5dced52f
start_time = 1682628697938758
end_time = 1682628697942447
inclusive_time = 3689
exclusive_time = 314
process_id = p6
operationName = ComposeReview
serviceName = nginx
call path = ->/wrk2-api/review/compose_nginx->/wrk2-api/review/compose_nginx
------------------------------------------------------------------------------------
span = 3
trace_id = 163d5a89b2ea30a0
span_id = 7d0d2612f85febfd
parent_id = 2f19a32402135494
start_time = 1682628697939130
end_time = 1682628697942335
inclusive_time = 3205
exclusive_time = 271
process_id = p8
operationName = UploadMovieId
serviceName = movie-id-service
call path = ->/wrk2-api/review/compose_nginx->/wrk2-api/review/compose_nginx->ComposeReview_nginx
------------------------------------------------------------------------------------
span = 4
trace_id = 163d5a89b2ea30a0
span_id = 56c1f235cf6fc25b
parent_id = 7d0d2612f85febfd
start_time = 1682628697939515
end_time = 1682628697942220
inclusive_time = 2705
exclusive_time = 222
process_id = p4
operationName = UploadRating
serviceName = rating-service
call path = ->/wrk2-api/review/compose_nginx->/wrk2-api/review/compose_nginx->ComposeReview_nginx->UploadMovieId_movie-id-service
------------------------------------------------------------------------------------
span = 5
trace_id = 163d5a89b2ea30a0
span_id = 4dbc13aeb2aa6028
parent_id = 56c1f235cf6fc25b
start_time = 1682628697939663
end_time = 1682628697942113
inclusive_time = 2450
exclusive_time = 1291
process_id = p3
operationName = UploadRating
serviceName = compose-review-service
call path = ->/wrk2-api/review/compose_nginx->/wrk2-api/review/compose_nginx->ComposeReview_nginx->UploadMovieId_movie-id-service->UploadRating_rating-service
------------------------------------------------------------------------------------
span = 6
trace_id = 163d5a89b2ea30a0
span_id = 9f59c2b534ed10c1
parent_id = 4dbc13aeb2aa6028
start_time = 1682628697940775
end_time = 1682628697941934
inclusive_time = 1159
exclusive_time = 18
process_id = p2
operationName = UploadUserReview
serviceName = user-review-service
call path = ->/wrk2-api/review/compose_nginx->/wrk2-api/review/compose_nginx->ComposeReview_nginx->UploadMovieId_movie-id-service->UploadRating_rating-service->UploadRating_compose-review-service
------------------------------------------------------------------------------------
span = 7
trace_id = 163d5a89b2ea30a0
span_id = 8a0a346c78d8ecba
parent_id = 9f59c2b534ed10c1
start_time = 1682628697940793
end_time = 1682628697941939
inclusive_time = 1146
exclusive_time = 1146
process_id = p2
operationName = MongoFindUser
serviceName = user-review-service
call path = ->/wrk2-api/review/compose_nginx->/wrk2-api/review/compose_nginx->ComposeReview_nginx->UploadMovieId_movie-id-service->UploadRating_rating-service->UploadRating_compose-review-service->UploadUserReview_user-review-service
------------------------------------------------------------------------------------
span = 8
trace_id = 163d5a89b2ea30a0
span_id = 894355fb04223d49
parent_id = 7d0d2612f85febfd
start_time = 1682628697939376
end_time = 1682628697939491
inclusive_time = 115
exclusive_time = 115
process_id = p8
operationName = MmcSetMovieId
serviceName = movie-id-service
call path = ->/wrk2-api/review/compose_nginx->/wrk2-api/review/compose_nginx->ComposeReview_nginx->UploadMovieId_movie-id-service
------------------------------------------------------------------------------------
span = 9
trace_id = 163d5a89b2ea30a0
span_id = 972963d71fc992e9
parent_id = 7d0d2612f85febfd
start_time = 1682628697939143
end_time = 1682628697939233
inclusive_time = 90
exclusive_time = 90
process_id = p8
operationName = MmcGetMovieId
serviceName = movie-id-service
call path = ->/wrk2-api/review/compose_nginx->/wrk2-api/review/compose_nginx->ComposeReview_nginx->UploadMovieId_movie-id-service
------------------------------------------------------------------------------------
