span = 0
trace_id = 35937f19f225c49c
span_id = 35937f19f225c49c
parent_id = None
start_time = 1682628698087000
end_time = 1682628698091476
inclusive_time = 4476
exclusive_time = 422
process_id = p7
operationName = /wrk2-api/review/compose
serviceName = nginx
------------------------------------------------------------------------------------
span = 1
trace_id = 35937f19f225c49c
span_id = ff3e7d3212392e4a
parent_id = 35937f19f225c49c
start_time = 1682628698087422
end_time = 1682628698091476
inclusive_time = 4054
exclusive_time = 92
process_id = p7
operationName = /wrk2-api/review/compose
serviceName = nginx
------------------------------------------------------------------------------------
span = 2
trace_id = 35937f19f225c49c
span_id = bdd9a8c1c3e9ce56
parent_id = ff3e7d3212392e4a
start_time = 1682628698087467
end_time = 1682628698091429
inclusive_time = 3962
exclusive_time = 1004
process_id = p7
operationName = ComposeReview
serviceName = nginx
------------------------------------------------------------------------------------
span = 3
trace_id = 35937f19f225c49c
span_id = a18175b2967baa36
parent_id = bdd9a8c1c3e9ce56
start_time = 1682628698087727
end_time = 1682628698090593
inclusive_time = 2866
exclusive_time = 340
process_id = p4
operationName = UploadMovieId
serviceName = movie-id-service
------------------------------------------------------------------------------------
span = 4
trace_id = 35937f19f225c49c
span_id = 68b4b8395c7751a7
parent_id = a18175b2967baa36
start_time = 1682628698088113
end_time = 1682628698090453
inclusive_time = 2340
exclusive_time = 244
process_id = p6
operationName = UploadRating
serviceName = rating-service
------------------------------------------------------------------------------------
span = 5
trace_id = 35937f19f225c49c
span_id = 8e85cf8607f7afed
parent_id = 68b4b8395c7751a7
start_time = 1682628698088266
end_time = 1682628698090326
inclusive_time = 2060
exclusive_time = 962
process_id = p2
operationName = UploadRating
serviceName = compose-review-service
------------------------------------------------------------------------------------
span = 6
trace_id = 35937f19f225c49c
span_id = 95d53508ec31b167
parent_id = 8e85cf8607f7afed
start_time = 1682628698089237
end_time = 1682628698090225
inclusive_time = 988
exclusive_time = 19
process_id = p1
operationName = UploadMovieReview
serviceName = movie-review-service
------------------------------------------------------------------------------------
span = 7
trace_id = 35937f19f225c49c
span_id = e7fae60b2404b654
parent_id = 95d53508ec31b167
start_time = 1682628698089256
end_time = 1682628698090229
inclusive_time = 973
exclusive_time = 973
process_id = p1
operationName = MongoFindMovie
serviceName = movie-review-service
------------------------------------------------------------------------------------
span = 8
trace_id = 35937f19f225c49c
span_id = 6e60a7110de4e75f
parent_id = a18175b2967baa36
start_time = 1682628698087971
end_time = 1682628698088071
inclusive_time = 100
exclusive_time = 100
process_id = p4
operationName = MmcSetMovieId
serviceName = movie-id-service
------------------------------------------------------------------------------------
span = 9
trace_id = 35937f19f225c49c
span_id = 68739a12b9eabd1d
parent_id = a18175b2967baa36
start_time = 1682628698087740
end_time = 1682628698087826
inclusive_time = 86
exclusive_time = 86
process_id = p4
operationName = MmcGetMovieId
serviceName = movie-id-service
------------------------------------------------------------------------------------
