span = 0
trace_id = 0fe36b113229a182
span_id = 0fe36b113229a182
parent_id = None
start_time = 1682628697943000
end_time = 1682628697947097
inclusive_time = 4097
exclusive_time = 123
process_id = p8
operationName = /wrk2-api/review/compose
serviceName = nginx
call path = 
------------------------------------------------------------------------------------
span = 1
trace_id = 0fe36b113229a182
span_id = e687ba976902291b
parent_id = 0fe36b113229a182
start_time = 1682628697943122
end_time = 1682628697947096
inclusive_time = 3974
exclusive_time = 108
process_id = p8
operationName = /wrk2-api/review/compose
serviceName = nginx
call path = ->/wrk2-api/review/compose_nginx
------------------------------------------------------------------------------------
span = 2
trace_id = 0fe36b113229a182
span_id = b00e940fbc12c649
parent_id = e687ba976902291b
start_time = 1682628697943167
end_time = 1682628697947033
inclusive_time = 3866
exclusive_time = 316
process_id = p8
operationName = ComposeReview
serviceName = nginx
call path = ->/wrk2-api/review/compose_nginx->/wrk2-api/review/compose_nginx
------------------------------------------------------------------------------------
span = 3
trace_id = 0fe36b113229a182
span_id = 1dc77c1610a0e7c2
parent_id = b00e940fbc12c649
start_time = 1682628697943479
end_time = 1682628697946922
inclusive_time = 3443
exclusive_time = 289
process_id = p7
operationName = UploadMovieId
serviceName = movie-id-service
call path = ->/wrk2-api/review/compose_nginx->/wrk2-api/review/compose_nginx->ComposeReview_nginx
------------------------------------------------------------------------------------
span = 4
trace_id = 0fe36b113229a182
span_id = 373f706336fe017a
parent_id = 1dc77c1610a0e7c2
start_time = 1682628697944066
end_time = 1682628697946796
inclusive_time = 2730
exclusive_time = 228
process_id = p4
operationName = UploadRating
serviceName = rating-service
call path = ->/wrk2-api/review/compose_nginx->/wrk2-api/review/compose_nginx->ComposeReview_nginx->UploadMovieId_movie-id-service
------------------------------------------------------------------------------------
span = 5
trace_id = 0fe36b113229a182
span_id = cb143ba1d197336f
parent_id = 373f706336fe017a
start_time = 1682628697944215
end_time = 1682628697946663
inclusive_time = 2448
exclusive_time = 1151
process_id = p3
operationName = UploadRating
serviceName = compose-review-service
call path = ->/wrk2-api/review/compose_nginx->/wrk2-api/review/compose_nginx->ComposeReview_nginx->UploadMovieId_movie-id-service->UploadRating_rating-service
------------------------------------------------------------------------------------
span = 6
trace_id = 0fe36b113229a182
span_id = 3616768e7534ddcc
parent_id = cb143ba1d197336f
start_time = 1682628697945173
end_time = 1682628697946410
inclusive_time = 1237
exclusive_time = 23
process_id = p2
operationName = UploadUserReview
serviceName = user-review-service
call path = ->/wrk2-api/review/compose_nginx->/wrk2-api/review/compose_nginx->ComposeReview_nginx->UploadMovieId_movie-id-service->UploadRating_rating-service->UploadRating_compose-review-service
------------------------------------------------------------------------------------
span = 7
trace_id = 0fe36b113229a182
span_id = 544e20ccbca78dea
parent_id = 3616768e7534ddcc
start_time = 1682628697945196
end_time = 1682628697946415
inclusive_time = 1219
exclusive_time = 1219
process_id = p2
operationName = MongoFindUser
serviceName = user-review-service
call path = ->/wrk2-api/review/compose_nginx->/wrk2-api/review/compose_nginx->ComposeReview_nginx->UploadMovieId_movie-id-service->UploadRating_rating-service->UploadRating_compose-review-service->UploadUserReview_user-review-service
------------------------------------------------------------------------------------
span = 8
trace_id = 0fe36b113229a182
span_id = 3ed67c257b294254
parent_id = 1dc77c1610a0e7c2
start_time = 1682628697943745
end_time = 1682628697944060
inclusive_time = 315
exclusive_time = 315
process_id = p7
operationName = MmcSetMovieId
serviceName = movie-id-service
call path = ->/wrk2-api/review/compose_nginx->/wrk2-api/review/compose_nginx->ComposeReview_nginx->UploadMovieId_movie-id-service
------------------------------------------------------------------------------------
span = 9
trace_id = 0fe36b113229a182
span_id = d37d181f0ef4fb9d
parent_id = 1dc77c1610a0e7c2
start_time = 1682628697943494
end_time = 1682628697943597
inclusive_time = 103
exclusive_time = 103
process_id = p7
operationName = MmcGetMovieId
serviceName = movie-id-service
call path = ->/wrk2-api/review/compose_nginx->/wrk2-api/review/compose_nginx->ComposeReview_nginx->UploadMovieId_movie-id-service
------------------------------------------------------------------------------------
