span 0
span_id = 2a44b1af9e5d9527
parent_id = None
start_time = 1682628698234000
end_time = 1682628698238815
inclusive_time = 4815
exclusive_time = 861
process_id = p5
operationName = /wrk2-api/review/compose
serviceName = None
------------------------------------------------------------------------------------
span 1
span_id = deeb7ea95cdb94ea
parent_id = 2a44b1af9e5d9527
start_time = 1682628698234861
end_time = 1682628698238815
inclusive_time = 3954
exclusive_time = 105
process_id = p5
operationName = /wrk2-api/review/compose
serviceName = None
------------------------------------------------------------------------------------
span 2
span_id = d4b0f455c89590d4
parent_id = deeb7ea95cdb94ea
start_time = 1682628698234909
end_time = 1682628698238758
inclusive_time = 3849
exclusive_time = 694
process_id = p5
operationName = ComposeReview
serviceName = None
------------------------------------------------------------------------------------
span 3
span_id = f7591ce1d7595916
parent_id = d4b0f455c89590d4
start_time = 1682628698235220
end_time = 1682628698238375
inclusive_time = 3155
exclusive_time = 441
process_id = p1
operationName = UploadMovieId
serviceName = None
------------------------------------------------------------------------------------
span 4
span_id = fabe3ab1aaf511e9
parent_id = f7591ce1d7595916
start_time = 1682628698235868
end_time = 1682628698238271
inclusive_time = 2403
exclusive_time = 226
process_id = p10
operationName = UploadRating
serviceName = None
------------------------------------------------------------------------------------
span 5
span_id = 0c1e5a8a4f13106c
parent_id = fabe3ab1aaf511e9
start_time = 1682628698236019
end_time = 1682628698238148
inclusive_time = 2129
exclusive_time = 972
process_id = p2
operationName = UploadRating
serviceName = None
------------------------------------------------------------------------------------
span 6
span_id = e54a7a657a638e8b
parent_id = 0c1e5a8a4f13106c
start_time = 1682628698236898
end_time = 1682628698238018
inclusive_time = 1120
exclusive_time = 19
process_id = p3
operationName = UploadMovieReview
serviceName = None
------------------------------------------------------------------------------------
span 7
span_id = 7adb5b832d44d83c
parent_id = e54a7a657a638e8b
start_time = 1682628698236917
end_time = 1682628698238029
inclusive_time = 1112
exclusive_time = 1112
process_id = p3
operationName = MongoFindMovie
serviceName = None
------------------------------------------------------------------------------------
span 8
span_id = 26590a57632ea760
parent_id = f7591ce1d7595916
start_time = 1682628698235510
end_time = 1682628698235674
inclusive_time = 164
exclusive_time = 164
process_id = p1
operationName = MmcSetMovieId
serviceName = None
------------------------------------------------------------------------------------
span 9
span_id = bff5d1c298f408dc
parent_id = f7591ce1d7595916
start_time = 1682628698235238
end_time = 1682628698235352
inclusive_time = 114
exclusive_time = 114
process_id = p1
operationName = MmcGetMovieId
serviceName = None
------------------------------------------------------------------------------------
