span = 0
trace_id = aa0b2542d0b0c32d
span_id = aa0b2542d0b0c32d
parent_id = None
start_time = 1682628698232000
end_time = 1682628698237988
inclusive_time = 5988
exclusive_time = 986
process_id = p5
operationName = /wrk2-api/review/compose
serviceName = nginx
call path = 
------------------------------------------------------------------------------------
span = 1
trace_id = aa0b2542d0b0c32d
span_id = 1f6b832c0223d3fe
parent_id = aa0b2542d0b0c32d
start_time = 1682628698232985
end_time = 1682628698237987
inclusive_time = 5002
exclusive_time = 80
process_id = p5
operationName = /wrk2-api/review/compose
serviceName = nginx
call path = ->/wrk2-api/review/compose_nginx
------------------------------------------------------------------------------------
span = 2
trace_id = aa0b2542d0b0c32d
span_id = bda80c58684c4131
parent_id = 1f6b832c0223d3fe
start_time = 1682628698233020
end_time = 1682628698237942
inclusive_time = 4922
exclusive_time = 285
process_id = p5
operationName = ComposeReview
serviceName = nginx
call path = ->/wrk2-api/review/compose_nginx->/wrk2-api/review/compose_nginx
------------------------------------------------------------------------------------
span = 3
trace_id = aa0b2542d0b0c32d
span_id = b0d0f424bb2d8a3c
parent_id = bda80c58684c4131
start_time = 1682628698233301
end_time = 1682628698237859
inclusive_time = 4558
exclusive_time = 344
process_id = p1
operationName = UploadMovieId
serviceName = movie-id-service
call path = ->/wrk2-api/review/compose_nginx->/wrk2-api/review/compose_nginx->ComposeReview_nginx
------------------------------------------------------------------------------------
span = 4
trace_id = aa0b2542d0b0c32d
span_id = 18a754ecb17a1522
parent_id = b0d0f424bb2d8a3c
start_time = 1682628698233650
end_time = 1682628698237716
inclusive_time = 4066
exclusive_time = 2109
process_id = p2
operationName = UploadMovieId
serviceName = compose-review-service
call path = ->/wrk2-api/review/compose_nginx->/wrk2-api/review/compose_nginx->ComposeReview_nginx->UploadMovieId_movie-id-service
------------------------------------------------------------------------------------
span = 5
trace_id = aa0b2542d0b0c32d
span_id = 56f2a17ca433efde
parent_id = 18a754ecb17a1522
start_time = 1682628698235208
end_time = 1682628698237129
inclusive_time = 1921
exclusive_time = 18
process_id = p6
operationName = UploadUserReview
serviceName = user-review-service
call path = ->/wrk2-api/review/compose_nginx->/wrk2-api/review/compose_nginx->ComposeReview_nginx->UploadMovieId_movie-id-service->UploadMovieId_compose-review-service
------------------------------------------------------------------------------------
span = 6
trace_id = aa0b2542d0b0c32d
span_id = 375731328f4f9abf
parent_id = 56f2a17ca433efde
start_time = 1682628698235226
end_time = 1682628698237166
inclusive_time = 1940
exclusive_time = 1940
process_id = p6
operationName = MongoFindUser
serviceName = user-review-service
call path = ->/wrk2-api/review/compose_nginx->/wrk2-api/review/compose_nginx->ComposeReview_nginx->UploadMovieId_movie-id-service->UploadMovieId_compose-review-service->UploadUserReview_user-review-service
------------------------------------------------------------------------------------
span = 7
trace_id = aa0b2542d0b0c32d
span_id = 506e505b495fc1ea
parent_id = b0d0f424bb2d8a3c
start_time = 1682628698233313
end_time = 1682628698233411
inclusive_time = 98
exclusive_time = 98
process_id = p1
operationName = MmcGetMovieId
serviceName = movie-id-service
call path = ->/wrk2-api/review/compose_nginx->/wrk2-api/review/compose_nginx->ComposeReview_nginx->UploadMovieId_movie-id-service
------------------------------------------------------------------------------------
