span = 0
trace_id = 13575ffd710cb24c
span_id = 13575ffd710cb24c
parent_id = None
start_time = 1682628698057000
end_time = 1682628698062278
inclusive_time = 5278
exclusive_time = 485
process_id = p8
operationName = /wrk2-api/review/compose
serviceName = nginx
------------------------------------------------------------------------------------
span = 1
trace_id = 13575ffd710cb24c
span_id = 32627d30a4013c87
parent_id = 13575ffd710cb24c
start_time = 1682628698057485
end_time = 1682628698062278
inclusive_time = 4793
exclusive_time = 106
process_id = p8
operationName = /wrk2-api/review/compose
serviceName = nginx
------------------------------------------------------------------------------------
span = 2
trace_id = 13575ffd710cb24c
span_id = e79ad64a417d05cb
parent_id = 32627d30a4013c87
start_time = 1682628698057537
end_time = 1682628698062224
inclusive_time = 4687
exclusive_time = 422
process_id = p8
operationName = ComposeReview
serviceName = nginx
------------------------------------------------------------------------------------
span = 3
trace_id = 13575ffd710cb24c
span_id = 53fff29487b38961
parent_id = e79ad64a417d05cb
start_time = 1682628698057882
end_time = 1682628698062147
inclusive_time = 4265
exclusive_time = 275
process_id = p5
operationName = UploadMovieId
serviceName = movie-id-service
------------------------------------------------------------------------------------
span = 4
trace_id = 13575ffd710cb24c
span_id = 85e11592571d19c4
parent_id = 53fff29487b38961
start_time = 1682628698058259
end_time = 1682628698062012
inclusive_time = 3753
exclusive_time = 295
process_id = p7
operationName = UploadRating
serviceName = rating-service
------------------------------------------------------------------------------------
span = 5
trace_id = 13575ffd710cb24c
span_id = 0718ed050b7df79e
parent_id = 85e11592571d19c4
start_time = 1682628698058516
end_time = 1682628698061843
inclusive_time = 3327
exclusive_time = 1835
process_id = p3
operationName = UploadRating
serviceName = compose-review-service
------------------------------------------------------------------------------------
span = 6
trace_id = 13575ffd710cb24c
span_id = 6fed491326548113
parent_id = 0718ed050b7df79e
start_time = 1682628698059995
end_time = 1682628698061402
inclusive_time = 1407
exclusive_time = 27
process_id = p2
operationName = UploadMovieReview
serviceName = movie-review-service
------------------------------------------------------------------------------------
span = 7
trace_id = 13575ffd710cb24c
span_id = 1225b2cdb05612f2
parent_id = 6fed491326548113
start_time = 1682628698060022
end_time = 1682628698061406
inclusive_time = 1384
exclusive_time = 1384
process_id = p2
operationName = MongoFindMovie
serviceName = movie-review-service
------------------------------------------------------------------------------------
span = 8
trace_id = 13575ffd710cb24c
span_id = 375380d4be34a65e
parent_id = 53fff29487b38961
start_time = 1682628698057893
end_time = 1682628698057981
inclusive_time = 88
exclusive_time = 88
process_id = p5
operationName = MmcGetMovieId
serviceName = movie-id-service
------------------------------------------------------------------------------------
