span = 0
trace_id = cb6f85922e76d919
span_id = cb6f85922e76d919
parent_id = None
start_time = 1682628698223000
end_time = 1682628698227950
inclusive_time = 4950
exclusive_time = 299
process_id = p6
operationName = /wrk2-api/review/compose
serviceName = nginx
call path = 
------------------------------------------------------------------------------------
span = 1
trace_id = cb6f85922e76d919
span_id = 1d9ab06e58bdd306
parent_id = cb6f85922e76d919
start_time = 1682628698223299
end_time = 1682628698227950
inclusive_time = 4651
exclusive_time = 79
process_id = p6
operationName = /wrk2-api/review/compose
serviceName = nginx
call path = ->/wrk2-api/review/compose_nginx
------------------------------------------------------------------------------------
span = 2
trace_id = cb6f85922e76d919
span_id = be35d1168293e43c
parent_id = 1d9ab06e58bdd306
start_time = 1682628698223334
end_time = 1682628698227906
inclusive_time = 4572
exclusive_time = 260
process_id = p6
operationName = ComposeReview
serviceName = nginx
call path = ->/wrk2-api/review/compose_nginx->/wrk2-api/review/compose_nginx
------------------------------------------------------------------------------------
span = 3
trace_id = cb6f85922e76d919
span_id = 5a249558eabcdde3
parent_id = be35d1168293e43c
start_time = 1682628698223633
end_time = 1682628698227851
inclusive_time = 4218
exclusive_time = 405
process_id = p3
operationName = UploadMovieId
serviceName = movie-id-service
call path = ->/wrk2-api/review/compose_nginx->/wrk2-api/review/compose_nginx->ComposeReview_nginx
------------------------------------------------------------------------------------
span = 4
trace_id = cb6f85922e76d919
span_id = 59c54b62756275ef
parent_id = 5a249558eabcdde3
start_time = 1682628698224192
end_time = 1682628698227720
inclusive_time = 3528
exclusive_time = 231
process_id = p10
operationName = UploadRating
serviceName = rating-service
call path = ->/wrk2-api/review/compose_nginx->/wrk2-api/review/compose_nginx->ComposeReview_nginx->UploadMovieId_movie-id-service
------------------------------------------------------------------------------------
span = 5
trace_id = cb6f85922e76d919
span_id = d141ca525f233249
parent_id = 59c54b62756275ef
start_time = 1682628698224367
end_time = 1682628698227619
inclusive_time = 3252
exclusive_time = 2034
process_id = p2
operationName = UploadRating
serviceName = compose-review-service
call path = ->/wrk2-api/review/compose_nginx->/wrk2-api/review/compose_nginx->ComposeReview_nginx->UploadMovieId_movie-id-service->UploadRating_rating-service
------------------------------------------------------------------------------------
span = 6
trace_id = cb6f85922e76d919
span_id = 39440ca7e32df6c1
parent_id = d141ca525f233249
start_time = 1682628698225351
end_time = 1682628698226549
inclusive_time = 1198
exclusive_time = 59
process_id = p1
operationName = UploadUserReview
serviceName = user-review-service
call path = ->/wrk2-api/review/compose_nginx->/wrk2-api/review/compose_nginx->ComposeReview_nginx->UploadMovieId_movie-id-service->UploadRating_rating-service->UploadRating_compose-review-service
------------------------------------------------------------------------------------
span = 7
trace_id = cb6f85922e76d919
span_id = c06c7634866677d5
parent_id = 39440ca7e32df6c1
start_time = 1682628698225410
end_time = 1682628698226554
inclusive_time = 1144
exclusive_time = 1144
process_id = p1
operationName = MongoFindUser
serviceName = user-review-service
call path = ->/wrk2-api/review/compose_nginx->/wrk2-api/review/compose_nginx->ComposeReview_nginx->UploadMovieId_movie-id-service->UploadRating_rating-service->UploadRating_compose-review-service->UploadUserReview_user-review-service
------------------------------------------------------------------------------------
span = 8
trace_id = cb6f85922e76d919
span_id = c940ca8a19853dd4
parent_id = 5a249558eabcdde3
start_time = 1682628698223934
end_time = 1682628698224039
inclusive_time = 105
exclusive_time = 105
process_id = p3
operationName = MmcSetMovieId
serviceName = movie-id-service
call path = ->/wrk2-api/review/compose_nginx->/wrk2-api/review/compose_nginx->ComposeReview_nginx->UploadMovieId_movie-id-service
------------------------------------------------------------------------------------
span = 9
trace_id = cb6f85922e76d919
span_id = ea326d39aa3e33f6
parent_id = 5a249558eabcdde3
start_time = 1682628698223650
end_time = 1682628698223744
inclusive_time = 94
exclusive_time = 94
process_id = p3
operationName = MmcGetMovieId
serviceName = movie-id-service
call path = ->/wrk2-api/review/compose_nginx->/wrk2-api/review/compose_nginx->ComposeReview_nginx->UploadMovieId_movie-id-service
------------------------------------------------------------------------------------
