span = 0
span_id = 2bf0f0a5e0553c8b
parent_id = None
start_time = 1682628698277000
end_time = 1682628698281678
inclusive_time = 4678
exclusive_time = 706
process_id = p2
operationName = /wrk2-api/review/compose
serviceName = nginx
------------------------------------------------------------------------------------
span = 1
span_id = baec9159615afd7d
parent_id = 2bf0f0a5e0553c8b
start_time = 1682628698277706
end_time = 1682628698281678
inclusive_time = 3972
exclusive_time = 99
process_id = p2
operationName = /wrk2-api/review/compose
serviceName = nginx
------------------------------------------------------------------------------------
span = 2
span_id = 4d6f744f46d41b7e
parent_id = baec9159615afd7d
start_time = 1682628698277755
end_time = 1682628698281628
inclusive_time = 3873
exclusive_time = 298
process_id = p2
operationName = ComposeReview
serviceName = nginx
------------------------------------------------------------------------------------
span = 3
span_id = 5c9f8b2157b21460
parent_id = 4d6f744f46d41b7e
start_time = 1682628698278057
end_time = 1682628698281547
inclusive_time = 3490
exclusive_time = 443
process_id = p5
operationName = UploadMovieId
serviceName = movie-id-service
------------------------------------------------------------------------------------
span = 4
span_id = 038fa54b06498631
parent_id = 5c9f8b2157b21460
start_time = 1682628698278496
end_time = 1682628698281291
inclusive_time = 2795
exclusive_time = 297
process_id = p10
operationName = UploadRating
serviceName = rating-service
------------------------------------------------------------------------------------
span = 5
span_id = c69d0680f67128f2
parent_id = 038fa54b06498631
start_time = 1682628698278890
end_time = 1682628698281194
inclusive_time = 2304
exclusive_time = 1055
process_id = p4
operationName = UploadRating
serviceName = compose-review-service
------------------------------------------------------------------------------------
span = 6
span_id = 9441901cb4035235
parent_id = c69d0680f67128f2
start_time = 1682628698279808
end_time = 1682628698281039
inclusive_time = 1231
exclusive_time = 18
process_id = p3
operationName = UploadUserReview
serviceName = user-review-service
------------------------------------------------------------------------------------
span = 7
span_id = 42879d6aaacd2ddf
parent_id = 9441901cb4035235
start_time = 1682628698279826
end_time = 1682628698281044
inclusive_time = 1218
exclusive_time = 1218
process_id = p3
operationName = MongoFindUser
serviceName = user-review-service
------------------------------------------------------------------------------------
span = 8
span_id = ff044848d0f6372e
parent_id = 5c9f8b2157b21460
start_time = 1682628698278345
end_time = 1682628698278429
inclusive_time = 84
exclusive_time = 84
process_id = p5
operationName = MmcSetMovieId
serviceName = movie-id-service
------------------------------------------------------------------------------------
span = 9
span_id = 2f0fea875a22700a
parent_id = 5c9f8b2157b21460
start_time = 1682628698278074
end_time = 1682628698278175
inclusive_time = 101
exclusive_time = 101
process_id = p5
operationName = MmcGetMovieId
serviceName = movie-id-service
------------------------------------------------------------------------------------
