span = 0
trace_id = 4ab8674b552a9ded
span_id = 4ab8674b552a9ded
parent_id = None
start_time = 1682628698078000
end_time = 1682628698083468
inclusive_time = 5468
exclusive_time = 974
process_id = p7
operationName = /wrk2-api/review/compose
serviceName = nginx
call path = 
------------------------------------------------------------------------------------
span = 1
trace_id = 4ab8674b552a9ded
span_id = 8163a5ac1f38dbe2
parent_id = 4ab8674b552a9ded
start_time = 1682628698078974
end_time = 1682628698083468
inclusive_time = 4494
exclusive_time = 113
process_id = p7
operationName = /wrk2-api/review/compose
serviceName = nginx
call path = ->/wrk2-api/review/compose_nginx
------------------------------------------------------------------------------------
span = 2
trace_id = 4ab8674b552a9ded
span_id = 7f01b47eb5db8636
parent_id = 8163a5ac1f38dbe2
start_time = 1682628698079037
end_time = 1682628698083418
inclusive_time = 4381
exclusive_time = 941
process_id = p7
operationName = ComposeReview
serviceName = nginx
call path = ->/wrk2-api/review/compose_nginx->/wrk2-api/review/compose_nginx
------------------------------------------------------------------------------------
span = 3
trace_id = 4ab8674b552a9ded
span_id = a0cec2d88fa98e11
parent_id = 7f01b47eb5db8636
start_time = 1682628698079412
end_time = 1682628698082718
inclusive_time = 3306
exclusive_time = 290
process_id = p4
operationName = UploadMovieId
serviceName = movie-id-service
call path = ->/wrk2-api/review/compose_nginx->/wrk2-api/review/compose_nginx->ComposeReview_nginx
------------------------------------------------------------------------------------
span = 4
trace_id = 4ab8674b552a9ded
span_id = 25014f4a269e281f
parent_id = a0cec2d88fa98e11
start_time = 1682628698079839
end_time = 1682628698082565
inclusive_time = 2726
exclusive_time = 247
process_id = p6
operationName = UploadRating
serviceName = rating-service
call path = ->/wrk2-api/review/compose_nginx->/wrk2-api/review/compose_nginx->ComposeReview_nginx->UploadMovieId_movie-id-service
------------------------------------------------------------------------------------
span = 5
trace_id = 4ab8674b552a9ded
span_id = 8480f158664d7469
parent_id = 25014f4a269e281f
start_time = 1682628698079998
end_time = 1682628698082427
inclusive_time = 2429
exclusive_time = 1202
process_id = p2
operationName = UploadRating
serviceName = compose-review-service
call path = ->/wrk2-api/review/compose_nginx->/wrk2-api/review/compose_nginx->ComposeReview_nginx->UploadMovieId_movie-id-service->UploadRating_rating-service
------------------------------------------------------------------------------------
span = 6
trace_id = 4ab8674b552a9ded
span_id = 29a40de587ba02f4
parent_id = 8480f158664d7469
start_time = 1682628698081236
end_time = 1682628698082320
inclusive_time = 1084
exclusive_time = 22
process_id = p1
operationName = UploadMovieReview
serviceName = movie-review-service
call path = ->/wrk2-api/review/compose_nginx->/wrk2-api/review/compose_nginx->ComposeReview_nginx->UploadMovieId_movie-id-service->UploadRating_rating-service->UploadRating_compose-review-service
------------------------------------------------------------------------------------
span = 7
trace_id = 4ab8674b552a9ded
span_id = 6cc556847cb308d4
parent_id = 29a40de587ba02f4
start_time = 1682628698081258
end_time = 1682628698082323
inclusive_time = 1065
exclusive_time = 1065
process_id = p1
operationName = MongoFindMovie
serviceName = movie-review-service
call path = ->/wrk2-api/review/compose_nginx->/wrk2-api/review/compose_nginx->ComposeReview_nginx->UploadMovieId_movie-id-service->UploadRating_rating-service->UploadRating_compose-review-service->UploadMovieReview_movie-review-service
------------------------------------------------------------------------------------
span = 8
trace_id = 4ab8674b552a9ded
span_id = c983da7a5a9b02ef
parent_id = a0cec2d88fa98e11
start_time = 1682628698079431
end_time = 1682628698079539
inclusive_time = 108
exclusive_time = 108
process_id = p4
operationName = MmcGetMovieId
serviceName = movie-id-service
call path = ->/wrk2-api/review/compose_nginx->/wrk2-api/review/compose_nginx->ComposeReview_nginx->UploadMovieId_movie-id-service
------------------------------------------------------------------------------------
