span = 0
trace_id = 87aef68fbe3db5ac
span_id = 87aef68fbe3db5ac
parent_id = None
start_time = 1682628698286000
end_time = 1682628698291002
inclusive_time = 5002
exclusive_time = 1326
process_id = p1
operationName = /wrk2-api/review/compose
serviceName = nginx
------------------------------------------------------------------------------------
span = 1
trace_id = 87aef68fbe3db5ac
span_id = 8bfcc503570c275d
parent_id = 87aef68fbe3db5ac
start_time = 1682628698287326
end_time = 1682628698291002
inclusive_time = 3676
exclusive_time = 100
process_id = p1
operationName = /wrk2-api/review/compose
serviceName = nginx
------------------------------------------------------------------------------------
span = 2
trace_id = 87aef68fbe3db5ac
span_id = ea7f97f8d8d21b15
parent_id = 8bfcc503570c275d
start_time = 1682628698287369
end_time = 1682628698290945
inclusive_time = 3576
exclusive_time = 618
process_id = p1
operationName = ComposeReview
serviceName = nginx
------------------------------------------------------------------------------------
span = 3
trace_id = 87aef68fbe3db5ac
span_id = 217a2214d66dfd1d
parent_id = ea7f97f8d8d21b15
start_time = 1682628698287794
end_time = 1682628698290494
inclusive_time = 2700
exclusive_time = 234
process_id = p5
operationName = UploadUniqueId
serviceName = unique-id-service
------------------------------------------------------------------------------------
span = 4
trace_id = 87aef68fbe3db5ac
span_id = f2acf1b592bbd0a2
parent_id = 217a2214d66dfd1d
start_time = 1682628698287969
end_time = 1682628698290435
inclusive_time = 2466
exclusive_time = 1144
process_id = p3
operationName = UploadUniqueId
serviceName = compose-review-service
------------------------------------------------------------------------------------
span = 5
trace_id = 87aef68fbe3db5ac
span_id = 674dd0fd8f99820e
parent_id = f2acf1b592bbd0a2
start_time = 1682628698289003
end_time = 1682628698290272
inclusive_time = 1269
exclusive_time = 25
process_id = p2
operationName = UploadUserReview
serviceName = user-review-service
------------------------------------------------------------------------------------
span = 6
trace_id = 87aef68fbe3db5ac
span_id = 6e11b56fc4233118
parent_id = 674dd0fd8f99820e
start_time = 1682628698289028
end_time = 1682628698290280
inclusive_time = 1252
exclusive_time = 1252
process_id = p2
operationName = MongoFindUser
serviceName = user-review-service
------------------------------------------------------------------------------------
