span 0
span_id = aeb8cdfd80030ba1
parent_id = None
start_time = 1682628697883000
end_time = 1682628697888745
inclusive_time = 5745
exclusive_time = 205
process_id = p4
operationName = /wrk2-api/review/compose
serviceName = None
------------------------------------------------------------------------------------
span 1
span_id = a73c0b9559318034
parent_id = aeb8cdfd80030ba1
start_time = 1682628697883205
end_time = 1682628697888745
inclusive_time = 5540
exclusive_time = 93
process_id = p4
operationName = /wrk2-api/review/compose
serviceName = None
------------------------------------------------------------------------------------
span 2
span_id = bbeda1a5fc8d9e8c
parent_id = a73c0b9559318034
start_time = 1682628697883247
end_time = 1682628697888694
inclusive_time = 5447
exclusive_time = 2003
process_id = p4
operationName = ComposeReview
serviceName = None
------------------------------------------------------------------------------------
span 3
span_id = e1a8b511067a8d76
parent_id = bbeda1a5fc8d9e8c
start_time = 1682628697883560
end_time = 1682628697886902
inclusive_time = 3342
exclusive_time = 400
process_id = p3
operationName = UploadMovieId
serviceName = None
------------------------------------------------------------------------------------
span 4
span_id = c7747f2b3eece567
parent_id = e1a8b511067a8d76
start_time = 1682628697884241
end_time = 1682628697886742
inclusive_time = 2501
exclusive_time = 241
process_id = p7
operationName = UploadRating
serviceName = None
------------------------------------------------------------------------------------
span 5
span_id = 65195834229ad659
parent_id = c7747f2b3eece567
start_time = 1682628697884424
end_time = 1682628697886618
inclusive_time = 2194
exclusive_time = 1006
process_id = p2
operationName = UploadRating
serviceName = None
------------------------------------------------------------------------------------
span 6
span_id = bee3f27eb5e7853d
parent_id = 65195834229ad659
start_time = 1682628697885469
end_time = 1682628697886529
inclusive_time = 1060
exclusive_time = 28
process_id = p1
operationName = UploadUserReview
serviceName = None
------------------------------------------------------------------------------------
span 7
span_id = bfe275ebc8532a7b
parent_id = bee3f27eb5e7853d
start_time = 1682628697885497
end_time = 1682628697886532
inclusive_time = 1035
exclusive_time = 1035
process_id = p1
operationName = MongoFindUser
serviceName = None
------------------------------------------------------------------------------------
span 8
span_id = 36865696b77126dc
parent_id = e1a8b511067a8d76
start_time = 1682628697883879
end_time = 1682628697883983
inclusive_time = 104
exclusive_time = 104
process_id = p3
operationName = MmcSetMovieId
serviceName = None
------------------------------------------------------------------------------------
span 9
span_id = 618704b9fd45297b
parent_id = e1a8b511067a8d76
start_time = 1682628697883572
end_time = 1682628697883668
inclusive_time = 96
exclusive_time = 96
process_id = p3
operationName = MmcGetMovieId
serviceName = None
------------------------------------------------------------------------------------
