span 0
span_id = 569f9d7c91ee2f21
parent_id = None
start_time = 1682628698294000
end_time = 1682628698298566
inclusive_time = 4566
exclusive_time = 259
process_id = p1
operationName = /wrk2-api/review/compose
serviceName = None
------------------------------------------------------------------------------------
span 1
span_id = ca61a9f233cdf168
parent_id = 569f9d7c91ee2f21
start_time = 1682628698294259
end_time = 1682628698298566
inclusive_time = 4307
exclusive_time = 103
process_id = p1
operationName = /wrk2-api/review/compose
serviceName = None
------------------------------------------------------------------------------------
span 2
span_id = 67a4c35a90437950
parent_id = ca61a9f233cdf168
start_time = 1682628698294303
end_time = 1682628698298507
inclusive_time = 4204
exclusive_time = 677
process_id = p1
operationName = ComposeReview
serviceName = None
------------------------------------------------------------------------------------
span 3
span_id = b6273eea4fb1a194
parent_id = 67a4c35a90437950
start_time = 1682628698295038
end_time = 1682628698298070
inclusive_time = 3032
exclusive_time = 314
process_id = p4
operationName = UploadMovieId
serviceName = None
------------------------------------------------------------------------------------
span 4
span_id = 5cef7211dded14b4
parent_id = b6273eea4fb1a194
start_time = 1682628698295505
end_time = 1682628698297938
inclusive_time = 2433
exclusive_time = 255
process_id = p10
operationName = UploadRating
serviceName = None
------------------------------------------------------------------------------------
span 5
span_id = d2294ab8168aa2b9
parent_id = 5cef7211dded14b4
start_time = 1682628698295699
end_time = 1682628698297804
inclusive_time = 2105
exclusive_time = 1028
process_id = p3
operationName = UploadRating
serviceName = None
------------------------------------------------------------------------------------
span 6
span_id = d22fb8006d009f42
parent_id = d2294ab8168aa2b9
start_time = 1682628698296796
end_time = 1682628698297719
inclusive_time = 923
exclusive_time = 18
process_id = p7
operationName = UploadMovieReview
serviceName = None
------------------------------------------------------------------------------------
span 7
span_id = c3f0ac77800e1fbe
parent_id = d22fb8006d009f42
start_time = 1682628698296814
end_time = 1682628698297724
inclusive_time = 910
exclusive_time = 910
process_id = p7
operationName = MongoFindMovie
serviceName = None
------------------------------------------------------------------------------------
span 8
span_id = 678cc4c4de767101
parent_id = b6273eea4fb1a194
start_time = 1682628698295318
end_time = 1682628698295500
inclusive_time = 182
exclusive_time = 182
process_id = p4
operationName = MmcSetMovieId
serviceName = None
------------------------------------------------------------------------------------
span 9
span_id = 97781164016e8da2
parent_id = b6273eea4fb1a194
start_time = 1682628698295070
end_time = 1682628698295168
inclusive_time = 98
exclusive_time = 98
process_id = p4
operationName = MmcGetMovieId
serviceName = None
------------------------------------------------------------------------------------
