span = 0
trace_id = 5ae967b37270748f
span_id = 5ae967b37270748f
parent_id = None
start_time = 1682628697859000
end_time = 1682628697863349
inclusive_time = 4349
exclusive_time = 672
process_id = p5
operationName = /wrk2-api/review/compose
serviceName = nginx
------------------------------------------------------------------------------------
span = 1
trace_id = 5ae967b37270748f
span_id = 3eb1819ad8957138
parent_id = 5ae967b37270748f
start_time = 1682628697859672
end_time = 1682628697863349
inclusive_time = 3677
exclusive_time = 91
process_id = p5
operationName = /wrk2-api/review/compose
serviceName = nginx
------------------------------------------------------------------------------------
span = 2
trace_id = 5ae967b37270748f
span_id = 1a6917c775f155b3
parent_id = 3eb1819ad8957138
start_time = 1682628697859717
end_time = 1682628697863303
inclusive_time = 3586
exclusive_time = 271
process_id = p5
operationName = ComposeReview
serviceName = nginx
------------------------------------------------------------------------------------
span = 3
trace_id = 5ae967b37270748f
span_id = ca91df1b0508a711
parent_id = 1a6917c775f155b3
start_time = 1682628697860008
end_time = 1682628697863214
inclusive_time = 3206
exclusive_time = 496
process_id = p4
operationName = UploadMovieId
serviceName = movie-id-service
------------------------------------------------------------------------------------
span = 4
trace_id = 5ae967b37270748f
span_id = 498c8f89b7773c17
parent_id = ca91df1b0508a711
start_time = 1682628697860654
end_time = 1682628697863060
inclusive_time = 2406
exclusive_time = 290
process_id = p8
operationName = UploadRating
serviceName = rating-service
------------------------------------------------------------------------------------
span = 5
trace_id = 5ae967b37270748f
span_id = cbf4dcb6eb9b0c08
parent_id = 498c8f89b7773c17
start_time = 1682628697860843
end_time = 1682628697862919
inclusive_time = 2076
exclusive_time = 827
process_id = p3
operationName = UploadRating
serviceName = compose-review-service
------------------------------------------------------------------------------------
span = 6
trace_id = 5ae967b37270748f
span_id = 4bc8b1f3a93df918
parent_id = cbf4dcb6eb9b0c08
start_time = 1682628697861570
end_time = 1682628697862785
inclusive_time = 1215
exclusive_time = 25
process_id = p6
operationName = UploadMovieReview
serviceName = movie-review-service
------------------------------------------------------------------------------------
span = 7
trace_id = 5ae967b37270748f
span_id = 44d8db1062f34279
parent_id = 4bc8b1f3a93df918
start_time = 1682628697861595
end_time = 1682628697862788
inclusive_time = 1193
exclusive_time = 1193
process_id = p6
operationName = MongoFindMovie
serviceName = movie-review-service
------------------------------------------------------------------------------------
span = 8
trace_id = 5ae967b37270748f
span_id = b9029a52d18cd0df
parent_id = ca91df1b0508a711
start_time = 1682628697860474
end_time = 1682628697860591
inclusive_time = 117
exclusive_time = 117
process_id = p4
operationName = MmcSetMovieId
serviceName = movie-id-service
------------------------------------------------------------------------------------
span = 9
trace_id = 5ae967b37270748f
span_id = 42dc00f4c517c4c5
parent_id = ca91df1b0508a711
start_time = 1682628697860073
end_time = 1682628697860197
inclusive_time = 124
exclusive_time = 124
process_id = p4
operationName = MmcGetMovieId
serviceName = movie-id-service
------------------------------------------------------------------------------------
