span = 0
trace_id = 52fbb06b96b3ad5b
span_id = 52fbb06b96b3ad5b
parent_id = None
start_time = 1682628698105000
end_time = 1682628698109893
inclusive_time = 4893
exclusive_time = 583
process_id = p7
operationName = /wrk2-api/review/compose
serviceName = nginx
------------------------------------------------------------------------------------
span = 1
trace_id = 52fbb06b96b3ad5b
span_id = 684575e28a52f283
parent_id = 52fbb06b96b3ad5b
start_time = 1682628698105583
end_time = 1682628698109893
inclusive_time = 4310
exclusive_time = 102
process_id = p7
operationName = /wrk2-api/review/compose
serviceName = nginx
------------------------------------------------------------------------------------
span = 2
trace_id = 52fbb06b96b3ad5b
span_id = 09fb6d1a1cbeafa6
parent_id = 684575e28a52f283
start_time = 1682628698105629
end_time = 1682628698109837
inclusive_time = 4208
exclusive_time = 793
process_id = p7
operationName = ComposeReview
serviceName = nginx
------------------------------------------------------------------------------------
span = 3
trace_id = 52fbb06b96b3ad5b
span_id = c057fc6c308b7f02
parent_id = 09fb6d1a1cbeafa6
start_time = 1682628698105908
end_time = 1682628698109233
inclusive_time = 3325
exclusive_time = 327
process_id = p3
operationName = UploadMovieId
serviceName = movie-id-service
------------------------------------------------------------------------------------
span = 4
trace_id = 52fbb06b96b3ad5b
span_id = 11c896a955b3276e
parent_id = c057fc6c308b7f02
start_time = 1682628698106308
end_time = 1682628698109081
inclusive_time = 2773
exclusive_time = 297
process_id = p5
operationName = UploadRating
serviceName = rating-service
------------------------------------------------------------------------------------
span = 5
trace_id = 52fbb06b96b3ad5b
span_id = 1aa07b2041ad51b1
parent_id = 11c896a955b3276e
start_time = 1682628698106456
end_time = 1682628698108904
inclusive_time = 2448
exclusive_time = 897
process_id = p1
operationName = UploadRating
serviceName = compose-review-service
------------------------------------------------------------------------------------
span = 6
trace_id = 52fbb06b96b3ad5b
span_id = 4d794218f3c0a6e7
parent_id = 1aa07b2041ad51b1
start_time = 1682628698107326
end_time = 1682628698108797
inclusive_time = 1471
exclusive_time = 20
process_id = p6
operationName = UploadMovieReview
serviceName = movie-review-service
------------------------------------------------------------------------------------
span = 7
trace_id = 52fbb06b96b3ad5b
span_id = 1f1f0848b329c422
parent_id = 4d794218f3c0a6e7
start_time = 1682628698107346
end_time = 1682628698108801
inclusive_time = 1455
exclusive_time = 1455
process_id = p6
operationName = MongoFindMovie
serviceName = movie-review-service
------------------------------------------------------------------------------------
span = 8
trace_id = 52fbb06b96b3ad5b
span_id = 2974be69b968e588
parent_id = c057fc6c308b7f02
start_time = 1682628698106169
end_time = 1682628698106267
inclusive_time = 98
exclusive_time = 98
process_id = p3
operationName = MmcSetMovieId
serviceName = movie-id-service
------------------------------------------------------------------------------------
span = 9
trace_id = 52fbb06b96b3ad5b
span_id = cd79d27fea67ddcd
parent_id = c057fc6c308b7f02
start_time = 1682628698105922
end_time = 1682628698106027
inclusive_time = 105
exclusive_time = 105
process_id = p3
operationName = MmcGetMovieId
serviceName = movie-id-service
------------------------------------------------------------------------------------
