span 0
span_id = 92b556d772b11f71
parent_id = None
start_time = 1682628698017000
end_time = 1682628698021754
inclusive_time = 4754
exclusive_time = 763
process_id = p3
operationName = /wrk2-api/review/compose
serviceName = None
------------------------------------------------------------------------------------
span 1
span_id = e692eabde680c79c
parent_id = 92b556d772b11f71
start_time = 1682628698017763
end_time = 1682628698021754
inclusive_time = 3991
exclusive_time = 93
process_id = p3
operationName = /wrk2-api/review/compose
serviceName = None
------------------------------------------------------------------------------------
span 2
span_id = bb91e2b59a218c37
parent_id = e692eabde680c79c
start_time = 1682628698017807
end_time = 1682628698021705
inclusive_time = 3898
exclusive_time = 730
process_id = p3
operationName = ComposeReview
serviceName = None
------------------------------------------------------------------------------------
span 3
span_id = 014945fda151ae44
parent_id = bb91e2b59a218c37
start_time = 1682628698018111
end_time = 1682628698021167
inclusive_time = 3056
exclusive_time = 376
process_id = p2
operationName = UploadMovieId
serviceName = None
------------------------------------------------------------------------------------
span 4
span_id = 6ccbae0a7ff4ea05
parent_id = 014945fda151ae44
start_time = 1682628698018542
end_time = 1682628698020986
inclusive_time = 2444
exclusive_time = 308
process_id = p9
operationName = UploadRating
serviceName = None
------------------------------------------------------------------------------------
span 5
span_id = d8235becfe0a478c
parent_id = 6ccbae0a7ff4ea05
start_time = 1682628698018743
end_time = 1682628698020868
inclusive_time = 2125
exclusive_time = 927
process_id = p5
operationName = UploadRating
serviceName = None
------------------------------------------------------------------------------------
span 6
span_id = f41095885aa95ffd
parent_id = d8235becfe0a478c
start_time = 1682628698019555
end_time = 1682628698020723
inclusive_time = 1168
exclusive_time = 18
process_id = p6
operationName = UploadUserReview
serviceName = None
------------------------------------------------------------------------------------
span 7
span_id = a3a62f3b8b31c592
parent_id = f41095885aa95ffd
start_time = 1682628698019573
end_time = 1682628698020726
inclusive_time = 1153
exclusive_time = 1153
process_id = p6
operationName = MongoFindUser
serviceName = None
------------------------------------------------------------------------------------
span 8
span_id = 9371fce35d7a9bd1
parent_id = 014945fda151ae44
start_time = 1682628698018390
end_time = 1682628698018475
inclusive_time = 85
exclusive_time = 85
process_id = p2
operationName = MmcSetMovieId
serviceName = None
------------------------------------------------------------------------------------
span 9
span_id = 0c32884cc0291c51
parent_id = 014945fda151ae44
start_time = 1682628698018131
end_time = 1682628698018222
inclusive_time = 91
exclusive_time = 91
process_id = p2
operationName = MmcGetMovieId
serviceName = None
------------------------------------------------------------------------------------
