span 0
span_id = fdbf5be189192260
parent_id = None
start_time = 1682628698245000
end_time = 1682628698250236
inclusive_time = 5236
exclusive_time = 113
process_id = p5
operationName = /wrk2-api/review/compose
serviceName = None
------------------------------------------------------------------------------------
span 1
span_id = 4f716e78211279ba
parent_id = fdbf5be189192260
start_time = 1682628698245112
end_time = 1682628698250235
inclusive_time = 5123
exclusive_time = 120
process_id = p5
operationName = /wrk2-api/review/compose
serviceName = None
------------------------------------------------------------------------------------
span 2
span_id = 904ed8258f927254
parent_id = 4f716e78211279ba
start_time = 1682628698245182
end_time = 1682628698250185
inclusive_time = 5003
exclusive_time = 1161
process_id = p5
operationName = ComposeReview
serviceName = None
------------------------------------------------------------------------------------
span 3
span_id = 70940d4222f052a8
parent_id = 904ed8258f927254
start_time = 1682628698245534
end_time = 1682628698249258
inclusive_time = 3724
exclusive_time = 634
process_id = p1
operationName = UploadMovieId
serviceName = None
------------------------------------------------------------------------------------
span 4
span_id = c1876b53d1d78194
parent_id = 70940d4222f052a8
start_time = 1682628698246013
end_time = 1682628698248870
inclusive_time = 2857
exclusive_time = 269
process_id = p10
operationName = UploadRating
serviceName = None
------------------------------------------------------------------------------------
span 5
span_id = 860347476de60174
parent_id = c1876b53d1d78194
start_time = 1682628698246258
end_time = 1682628698248695
inclusive_time = 2437
exclusive_time = 1234
process_id = p2
operationName = UploadRating
serviceName = None
------------------------------------------------------------------------------------
span 6
span_id = 10f71a15f45a261e
parent_id = 860347476de60174
start_time = 1682628698247396
end_time = 1682628698248538
inclusive_time = 1142
exclusive_time = 20
process_id = p3
operationName = UploadMovieReview
serviceName = None
------------------------------------------------------------------------------------
span 7
span_id = 381e5fbbd5118bec
parent_id = 10f71a15f45a261e
start_time = 1682628698247416
end_time = 1682628698248543
inclusive_time = 1127
exclusive_time = 1127
process_id = p3
operationName = MongoFindMovie
serviceName = None
------------------------------------------------------------------------------------
span 8
span_id = f65827dff1ff7150
parent_id = 70940d4222f052a8
start_time = 1682628698245878
end_time = 1682628698245973
inclusive_time = 95
exclusive_time = 95
process_id = p1
operationName = MmcSetMovieId
serviceName = None
------------------------------------------------------------------------------------
span 9
span_id = 86cae7106cc2a778
parent_id = 70940d4222f052a8
start_time = 1682628698245550
end_time = 1682628698245648
inclusive_time = 98
exclusive_time = 98
process_id = p1
operationName = MmcGetMovieId
serviceName = None
------------------------------------------------------------------------------------
