span = 0
trace_id = 4815632556ca1e7d
span_id = 4815632556ca1e7d
parent_id = None
start_time = 1682628698154000
end_time = 1682628698158761
inclusive_time = 4761
exclusive_time = 454
process_id = p2
operationName = /wrk2-api/review/compose
serviceName = nginx
------------------------------------------------------------------------------------
span = 1
trace_id = 4815632556ca1e7d
span_id = 1596f87fc617e4ad
parent_id = 4815632556ca1e7d
start_time = 1682628698154454
end_time = 1682628698158761
inclusive_time = 4307
exclusive_time = 159
process_id = p2
operationName = /wrk2-api/review/compose
serviceName = nginx
------------------------------------------------------------------------------------
span = 2
trace_id = 4815632556ca1e7d
span_id = 853682332869420f
parent_id = 1596f87fc617e4ad
start_time = 1682628698154505
end_time = 1682628698158653
inclusive_time = 4148
exclusive_time = 340
process_id = p2
operationName = ComposeReview
serviceName = nginx
------------------------------------------------------------------------------------
span = 3
trace_id = 4815632556ca1e7d
span_id = 7437f9fb203d9313
parent_id = 853682332869420f
start_time = 1682628698154820
end_time = 1682628698158533
inclusive_time = 3713
exclusive_time = 1156
process_id = p7
operationName = UploadMovieId
serviceName = movie-id-service
------------------------------------------------------------------------------------
span = 4
trace_id = 4815632556ca1e7d
span_id = fa3d5959cdf69422
parent_id = 7437f9fb203d9313
start_time = 1682628698155350
end_time = 1682628698157627
inclusive_time = 2277
exclusive_time = 200
process_id = p1
operationName = UploadRating
serviceName = rating-service
------------------------------------------------------------------------------------
span = 5
trace_id = 4815632556ca1e7d
span_id = 8034ab411dd479d5
parent_id = fa3d5959cdf69422
start_time = 1682628698155483
end_time = 1682628698157517
inclusive_time = 2034
exclusive_time = 848
process_id = p3
operationName = UploadRating
serviceName = compose-review-service
------------------------------------------------------------------------------------
span = 6
trace_id = 4815632556ca1e7d
span_id = 8d2a4c54c3ead01a
parent_id = 8034ab411dd479d5
start_time = 1682628698156288
end_time = 1682628698157401
inclusive_time = 1113
exclusive_time = 19
process_id = p4
operationName = UploadMovieReview
serviceName = movie-review-service
------------------------------------------------------------------------------------
span = 7
trace_id = 4815632556ca1e7d
span_id = 96ce01351a2e7b22
parent_id = 8d2a4c54c3ead01a
start_time = 1682628698156307
end_time = 1682628698157406
inclusive_time = 1099
exclusive_time = 1099
process_id = p4
operationName = MongoFindMovie
serviceName = movie-review-service
------------------------------------------------------------------------------------
span = 8
trace_id = 4815632556ca1e7d
span_id = 8a0b00580c193e98
parent_id = 7437f9fb203d9313
start_time = 1682628698155177
end_time = 1682628698155281
inclusive_time = 104
exclusive_time = 104
process_id = p7
operationName = MmcSetMovieId
serviceName = movie-id-service
------------------------------------------------------------------------------------
span = 9
trace_id = 4815632556ca1e7d
span_id = 0628e968adbae165
parent_id = 7437f9fb203d9313
start_time = 1682628698154838
end_time = 1682628698154945
inclusive_time = 107
exclusive_time = 107
process_id = p7
operationName = MmcGetMovieId
serviceName = movie-id-service
------------------------------------------------------------------------------------
