span = 0
trace_id = 531da7e66dde9d0d
span_id = 531da7e66dde9d0d
parent_id = None
start_time = 1682628698017000
end_time = 1682628698021752
inclusive_time = 4752
exclusive_time = 691
process_id = p7
operationName = /wrk2-api/review/compose
serviceName = nginx
------------------------------------------------------------------------------------
span = 1
trace_id = 531da7e66dde9d0d
span_id = 5b6e75469d3804c3
parent_id = 531da7e66dde9d0d
start_time = 1682628698017691
end_time = 1682628698021752
inclusive_time = 4061
exclusive_time = 101
process_id = p7
operationName = /wrk2-api/review/compose
serviceName = nginx
------------------------------------------------------------------------------------
span = 2
trace_id = 531da7e66dde9d0d
span_id = 2dcf25756b5fdba7
parent_id = 5b6e75469d3804c3
start_time = 1682628698017724
end_time = 1682628698021684
inclusive_time = 3960
exclusive_time = 360
process_id = p7
operationName = ComposeReview
serviceName = nginx
------------------------------------------------------------------------------------
span = 3
trace_id = 531da7e66dde9d0d
span_id = 1562ec340a1dea0c
parent_id = 2dcf25756b5fdba7
start_time = 1682628698017991
end_time = 1682628698021515
inclusive_time = 3524
exclusive_time = 318
process_id = p2
operationName = UploadMovieId
serviceName = movie-id-service
------------------------------------------------------------------------------------
span = 4
trace_id = 531da7e66dde9d0d
span_id = 58d25f7478335b04
parent_id = 1562ec340a1dea0c
start_time = 1682628698018375
end_time = 1682628698021371
inclusive_time = 2996
exclusive_time = 259
process_id = p9
operationName = UploadRating
serviceName = rating-service
------------------------------------------------------------------------------------
span = 5
trace_id = 531da7e66dde9d0d
span_id = fbbe8ad504ea417c
parent_id = 58d25f7478335b04
start_time = 1682628698018770
end_time = 1682628698021241
inclusive_time = 2471
exclusive_time = 968
process_id = p4
operationName = UploadRating
serviceName = compose-review-service
------------------------------------------------------------------------------------
span = 6
trace_id = 531da7e66dde9d0d
span_id = 082f5c8e13d1a49d
parent_id = fbbe8ad504ea417c
start_time = 1682628698019711
end_time = 1682628698021114
inclusive_time = 1403
exclusive_time = 31
process_id = p5
operationName = UploadUserReview
serviceName = user-review-service
------------------------------------------------------------------------------------
span = 7
trace_id = 531da7e66dde9d0d
span_id = 9cdc51204e27baed
parent_id = 082f5c8e13d1a49d
start_time = 1682628698019742
end_time = 1682628698021119
inclusive_time = 1377
exclusive_time = 1377
process_id = p5
operationName = MongoFindUser
serviceName = user-review-service
------------------------------------------------------------------------------------
span = 8
trace_id = 531da7e66dde9d0d
span_id = debb1ae4edf2a6a4
parent_id = 58d25f7478335b04
start_time = 1682628698018475
end_time = 1682628698018741
inclusive_time = 266
exclusive_time = 266
process_id = p9
operationName = RedisInsert
serviceName = rating-service
------------------------------------------------------------------------------------
span = 9
trace_id = 531da7e66dde9d0d
span_id = 60b400d8c9e933b7
parent_id = 1562ec340a1dea0c
start_time = 1682628698018220
end_time = 1682628698018339
inclusive_time = 119
exclusive_time = 119
process_id = p2
operationName = MmcSetMovieId
serviceName = movie-id-service
------------------------------------------------------------------------------------
span = 10
trace_id = 531da7e66dde9d0d
span_id = eb2cde29fdaabc05
parent_id = 1562ec340a1dea0c
start_time = 1682628698018010
end_time = 1682628698018101
inclusive_time = 91
exclusive_time = 91
process_id = p2
operationName = MmcGetMovieId
serviceName = movie-id-service
------------------------------------------------------------------------------------
