span 0
span_id = 6a9891cddd1e3340
parent_id = None
start_time = 1682628697916000
end_time = 1682628697920994
inclusive_time = 4994
exclusive_time = 820
process_id = p7
operationName = /wrk2-api/review/compose
serviceName = None
------------------------------------------------------------------------------------
span 1
span_id = 8636865a3f42a966
parent_id = 6a9891cddd1e3340
start_time = 1682628697916820
end_time = 1682628697920994
inclusive_time = 4174
exclusive_time = 110
process_id = p7
operationName = /wrk2-api/review/compose
serviceName = None
------------------------------------------------------------------------------------
span 2
span_id = f3a72488ed44e547
parent_id = 8636865a3f42a966
start_time = 1682628697916874
end_time = 1682628697920938
inclusive_time = 4064
exclusive_time = 278
process_id = p7
operationName = ComposeReview
serviceName = None
------------------------------------------------------------------------------------
span 3
span_id = 7730bc85ea28bdf9
parent_id = f3a72488ed44e547
start_time = 1682628697917534
end_time = 1682628697920848
inclusive_time = 3314
exclusive_time = 321
process_id = p8
operationName = UploadMovieId
serviceName = None
------------------------------------------------------------------------------------
span 4
span_id = 7a0570a1347c04cd
parent_id = 7730bc85ea28bdf9
start_time = 1682628697917967
end_time = 1682628697920736
inclusive_time = 2769
exclusive_time = 1315
process_id = p4
operationName = UploadMovieId
serviceName = None
------------------------------------------------------------------------------------
span 5
span_id = 5198d240ce1ff3d7
parent_id = 7a0570a1347c04cd
start_time = 1682628697919089
end_time = 1682628697920518
inclusive_time = 1429
exclusive_time = 24
process_id = p1
operationName = UploadMovieReview
serviceName = None
------------------------------------------------------------------------------------
span 6
span_id = 7e1941fbeb76fd8c
parent_id = 5198d240ce1ff3d7
start_time = 1682628697919113
end_time = 1682628697920522
inclusive_time = 1409
exclusive_time = 1409
process_id = p1
operationName = MongoFindMovie
serviceName = None
------------------------------------------------------------------------------------
span 7
span_id = 6871ff5917a42c7b
parent_id = 7730bc85ea28bdf9
start_time = 1682628697917773
end_time = 1682628697917883
inclusive_time = 110
exclusive_time = 110
process_id = p8
operationName = MmcSetMovieId
serviceName = None
------------------------------------------------------------------------------------
span 8
span_id = 73a9a57259922306
parent_id = 7730bc85ea28bdf9
start_time = 1682628697917551
end_time = 1682628697917640
inclusive_time = 89
exclusive_time = 89
process_id = p8
operationName = MmcGetMovieId
serviceName = None
------------------------------------------------------------------------------------
