span = 0
trace_id = 23554cecd17e09fe
span_id = 23554cecd17e09fe
parent_id = None
start_time = 1682628697933000
end_time = 1682628697938035
inclusive_time = 5035
exclusive_time = 767
process_id = p8
operationName = /wrk2-api/review/compose
serviceName = nginx
call path = 
------------------------------------------------------------------------------------
span = 1
trace_id = 23554cecd17e09fe
span_id = c0bd0276edb19d12
parent_id = 23554cecd17e09fe
start_time = 1682628697933767
end_time = 1682628697938036
inclusive_time = 4269
exclusive_time = 99
process_id = p8
operationName = /wrk2-api/review/compose
serviceName = nginx
call path = ->/wrk2-api/review/compose_nginx
------------------------------------------------------------------------------------
span = 2
trace_id = 23554cecd17e09fe
span_id = 0403bbd64fbf9e4e
parent_id = c0bd0276edb19d12
start_time = 1682628697933807
end_time = 1682628697937977
inclusive_time = 4170
exclusive_time = 620
process_id = p8
operationName = ComposeReview
serviceName = nginx
call path = ->/wrk2-api/review/compose_nginx->/wrk2-api/review/compose_nginx
------------------------------------------------------------------------------------
span = 3
trace_id = 23554cecd17e09fe
span_id = 2985b4652a03d88f
parent_id = 0403bbd64fbf9e4e
start_time = 1682628697934063
end_time = 1682628697937613
inclusive_time = 3550
exclusive_time = 422
process_id = p7
operationName = UploadMovieId
serviceName = movie-id-service
call path = ->/wrk2-api/review/compose_nginx->/wrk2-api/review/compose_nginx->ComposeReview_nginx
------------------------------------------------------------------------------------
span = 4
trace_id = 23554cecd17e09fe
span_id = f0a21d023d1a6215
parent_id = 2985b4652a03d88f
start_time = 1682628697934560
end_time = 1682628697937440
inclusive_time = 2880
exclusive_time = 361
process_id = p5
operationName = UploadRating
serviceName = rating-service
call path = ->/wrk2-api/review/compose_nginx->/wrk2-api/review/compose_nginx->ComposeReview_nginx->UploadMovieId_movie-id-service
------------------------------------------------------------------------------------
span = 5
trace_id = 23554cecd17e09fe
span_id = 205e03155d30d696
parent_id = f0a21d023d1a6215
start_time = 1682628697934751
end_time = 1682628697937234
inclusive_time = 2483
exclusive_time = 1125
process_id = p4
operationName = UploadRating
serviceName = compose-review-service
call path = ->/wrk2-api/review/compose_nginx->/wrk2-api/review/compose_nginx->ComposeReview_nginx->UploadMovieId_movie-id-service->UploadRating_rating-service
------------------------------------------------------------------------------------
span = 6
trace_id = 23554cecd17e09fe
span_id = 1cdf5eb522368cf5
parent_id = 205e03155d30d696
start_time = 1682628697935731
end_time = 1682628697937036
inclusive_time = 1305
exclusive_time = 17
process_id = p1
operationName = UploadMovieReview
serviceName = movie-review-service
call path = ->/wrk2-api/review/compose_nginx->/wrk2-api/review/compose_nginx->ComposeReview_nginx->UploadMovieId_movie-id-service->UploadRating_rating-service->UploadRating_compose-review-service
------------------------------------------------------------------------------------
span = 7
trace_id = 23554cecd17e09fe
span_id = db21137012f04c25
parent_id = 1cdf5eb522368cf5
start_time = 1682628697935748
end_time = 1682628697937040
inclusive_time = 1292
exclusive_time = 1292
process_id = p1
operationName = MongoFindMovie
serviceName = movie-review-service
call path = ->/wrk2-api/review/compose_nginx->/wrk2-api/review/compose_nginx->ComposeReview_nginx->UploadMovieId_movie-id-service->UploadRating_rating-service->UploadRating_compose-review-service->UploadMovieReview_movie-review-service
------------------------------------------------------------------------------------
span = 8
trace_id = 23554cecd17e09fe
span_id = 0210ae894845b167
parent_id = 2985b4652a03d88f
start_time = 1682628697934417
end_time = 1682628697934533
inclusive_time = 116
exclusive_time = 116
process_id = p7
operationName = MmcSetMovieId
serviceName = movie-id-service
call path = ->/wrk2-api/review/compose_nginx->/wrk2-api/review/compose_nginx->ComposeReview_nginx->UploadMovieId_movie-id-service
------------------------------------------------------------------------------------
span = 9
trace_id = 23554cecd17e09fe
span_id = ee508b53dd2fedef
parent_id = 2985b4652a03d88f
start_time = 1682628697934082
end_time = 1682628697934187
inclusive_time = 105
exclusive_time = 105
process_id = p7
operationName = MmcGetMovieId
serviceName = movie-id-service
call path = ->/wrk2-api/review/compose_nginx->/wrk2-api/review/compose_nginx->ComposeReview_nginx->UploadMovieId_movie-id-service
------------------------------------------------------------------------------------
