span = 0
trace_id = 5474697db7f30387
span_id = 5474697db7f30387
parent_id = None
start_time = 1682628697855000
end_time = 1682628697859878
inclusive_time = 4878
exclusive_time = 498
process_id = p3
operationName = /wrk2-api/review/compose
serviceName = nginx
call path = 
------------------------------------------------------------------------------------
span = 1
trace_id = 5474697db7f30387
span_id = 7e3d7bd273e6585a
parent_id = 5474697db7f30387
start_time = 1682628697855497
end_time = 1682628697859877
inclusive_time = 4380
exclusive_time = 107
process_id = p3
operationName = /wrk2-api/review/compose
serviceName = nginx
call path = ->/wrk2-api/review/compose_nginx
------------------------------------------------------------------------------------
span = 2
trace_id = 5474697db7f30387
span_id = 26aeb41140e12237
parent_id = 7e3d7bd273e6585a
start_time = 1682628697855545
end_time = 1682628697859818
inclusive_time = 4273
exclusive_time = 384
process_id = p3
operationName = ComposeReview
serviceName = nginx
call path = ->/wrk2-api/review/compose_nginx->/wrk2-api/review/compose_nginx
------------------------------------------------------------------------------------
span = 3
trace_id = 5474697db7f30387
span_id = 09e9d88730fe796e
parent_id = 26aeb41140e12237
start_time = 1682628697855856
end_time = 1682628697859630
inclusive_time = 3774
exclusive_time = 321
process_id = p5
operationName = UploadMovieId
serviceName = movie-id-service
call path = ->/wrk2-api/review/compose_nginx->/wrk2-api/review/compose_nginx->ComposeReview_nginx
------------------------------------------------------------------------------------
span = 4
trace_id = 5474697db7f30387
span_id = 86f118e33841e532
parent_id = 09e9d88730fe796e
start_time = 1682628697856219
end_time = 1682628697859461
inclusive_time = 3242
exclusive_time = 239
process_id = p8
operationName = UploadRating
serviceName = rating-service
call path = ->/wrk2-api/review/compose_nginx->/wrk2-api/review/compose_nginx->ComposeReview_nginx->UploadMovieId_movie-id-service
------------------------------------------------------------------------------------
span = 5
trace_id = 5474697db7f30387
span_id = bcd2f42ff098cb17
parent_id = 86f118e33841e532
start_time = 1682628697856341
end_time = 1682628697859306
inclusive_time = 2965
exclusive_time = 821
process_id = p4
operationName = UploadRating
serviceName = compose-review-service
call path = ->/wrk2-api/review/compose_nginx->/wrk2-api/review/compose_nginx->ComposeReview_nginx->UploadMovieId_movie-id-service->UploadRating_rating-service
------------------------------------------------------------------------------------
span = 6
trace_id = 5474697db7f30387
span_id = 5ce92164edb8064d
parent_id = bcd2f42ff098cb17
start_time = 1682628697857029
end_time = 1682628697859132
inclusive_time = 2103
exclusive_time = 19
process_id = p2
operationName = UploadUserReview
serviceName = user-review-service
call path = ->/wrk2-api/review/compose_nginx->/wrk2-api/review/compose_nginx->ComposeReview_nginx->UploadMovieId_movie-id-service->UploadRating_rating-service->UploadRating_compose-review-service
------------------------------------------------------------------------------------
span = 7
trace_id = 5474697db7f30387
span_id = 726de1e5a694eadf
parent_id = 5ce92164edb8064d
start_time = 1682628697857048
end_time = 1682628697859136
inclusive_time = 2088
exclusive_time = 2088
process_id = p2
operationName = MongoFindUser
serviceName = user-review-service
call path = ->/wrk2-api/review/compose_nginx->/wrk2-api/review/compose_nginx->ComposeReview_nginx->UploadMovieId_movie-id-service->UploadRating_rating-service->UploadRating_compose-review-service->UploadUserReview_user-review-service
------------------------------------------------------------------------------------
span = 8
trace_id = 5474697db7f30387
span_id = dbfcb8c209f153cf
parent_id = 09e9d88730fe796e
start_time = 1682628697855876
end_time = 1682628697855954
inclusive_time = 78
exclusive_time = 78
process_id = p5
operationName = MmcGetMovieId
serviceName = movie-id-service
call path = ->/wrk2-api/review/compose_nginx->/wrk2-api/review/compose_nginx->ComposeReview_nginx->UploadMovieId_movie-id-service
------------------------------------------------------------------------------------
