span 0
span_id = b4d7d66ab08adf97
parent_id = None
start_time = 1682628698093000
end_time = 1682628698097458
inclusive_time = 4458
exclusive_time = 947
process_id = p7
operationName = /wrk2-api/review/compose
serviceName = None
------------------------------------------------------------------------------------
span 1
span_id = ed6ea3899e0c718c
parent_id = b4d7d66ab08adf97
start_time = 1682628698093947
end_time = 1682628698097458
inclusive_time = 3511
exclusive_time = 106
process_id = p7
operationName = /wrk2-api/review/compose
serviceName = None
------------------------------------------------------------------------------------
span 2
span_id = 4d5039cc5a98e5f2
parent_id = ed6ea3899e0c718c
start_time = 1682628698093986
end_time = 1682628698097391
inclusive_time = 3405
exclusive_time = 311
process_id = p7
operationName = ComposeReview
serviceName = None
------------------------------------------------------------------------------------
span 3
span_id = b3639c8bdd090722
parent_id = 4d5039cc5a98e5f2
start_time = 1682628698094294
end_time = 1682628698097268
inclusive_time = 2974
exclusive_time = 345
process_id = p4
operationName = UploadMovieId
serviceName = None
------------------------------------------------------------------------------------
span 4
span_id = c9d464e246bbb95a
parent_id = b3639c8bdd090722
start_time = 1682628698094863
end_time = 1682628698097164
inclusive_time = 2301
exclusive_time = 224
process_id = p6
operationName = UploadRating
serviceName = None
------------------------------------------------------------------------------------
span 5
span_id = db6fb3d69028f2d2
parent_id = c9d464e246bbb95a
start_time = 1682628698095014
end_time = 1682628698097043
inclusive_time = 2029
exclusive_time = 956
process_id = p2
operationName = UploadRating
serviceName = None
------------------------------------------------------------------------------------
span 6
span_id = f21ca4d7dffcba53
parent_id = db6fb3d69028f2d2
start_time = 1682628698095947
end_time = 1682628698096941
inclusive_time = 994
exclusive_time = 30
process_id = p1
operationName = UploadMovieReview
serviceName = None
------------------------------------------------------------------------------------
span 7
span_id = 037cedf082ea6ca5
parent_id = f21ca4d7dffcba53
start_time = 1682628698095977
end_time = 1682628698096945
inclusive_time = 968
exclusive_time = 968
process_id = p1
operationName = MongoFindMovie
serviceName = None
------------------------------------------------------------------------------------
span 8
span_id = 5118087e15846bac
parent_id = b3639c8bdd090722
start_time = 1682628698094640
end_time = 1682628698094777
inclusive_time = 137
exclusive_time = 137
process_id = p4
operationName = MmcSetMovieId
serviceName = None
------------------------------------------------------------------------------------
span 9
span_id = 214e781d598ecce0
parent_id = b3639c8bdd090722
start_time = 1682628698094311
end_time = 1682628698094416
inclusive_time = 105
exclusive_time = 105
process_id = p4
operationName = MmcGetMovieId
serviceName = None
------------------------------------------------------------------------------------
