span = 0
trace_id = 84fdff09319add16
span_id = 84fdff09319add16
parent_id = None
start_time = 1682628697975000
end_time = 1682628697978304
inclusive_time = 3304
exclusive_time = 144
process_id = p5
operationName = /wrk2-api/review/compose
serviceName = nginx
------------------------------------------------------------------------------------
span = 1
trace_id = 84fdff09319add16
span_id = e7ebceb06ea62d86
parent_id = 84fdff09319add16
start_time = 1682628697975144
end_time = 1682628697978304
inclusive_time = 3160
exclusive_time = 85
process_id = p5
operationName = /wrk2-api/review/compose
serviceName = nginx
------------------------------------------------------------------------------------
span = 2
trace_id = 84fdff09319add16
span_id = 341d0faad1b7dd15
parent_id = e7ebceb06ea62d86
start_time = 1682628697975179
end_time = 1682628697978254
inclusive_time = 3075
exclusive_time = 259
process_id = p5
operationName = ComposeReview
serviceName = nginx
------------------------------------------------------------------------------------
span = 3
trace_id = 84fdff09319add16
span_id = 1173443d759a2562
parent_id = 341d0faad1b7dd15
start_time = 1682628697976206
end_time = 1682628697978166
inclusive_time = 1960
exclusive_time = 145
process_id = p2
operationName = UploadText
serviceName = text-service
------------------------------------------------------------------------------------
span = 4
trace_id = 84fdff09319add16
span_id = 9b16acf1db855620
parent_id = 1173443d759a2562
start_time = 1682628697976289
end_time = 1682628697978104
inclusive_time = 1815
exclusive_time = 755
process_id = p7
operationName = UploadText
serviceName = compose-review-service
------------------------------------------------------------------------------------
span = 5
trace_id = 84fdff09319add16
span_id = 54afd8add1a88666
parent_id = 9b16acf1db855620
start_time = 1682628697976946
end_time = 1682628697977914
inclusive_time = 968
exclusive_time = 19
process_id = p3
operationName = UploadMovieReview
serviceName = movie-review-service
------------------------------------------------------------------------------------
span = 6
trace_id = 84fdff09319add16
span_id = 0ca6bb8d9d376b04
parent_id = 54afd8add1a88666
start_time = 1682628697976965
end_time = 1682628697977921
inclusive_time = 956
exclusive_time = 956
process_id = p3
operationName = MongoFindMovie
serviceName = movie-review-service
------------------------------------------------------------------------------------
