span = 0
span_id = d1cdb465d251c7f6
parent_id = None
start_time = 1682628698267000
end_time = 1682628698271351
inclusive_time = 4351
exclusive_time = 46
process_id = p3
operationName = /wrk2-api/review/compose
serviceName = nginx
------------------------------------------------------------------------------------
span = 1
span_id = e6fb80c7573b22c2
parent_id = d1cdb465d251c7f6
start_time = 1682628698267045
end_time = 1682628698271350
inclusive_time = 4305
exclusive_time = 91
process_id = p3
operationName = /wrk2-api/review/compose
serviceName = nginx
------------------------------------------------------------------------------------
span = 2
span_id = 1a127b92baf5baf6
parent_id = e6fb80c7573b22c2
start_time = 1682628698267083
end_time = 1682628698271297
inclusive_time = 4214
exclusive_time = 458
process_id = p3
operationName = ComposeReview
serviceName = nginx
------------------------------------------------------------------------------------
span = 3
span_id = 211cbcb355086e0f
parent_id = 1a127b92baf5baf6
start_time = 1682628698267414
end_time = 1682628698270998
inclusive_time = 3584
exclusive_time = 179
process_id = p9
operationName = UploadText
serviceName = text-service
------------------------------------------------------------------------------------
span = 4
span_id = bc9b492b31f40356
parent_id = 211cbcb355086e0f
start_time = 1682628698267514
end_time = 1682628698270919
inclusive_time = 3405
exclusive_time = 2149
process_id = p5
operationName = UploadText
serviceName = compose-review-service
------------------------------------------------------------------------------------
span = 5
span_id = ed93a87736c40dfc
parent_id = bc9b492b31f40356
start_time = 1682628698269624
end_time = 1682628698270796
inclusive_time = 1172
exclusive_time = 19
process_id = p4
operationName = UploadUserReview
serviceName = user-review-service
------------------------------------------------------------------------------------
span = 6
span_id = 210ba5125a0a6f7d
parent_id = ed93a87736c40dfc
start_time = 1682628698269643
end_time = 1682628698270801
inclusive_time = 1158
exclusive_time = 1158
process_id = p4
operationName = MongoFindUser
serviceName = user-review-service
------------------------------------------------------------------------------------
