span 0
span_id = c473681dcf9a64c0
parent_id = None
start_time = 1682628698159000
end_time = 1682628698163467
inclusive_time = 4467
exclusive_time = 472
process_id = p4
operationName = /wrk2-api/review/compose
serviceName = None
------------------------------------------------------------------------------------
span 1
span_id = a26c1e68d4d1fe03
parent_id = c473681dcf9a64c0
start_time = 1682628698159471
end_time = 1682628698163466
inclusive_time = 3995
exclusive_time = 95
process_id = p4
operationName = /wrk2-api/review/compose
serviceName = None
------------------------------------------------------------------------------------
span 2
span_id = dc0d9668f8b82931
parent_id = a26c1e68d4d1fe03
start_time = 1682628698159520
end_time = 1682628698163420
inclusive_time = 3900
exclusive_time = 258
process_id = p4
operationName = ComposeReview
serviceName = None
------------------------------------------------------------------------------------
span 3
span_id = 2398b95cb5b4c85c
parent_id = dc0d9668f8b82931
start_time = 1682628698159793
end_time = 1682628698163345
inclusive_time = 3552
exclusive_time = 575
process_id = p7
operationName = UploadMovieId
serviceName = None
------------------------------------------------------------------------------------
span 4
span_id = cc64d187fdaf8b46
parent_id = 2398b95cb5b4c85c
start_time = 1682628698160552
end_time = 1682628698163242
inclusive_time = 2690
exclusive_time = 201
process_id = p1
operationName = UploadRating
serviceName = None
------------------------------------------------------------------------------------
span 5
span_id = 053204bf2e95d866
parent_id = cc64d187fdaf8b46
start_time = 1682628698160738
end_time = 1682628698163155
inclusive_time = 2417
exclusive_time = 1003
process_id = p2
operationName = UploadRating
serviceName = None
------------------------------------------------------------------------------------
span 6
span_id = 79f38bf53debb38f
parent_id = 053204bf2e95d866
start_time = 1682628698161777
end_time = 1682628698163059
inclusive_time = 1282
exclusive_time = 34
process_id = p3
operationName = UploadMovieReview
serviceName = None
------------------------------------------------------------------------------------
span 7
span_id = 972c9597f0c8623c
parent_id = 79f38bf53debb38f
start_time = 1682628698161811
end_time = 1682628698163063
inclusive_time = 1252
exclusive_time = 1252
process_id = p3
operationName = MongoFindMovie
serviceName = None
------------------------------------------------------------------------------------
span 8
span_id = 2c01dd4ab378a562
parent_id = 2398b95cb5b4c85c
start_time = 1682628698159810
end_time = 1682628698159927
inclusive_time = 117
exclusive_time = 117
process_id = p7
operationName = MmcGetMovieId
serviceName = None
------------------------------------------------------------------------------------
