span = 0
span_id = 202dde11f66e56db
parent_id = None
start_time = 1682628698201000
end_time = 1682628698205680
inclusive_time = 4680
exclusive_time = 812
process_id = p7
operationName = /wrk2-api/review/compose
serviceName = nginx
------------------------------------------------------------------------------------
span = 1
span_id = fc5e79e89fcfe34f
parent_id = 202dde11f66e56db
start_time = 1682628698201811
end_time = 1682628698205679
inclusive_time = 3868
exclusive_time = 94
process_id = p7
operationName = /wrk2-api/review/compose
serviceName = nginx
------------------------------------------------------------------------------------
span = 2
span_id = 375eec6d9ee6a920
parent_id = fc5e79e89fcfe34f
start_time = 1682628698201844
end_time = 1682628698205618
inclusive_time = 3774
exclusive_time = 926
process_id = p7
operationName = ComposeReview
serviceName = nginx
------------------------------------------------------------------------------------
span = 3
span_id = 9c670bc58f247dfe
parent_id = 375eec6d9ee6a920
start_time = 1682628698202328
end_time = 1682628698204840
inclusive_time = 2512
exclusive_time = 168
process_id = p9
operationName = UploadText
serviceName = text-service
------------------------------------------------------------------------------------
span = 4
span_id = caf1ead9a6390043
parent_id = 9c670bc58f247dfe
start_time = 1682628698202427
end_time = 1682628698204771
inclusive_time = 2344
exclusive_time = 1341
process_id = p3
operationName = UploadText
serviceName = compose-review-service
------------------------------------------------------------------------------------
span = 5
span_id = a1b1b101527ccd26
parent_id = caf1ead9a6390043
start_time = 1682628698203623
end_time = 1682628698204590
inclusive_time = 967
exclusive_time = 25
process_id = p2
operationName = UploadUserReview
serviceName = user-review-service
------------------------------------------------------------------------------------
span = 6
span_id = 1799a310bb1a798d
parent_id = a1b1b101527ccd26
start_time = 1682628698203648
end_time = 1682628698204596
inclusive_time = 948
exclusive_time = 948
process_id = p2
operationName = MongoFindUser
serviceName = user-review-service
------------------------------------------------------------------------------------
