span = 0
span_id = f82cc74f194ee22f
parent_id = None
start_time = 1682628698012000
end_time = 1682628698016725
inclusive_time = 4725
exclusive_time = 967
process_id = p3
operationName = /wrk2-api/review/compose
serviceName = nginx
------------------------------------------------------------------------------------
span = 1
span_id = ed4a7621555e4367
parent_id = f82cc74f194ee22f
start_time = 1682628698012966
end_time = 1682628698016724
inclusive_time = 3758
exclusive_time = 93
process_id = p3
operationName = /wrk2-api/review/compose
serviceName = nginx
------------------------------------------------------------------------------------
span = 2
span_id = 91e8b0ffa23240bf
parent_id = ed4a7621555e4367
start_time = 1682628698013012
end_time = 1682628698016677
inclusive_time = 3665
exclusive_time = 384
process_id = p3
operationName = ComposeReview
serviceName = nginx
------------------------------------------------------------------------------------
span = 3
span_id = 635711e305d5e453
parent_id = 91e8b0ffa23240bf
start_time = 1682628698013304
end_time = 1682628698016585
inclusive_time = 3281
exclusive_time = 379
process_id = p2
operationName = UploadMovieId
serviceName = movie-id-service
------------------------------------------------------------------------------------
span = 4
span_id = 88dfad3be9391ace
parent_id = 635711e305d5e453
start_time = 1682628698013835
end_time = 1682628698016439
inclusive_time = 2604
exclusive_time = 251
process_id = p9
operationName = UploadRating
serviceName = rating-service
------------------------------------------------------------------------------------
span = 5
span_id = 4470d08e222298bb
parent_id = 88dfad3be9391ace
start_time = 1682628698014048
end_time = 1682628698016326
inclusive_time = 2278
exclusive_time = 1008
process_id = p5
operationName = UploadRating
serviceName = compose-review-service
------------------------------------------------------------------------------------
span = 6
span_id = 0201a881ad6a7f38
parent_id = 4470d08e222298bb
start_time = 1682628698014984
end_time = 1682628698016164
inclusive_time = 1180
exclusive_time = 24
process_id = p6
operationName = UploadUserReview
serviceName = user-review-service
------------------------------------------------------------------------------------
span = 7
span_id = 1a4d7291536427c3
parent_id = 0201a881ad6a7f38
start_time = 1682628698015008
end_time = 1682628698016168
inclusive_time = 1160
exclusive_time = 1160
process_id = p6
operationName = MongoFindUser
serviceName = user-review-service
------------------------------------------------------------------------------------
span = 8
span_id = fe0b0cc3a8182426
parent_id = 635711e305d5e453
start_time = 1682628698013579
end_time = 1682628698013731
inclusive_time = 152
exclusive_time = 152
process_id = p2
operationName = MmcSetMovieId
serviceName = movie-id-service
------------------------------------------------------------------------------------
span = 9
span_id = baf598e867a58487
parent_id = 635711e305d5e453
start_time = 1682628698013315
end_time = 1682628698013411
inclusive_time = 96
exclusive_time = 96
process_id = p2
operationName = MmcGetMovieId
serviceName = movie-id-service
------------------------------------------------------------------------------------
