span = 0
trace_id = a8d543a57a8f37b1
span_id = a8d543a57a8f37b1
parent_id = None
start_time = 1682628698247000
end_time = 1682628698252084
inclusive_time = 5084
exclusive_time = 720
process_id = p5
operationName = /wrk2-api/review/compose
serviceName = nginx
call path = 
------------------------------------------------------------------------------------
span = 1
trace_id = a8d543a57a8f37b1
span_id = 3e4e8635bf1e5ece
parent_id = a8d543a57a8f37b1
start_time = 1682628698247720
end_time = 1682628698252084
inclusive_time = 4364
exclusive_time = 106
process_id = p5
operationName = /wrk2-api/review/compose
serviceName = nginx
call path = ->/wrk2-api/review/compose_nginx
------------------------------------------------------------------------------------
span = 2
trace_id = a8d543a57a8f37b1
span_id = 16ec62e07b08369d
parent_id = 3e4e8635bf1e5ece
start_time = 1682628698247765
end_time = 1682628698252023
inclusive_time = 4258
exclusive_time = 362
process_id = p5
operationName = ComposeReview
serviceName = nginx
call path = ->/wrk2-api/review/compose_nginx->/wrk2-api/review/compose_nginx
------------------------------------------------------------------------------------
span = 3
trace_id = a8d543a57a8f37b1
span_id = e51e62c73295f1ad
parent_id = 16ec62e07b08369d
start_time = 1682628698248086
end_time = 1682628698251862
inclusive_time = 3776
exclusive_time = 344
process_id = p1
operationName = UploadMovieId
serviceName = movie-id-service
call path = ->/wrk2-api/review/compose_nginx->/wrk2-api/review/compose_nginx->ComposeReview_nginx
------------------------------------------------------------------------------------
span = 4
trace_id = a8d543a57a8f37b1
span_id = e797c5561255be3a
parent_id = e51e62c73295f1ad
start_time = 1682628698248759
end_time = 1682628698251754
inclusive_time = 2995
exclusive_time = 258
process_id = p10
operationName = UploadRating
serviceName = rating-service
call path = ->/wrk2-api/review/compose_nginx->/wrk2-api/review/compose_nginx->ComposeReview_nginx->UploadMovieId_movie-id-service
------------------------------------------------------------------------------------
span = 5
trace_id = a8d543a57a8f37b1
span_id = 180250af5011d283
parent_id = e797c5561255be3a
start_time = 1682628698249038
end_time = 1682628698251655
inclusive_time = 2617
exclusive_time = 1276
process_id = p2
operationName = UploadRating
serviceName = compose-review-service
call path = ->/wrk2-api/review/compose_nginx->/wrk2-api/review/compose_nginx->ComposeReview_nginx->UploadMovieId_movie-id-service->UploadRating_rating-service
------------------------------------------------------------------------------------
span = 6
trace_id = a8d543a57a8f37b1
span_id = 2285af0adb653e2d
parent_id = 180250af5011d283
start_time = 1682628698249987
end_time = 1682628698251295
inclusive_time = 1308
exclusive_time = 17
process_id = p6
operationName = UploadUserReview
serviceName = user-review-service
call path = ->/wrk2-api/review/compose_nginx->/wrk2-api/review/compose_nginx->ComposeReview_nginx->UploadMovieId_movie-id-service->UploadRating_rating-service->UploadRating_compose-review-service
------------------------------------------------------------------------------------
span = 7
trace_id = a8d543a57a8f37b1
span_id = c327e0902c49dff6
parent_id = 2285af0adb653e2d
start_time = 1682628698250004
end_time = 1682628698251302
inclusive_time = 1298
exclusive_time = 1298
process_id = p6
operationName = MongoFindUser
serviceName = user-review-service
call path = ->/wrk2-api/review/compose_nginx->/wrk2-api/review/compose_nginx->ComposeReview_nginx->UploadMovieId_movie-id-service->UploadRating_rating-service->UploadRating_compose-review-service->UploadUserReview_user-review-service
------------------------------------------------------------------------------------
span = 8
trace_id = a8d543a57a8f37b1
span_id = cf835b0bdac0a413
parent_id = e51e62c73295f1ad
start_time = 1682628698248436
end_time = 1682628698248532
inclusive_time = 96
exclusive_time = 96
process_id = p1
operationName = MmcSetMovieId
serviceName = movie-id-service
call path = ->/wrk2-api/review/compose_nginx->/wrk2-api/review/compose_nginx->ComposeReview_nginx->UploadMovieId_movie-id-service
------------------------------------------------------------------------------------
span = 9
trace_id = a8d543a57a8f37b1
span_id = b7061a647fb3b0fd
parent_id = e51e62c73295f1ad
start_time = 1682628698248107
end_time = 1682628698248221
inclusive_time = 114
exclusive_time = 114
process_id = p1
operationName = MmcGetMovieId
serviceName = movie-id-service
call path = ->/wrk2-api/review/compose_nginx->/wrk2-api/review/compose_nginx->ComposeReview_nginx->UploadMovieId_movie-id-service
------------------------------------------------------------------------------------
