span = 0
trace_id = 7e586212d033f025
span_id = 7e586212d033f025
parent_id = None
start_time = 1682628697877000
end_time = 1682628697881555
inclusive_time = 4555
exclusive_time = 235
process_id = p4
operationName = /wrk2-api/review/compose
serviceName = nginx
------------------------------------------------------------------------------------
span = 1
trace_id = 7e586212d033f025
span_id = c221a52ef6534056
parent_id = 7e586212d033f025
start_time = 1682628697877235
end_time = 1682628697881555
inclusive_time = 4320
exclusive_time = 81
process_id = p4
operationName = /wrk2-api/review/compose
serviceName = nginx
------------------------------------------------------------------------------------
span = 2
trace_id = 7e586212d033f025
span_id = 51828d9c8e9cabc6
parent_id = c221a52ef6534056
start_time = 1682628697877268
end_time = 1682628697881507
inclusive_time = 4239
exclusive_time = 796
process_id = p4
operationName = ComposeReview
serviceName = nginx
------------------------------------------------------------------------------------
span = 3
trace_id = 7e586212d033f025
span_id = a7ec3f26522ead10
parent_id = 51828d9c8e9cabc6
start_time = 1682628697877552
end_time = 1682628697880896
inclusive_time = 3344
exclusive_time = 297
process_id = p3
operationName = UploadMovieId
serviceName = movie-id-service
------------------------------------------------------------------------------------
span = 4
trace_id = 7e586212d033f025
span_id = ffa43e5dec2fc9b3
parent_id = a7ec3f26522ead10
start_time = 1682628697877974
end_time = 1682628697880769
inclusive_time = 2795
exclusive_time = 235
process_id = p7
operationName = UploadRating
serviceName = rating-service
------------------------------------------------------------------------------------
span = 5
trace_id = 7e586212d033f025
span_id = 913c9d7715f68c23
parent_id = ffa43e5dec2fc9b3
start_time = 1682628697878181
end_time = 1682628697880637
inclusive_time = 2456
exclusive_time = 1033
process_id = p2
operationName = UploadRating
serviceName = compose-review-service
------------------------------------------------------------------------------------
span = 6
trace_id = 7e586212d033f025
span_id = 3ae57f869ec7b60b
parent_id = 913c9d7715f68c23
start_time = 1682628697879108
end_time = 1682628697880474
inclusive_time = 1366
exclusive_time = 25
process_id = p1
operationName = UploadUserReview
serviceName = user-review-service
------------------------------------------------------------------------------------
span = 7
trace_id = 7e586212d033f025
span_id = 50176cf6c96f983f
parent_id = 3ae57f869ec7b60b
start_time = 1682628697879133
end_time = 1682628697880479
inclusive_time = 1346
exclusive_time = 1346
process_id = p1
operationName = MongoFindUser
serviceName = user-review-service
------------------------------------------------------------------------------------
span = 8
trace_id = 7e586212d033f025
span_id = 32f01d1c57f1899c
parent_id = a7ec3f26522ead10
start_time = 1682628697877818
end_time = 1682628697877923
inclusive_time = 105
exclusive_time = 105
process_id = p3
operationName = MmcSetMovieId
serviceName = movie-id-service
------------------------------------------------------------------------------------
span = 9
trace_id = 7e586212d033f025
span_id = 0f5265ab178a5042
parent_id = a7ec3f26522ead10
start_time = 1682628697877569
end_time = 1682628697877682
inclusive_time = 113
exclusive_time = 113
process_id = p3
operationName = MmcGetMovieId
serviceName = movie-id-service
------------------------------------------------------------------------------------
