span = 0
trace_id = 91c008f670665d97
span_id = 91c008f670665d97
parent_id = None
start_time = 1682628698036000
end_time = 1682628698040313
inclusive_time = 4313
exclusive_time = 323
process_id = p5
operationName = /wrk2-api/review/compose
serviceName = nginx
call path = 
------------------------------------------------------------------------------------
span = 1
trace_id = 91c008f670665d97
span_id = 124d7b7ea005c861
parent_id = 91c008f670665d97
start_time = 1682628698036322
end_time = 1682628698040312
inclusive_time = 3990
exclusive_time = 88
process_id = p5
operationName = /wrk2-api/review/compose
serviceName = nginx
call path = ->/wrk2-api/review/compose_nginx
------------------------------------------------------------------------------------
span = 2
trace_id = 91c008f670665d97
span_id = af9e2c799646e219
parent_id = 124d7b7ea005c861
start_time = 1682628698036358
end_time = 1682628698040260
inclusive_time = 3902
exclusive_time = 259
process_id = p5
operationName = ComposeReview
serviceName = nginx
call path = ->/wrk2-api/review/compose_nginx->/wrk2-api/review/compose_nginx
------------------------------------------------------------------------------------
span = 3
trace_id = 91c008f670665d97
span_id = 4c26237549fb1fb1
parent_id = af9e2c799646e219
start_time = 1682628698036641
end_time = 1682628698040182
inclusive_time = 3541
exclusive_time = 281
process_id = p8
operationName = UploadMovieId
serviceName = movie-id-service
call path = ->/wrk2-api/review/compose_nginx->/wrk2-api/review/compose_nginx->ComposeReview_nginx
------------------------------------------------------------------------------------
span = 4
trace_id = 91c008f670665d97
span_id = de57d21b7c61f750
parent_id = 4c26237549fb1fb1
start_time = 1682628698037130
end_time = 1682628698040089
inclusive_time = 2959
exclusive_time = 204
process_id = p9
operationName = UploadRating
serviceName = rating-service
call path = ->/wrk2-api/review/compose_nginx->/wrk2-api/review/compose_nginx->ComposeReview_nginx->UploadMovieId_movie-id-service
------------------------------------------------------------------------------------
span = 5
trace_id = 91c008f670665d97
span_id = 1ca4b53589f18487
parent_id = de57d21b7c61f750
start_time = 1682628698037287
end_time = 1682628698039960
inclusive_time = 2673
exclusive_time = 1198
process_id = p2
operationName = UploadRating
serviceName = compose-review-service
call path = ->/wrk2-api/review/compose_nginx->/wrk2-api/review/compose_nginx->ComposeReview_nginx->UploadMovieId_movie-id-service->UploadRating_rating-service
------------------------------------------------------------------------------------
span = 6
trace_id = 91c008f670665d97
span_id = c985a7574e4d7cb0
parent_id = 1ca4b53589f18487
start_time = 1682628698038575
end_time = 1682628698039852
inclusive_time = 1277
exclusive_time = 18
process_id = p6
operationName = UploadMovieReview
serviceName = movie-review-service
call path = ->/wrk2-api/review/compose_nginx->/wrk2-api/review/compose_nginx->ComposeReview_nginx->UploadMovieId_movie-id-service->UploadRating_rating-service->UploadRating_compose-review-service
------------------------------------------------------------------------------------
span = 7
trace_id = 91c008f670665d97
span_id = 9dc7ee2bb6ad460f
parent_id = c985a7574e4d7cb0
start_time = 1682628698038593
end_time = 1682628698039856
inclusive_time = 1263
exclusive_time = 1263
process_id = p6
operationName = MongoFindMovie
serviceName = movie-review-service
call path = ->/wrk2-api/review/compose_nginx->/wrk2-api/review/compose_nginx->ComposeReview_nginx->UploadMovieId_movie-id-service->UploadRating_rating-service->UploadRating_compose-review-service->UploadMovieReview_movie-review-service
------------------------------------------------------------------------------------
span = 8
trace_id = 91c008f670665d97
span_id = 3449a9e965326c5e
parent_id = 4c26237549fb1fb1
start_time = 1682628698036911
end_time = 1682628698037000
inclusive_time = 89
exclusive_time = 89
process_id = p8
operationName = MmcSetMovieId
serviceName = movie-id-service
call path = ->/wrk2-api/review/compose_nginx->/wrk2-api/review/compose_nginx->ComposeReview_nginx->UploadMovieId_movie-id-service
------------------------------------------------------------------------------------
span = 9
trace_id = 91c008f670665d97
span_id = 32097e7351e10592
parent_id = 4c26237549fb1fb1
start_time = 1682628698036666
end_time = 1682628698036771
inclusive_time = 105
exclusive_time = 105
process_id = p8
operationName = MmcGetMovieId
serviceName = movie-id-service
call path = ->/wrk2-api/review/compose_nginx->/wrk2-api/review/compose_nginx->ComposeReview_nginx->UploadMovieId_movie-id-service
------------------------------------------------------------------------------------
