span 0
span_id = 33758648ce36d5ce
parent_id = None
start_time = 1682628698138000
end_time = 1682628698143740
inclusive_time = 5740
exclusive_time = 381
process_id = p5
operationName = /wrk2-api/review/compose
serviceName = None
------------------------------------------------------------------------------------
span 1
span_id = c5ee720c95401b8b
parent_id = 33758648ce36d5ce
start_time = 1682628698138380
end_time = 1682628698143739
inclusive_time = 5359
exclusive_time = 108
process_id = p5
operationName = /wrk2-api/review/compose
serviceName = None
------------------------------------------------------------------------------------
span 2
span_id = 6cd81abd73cbd43c
parent_id = c5ee720c95401b8b
start_time = 1682628698138424
end_time = 1682628698143675
inclusive_time = 5251
exclusive_time = 1825
process_id = p5
operationName = ComposeReview
serviceName = None
------------------------------------------------------------------------------------
span 3
span_id = b355629070c832ed
parent_id = 6cd81abd73cbd43c
start_time = 1682628698138757
end_time = 1682628698142177
inclusive_time = 3420
exclusive_time = 380
process_id = p7
operationName = UploadMovieId
serviceName = None
------------------------------------------------------------------------------------
span 4
span_id = a98f601d6605f61a
parent_id = b355629070c832ed
start_time = 1682628698139242
end_time = 1682628698142010
inclusive_time = 2768
exclusive_time = 235
process_id = p2
operationName = UploadRating
serviceName = None
------------------------------------------------------------------------------------
span 5
span_id = e197aea41624dc8e
parent_id = a98f601d6605f61a
start_time = 1682628698139504
end_time = 1682628698141905
inclusive_time = 2401
exclusive_time = 1178
process_id = p3
operationName = UploadRating
serviceName = None
------------------------------------------------------------------------------------
span 6
span_id = f27efa050617d44e
parent_id = e197aea41624dc8e
start_time = 1682628698140486
end_time = 1682628698141690
inclusive_time = 1204
exclusive_time = 19
process_id = p4
operationName = UploadMovieReview
serviceName = None
------------------------------------------------------------------------------------
span 7
span_id = eb9c30f3a64cfd3c
parent_id = f27efa050617d44e
start_time = 1682628698140505
end_time = 1682628698141698
inclusive_time = 1193
exclusive_time = 1193
process_id = p4
operationName = MongoFindMovie
serviceName = None
------------------------------------------------------------------------------------
span 8
span_id = 786bb8d47a1e1a22
parent_id = b355629070c832ed
start_time = 1682628698139039
end_time = 1682628698139156
inclusive_time = 117
exclusive_time = 117
process_id = p7
operationName = MmcSetMovieId
serviceName = None
------------------------------------------------------------------------------------
span 9
span_id = 414aafc379c64e64
parent_id = b355629070c832ed
start_time = 1682628698138780
end_time = 1682628698138872
inclusive_time = 92
exclusive_time = 92
process_id = p7
operationName = MmcGetMovieId
serviceName = None
------------------------------------------------------------------------------------
