span 0
span_id = a4178d658d6cac25
parent_id = None
start_time = 1682628698304000
end_time = 1682628698308096
inclusive_time = 4096
exclusive_time = 635
process_id = p10
operationName = /wrk2-api/review/compose
serviceName = None
------------------------------------------------------------------------------------
span 1
span_id = 0d10e8e73c54ee2d
parent_id = a4178d658d6cac25
start_time = 1682628698304635
end_time = 1682628698308096
inclusive_time = 3461
exclusive_time = 101
process_id = p10
operationName = /wrk2-api/review/compose
serviceName = None
------------------------------------------------------------------------------------
span 2
span_id = 869fff4953a8fcec
parent_id = 0d10e8e73c54ee2d
start_time = 1682628698304677
end_time = 1682628698308037
inclusive_time = 3360
exclusive_time = 269
process_id = p10
operationName = ComposeReview
serviceName = None
------------------------------------------------------------------------------------
span 3
span_id = cad6a149822b6da5
parent_id = 869fff4953a8fcec
start_time = 1682628698304973
end_time = 1682628698307953
inclusive_time = 2980
exclusive_time = 431
process_id = p3
operationName = UploadMovieId
serviceName = None
------------------------------------------------------------------------------------
span 4
span_id = 457b5f1d4b3ba9b9
parent_id = cad6a149822b6da5
start_time = 1682628698305317
end_time = 1682628698307763
inclusive_time = 2446
exclusive_time = 216
process_id = p9
operationName = UploadRating
serviceName = None
------------------------------------------------------------------------------------
span 5
span_id = da81929a882220b4
parent_id = 457b5f1d4b3ba9b9
start_time = 1682628698305561
end_time = 1682628698307647
inclusive_time = 2086
exclusive_time = 913
process_id = p2
operationName = UploadRating
serviceName = None
------------------------------------------------------------------------------------
span 6
span_id = d4c7be5ef8482184
parent_id = da81929a882220b4
start_time = 1682628698306491
end_time = 1682628698307537
inclusive_time = 1046
exclusive_time = 17
process_id = p6
operationName = UploadMovieReview
serviceName = None
------------------------------------------------------------------------------------
span 7
span_id = 12141ddfdeaaa1a3
parent_id = d4c7be5ef8482184
start_time = 1682628698306508
end_time = 1682628698307542
inclusive_time = 1034
exclusive_time = 1034
process_id = p6
operationName = MongoFindMovie
serviceName = None
------------------------------------------------------------------------------------
span 8
span_id = d2a621378687e478
parent_id = cad6a149822b6da5
start_time = 1682628698304984
end_time = 1682628698305064
inclusive_time = 80
exclusive_time = 80
process_id = p3
operationName = MmcGetMovieId
serviceName = None
------------------------------------------------------------------------------------
