span = 0
span_id = a0d3476f7e70b467
parent_id = None
start_time = 1682651853560000
end_time = 1682651853560682
inclusive_time = 682
exclusive_time = 547
process_id = p1
operationName = 
serviceName = nginx
------------------------------------------------------------------------------------
span = 1
span_id = e2b236b10857bec2
parent_id = a0d3476f7e70b467
start_time = 1682651853560590
end_time = 1682651853560682
inclusive_time = 92
exclusive_time = 92
process_id = p1
operationName = 
serviceName = nginx
------------------------------------------------------------------------------------
span = 2
span_id = 2d57a4126ce5c640
parent_id = a0d3476f7e70b467
start_time = 1682651853560484
end_time = 1682651853560527
inclusive_time = 43
exclusive_time = 43
process_id = p1
operationName = 
serviceName = nginx
------------------------------------------------------------------------------------
