span = 0
trace_id = 7e7a63cc4156ba3f
span_id = 7e7a63cc4156ba3f
parent_id = None
start_time = 1682628698250000
end_time = 1682628698255623
inclusive_time = 5623
exclusive_time = 805
process_id = p3
operationName = /wrk2-api/review/compose
serviceName = nginx
call path = 
------------------------------------------------------------------------------------
span = 1
trace_id = 7e7a63cc4156ba3f
span_id = 237e2aa5d4dd74e2
parent_id = 7e7a63cc4156ba3f
start_time = 1682628698250805
end_time = 1682628698255623
inclusive_time = 4818
exclusive_time = 182
process_id = p3
operationName = /wrk2-api/review/compose
serviceName = nginx
call path = ->/wrk2-api/review/compose_nginx
------------------------------------------------------------------------------------
span = 2
trace_id = 7e7a63cc4156ba3f
span_id = 08307b913dbfc748
parent_id = 237e2aa5d4dd74e2
start_time = 1682628698250852
end_time = 1682628698255488
inclusive_time = 4636
exclusive_time = 334
process_id = p3
operationName = ComposeReview
serviceName = nginx
call path = ->/wrk2-api/review/compose_nginx->/wrk2-api/review/compose_nginx
------------------------------------------------------------------------------------
span = 3
trace_id = 7e7a63cc4156ba3f
span_id = 0c54bdf4e6392536
parent_id = 08307b913dbfc748
start_time = 1682628698251139
end_time = 1682628698255399
inclusive_time = 4260
exclusive_time = 325
process_id = p6
operationName = UploadMovieId
serviceName = movie-id-service
call path = ->/wrk2-api/review/compose_nginx->/wrk2-api/review/compose_nginx->ComposeReview_nginx
------------------------------------------------------------------------------------
span = 4
trace_id = 7e7a63cc4156ba3f
span_id = 9aa8d03110e695df
parent_id = 0c54bdf4e6392536
start_time = 1682628698251557
end_time = 1682628698255267
inclusive_time = 3710
exclusive_time = 302
process_id = p10
operationName = UploadRating
serviceName = rating-service
call path = ->/wrk2-api/review/compose_nginx->/wrk2-api/review/compose_nginx->ComposeReview_nginx->UploadMovieId_movie-id-service
------------------------------------------------------------------------------------
span = 5
trace_id = 7e7a63cc4156ba3f
span_id = 88644e5bea363d69
parent_id = 9aa8d03110e695df
start_time = 1682628698251714
end_time = 1682628698255069
inclusive_time = 3355
exclusive_time = 936
process_id = p5
operationName = UploadRating
serviceName = compose-review-service
call path = ->/wrk2-api/review/compose_nginx->/wrk2-api/review/compose_nginx->ComposeReview_nginx->UploadMovieId_movie-id-service->UploadRating_rating-service
------------------------------------------------------------------------------------
span = 6
trace_id = 7e7a63cc4156ba3f
span_id = 6b4c013521e3adb0
parent_id = 88644e5bea363d69
start_time = 1682628698252588
end_time = 1682628698254905
inclusive_time = 2317
exclusive_time = 23
process_id = p1
operationName = UploadMovieReview
serviceName = movie-review-service
call path = ->/wrk2-api/review/compose_nginx->/wrk2-api/review/compose_nginx->ComposeReview_nginx->UploadMovieId_movie-id-service->UploadRating_rating-service->UploadRating_compose-review-service
------------------------------------------------------------------------------------
span = 7
trace_id = 7e7a63cc4156ba3f
span_id = 3c164f1018fd7299
parent_id = 6b4c013521e3adb0
start_time = 1682628698252611
end_time = 1682628698254912
inclusive_time = 2301
exclusive_time = 2301
process_id = p1
operationName = MongoFindMovie
serviceName = movie-review-service
call path = ->/wrk2-api/review/compose_nginx->/wrk2-api/review/compose_nginx->ComposeReview_nginx->UploadMovieId_movie-id-service->UploadRating_rating-service->UploadRating_compose-review-service->UploadMovieReview_movie-review-service
------------------------------------------------------------------------------------
span = 8
trace_id = 7e7a63cc4156ba3f
span_id = 10f7b8e129c09cc8
parent_id = 0c54bdf4e6392536
start_time = 1682628698251432
end_time = 1682628698251530
inclusive_time = 98
exclusive_time = 98
process_id = p6
operationName = MmcSetMovieId
serviceName = movie-id-service
call path = ->/wrk2-api/review/compose_nginx->/wrk2-api/review/compose_nginx->ComposeReview_nginx->UploadMovieId_movie-id-service
------------------------------------------------------------------------------------
span = 9
trace_id = 7e7a63cc4156ba3f
span_id = accef9be086d37f0
parent_id = 0c54bdf4e6392536
start_time = 1682628698251151
end_time = 1682628698251254
inclusive_time = 103
exclusive_time = 103
process_id = p6
operationName = MmcGetMovieId
serviceName = movie-id-service
call path = ->/wrk2-api/review/compose_nginx->/wrk2-api/review/compose_nginx->ComposeReview_nginx->UploadMovieId_movie-id-service
------------------------------------------------------------------------------------
