span 0
span_id = 107e6d9516d2c3f4
parent_id = None
start_time = 1682628697922000
end_time = 1682628697927462
inclusive_time = 5462
exclusive_time = 1054
process_id = p8
operationName = /wrk2-api/review/compose
serviceName = None
------------------------------------------------------------------------------------
span 1
span_id = f521d8d61e6a9849
parent_id = 107e6d9516d2c3f4
start_time = 1682628697923054
end_time = 1682628697927462
inclusive_time = 4408
exclusive_time = 98
process_id = p8
operationName = /wrk2-api/review/compose
serviceName = None
------------------------------------------------------------------------------------
span 2
span_id = b013e300f46ce7a9
parent_id = f521d8d61e6a9849
start_time = 1682628697923094
end_time = 1682628697927404
inclusive_time = 4310
exclusive_time = 255
process_id = p8
operationName = ComposeReview
serviceName = None
------------------------------------------------------------------------------------
span 3
span_id = ed5b4eceb5fa48c3
parent_id = b013e300f46ce7a9
start_time = 1682628697923343
end_time = 1682628697927317
inclusive_time = 3974
exclusive_time = 400
process_id = p7
operationName = UploadMovieId
serviceName = None
------------------------------------------------------------------------------------
span 4
span_id = 8b8191767e7f13f1
parent_id = ed5b4eceb5fa48c3
start_time = 1682628697923888
end_time = 1682628697927206
inclusive_time = 3318
exclusive_time = 325
process_id = p5
operationName = UploadRating
serviceName = None
------------------------------------------------------------------------------------
span 5
span_id = 968ed8486ba4a258
parent_id = 8b8191767e7f13f1
start_time = 1682628697924119
end_time = 1682628697927005
inclusive_time = 2886
exclusive_time = 1589
process_id = p4
operationName = UploadRating
serviceName = None
------------------------------------------------------------------------------------
span 6
span_id = c53827792ab729b9
parent_id = 968ed8486ba4a258
start_time = 1682628697925722
end_time = 1682628697926843
inclusive_time = 1121
exclusive_time = 26
process_id = p1
operationName = UploadMovieReview
serviceName = None
------------------------------------------------------------------------------------
span 7
span_id = 2f5a772a12b03d44
parent_id = c53827792ab729b9
start_time = 1682628697925748
end_time = 1682628697926846
inclusive_time = 1098
exclusive_time = 1098
process_id = p1
operationName = MongoFindMovie
serviceName = None
------------------------------------------------------------------------------------
span 8
span_id = eb86a0b237df95a3
parent_id = ed5b4eceb5fa48c3
start_time = 1682628697923653
end_time = 1682628697923742
inclusive_time = 89
exclusive_time = 89
process_id = p7
operationName = MmcSetMovieId
serviceName = None
------------------------------------------------------------------------------------
span 9
span_id = fa55133ff300771e
parent_id = ed5b4eceb5fa48c3
start_time = 1682628697923355
end_time = 1682628697923522
inclusive_time = 167
exclusive_time = 167
process_id = p7
operationName = MmcGetMovieId
serviceName = None
------------------------------------------------------------------------------------
