span = 0
trace_id = cd1bc59c6025dec9
span_id = cd1bc59c6025dec9
parent_id = None
start_time = 1682628698107000
end_time = 1682628698111552
inclusive_time = 4552
exclusive_time = 605
process_id = p6
operationName = /wrk2-api/review/compose
serviceName = nginx
------------------------------------------------------------------------------------
span = 1
trace_id = cd1bc59c6025dec9
span_id = c54b57b74b56b0af
parent_id = cd1bc59c6025dec9
start_time = 1682628698107605
end_time = 1682628698111552
inclusive_time = 3947
exclusive_time = 110
process_id = p6
operationName = /wrk2-api/review/compose
serviceName = nginx
------------------------------------------------------------------------------------
span = 2
trace_id = cd1bc59c6025dec9
span_id = ec0cd1f7526085ff
parent_id = c54b57b74b56b0af
start_time = 1682628698107653
end_time = 1682628698111490
inclusive_time = 3837
exclusive_time = 280
process_id = p6
operationName = ComposeReview
serviceName = nginx
------------------------------------------------------------------------------------
span = 3
trace_id = cd1bc59c6025dec9
span_id = ffecfa2fc1e4bdf9
parent_id = ec0cd1f7526085ff
start_time = 1682628698108179
end_time = 1682628698111417
inclusive_time = 3238
exclusive_time = 281
process_id = p9
operationName = UploadUniqueId
serviceName = unique-id-service
------------------------------------------------------------------------------------
span = 4
trace_id = cd1bc59c6025dec9
span_id = 098de10e0b37440e
parent_id = ffecfa2fc1e4bdf9
start_time = 1682628698108389
end_time = 1682628698111346
inclusive_time = 2957
exclusive_time = 1633
process_id = p1
operationName = UploadUniqueId
serviceName = compose-review-service
------------------------------------------------------------------------------------
span = 5
trace_id = cd1bc59c6025dec9
span_id = 275a95439b1d6453
parent_id = 098de10e0b37440e
start_time = 1682628698110136
end_time = 1682628698111182
inclusive_time = 1046
exclusive_time = 25
process_id = p7
operationName = UploadMovieReview
serviceName = movie-review-service
------------------------------------------------------------------------------------
span = 6
trace_id = cd1bc59c6025dec9
span_id = a2a17f2f241db15d
parent_id = 275a95439b1d6453
start_time = 1682628698110161
end_time = 1682628698111186
inclusive_time = 1025
exclusive_time = 1025
process_id = p7
operationName = MongoFindMovie
serviceName = movie-review-service
------------------------------------------------------------------------------------
