span = 0
span_id = fb82c64257c31864
parent_id = None
start_time = 1682628698063000
end_time = 1682628698068641
inclusive_time = 5641
exclusive_time = 2076
process_id = p7
operationName = /wrk2-api/review/compose
serviceName = nginx
------------------------------------------------------------------------------------
span = 1
span_id = 0af038b5914a1956
parent_id = fb82c64257c31864
start_time = 1682628698065075
end_time = 1682628698068640
inclusive_time = 3565
exclusive_time = 91
process_id = p7
operationName = /wrk2-api/review/compose
serviceName = nginx
------------------------------------------------------------------------------------
span = 2
span_id = 1a0c1d0801d382e7
parent_id = 0af038b5914a1956
start_time = 1682628698065113
end_time = 1682628698068587
inclusive_time = 3474
exclusive_time = 301
process_id = p7
operationName = ComposeReview
serviceName = nginx
------------------------------------------------------------------------------------
span = 3
span_id = 30df7c3db5e3bfa5
parent_id = 1a0c1d0801d382e7
start_time = 1682628698065766
end_time = 1682628698068503
inclusive_time = 2737
exclusive_time = 369
process_id = p4
operationName = UploadMovieId
serviceName = movie-id-service
------------------------------------------------------------------------------------
span = 4
span_id = 8ab3fc36fb75fb9e
parent_id = 30df7c3db5e3bfa5
start_time = 1682628698066141
end_time = 1682628698068415
inclusive_time = 2274
exclusive_time = 1199
process_id = p2
operationName = UploadMovieId
serviceName = compose-review-service
------------------------------------------------------------------------------------
span = 5
span_id = 9034a172e40bc81c
parent_id = 8ab3fc36fb75fb9e
start_time = 1682628698067236
end_time = 1682628698068277
inclusive_time = 1041
exclusive_time = 16
process_id = p1
operationName = UploadMovieReview
serviceName = movie-review-service
------------------------------------------------------------------------------------
span = 6
span_id = f775eb4849f74da8
parent_id = 9034a172e40bc81c
start_time = 1682628698067252
end_time = 1682628698068279
inclusive_time = 1027
exclusive_time = 1027
process_id = p1
operationName = MongoFindMovie
serviceName = movie-review-service
------------------------------------------------------------------------------------
span = 7
span_id = 4c480eed8ee76c24
parent_id = 30df7c3db5e3bfa5
start_time = 1682628698065788
end_time = 1682628698065876
inclusive_time = 88
exclusive_time = 88
process_id = p4
operationName = MmcGetMovieId
serviceName = movie-id-service
------------------------------------------------------------------------------------
