span = 0
trace_id = 674ff31c2e64b724
span_id = 674ff31c2e64b724
parent_id = None
start_time = 1682628698035000
end_time = 1682628698039684
inclusive_time = 4684
exclusive_time = 756
process_id = p9
operationName = /wrk2-api/review/compose
serviceName = nginx
------------------------------------------------------------------------------------
span = 1
trace_id = 674ff31c2e64b724
span_id = 0473b26fda5189f6
parent_id = 674ff31c2e64b724
start_time = 1682628698035756
end_time = 1682628698039684
inclusive_time = 3928
exclusive_time = 93
process_id = p9
operationName = /wrk2-api/review/compose
serviceName = nginx
------------------------------------------------------------------------------------
span = 2
trace_id = 674ff31c2e64b724
span_id = d403fcd49a5253a7
parent_id = 0473b26fda5189f6
start_time = 1682628698035790
end_time = 1682628698039625
inclusive_time = 3835
exclusive_time = 367
process_id = p9
operationName = ComposeReview
serviceName = nginx
------------------------------------------------------------------------------------
span = 3
trace_id = 674ff31c2e64b724
span_id = f19ffe3e3f4bacea
parent_id = d403fcd49a5253a7
start_time = 1682628698036057
end_time = 1682628698039525
inclusive_time = 3468
exclusive_time = 364
process_id = p7
operationName = UploadMovieId
serviceName = movie-id-service
------------------------------------------------------------------------------------
span = 4
trace_id = 674ff31c2e64b724
span_id = 06093b74c733b39f
parent_id = f19ffe3e3f4bacea
start_time = 1682628698036559
end_time = 1682628698039396
inclusive_time = 2837
exclusive_time = 832
process_id = p8
operationName = UploadRating
serviceName = rating-service
------------------------------------------------------------------------------------
span = 5
trace_id = 674ff31c2e64b724
span_id = 29036607e76d5e5c
parent_id = 06093b74c733b39f
start_time = 1682628698037245
end_time = 1682628698039250
inclusive_time = 2005
exclusive_time = 796
process_id = p2
operationName = UploadRating
serviceName = compose-review-service
------------------------------------------------------------------------------------
span = 6
trace_id = 674ff31c2e64b724
span_id = ffc9b48e30110c37
parent_id = 29036607e76d5e5c
start_time = 1682628698037988
end_time = 1682628698039102
inclusive_time = 1114
exclusive_time = 27
process_id = p5
operationName = UploadMovieReview
serviceName = movie-review-service
------------------------------------------------------------------------------------
span = 7
trace_id = 674ff31c2e64b724
span_id = 48abb093496f9b9b
parent_id = ffc9b48e30110c37
start_time = 1682628698038015
end_time = 1682628698039107
inclusive_time = 1092
exclusive_time = 1092
process_id = p5
operationName = MongoFindMovie
serviceName = movie-review-service
------------------------------------------------------------------------------------
span = 8
trace_id = 674ff31c2e64b724
span_id = befbc4662c833aa4
parent_id = f19ffe3e3f4bacea
start_time = 1682628698036319
end_time = 1682628698036409
inclusive_time = 90
exclusive_time = 90
process_id = p7
operationName = MmcSetMovieId
serviceName = movie-id-service
------------------------------------------------------------------------------------
span = 9
trace_id = 674ff31c2e64b724
span_id = 58481d4ce3d27957
parent_id = f19ffe3e3f4bacea
start_time = 1682628698036075
end_time = 1682628698036170
inclusive_time = 95
exclusive_time = 95
process_id = p7
operationName = MmcGetMovieId
serviceName = movie-id-service
------------------------------------------------------------------------------------
