span = 0
trace_id = 7163e8146f1c8f68
span_id = 7163e8146f1c8f68
parent_id = None
start_time = 1682628698152000
end_time = 1682628698157253
inclusive_time = 5253
exclusive_time = 454
process_id = p4
operationName = /wrk2-api/review/compose
serviceName = nginx
------------------------------------------------------------------------------------
span = 1
trace_id = 7163e8146f1c8f68
span_id = 09b36390864715c6
parent_id = 7163e8146f1c8f68
start_time = 1682628698152453
end_time = 1682628698157252
inclusive_time = 4799
exclusive_time = 96
process_id = p4
operationName = /wrk2-api/review/compose
serviceName = nginx
------------------------------------------------------------------------------------
span = 2
trace_id = 7163e8146f1c8f68
span_id = 7e6970e6f334d2d7
parent_id = 09b36390864715c6
start_time = 1682628698152499
end_time = 1682628698157202
inclusive_time = 4703
exclusive_time = 455
process_id = p4
operationName = ComposeReview
serviceName = nginx
------------------------------------------------------------------------------------
span = 3
trace_id = 7163e8146f1c8f68
span_id = 3180bdbebcf63980
parent_id = 7e6970e6f334d2d7
start_time = 1682628698152800
end_time = 1682628698156931
inclusive_time = 4131
exclusive_time = 857
process_id = p7
operationName = UploadMovieId
serviceName = movie-id-service
------------------------------------------------------------------------------------
span = 4
trace_id = 7163e8146f1c8f68
span_id = 02502044442b37df
parent_id = 3180bdbebcf63980
start_time = 1682628698153809
end_time = 1682628698156729
inclusive_time = 2920
exclusive_time = 350
process_id = p1
operationName = UploadRating
serviceName = rating-service
------------------------------------------------------------------------------------
span = 5
trace_id = 7163e8146f1c8f68
span_id = d26b22834bdcc491
parent_id = 02502044442b37df
start_time = 1682628698153996
end_time = 1682628698156566
inclusive_time = 2570
exclusive_time = 1053
process_id = p2
operationName = UploadRating
serviceName = compose-review-service
------------------------------------------------------------------------------------
span = 6
trace_id = 7163e8146f1c8f68
span_id = 6829f538d919ccef
parent_id = d26b22834bdcc491
start_time = 1682628698154885
end_time = 1682628698156314
inclusive_time = 1429
exclusive_time = 27
process_id = p6
operationName = UploadUserReview
serviceName = user-review-service
------------------------------------------------------------------------------------
span = 7
trace_id = 7163e8146f1c8f68
span_id = 0a14e0152527ec43
parent_id = 6829f538d919ccef
start_time = 1682628698154912
end_time = 1682628698156317
inclusive_time = 1405
exclusive_time = 1405
process_id = p6
operationName = MongoFindUser
serviceName = user-review-service
------------------------------------------------------------------------------------
span = 8
trace_id = 7163e8146f1c8f68
span_id = f23ae52275c66be8
parent_id = 3180bdbebcf63980
start_time = 1682628698153195
end_time = 1682628698153447
inclusive_time = 252
exclusive_time = 252
process_id = p7
operationName = MmcSetMovieId
serviceName = movie-id-service
------------------------------------------------------------------------------------
span = 9
trace_id = 7163e8146f1c8f68
span_id = 6e2a3842a440269f
parent_id = 3180bdbebcf63980
start_time = 1682628698152819
end_time = 1682628698152913
inclusive_time = 94
exclusive_time = 94
process_id = p7
operationName = MmcGetMovieId
serviceName = movie-id-service
------------------------------------------------------------------------------------
