span = 0
trace_id = c7d85e6335f19427
span_id = c7d85e6335f19427
parent_id = None
start_time = 1682628697970000
end_time = 1682628697974857
inclusive_time = 4857
exclusive_time = 488
process_id = p6
operationName = /wrk2-api/review/compose
serviceName = nginx
call path = 
------------------------------------------------------------------------------------
span = 1
trace_id = c7d85e6335f19427
span_id = 1ffe8c1ae2a3eb4a
parent_id = c7d85e6335f19427
start_time = 1682628697970488
end_time = 1682628697974857
inclusive_time = 4369
exclusive_time = 106
process_id = p6
operationName = /wrk2-api/review/compose
serviceName = nginx
call path = ->/wrk2-api/review/compose_nginx
------------------------------------------------------------------------------------
span = 2
trace_id = c7d85e6335f19427
span_id = e4f24b69c77fa6c3
parent_id = 1ffe8c1ae2a3eb4a
start_time = 1682628697970524
end_time = 1682628697974787
inclusive_time = 4263
exclusive_time = 289
process_id = p6
operationName = ComposeReview
serviceName = nginx
call path = ->/wrk2-api/review/compose_nginx->/wrk2-api/review/compose_nginx
------------------------------------------------------------------------------------
span = 3
trace_id = c7d85e6335f19427
span_id = 530b9794a4cdaedc
parent_id = e4f24b69c77fa6c3
start_time = 1682628697970852
end_time = 1682628697974714
inclusive_time = 3862
exclusive_time = 424
process_id = p5
operationName = UploadMovieId
serviceName = movie-id-service
call path = ->/wrk2-api/review/compose_nginx->/wrk2-api/review/compose_nginx->ComposeReview_nginx
------------------------------------------------------------------------------------
span = 4
trace_id = c7d85e6335f19427
span_id = b70e68dff88f43fe
parent_id = 530b9794a4cdaedc
start_time = 1682628697971474
end_time = 1682628697974547
inclusive_time = 3073
exclusive_time = 275
process_id = p2
operationName = UploadRating
serviceName = rating-service
call path = ->/wrk2-api/review/compose_nginx->/wrk2-api/review/compose_nginx->ComposeReview_nginx->UploadMovieId_movie-id-service
------------------------------------------------------------------------------------
span = 5
trace_id = c7d85e6335f19427
span_id = d86ec1c082142acc
parent_id = b70e68dff88f43fe
start_time = 1682628697971706
end_time = 1682628697974402
inclusive_time = 2696
exclusive_time = 1449
process_id = p1
operationName = UploadRating
serviceName = compose-review-service
call path = ->/wrk2-api/review/compose_nginx->/wrk2-api/review/compose_nginx->ComposeReview_nginx->UploadMovieId_movie-id-service->UploadRating_rating-service
------------------------------------------------------------------------------------
span = 6
trace_id = c7d85e6335f19427
span_id = 616eea16b0c3d89d
parent_id = d86ec1c082142acc
start_time = 1682628697972995
end_time = 1682628697974133
inclusive_time = 1138
exclusive_time = 25
process_id = p8
operationName = UploadUserReview
serviceName = user-review-service
call path = ->/wrk2-api/review/compose_nginx->/wrk2-api/review/compose_nginx->ComposeReview_nginx->UploadMovieId_movie-id-service->UploadRating_rating-service->UploadRating_compose-review-service
------------------------------------------------------------------------------------
span = 7
trace_id = c7d85e6335f19427
span_id = e0a7f6539afea40d
parent_id = 616eea16b0c3d89d
start_time = 1682628697973020
end_time = 1682628697974136
inclusive_time = 1116
exclusive_time = 1116
process_id = p8
operationName = MongoFindUser
serviceName = user-review-service
call path = ->/wrk2-api/review/compose_nginx->/wrk2-api/review/compose_nginx->ComposeReview_nginx->UploadMovieId_movie-id-service->UploadRating_rating-service->UploadRating_compose-review-service->UploadUserReview_user-review-service
------------------------------------------------------------------------------------
span = 8
trace_id = c7d85e6335f19427
span_id = 2672e6f00e9fad13
parent_id = 530b9794a4cdaedc
start_time = 1682628697970863
end_time = 1682628697971063
inclusive_time = 200
exclusive_time = 200
process_id = p5
operationName = MmcGetMovieId
serviceName = movie-id-service
call path = ->/wrk2-api/review/compose_nginx->/wrk2-api/review/compose_nginx->ComposeReview_nginx->UploadMovieId_movie-id-service
------------------------------------------------------------------------------------
