span 0
span_id = 14a59ea26dbeebae
parent_id = None
start_time = 1682628698148000
end_time = 1682628698152441
inclusive_time = 4441
exclusive_time = 295
process_id = p2
operationName = /wrk2-api/review/compose
serviceName = None
------------------------------------------------------------------------------------
span 1
span_id = 6324fb386a47f18d
parent_id = 14a59ea26dbeebae
start_time = 1682628698148294
end_time = 1682628698152440
inclusive_time = 4146
exclusive_time = 107
process_id = p2
operationName = /wrk2-api/review/compose
serviceName = None
------------------------------------------------------------------------------------
span 2
span_id = 607023026a5ad033
parent_id = 6324fb386a47f18d
start_time = 1682628698148336
end_time = 1682628698152375
inclusive_time = 4039
exclusive_time = 266
process_id = p2
operationName = ComposeReview
serviceName = None
------------------------------------------------------------------------------------
span 3
span_id = c1f50bd5a8626127
parent_id = 607023026a5ad033
start_time = 1682628698148618
end_time = 1682628698152287
inclusive_time = 3669
exclusive_time = 449
process_id = p7
operationName = UploadMovieId
serviceName = None
------------------------------------------------------------------------------------
span 4
span_id = 732d5822d2654116
parent_id = c1f50bd5a8626127
start_time = 1682628698149044
end_time = 1682628698152081
inclusive_time = 3037
exclusive_time = 232
process_id = p1
operationName = UploadRating
serviceName = None
------------------------------------------------------------------------------------
span 5
span_id = e163e70a112a897a
parent_id = 732d5822d2654116
start_time = 1682628698149264
end_time = 1682628698151950
inclusive_time = 2686
exclusive_time = 1226
process_id = p3
operationName = UploadRating
serviceName = None
------------------------------------------------------------------------------------
span 6
span_id = 7c3afaf90ccbf61f
parent_id = e163e70a112a897a
start_time = 1682628698150469
end_time = 1682628698151821
inclusive_time = 1352
exclusive_time = 27
process_id = p4
operationName = UploadMovieReview
serviceName = None
------------------------------------------------------------------------------------
span 7
span_id = 1f4fb0c80154c134
parent_id = 7c3afaf90ccbf61f
start_time = 1682628698150496
end_time = 1682628698151832
inclusive_time = 1336
exclusive_time = 1336
process_id = p4
operationName = MongoFindMovie
serviceName = None
------------------------------------------------------------------------------------
span 8
span_id = b3bd15404039a2cb
parent_id = c1f50bd5a8626127
start_time = 1682628698148631
end_time = 1682628698148722
inclusive_time = 91
exclusive_time = 91
process_id = p7
operationName = MmcGetMovieId
serviceName = None
------------------------------------------------------------------------------------
