span 0
span_id = fd6d32e9af465a14
parent_id = None
start_time = 1682628698273000
end_time = 1682628698277752
inclusive_time = 4752
exclusive_time = 714
process_id = p2
operationName = /wrk2-api/review/compose
serviceName = None
------------------------------------------------------------------------------------
span 1
span_id = 9201d88dc43bf8db
parent_id = fd6d32e9af465a14
start_time = 1682628698273713
end_time = 1682628698277751
inclusive_time = 4038
exclusive_time = 91
process_id = p2
operationName = /wrk2-api/review/compose
serviceName = None
------------------------------------------------------------------------------------
span 2
span_id = f6e29caa359f6747
parent_id = 9201d88dc43bf8db
start_time = 1682628698273762
end_time = 1682628698277709
inclusive_time = 3947
exclusive_time = 360
process_id = p2
operationName = ComposeReview
serviceName = None
------------------------------------------------------------------------------------
span 3
span_id = d2ab6e6a162ed51d
parent_id = f6e29caa359f6747
start_time = 1682628698274032
end_time = 1682628698277524
inclusive_time = 3492
exclusive_time = 376
process_id = p5
operationName = UploadMovieId
serviceName = None
------------------------------------------------------------------------------------
span 4
span_id = bc73e34f33f70328
parent_id = d2ab6e6a162ed51d
start_time = 1682628698274478
end_time = 1682628698277407
inclusive_time = 2929
exclusive_time = 1334
process_id = p4
operationName = UploadMovieId
serviceName = None
------------------------------------------------------------------------------------
span 5
span_id = 70f1ed955883f172
parent_id = bc73e34f33f70328
start_time = 1682628698275667
end_time = 1682628698277215
inclusive_time = 1548
exclusive_time = 30
process_id = p8
operationName = UploadMovieReview
serviceName = None
------------------------------------------------------------------------------------
span 6
span_id = d6ccbd333aa185a4
parent_id = 70f1ed955883f172
start_time = 1682628698275697
end_time = 1682628698277270
inclusive_time = 1573
exclusive_time = 1573
process_id = p8
operationName = MongoFindMovie
serviceName = None
------------------------------------------------------------------------------------
span 7
span_id = 47c18e9c04446428
parent_id = d2ab6e6a162ed51d
start_time = 1682628698274315
end_time = 1682628698274407
inclusive_time = 92
exclusive_time = 92
process_id = p5
operationName = MmcSetMovieId
serviceName = None
------------------------------------------------------------------------------------
span 8
span_id = 4d8cf2186e4ba75c
parent_id = d2ab6e6a162ed51d
start_time = 1682628698274055
end_time = 1682628698274150
inclusive_time = 95
exclusive_time = 95
process_id = p5
operationName = MmcGetMovieId
serviceName = None
------------------------------------------------------------------------------------
