span 0
span_id = 96e086325540eed8
parent_id = None
start_time = 1682628698241000
end_time = 1682628698245796
inclusive_time = 4796
exclusive_time = 955
process_id = p5
operationName = /wrk2-api/review/compose
serviceName = None
------------------------------------------------------------------------------------
span 1
span_id = d9c0a40b36908779
parent_id = 96e086325540eed8
start_time = 1682628698241954
end_time = 1682628698245795
inclusive_time = 3841
exclusive_time = 94
process_id = p5
operationName = /wrk2-api/review/compose
serviceName = None
------------------------------------------------------------------------------------
span 2
span_id = d3ce501e7982e1f6
parent_id = d9c0a40b36908779
start_time = 1682628698241993
end_time = 1682628698245740
inclusive_time = 3747
exclusive_time = 668
process_id = p5
operationName = ComposeReview
serviceName = None
------------------------------------------------------------------------------------
span 3
span_id = 9373b7b40303b9e6
parent_id = d3ce501e7982e1f6
start_time = 1682628698242285
end_time = 1682628698245257
inclusive_time = 2972
exclusive_time = 355
process_id = p1
operationName = UploadMovieId
serviceName = None
------------------------------------------------------------------------------------
span 4
span_id = ff451e88f6dcc2fc
parent_id = 9373b7b40303b9e6
start_time = 1682628698242749
end_time = 1682628698245163
inclusive_time = 2414
exclusive_time = 214
process_id = p10
operationName = UploadRating
serviceName = None
------------------------------------------------------------------------------------
span 5
span_id = 9b753ce8674bb930
parent_id = ff451e88f6dcc2fc
start_time = 1682628698242903
end_time = 1682628698245053
inclusive_time = 2150
exclusive_time = 972
process_id = p2
operationName = UploadRating
serviceName = None
------------------------------------------------------------------------------------
span 6
span_id = ddee4800341d81e5
parent_id = 9b753ce8674bb930
start_time = 1682628698243819
end_time = 1682628698244855
inclusive_time = 1036
exclusive_time = 17
process_id = p3
operationName = UploadMovieReview
serviceName = None
------------------------------------------------------------------------------------
span 7
span_id = 70d3e124ab199d72
parent_id = ddee4800341d81e5
start_time = 1682628698243836
end_time = 1682628698244894
inclusive_time = 1058
exclusive_time = 1058
process_id = p3
operationName = MongoFindMovie
serviceName = None
------------------------------------------------------------------------------------
span 8
span_id = d137f11830c4c730
parent_id = 9373b7b40303b9e6
start_time = 1682628698242566
end_time = 1682628698242659
inclusive_time = 93
exclusive_time = 93
process_id = p1
operationName = MmcSetMovieId
serviceName = None
------------------------------------------------------------------------------------
span 9
span_id = cefa9e89b12e2e8f
parent_id = 9373b7b40303b9e6
start_time = 1682628698242308
end_time = 1682628698242418
inclusive_time = 110
exclusive_time = 110
process_id = p1
operationName = MmcGetMovieId
serviceName = None
------------------------------------------------------------------------------------
