span = 0
trace_id = 2dd1784806fcdd8f
span_id = 2dd1784806fcdd8f
parent_id = None
start_time = 1682628698087000
end_time = 1682628698091934
inclusive_time = 4934
exclusive_time = 945
process_id = p7
operationName = /wrk2-api/review/compose
serviceName = nginx
call path = 
------------------------------------------------------------------------------------
span = 1
trace_id = 2dd1784806fcdd8f
span_id = 2a5d19bee90c46d7
parent_id = 2dd1784806fcdd8f
start_time = 1682628698087944
end_time = 1682628698091933
inclusive_time = 3989
exclusive_time = 93
process_id = p7
operationName = /wrk2-api/review/compose
serviceName = nginx
call path = ->/wrk2-api/review/compose_nginx
------------------------------------------------------------------------------------
span = 2
trace_id = 2dd1784806fcdd8f
span_id = 6949d6fd7b4ca4e3
parent_id = 2a5d19bee90c46d7
start_time = 1682628698087981
end_time = 1682628698091877
inclusive_time = 3896
exclusive_time = 246
process_id = p7
operationName = ComposeReview
serviceName = nginx
call path = ->/wrk2-api/review/compose_nginx->/wrk2-api/review/compose_nginx
------------------------------------------------------------------------------------
span = 3
trace_id = 2dd1784806fcdd8f
span_id = b6d4854ac2dda75f
parent_id = 6949d6fd7b4ca4e3
start_time = 1682628698089259
end_time = 1682628698091797
inclusive_time = 2538
exclusive_time = 203
process_id = p9
operationName = UploadUniqueId
serviceName = unique-id-service
call path = ->/wrk2-api/review/compose_nginx->/wrk2-api/review/compose_nginx->ComposeReview_nginx
------------------------------------------------------------------------------------
span = 4
trace_id = 2dd1784806fcdd8f
span_id = bf24e46147176b39
parent_id = b6d4854ac2dda75f
start_time = 1682628698089404
end_time = 1682628698091739
inclusive_time = 2335
exclusive_time = 995
process_id = p2
operationName = UploadUniqueId
serviceName = compose-review-service
call path = ->/wrk2-api/review/compose_nginx->/wrk2-api/review/compose_nginx->ComposeReview_nginx->UploadUniqueId_unique-id-service
------------------------------------------------------------------------------------
span = 5
trace_id = 2dd1784806fcdd8f
span_id = fe623b5705e02659
parent_id = bf24e46147176b39
start_time = 1682628698090413
end_time = 1682628698091596
inclusive_time = 1183
exclusive_time = 19
process_id = p5
operationName = UploadUserReview
serviceName = user-review-service
call path = ->/wrk2-api/review/compose_nginx->/wrk2-api/review/compose_nginx->ComposeReview_nginx->UploadUniqueId_unique-id-service->UploadUniqueId_compose-review-service
------------------------------------------------------------------------------------
span = 6
trace_id = 2dd1784806fcdd8f
span_id = c4c917f0044a7e0f
parent_id = fe623b5705e02659
start_time = 1682628698090432
end_time = 1682628698091601
inclusive_time = 1169
exclusive_time = 1169
process_id = p5
operationName = MongoFindUser
serviceName = user-review-service
call path = ->/wrk2-api/review/compose_nginx->/wrk2-api/review/compose_nginx->ComposeReview_nginx->UploadUniqueId_unique-id-service->UploadUniqueId_compose-review-service->UploadUserReview_user-review-service
------------------------------------------------------------------------------------
span = 7
trace_id = 2dd1784806fcdd8f
span_id = b0bc546e76d4ecc7
parent_id = 6949d6fd7b4ca4e3
start_time = 1682628698088147
end_time = 1682628698088868
inclusive_time = 721
exclusive_time = 286
process_id = p3
operationName = UploadUserWithUsername
serviceName = user-service
call path = ->/wrk2-api/review/compose_nginx->/wrk2-api/review/compose_nginx->ComposeReview_nginx
------------------------------------------------------------------------------------
span = 8
trace_id = 2dd1784806fcdd8f
span_id = cc10ff21fd599ff5
parent_id = b0bc546e76d4ecc7
start_time = 1682628698088410
end_time = 1682628698088752
inclusive_time = 342
exclusive_time = 342
process_id = p2
operationName = UploadUserId
serviceName = compose-review-service
call path = ->/wrk2-api/review/compose_nginx->/wrk2-api/review/compose_nginx->ComposeReview_nginx->UploadUserWithUsername_user-service
------------------------------------------------------------------------------------
span = 9
trace_id = 2dd1784806fcdd8f
span_id = 2b844be5116545d8
parent_id = b0bc546e76d4ecc7
start_time = 1682628698088166
end_time = 1682628698088259
inclusive_time = 93
exclusive_time = 93
process_id = p3
operationName = MmcGetUserId
serviceName = user-service
call path = ->/wrk2-api/review/compose_nginx->/wrk2-api/review/compose_nginx->ComposeReview_nginx->UploadUserWithUsername_user-service
------------------------------------------------------------------------------------
