span = 0
trace_id = a5a95570b1236bb6
span_id = a5a95570b1236bb6
parent_id = None
start_time = 1682628698139000
end_time = 1682628698143946
inclusive_time = 4946
exclusive_time = 559
process_id = p2
operationName = /wrk2-api/review/compose
serviceName = nginx
------------------------------------------------------------------------------------
span = 1
trace_id = a5a95570b1236bb6
span_id = 363903c0b3e7ab3b
parent_id = a5a95570b1236bb6
start_time = 1682628698139558
end_time = 1682628698143945
inclusive_time = 4387
exclusive_time = 98
process_id = p2
operationName = /wrk2-api/review/compose
serviceName = nginx
------------------------------------------------------------------------------------
span = 2
trace_id = a5a95570b1236bb6
span_id = b5f5b0669959124d
parent_id = 363903c0b3e7ab3b
start_time = 1682628698139605
end_time = 1682628698143894
inclusive_time = 4289
exclusive_time = 269
process_id = p2
operationName = ComposeReview
serviceName = nginx
------------------------------------------------------------------------------------
span = 3
trace_id = a5a95570b1236bb6
span_id = 9189201877a2f5aa
parent_id = b5f5b0669959124d
start_time = 1682628698139954
end_time = 1682628698143826
inclusive_time = 3872
exclusive_time = 317
process_id = p7
operationName = UploadMovieId
serviceName = movie-id-service
------------------------------------------------------------------------------------
span = 4
trace_id = a5a95570b1236bb6
span_id = 088d4c24ed2af7d4
parent_id = 9189201877a2f5aa
start_time = 1682628698140620
end_time = 1682628698143707
inclusive_time = 3087
exclusive_time = 205
process_id = p1
operationName = UploadRating
serviceName = rating-service
------------------------------------------------------------------------------------
span = 5
trace_id = a5a95570b1236bb6
span_id = 0e6ea324b70a6622
parent_id = 088d4c24ed2af7d4
start_time = 1682628698140778
end_time = 1682628698143602
inclusive_time = 2824
exclusive_time = 1173
process_id = p3
operationName = UploadRating
serviceName = compose-review-service
------------------------------------------------------------------------------------
span = 6
trace_id = a5a95570b1236bb6
span_id = ff2d608285ee1a66
parent_id = 0e6ea324b70a6622
start_time = 1682628698141748
end_time = 1682628698143399
inclusive_time = 1651
exclusive_time = 18
process_id = p6
operationName = UploadUserReview
serviceName = user-review-service
------------------------------------------------------------------------------------
span = 7
trace_id = a5a95570b1236bb6
span_id = cc54354702ba2a2c
parent_id = ff2d608285ee1a66
start_time = 1682628698141766
end_time = 1682628698143410
inclusive_time = 1644
exclusive_time = 1644
process_id = p6
operationName = MongoFindUser
serviceName = user-review-service
------------------------------------------------------------------------------------
span = 8
trace_id = a5a95570b1236bb6
span_id = 6e6c72cdea90a3a7
parent_id = 9189201877a2f5aa
start_time = 1682628698140300
end_time = 1682628698140424
inclusive_time = 124
exclusive_time = 124
process_id = p7
operationName = MmcSetMovieId
serviceName = movie-id-service
------------------------------------------------------------------------------------
span = 9
trace_id = a5a95570b1236bb6
span_id = 23294957fd49fe78
parent_id = 9189201877a2f5aa
start_time = 1682628698139972
end_time = 1682628698140141
inclusive_time = 169
exclusive_time = 169
process_id = p7
operationName = MmcGetMovieId
serviceName = movie-id-service
------------------------------------------------------------------------------------
