span = 0
trace_id = 3d72235bbbcfa092
span_id = 3d72235bbbcfa092
parent_id = None
start_time = 1682628698168000
end_time = 1682628698174458
inclusive_time = 6458
exclusive_time = 696
process_id = p7
operationName = /wrk2-api/review/compose
serviceName = nginx
call path = 
------------------------------------------------------------------------------------
span = 1
trace_id = 3d72235bbbcfa092
span_id = 63cbd5f65c038fdd
parent_id = 3d72235bbbcfa092
start_time = 1682628698168696
end_time = 1682628698174458
inclusive_time = 5762
exclusive_time = 88
process_id = p7
operationName = /wrk2-api/review/compose
serviceName = nginx
call path = ->/wrk2-api/review/compose_nginx
------------------------------------------------------------------------------------
span = 2
trace_id = 3d72235bbbcfa092
span_id = aa8f77c88cfc3469
parent_id = 63cbd5f65c038fdd
start_time = 1682628698168736
end_time = 1682628698174410
inclusive_time = 5674
exclusive_time = 467
process_id = p7
operationName = ComposeReview
serviceName = nginx
call path = ->/wrk2-api/review/compose_nginx->/wrk2-api/review/compose_nginx
------------------------------------------------------------------------------------
span = 3
trace_id = 3d72235bbbcfa092
span_id = 20e25fa797b1b4f0
parent_id = aa8f77c88cfc3469
start_time = 1682628698169059
end_time = 1682628698174157
inclusive_time = 5098
exclusive_time = 1568
process_id = p5
operationName = UploadMovieId
serviceName = movie-id-service
call path = ->/wrk2-api/review/compose_nginx->/wrk2-api/review/compose_nginx->ComposeReview_nginx
------------------------------------------------------------------------------------
span = 4
trace_id = 3d72235bbbcfa092
span_id = 50840d75b0c952a8
parent_id = 20e25fa797b1b4f0
start_time = 1682628698171314
end_time = 1682628698174041
inclusive_time = 2727
exclusive_time = 240
process_id = p10
operationName = UploadRating
serviceName = rating-service
call path = ->/wrk2-api/review/compose_nginx->/wrk2-api/review/compose_nginx->ComposeReview_nginx->UploadMovieId_movie-id-service
------------------------------------------------------------------------------------
span = 5
trace_id = 3d72235bbbcfa092
span_id = 10227f04ebfb2529
parent_id = 50840d75b0c952a8
start_time = 1682628698171500
end_time = 1682628698173923
inclusive_time = 2423
exclusive_time = 1191
process_id = p1
operationName = UploadRating
serviceName = compose-review-service
call path = ->/wrk2-api/review/compose_nginx->/wrk2-api/review/compose_nginx->ComposeReview_nginx->UploadMovieId_movie-id-service->UploadRating_rating-service
------------------------------------------------------------------------------------
span = 6
trace_id = 3d72235bbbcfa092
span_id = 767d39276a43b014
parent_id = 10227f04ebfb2529
start_time = 1682628698172613
end_time = 1682628698173677
inclusive_time = 1064
exclusive_time = 23
process_id = p2
operationName = UploadMovieReview
serviceName = movie-review-service
call path = ->/wrk2-api/review/compose_nginx->/wrk2-api/review/compose_nginx->ComposeReview_nginx->UploadMovieId_movie-id-service->UploadRating_rating-service->UploadRating_compose-review-service
------------------------------------------------------------------------------------
span = 7
trace_id = 3d72235bbbcfa092
span_id = 16fe9aac70e76cc2
parent_id = 767d39276a43b014
start_time = 1682628698172636
end_time = 1682628698173682
inclusive_time = 1046
exclusive_time = 1046
process_id = p2
operationName = MongoFindMovie
serviceName = movie-review-service
call path = ->/wrk2-api/review/compose_nginx->/wrk2-api/review/compose_nginx->ComposeReview_nginx->UploadMovieId_movie-id-service->UploadRating_rating-service->UploadRating_compose-review-service->UploadMovieReview_movie-review-service
------------------------------------------------------------------------------------
span = 8
trace_id = 3d72235bbbcfa092
span_id = 7f1909dad9abf5cf
parent_id = 20e25fa797b1b4f0
start_time = 1682628698169512
end_time = 1682628698170139
inclusive_time = 627
exclusive_time = 627
process_id = p1
operationName = UploadMovieId
serviceName = compose-review-service
call path = ->/wrk2-api/review/compose_nginx->/wrk2-api/review/compose_nginx->ComposeReview_nginx->UploadMovieId_movie-id-service
------------------------------------------------------------------------------------
span = 9
trace_id = 3d72235bbbcfa092
span_id = 76efd64485972ba8
parent_id = 20e25fa797b1b4f0
start_time = 1682628698169391
end_time = 1682628698169488
inclusive_time = 97
exclusive_time = 97
process_id = p5
operationName = MmcSetMovieId
serviceName = movie-id-service
call path = ->/wrk2-api/review/compose_nginx->/wrk2-api/review/compose_nginx->ComposeReview_nginx->UploadMovieId_movie-id-service
------------------------------------------------------------------------------------
span = 10
trace_id = 3d72235bbbcfa092
span_id = 715841ff785b7f88
parent_id = 20e25fa797b1b4f0
start_time = 1682628698169077
end_time = 1682628698169156
inclusive_time = 79
exclusive_time = 79
process_id = p5
operationName = MmcGetMovieId
serviceName = movie-id-service
call path = ->/wrk2-api/review/compose_nginx->/wrk2-api/review/compose_nginx->ComposeReview_nginx->UploadMovieId_movie-id-service
------------------------------------------------------------------------------------
