span = 0
trace_id = f28c016bad7a612e
span_id = f28c016bad7a612e
parent_id = None
start_time = 1682628698035000
end_time = 1682628698039397
inclusive_time = 4397
exclusive_time = 580
process_id = p5
operationName = /wrk2-api/review/compose
serviceName = nginx
------------------------------------------------------------------------------------
span = 1
trace_id = f28c016bad7a612e
span_id = 4599737b9c228cdc
parent_id = f28c016bad7a612e
start_time = 1682628698035580
end_time = 1682628698039397
inclusive_time = 3817
exclusive_time = 101
process_id = p5
operationName = /wrk2-api/review/compose
serviceName = nginx
------------------------------------------------------------------------------------
span = 2
trace_id = f28c016bad7a612e
span_id = 487528d7322ff84e
parent_id = 4599737b9c228cdc
start_time = 1682628698035629
end_time = 1682628698039345
inclusive_time = 3716
exclusive_time = 294
process_id = p5
operationName = ComposeReview
serviceName = nginx
------------------------------------------------------------------------------------
span = 3
trace_id = f28c016bad7a612e
span_id = 11ddf28d091fab72
parent_id = 487528d7322ff84e
start_time = 1682628698035943
end_time = 1682628698039248
inclusive_time = 3305
exclusive_time = 507
process_id = p8
operationName = UploadMovieId
serviceName = movie-id-service
------------------------------------------------------------------------------------
span = 4
trace_id = f28c016bad7a612e
span_id = a6d7eb7090eb83a3
parent_id = 11ddf28d091fab72
start_time = 1682628698036518
end_time = 1682628698039123
inclusive_time = 2605
exclusive_time = 244
process_id = p9
operationName = UploadRating
serviceName = rating-service
------------------------------------------------------------------------------------
span = 5
trace_id = f28c016bad7a612e
span_id = 3c4d8769be8fdaec
parent_id = a6d7eb7090eb83a3
start_time = 1682628698036727
end_time = 1682628698039025
inclusive_time = 2298
exclusive_time = 1034
process_id = p2
operationName = UploadRating
serviceName = compose-review-service
------------------------------------------------------------------------------------
span = 6
trace_id = f28c016bad7a612e
span_id = 98de3768962acfe5
parent_id = 3c4d8769be8fdaec
start_time = 1682628698037630
end_time = 1682628698038831
inclusive_time = 1201
exclusive_time = 26
process_id = p6
operationName = UploadMovieReview
serviceName = movie-review-service
------------------------------------------------------------------------------------
span = 7
trace_id = f28c016bad7a612e
span_id = 093c89ec0c9b84c9
parent_id = 98de3768962acfe5
start_time = 1682628698037656
end_time = 1682628698038837
inclusive_time = 1181
exclusive_time = 1181
process_id = p6
operationName = MongoFindMovie
serviceName = movie-review-service
------------------------------------------------------------------------------------
span = 8
trace_id = f28c016bad7a612e
span_id = 978396acecd7fdac
parent_id = 11ddf28d091fab72
start_time = 1682628698036284
end_time = 1682628698036402
inclusive_time = 118
exclusive_time = 118
process_id = p8
operationName = MmcSetMovieId
serviceName = movie-id-service
------------------------------------------------------------------------------------
span = 9
trace_id = f28c016bad7a612e
span_id = d2ab9d3745f7c953
parent_id = 11ddf28d091fab72
start_time = 1682628698035953
end_time = 1682628698036028
inclusive_time = 75
exclusive_time = 75
process_id = p8
operationName = MmcGetMovieId
serviceName = movie-id-service
------------------------------------------------------------------------------------
