span 0
span_id = 12c21a616dd05332
parent_id = None
start_time = 1682628698090000
end_time = 1682628698094096
inclusive_time = 4096
exclusive_time = 180
process_id = p1
operationName = /wrk2-api/review/compose
serviceName = None
------------------------------------------------------------------------------------
span 1
span_id = 545689303b7fd235
parent_id = 12c21a616dd05332
start_time = 1682628698090180
end_time = 1682628698094096
inclusive_time = 3916
exclusive_time = 174
process_id = p1
operationName = /wrk2-api/review/compose
serviceName = None
------------------------------------------------------------------------------------
span 2
span_id = b56b67e5a6c64591
parent_id = 545689303b7fd235
start_time = 1682628698090285
end_time = 1682628698094027
inclusive_time = 3742
exclusive_time = 497
process_id = p1
operationName = ComposeReview
serviceName = None
------------------------------------------------------------------------------------
span 3
span_id = 80f52b85209d6975
parent_id = b56b67e5a6c64591
start_time = 1682628698090802
end_time = 1682628698093949
inclusive_time = 3147
exclusive_time = 254
process_id = p5
operationName = UploadMovieId
serviceName = None
------------------------------------------------------------------------------------
span 4
span_id = e3af8696cf72d735
parent_id = 80f52b85209d6975
start_time = 1682628698091189
end_time = 1682628698093841
inclusive_time = 2652
exclusive_time = 240
process_id = p7
operationName = UploadRating
serviceName = None
------------------------------------------------------------------------------------
span 5
span_id = 0fc1732b0c2d4f02
parent_id = e3af8696cf72d735
start_time = 1682628698091337
end_time = 1682628698093696
inclusive_time = 2359
exclusive_time = 1146
process_id = p3
operationName = UploadRating
serviceName = None
------------------------------------------------------------------------------------
span 6
span_id = f59ce27e32f98eca
parent_id = 0fc1732b0c2d4f02
start_time = 1682628698092443
end_time = 1682628698093581
inclusive_time = 1138
exclusive_time = 18
process_id = p2
operationName = UploadMovieReview
serviceName = None
------------------------------------------------------------------------------------
span 7
span_id = 079c2a656b8c3a82
parent_id = f59ce27e32f98eca
start_time = 1682628698092461
end_time = 1682628698093585
inclusive_time = 1124
exclusive_time = 1124
process_id = p2
operationName = MongoFindMovie
serviceName = None
------------------------------------------------------------------------------------
span 8
span_id = f62b634f248710b6
parent_id = 80f52b85209d6975
start_time = 1682628698091004
end_time = 1682628698091101
inclusive_time = 97
exclusive_time = 97
process_id = p5
operationName = MmcSetMovieId
serviceName = None
------------------------------------------------------------------------------------
span 9
span_id = dbbc46e6072f7a5d
parent_id = 80f52b85209d6975
start_time = 1682628698090814
end_time = 1682628698090897
inclusive_time = 83
exclusive_time = 83
process_id = p5
operationName = MmcGetMovieId
serviceName = None
------------------------------------------------------------------------------------
