span = 0
trace_id = 6ea36ab3cc2fc0e7
span_id = 6ea36ab3cc2fc0e7
parent_id = None
start_time = 1682628698169000
end_time = 1682628698173801
inclusive_time = 4801
exclusive_time = 900
process_id = p3
operationName = /wrk2-api/review/compose
serviceName = nginx
call path = 
------------------------------------------------------------------------------------
span = 1
trace_id = 6ea36ab3cc2fc0e7
span_id = b0936bc5b7b31826
parent_id = 6ea36ab3cc2fc0e7
start_time = 1682628698169899
end_time = 1682628698173800
inclusive_time = 3901
exclusive_time = 95
process_id = p3
operationName = /wrk2-api/review/compose
serviceName = nginx
call path = ->/wrk2-api/review/compose_nginx
------------------------------------------------------------------------------------
span = 2
trace_id = 6ea36ab3cc2fc0e7
span_id = 81fcba6c69285502
parent_id = b0936bc5b7b31826
start_time = 1682628698169955
end_time = 1682628698173761
inclusive_time = 3806
exclusive_time = 587
process_id = p3
operationName = ComposeReview
serviceName = nginx
call path = ->/wrk2-api/review/compose_nginx->/wrk2-api/review/compose_nginx
------------------------------------------------------------------------------------
span = 3
trace_id = 6ea36ab3cc2fc0e7
span_id = b2a4301e4b58da69
parent_id = 81fcba6c69285502
start_time = 1682628698170302
end_time = 1682628698173397
inclusive_time = 3095
exclusive_time = 322
process_id = p6
operationName = UploadMovieId
serviceName = movie-id-service
call path = ->/wrk2-api/review/compose_nginx->/wrk2-api/review/compose_nginx->ComposeReview_nginx
------------------------------------------------------------------------------------
span = 4
trace_id = 6ea36ab3cc2fc0e7
span_id = 5dc0758875b570a5
parent_id = b2a4301e4b58da69
start_time = 1682628698170736
end_time = 1682628698173283
inclusive_time = 2547
exclusive_time = 203
process_id = p10
operationName = UploadRating
serviceName = rating-service
call path = ->/wrk2-api/review/compose_nginx->/wrk2-api/review/compose_nginx->ComposeReview_nginx->UploadMovieId_movie-id-service
------------------------------------------------------------------------------------
span = 5
trace_id = 6ea36ab3cc2fc0e7
span_id = 20e6f662e712454c
parent_id = 5dc0758875b570a5
start_time = 1682628698170885
end_time = 1682628698173193
inclusive_time = 2308
exclusive_time = 1189
process_id = p1
operationName = UploadRating
serviceName = compose-review-service
call path = ->/wrk2-api/review/compose_nginx->/wrk2-api/review/compose_nginx->ComposeReview_nginx->UploadMovieId_movie-id-service->UploadRating_rating-service
------------------------------------------------------------------------------------
span = 6
trace_id = 6ea36ab3cc2fc0e7
span_id = 1e36d7e2b6a92e29
parent_id = 20e6f662e712454c
start_time = 1682628698172202
end_time = 1682628698173110
inclusive_time = 908
exclusive_time = 26
process_id = p2
operationName = UploadMovieReview
serviceName = movie-review-service
call path = ->/wrk2-api/review/compose_nginx->/wrk2-api/review/compose_nginx->ComposeReview_nginx->UploadMovieId_movie-id-service->UploadRating_rating-service->UploadRating_compose-review-service
------------------------------------------------------------------------------------
span = 7
trace_id = 6ea36ab3cc2fc0e7
span_id = 5a0cb60c2c7f1fc2
parent_id = 1e36d7e2b6a92e29
start_time = 1682628698172228
end_time = 1682628698173112
inclusive_time = 884
exclusive_time = 884
process_id = p2
operationName = MongoFindMovie
serviceName = movie-review-service
call path = ->/wrk2-api/review/compose_nginx->/wrk2-api/review/compose_nginx->ComposeReview_nginx->UploadMovieId_movie-id-service->UploadRating_rating-service->UploadRating_compose-review-service->UploadMovieReview_movie-review-service
------------------------------------------------------------------------------------
span = 8
trace_id = 6ea36ab3cc2fc0e7
span_id = b980eb445a51c5aa
parent_id = b2a4301e4b58da69
start_time = 1682628698170536
end_time = 1682628698170648
inclusive_time = 112
exclusive_time = 112
process_id = p6
operationName = MmcSetMovieId
serviceName = movie-id-service
call path = ->/wrk2-api/review/compose_nginx->/wrk2-api/review/compose_nginx->ComposeReview_nginx->UploadMovieId_movie-id-service
------------------------------------------------------------------------------------
span = 9
trace_id = 6ea36ab3cc2fc0e7
span_id = 26865828e140c0d6
parent_id = b2a4301e4b58da69
start_time = 1682628698170316
end_time = 1682628698170406
inclusive_time = 90
exclusive_time = 90
process_id = p6
operationName = MmcGetMovieId
serviceName = movie-id-service
call path = ->/wrk2-api/review/compose_nginx->/wrk2-api/review/compose_nginx->ComposeReview_nginx->UploadMovieId_movie-id-service
------------------------------------------------------------------------------------
