span 0
span_id = cbedcbb5ec1a1006
parent_id = None
start_time = 1682628698111000
end_time = 1682628698116435
inclusive_time = 5435
exclusive_time = 1332
process_id = p7
operationName = /wrk2-api/review/compose
serviceName = None
------------------------------------------------------------------------------------
span 1
span_id = ef1400015811630a
parent_id = cbedcbb5ec1a1006
start_time = 1682628698112331
end_time = 1682628698116434
inclusive_time = 4103
exclusive_time = 102
process_id = p7
operationName = /wrk2-api/review/compose
serviceName = None
------------------------------------------------------------------------------------
span 2
span_id = 0a4eb54bc3ac4dce
parent_id = ef1400015811630a
start_time = 1682628698112380
end_time = 1682628698116381
inclusive_time = 4001
exclusive_time = 571
process_id = p7
operationName = ComposeReview
serviceName = None
------------------------------------------------------------------------------------
span 3
span_id = 6b91e3bb6d080ecd
parent_id = 0a4eb54bc3ac4dce
start_time = 1682628698112642
end_time = 1682628698116047
inclusive_time = 3405
exclusive_time = 345
process_id = p2
operationName = UploadMovieId
serviceName = None
------------------------------------------------------------------------------------
span 4
span_id = 74e965225ad86c4d
parent_id = 6b91e3bb6d080ecd
start_time = 1682628698113028
end_time = 1682628698115908
inclusive_time = 2880
exclusive_time = 248
process_id = p4
operationName = UploadRating
serviceName = None
------------------------------------------------------------------------------------
span 5
span_id = 28a59b0f3aaefd55
parent_id = 74e965225ad86c4d
start_time = 1682628698113164
end_time = 1682628698115756
inclusive_time = 2592
exclusive_time = 1190
process_id = p5
operationName = UploadRating
serviceName = None
------------------------------------------------------------------------------------
span 6
span_id = 3ddf4b026228c94f
parent_id = 28a59b0f3aaefd55
start_time = 1682628698114235
end_time = 1682628698115596
inclusive_time = 1361
exclusive_time = 52
process_id = p3
operationName = UploadUserReview
serviceName = None
------------------------------------------------------------------------------------
span 7
span_id = 5df96ed9bb5da6c3
parent_id = 3ddf4b026228c94f
start_time = 1682628698114287
end_time = 1682628698115601
inclusive_time = 1314
exclusive_time = 1314
process_id = p3
operationName = MongoFindUser
serviceName = None
------------------------------------------------------------------------------------
span 8
span_id = ea6758e4ebbbe997
parent_id = 6b91e3bb6d080ecd
start_time = 1682628698112659
end_time = 1682628698112763
inclusive_time = 104
exclusive_time = 104
process_id = p2
operationName = MmcGetMovieId
serviceName = None
------------------------------------------------------------------------------------
