span = 0
span_id = ee248266c3e33e52
parent_id = None
start_time = 1682628698263000
end_time = 1682628698267508
inclusive_time = 4508
exclusive_time = 751
process_id = p3
operationName = /wrk2-api/review/compose
serviceName = nginx
------------------------------------------------------------------------------------
span = 1
span_id = 2f209d0e56019fcf
parent_id = ee248266c3e33e52
start_time = 1682628698263751
end_time = 1682628698267509
inclusive_time = 3758
exclusive_time = 85
process_id = p3
operationName = /wrk2-api/review/compose
serviceName = nginx
------------------------------------------------------------------------------------
span = 2
span_id = f2d54970b515cdba
parent_id = 2f209d0e56019fcf
start_time = 1682628698263784
end_time = 1682628698267457
inclusive_time = 3673
exclusive_time = 273
process_id = p3
operationName = ComposeReview
serviceName = nginx
------------------------------------------------------------------------------------
span = 3
span_id = b6c30f5e1591b8ae
parent_id = f2d54970b515cdba
start_time = 1682628698264223
end_time = 1682628698267377
inclusive_time = 3154
exclusive_time = 376
process_id = p6
operationName = UploadMovieId
serviceName = movie-id-service
------------------------------------------------------------------------------------
span = 4
span_id = 16fbf7494d84dc18
parent_id = b6c30f5e1591b8ae
start_time = 1682628698264829
end_time = 1682628698267259
inclusive_time = 2430
exclusive_time = 243
process_id = p10
operationName = UploadRating
serviceName = rating-service
------------------------------------------------------------------------------------
span = 5
span_id = b011577f0b5e17bb
parent_id = 16fbf7494d84dc18
start_time = 1682628698265018
end_time = 1682628698267145
inclusive_time = 2127
exclusive_time = 971
process_id = p5
operationName = UploadRating
serviceName = compose-review-service
------------------------------------------------------------------------------------
span = 6
span_id = 2a28ed096aed96b9
parent_id = b011577f0b5e17bb
start_time = 1682628698265934
end_time = 1682628698267042
inclusive_time = 1108
exclusive_time = 21
process_id = p4
operationName = UploadUserReview
serviceName = user-review-service
------------------------------------------------------------------------------------
span = 7
span_id = 2266bda966cfae57
parent_id = 2a28ed096aed96b9
start_time = 1682628698265955
end_time = 1682628698267045
inclusive_time = 1090
exclusive_time = 1090
process_id = p4
operationName = MongoFindUser
serviceName = user-review-service
------------------------------------------------------------------------------------
span = 8
span_id = 73e3a78b7c241243
parent_id = b6c30f5e1591b8ae
start_time = 1682628698264615
end_time = 1682628698264721
inclusive_time = 106
exclusive_time = 106
process_id = p6
operationName = MmcSetMovieId
serviceName = movie-id-service
------------------------------------------------------------------------------------
span = 9
span_id = 8bdcaf18e23ab4bf
parent_id = b6c30f5e1591b8ae
start_time = 1682628698264235
end_time = 1682628698264405
inclusive_time = 170
exclusive_time = 170
process_id = p6
operationName = MmcGetMovieId
serviceName = movie-id-service
------------------------------------------------------------------------------------
