span = 0
span_id = 3584d7fab5f87f08
parent_id = None
start_time = 1682628697937000
end_time = 1682628697941171
inclusive_time = 4171
exclusive_time = 170
process_id = p6
operationName = /wrk2-api/review/compose
serviceName = nginx
------------------------------------------------------------------------------------
span = 1
span_id = cf3c1a645e23f50a
parent_id = 3584d7fab5f87f08
start_time = 1682628697937170
end_time = 1682628697941171
inclusive_time = 4001
exclusive_time = 137
process_id = p6
operationName = /wrk2-api/review/compose
serviceName = nginx
------------------------------------------------------------------------------------
span = 2
span_id = 28a73e5a484c6a66
parent_id = cf3c1a645e23f50a
start_time = 1682628697937243
end_time = 1682628697941107
inclusive_time = 3864
exclusive_time = 511
process_id = p6
operationName = ComposeReview
serviceName = nginx
------------------------------------------------------------------------------------
span = 3
span_id = d925ec6196e0d02b
parent_id = 28a73e5a484c6a66
start_time = 1682628697938247
end_time = 1682628697941029
inclusive_time = 2782
exclusive_time = 231
process_id = p10
operationName = UploadUniqueId
serviceName = unique-id-service
------------------------------------------------------------------------------------
span = 4
span_id = 6b5b8796b4051122
parent_id = d925ec6196e0d02b
start_time = 1682628697938413
end_time = 1682628697940964
inclusive_time = 2551
exclusive_time = 1119
process_id = p3
operationName = UploadUniqueId
serviceName = compose-review-service
------------------------------------------------------------------------------------
span = 5
span_id = 6f41ca789efbf37d
parent_id = 6b5b8796b4051122
start_time = 1682628697939553
end_time = 1682628697940833
inclusive_time = 1280
exclusive_time = 21
process_id = p7
operationName = UploadMovieReview
serviceName = movie-review-service
------------------------------------------------------------------------------------
span = 6
span_id = e931e3719ed559de
parent_id = 6f41ca789efbf37d
start_time = 1682628697939574
end_time = 1682628697940837
inclusive_time = 1263
exclusive_time = 1263
process_id = p7
operationName = MongoFindMovie
serviceName = movie-review-service
------------------------------------------------------------------------------------
