span 0
span_id = 4723ed690eb23468
parent_id = None
start_time = 1682628698180000
end_time = 1682628698184125
inclusive_time = 4125
exclusive_time = 111
process_id = p7
operationName = /wrk2-api/review/compose
serviceName = None
------------------------------------------------------------------------------------
span 1
span_id = 428c932eb2e921b0
parent_id = 4723ed690eb23468
start_time = 1682628698180110
end_time = 1682628698184124
inclusive_time = 4014
exclusive_time = 117
process_id = p7
operationName = /wrk2-api/review/compose
serviceName = None
------------------------------------------------------------------------------------
span 2
span_id = 082b07ca459b512c
parent_id = 428c932eb2e921b0
start_time = 1682628698180158
end_time = 1682628698184055
inclusive_time = 3897
exclusive_time = 293
process_id = p7
operationName = ComposeReview
serviceName = None
------------------------------------------------------------------------------------
span 3
span_id = f23aa645ba034700
parent_id = 082b07ca459b512c
start_time = 1682628698180432
end_time = 1682628698183946
inclusive_time = 3514
exclusive_time = 639
process_id = p5
operationName = UploadMovieId
serviceName = None
------------------------------------------------------------------------------------
span 4
span_id = f4a9398876cc3bbc
parent_id = f23aa645ba034700
start_time = 1682628698180949
end_time = 1682628698183594
inclusive_time = 2645
exclusive_time = 304
process_id = p10
operationName = UploadRating
serviceName = None
------------------------------------------------------------------------------------
span 5
span_id = da5f785375c981bf
parent_id = f4a9398876cc3bbc
start_time = 1682628698181336
end_time = 1682628698183448
inclusive_time = 2112
exclusive_time = 911
process_id = p4
operationName = UploadRating
serviceName = None
------------------------------------------------------------------------------------
span 6
span_id = 0bee7fd9c1eabd19
parent_id = da5f785375c981bf
start_time = 1682628698182266
end_time = 1682628698183336
inclusive_time = 1070
exclusive_time = 32
process_id = p1
operationName = UploadMovieReview
serviceName = None
------------------------------------------------------------------------------------
span 7
span_id = d9443175c1764b3d
parent_id = 0bee7fd9c1eabd19
start_time = 1682628698182298
end_time = 1682628698183340
inclusive_time = 1042
exclusive_time = 1042
process_id = p1
operationName = MongoFindMovie
serviceName = None
------------------------------------------------------------------------------------
span 8
span_id = bb55db68d6a864f8
parent_id = f4a9398876cc3bbc
start_time = 1682628698181093
end_time = 1682628698181322
inclusive_time = 229
exclusive_time = 229
process_id = p10
operationName = RedisInsert
serviceName = None
------------------------------------------------------------------------------------
span 9
span_id = 5ae1b25753a8ba86
parent_id = f23aa645ba034700
start_time = 1682628698180688
end_time = 1682628698180788
inclusive_time = 100
exclusive_time = 100
process_id = p5
operationName = MmcSetMovieId
serviceName = None
------------------------------------------------------------------------------------
span 10
span_id = e4fafb8166e43a7a
parent_id = f23aa645ba034700
start_time = 1682628698180444
end_time = 1682628698180536
inclusive_time = 92
exclusive_time = 92
process_id = p5
operationName = MmcGetMovieId
serviceName = None
------------------------------------------------------------------------------------
