span 0
span_id = a74e8ad80802b62e
parent_id = None
start_time = 1682628698263000
end_time = 1682628698266757
inclusive_time = 3757
exclusive_time = 236
process_id = p3
operationName = /wrk2-api/review/compose
serviceName = None
------------------------------------------------------------------------------------
span 1
span_id = 61576dd834874ff0
parent_id = a74e8ad80802b62e
start_time = 1682628698263236
end_time = 1682628698266757
inclusive_time = 3521
exclusive_time = 108
process_id = p3
operationName = /wrk2-api/review/compose
serviceName = None
------------------------------------------------------------------------------------
span 2
span_id = 33aa2c4ce7299579
parent_id = 61576dd834874ff0
start_time = 1682628698263289
end_time = 1682628698266702
inclusive_time = 3413
exclusive_time = 361
process_id = p3
operationName = ComposeReview
serviceName = None
------------------------------------------------------------------------------------
span 3
span_id = fd39f2a94d92c2b0
parent_id = 33aa2c4ce7299579
start_time = 1682628698263603
end_time = 1682628698266535
inclusive_time = 2932
exclusive_time = 275
process_id = p6
operationName = UploadMovieId
serviceName = None
------------------------------------------------------------------------------------
span 4
span_id = fe93768ab09893c2
parent_id = fd39f2a94d92c2b0
start_time = 1682628698264028
end_time = 1682628698266422
inclusive_time = 2394
exclusive_time = 208
process_id = p10
operationName = UploadRating
serviceName = None
------------------------------------------------------------------------------------
span 5
span_id = cad5ee38c77eb813
parent_id = fe93768ab09893c2
start_time = 1682628698264161
end_time = 1682628698266298
inclusive_time = 2137
exclusive_time = 898
process_id = p5
operationName = UploadRating
serviceName = None
------------------------------------------------------------------------------------
span 6
span_id = ed7b5b5165f6f6ae
parent_id = cad5ee38c77eb813
start_time = 1682628698264958
end_time = 1682628698266096
inclusive_time = 1138
exclusive_time = 26
process_id = p1
operationName = UploadMovieReview
serviceName = None
------------------------------------------------------------------------------------
span 7
span_id = 0fc68880b75c02db
parent_id = ed7b5b5165f6f6ae
start_time = 1682628698264984
end_time = 1682628698266103
inclusive_time = 1119
exclusive_time = 1119
process_id = p1
operationName = MongoFindMovie
serviceName = None
------------------------------------------------------------------------------------
span 8
span_id = 684d5ccb1394c5d6
parent_id = fd39f2a94d92c2b0
start_time = 1682628698263823
end_time = 1682628698263911
inclusive_time = 88
exclusive_time = 88
process_id = p6
operationName = MmcSetMovieId
serviceName = None
------------------------------------------------------------------------------------
span 9
span_id = f3ff5f7c26bba388
parent_id = fd39f2a94d92c2b0
start_time = 1682628698263622
end_time = 1682628698263717
inclusive_time = 95
exclusive_time = 95
process_id = p6
operationName = MmcGetMovieId
serviceName = None
------------------------------------------------------------------------------------
