span = 0
trace_id = d0b1b656fb465cfa
span_id = d0b1b656fb465cfa
parent_id = None
start_time = 1682628698055000
end_time = 1682628698060180
inclusive_time = 5180
exclusive_time = 275
process_id = p8
operationName = /wrk2-api/review/compose
serviceName = nginx
call path = 
------------------------------------------------------------------------------------
span = 1
trace_id = d0b1b656fb465cfa
span_id = 96f92f0f386f5a97
parent_id = d0b1b656fb465cfa
start_time = 1682628698055275
end_time = 1682628698060180
inclusive_time = 4905
exclusive_time = 106
process_id = p8
operationName = /wrk2-api/review/compose
serviceName = nginx
call path = ->/wrk2-api/review/compose_nginx
------------------------------------------------------------------------------------
span = 2
trace_id = d0b1b656fb465cfa
span_id = 4c986aabcebf19c3
parent_id = 96f92f0f386f5a97
start_time = 1682628698055331
end_time = 1682628698060130
inclusive_time = 4799
exclusive_time = 1008
process_id = p8
operationName = ComposeReview
serviceName = nginx
call path = ->/wrk2-api/review/compose_nginx->/wrk2-api/review/compose_nginx
------------------------------------------------------------------------------------
span = 3
trace_id = d0b1b656fb465cfa
span_id = 4ea15d90b732cea9
parent_id = 4c986aabcebf19c3
start_time = 1682628698055923
end_time = 1682628698059451
inclusive_time = 3528
exclusive_time = 244
process_id = p4
operationName = UploadUserWithUsername
serviceName = user-service
call path = ->/wrk2-api/review/compose_nginx->/wrk2-api/review/compose_nginx->ComposeReview_nginx
------------------------------------------------------------------------------------
span = 4
trace_id = d0b1b656fb465cfa
span_id = 792f3fbff7dbb2e2
parent_id = 4ea15d90b732cea9
start_time = 1682628698056183
end_time = 1682628698059372
inclusive_time = 3189
exclusive_time = 1200
process_id = p3
operationName = UploadUserId
serviceName = compose-review-service
call path = ->/wrk2-api/review/compose_nginx->/wrk2-api/review/compose_nginx->ComposeReview_nginx->UploadUserWithUsername_user-service
------------------------------------------------------------------------------------
span = 5
trace_id = d0b1b656fb465cfa
span_id = 43cf7fb5f6048dc5
parent_id = 792f3fbff7dbb2e2
start_time = 1682628698057250
end_time = 1682628698059198
inclusive_time = 1948
exclusive_time = 27
process_id = p6
operationName = UploadUserReview
serviceName = user-review-service
call path = ->/wrk2-api/review/compose_nginx->/wrk2-api/review/compose_nginx->ComposeReview_nginx->UploadUserWithUsername_user-service->UploadUserId_compose-review-service
------------------------------------------------------------------------------------
span = 6
trace_id = d0b1b656fb465cfa
span_id = db04715567c34d4c
parent_id = 43cf7fb5f6048dc5
start_time = 1682628698057277
end_time = 1682628698059202
inclusive_time = 1925
exclusive_time = 1925
process_id = p6
operationName = MongoFindUser
serviceName = user-review-service
call path = ->/wrk2-api/review/compose_nginx->/wrk2-api/review/compose_nginx->ComposeReview_nginx->UploadUserWithUsername_user-service->UploadUserId_compose-review-service->UploadUserReview_user-review-service
------------------------------------------------------------------------------------
span = 7
trace_id = d0b1b656fb465cfa
span_id = 25e4613314e0af3c
parent_id = 4ea15d90b732cea9
start_time = 1682628698055940
end_time = 1682628698056035
inclusive_time = 95
exclusive_time = 95
process_id = p4
operationName = MmcGetUserId
serviceName = user-service
call path = ->/wrk2-api/review/compose_nginx->/wrk2-api/review/compose_nginx->ComposeReview_nginx->UploadUserWithUsername_user-service
------------------------------------------------------------------------------------
