span = 0
trace_id = c980c4d326639724
span_id = c980c4d326639724
parent_id = None
start_time = 1682628698094000
end_time = 1682628698100013
inclusive_time = 6013
exclusive_time = 593
process_id = p7
operationName = /wrk2-api/review/compose
serviceName = nginx
call path = 
------------------------------------------------------------------------------------
span = 1
trace_id = c980c4d326639724
span_id = d23033b6be3c75a1
parent_id = c980c4d326639724
start_time = 1682628698094593
end_time = 1682628698100013
inclusive_time = 5420
exclusive_time = 109
process_id = p7
operationName = /wrk2-api/review/compose
serviceName = nginx
call path = ->/wrk2-api/review/compose_nginx
------------------------------------------------------------------------------------
span = 2
trace_id = c980c4d326639724
span_id = 42d625e4d97b8cf0
parent_id = d23033b6be3c75a1
start_time = 1682628698094639
end_time = 1682628698099950
inclusive_time = 5311
exclusive_time = 410
process_id = p7
operationName = ComposeReview
serviceName = nginx
call path = ->/wrk2-api/review/compose_nginx->/wrk2-api/review/compose_nginx
------------------------------------------------------------------------------------
span = 3
trace_id = c980c4d326639724
span_id = 94ae6c36c088047e
parent_id = 42d625e4d97b8cf0
start_time = 1682628698095214
end_time = 1682628698099866
inclusive_time = 4652
exclusive_time = 303
process_id = p4
operationName = UploadMovieId
serviceName = movie-id-service
call path = ->/wrk2-api/review/compose_nginx->/wrk2-api/review/compose_nginx->ComposeReview_nginx
------------------------------------------------------------------------------------
span = 4
trace_id = c980c4d326639724
span_id = 86fe630f01b93560
parent_id = 94ae6c36c088047e
start_time = 1682628698095632
end_time = 1682628698099738
inclusive_time = 4106
exclusive_time = 311
process_id = p6
operationName = UploadRating
serviceName = rating-service
call path = ->/wrk2-api/review/compose_nginx->/wrk2-api/review/compose_nginx->ComposeReview_nginx->UploadMovieId_movie-id-service
------------------------------------------------------------------------------------
span = 5
trace_id = c980c4d326639724
span_id = 3a953bdc66232940
parent_id = 86fe630f01b93560
start_time = 1682628698095804
end_time = 1682628698099568
inclusive_time = 3764
exclusive_time = 2423
process_id = p2
operationName = UploadRating
serviceName = compose-review-service
call path = ->/wrk2-api/review/compose_nginx->/wrk2-api/review/compose_nginx->ComposeReview_nginx->UploadMovieId_movie-id-service->UploadRating_rating-service
------------------------------------------------------------------------------------
span = 6
trace_id = c980c4d326639724
span_id = 9c0ae809d68c49d2
parent_id = 3a953bdc66232940
start_time = 1682628698097940
end_time = 1682628698099204
inclusive_time = 1264
exclusive_time = 27
process_id = p1
operationName = UploadMovieReview
serviceName = movie-review-service
call path = ->/wrk2-api/review/compose_nginx->/wrk2-api/review/compose_nginx->ComposeReview_nginx->UploadMovieId_movie-id-service->UploadRating_rating-service->UploadRating_compose-review-service
------------------------------------------------------------------------------------
span = 7
trace_id = c980c4d326639724
span_id = 887a797241fac15d
parent_id = 9c0ae809d68c49d2
start_time = 1682628698097967
end_time = 1682628698099209
inclusive_time = 1242
exclusive_time = 1242
process_id = p1
operationName = MongoFindMovie
serviceName = movie-review-service
call path = ->/wrk2-api/review/compose_nginx->/wrk2-api/review/compose_nginx->ComposeReview_nginx->UploadMovieId_movie-id-service->UploadRating_rating-service->UploadRating_compose-review-service->UploadMovieReview_movie-review-service
------------------------------------------------------------------------------------
span = 8
trace_id = c980c4d326639724
span_id = 14f366e310e09d52
parent_id = 94ae6c36c088047e
start_time = 1682628698095485
end_time = 1682628698095580
inclusive_time = 95
exclusive_time = 95
process_id = p4
operationName = MmcSetMovieId
serviceName = movie-id-service
call path = ->/wrk2-api/review/compose_nginx->/wrk2-api/review/compose_nginx->ComposeReview_nginx->UploadMovieId_movie-id-service
------------------------------------------------------------------------------------
span = 9
trace_id = c980c4d326639724
span_id = 976cb1e3a7ce3ecd
parent_id = 94ae6c36c088047e
start_time = 1682628698095226
end_time = 1682628698095322
inclusive_time = 96
exclusive_time = 96
process_id = p4
operationName = MmcGetMovieId
serviceName = movie-id-service
call path = ->/wrk2-api/review/compose_nginx->/wrk2-api/review/compose_nginx->ComposeReview_nginx->UploadMovieId_movie-id-service
------------------------------------------------------------------------------------
