span = 0
trace_id = 1b63ded3915f08d1
span_id = 1b63ded3915f08d1
parent_id = None
start_time = 1682628698023000
end_time = 1682628698027579
inclusive_time = 4579
exclusive_time = 993
process_id = p1
operationName = /wrk2-api/review/compose
serviceName = nginx
call path = 
------------------------------------------------------------------------------------
span = 1
trace_id = 1b63ded3915f08d1
span_id = e131b8d9b3e06a55
parent_id = 1b63ded3915f08d1
start_time = 1682628698023993
end_time = 1682628698027579
inclusive_time = 3586
exclusive_time = 109
process_id = p1
operationName = /wrk2-api/review/compose
serviceName = nginx
call path = ->/wrk2-api/review/compose_nginx
------------------------------------------------------------------------------------
span = 2
trace_id = 1b63ded3915f08d1
span_id = b0e30068e59a623f
parent_id = e131b8d9b3e06a55
start_time = 1682628698024041
end_time = 1682628698027518
inclusive_time = 3477
exclusive_time = 289
process_id = p1
operationName = ComposeReview
serviceName = nginx
call path = ->/wrk2-api/review/compose_nginx->/wrk2-api/review/compose_nginx
------------------------------------------------------------------------------------
span = 3
trace_id = 1b63ded3915f08d1
span_id = de03761f19efe50e
parent_id = b0e30068e59a623f
start_time = 1682628698024351
end_time = 1682628698027427
inclusive_time = 3076
exclusive_time = 453
process_id = p8
operationName = UploadMovieId
serviceName = movie-id-service
call path = ->/wrk2-api/review/compose_nginx->/wrk2-api/review/compose_nginx->ComposeReview_nginx
------------------------------------------------------------------------------------
span = 4
trace_id = 1b63ded3915f08d1
span_id = 8efdc45eb94587a1
parent_id = de03761f19efe50e
start_time = 1682628698024814
end_time = 1682628698027207
inclusive_time = 2393
exclusive_time = 262
process_id = p9
operationName = UploadRating
serviceName = rating-service
call path = ->/wrk2-api/review/compose_nginx->/wrk2-api/review/compose_nginx->ComposeReview_nginx->UploadMovieId_movie-id-service
------------------------------------------------------------------------------------
span = 5
trace_id = 1b63ded3915f08d1
span_id = f62427fde913ba13
parent_id = 8efdc45eb94587a1
start_time = 1682628698024957
end_time = 1682628698027062
inclusive_time = 2105
exclusive_time = 923
process_id = p3
operationName = UploadRating
serviceName = compose-review-service
call path = ->/wrk2-api/review/compose_nginx->/wrk2-api/review/compose_nginx->ComposeReview_nginx->UploadMovieId_movie-id-service->UploadRating_rating-service
------------------------------------------------------------------------------------
span = 6
trace_id = 1b63ded3915f08d1
span_id = 5922a018e4e9be0c
parent_id = f62427fde913ba13
start_time = 1682628698025737
end_time = 1682628698026845
inclusive_time = 1108
exclusive_time = 18
process_id = p6
operationName = UploadMovieReview
serviceName = movie-review-service
call path = ->/wrk2-api/review/compose_nginx->/wrk2-api/review/compose_nginx->ComposeReview_nginx->UploadMovieId_movie-id-service->UploadRating_rating-service->UploadRating_compose-review-service
------------------------------------------------------------------------------------
span = 7
trace_id = 1b63ded3915f08d1
span_id = 07e42afe4ed86e69
parent_id = 5922a018e4e9be0c
start_time = 1682628698025755
end_time = 1682628698026849
inclusive_time = 1094
exclusive_time = 1094
process_id = p6
operationName = MongoFindMovie
serviceName = movie-review-service
call path = ->/wrk2-api/review/compose_nginx->/wrk2-api/review/compose_nginx->ComposeReview_nginx->UploadMovieId_movie-id-service->UploadRating_rating-service->UploadRating_compose-review-service->UploadMovieReview_movie-review-service
------------------------------------------------------------------------------------
span = 8
trace_id = 1b63ded3915f08d1
span_id = b9c58f7102e9f08d
parent_id = de03761f19efe50e
start_time = 1682628698024672
end_time = 1682628698024772
inclusive_time = 100
exclusive_time = 100
process_id = p8
operationName = MmcSetMovieId
serviceName = movie-id-service
call path = ->/wrk2-api/review/compose_nginx->/wrk2-api/review/compose_nginx->ComposeReview_nginx->UploadMovieId_movie-id-service
------------------------------------------------------------------------------------
span = 9
trace_id = 1b63ded3915f08d1
span_id = 65c5357e081115d7
parent_id = de03761f19efe50e
start_time = 1682628698024369
end_time = 1682628698024457
inclusive_time = 88
exclusive_time = 88
process_id = p8
operationName = MmcGetMovieId
serviceName = movie-id-service
call path = ->/wrk2-api/review/compose_nginx->/wrk2-api/review/compose_nginx->ComposeReview_nginx->UploadMovieId_movie-id-service
------------------------------------------------------------------------------------
