span = 0
trace_id = 7f89dd16fd53b9f4
span_id = 7f89dd16fd53b9f4
parent_id = None
start_time = 1682628698060000
end_time = 1682628698064257
inclusive_time = 4257
exclusive_time = 66
process_id = p8
operationName = /wrk2-api/review/compose
serviceName = nginx
call path = 
------------------------------------------------------------------------------------
span = 1
trace_id = 7f89dd16fd53b9f4
span_id = 8cc7ebd1f05c4056
parent_id = 7f89dd16fd53b9f4
start_time = 1682628698060066
end_time = 1682628698064257
inclusive_time = 4191
exclusive_time = 98
process_id = p8
operationName = /wrk2-api/review/compose
serviceName = nginx
call path = ->/wrk2-api/review/compose_nginx
------------------------------------------------------------------------------------
span = 2
trace_id = 7f89dd16fd53b9f4
span_id = d784f4fca44cc7d5
parent_id = 8cc7ebd1f05c4056
start_time = 1682628698060115
end_time = 1682628698064208
inclusive_time = 4093
exclusive_time = 1133
process_id = p8
operationName = ComposeReview
serviceName = nginx
call path = ->/wrk2-api/review/compose_nginx->/wrk2-api/review/compose_nginx
------------------------------------------------------------------------------------
span = 3
trace_id = 7f89dd16fd53b9f4
span_id = 0953688096f7910a
parent_id = d784f4fca44cc7d5
start_time = 1682628698061102
end_time = 1682628698063438
inclusive_time = 2336
exclusive_time = 242
process_id = p4
operationName = UploadUserWithUsername
serviceName = user-service
call path = ->/wrk2-api/review/compose_nginx->/wrk2-api/review/compose_nginx->ComposeReview_nginx
------------------------------------------------------------------------------------
span = 4
trace_id = 7f89dd16fd53b9f4
span_id = 81eedcd26f60e14b
parent_id = 0953688096f7910a
start_time = 1682628698061370
end_time = 1682628698063364
inclusive_time = 1994
exclusive_time = 857
process_id = p3
operationName = UploadUserId
serviceName = compose-review-service
call path = ->/wrk2-api/review/compose_nginx->/wrk2-api/review/compose_nginx->ComposeReview_nginx->UploadUserWithUsername_user-service
------------------------------------------------------------------------------------
span = 5
trace_id = 7f89dd16fd53b9f4
span_id = 127a9a85d0f739d1
parent_id = 81eedcd26f60e14b
start_time = 1682628698062124
end_time = 1682628698063220
inclusive_time = 1096
exclusive_time = 25
process_id = p2
operationName = UploadMovieReview
serviceName = movie-review-service
call path = ->/wrk2-api/review/compose_nginx->/wrk2-api/review/compose_nginx->ComposeReview_nginx->UploadUserWithUsername_user-service->UploadUserId_compose-review-service
------------------------------------------------------------------------------------
span = 6
trace_id = 7f89dd16fd53b9f4
span_id = d29f9911bd911e71
parent_id = 127a9a85d0f739d1
start_time = 1682628698062149
end_time = 1682628698063225
inclusive_time = 1076
exclusive_time = 1076
process_id = p2
operationName = MongoFindMovie
serviceName = movie-review-service
call path = ->/wrk2-api/review/compose_nginx->/wrk2-api/review/compose_nginx->ComposeReview_nginx->UploadUserWithUsername_user-service->UploadUserId_compose-review-service->UploadMovieReview_movie-review-service
------------------------------------------------------------------------------------
span = 7
trace_id = 7f89dd16fd53b9f4
span_id = 093dfe062b56f948
parent_id = 0953688096f7910a
start_time = 1682628698061119
end_time = 1682628698061219
inclusive_time = 100
exclusive_time = 100
process_id = p4
operationName = MmcGetUserId
serviceName = user-service
call path = ->/wrk2-api/review/compose_nginx->/wrk2-api/review/compose_nginx->ComposeReview_nginx->UploadUserWithUsername_user-service
------------------------------------------------------------------------------------
