span 0
span_id = 812005302c9d7b2f
parent_id = None
start_time = 1682628697875000
end_time = 1682628697879557
inclusive_time = 4557
exclusive_time = 836
process_id = p2
operationName = /wrk2-api/review/compose
serviceName = None
------------------------------------------------------------------------------------
span 1
span_id = e8c548a70cbe43f2
parent_id = 812005302c9d7b2f
start_time = 1682628697875836
end_time = 1682628697879557
inclusive_time = 3721
exclusive_time = 110
process_id = p2
operationName = /wrk2-api/review/compose
serviceName = None
------------------------------------------------------------------------------------
span 2
span_id = 4b9cdaf41b9845cd
parent_id = e8c548a70cbe43f2
start_time = 1682628697875873
end_time = 1682628697879484
inclusive_time = 3611
exclusive_time = 277
process_id = p2
operationName = ComposeReview
serviceName = None
------------------------------------------------------------------------------------
span 3
span_id = be89c624969499e8
parent_id = 4b9cdaf41b9845cd
start_time = 1682628697876159
end_time = 1682628697879407
inclusive_time = 3248
exclusive_time = 432
process_id = p4
operationName = UploadMovieId
serviceName = None
------------------------------------------------------------------------------------
span 4
span_id = dca59fbbeb10b7fb
parent_id = be89c624969499e8
start_time = 1682628697876760
end_time = 1682628697879182
inclusive_time = 2422
exclusive_time = 230
process_id = p7
operationName = UploadRating
serviceName = None
------------------------------------------------------------------------------------
span 5
span_id = 5b068b4ece0e1cc4
parent_id = dca59fbbeb10b7fb
start_time = 1682628697876932
end_time = 1682628697879061
inclusive_time = 2129
exclusive_time = 813
process_id = p3
operationName = UploadRating
serviceName = None
------------------------------------------------------------------------------------
span 6
span_id = eca4ec15a8a0cf47
parent_id = 5b068b4ece0e1cc4
start_time = 1682628697877708
end_time = 1682628697878943
inclusive_time = 1235
exclusive_time = 26
process_id = p5
operationName = UploadMovieReview
serviceName = None
------------------------------------------------------------------------------------
span 7
span_id = 5163ff598efeca59
parent_id = eca4ec15a8a0cf47
start_time = 1682628697877734
end_time = 1682628697878948
inclusive_time = 1214
exclusive_time = 1214
process_id = p5
operationName = MongoFindMovie
serviceName = None
------------------------------------------------------------------------------------
span 8
span_id = 0f89c2ff8eda8a20
parent_id = be89c624969499e8
start_time = 1682628697876441
end_time = 1682628697876540
inclusive_time = 99
exclusive_time = 99
process_id = p4
operationName = MmcSetMovieId
serviceName = None
------------------------------------------------------------------------------------
span 9
span_id = 4ddefe43050edfd2
parent_id = be89c624969499e8
start_time = 1682628697876170
end_time = 1682628697876255
inclusive_time = 85
exclusive_time = 85
process_id = p4
operationName = MmcGetMovieId
serviceName = None
------------------------------------------------------------------------------------
