span = 0
trace_id = 3ce6f330bcdf8f50
span_id = 3ce6f330bcdf8f50
parent_id = None
start_time = 1682628697947000
end_time = 1682628697951780
inclusive_time = 4780
exclusive_time = 390
process_id = p8
operationName = /wrk2-api/review/compose
serviceName = nginx
------------------------------------------------------------------------------------
span = 1
trace_id = 3ce6f330bcdf8f50
span_id = e0d2a3673ede278a
parent_id = 3ce6f330bcdf8f50
start_time = 1682628697947389
end_time = 1682628697951779
inclusive_time = 4390
exclusive_time = 100
process_id = p8
operationName = /wrk2-api/review/compose
serviceName = nginx
------------------------------------------------------------------------------------
span = 2
trace_id = 3ce6f330bcdf8f50
span_id = a8c2bace6aa06cf0
parent_id = e0d2a3673ede278a
start_time = 1682628697947440
end_time = 1682628697951730
inclusive_time = 4290
exclusive_time = 454
process_id = p8
operationName = ComposeReview
serviceName = nginx
------------------------------------------------------------------------------------
span = 3
trace_id = 3ce6f330bcdf8f50
span_id = 885d31c6382c215b
parent_id = a8c2bace6aa06cf0
start_time = 1682628697947762
end_time = 1682628697951598
inclusive_time = 3836
exclusive_time = 401
process_id = p7
operationName = UploadMovieId
serviceName = movie-id-service
------------------------------------------------------------------------------------
span = 4
trace_id = 3ce6f330bcdf8f50
span_id = 516620f172e72295
parent_id = 885d31c6382c215b
start_time = 1682628697948331
end_time = 1682628697951443
inclusive_time = 3112
exclusive_time = 265
process_id = p4
operationName = UploadRating
serviceName = rating-service
------------------------------------------------------------------------------------
span = 5
trace_id = 3ce6f330bcdf8f50
span_id = 5a73613857736b50
parent_id = 516620f172e72295
start_time = 1682628697948653
end_time = 1682628697951345
inclusive_time = 2692
exclusive_time = 1040
process_id = p3
operationName = UploadRating
serviceName = compose-review-service
------------------------------------------------------------------------------------
span = 6
trace_id = 3ce6f330bcdf8f50
span_id = 2df0235dcd5f174c
parent_id = 5a73613857736b50
start_time = 1682628697949614
end_time = 1682628697951222
inclusive_time = 1608
exclusive_time = 26
process_id = p2
operationName = UploadUserReview
serviceName = user-review-service
------------------------------------------------------------------------------------
span = 7
trace_id = 3ce6f330bcdf8f50
span_id = 7b66aabf207a3996
parent_id = 2df0235dcd5f174c
start_time = 1682628697949640
end_time = 1682628697951227
inclusive_time = 1587
exclusive_time = 1587
process_id = p2
operationName = MongoFindUser
serviceName = user-review-service
------------------------------------------------------------------------------------
span = 8
trace_id = 3ce6f330bcdf8f50
span_id = b77618e71c0371e4
parent_id = 885d31c6382c215b
start_time = 1682628697948102
end_time = 1682628697948217
inclusive_time = 115
exclusive_time = 115
process_id = p7
operationName = MmcSetMovieId
serviceName = movie-id-service
------------------------------------------------------------------------------------
span = 9
trace_id = 3ce6f330bcdf8f50
span_id = d7fb2b6fc1f579a6
parent_id = 885d31c6382c215b
start_time = 1682628697947781
end_time = 1682628697947905
inclusive_time = 124
exclusive_time = 124
process_id = p7
operationName = MmcGetMovieId
serviceName = movie-id-service
------------------------------------------------------------------------------------
