span = 0
trace_id = cf3003ecc52d36d7
span_id = cf3003ecc52d36d7
parent_id = None
start_time = 1682628697895000
end_time = 1682628697899078
inclusive_time = 4078
exclusive_time = 461
process_id = p1
operationName = /wrk2-api/review/compose
serviceName = nginx
call path = 
------------------------------------------------------------------------------------
span = 1
trace_id = cf3003ecc52d36d7
span_id = 87b81f964efae3a5
parent_id = cf3003ecc52d36d7
start_time = 1682628697895461
end_time = 1682628697899078
inclusive_time = 3617
exclusive_time = 118
process_id = p1
operationName = /wrk2-api/review/compose
serviceName = nginx
call path = ->/wrk2-api/review/compose_nginx
------------------------------------------------------------------------------------
span = 2
trace_id = cf3003ecc52d36d7
span_id = 6d580dbc12126ef4
parent_id = 87b81f964efae3a5
start_time = 1682628697895517
end_time = 1682628697899016
inclusive_time = 3499
exclusive_time = 269
process_id = p1
operationName = ComposeReview
serviceName = nginx
call path = ->/wrk2-api/review/compose_nginx->/wrk2-api/review/compose_nginx
------------------------------------------------------------------------------------
span = 3
trace_id = cf3003ecc52d36d7
span_id = a9d432bbb3708ea2
parent_id = 6d580dbc12126ef4
start_time = 1682628697895784
end_time = 1682628697898915
inclusive_time = 3131
exclusive_time = 300
process_id = p3
operationName = UploadMovieId
serviceName = movie-id-service
call path = ->/wrk2-api/review/compose_nginx->/wrk2-api/review/compose_nginx->ComposeReview_nginx
------------------------------------------------------------------------------------
span = 4
trace_id = cf3003ecc52d36d7
span_id = e24d385071b7a852
parent_id = a9d432bbb3708ea2
start_time = 1682628697896231
end_time = 1682628697898803
inclusive_time = 2572
exclusive_time = 286
process_id = p7
operationName = UploadRating
serviceName = rating-service
call path = ->/wrk2-api/review/compose_nginx->/wrk2-api/review/compose_nginx->ComposeReview_nginx->UploadMovieId_movie-id-service
------------------------------------------------------------------------------------
span = 5
trace_id = cf3003ecc52d36d7
span_id = a7f7b2ffeff19de9
parent_id = e24d385071b7a852
start_time = 1682628697896529
end_time = 1682628697898658
inclusive_time = 2129
exclusive_time = 921
process_id = p2
operationName = UploadRating
serviceName = compose-review-service
call path = ->/wrk2-api/review/compose_nginx->/wrk2-api/review/compose_nginx->ComposeReview_nginx->UploadMovieId_movie-id-service->UploadRating_rating-service
------------------------------------------------------------------------------------
span = 6
trace_id = cf3003ecc52d36d7
span_id = 58314d7a9dbe7849
parent_id = a7f7b2ffeff19de9
start_time = 1682628697897444
end_time = 1682628697898514
inclusive_time = 1070
exclusive_time = 17
process_id = p6
operationName = UploadUserReview
serviceName = user-review-service
call path = ->/wrk2-api/review/compose_nginx->/wrk2-api/review/compose_nginx->ComposeReview_nginx->UploadMovieId_movie-id-service->UploadRating_rating-service->UploadRating_compose-review-service
------------------------------------------------------------------------------------
span = 7
trace_id = cf3003ecc52d36d7
span_id = 737809af8ed5a7d8
parent_id = 58314d7a9dbe7849
start_time = 1682628697897461
end_time = 1682628697898518
inclusive_time = 1057
exclusive_time = 1057
process_id = p6
operationName = MongoFindUser
serviceName = user-review-service
call path = ->/wrk2-api/review/compose_nginx->/wrk2-api/review/compose_nginx->ComposeReview_nginx->UploadMovieId_movie-id-service->UploadRating_rating-service->UploadRating_compose-review-service->UploadUserReview_user-review-service
------------------------------------------------------------------------------------
span = 8
trace_id = cf3003ecc52d36d7
span_id = 2f5d9cfbd51e6f10
parent_id = a9d432bbb3708ea2
start_time = 1682628697896061
end_time = 1682628697896155
inclusive_time = 94
exclusive_time = 94
process_id = p3
operationName = MmcSetMovieId
serviceName = movie-id-service
call path = ->/wrk2-api/review/compose_nginx->/wrk2-api/review/compose_nginx->ComposeReview_nginx->UploadMovieId_movie-id-service
------------------------------------------------------------------------------------
span = 9
trace_id = cf3003ecc52d36d7
span_id = f7bcb38878688b7c
parent_id = a9d432bbb3708ea2
start_time = 1682628697895796
end_time = 1682628697895917
inclusive_time = 121
exclusive_time = 121
process_id = p3
operationName = MmcGetMovieId
serviceName = movie-id-service
call path = ->/wrk2-api/review/compose_nginx->/wrk2-api/review/compose_nginx->ComposeReview_nginx->UploadMovieId_movie-id-service
------------------------------------------------------------------------------------
