span 0
span_id = 618cec325f17d68b
parent_id = None
start_time = 1682628698033000
end_time = 1682628698037966
inclusive_time = 4966
exclusive_time = 762
process_id = p5
operationName = /wrk2-api/review/compose
serviceName = None
------------------------------------------------------------------------------------
span 1
span_id = 57c246ecfa2a4800
parent_id = 618cec325f17d68b
start_time = 1682628698033762
end_time = 1682628698037966
inclusive_time = 4204
exclusive_time = 96
process_id = p5
operationName = /wrk2-api/review/compose
serviceName = None
------------------------------------------------------------------------------------
span 2
span_id = 1ba55e79ad42c0af
parent_id = 57c246ecfa2a4800
start_time = 1682628698033809
end_time = 1682628698037917
inclusive_time = 4108
exclusive_time = 421
process_id = p5
operationName = ComposeReview
serviceName = None
------------------------------------------------------------------------------------
span 3
span_id = 3b65164193f87e2b
parent_id = 1ba55e79ad42c0af
start_time = 1682628698034144
end_time = 1682628698037831
inclusive_time = 3687
exclusive_time = 316
process_id = p8
operationName = UploadMovieId
serviceName = None
------------------------------------------------------------------------------------
span 4
span_id = e65f616b6239c523
parent_id = 3b65164193f87e2b
start_time = 1682628698034574
end_time = 1682628698037703
inclusive_time = 3129
exclusive_time = 458
process_id = p9
operationName = UploadRating
serviceName = None
------------------------------------------------------------------------------------
span 5
span_id = 9578899695e70363
parent_id = e65f616b6239c523
start_time = 1682628698034756
end_time = 1682628698037380
inclusive_time = 2624
exclusive_time = 1025
process_id = p2
operationName = UploadRating
serviceName = None
------------------------------------------------------------------------------------
span 6
span_id = 16fe526f544227ce
parent_id = 9578899695e70363
start_time = 1682628698035952
end_time = 1682628698037186
inclusive_time = 1234
exclusive_time = 32
process_id = p3
operationName = UploadUserReview
serviceName = None
------------------------------------------------------------------------------------
span 7
span_id = c6b390937791bab6
parent_id = 16fe526f544227ce
start_time = 1682628698035984
end_time = 1682628698037191
inclusive_time = 1207
exclusive_time = 1207
process_id = p3
operationName = MongoFindUser
serviceName = None
------------------------------------------------------------------------------------
span 8
span_id = 5fa2534d3ae3ca5b
parent_id = 9578899695e70363
start_time = 1682628698035587
end_time = 1682628698035842
inclusive_time = 255
exclusive_time = 38
process_id = p1
operationName = StoreReview
serviceName = None
------------------------------------------------------------------------------------
span 9
span_id = cac7015f3a0475dd
parent_id = 5fa2534d3ae3ca5b
start_time = 1682628698035613
end_time = 1682628698035830
inclusive_time = 217
exclusive_time = 217
process_id = p1
operationName = MongoInsertReview
serviceName = None
------------------------------------------------------------------------------------
span 10
span_id = 3b8a7fccdcb2d858
parent_id = 3b65164193f87e2b
start_time = 1682628698034409
end_time = 1682628698034517
inclusive_time = 108
exclusive_time = 108
process_id = p8
operationName = MmcSetMovieId
serviceName = None
------------------------------------------------------------------------------------
span 11
span_id = e89a5fc080354090
parent_id = 3b65164193f87e2b
start_time = 1682628698034162
end_time = 1682628698034260
inclusive_time = 98
exclusive_time = 98
process_id = p8
operationName = MmcGetMovieId
serviceName = None
------------------------------------------------------------------------------------
