span 0
span_id = 8668ef3ecd6c6ea8
parent_id = None
start_time = 1682628697917000
end_time = 1682628697922952
inclusive_time = 5952
exclusive_time = 1119
process_id = p8
operationName = /wrk2-api/review/compose
serviceName = None
------------------------------------------------------------------------------------
span 1
span_id = 5d7962619a29f142
parent_id = 8668ef3ecd6c6ea8
start_time = 1682628697918119
end_time = 1682628697922952
inclusive_time = 4833
exclusive_time = 111
process_id = p8
operationName = /wrk2-api/review/compose
serviceName = None
------------------------------------------------------------------------------------
span 2
span_id = bd4b937d497d7ba5
parent_id = 5d7962619a29f142
start_time = 1682628697918165
end_time = 1682628697922887
inclusive_time = 4722
exclusive_time = 246
process_id = p8
operationName = ComposeReview
serviceName = None
------------------------------------------------------------------------------------
span 3
span_id = a3fc689cb1be66c1
parent_id = bd4b937d497d7ba5
start_time = 1682628697918443
end_time = 1682628697922816
inclusive_time = 4373
exclusive_time = 499
process_id = p7
operationName = UploadMovieId
serviceName = None
------------------------------------------------------------------------------------
span 4
span_id = 3dfcbcea263032d1
parent_id = a3fc689cb1be66c1
start_time = 1682628697919037
end_time = 1682628697922654
inclusive_time = 3617
exclusive_time = 219
process_id = p5
operationName = UploadRating
serviceName = None
------------------------------------------------------------------------------------
span 5
span_id = 96ba20fc83af4e2c
parent_id = 3dfcbcea263032d1
start_time = 1682628697919219
end_time = 1682628697922550
inclusive_time = 3331
exclusive_time = 1846
process_id = p4
operationName = UploadRating
serviceName = None
------------------------------------------------------------------------------------
span 6
span_id = 39b4d836b1815d06
parent_id = 96ba20fc83af4e2c
start_time = 1682628697921100
end_time = 1682628697922276
inclusive_time = 1176
exclusive_time = 25
process_id = p1
operationName = UploadMovieReview
serviceName = None
------------------------------------------------------------------------------------
span 7
span_id = 5f7957f9438978ec
parent_id = 39b4d836b1815d06
start_time = 1682628697921125
end_time = 1682628697922281
inclusive_time = 1156
exclusive_time = 1156
process_id = p1
operationName = MongoFindMovie
serviceName = None
------------------------------------------------------------------------------------
span 8
span_id = b88b0dc2407e14ec
parent_id = a3fc689cb1be66c1
start_time = 1682628697918834
end_time = 1682628697918944
inclusive_time = 110
exclusive_time = 110
process_id = p7
operationName = MmcSetMovieId
serviceName = None
------------------------------------------------------------------------------------
span 9
span_id = 48595bf01c6e636a
parent_id = a3fc689cb1be66c1
start_time = 1682628697918455
end_time = 1682628697918561
inclusive_time = 106
exclusive_time = 106
process_id = p7
operationName = MmcGetMovieId
serviceName = None
------------------------------------------------------------------------------------
