span = 0
trace_id = 767f8c5f69033486
span_id = 767f8c5f69033486
parent_id = None
start_time = 1682628697868000
end_time = 1682628697872347
inclusive_time = 4347
exclusive_time = 158
process_id = p3
operationName = /wrk2-api/review/compose
serviceName = nginx
------------------------------------------------------------------------------------
span = 1
trace_id = 767f8c5f69033486
span_id = a1a4f46032b90719
parent_id = 767f8c5f69033486
start_time = 1682628697868157
end_time = 1682628697872346
inclusive_time = 4189
exclusive_time = 99
process_id = p3
operationName = /wrk2-api/review/compose
serviceName = nginx
------------------------------------------------------------------------------------
span = 2
trace_id = 767f8c5f69033486
span_id = 59f0437511e3d5c4
parent_id = a1a4f46032b90719
start_time = 1682628697868203
end_time = 1682628697872293
inclusive_time = 4090
exclusive_time = 434
process_id = p3
operationName = ComposeReview
serviceName = nginx
------------------------------------------------------------------------------------
span = 3
trace_id = 767f8c5f69033486
span_id = 38b028502f0a913d
parent_id = 59f0437511e3d5c4
start_time = 1682628697868444
end_time = 1682628697872019
inclusive_time = 3575
exclusive_time = 366
process_id = p5
operationName = UploadMovieId
serviceName = movie-id-service
------------------------------------------------------------------------------------
span = 4
trace_id = 767f8c5f69033486
span_id = 92b37577a8e37dbc
parent_id = 38b028502f0a913d
start_time = 1682628697868993
end_time = 1682628697871895
inclusive_time = 2902
exclusive_time = 263
process_id = p8
operationName = UploadRating
serviceName = rating-service
------------------------------------------------------------------------------------
span = 5
trace_id = 767f8c5f69033486
span_id = 807076ccd3fde396
parent_id = 92b37577a8e37dbc
start_time = 1682628697869185
end_time = 1682628697871794
inclusive_time = 2609
exclusive_time = 1422
process_id = p4
operationName = UploadRating
serviceName = compose-review-service
------------------------------------------------------------------------------------
span = 6
trace_id = 767f8c5f69033486
span_id = 8de0cd422e26d176
parent_id = 807076ccd3fde396
start_time = 1682628697870298
end_time = 1682628697871412
inclusive_time = 1114
exclusive_time = 57
process_id = p6
operationName = UploadMovieReview
serviceName = movie-review-service
------------------------------------------------------------------------------------
span = 7
trace_id = 767f8c5f69033486
span_id = 14662c538b8d2f4d
parent_id = 8de0cd422e26d176
start_time = 1682628697870355
end_time = 1682628697871416
inclusive_time = 1061
exclusive_time = 1061
process_id = p6
operationName = MongoFindMovie
serviceName = movie-review-service
------------------------------------------------------------------------------------
span = 8
trace_id = 767f8c5f69033486
span_id = 38c6f8b53f2a13d4
parent_id = 38b028502f0a913d
start_time = 1682628697868741
end_time = 1682628697868845
inclusive_time = 104
exclusive_time = 104
process_id = p5
operationName = MmcSetMovieId
serviceName = movie-id-service
------------------------------------------------------------------------------------
span = 9
trace_id = 767f8c5f69033486
span_id = 8f700e13c370e731
parent_id = 38b028502f0a913d
start_time = 1682628697868470
end_time = 1682628697868577
inclusive_time = 107
exclusive_time = 107
process_id = p5
operationName = MmcGetMovieId
serviceName = movie-id-service
------------------------------------------------------------------------------------
