span = 0
trace_id = 8716eae2a757ec98
span_id = 8716eae2a757ec98
parent_id = None
start_time = 1682628698264000
end_time = 1682628698269262
inclusive_time = 5262
exclusive_time = 946
process_id = p3
operationName = /wrk2-api/review/compose
serviceName = nginx
call path = 
------------------------------------------------------------------------------------
span = 1
trace_id = 8716eae2a757ec98
span_id = d0eb73aa93b652ec
parent_id = 8716eae2a757ec98
start_time = 1682628698264946
end_time = 1682628698269262
inclusive_time = 4316
exclusive_time = 131
process_id = p3
operationName = /wrk2-api/review/compose
serviceName = nginx
call path = ->/wrk2-api/review/compose_nginx
------------------------------------------------------------------------------------
span = 2
trace_id = 8716eae2a757ec98
span_id = d1f2eac429130cf8
parent_id = d0eb73aa93b652ec
start_time = 1682628698265022
end_time = 1682628698269207
inclusive_time = 4185
exclusive_time = 456
process_id = p3
operationName = ComposeReview
serviceName = nginx
call path = ->/wrk2-api/review/compose_nginx->/wrk2-api/review/compose_nginx
------------------------------------------------------------------------------------
span = 3
trace_id = 8716eae2a757ec98
span_id = 3f0a54e49ef43419
parent_id = d1f2eac429130cf8
start_time = 1682628698265599
end_time = 1682628698269124
inclusive_time = 3525
exclusive_time = 451
process_id = p6
operationName = UploadMovieId
serviceName = movie-id-service
call path = ->/wrk2-api/review/compose_nginx->/wrk2-api/review/compose_nginx->ComposeReview_nginx
------------------------------------------------------------------------------------
span = 4
trace_id = 8716eae2a757ec98
span_id = 4f6b6787d574a953
parent_id = 3f0a54e49ef43419
start_time = 1682628698266247
end_time = 1682628698268916
inclusive_time = 2669
exclusive_time = 321
process_id = p10
operationName = UploadRating
serviceName = rating-service
call path = ->/wrk2-api/review/compose_nginx->/wrk2-api/review/compose_nginx->ComposeReview_nginx->UploadMovieId_movie-id-service
------------------------------------------------------------------------------------
span = 5
trace_id = 8716eae2a757ec98
span_id = 8c85da2633d0b2f0
parent_id = 4f6b6787d574a953
start_time = 1682628698266552
end_time = 1682628698268753
inclusive_time = 2201
exclusive_time = 919
process_id = p5
operationName = UploadRating
serviceName = compose-review-service
call path = ->/wrk2-api/review/compose_nginx->/wrk2-api/review/compose_nginx->ComposeReview_nginx->UploadMovieId_movie-id-service->UploadRating_rating-service
------------------------------------------------------------------------------------
span = 6
trace_id = 8716eae2a757ec98
span_id = 791f92ba3d7850af
parent_id = 8c85da2633d0b2f0
start_time = 1682628698267499
end_time = 1682628698268635
inclusive_time = 1136
exclusive_time = 26
process_id = p1
operationName = UploadMovieReview
serviceName = movie-review-service
call path = ->/wrk2-api/review/compose_nginx->/wrk2-api/review/compose_nginx->ComposeReview_nginx->UploadMovieId_movie-id-service->UploadRating_rating-service->UploadRating_compose-review-service
------------------------------------------------------------------------------------
span = 7
trace_id = 8716eae2a757ec98
span_id = cadc0f6c2036247c
parent_id = 791f92ba3d7850af
start_time = 1682628698267525
end_time = 1682628698268638
inclusive_time = 1113
exclusive_time = 1113
process_id = p1
operationName = MongoFindMovie
serviceName = movie-review-service
call path = ->/wrk2-api/review/compose_nginx->/wrk2-api/review/compose_nginx->ComposeReview_nginx->UploadMovieId_movie-id-service->UploadRating_rating-service->UploadRating_compose-review-service->UploadMovieReview_movie-review-service
------------------------------------------------------------------------------------
span = 8
trace_id = 8716eae2a757ec98
span_id = f5c501eeae4e0c93
parent_id = 3f0a54e49ef43419
start_time = 1682628698266050
end_time = 1682628698266141
inclusive_time = 91
exclusive_time = 91
process_id = p6
operationName = MmcSetMovieId
serviceName = movie-id-service
call path = ->/wrk2-api/review/compose_nginx->/wrk2-api/review/compose_nginx->ComposeReview_nginx->UploadMovieId_movie-id-service
------------------------------------------------------------------------------------
span = 9
trace_id = 8716eae2a757ec98
span_id = 41ff62ee6feff5c9
parent_id = 3f0a54e49ef43419
start_time = 1682628698265630
end_time = 1682628698265887
inclusive_time = 257
exclusive_time = 257
process_id = p6
operationName = MmcGetMovieId
serviceName = movie-id-service
call path = ->/wrk2-api/review/compose_nginx->/wrk2-api/review/compose_nginx->ComposeReview_nginx->UploadMovieId_movie-id-service
------------------------------------------------------------------------------------
