span = 0
span_id = 008f4cb011a4e8bf
parent_id = None
start_time = 1682628698069000
end_time = 1682628698074214
inclusive_time = 5214
exclusive_time = 172
process_id = p7
operationName = /wrk2-api/review/compose
serviceName = nginx
------------------------------------------------------------------------------------
span = 1
span_id = 9a8d1dcae0f61542
parent_id = 008f4cb011a4e8bf
start_time = 1682628698069172
end_time = 1682628698074214
inclusive_time = 5042
exclusive_time = 83
process_id = p7
operationName = /wrk2-api/review/compose
serviceName = nginx
------------------------------------------------------------------------------------
span = 2
span_id = 2bf7c816384e8103
parent_id = 9a8d1dcae0f61542
start_time = 1682628698069204
end_time = 1682628698074163
inclusive_time = 4959
exclusive_time = 713
process_id = p7
operationName = ComposeReview
serviceName = nginx
------------------------------------------------------------------------------------
span = 3
span_id = 024283972344de15
parent_id = 2bf7c816384e8103
start_time = 1682628698069496
end_time = 1682628698073626
inclusive_time = 4130
exclusive_time = 436
process_id = p4
operationName = UploadMovieId
serviceName = movie-id-service
------------------------------------------------------------------------------------
span = 4
span_id = 9b221575565d0b64
parent_id = 024283972344de15
start_time = 1682628698070021
end_time = 1682628698073503
inclusive_time = 3482
exclusive_time = 230
process_id = p6
operationName = UploadRating
serviceName = rating-service
------------------------------------------------------------------------------------
span = 5
span_id = 13faaca33fa9f674
parent_id = 9b221575565d0b64
start_time = 1682628698070175
end_time = 1682628698073363
inclusive_time = 3188
exclusive_time = 1357
process_id = p2
operationName = UploadRating
serviceName = compose-review-service
------------------------------------------------------------------------------------
span = 6
span_id = d5f0e84a5c21e804
parent_id = 13faaca33fa9f674
start_time = 1682628698071576
end_time = 1682628698073127
inclusive_time = 1551
exclusive_time = 18
process_id = p1
operationName = UploadMovieReview
serviceName = movie-review-service
------------------------------------------------------------------------------------
span = 7
span_id = b77069d2b5faaab6
parent_id = d5f0e84a5c21e804
start_time = 1682628698071594
end_time = 1682628698073132
inclusive_time = 1538
exclusive_time = 1538
process_id = p1
operationName = MongoFindMovie
serviceName = movie-review-service
------------------------------------------------------------------------------------
span = 8
span_id = 065e06908ca38ffb
parent_id = 024283972344de15
start_time = 1682628698069763
end_time = 1682628698069874
inclusive_time = 111
exclusive_time = 111
process_id = p4
operationName = MmcSetMovieId
serviceName = movie-id-service
------------------------------------------------------------------------------------
span = 9
span_id = 1f6cda7086b2c93c
parent_id = 024283972344de15
start_time = 1682628698069513
end_time = 1682628698069614
inclusive_time = 101
exclusive_time = 101
process_id = p4
operationName = MmcGetMovieId
serviceName = movie-id-service
------------------------------------------------------------------------------------
