span = 0
span_id = 04aad17ec60836d3
parent_id = None
start_time = 1682628698025000
end_time = 1682628698029848
inclusive_time = 4848
exclusive_time = 919
process_id = p1
operationName = /wrk2-api/review/compose
serviceName = nginx
------------------------------------------------------------------------------------
span = 1
span_id = ca08384a217a0ec8
parent_id = 04aad17ec60836d3
start_time = 1682628698025918
end_time = 1682628698029847
inclusive_time = 3929
exclusive_time = 80
process_id = p1
operationName = /wrk2-api/review/compose
serviceName = nginx
------------------------------------------------------------------------------------
span = 2
span_id = d055d4e80c98dc19
parent_id = ca08384a217a0ec8
start_time = 1682628698025951
end_time = 1682628698029800
inclusive_time = 3849
exclusive_time = 281
process_id = p1
operationName = ComposeReview
serviceName = nginx
------------------------------------------------------------------------------------
span = 3
span_id = b882ce4783442db7
parent_id = d055d4e80c98dc19
start_time = 1682628698026468
end_time = 1682628698029688
inclusive_time = 3220
exclusive_time = 314
process_id = p5
operationName = UploadUniqueId
serviceName = unique-id-service
------------------------------------------------------------------------------------
span = 4
span_id = c1c85d7b6b0952ad
parent_id = b882ce4783442db7
start_time = 1682628698026714
end_time = 1682628698029620
inclusive_time = 2906
exclusive_time = 1650
process_id = p3
operationName = UploadUniqueId
serviceName = compose-review-service
------------------------------------------------------------------------------------
span = 5
span_id = 372e18fca2e78f42
parent_id = c1c85d7b6b0952ad
start_time = 1682628698028346
end_time = 1682628698029510
inclusive_time = 1164
exclusive_time = 25
process_id = p6
operationName = UploadMovieReview
serviceName = movie-review-service
------------------------------------------------------------------------------------
span = 6
span_id = 5361f8b46667be20
parent_id = 372e18fca2e78f42
start_time = 1682628698028371
end_time = 1682628698029513
inclusive_time = 1142
exclusive_time = 1142
process_id = p6
operationName = MongoFindMovie
serviceName = movie-review-service
------------------------------------------------------------------------------------
