span = 0
trace_id = 4a27a7e1c60202f2
span_id = 4a27a7e1c60202f2
parent_id = None
start_time = 1682628697978000
end_time = 1682628697983339
inclusive_time = 5339
exclusive_time = 900
process_id = p3
operationName = /wrk2-api/review/compose
serviceName = nginx
call path = 
------------------------------------------------------------------------------------
span = 1
trace_id = 4a27a7e1c60202f2
span_id = e7cca43bd901fab5
parent_id = 4a27a7e1c60202f2
start_time = 1682628697978900
end_time = 1682628697983339
inclusive_time = 4439
exclusive_time = 119
process_id = p3
operationName = /wrk2-api/review/compose
serviceName = nginx
call path = ->/wrk2-api/review/compose_nginx
------------------------------------------------------------------------------------
span = 2
trace_id = 4a27a7e1c60202f2
span_id = a259f6d4e9faa38d
parent_id = e7cca43bd901fab5
start_time = 1682628697978950
end_time = 1682628697983270
inclusive_time = 4320
exclusive_time = 418
process_id = p3
operationName = ComposeReview
serviceName = nginx
call path = ->/wrk2-api/review/compose_nginx->/wrk2-api/review/compose_nginx
------------------------------------------------------------------------------------
span = 3
trace_id = 4a27a7e1c60202f2
span_id = 5af98154fecbfe5e
parent_id = a259f6d4e9faa38d
start_time = 1682628697979282
end_time = 1682628697983184
inclusive_time = 3902
exclusive_time = 342
process_id = p5
operationName = UploadMovieId
serviceName = movie-id-service
call path = ->/wrk2-api/review/compose_nginx->/wrk2-api/review/compose_nginx->ComposeReview_nginx
------------------------------------------------------------------------------------
span = 4
trace_id = 4a27a7e1c60202f2
span_id = 40f9336a1bee63db
parent_id = 5af98154fecbfe5e
start_time = 1682628697979727
end_time = 1682628697983077
inclusive_time = 3350
exclusive_time = 326
process_id = p1
operationName = UploadRating
serviceName = rating-service
call path = ->/wrk2-api/review/compose_nginx->/wrk2-api/review/compose_nginx->ComposeReview_nginx->UploadMovieId_movie-id-service
------------------------------------------------------------------------------------
span = 5
trace_id = 4a27a7e1c60202f2
span_id = be99dfd0fd08568e
parent_id = 40f9336a1bee63db
start_time = 1682628697979956
end_time = 1682628697982904
inclusive_time = 2948
exclusive_time = 1525
process_id = p7
operationName = UploadRating
serviceName = compose-review-service
call path = ->/wrk2-api/review/compose_nginx->/wrk2-api/review/compose_nginx->ComposeReview_nginx->UploadMovieId_movie-id-service->UploadRating_rating-service
------------------------------------------------------------------------------------
span = 6
trace_id = 4a27a7e1c60202f2
span_id = d9f0e97b1c961749
parent_id = be99dfd0fd08568e
start_time = 1682628697981413
end_time = 1682628697982803
inclusive_time = 1390
exclusive_time = 18
process_id = p4
operationName = UploadMovieReview
serviceName = movie-review-service
call path = ->/wrk2-api/review/compose_nginx->/wrk2-api/review/compose_nginx->ComposeReview_nginx->UploadMovieId_movie-id-service->UploadRating_rating-service->UploadRating_compose-review-service
------------------------------------------------------------------------------------
span = 7
trace_id = 4a27a7e1c60202f2
span_id = 63799bb094898abf
parent_id = d9f0e97b1c961749
start_time = 1682628697981431
end_time = 1682628697982808
inclusive_time = 1377
exclusive_time = 1377
process_id = p4
operationName = MongoFindMovie
serviceName = movie-review-service
call path = ->/wrk2-api/review/compose_nginx->/wrk2-api/review/compose_nginx->ComposeReview_nginx->UploadMovieId_movie-id-service->UploadRating_rating-service->UploadRating_compose-review-service->UploadMovieReview_movie-review-service
------------------------------------------------------------------------------------
span = 8
trace_id = 4a27a7e1c60202f2
span_id = 35ea7e41dfd464b2
parent_id = 5af98154fecbfe5e
start_time = 1682628697979530
end_time = 1682628697979653
inclusive_time = 123
exclusive_time = 123
process_id = p5
operationName = MmcSetMovieId
serviceName = movie-id-service
call path = ->/wrk2-api/review/compose_nginx->/wrk2-api/review/compose_nginx->ComposeReview_nginx->UploadMovieId_movie-id-service
------------------------------------------------------------------------------------
span = 9
trace_id = 4a27a7e1c60202f2
span_id = 380279e537411a99
parent_id = 5af98154fecbfe5e
start_time = 1682628697979300
end_time = 1682628697979387
inclusive_time = 87
exclusive_time = 87
process_id = p5
operationName = MmcGetMovieId
serviceName = movie-id-service
call path = ->/wrk2-api/review/compose_nginx->/wrk2-api/review/compose_nginx->ComposeReview_nginx->UploadMovieId_movie-id-service
------------------------------------------------------------------------------------
