span 0
span_id = aa599499153616f9
parent_id = None
start_time = 1682628698191000
end_time = 1682628698194528
inclusive_time = 3528
exclusive_time = 176
process_id = p1
operationName = /wrk2-api/review/compose
serviceName = None
------------------------------------------------------------------------------------
span 1
span_id = 53dbe172d11450e4
parent_id = aa599499153616f9
start_time = 1682628698191176
end_time = 1682628698194528
inclusive_time = 3352
exclusive_time = 111
process_id = p1
operationName = /wrk2-api/review/compose
serviceName = None
------------------------------------------------------------------------------------
span 2
span_id = fcbffdf0cca78ed9
parent_id = 53dbe172d11450e4
start_time = 1682628698191224
end_time = 1682628698194465
inclusive_time = 3241
exclusive_time = 249
process_id = p1
operationName = ComposeReview
serviceName = None
------------------------------------------------------------------------------------
span 3
span_id = b76ebfa989b9d44e
parent_id = fcbffdf0cca78ed9
start_time = 1682628698191980
end_time = 1682628698194391
inclusive_time = 2411
exclusive_time = 239
process_id = p8
operationName = UploadUniqueId
serviceName = None
------------------------------------------------------------------------------------
span 4
span_id = 0db08d47b3743c1d
parent_id = b76ebfa989b9d44e
start_time = 1682628698192158
end_time = 1682628698194330
inclusive_time = 2172
exclusive_time = 856
process_id = p4
operationName = UploadUniqueId
serviceName = None
------------------------------------------------------------------------------------
span 5
span_id = 2d01dbf03a95f95a
parent_id = 0db08d47b3743c1d
start_time = 1682628698193099
end_time = 1682628698194197
inclusive_time = 1098
exclusive_time = 25
process_id = p6
operationName = UploadMovieReview
serviceName = None
------------------------------------------------------------------------------------
span 6
span_id = f4e6e9e8981701a5
parent_id = 2d01dbf03a95f95a
start_time = 1682628698193124
end_time = 1682628698194201
inclusive_time = 1077
exclusive_time = 1077
process_id = p6
operationName = MongoFindMovie
serviceName = None
------------------------------------------------------------------------------------
