span = 0
trace_id = 8942f1b111e95306
span_id = 8942f1b111e95306
parent_id = None
start_time = 1682628698117000
end_time = 1682628698121876
inclusive_time = 4876
exclusive_time = 261
process_id = p7
operationName = /wrk2-api/review/compose
serviceName = nginx
------------------------------------------------------------------------------------
span = 1
trace_id = 8942f1b111e95306
span_id = e419f53e98b825bb
parent_id = 8942f1b111e95306
start_time = 1682628698117261
end_time = 1682628698121876
inclusive_time = 4615
exclusive_time = 300
process_id = p7
operationName = /wrk2-api/review/compose
serviceName = nginx
------------------------------------------------------------------------------------
span = 2
trace_id = 8942f1b111e95306
span_id = 140c16e0ae207041
parent_id = e419f53e98b825bb
start_time = 1682628698117296
end_time = 1682628698121611
inclusive_time = 4315
exclusive_time = 474
process_id = p7
operationName = ComposeReview
serviceName = nginx
------------------------------------------------------------------------------------
span = 3
trace_id = 8942f1b111e95306
span_id = fa2836d13e1f94a8
parent_id = 140c16e0ae207041
start_time = 1682628698117600
end_time = 1682628698121329
inclusive_time = 3729
exclusive_time = 386
process_id = p2
operationName = UploadMovieId
serviceName = movie-id-service
------------------------------------------------------------------------------------
span = 4
trace_id = 8942f1b111e95306
span_id = e2ec7c662eb45dc0
parent_id = fa2836d13e1f94a8
start_time = 1682628698118047
end_time = 1682628698121135
inclusive_time = 3088
exclusive_time = 338
process_id = p4
operationName = UploadRating
serviceName = rating-service
------------------------------------------------------------------------------------
span = 5
trace_id = 8942f1b111e95306
span_id = 7122079eb389945d
parent_id = e2ec7c662eb45dc0
start_time = 1682628698118196
end_time = 1682628698120917
inclusive_time = 2721
exclusive_time = 993
process_id = p5
operationName = UploadRating
serviceName = compose-review-service
------------------------------------------------------------------------------------
span = 6
trace_id = 8942f1b111e95306
span_id = 387c2db687cbb2a6
parent_id = 7122079eb389945d
start_time = 1682628698119532
end_time = 1682628698120795
inclusive_time = 1263
exclusive_time = 17
process_id = p6
operationName = UploadMovieReview
serviceName = movie-review-service
------------------------------------------------------------------------------------
span = 7
trace_id = 8942f1b111e95306
span_id = e7fa21dbd3e51683
parent_id = 387c2db687cbb2a6
start_time = 1682628698119549
end_time = 1682628698120799
inclusive_time = 1250
exclusive_time = 1250
process_id = p6
operationName = MongoFindMovie
serviceName = movie-review-service
------------------------------------------------------------------------------------
span = 8
trace_id = 8942f1b111e95306
span_id = 20b8bf953740ecde
parent_id = 7122079eb389945d
start_time = 1682628698119067
end_time = 1682628698119500
inclusive_time = 433
exclusive_time = 74
process_id = p8
operationName = StoreReview
serviceName = review-storage-service
------------------------------------------------------------------------------------
span = 9
trace_id = 8942f1b111e95306
span_id = d85575211071ee7f
parent_id = 20b8bf953740ecde
start_time = 1682628698119125
end_time = 1682628698119484
inclusive_time = 359
exclusive_time = 359
process_id = p8
operationName = MongoInsertReview
serviceName = review-storage-service
------------------------------------------------------------------------------------
span = 10
trace_id = 8942f1b111e95306
span_id = eaab590b6d892484
parent_id = fa2836d13e1f94a8
start_time = 1682628698117885
end_time = 1682628698117975
inclusive_time = 90
exclusive_time = 90
process_id = p2
operationName = MmcSetMovieId
serviceName = movie-id-service
------------------------------------------------------------------------------------
span = 11
trace_id = 8942f1b111e95306
span_id = b6cd0fe01c26208d
parent_id = fa2836d13e1f94a8
start_time = 1682628698117617
end_time = 1682628698117710
inclusive_time = 93
exclusive_time = 93
process_id = p2
operationName = MmcGetMovieId
serviceName = movie-id-service
------------------------------------------------------------------------------------
