span 0
span_id = a106cca641b13daa
parent_id = None
start_time = 1682628697906000
end_time = 1682628697911565
inclusive_time = 5565
exclusive_time = 1023
process_id = p3
operationName = /wrk2-api/review/compose
serviceName = None
------------------------------------------------------------------------------------
span 1
span_id = d796dff4651625e2
parent_id = a106cca641b13daa
start_time = 1682628697907023
end_time = 1682628697911565
inclusive_time = 4542
exclusive_time = 111
process_id = p3
operationName = /wrk2-api/review/compose
serviceName = None
------------------------------------------------------------------------------------
span 2
span_id = f27c4b8afd75fb11
parent_id = d796dff4651625e2
start_time = 1682628697907068
end_time = 1682628697911499
inclusive_time = 4431
exclusive_time = 763
process_id = p3
operationName = ComposeReview
serviceName = None
------------------------------------------------------------------------------------
span 3
span_id = cdeaaf635a2bc41d
parent_id = f27c4b8afd75fb11
start_time = 1682628697907373
end_time = 1682628697910947
inclusive_time = 3574
exclusive_time = 340
process_id = p2
operationName = UploadMovieId
serviceName = None
------------------------------------------------------------------------------------
span 4
span_id = 99fc59fc3d2dd297
parent_id = cdeaaf635a2bc41d
start_time = 1682628697907742
end_time = 1682628697910763
inclusive_time = 3021
exclusive_time = 314
process_id = p7
operationName = UploadRating
serviceName = None
------------------------------------------------------------------------------------
span 5
span_id = d4e5201507109383
parent_id = 99fc59fc3d2dd297
start_time = 1682628697908065
end_time = 1682628697910621
inclusive_time = 2556
exclusive_time = 931
process_id = p1
operationName = UploadRating
serviceName = None
------------------------------------------------------------------------------------
span 6
span_id = c0916d64595b2b24
parent_id = d4e5201507109383
start_time = 1682628697908900
end_time = 1682628697910441
inclusive_time = 1541
exclusive_time = 36
process_id = p4
operationName = UploadMovieReview
serviceName = None
------------------------------------------------------------------------------------
span 7
span_id = 8b4772808d121678
parent_id = c0916d64595b2b24
start_time = 1682628697908936
end_time = 1682628697910446
inclusive_time = 1510
exclusive_time = 1510
process_id = p4
operationName = MongoFindMovie
serviceName = None
------------------------------------------------------------------------------------
span 8
span_id = 2afc96cf913a8eac
parent_id = cdeaaf635a2bc41d
start_time = 1682628697907578
end_time = 1682628697907671
inclusive_time = 93
exclusive_time = 93
process_id = p2
operationName = MmcSetMovieId
serviceName = None
------------------------------------------------------------------------------------
span 9
span_id = e6de47e7c2987809
parent_id = cdeaaf635a2bc41d
start_time = 1682628697907388
end_time = 1682628697907463
inclusive_time = 75
exclusive_time = 75
process_id = p2
operationName = MmcGetMovieId
serviceName = None
------------------------------------------------------------------------------------
