span = 0
trace_id = 50f808e3c0cf5898
span_id = 50f808e3c0cf5898
parent_id = None
start_time = 1682628698222000
end_time = 1682628698225816
inclusive_time = 3816
exclusive_time = 193
process_id = p6
operationName = /wrk2-api/review/compose
serviceName = nginx
call path = 
------------------------------------------------------------------------------------
span = 1
trace_id = 50f808e3c0cf5898
span_id = 1277ded0afdfeac6
parent_id = 50f808e3c0cf5898
start_time = 1682628698222193
end_time = 1682628698225816
inclusive_time = 3623
exclusive_time = 106
process_id = p6
operationName = /wrk2-api/review/compose
serviceName = nginx
call path = ->/wrk2-api/review/compose_nginx
------------------------------------------------------------------------------------
span = 2
trace_id = 50f808e3c0cf5898
span_id = 9a10d60aaa783d44
parent_id = 1277ded0afdfeac6
start_time = 1682628698222239
end_time = 1682628698225756
inclusive_time = 3517
exclusive_time = 411
process_id = p6
operationName = ComposeReview
serviceName = nginx
call path = ->/wrk2-api/review/compose_nginx->/wrk2-api/review/compose_nginx
------------------------------------------------------------------------------------
span = 3
trace_id = 50f808e3c0cf5898
span_id = 40a65a010a4594b3
parent_id = 9a10d60aaa783d44
start_time = 1682628698222529
end_time = 1682628698225534
inclusive_time = 3005
exclusive_time = 403
process_id = p3
operationName = UploadMovieId
serviceName = movie-id-service
call path = ->/wrk2-api/review/compose_nginx->/wrk2-api/review/compose_nginx->ComposeReview_nginx
------------------------------------------------------------------------------------
span = 4
trace_id = 50f808e3c0cf5898
span_id = ad5777438422bca4
parent_id = 40a65a010a4594b3
start_time = 1682628698222990
end_time = 1682628698225320
inclusive_time = 2330
exclusive_time = 253
process_id = p10
operationName = UploadRating
serviceName = rating-service
call path = ->/wrk2-api/review/compose_nginx->/wrk2-api/review/compose_nginx->ComposeReview_nginx->UploadMovieId_movie-id-service
------------------------------------------------------------------------------------
span = 5
trace_id = 50f808e3c0cf5898
span_id = aa2cc28a625cda28
parent_id = ad5777438422bca4
start_time = 1682628698223174
end_time = 1682628698225184
inclusive_time = 2010
exclusive_time = 910
process_id = p2
operationName = UploadRating
serviceName = compose-review-service
call path = ->/wrk2-api/review/compose_nginx->/wrk2-api/review/compose_nginx->ComposeReview_nginx->UploadMovieId_movie-id-service->UploadRating_rating-service
------------------------------------------------------------------------------------
span = 6
trace_id = 50f808e3c0cf5898
span_id = 5ec46f422bad5679
parent_id = aa2cc28a625cda28
start_time = 1682628698224001
end_time = 1682628698225075
inclusive_time = 1074
exclusive_time = 37
process_id = p4
operationName = UploadMovieReview
serviceName = movie-review-service
call path = ->/wrk2-api/review/compose_nginx->/wrk2-api/review/compose_nginx->ComposeReview_nginx->UploadMovieId_movie-id-service->UploadRating_rating-service->UploadRating_compose-review-service
------------------------------------------------------------------------------------
span = 7
trace_id = 50f808e3c0cf5898
span_id = 56f99328be2fc5ff
parent_id = 5ec46f422bad5679
start_time = 1682628698224038
end_time = 1682628698225078
inclusive_time = 1040
exclusive_time = 1040
process_id = p4
operationName = MongoFindMovie
serviceName = movie-review-service
call path = ->/wrk2-api/review/compose_nginx->/wrk2-api/review/compose_nginx->ComposeReview_nginx->UploadMovieId_movie-id-service->UploadRating_rating-service->UploadRating_compose-review-service->UploadMovieReview_movie-review-service
------------------------------------------------------------------------------------
span = 8
trace_id = 50f808e3c0cf5898
span_id = b98442bddce77d8b
parent_id = 40a65a010a4594b3
start_time = 1682628698222818
end_time = 1682628698222929
inclusive_time = 111
exclusive_time = 111
process_id = p3
operationName = MmcSetMovieId
serviceName = movie-id-service
call path = ->/wrk2-api/review/compose_nginx->/wrk2-api/review/compose_nginx->ComposeReview_nginx->UploadMovieId_movie-id-service
------------------------------------------------------------------------------------
span = 9
trace_id = 50f808e3c0cf5898
span_id = 954945520a8684a1
parent_id = 40a65a010a4594b3
start_time = 1682628698222540
end_time = 1682628698222644
inclusive_time = 104
exclusive_time = 104
process_id = p3
operationName = MmcGetMovieId
serviceName = movie-id-service
call path = ->/wrk2-api/review/compose_nginx->/wrk2-api/review/compose_nginx->ComposeReview_nginx->UploadMovieId_movie-id-service
------------------------------------------------------------------------------------
