span 0
span_id = 7dccbc09df7932c8
parent_id = None
start_time = 1682628697908000
end_time = 1682628697911925
inclusive_time = 3925
exclusive_time = 192
process_id = p8
operationName = /wrk2-api/review/compose
serviceName = None
------------------------------------------------------------------------------------
span 1
span_id = eb7f08567a73b322
parent_id = 7dccbc09df7932c8
start_time = 1682628697908191
end_time = 1682628697911924
inclusive_time = 3733
exclusive_time = 98
process_id = p8
operationName = /wrk2-api/review/compose
serviceName = None
------------------------------------------------------------------------------------
span 2
span_id = 6f9d28a9815e6d18
parent_id = eb7f08567a73b322
start_time = 1682628697908241
end_time = 1682628697911876
inclusive_time = 3635
exclusive_time = 261
process_id = p8
operationName = ComposeReview
serviceName = None
------------------------------------------------------------------------------------
span 3
span_id = d917b61961d10d67
parent_id = 6f9d28a9815e6d18
start_time = 1682628697908525
end_time = 1682628697911803
inclusive_time = 3278
exclusive_time = 461
process_id = p1
operationName = UploadMovieId
serviceName = None
------------------------------------------------------------------------------------
span 4
span_id = b66e1b2c56220933
parent_id = d917b61961d10d67
start_time = 1682628697909245
end_time = 1682628697911639
inclusive_time = 2394
exclusive_time = 1153
process_id = p5
operationName = UploadMovieId
serviceName = None
------------------------------------------------------------------------------------
span 5
span_id = 058e04658861034e
parent_id = b66e1b2c56220933
start_time = 1682628697910231
end_time = 1682628697911387
inclusive_time = 1156
exclusive_time = 27
process_id = p2
operationName = UploadMovieReview
serviceName = None
------------------------------------------------------------------------------------
span 6
span_id = c01546f3f34d71ee
parent_id = 058e04658861034e
start_time = 1682628697910258
end_time = 1682628697911391
inclusive_time = 1133
exclusive_time = 1133
process_id = p2
operationName = MongoFindMovie
serviceName = None
------------------------------------------------------------------------------------
span 7
span_id = ead66d0124beaff3
parent_id = d917b61961d10d67
start_time = 1682628697908767
end_time = 1682628697908856
inclusive_time = 89
exclusive_time = 89
process_id = p1
operationName = MmcSetMovieId
serviceName = None
------------------------------------------------------------------------------------
span 8
span_id = 929b2512a5b0d62f
parent_id = d917b61961d10d67
start_time = 1682628697908536
end_time = 1682628697908633
inclusive_time = 97
exclusive_time = 97
process_id = p1
operationName = MmcGetMovieId
serviceName = None
------------------------------------------------------------------------------------
