span = 0
span_id = 2a4746f16f3135ef
parent_id = None
start_time = 1682628697991000
end_time = 1682628697996165
inclusive_time = 5165
exclusive_time = 919
process_id = p2
operationName = /wrk2-api/review/compose
serviceName = nginx
------------------------------------------------------------------------------------
span = 1
span_id = 972a9140d2b96455
parent_id = 2a4746f16f3135ef
start_time = 1682628697991919
end_time = 1682628697996165
inclusive_time = 4246
exclusive_time = 94
process_id = p2
operationName = /wrk2-api/review/compose
serviceName = nginx
------------------------------------------------------------------------------------
span = 2
span_id = 36ae1294dda2b3ce
parent_id = 972a9140d2b96455
start_time = 1682628697991954
end_time = 1682628697996106
inclusive_time = 4152
exclusive_time = 554
process_id = p2
operationName = ComposeReview
serviceName = nginx
------------------------------------------------------------------------------------
span = 3
span_id = b16fec6927430bae
parent_id = 36ae1294dda2b3ce
start_time = 1682628697992220
end_time = 1682628697995720
inclusive_time = 3500
exclusive_time = 447
process_id = p4
operationName = UploadMovieId
serviceName = movie-id-service
------------------------------------------------------------------------------------
span = 4
span_id = b31be30938fc46ac
parent_id = b16fec6927430bae
start_time = 1682628697992818
end_time = 1682628697995594
inclusive_time = 2776
exclusive_time = 258
process_id = p10
operationName = UploadRating
serviceName = rating-service
------------------------------------------------------------------------------------
span = 5
span_id = 4ce454baa15493da
parent_id = b31be30938fc46ac
start_time = 1682628697992975
end_time = 1682628697995493
inclusive_time = 2518
exclusive_time = 1039
process_id = p6
operationName = UploadRating
serviceName = compose-review-service
------------------------------------------------------------------------------------
span = 6
span_id = 975b06b76c295eef
parent_id = 4ce454baa15493da
start_time = 1682628697993850
end_time = 1682628697995284
inclusive_time = 1434
exclusive_time = 18
process_id = p3
operationName = UploadMovieReview
serviceName = movie-review-service
------------------------------------------------------------------------------------
span = 7
span_id = dfadf3072cf5a820
parent_id = 975b06b76c295eef
start_time = 1682628697993868
end_time = 1682628697995357
inclusive_time = 1489
exclusive_time = 1489
process_id = p3
operationName = MongoFindMovie
serviceName = movie-review-service
------------------------------------------------------------------------------------
span = 8
span_id = 09177f8d7c379e80
parent_id = b16fec6927430bae
start_time = 1682628697992604
end_time = 1682628697992699
inclusive_time = 95
exclusive_time = 95
process_id = p4
operationName = MmcSetMovieId
serviceName = movie-id-service
------------------------------------------------------------------------------------
span = 9
span_id = 2fb9123e88619a90
parent_id = b16fec6927430bae
start_time = 1682628697992243
end_time = 1682628697992341
inclusive_time = 98
exclusive_time = 98
process_id = p4
operationName = MmcGetMovieId
serviceName = movie-id-service
------------------------------------------------------------------------------------
