span 0
span_id = ddfd76c73d56942d
parent_id = None
start_time = 1682628698209000
end_time = 1682628698213506
inclusive_time = 4506
exclusive_time = 475
process_id = p6
operationName = /wrk2-api/review/compose
serviceName = None
------------------------------------------------------------------------------------
span 1
span_id = 8e1d76db404c4156
parent_id = ddfd76c73d56942d
start_time = 1682628698209475
end_time = 1682628698213506
inclusive_time = 4031
exclusive_time = 86
process_id = p6
operationName = /wrk2-api/review/compose
serviceName = None
------------------------------------------------------------------------------------
span 2
span_id = 395f314f0dd7d908
parent_id = 8e1d76db404c4156
start_time = 1682628698209513
end_time = 1682628698213458
inclusive_time = 3945
exclusive_time = 285
process_id = p6
operationName = ComposeReview
serviceName = None
------------------------------------------------------------------------------------
span 3
span_id = bc735ac12767813b
parent_id = 395f314f0dd7d908
start_time = 1682628698209819
end_time = 1682628698213378
inclusive_time = 3559
exclusive_time = 373
process_id = p3
operationName = UploadMovieId
serviceName = None
------------------------------------------------------------------------------------
span 4
span_id = 7cb61345a9e9e70a
parent_id = bc735ac12767813b
start_time = 1682628698210377
end_time = 1682628698213258
inclusive_time = 2881
exclusive_time = 278
process_id = p10
operationName = UploadRating
serviceName = None
------------------------------------------------------------------------------------
span 5
span_id = 53fff8f8c2f4e21b
parent_id = 7cb61345a9e9e70a
start_time = 1682628698210534
end_time = 1682628698213137
inclusive_time = 2603
exclusive_time = 1193
process_id = p2
operationName = UploadRating
serviceName = None
------------------------------------------------------------------------------------
span 6
span_id = 7e2f81825c460e07
parent_id = 53fff8f8c2f4e21b
start_time = 1682628698211766
end_time = 1682628698212960
inclusive_time = 1194
exclusive_time = 26
process_id = p1
operationName = UploadUserReview
serviceName = None
------------------------------------------------------------------------------------
span 7
span_id = 5967dae9d4d2de64
parent_id = 7e2f81825c460e07
start_time = 1682628698211792
end_time = 1682628698212968
inclusive_time = 1176
exclusive_time = 1176
process_id = p1
operationName = MongoFindUser
serviceName = None
------------------------------------------------------------------------------------
span 8
span_id = 2613c9c7eab05a5b
parent_id = bc735ac12767813b
start_time = 1682628698210129
end_time = 1682628698210232
inclusive_time = 103
exclusive_time = 103
process_id = p3
operationName = MmcSetMovieId
serviceName = None
------------------------------------------------------------------------------------
span 9
span_id = 1362476fc3e2445c
parent_id = bc735ac12767813b
start_time = 1682628698209839
end_time = 1682628698209961
inclusive_time = 122
exclusive_time = 122
process_id = p3
operationName = MmcGetMovieId
serviceName = None
------------------------------------------------------------------------------------
