span 0
span_id = 6ab95a278e01cdcf
parent_id = None
start_time = 1682628698037000
end_time = 1682628698042556
inclusive_time = 5556
exclusive_time = 248
process_id = p5
operationName = /wrk2-api/review/compose
serviceName = None
------------------------------------------------------------------------------------
span 1
span_id = 14120d608f83312c
parent_id = 6ab95a278e01cdcf
start_time = 1682628698037247
end_time = 1682628698042555
inclusive_time = 5308
exclusive_time = 89
process_id = p5
operationName = /wrk2-api/review/compose
serviceName = None
------------------------------------------------------------------------------------
span 2
span_id = 5712fbadee96ada5
parent_id = 14120d608f83312c
start_time = 1682628698037292
end_time = 1682628698042511
inclusive_time = 5219
exclusive_time = 1773
process_id = p5
operationName = ComposeReview
serviceName = None
------------------------------------------------------------------------------------
span 3
span_id = 1c10cd1892a54996
parent_id = 5712fbadee96ada5
start_time = 1682628698037685
end_time = 1682628698040920
inclusive_time = 3235
exclusive_time = 934
process_id = p10
operationName = UploadText
serviceName = None
------------------------------------------------------------------------------------
span 4
span_id = 154af74aab71fc91
parent_id = 1c10cd1892a54996
start_time = 1682628698038551
end_time = 1682628698040852
inclusive_time = 2301
exclusive_time = 1031
process_id = p2
operationName = UploadText
serviceName = None
------------------------------------------------------------------------------------
span 5
span_id = 11ff22620bf88e42
parent_id = 154af74aab71fc91
start_time = 1682628698039563
end_time = 1682628698040705
inclusive_time = 1142
exclusive_time = 19
process_id = p3
operationName = UploadUserReview
serviceName = None
------------------------------------------------------------------------------------
span 6
span_id = bf3e8d665a9e5643
parent_id = 11ff22620bf88e42
start_time = 1682628698039582
end_time = 1682628698040708
inclusive_time = 1126
exclusive_time = 1126
process_id = p3
operationName = MongoFindUser
serviceName = None
------------------------------------------------------------------------------------
