span = 0
span_id = 7b25e45fdf6d87a9
parent_id = None
start_time = 1682628697894000
end_time = 1682628697898948
inclusive_time = 4948
exclusive_time = 494
process_id = p1
operationName = /wrk2-api/review/compose
serviceName = nginx
------------------------------------------------------------------------------------
span = 1
span_id = c5c50fc80baa7279
parent_id = 7b25e45fdf6d87a9
start_time = 1682628697894494
end_time = 1682628697898948
inclusive_time = 4454
exclusive_time = 104
process_id = p1
operationName = /wrk2-api/review/compose
serviceName = nginx
------------------------------------------------------------------------------------
span = 2
span_id = 78561e716634ebe4
parent_id = c5c50fc80baa7279
start_time = 1682628697894539
end_time = 1682628697898889
inclusive_time = 4350
exclusive_time = 1063
process_id = p1
operationName = ComposeReview
serviceName = nginx
------------------------------------------------------------------------------------
span = 3
span_id = 592e774f38adc17b
parent_id = 78561e716634ebe4
start_time = 1682628697895116
end_time = 1682628697898301
inclusive_time = 3185
exclusive_time = 438
process_id = p3
operationName = UploadMovieId
serviceName = movie-id-service
------------------------------------------------------------------------------------
span = 4
span_id = ef1aa2d32cc28fb5
parent_id = 592e774f38adc17b
start_time = 1682628697895640
end_time = 1682628697898172
inclusive_time = 2532
exclusive_time = 246
process_id = p7
operationName = UploadRating
serviceName = rating-service
------------------------------------------------------------------------------------
span = 5
span_id = 94ea2168ecb4d66d
parent_id = ef1aa2d32cc28fb5
start_time = 1682628697895815
end_time = 1682628697898068
inclusive_time = 2253
exclusive_time = 1124
process_id = p2
operationName = UploadRating
serviceName = compose-review-service
------------------------------------------------------------------------------------
span = 6
span_id = 719a7bfbdf0d113e
parent_id = 94ea2168ecb4d66d
start_time = 1682628697896795
end_time = 1682628697897895
inclusive_time = 1100
exclusive_time = 18
process_id = p6
operationName = UploadUserReview
serviceName = user-review-service
------------------------------------------------------------------------------------
span = 7
span_id = e2c88327bab9972d
parent_id = 719a7bfbdf0d113e
start_time = 1682628697896813
end_time = 1682628697897903
inclusive_time = 1090
exclusive_time = 1090
process_id = p6
operationName = MongoFindUser
serviceName = user-review-service
------------------------------------------------------------------------------------
span = 8
span_id = 19f5f291e28d6903
parent_id = 592e774f38adc17b
start_time = 1682628697895138
end_time = 1682628697895259
inclusive_time = 121
exclusive_time = 121
process_id = p3
operationName = MmcGetMovieId
serviceName = movie-id-service
------------------------------------------------------------------------------------
