span = 0
trace_id = 21d6d744a5439d09
span_id = 21d6d744a5439d09
parent_id = None
start_time = 1682628698142000
end_time = 1682628698147454
inclusive_time = 5454
exclusive_time = 840
process_id = p4
operationName = /wrk2-api/review/compose
serviceName = nginx
------------------------------------------------------------------------------------
span = 1
trace_id = 21d6d744a5439d09
span_id = 6e799d410686d5b0
parent_id = 21d6d744a5439d09
start_time = 1682628698142840
end_time = 1682628698147454
inclusive_time = 4614
exclusive_time = 153
process_id = p4
operationName = /wrk2-api/review/compose
serviceName = nginx
------------------------------------------------------------------------------------
span = 2
trace_id = 21d6d744a5439d09
span_id = 3e4c7792bcb8e3de
parent_id = 6e799d410686d5b0
start_time = 1682628698142933
end_time = 1682628698147394
inclusive_time = 4461
exclusive_time = 965
process_id = p4
operationName = ComposeReview
serviceName = nginx
------------------------------------------------------------------------------------
span = 3
trace_id = 21d6d744a5439d09
span_id = 1485fa40a71e5a5a
parent_id = 3e4c7792bcb8e3de
start_time = 1682628698143393
end_time = 1682628698146757
inclusive_time = 3364
exclusive_time = 457
process_id = p7
operationName = UploadMovieId
serviceName = movie-id-service
------------------------------------------------------------------------------------
span = 4
trace_id = 21d6d744a5439d09
span_id = 77ecedcb18786244
parent_id = 1485fa40a71e5a5a
start_time = 1682628698143928
end_time = 1682628698146590
inclusive_time = 2662
exclusive_time = 272
process_id = p1
operationName = UploadRating
serviceName = rating-service
------------------------------------------------------------------------------------
span = 5
trace_id = 21d6d744a5439d09
span_id = 90a8836574fb6e16
parent_id = 77ecedcb18786244
start_time = 1682628698144103
end_time = 1682628698146469
inclusive_time = 2366
exclusive_time = 1051
process_id = p2
operationName = UploadRating
serviceName = compose-review-service
------------------------------------------------------------------------------------
span = 6
trace_id = 21d6d744a5439d09
span_id = 2519ac55d4aa8721
parent_id = 90a8836574fb6e16
start_time = 1682628698145010
end_time = 1682628698146325
inclusive_time = 1315
exclusive_time = 19
process_id = p6
operationName = UploadUserReview
serviceName = user-review-service
------------------------------------------------------------------------------------
span = 7
trace_id = 21d6d744a5439d09
span_id = fd0c3e10a4031a04
parent_id = 2519ac55d4aa8721
start_time = 1682628698145029
end_time = 1682628698146330
inclusive_time = 1301
exclusive_time = 1301
process_id = p6
operationName = MongoFindUser
serviceName = user-review-service
------------------------------------------------------------------------------------
span = 8
trace_id = 21d6d744a5439d09
span_id = c685705d24fa41f7
parent_id = 1485fa40a71e5a5a
start_time = 1682628698143793
end_time = 1682628698143904
inclusive_time = 111
exclusive_time = 111
process_id = p7
operationName = MmcSetMovieId
serviceName = movie-id-service
------------------------------------------------------------------------------------
span = 9
trace_id = 21d6d744a5439d09
span_id = 41fb83a18ac99129
parent_id = 1485fa40a71e5a5a
start_time = 1682628698143411
end_time = 1682628698143521
inclusive_time = 110
exclusive_time = 110
process_id = p7
operationName = MmcGetMovieId
serviceName = movie-id-service
------------------------------------------------------------------------------------
