span = 0
span_id = 6da9719359b3c665
parent_id = None
start_time = 1682628698237000
end_time = 1682628698241867
inclusive_time = 4867
exclusive_time = 1078
process_id = p5
operationName = /wrk2-api/review/compose
serviceName = nginx
------------------------------------------------------------------------------------
span = 1
span_id = 51a86b226b9cbab2
parent_id = 6da9719359b3c665
start_time = 1682628698238077
end_time = 1682628698241866
inclusive_time = 3789
exclusive_time = 91
process_id = p5
operationName = /wrk2-api/review/compose
serviceName = nginx
------------------------------------------------------------------------------------
span = 2
span_id = 9c9a25a4f71e3354
parent_id = 51a86b226b9cbab2
start_time = 1682628698238112
end_time = 1682628698241810
inclusive_time = 3698
exclusive_time = 247
process_id = p5
operationName = ComposeReview
serviceName = nginx
------------------------------------------------------------------------------------
span = 3
span_id = eba817fe2ee51454
parent_id = 9c9a25a4f71e3354
start_time = 1682628698238475
end_time = 1682628698241735
inclusive_time = 3260
exclusive_time = 357
process_id = p1
operationName = UploadMovieId
serviceName = movie-id-service
------------------------------------------------------------------------------------
span = 4
span_id = d0b93ba02c875399
parent_id = eba817fe2ee51454
start_time = 1682628698238897
end_time = 1682628698241611
inclusive_time = 2714
exclusive_time = 223
process_id = p10
operationName = UploadRating
serviceName = rating-service
------------------------------------------------------------------------------------
span = 5
span_id = f0088f791c80c300
parent_id = d0b93ba02c875399
start_time = 1682628698239068
end_time = 1682628698241505
inclusive_time = 2437
exclusive_time = 905
process_id = p2
operationName = UploadRating
serviceName = compose-review-service
------------------------------------------------------------------------------------
span = 6
span_id = a9a639e9cd9d062b
parent_id = f0088f791c80c300
start_time = 1682628698240113
end_time = 1682628698241398
inclusive_time = 1285
exclusive_time = 28
process_id = p3
operationName = UploadMovieReview
serviceName = movie-review-service
------------------------------------------------------------------------------------
span = 7
span_id = 8d839e7f355025ad
parent_id = a9a639e9cd9d062b
start_time = 1682628698240141
end_time = 1682628698241403
inclusive_time = 1262
exclusive_time = 1262
process_id = p3
operationName = MongoFindMovie
serviceName = movie-review-service
------------------------------------------------------------------------------------
span = 8
span_id = 5798973bf2bd4789
parent_id = eba817fe2ee51454
start_time = 1682628698238738
end_time = 1682628698238828
inclusive_time = 90
exclusive_time = 90
process_id = p1
operationName = MmcSetMovieId
serviceName = movie-id-service
------------------------------------------------------------------------------------
span = 9
span_id = 5bf94277bad060ae
parent_id = eba817fe2ee51454
start_time = 1682628698238498
end_time = 1682628698238597
inclusive_time = 99
exclusive_time = 99
process_id = p1
operationName = MmcGetMovieId
serviceName = movie-id-service
------------------------------------------------------------------------------------
