span 0
span_id = 14c8939c02fdc0cc
parent_id = None
start_time = 1682628697981000
end_time = 1682628697986742
inclusive_time = 5742
exclusive_time = 685
process_id = p3
operationName = /wrk2-api/review/compose
serviceName = None
------------------------------------------------------------------------------------
span 1
span_id = f0d75e76a3f681f5
parent_id = 14c8939c02fdc0cc
start_time = 1682628697981685
end_time = 1682628697986742
inclusive_time = 5057
exclusive_time = 117
process_id = p3
operationName = /wrk2-api/review/compose
serviceName = None
------------------------------------------------------------------------------------
span 2
span_id = d5400d058800be4d
parent_id = f0d75e76a3f681f5
start_time = 1682628697981722
end_time = 1682628697986662
inclusive_time = 4940
exclusive_time = 1006
process_id = p3
operationName = ComposeReview
serviceName = None
------------------------------------------------------------------------------------
span 3
span_id = 1e21fb5c81f61999
parent_id = d5400d058800be4d
start_time = 1682628697981995
end_time = 1682628697985830
inclusive_time = 3835
exclusive_time = 575
process_id = p5
operationName = UploadMovieId
serviceName = None
------------------------------------------------------------------------------------
span 4
span_id = 3b1a14766ade80d9
parent_id = 1e21fb5c81f61999
start_time = 1682628697982781
end_time = 1682628697985634
inclusive_time = 2853
exclusive_time = 267
process_id = p1
operationName = UploadRating
serviceName = None
------------------------------------------------------------------------------------
span 5
span_id = 47bdbf616e78b6b2
parent_id = 3b1a14766ade80d9
start_time = 1682628697983036
end_time = 1682628697985527
inclusive_time = 2491
exclusive_time = 1175
process_id = p7
operationName = UploadRating
serviceName = None
------------------------------------------------------------------------------------
span 6
span_id = 04aa9f9a4d389272
parent_id = 47bdbf616e78b6b2
start_time = 1682628697984112
end_time = 1682628697985296
inclusive_time = 1184
exclusive_time = 27
process_id = p4
operationName = UploadMovieReview
serviceName = None
------------------------------------------------------------------------------------
span 7
span_id = 994eec8c5d81ee54
parent_id = 04aa9f9a4d389272
start_time = 1682628697984139
end_time = 1682628697985301
inclusive_time = 1162
exclusive_time = 1162
process_id = p4
operationName = MongoFindMovie
serviceName = None
------------------------------------------------------------------------------------
span 8
span_id = 17853039bd925001
parent_id = 1e21fb5c81f61999
start_time = 1682628697982476
end_time = 1682628697982691
inclusive_time = 215
exclusive_time = 215
process_id = p5
operationName = MmcSetMovieId
serviceName = None
------------------------------------------------------------------------------------
span 9
span_id = d833f45170c86b33
parent_id = 1e21fb5c81f61999
start_time = 1682628697982014
end_time = 1682628697982143
inclusive_time = 129
exclusive_time = 129
process_id = p5
operationName = MmcGetMovieId
serviceName = None
------------------------------------------------------------------------------------
