span = 0
trace_id = acdba7ae29de2466
span_id = acdba7ae29de2466
parent_id = None
start_time = 1682628698162000
end_time = 1682628698165758
inclusive_time = 3758
exclusive_time = 167
process_id = p8
operationName = /wrk2-api/review/compose
serviceName = nginx
------------------------------------------------------------------------------------
span = 1
trace_id = acdba7ae29de2466
span_id = cb22a8cdc3578d0b
parent_id = acdba7ae29de2466
start_time = 1682628698162166
end_time = 1682628698165757
inclusive_time = 3591
exclusive_time = 184
process_id = p8
operationName = /wrk2-api/review/compose
serviceName = nginx
------------------------------------------------------------------------------------
span = 2
trace_id = acdba7ae29de2466
span_id = f4afb1541f4982ca
parent_id = cb22a8cdc3578d0b
start_time = 1682628698162214
end_time = 1682628698165621
inclusive_time = 3407
exclusive_time = 237
process_id = p8
operationName = ComposeReview
serviceName = nginx
------------------------------------------------------------------------------------
span = 3
trace_id = acdba7ae29de2466
span_id = 243626fee7294684
parent_id = f4afb1541f4982ca
start_time = 1682628698162467
end_time = 1682628698165537
inclusive_time = 3070
exclusive_time = 343
process_id = p6
operationName = UploadMovieId
serviceName = movie-id-service
------------------------------------------------------------------------------------
span = 4
trace_id = acdba7ae29de2466
span_id = 10871263af86df0e
parent_id = 243626fee7294684
start_time = 1682628698162927
end_time = 1682628698165415
inclusive_time = 2488
exclusive_time = 296
process_id = p1
operationName = UploadRating
serviceName = rating-service
------------------------------------------------------------------------------------
span = 5
trace_id = acdba7ae29de2466
span_id = 7b4019640f34414e
parent_id = 10871263af86df0e
start_time = 1682628698163076
end_time = 1682628698165242
inclusive_time = 2166
exclusive_time = 934
process_id = p2
operationName = UploadRating
serviceName = compose-review-service
------------------------------------------------------------------------------------
span = 6
trace_id = acdba7ae29de2466
span_id = 9775366be0c09355
parent_id = 7b4019640f34414e
start_time = 1682628698163947
end_time = 1682628698165118
inclusive_time = 1171
exclusive_time = 18
process_id = p5
operationName = UploadUserReview
serviceName = user-review-service
------------------------------------------------------------------------------------
span = 7
trace_id = acdba7ae29de2466
span_id = f3a1ca12eac4e18a
parent_id = 9775366be0c09355
start_time = 1682628698163965
end_time = 1682628698165123
inclusive_time = 1158
exclusive_time = 1158
process_id = p5
operationName = MongoFindUser
serviceName = user-review-service
------------------------------------------------------------------------------------
span = 8
trace_id = acdba7ae29de2466
span_id = 5b2f27f3eaac632d
parent_id = 243626fee7294684
start_time = 1682628698162752
end_time = 1682628698162853
inclusive_time = 101
exclusive_time = 101
process_id = p6
operationName = MmcSetMovieId
serviceName = movie-id-service
------------------------------------------------------------------------------------
span = 9
trace_id = acdba7ae29de2466
span_id = 642225b241050fb6
parent_id = 243626fee7294684
start_time = 1682628698162487
end_time = 1682628698162592
inclusive_time = 105
exclusive_time = 105
process_id = p6
operationName = MmcGetMovieId
serviceName = movie-id-service
------------------------------------------------------------------------------------
