span 0
span_id = 7d547432cf35b784
parent_id = None
start_time = 1682628698183000
end_time = 1682628698187696
inclusive_time = 4696
exclusive_time = 430
process_id = p2
operationName = /wrk2-api/review/compose
serviceName = None
------------------------------------------------------------------------------------
span 1
span_id = 38000b159e2a65d4
parent_id = 7d547432cf35b784
start_time = 1682628698183430
end_time = 1682628698187696
inclusive_time = 4266
exclusive_time = 100
process_id = p2
operationName = /wrk2-api/review/compose
serviceName = None
------------------------------------------------------------------------------------
span 2
span_id = fd474cca5fdf741e
parent_id = 38000b159e2a65d4
start_time = 1682628698183468
end_time = 1682628698187634
inclusive_time = 4166
exclusive_time = 768
process_id = p2
operationName = ComposeReview
serviceName = None
------------------------------------------------------------------------------------
span 3
span_id = c783babfdde4cb0a
parent_id = fd474cca5fdf741e
start_time = 1682628698183814
end_time = 1682628698187068
inclusive_time = 3254
exclusive_time = 350
process_id = p6
operationName = UploadMovieId
serviceName = None
------------------------------------------------------------------------------------
span 4
span_id = 33453159289268a9
parent_id = c783babfdde4cb0a
start_time = 1682628698184242
end_time = 1682628698186934
inclusive_time = 2692
exclusive_time = 323
process_id = p10
operationName = UploadRating
serviceName = None
------------------------------------------------------------------------------------
span 5
span_id = 9ab59a291c64a964
parent_id = 33453159289268a9
start_time = 1682628698184447
end_time = 1682628698186803
inclusive_time = 2356
exclusive_time = 1056
process_id = p5
operationName = UploadRating
serviceName = None
------------------------------------------------------------------------------------
span 6
span_id = 835f88748e0efc5e
parent_id = 9ab59a291c64a964
start_time = 1682628698185388
end_time = 1682628698186615
inclusive_time = 1227
exclusive_time = 28
process_id = p4
operationName = UploadUserReview
serviceName = None
------------------------------------------------------------------------------------
span 7
span_id = 9bd1ae1ca941d076
parent_id = 835f88748e0efc5e
start_time = 1682628698185416
end_time = 1682628698186621
inclusive_time = 1205
exclusive_time = 1205
process_id = p4
operationName = MongoFindUser
serviceName = None
------------------------------------------------------------------------------------
span 8
span_id = 42e7e003efcb4c45
parent_id = c783babfdde4cb0a
start_time = 1682628698183832
end_time = 1682628698183939
inclusive_time = 107
exclusive_time = 107
process_id = p6
operationName = MmcGetMovieId
serviceName = None
------------------------------------------------------------------------------------
