span = 0
trace_id = 879ef0bdc6b61bba
span_id = 879ef0bdc6b61bba
parent_id = None
start_time = 1682628697866000
end_time = 1682628697870562
inclusive_time = 4562
exclusive_time = 297
process_id = p3
operationName = /wrk2-api/review/compose
serviceName = nginx
------------------------------------------------------------------------------------
span = 1
trace_id = 879ef0bdc6b61bba
span_id = 9d9d9e87bcc09479
parent_id = 879ef0bdc6b61bba
start_time = 1682628697866296
end_time = 1682628697870561
inclusive_time = 4265
exclusive_time = 90
process_id = p3
operationName = /wrk2-api/review/compose
serviceName = nginx
------------------------------------------------------------------------------------
span = 2
trace_id = 879ef0bdc6b61bba
span_id = 249c2a65ba579097
parent_id = 9d9d9e87bcc09479
start_time = 1682628697866330
end_time = 1682628697870505
inclusive_time = 4175
exclusive_time = 682
process_id = p3
operationName = ComposeReview
serviceName = nginx
------------------------------------------------------------------------------------
span = 3
trace_id = 879ef0bdc6b61bba
span_id = b9691841a5661820
parent_id = 249c2a65ba579097
start_time = 1682628697867112
end_time = 1682628697870074
inclusive_time = 2962
exclusive_time = 304
process_id = p5
operationName = UploadMovieId
serviceName = movie-id-service
------------------------------------------------------------------------------------
span = 4
trace_id = 879ef0bdc6b61bba
span_id = cda45874bfa7beed
parent_id = b9691841a5661820
start_time = 1682628697867501
end_time = 1682628697869942
inclusive_time = 2441
exclusive_time = 1127
process_id = p4
operationName = UploadMovieId
serviceName = compose-review-service
------------------------------------------------------------------------------------
span = 5
trace_id = 879ef0bdc6b61bba
span_id = 150dc9441f2a90fd
parent_id = cda45874bfa7beed
start_time = 1682628697868469
end_time = 1682628697869726
inclusive_time = 1257
exclusive_time = 34
process_id = p2
operationName = UploadUserReview
serviceName = user-review-service
------------------------------------------------------------------------------------
span = 6
trace_id = 879ef0bdc6b61bba
span_id = 80fa9dc249770e1e
parent_id = 150dc9441f2a90fd
start_time = 1682628697868503
end_time = 1682628697869730
inclusive_time = 1227
exclusive_time = 1227
process_id = p2
operationName = MongoFindUser
serviceName = user-review-service
------------------------------------------------------------------------------------
span = 7
trace_id = 879ef0bdc6b61bba
span_id = 1eff4d98e0024a8a
parent_id = b9691841a5661820
start_time = 1682628697867124
end_time = 1682628697867213
inclusive_time = 89
exclusive_time = 89
process_id = p5
operationName = MmcGetMovieId
serviceName = movie-id-service
------------------------------------------------------------------------------------
