span = 0
trace_id = f5ab80a131ad8a85
span_id = f5ab80a131ad8a85
parent_id = None
start_time = 1682628698101000
end_time = 1682628698106284
inclusive_time = 5284
exclusive_time = 1011
process_id = p1
operationName = /wrk2-api/review/compose
serviceName = nginx
call path = 
------------------------------------------------------------------------------------
span = 1
trace_id = f5ab80a131ad8a85
span_id = d91743a5921b5042
parent_id = f5ab80a131ad8a85
start_time = 1682628698102011
end_time = 1682628698106284
inclusive_time = 4273
exclusive_time = 95
process_id = p1
operationName = /wrk2-api/review/compose
serviceName = nginx
call path = ->/wrk2-api/review/compose_nginx
------------------------------------------------------------------------------------
span = 2
trace_id = f5ab80a131ad8a85
span_id = e6924336e9c48af2
parent_id = d91743a5921b5042
start_time = 1682628698102056
end_time = 1682628698106234
inclusive_time = 4178
exclusive_time = 359
process_id = p1
operationName = ComposeReview
serviceName = nginx
call path = ->/wrk2-api/review/compose_nginx->/wrk2-api/review/compose_nginx
------------------------------------------------------------------------------------
span = 3
trace_id = f5ab80a131ad8a85
span_id = f16e418cd5178f70
parent_id = e6924336e9c48af2
start_time = 1682628698102340
end_time = 1682628698106159
inclusive_time = 3819
exclusive_time = 675
process_id = p5
operationName = UploadMovieId
serviceName = movie-id-service
call path = ->/wrk2-api/review/compose_nginx->/wrk2-api/review/compose_nginx->ComposeReview_nginx
------------------------------------------------------------------------------------
span = 4
trace_id = f5ab80a131ad8a85
span_id = 4d99562a639fad04
parent_id = f16e418cd5178f70
start_time = 1682628698102780
end_time = 1682628698105708
inclusive_time = 2928
exclusive_time = 218
process_id = p7
operationName = UploadRating
serviceName = rating-service
call path = ->/wrk2-api/review/compose_nginx->/wrk2-api/review/compose_nginx->ComposeReview_nginx->UploadMovieId_movie-id-service
------------------------------------------------------------------------------------
span = 5
trace_id = f5ab80a131ad8a85
span_id = 8bc866035b2cb4b0
parent_id = 4d99562a639fad04
start_time = 1682628698102923
end_time = 1682628698105580
inclusive_time = 2657
exclusive_time = 964
process_id = p3
operationName = UploadRating
serviceName = compose-review-service
call path = ->/wrk2-api/review/compose_nginx->/wrk2-api/review/compose_nginx->ComposeReview_nginx->UploadMovieId_movie-id-service->UploadRating_rating-service
------------------------------------------------------------------------------------
span = 6
trace_id = f5ab80a131ad8a85
span_id = 4f2b675d11385643
parent_id = 8bc866035b2cb4b0
start_time = 1682628698103815
end_time = 1682628698105394
inclusive_time = 1579
exclusive_time = 27
process_id = p6
operationName = UploadUserReview
serviceName = user-review-service
call path = ->/wrk2-api/review/compose_nginx->/wrk2-api/review/compose_nginx->ComposeReview_nginx->UploadMovieId_movie-id-service->UploadRating_rating-service->UploadRating_compose-review-service
------------------------------------------------------------------------------------
span = 7
trace_id = f5ab80a131ad8a85
span_id = 00088026b579579b
parent_id = 4f2b675d11385643
start_time = 1682628698103842
end_time = 1682628698105399
inclusive_time = 1557
exclusive_time = 1557
process_id = p6
operationName = MongoFindUser
serviceName = user-review-service
call path = ->/wrk2-api/review/compose_nginx->/wrk2-api/review/compose_nginx->ComposeReview_nginx->UploadMovieId_movie-id-service->UploadRating_rating-service->UploadRating_compose-review-service->UploadUserReview_user-review-service
------------------------------------------------------------------------------------
span = 8
trace_id = f5ab80a131ad8a85
span_id = 9bb31a891d3b212d
parent_id = f16e418cd5178f70
start_time = 1682628698102547
end_time = 1682628698102639
inclusive_time = 92
exclusive_time = 92
process_id = p5
operationName = MmcSetMovieId
serviceName = movie-id-service
call path = ->/wrk2-api/review/compose_nginx->/wrk2-api/review/compose_nginx->ComposeReview_nginx->UploadMovieId_movie-id-service
------------------------------------------------------------------------------------
span = 9
trace_id = f5ab80a131ad8a85
span_id = b6a0513f852a39b7
parent_id = f16e418cd5178f70
start_time = 1682628698102357
end_time = 1682628698102436
inclusive_time = 79
exclusive_time = 79
process_id = p5
operationName = MmcGetMovieId
serviceName = movie-id-service
call path = ->/wrk2-api/review/compose_nginx->/wrk2-api/review/compose_nginx->ComposeReview_nginx->UploadMovieId_movie-id-service
------------------------------------------------------------------------------------
