span 0
span_id = cf44391b25e1ef6a
parent_id = None
start_time = 1682628698252000
end_time = 1682628698257507
inclusive_time = 5507
exclusive_time = 487
process_id = p3
operationName = /wrk2-api/review/compose
serviceName = None
------------------------------------------------------------------------------------
span 1
span_id = f61f5f8b4f74dc0d
parent_id = cf44391b25e1ef6a
start_time = 1682628698252487
end_time = 1682628698257507
inclusive_time = 5020
exclusive_time = 157
process_id = p3
operationName = /wrk2-api/review/compose
serviceName = None
------------------------------------------------------------------------------------
span 2
span_id = 3686f282cc4f9e73
parent_id = f61f5f8b4f74dc0d
start_time = 1682628698252531
end_time = 1682628698257394
inclusive_time = 4863
exclusive_time = 303
process_id = p3
operationName = ComposeReview
serviceName = None
------------------------------------------------------------------------------------
span 3
span_id = 3267ca9dbc339658
parent_id = 3686f282cc4f9e73
start_time = 1682628698252837
end_time = 1682628698257286
inclusive_time = 4449
exclusive_time = 550
process_id = p6
operationName = UploadMovieId
serviceName = None
------------------------------------------------------------------------------------
span 4
span_id = ec374d7092d5df69
parent_id = 3267ca9dbc339658
start_time = 1682628698253677
end_time = 1682628698257134
inclusive_time = 3457
exclusive_time = 2073
process_id = p5
operationName = UploadMovieId
serviceName = None
------------------------------------------------------------------------------------
span 5
span_id = 8af52e2d4144f8c6
parent_id = ec374d7092d5df69
start_time = 1682628698255751
end_time = 1682628698256940
inclusive_time = 1189
exclusive_time = 17
process_id = p4
operationName = UploadUserReview
serviceName = None
------------------------------------------------------------------------------------
span 6
span_id = 5049f56c76831704
parent_id = 8af52e2d4144f8c6
start_time = 1682628698255768
end_time = 1682628698256944
inclusive_time = 1176
exclusive_time = 1176
process_id = p4
operationName = MongoFindUser
serviceName = None
------------------------------------------------------------------------------------
span 7
span_id = 681f966310fcd2a7
parent_id = 3267ca9dbc339658
start_time = 1682628698253198
end_time = 1682628698253310
inclusive_time = 112
exclusive_time = 112
process_id = p6
operationName = MmcSetMovieId
serviceName = None
------------------------------------------------------------------------------------
span 8
span_id = cf54339baf9a6552
parent_id = 3267ca9dbc339658
start_time = 1682628698252849
end_time = 1682628698252952
inclusive_time = 103
exclusive_time = 103
process_id = p6
operationName = MmcGetMovieId
serviceName = None
------------------------------------------------------------------------------------
