span 0
span_id = 9f83be867889876b
parent_id = None
start_time = 1682628698003000
end_time = 1682628698009521
inclusive_time = 6521
exclusive_time = 992
process_id = p3
operationName = /wrk2-api/review/compose
serviceName = None
------------------------------------------------------------------------------------
span 1
span_id = c8ad5379eada1780
parent_id = 9f83be867889876b
start_time = 1682628698003992
end_time = 1682628698009521
inclusive_time = 5529
exclusive_time = 105
process_id = p3
operationName = /wrk2-api/review/compose
serviceName = None
------------------------------------------------------------------------------------
span 2
span_id = c5110f6ab537eed8
parent_id = c8ad5379eada1780
start_time = 1682628698004038
end_time = 1682628698009462
inclusive_time = 5424
exclusive_time = 297
process_id = p3
operationName = ComposeReview
serviceName = None
------------------------------------------------------------------------------------
span 3
span_id = 7108f9a597c8bf22
parent_id = c5110f6ab537eed8
start_time = 1682628698004328
end_time = 1682628698009362
inclusive_time = 5034
exclusive_time = 373
process_id = p2
operationName = UploadMovieId
serviceName = None
------------------------------------------------------------------------------------
span 4
span_id = 6bbc4d0b69fb648f
parent_id = 7108f9a597c8bf22
start_time = 1682628698004863
end_time = 1682628698009245
inclusive_time = 4382
exclusive_time = 771
process_id = p9
operationName = UploadRating
serviceName = None
------------------------------------------------------------------------------------
span 5
span_id = 922a3482f5a6999f
parent_id = 6bbc4d0b69fb648f
start_time = 1682628698005806
end_time = 1682628698009142
inclusive_time = 3336
exclusive_time = 1781
process_id = p5
operationName = UploadRating
serviceName = None
------------------------------------------------------------------------------------
span 6
span_id = dadb6a89bbec1017
parent_id = 922a3482f5a6999f
start_time = 1682628698007613
end_time = 1682628698008884
inclusive_time = 1271
exclusive_time = 24
process_id = p1
operationName = UploadMovieReview
serviceName = None
------------------------------------------------------------------------------------
span 7
span_id = 97967d71699b9be1
parent_id = dadb6a89bbec1017
start_time = 1682628698007637
end_time = 1682628698008889
inclusive_time = 1252
exclusive_time = 1252
process_id = p1
operationName = MongoFindMovie
serviceName = None
------------------------------------------------------------------------------------
span 8
span_id = 9531ea6f2cb20355
parent_id = 6bbc4d0b69fb648f
start_time = 1682628698004988
end_time = 1682628698005263
inclusive_time = 275
exclusive_time = 275
process_id = p9
operationName = RedisInsert
serviceName = None
------------------------------------------------------------------------------------
span 9
span_id = e9320f0be81772ce
parent_id = 7108f9a597c8bf22
start_time = 1682628698004643
end_time = 1682628698004769
inclusive_time = 126
exclusive_time = 126
process_id = p2
operationName = MmcSetMovieId
serviceName = None
------------------------------------------------------------------------------------
span 10
span_id = 81baf8f4bb55995e
parent_id = 7108f9a597c8bf22
start_time = 1682628698004351
end_time = 1682628698004453
inclusive_time = 102
exclusive_time = 102
process_id = p2
operationName = MmcGetMovieId
serviceName = None
------------------------------------------------------------------------------------
