span 0
span_id = 216e8af837ffaf87
parent_id = None
start_time = 1682628697879000
end_time = 1682628697883960
inclusive_time = 4960
exclusive_time = 843
process_id = p4
operationName = /wrk2-api/review/compose
serviceName = None
------------------------------------------------------------------------------------
span 1
span_id = 16f7835b12c38e7f
parent_id = 216e8af837ffaf87
start_time = 1682628697879843
end_time = 1682628697883960
inclusive_time = 4117
exclusive_time = 100
process_id = p4
operationName = /wrk2-api/review/compose
serviceName = None
------------------------------------------------------------------------------------
span 2
span_id = 369087b0371b740f
parent_id = 16f7835b12c38e7f
start_time = 1682628697879882
end_time = 1682628697883899
inclusive_time = 4017
exclusive_time = 286
process_id = p4
operationName = ComposeReview
serviceName = None
------------------------------------------------------------------------------------
span 3
span_id = 4d9cd7c092f02515
parent_id = 369087b0371b740f
start_time = 1682628697880230
end_time = 1682628697883819
inclusive_time = 3589
exclusive_time = 346
process_id = p3
operationName = UploadMovieId
serviceName = None
------------------------------------------------------------------------------------
span 4
span_id = 985faa559bb0405b
parent_id = 4d9cd7c092f02515
start_time = 1682628697880672
end_time = 1682628697883670
inclusive_time = 2998
exclusive_time = 379
process_id = p7
operationName = UploadRating
serviceName = None
------------------------------------------------------------------------------------
span 5
span_id = 582cfd328ce6520a
parent_id = 985faa559bb0405b
start_time = 1682628697880828
end_time = 1682628697883413
inclusive_time = 2585
exclusive_time = 1271
process_id = p2
operationName = UploadRating
serviceName = None
------------------------------------------------------------------------------------
span 6
span_id = 5301e84e1477ea2e
parent_id = 582cfd328ce6520a
start_time = 1682628697882060
end_time = 1682628697883279
inclusive_time = 1219
exclusive_time = 29
process_id = p5
operationName = UploadMovieReview
serviceName = None
------------------------------------------------------------------------------------
span 7
span_id = 9cae62995b58d1df
parent_id = 5301e84e1477ea2e
start_time = 1682628697882089
end_time = 1682628697883287
inclusive_time = 1198
exclusive_time = 1198
process_id = p5
operationName = MongoFindMovie
serviceName = None
------------------------------------------------------------------------------------
span 8
span_id = 18b9a49731f67846
parent_id = 4d9cd7c092f02515
start_time = 1682628697880248
end_time = 1682628697880349
inclusive_time = 101
exclusive_time = 101
process_id = p3
operationName = MmcGetMovieId
serviceName = None
------------------------------------------------------------------------------------
