span = 0
trace_id = 15e8622217affb80
span_id = 15e8622217affb80
parent_id = None
start_time = 1682628698310000
end_time = 1682628698314596
inclusive_time = 4596
exclusive_time = 524
process_id = p10
operationName = /wrk2-api/review/compose
serviceName = nginx
------------------------------------------------------------------------------------
span = 1
trace_id = 15e8622217affb80
span_id = ef0e410fc468e255
parent_id = 15e8622217affb80
start_time = 1682628698310524
end_time = 1682628698314596
inclusive_time = 4072
exclusive_time = 102
process_id = p10
operationName = /wrk2-api/review/compose
serviceName = nginx
------------------------------------------------------------------------------------
span = 2
trace_id = 15e8622217affb80
span_id = c4b7ed78a27d72ed
parent_id = ef0e410fc468e255
start_time = 1682628698310569
end_time = 1682628698314539
inclusive_time = 3970
exclusive_time = 315
process_id = p10
operationName = ComposeReview
serviceName = nginx
------------------------------------------------------------------------------------
span = 3
trace_id = 15e8622217affb80
span_id = b71496a0e473bbfc
parent_id = c4b7ed78a27d72ed
start_time = 1682628698310937
end_time = 1682628698314452
inclusive_time = 3515
exclusive_time = 449
process_id = p2
operationName = UploadMovieId
serviceName = movie-id-service
------------------------------------------------------------------------------------
span = 4
trace_id = 15e8622217affb80
span_id = da049d3982d0a17c
parent_id = b71496a0e473bbfc
start_time = 1682628698311467
end_time = 1682628698314330
inclusive_time = 2863
exclusive_time = 263
process_id = p9
operationName = UploadRating
serviceName = rating-service
------------------------------------------------------------------------------------
span = 5
trace_id = 15e8622217affb80
span_id = 766c13ce3f8ba6d3
parent_id = da049d3982d0a17c
start_time = 1682628698311715
end_time = 1682628698314212
inclusive_time = 2497
exclusive_time = 907
process_id = p1
operationName = UploadRating
serviceName = compose-review-service
------------------------------------------------------------------------------------
span = 6
trace_id = 15e8622217affb80
span_id = 6f1073f270b263b6
parent_id = 766c13ce3f8ba6d3
start_time = 1682628698312610
end_time = 1682628698314066
inclusive_time = 1456
exclusive_time = 26
process_id = p6
operationName = UploadUserReview
serviceName = user-review-service
------------------------------------------------------------------------------------
span = 7
trace_id = 15e8622217affb80
span_id = c0dc5ab9294cde14
parent_id = 6f1073f270b263b6
start_time = 1682628698312636
end_time = 1682628698314069
inclusive_time = 1433
exclusive_time = 1433
process_id = p6
operationName = MongoFindUser
serviceName = user-review-service
------------------------------------------------------------------------------------
span = 8
trace_id = 15e8622217affb80
span_id = c8047602f7cc75e3
parent_id = b71496a0e473bbfc
start_time = 1682628698311285
end_time = 1682628698311370
inclusive_time = 85
exclusive_time = 85
process_id = p2
operationName = MmcSetMovieId
serviceName = movie-id-service
------------------------------------------------------------------------------------
span = 9
trace_id = 15e8622217affb80
span_id = d898603cd49f2c91
parent_id = b71496a0e473bbfc
start_time = 1682628698310959
end_time = 1682628698311054
inclusive_time = 95
exclusive_time = 95
process_id = p2
operationName = MmcGetMovieId
serviceName = movie-id-service
------------------------------------------------------------------------------------
