span 0
span_id = d4f56f1b1a78d367
parent_id = None
start_time = 1682628697917000
end_time = 1682628697923557
inclusive_time = 6557
exclusive_time = 1560
process_id = p7
operationName = /wrk2-api/review/compose
serviceName = None
------------------------------------------------------------------------------------
span 1
span_id = abf916371f262ed3
parent_id = d4f56f1b1a78d367
start_time = 1682628697918559
end_time = 1682628697923556
inclusive_time = 4997
exclusive_time = 109
process_id = p7
operationName = /wrk2-api/review/compose
serviceName = None
------------------------------------------------------------------------------------
span 2
span_id = 5377d5e49f49d9f0
parent_id = abf916371f262ed3
start_time = 1682628697918612
end_time = 1682628697923500
inclusive_time = 4888
exclusive_time = 400
process_id = p7
operationName = ComposeReview
serviceName = None
------------------------------------------------------------------------------------
span 3
span_id = 46222d1eff25b9ce
parent_id = 5377d5e49f49d9f0
start_time = 1682628697919357
end_time = 1682628697923397
inclusive_time = 4040
exclusive_time = 494
process_id = p8
operationName = UploadMovieId
serviceName = None
------------------------------------------------------------------------------------
span 4
span_id = b1c9bdd57c732593
parent_id = 46222d1eff25b9ce
start_time = 1682628697919941
end_time = 1682628697923262
inclusive_time = 3321
exclusive_time = 274
process_id = p5
operationName = UploadRating
serviceName = None
------------------------------------------------------------------------------------
span 5
span_id = f4d70a27e80c40d6
parent_id = b1c9bdd57c732593
start_time = 1682628697920087
end_time = 1682628697923118
inclusive_time = 3031
exclusive_time = 1815
process_id = p4
operationName = UploadRating
serviceName = None
------------------------------------------------------------------------------------
span 6
span_id = fc12aed8b6619d40
parent_id = f4d70a27e80c40d6
start_time = 1682628697921571
end_time = 1682628697922725
inclusive_time = 1154
exclusive_time = 20
process_id = p1
operationName = UploadMovieReview
serviceName = None
------------------------------------------------------------------------------------
span 7
span_id = 25a20d43d2bc9ee2
parent_id = fc12aed8b6619d40
start_time = 1682628697921591
end_time = 1682628697922729
inclusive_time = 1138
exclusive_time = 1138
process_id = p1
operationName = MongoFindMovie
serviceName = None
------------------------------------------------------------------------------------
span 8
span_id = f56827f91cee1bbe
parent_id = 46222d1eff25b9ce
start_time = 1682628697919375
end_time = 1682628697919503
inclusive_time = 128
exclusive_time = 128
process_id = p8
operationName = MmcGetMovieId
serviceName = None
------------------------------------------------------------------------------------
