span = 0
trace_id = b7a3f90cdb12c409
span_id = b7a3f90cdb12c409
parent_id = None
start_time = 1682628698203000
end_time = 1682628698207903
inclusive_time = 4903
exclusive_time = 1006
process_id = p7
operationName = /wrk2-api/review/compose
serviceName = nginx
call path = 
------------------------------------------------------------------------------------
span = 1
trace_id = b7a3f90cdb12c409
span_id = 722b3e06ee935cf5
parent_id = b7a3f90cdb12c409
start_time = 1682628698204005
end_time = 1682628698207902
inclusive_time = 3897
exclusive_time = 95
process_id = p7
operationName = /wrk2-api/review/compose
serviceName = nginx
call path = ->/wrk2-api/review/compose_nginx
------------------------------------------------------------------------------------
span = 2
trace_id = b7a3f90cdb12c409
span_id = 21d11ca554beea64
parent_id = 722b3e06ee935cf5
start_time = 1682628698204051
end_time = 1682628698207853
inclusive_time = 3802
exclusive_time = 247
process_id = p7
operationName = ComposeReview
serviceName = nginx
call path = ->/wrk2-api/review/compose_nginx->/wrk2-api/review/compose_nginx
------------------------------------------------------------------------------------
span = 3
trace_id = b7a3f90cdb12c409
span_id = 8bb6583d3ae2a1b4
parent_id = 21d11ca554beea64
start_time = 1682628698204685
end_time = 1682628698207786
inclusive_time = 3101
exclusive_time = 185
process_id = p9
operationName = UploadText
serviceName = text-service
call path = ->/wrk2-api/review/compose_nginx->/wrk2-api/review/compose_nginx->ComposeReview_nginx
------------------------------------------------------------------------------------
span = 4
trace_id = b7a3f90cdb12c409
span_id = e86808c5e7a626ba
parent_id = 8bb6583d3ae2a1b4
start_time = 1682628698204802
end_time = 1682628698207718
inclusive_time = 2916
exclusive_time = 1275
process_id = p3
operationName = UploadText
serviceName = compose-review-service
call path = ->/wrk2-api/review/compose_nginx->/wrk2-api/review/compose_nginx->ComposeReview_nginx->UploadText_text-service
------------------------------------------------------------------------------------
span = 5
trace_id = b7a3f90cdb12c409
span_id = a0b66cd9b2b6e562
parent_id = e86808c5e7a626ba
start_time = 1682628698206310
end_time = 1682628698207523
inclusive_time = 1213
exclusive_time = 21
process_id = p2
operationName = UploadUserReview
serviceName = user-review-service
call path = ->/wrk2-api/review/compose_nginx->/wrk2-api/review/compose_nginx->ComposeReview_nginx->UploadText_text-service->UploadText_compose-review-service
------------------------------------------------------------------------------------
span = 6
trace_id = b7a3f90cdb12c409
span_id = 6758c5cb91811647
parent_id = a0b66cd9b2b6e562
start_time = 1682628698206331
end_time = 1682628698207535
inclusive_time = 1204
exclusive_time = 1204
process_id = p2
operationName = MongoFindUser
serviceName = user-review-service
call path = ->/wrk2-api/review/compose_nginx->/wrk2-api/review/compose_nginx->ComposeReview_nginx->UploadText_text-service->UploadText_compose-review-service->UploadUserReview_user-review-service
------------------------------------------------------------------------------------
span = 7
trace_id = b7a3f90cdb12c409
span_id = 53bc6fbab513be5a
parent_id = e86808c5e7a626ba
start_time = 1682628698205882
end_time = 1682628698206147
inclusive_time = 265
exclusive_time = 27
process_id = p1
operationName = StoreReview
serviceName = review-storage-service
call path = ->/wrk2-api/review/compose_nginx->/wrk2-api/review/compose_nginx->ComposeReview_nginx->UploadText_text-service->UploadText_compose-review-service
------------------------------------------------------------------------------------
span = 8
trace_id = b7a3f90cdb12c409
span_id = 1c59fb9dfd2c1afd
parent_id = 53bc6fbab513be5a
start_time = 1682628698205900
end_time = 1682628698206138
inclusive_time = 238
exclusive_time = 238
process_id = p1
operationName = MongoInsertReview
serviceName = review-storage-service
call path = ->/wrk2-api/review/compose_nginx->/wrk2-api/review/compose_nginx->ComposeReview_nginx->UploadText_text-service->UploadText_compose-review-service->StoreReview_review-storage-service
------------------------------------------------------------------------------------
