span = 0
trace_id = 425f702a6f6c657e
span_id = 425f702a6f6c657e
parent_id = None
start_time = 1682628698329000
end_time = 1682628698334024
inclusive_time = 5024
exclusive_time = 270
process_id = p10
operationName = /wrk2-api/review/compose
serviceName = nginx
call path = 
------------------------------------------------------------------------------------
span = 1
trace_id = 425f702a6f6c657e
span_id = a8572fdd4773ed41
parent_id = 425f702a6f6c657e
start_time = 1682628698329270
end_time = 1682628698334024
inclusive_time = 4754
exclusive_time = 84
process_id = p10
operationName = /wrk2-api/review/compose
serviceName = nginx
call path = ->/wrk2-api/review/compose_nginx
------------------------------------------------------------------------------------
span = 2
trace_id = 425f702a6f6c657e
span_id = 3748cb906d07a894
parent_id = a8572fdd4773ed41
start_time = 1682628698329307
end_time = 1682628698333977
inclusive_time = 4670
exclusive_time = 1421
process_id = p10
operationName = ComposeReview
serviceName = nginx
call path = ->/wrk2-api/review/compose_nginx->/wrk2-api/review/compose_nginx
------------------------------------------------------------------------------------
span = 3
trace_id = 425f702a6f6c657e
span_id = df1329fef268c52f
parent_id = 3748cb906d07a894
start_time = 1682628698330027
end_time = 1682628698333011
inclusive_time = 2984
exclusive_time = 397
process_id = p1
operationName = UploadMovieId
serviceName = movie-id-service
call path = ->/wrk2-api/review/compose_nginx->/wrk2-api/review/compose_nginx->ComposeReview_nginx
------------------------------------------------------------------------------------
span = 4
trace_id = 425f702a6f6c657e
span_id = f408232d3719e7f3
parent_id = df1329fef268c52f
start_time = 1682628698330784
end_time = 1682628698332876
inclusive_time = 2092
exclusive_time = 211
process_id = p9
operationName = UploadRating
serviceName = rating-service
call path = ->/wrk2-api/review/compose_nginx->/wrk2-api/review/compose_nginx->ComposeReview_nginx->UploadMovieId_movie-id-service
------------------------------------------------------------------------------------
span = 5
trace_id = 425f702a6f6c657e
span_id = 8729fd50ce32cfa0
parent_id = f408232d3719e7f3
start_time = 1682628698330937
end_time = 1682628698332789
inclusive_time = 1852
exclusive_time = 762
process_id = p2
operationName = UploadRating
serviceName = compose-review-service
call path = ->/wrk2-api/review/compose_nginx->/wrk2-api/review/compose_nginx->ComposeReview_nginx->UploadMovieId_movie-id-service->UploadRating_rating-service
------------------------------------------------------------------------------------
span = 6
trace_id = 425f702a6f6c657e
span_id = 0541a53148065601
parent_id = 8729fd50ce32cfa0
start_time = 1682628698331651
end_time = 1682628698332685
inclusive_time = 1034
exclusive_time = 21
process_id = p5
operationName = UploadMovieReview
serviceName = movie-review-service
call path = ->/wrk2-api/review/compose_nginx->/wrk2-api/review/compose_nginx->ComposeReview_nginx->UploadMovieId_movie-id-service->UploadRating_rating-service->UploadRating_compose-review-service
------------------------------------------------------------------------------------
span = 7
trace_id = 425f702a6f6c657e
span_id = 29d3dfe3e81b7c09
parent_id = 0541a53148065601
start_time = 1682628698331672
end_time = 1682628698332689
inclusive_time = 1017
exclusive_time = 1017
process_id = p5
operationName = MongoFindMovie
serviceName = movie-review-service
call path = ->/wrk2-api/review/compose_nginx->/wrk2-api/review/compose_nginx->ComposeReview_nginx->UploadMovieId_movie-id-service->UploadRating_rating-service->UploadRating_compose-review-service->UploadMovieReview_movie-review-service
------------------------------------------------------------------------------------
span = 8
trace_id = 425f702a6f6c657e
span_id = fa88d449d8e62d0e
parent_id = df1329fef268c52f
start_time = 1682628698330442
end_time = 1682628698330702
inclusive_time = 260
exclusive_time = 260
process_id = p2
operationName = UploadMovieId
serviceName = compose-review-service
call path = ->/wrk2-api/review/compose_nginx->/wrk2-api/review/compose_nginx->ComposeReview_nginx->UploadMovieId_movie-id-service
------------------------------------------------------------------------------------
span = 9
trace_id = 425f702a6f6c657e
span_id = b4cda74d7d68a6ed
parent_id = df1329fef268c52f
start_time = 1682628698330305
end_time = 1682628698330437
inclusive_time = 132
exclusive_time = 132
process_id = p1
operationName = MmcSetMovieId
serviceName = movie-id-service
call path = ->/wrk2-api/review/compose_nginx->/wrk2-api/review/compose_nginx->ComposeReview_nginx->UploadMovieId_movie-id-service
------------------------------------------------------------------------------------
span = 10
trace_id = 425f702a6f6c657e
span_id = 72c85086fa364ffc
parent_id = df1329fef268c52f
start_time = 1682628698330052
end_time = 1682628698330155
inclusive_time = 103
exclusive_time = 103
process_id = p1
operationName = MmcGetMovieId
serviceName = movie-id-service
call path = ->/wrk2-api/review/compose_nginx->/wrk2-api/review/compose_nginx->ComposeReview_nginx->UploadMovieId_movie-id-service
------------------------------------------------------------------------------------
