span = 0
trace_id = 91c0a45c149a3ada
span_id = 91c0a45c149a3ada
parent_id = None
start_time = 1682628698068000
end_time = 1682628698073228
inclusive_time = 5228
exclusive_time = 459
process_id = p1
operationName = /wrk2-api/review/compose
serviceName = nginx
------------------------------------------------------------------------------------
span = 1
trace_id = 91c0a45c149a3ada
span_id = aa00df20b9c743b0
parent_id = 91c0a45c149a3ada
start_time = 1682628698068458
end_time = 1682628698073227
inclusive_time = 4769
exclusive_time = 87
process_id = p1
operationName = /wrk2-api/review/compose
serviceName = nginx
------------------------------------------------------------------------------------
span = 2
trace_id = 91c0a45c149a3ada
span_id = a12fa1e88c08d2bf
parent_id = aa00df20b9c743b0
start_time = 1682628698068493
end_time = 1682628698073175
inclusive_time = 4682
exclusive_time = 248
process_id = p1
operationName = ComposeReview
serviceName = nginx
------------------------------------------------------------------------------------
span = 3
trace_id = 91c0a45c149a3ada
span_id = 88162402af264d59
parent_id = a12fa1e88c08d2bf
start_time = 1682628698068654
end_time = 1682628698073088
inclusive_time = 4434
exclusive_time = 269
process_id = p4
operationName = UploadUserWithUsername
serviceName = user-service
------------------------------------------------------------------------------------
span = 4
trace_id = 91c0a45c149a3ada
span_id = a62b56eeab1d2c1b
parent_id = 88162402af264d59
start_time = 1682628698070723
end_time = 1682628698073015
inclusive_time = 2292
exclusive_time = 958
process_id = p3
operationName = UploadUserId
serviceName = compose-review-service
------------------------------------------------------------------------------------
span = 5
trace_id = 91c0a45c149a3ada
span_id = 9038f8dc89badb19
parent_id = a62b56eeab1d2c1b
start_time = 1682628698071619
end_time = 1682628698072865
inclusive_time = 1246
exclusive_time = 18
process_id = p2
operationName = UploadMovieReview
serviceName = movie-review-service
------------------------------------------------------------------------------------
span = 6
trace_id = 91c0a45c149a3ada
span_id = 174e4e588388f4bb
parent_id = 9038f8dc89badb19
start_time = 1682628698071637
end_time = 1682628698072871
inclusive_time = 1234
exclusive_time = 1234
process_id = p2
operationName = MongoFindMovie
serviceName = movie-review-service
------------------------------------------------------------------------------------
span = 7
trace_id = 91c0a45c149a3ada
span_id = b96b462aaeba9dba
parent_id = 88162402af264d59
start_time = 1682628698068671
end_time = 1682628698070544
inclusive_time = 1873
exclusive_time = 1873
process_id = p4
operationName = MmcGetUserId
serviceName = user-service
------------------------------------------------------------------------------------
