span 0
span_id = b15a79807200946f
parent_id = None
start_time = 1682628698150000
end_time = 1682628698155041
inclusive_time = 5041
exclusive_time = 881
process_id = p2
operationName = /wrk2-api/review/compose
serviceName = None
------------------------------------------------------------------------------------
span 1
span_id = bfdde012fb116be2
parent_id = b15a79807200946f
start_time = 1682628698150881
end_time = 1682628698155041
inclusive_time = 4160
exclusive_time = 96
process_id = p2
operationName = /wrk2-api/review/compose
serviceName = None
------------------------------------------------------------------------------------
span 2
span_id = 6478cd5f4871f7ed
parent_id = bfdde012fb116be2
start_time = 1682628698150916
end_time = 1682628698154980
inclusive_time = 4064
exclusive_time = 559
process_id = p2
operationName = ComposeReview
serviceName = None
------------------------------------------------------------------------------------
span 3
span_id = c479f9c9d1652878
parent_id = 6478cd5f4871f7ed
start_time = 1682628698151172
end_time = 1682628698154608
inclusive_time = 3436
exclusive_time = 351
process_id = p7
operationName = UploadMovieId
serviceName = None
------------------------------------------------------------------------------------
span 4
span_id = 4f5a8fc79220c491
parent_id = c479f9c9d1652878
start_time = 1682628698151609
end_time = 1682628698154461
inclusive_time = 2852
exclusive_time = 329
process_id = p1
operationName = UploadRating
serviceName = None
------------------------------------------------------------------------------------
span 5
span_id = 45ecabca9c61a42a
parent_id = 4f5a8fc79220c491
start_time = 1682628698151841
end_time = 1682628698154342
inclusive_time = 2501
exclusive_time = 1117
process_id = p3
operationName = UploadRating
serviceName = None
------------------------------------------------------------------------------------
span 6
span_id = 6a900c9978362641
parent_id = 45ecabca9c61a42a
start_time = 1682628698152757
end_time = 1682628698154044
inclusive_time = 1287
exclusive_time = 27
process_id = p6
operationName = UploadUserReview
serviceName = None
------------------------------------------------------------------------------------
span 7
span_id = 5742bdbc85c8f700
parent_id = 6a900c9978362641
start_time = 1682628698152784
end_time = 1682628698154049
inclusive_time = 1265
exclusive_time = 1265
process_id = p6
operationName = MongoFindUser
serviceName = None
------------------------------------------------------------------------------------
span 8
span_id = 0e5d7ed1ac538b11
parent_id = c479f9c9d1652878
start_time = 1682628698151428
end_time = 1682628698151549
inclusive_time = 121
exclusive_time = 121
process_id = p7
operationName = MmcSetMovieId
serviceName = None
------------------------------------------------------------------------------------
span 9
span_id = efd68d0554e195d0
parent_id = c479f9c9d1652878
start_time = 1682628698151187
end_time = 1682628698151261
inclusive_time = 74
exclusive_time = 74
process_id = p7
operationName = MmcGetMovieId
serviceName = None
------------------------------------------------------------------------------------
