span = 0
trace_id = f6a039fd7a5078b8
span_id = f6a039fd7a5078b8
parent_id = None
start_time = 1682628698196000
end_time = 1682628698200413
inclusive_time = 4413
exclusive_time = 720
process_id = p1
operationName = /wrk2-api/review/compose
serviceName = nginx
call path = 
------------------------------------------------------------------------------------
span = 1
trace_id = f6a039fd7a5078b8
span_id = c3f189205891f2af
parent_id = f6a039fd7a5078b8
start_time = 1682628698196719
end_time = 1682628698200412
inclusive_time = 3693
exclusive_time = 98
process_id = p1
operationName = /wrk2-api/review/compose
serviceName = nginx
call path = ->/wrk2-api/review/compose_nginx
------------------------------------------------------------------------------------
span = 2
trace_id = f6a039fd7a5078b8
span_id = 02df99ce25e1d0dc
parent_id = c3f189205891f2af
start_time = 1682628698196760
end_time = 1682628698200355
inclusive_time = 3595
exclusive_time = 423
process_id = p1
operationName = ComposeReview
serviceName = nginx
call path = ->/wrk2-api/review/compose_nginx->/wrk2-api/review/compose_nginx
------------------------------------------------------------------------------------
span = 3
trace_id = f6a039fd7a5078b8
span_id = 6a8487d3cdc8ad36
parent_id = 02df99ce25e1d0dc
start_time = 1682628698196996
end_time = 1682628698200098
inclusive_time = 3102
exclusive_time = 278
process_id = p5
operationName = UploadMovieId
serviceName = movie-id-service
call path = ->/wrk2-api/review/compose_nginx->/wrk2-api/review/compose_nginx->ComposeReview_nginx
------------------------------------------------------------------------------------
span = 4
trace_id = f6a039fd7a5078b8
span_id = d92a6f2cf85a8d50
parent_id = 6a8487d3cdc8ad36
start_time = 1682628698197349
end_time = 1682628698199975
inclusive_time = 2626
exclusive_time = 267
process_id = p10
operationName = UploadRating
serviceName = rating-service
call path = ->/wrk2-api/review/compose_nginx->/wrk2-api/review/compose_nginx->ComposeReview_nginx->UploadMovieId_movie-id-service
------------------------------------------------------------------------------------
span = 5
trace_id = f6a039fd7a5078b8
span_id = 2da9f9e22b9c3faa
parent_id = d92a6f2cf85a8d50
start_time = 1682628698197491
end_time = 1682628698199813
inclusive_time = 2322
exclusive_time = 1025
process_id = p4
operationName = UploadRating
serviceName = compose-review-service
call path = ->/wrk2-api/review/compose_nginx->/wrk2-api/review/compose_nginx->ComposeReview_nginx->UploadMovieId_movie-id-service->UploadRating_rating-service
------------------------------------------------------------------------------------
span = 6
trace_id = f6a039fd7a5078b8
span_id = 785e7186e1a31f1c
parent_id = 2da9f9e22b9c3faa
start_time = 1682628698198319
end_time = 1682628698199559
inclusive_time = 1240
exclusive_time = 33
process_id = p6
operationName = UploadMovieReview
serviceName = movie-review-service
call path = ->/wrk2-api/review/compose_nginx->/wrk2-api/review/compose_nginx->ComposeReview_nginx->UploadMovieId_movie-id-service->UploadRating_rating-service->UploadRating_compose-review-service
------------------------------------------------------------------------------------
span = 7
trace_id = f6a039fd7a5078b8
span_id = 11710f52f11c7080
parent_id = 785e7186e1a31f1c
start_time = 1682628698198352
end_time = 1682628698199563
inclusive_time = 1211
exclusive_time = 1211
process_id = p6
operationName = MongoFindMovie
serviceName = movie-review-service
call path = ->/wrk2-api/review/compose_nginx->/wrk2-api/review/compose_nginx->ComposeReview_nginx->UploadMovieId_movie-id-service->UploadRating_rating-service->UploadRating_compose-review-service->UploadMovieReview_movie-review-service
------------------------------------------------------------------------------------
span = 8
trace_id = f6a039fd7a5078b8
span_id = 3746ccb874f3354f
parent_id = 6a8487d3cdc8ad36
start_time = 1682628698197230
end_time = 1682628698197345
inclusive_time = 115
exclusive_time = 115
process_id = p5
operationName = MmcSetMovieId
serviceName = movie-id-service
call path = ->/wrk2-api/review/compose_nginx->/wrk2-api/review/compose_nginx->ComposeReview_nginx->UploadMovieId_movie-id-service
------------------------------------------------------------------------------------
span = 9
trace_id = f6a039fd7a5078b8
span_id = a0e257960d8474fa
parent_id = 6a8487d3cdc8ad36
start_time = 1682628698197008
end_time = 1682628698197091
inclusive_time = 83
exclusive_time = 83
process_id = p5
operationName = MmcGetMovieId
serviceName = movie-id-service
call path = ->/wrk2-api/review/compose_nginx->/wrk2-api/review/compose_nginx->ComposeReview_nginx->UploadMovieId_movie-id-service
------------------------------------------------------------------------------------
