span 0
span_id = d23fd172756f9d66
parent_id = None
start_time = 1682628697939000
end_time = 1682628697943947
inclusive_time = 4947
exclusive_time = 130
process_id = p8
operationName = /wrk2-api/review/compose
serviceName = None
------------------------------------------------------------------------------------
span 1
span_id = f69355f74406d9e7
parent_id = d23fd172756f9d66
start_time = 1682628697939129
end_time = 1682628697943946
inclusive_time = 4817
exclusive_time = 97
process_id = p8
operationName = /wrk2-api/review/compose
serviceName = None
------------------------------------------------------------------------------------
span 2
span_id = bac8eb82fa445782
parent_id = f69355f74406d9e7
start_time = 1682628697939169
end_time = 1682628697943889
inclusive_time = 4720
exclusive_time = 731
process_id = p8
operationName = ComposeReview
serviceName = None
------------------------------------------------------------------------------------
span 3
span_id = 4a42d3730d9d86ab
parent_id = bac8eb82fa445782
start_time = 1682628697939764
end_time = 1682628697943361
inclusive_time = 3597
exclusive_time = 488
process_id = p7
operationName = UploadMovieId
serviceName = None
------------------------------------------------------------------------------------
span 4
span_id = 6ad07914d55a8b22
parent_id = 4a42d3730d9d86ab
start_time = 1682628697940342
end_time = 1682628697943218
inclusive_time = 2876
exclusive_time = 1416
process_id = p3
operationName = UploadMovieId
serviceName = None
------------------------------------------------------------------------------------
span 5
span_id = 26e791915f28a394
parent_id = 6ad07914d55a8b22
start_time = 1682628697941698
end_time = 1682628697943110
inclusive_time = 1412
exclusive_time = 19
process_id = p2
operationName = UploadUserReview
serviceName = None
------------------------------------------------------------------------------------
span 6
span_id = 19c255e025d807e6
parent_id = 26e791915f28a394
start_time = 1682628697941717
end_time = 1682628697943114
inclusive_time = 1397
exclusive_time = 1397
process_id = p2
operationName = MongoFindUser
serviceName = None
------------------------------------------------------------------------------------
span 7
span_id = 40f6ccb581c0cfd5
parent_id = 4a42d3730d9d86ab
start_time = 1682628697940118
end_time = 1682628697940233
inclusive_time = 115
exclusive_time = 115
process_id = p7
operationName = MmcSetMovieId
serviceName = None
------------------------------------------------------------------------------------
span 8
span_id = 565baed8f4cb7001
parent_id = 4a42d3730d9d86ab
start_time = 1682628697939788
end_time = 1682628697939886
inclusive_time = 98
exclusive_time = 98
process_id = p7
operationName = MmcGetMovieId
serviceName = None
------------------------------------------------------------------------------------
