span 0
span_id = 9be0603ce0a63a55
parent_id = None
start_time = 1682628697922000
end_time = 1682628697926419
inclusive_time = 4419
exclusive_time = 455
process_id = p8
operationName = /wrk2-api/review/compose
serviceName = None
------------------------------------------------------------------------------------
span 1
span_id = f4c5aec43a0e29e6
parent_id = 9be0603ce0a63a55
start_time = 1682628697922455
end_time = 1682628697926419
inclusive_time = 3964
exclusive_time = 113
process_id = p8
operationName = /wrk2-api/review/compose
serviceName = None
------------------------------------------------------------------------------------
span 2
span_id = 77ab7cd3d9677f46
parent_id = f4c5aec43a0e29e6
start_time = 1682628697922510
end_time = 1682628697926361
inclusive_time = 3851
exclusive_time = 310
process_id = p8
operationName = ComposeReview
serviceName = None
------------------------------------------------------------------------------------
span 3
span_id = 422713369fc93189
parent_id = 77ab7cd3d9677f46
start_time = 1682628697923265
end_time = 1682628697926294
inclusive_time = 3029
exclusive_time = 243
process_id = p7
operationName = UploadMovieId
serviceName = None
------------------------------------------------------------------------------------
span 4
span_id = ac569344c04e9898
parent_id = 422713369fc93189
start_time = 1682628697923653
end_time = 1682628697926201
inclusive_time = 2548
exclusive_time = 235
process_id = p5
operationName = UploadRating
serviceName = None
------------------------------------------------------------------------------------
span 5
span_id = 27de6d3ece4a1add
parent_id = ac569344c04e9898
start_time = 1682628697923885
end_time = 1682628697926088
inclusive_time = 2203
exclusive_time = 1037
process_id = p4
operationName = UploadRating
serviceName = None
------------------------------------------------------------------------------------
span 6
span_id = bdb302c10f1b5464
parent_id = 27de6d3ece4a1add
start_time = 1682628697924798
end_time = 1682628697925913
inclusive_time = 1115
exclusive_time = 19
process_id = p1
operationName = UploadMovieReview
serviceName = None
------------------------------------------------------------------------------------
span 7
span_id = 32fac6891c058d6c
parent_id = bdb302c10f1b5464
start_time = 1682628697924817
end_time = 1682628697925917
inclusive_time = 1100
exclusive_time = 1100
process_id = p1
operationName = MongoFindMovie
serviceName = None
------------------------------------------------------------------------------------
span 8
span_id = a8fb56880a554f21
parent_id = 422713369fc93189
start_time = 1682628697923283
end_time = 1682628697923378
inclusive_time = 95
exclusive_time = 95
process_id = p7
operationName = MmcGetMovieId
serviceName = None
------------------------------------------------------------------------------------
