span = 0
trace_id = ee72dbe2ab3d24b8
span_id = ee72dbe2ab3d24b8
parent_id = None
start_time = 1682628698093000
end_time = 1682628698097512
inclusive_time = 4512
exclusive_time = 856
process_id = p7
operationName = /wrk2-api/review/compose
serviceName = nginx
call path = 
------------------------------------------------------------------------------------
span = 1
trace_id = ee72dbe2ab3d24b8
span_id = d7f4015cf0c89ab8
parent_id = ee72dbe2ab3d24b8
start_time = 1682628698093856
end_time = 1682628698097512
inclusive_time = 3656
exclusive_time = 91
process_id = p7
operationName = /wrk2-api/review/compose
serviceName = nginx
call path = ->/wrk2-api/review/compose_nginx
------------------------------------------------------------------------------------
span = 2
trace_id = ee72dbe2ab3d24b8
span_id = 9417f86aa05037d7
parent_id = d7f4015cf0c89ab8
start_time = 1682628698093891
end_time = 1682628698097456
inclusive_time = 3565
exclusive_time = 263
process_id = p7
operationName = ComposeReview
serviceName = nginx
call path = ->/wrk2-api/review/compose_nginx->/wrk2-api/review/compose_nginx
------------------------------------------------------------------------------------
span = 3
trace_id = ee72dbe2ab3d24b8
span_id = bfebe6e4f1c2393e
parent_id = 9417f86aa05037d7
start_time = 1682628698094118
end_time = 1682628698097356
inclusive_time = 3238
exclusive_time = 297
process_id = p4
operationName = UploadMovieId
serviceName = movie-id-service
call path = ->/wrk2-api/review/compose_nginx->/wrk2-api/review/compose_nginx->ComposeReview_nginx
------------------------------------------------------------------------------------
span = 4
trace_id = ee72dbe2ab3d24b8
span_id = 15bec192ad205a27
parent_id = bfebe6e4f1c2393e
start_time = 1682628698094530
end_time = 1682628698097243
inclusive_time = 2713
exclusive_time = 1350
process_id = p2
operationName = UploadMovieId
serviceName = compose-review-service
call path = ->/wrk2-api/review/compose_nginx->/wrk2-api/review/compose_nginx->ComposeReview_nginx->UploadMovieId_movie-id-service
------------------------------------------------------------------------------------
span = 5
trace_id = ee72dbe2ab3d24b8
span_id = 1443507892fee424
parent_id = 15bec192ad205a27
start_time = 1682628698095823
end_time = 1682628698097096
inclusive_time = 1273
exclusive_time = 18
process_id = p1
operationName = UploadMovieReview
serviceName = movie-review-service
call path = ->/wrk2-api/review/compose_nginx->/wrk2-api/review/compose_nginx->ComposeReview_nginx->UploadMovieId_movie-id-service->UploadMovieId_compose-review-service
------------------------------------------------------------------------------------
span = 6
trace_id = ee72dbe2ab3d24b8
span_id = 23021ce6e3a0e24b
parent_id = 1443507892fee424
start_time = 1682628698095841
end_time = 1682628698097100
inclusive_time = 1259
exclusive_time = 1259
process_id = p1
operationName = MongoFindMovie
serviceName = movie-review-service
call path = ->/wrk2-api/review/compose_nginx->/wrk2-api/review/compose_nginx->ComposeReview_nginx->UploadMovieId_movie-id-service->UploadMovieId_compose-review-service->UploadMovieReview_movie-review-service
------------------------------------------------------------------------------------
span = 7
trace_id = ee72dbe2ab3d24b8
span_id = f2d17e19e38756f9
parent_id = bfebe6e4f1c2393e
start_time = 1682628698094360
end_time = 1682628698094465
inclusive_time = 105
exclusive_time = 105
process_id = p4
operationName = MmcSetMovieId
serviceName = movie-id-service
call path = ->/wrk2-api/review/compose_nginx->/wrk2-api/review/compose_nginx->ComposeReview_nginx->UploadMovieId_movie-id-service
------------------------------------------------------------------------------------
span = 8
trace_id = ee72dbe2ab3d24b8
span_id = dbb6eaab58010992
parent_id = bfebe6e4f1c2393e
start_time = 1682628698094130
end_time = 1682628698094233
inclusive_time = 103
exclusive_time = 103
process_id = p4
operationName = MmcGetMovieId
serviceName = movie-id-service
call path = ->/wrk2-api/review/compose_nginx->/wrk2-api/review/compose_nginx->ComposeReview_nginx->UploadMovieId_movie-id-service
------------------------------------------------------------------------------------
