span = 0
trace_id = 91f069cf67aff502
span_id = 91f069cf67aff502
parent_id = None
start_time = 1682628698152000
end_time = 1682628698156752
inclusive_time = 4752
exclusive_time = 559
process_id = p2
operationName = /wrk2-api/review/compose
serviceName = nginx
------------------------------------------------------------------------------------
span = 1
trace_id = 91f069cf67aff502
span_id = 82161726008f03d1
parent_id = 91f069cf67aff502
start_time = 1682628698152559
end_time = 1682628698156752
inclusive_time = 4193
exclusive_time = 260
process_id = p2
operationName = /wrk2-api/review/compose
serviceName = nginx
------------------------------------------------------------------------------------
span = 2
trace_id = 91f069cf67aff502
span_id = a1f47939639b13f1
parent_id = 82161726008f03d1
start_time = 1682628698152594
end_time = 1682628698156527
inclusive_time = 3933
exclusive_time = 410
process_id = p2
operationName = ComposeReview
serviceName = nginx
------------------------------------------------------------------------------------
span = 3
trace_id = 91f069cf67aff502
span_id = 717ec0b45bcda987
parent_id = a1f47939639b13f1
start_time = 1682628698152871
end_time = 1682628698156394
inclusive_time = 3523
exclusive_time = 372
process_id = p7
operationName = UploadMovieId
serviceName = movie-id-service
------------------------------------------------------------------------------------
span = 4
trace_id = 91f069cf67aff502
span_id = 9ea388bd6f9443a8
parent_id = 717ec0b45bcda987
start_time = 1682628698153536
end_time = 1682628698156274
inclusive_time = 2738
exclusive_time = 202
process_id = p1
operationName = UploadRating
serviceName = rating-service
------------------------------------------------------------------------------------
span = 5
trace_id = 91f069cf67aff502
span_id = 07fb5dc97fd9e99a
parent_id = 9ea388bd6f9443a8
start_time = 1682628698153785
end_time = 1682628698156171
inclusive_time = 2386
exclusive_time = 1032
process_id = p3
operationName = UploadRating
serviceName = compose-review-service
------------------------------------------------------------------------------------
span = 6
trace_id = 91f069cf67aff502
span_id = c8bec503ceda3e4b
parent_id = 07fb5dc97fd9e99a
start_time = 1682628698154697
end_time = 1682628698155938
inclusive_time = 1241
exclusive_time = 24
process_id = p4
operationName = UploadMovieReview
serviceName = movie-review-service
------------------------------------------------------------------------------------
span = 7
trace_id = 91f069cf67aff502
span_id = ec1585cf8b2fce3b
parent_id = c8bec503ceda3e4b
start_time = 1682628698154721
end_time = 1682628698155944
inclusive_time = 1223
exclusive_time = 1223
process_id = p4
operationName = MongoFindMovie
serviceName = movie-review-service
------------------------------------------------------------------------------------
span = 8
trace_id = 91f069cf67aff502
span_id = c3aa38400e6957ec
parent_id = 717ec0b45bcda987
start_time = 1682628698153166
end_time = 1682628698153265
inclusive_time = 99
exclusive_time = 99
process_id = p7
operationName = MmcSetMovieId
serviceName = movie-id-service
------------------------------------------------------------------------------------
span = 9
trace_id = 91f069cf67aff502
span_id = 275a88410bfc7c7a
parent_id = 717ec0b45bcda987
start_time = 1682628698152882
end_time = 1682628698152973
inclusive_time = 91
exclusive_time = 91
process_id = p7
operationName = MmcGetMovieId
serviceName = movie-id-service
------------------------------------------------------------------------------------
