span 0
span_id = 13ff2c9723b12440
parent_id = None
start_time = 1682628698025000
end_time = 1682628698028899
inclusive_time = 3899
exclusive_time = 226
process_id = p1
operationName = /wrk2-api/review/compose
serviceName = None
------------------------------------------------------------------------------------
span 1
span_id = 2aa53d9fa9cbc9b8
parent_id = 13ff2c9723b12440
start_time = 1682628698025225
end_time = 1682628698028898
inclusive_time = 3673
exclusive_time = 109
process_id = p1
operationName = /wrk2-api/review/compose
serviceName = None
------------------------------------------------------------------------------------
span 2
span_id = 662091266cf762f6
parent_id = 2aa53d9fa9cbc9b8
start_time = 1682628698025270
end_time = 1682628698028834
inclusive_time = 3564
exclusive_time = 221
process_id = p1
operationName = ComposeReview
serviceName = None
------------------------------------------------------------------------------------
span 3
span_id = c476849bdfaccfae
parent_id = 662091266cf762f6
start_time = 1682628698025520
end_time = 1682628698028771
inclusive_time = 3251
exclusive_time = 369
process_id = p8
operationName = UploadMovieId
serviceName = None
------------------------------------------------------------------------------------
span 4
span_id = f1c1334d120902f2
parent_id = c476849bdfaccfae
start_time = 1682628698025971
end_time = 1682628698028616
inclusive_time = 2645
exclusive_time = 1394
process_id = p3
operationName = UploadMovieId
serviceName = None
------------------------------------------------------------------------------------
span 5
span_id = f667b641ea9f7fef
parent_id = f1c1334d120902f2
start_time = 1682628698027224
end_time = 1682628698028453
inclusive_time = 1229
exclusive_time = 23
process_id = p4
operationName = UploadUserReview
serviceName = None
------------------------------------------------------------------------------------
span 6
span_id = 0748435a83ef43f7
parent_id = f667b641ea9f7fef
start_time = 1682628698027247
end_time = 1682628698028458
inclusive_time = 1211
exclusive_time = 1211
process_id = p4
operationName = MongoFindUser
serviceName = None
------------------------------------------------------------------------------------
span 7
span_id = c66604cd76c98969
parent_id = c476849bdfaccfae
start_time = 1682628698025827
end_time = 1682628698025929
inclusive_time = 102
exclusive_time = 102
process_id = p8
operationName = MmcSetMovieId
serviceName = None
------------------------------------------------------------------------------------
span 8
span_id = 3a701a82817785c6
parent_id = c476849bdfaccfae
start_time = 1682628698025541
end_time = 1682628698025676
inclusive_time = 135
exclusive_time = 135
process_id = p8
operationName = MmcGetMovieId
serviceName = None
------------------------------------------------------------------------------------
