span = 0
trace_id = 7df7a384b574f451
span_id = 7df7a384b574f451
parent_id = None
start_time = 1682628698042000
end_time = 1682628698047813
inclusive_time = 5813
exclusive_time = 716
process_id = p4
operationName = /wrk2-api/review/compose
serviceName = nginx
call path = 
------------------------------------------------------------------------------------
span = 1
trace_id = 7df7a384b574f451
span_id = 8666cbf6fba963e6
parent_id = 7df7a384b574f451
start_time = 1682628698042716
end_time = 1682628698047813
inclusive_time = 5097
exclusive_time = 129
process_id = p4
operationName = /wrk2-api/review/compose
serviceName = nginx
call path = ->/wrk2-api/review/compose_nginx
------------------------------------------------------------------------------------
span = 2
trace_id = 7df7a384b574f451
span_id = c22d0d61a667b1d2
parent_id = 8666cbf6fba963e6
start_time = 1682628698042779
end_time = 1682628698047747
inclusive_time = 4968
exclusive_time = 325
process_id = p4
operationName = ComposeReview
serviceName = nginx
call path = ->/wrk2-api/review/compose_nginx->/wrk2-api/review/compose_nginx
------------------------------------------------------------------------------------
span = 3
trace_id = 7df7a384b574f451
span_id = 67feb0b59a483d5a
parent_id = c22d0d61a667b1d2
start_time = 1682628698043144
end_time = 1682628698047654
inclusive_time = 4510
exclusive_time = 412
process_id = p7
operationName = UploadMovieId
serviceName = movie-id-service
call path = ->/wrk2-api/review/compose_nginx->/wrk2-api/review/compose_nginx->ComposeReview_nginx
------------------------------------------------------------------------------------
span = 4
trace_id = 7df7a384b574f451
span_id = 89b982597e9427bb
parent_id = 67feb0b59a483d5a
start_time = 1682628698043540
end_time = 1682628698047411
inclusive_time = 3871
exclusive_time = 213
process_id = p8
operationName = UploadRating
serviceName = rating-service
call path = ->/wrk2-api/review/compose_nginx->/wrk2-api/review/compose_nginx->ComposeReview_nginx->UploadMovieId_movie-id-service
------------------------------------------------------------------------------------
span = 5
trace_id = 7df7a384b574f451
span_id = be3c225e8b9ba90f
parent_id = 89b982597e9427bb
start_time = 1682628698043699
end_time = 1682628698047297
inclusive_time = 3598
exclusive_time = 2073
process_id = p1
operationName = UploadRating
serviceName = compose-review-service
call path = ->/wrk2-api/review/compose_nginx->/wrk2-api/review/compose_nginx->ComposeReview_nginx->UploadMovieId_movie-id-service->UploadRating_rating-service
------------------------------------------------------------------------------------
span = 6
trace_id = 7df7a384b574f451
span_id = ff3108fb6a164f1f
parent_id = be3c225e8b9ba90f
start_time = 1682628698045668
end_time = 1682628698047010
inclusive_time = 1342
exclusive_time = 28
process_id = p5
operationName = UploadMovieReview
serviceName = movie-review-service
call path = ->/wrk2-api/review/compose_nginx->/wrk2-api/review/compose_nginx->ComposeReview_nginx->UploadMovieId_movie-id-service->UploadRating_rating-service->UploadRating_compose-review-service
------------------------------------------------------------------------------------
span = 7
trace_id = 7df7a384b574f451
span_id = f791dcd37589cd61
parent_id = ff3108fb6a164f1f
start_time = 1682628698045696
end_time = 1682628698047022
inclusive_time = 1326
exclusive_time = 1326
process_id = p5
operationName = MongoFindMovie
serviceName = movie-review-service
call path = ->/wrk2-api/review/compose_nginx->/wrk2-api/review/compose_nginx->ComposeReview_nginx->UploadMovieId_movie-id-service->UploadRating_rating-service->UploadRating_compose-review-service->UploadMovieReview_movie-review-service
------------------------------------------------------------------------------------
span = 8
trace_id = 7df7a384b574f451
span_id = 953fe24369ac9722
parent_id = 67feb0b59a483d5a
start_time = 1682628698043383
end_time = 1682628698043483
inclusive_time = 100
exclusive_time = 100
process_id = p7
operationName = MmcSetMovieId
serviceName = movie-id-service
call path = ->/wrk2-api/review/compose_nginx->/wrk2-api/review/compose_nginx->ComposeReview_nginx->UploadMovieId_movie-id-service
------------------------------------------------------------------------------------
span = 9
trace_id = 7df7a384b574f451
span_id = 6994e72eb51bfb4a
parent_id = 67feb0b59a483d5a
start_time = 1682628698043162
end_time = 1682628698043251
inclusive_time = 89
exclusive_time = 89
process_id = p7
operationName = MmcGetMovieId
serviceName = movie-id-service
call path = ->/wrk2-api/review/compose_nginx->/wrk2-api/review/compose_nginx->ComposeReview_nginx->UploadMovieId_movie-id-service
------------------------------------------------------------------------------------
