span = 0
trace_id = f20253a2ec7cf07b
span_id = f20253a2ec7cf07b
parent_id = None
start_time = 1682628697873000
end_time = 1682628697878018
inclusive_time = 5018
exclusive_time = 1137
process_id = p2
operationName = /wrk2-api/review/compose
serviceName = nginx
call path = 
------------------------------------------------------------------------------------
span = 1
trace_id = f20253a2ec7cf07b
span_id = 1288fb85f3fb5b5e
parent_id = f20253a2ec7cf07b
start_time = 1682628697874137
end_time = 1682628697878018
inclusive_time = 3881
exclusive_time = 102
process_id = p2
operationName = /wrk2-api/review/compose
serviceName = nginx
call path = ->/wrk2-api/review/compose_nginx
------------------------------------------------------------------------------------
span = 2
trace_id = f20253a2ec7cf07b
span_id = 08d0ac1c82d713a2
parent_id = 1288fb85f3fb5b5e
start_time = 1682628697874189
end_time = 1682628697877968
inclusive_time = 3779
exclusive_time = 501
process_id = p2
operationName = ComposeReview
serviceName = nginx
call path = ->/wrk2-api/review/compose_nginx->/wrk2-api/review/compose_nginx
------------------------------------------------------------------------------------
span = 3
trace_id = f20253a2ec7cf07b
span_id = e8b19a4f60d9a126
parent_id = 08d0ac1c82d713a2
start_time = 1682628697874488
end_time = 1682628697877651
inclusive_time = 3163
exclusive_time = 374
process_id = p4
operationName = UploadMovieId
serviceName = movie-id-service
call path = ->/wrk2-api/review/compose_nginx->/wrk2-api/review/compose_nginx->ComposeReview_nginx
------------------------------------------------------------------------------------
span = 4
trace_id = f20253a2ec7cf07b
span_id = e388c60ae83f4a98
parent_id = e8b19a4f60d9a126
start_time = 1682628697875008
end_time = 1682628697877525
inclusive_time = 2517
exclusive_time = 330
process_id = p7
operationName = UploadRating
serviceName = rating-service
call path = ->/wrk2-api/review/compose_nginx->/wrk2-api/review/compose_nginx->ComposeReview_nginx->UploadMovieId_movie-id-service
------------------------------------------------------------------------------------
span = 5
trace_id = f20253a2ec7cf07b
span_id = f75400bc84f3fab1
parent_id = e388c60ae83f4a98
start_time = 1682628697875266
end_time = 1682628697877364
inclusive_time = 2098
exclusive_time = 812
process_id = p3
operationName = UploadRating
serviceName = compose-review-service
call path = ->/wrk2-api/review/compose_nginx->/wrk2-api/review/compose_nginx->ComposeReview_nginx->UploadMovieId_movie-id-service->UploadRating_rating-service
------------------------------------------------------------------------------------
span = 6
trace_id = f20253a2ec7cf07b
span_id = 57001f8a17ed1d57
parent_id = f75400bc84f3fab1
start_time = 1682628697876062
end_time = 1682628697877248
inclusive_time = 1186
exclusive_time = 43
process_id = p5
operationName = UploadMovieReview
serviceName = movie-review-service
call path = ->/wrk2-api/review/compose_nginx->/wrk2-api/review/compose_nginx->ComposeReview_nginx->UploadMovieId_movie-id-service->UploadRating_rating-service->UploadRating_compose-review-service
------------------------------------------------------------------------------------
span = 7
trace_id = f20253a2ec7cf07b
span_id = 3050cb864591acb7
parent_id = 57001f8a17ed1d57
start_time = 1682628697876105
end_time = 1682628697877251
inclusive_time = 1146
exclusive_time = 1146
process_id = p5
operationName = MongoFindMovie
serviceName = movie-review-service
call path = ->/wrk2-api/review/compose_nginx->/wrk2-api/review/compose_nginx->ComposeReview_nginx->UploadMovieId_movie-id-service->UploadRating_rating-service->UploadRating_compose-review-service->UploadMovieReview_movie-review-service
------------------------------------------------------------------------------------
span = 8
trace_id = f20253a2ec7cf07b
span_id = 37f843d03972fd68
parent_id = e8b19a4f60d9a126
start_time = 1682628697874823
end_time = 1682628697874931
inclusive_time = 108
exclusive_time = 108
process_id = p4
operationName = MmcSetMovieId
serviceName = movie-id-service
call path = ->/wrk2-api/review/compose_nginx->/wrk2-api/review/compose_nginx->ComposeReview_nginx->UploadMovieId_movie-id-service
------------------------------------------------------------------------------------
span = 9
trace_id = f20253a2ec7cf07b
span_id = ddfe586cd45c0c37
parent_id = e8b19a4f60d9a126
start_time = 1682628697874509
end_time = 1682628697874614
inclusive_time = 105
exclusive_time = 105
process_id = p4
operationName = MmcGetMovieId
serviceName = movie-id-service
call path = ->/wrk2-api/review/compose_nginx->/wrk2-api/review/compose_nginx->ComposeReview_nginx->UploadMovieId_movie-id-service
------------------------------------------------------------------------------------
