span = 0
trace_id = b63748799fd3cad8
span_id = b63748799fd3cad8
parent_id = None
start_time = 1682628698278000
end_time = 1682628698281992
inclusive_time = 3992
exclusive_time = 148
process_id = p2
operationName = /wrk2-api/review/compose
serviceName = nginx
------------------------------------------------------------------------------------
span = 1
trace_id = b63748799fd3cad8
span_id = 7d61e6d2ee2d5a8b
parent_id = b63748799fd3cad8
start_time = 1682628698278147
end_time = 1682628698281991
inclusive_time = 3844
exclusive_time = 91
process_id = p2
operationName = /wrk2-api/review/compose
serviceName = nginx
------------------------------------------------------------------------------------
span = 2
trace_id = b63748799fd3cad8
span_id = 15eb91758dfe7932
parent_id = 7d61e6d2ee2d5a8b
start_time = 1682628698278192
end_time = 1682628698281945
inclusive_time = 3753
exclusive_time = 284
process_id = p2
operationName = ComposeReview
serviceName = nginx
------------------------------------------------------------------------------------
span = 3
trace_id = b63748799fd3cad8
span_id = ba386609baf4af89
parent_id = 15eb91758dfe7932
start_time = 1682628698278524
end_time = 1682628698281861
inclusive_time = 3337
exclusive_time = 461
process_id = p5
operationName = UploadMovieId
serviceName = movie-id-service
------------------------------------------------------------------------------------
span = 4
trace_id = b63748799fd3cad8
span_id = 52e29af649268709
parent_id = ba386609baf4af89
start_time = 1682628698279083
end_time = 1682628698281718
inclusive_time = 2635
exclusive_time = 278
process_id = p10
operationName = UploadRating
serviceName = rating-service
------------------------------------------------------------------------------------
span = 5
trace_id = b63748799fd3cad8
span_id = 452d5fcd975abc7f
parent_id = 52e29af649268709
start_time = 1682628698279273
end_time = 1682628698281554
inclusive_time = 2281
exclusive_time = 905
process_id = p4
operationName = UploadRating
serviceName = compose-review-service
------------------------------------------------------------------------------------
span = 6
trace_id = b63748799fd3cad8
span_id = c6a3b0043875ef3b
parent_id = 452d5fcd975abc7f
start_time = 1682628698280360
end_time = 1682628698281406
inclusive_time = 1046
exclusive_time = 18
process_id = p8
operationName = UploadMovieReview
serviceName = movie-review-service
------------------------------------------------------------------------------------
span = 7
trace_id = b63748799fd3cad8
span_id = caf89840a66f6a0d
parent_id = c6a3b0043875ef3b
start_time = 1682628698280378
end_time = 1682628698281417
inclusive_time = 1039
exclusive_time = 1039
process_id = p8
operationName = MongoFindMovie
serviceName = movie-review-service
------------------------------------------------------------------------------------
span = 8
trace_id = b63748799fd3cad8
span_id = 4fd3d69bc708181c
parent_id = 452d5fcd975abc7f
start_time = 1682628698280030
end_time = 1682628698280351
inclusive_time = 321
exclusive_time = 36
process_id = p7
operationName = StoreReview
serviceName = review-storage-service
------------------------------------------------------------------------------------
span = 9
trace_id = b63748799fd3cad8
span_id = 0c1f6e39993bfd85
parent_id = 4fd3d69bc708181c
start_time = 1682628698280054
end_time = 1682628698280339
inclusive_time = 285
exclusive_time = 285
process_id = p7
operationName = MongoInsertReview
serviceName = review-storage-service
------------------------------------------------------------------------------------
span = 10
trace_id = b63748799fd3cad8
span_id = 28de29e5fde89b84
parent_id = ba386609baf4af89
start_time = 1682628698278904
end_time = 1682628698278989
inclusive_time = 85
exclusive_time = 85
process_id = p5
operationName = MmcSetMovieId
serviceName = movie-id-service
------------------------------------------------------------------------------------
span = 11
trace_id = b63748799fd3cad8
span_id = 78068f6c2e45386e
parent_id = ba386609baf4af89
start_time = 1682628698278543
end_time = 1682628698278650
inclusive_time = 107
exclusive_time = 107
process_id = p5
operationName = MmcGetMovieId
serviceName = movie-id-service
------------------------------------------------------------------------------------
