span = 0
trace_id = 54be96c3336a86dc
span_id = 54be96c3336a86dc
parent_id = None
start_time = 1682628697888000
end_time = 1682628697893115
inclusive_time = 5115
exclusive_time = 977
process_id = p3
operationName = /wrk2-api/review/compose
serviceName = nginx
call path = 
------------------------------------------------------------------------------------
span = 1
trace_id = 54be96c3336a86dc
span_id = e273a2f9842235e6
parent_id = 54be96c3336a86dc
start_time = 1682628697888977
end_time = 1682628697893115
inclusive_time = 4138
exclusive_time = 102
process_id = p3
operationName = /wrk2-api/review/compose
serviceName = nginx
call path = ->/wrk2-api/review/compose_nginx
------------------------------------------------------------------------------------
span = 2
trace_id = 54be96c3336a86dc
span_id = 30c6fed21c27e84e
parent_id = e273a2f9842235e6
start_time = 1682628697889029
end_time = 1682628697893065
inclusive_time = 4036
exclusive_time = 402
process_id = p3
operationName = ComposeReview
serviceName = nginx
call path = ->/wrk2-api/review/compose_nginx->/wrk2-api/review/compose_nginx
------------------------------------------------------------------------------------
span = 3
trace_id = 54be96c3336a86dc
span_id = b69c4e4d3152c4fb
parent_id = 30c6fed21c27e84e
start_time = 1682628697889470
end_time = 1682628697892976
inclusive_time = 3506
exclusive_time = 460
process_id = p2
operationName = UploadMovieId
serviceName = movie-id-service
call path = ->/wrk2-api/review/compose_nginx->/wrk2-api/review/compose_nginx->ComposeReview_nginx
------------------------------------------------------------------------------------
span = 4
trace_id = 54be96c3336a86dc
span_id = ceefc11e6242ffd0
parent_id = b69c4e4d3152c4fb
start_time = 1682628697890208
end_time = 1682628697892710
inclusive_time = 2502
exclusive_time = 347
process_id = p7
operationName = UploadRating
serviceName = rating-service
call path = ->/wrk2-api/review/compose_nginx->/wrk2-api/review/compose_nginx->ComposeReview_nginx->UploadMovieId_movie-id-service
------------------------------------------------------------------------------------
span = 5
trace_id = 54be96c3336a86dc
span_id = fe9d77ec93fd3b12
parent_id = ceefc11e6242ffd0
start_time = 1682628697890353
end_time = 1682628697892508
inclusive_time = 2155
exclusive_time = 1053
process_id = p1
operationName = UploadRating
serviceName = compose-review-service
call path = ->/wrk2-api/review/compose_nginx->/wrk2-api/review/compose_nginx->ComposeReview_nginx->UploadMovieId_movie-id-service->UploadRating_rating-service
------------------------------------------------------------------------------------
span = 6
trace_id = 54be96c3336a86dc
span_id = 651a11c1c1bce28f
parent_id = fe9d77ec93fd3b12
start_time = 1682628697891308
end_time = 1682628697892335
inclusive_time = 1027
exclusive_time = 17
process_id = p4
operationName = UploadMovieReview
serviceName = movie-review-service
call path = ->/wrk2-api/review/compose_nginx->/wrk2-api/review/compose_nginx->ComposeReview_nginx->UploadMovieId_movie-id-service->UploadRating_rating-service->UploadRating_compose-review-service
------------------------------------------------------------------------------------
span = 7
trace_id = 54be96c3336a86dc
span_id = cdf2efb40927377d
parent_id = 651a11c1c1bce28f
start_time = 1682628697891325
end_time = 1682628697892353
inclusive_time = 1028
exclusive_time = 1028
process_id = p4
operationName = MongoFindMovie
serviceName = movie-review-service
call path = ->/wrk2-api/review/compose_nginx->/wrk2-api/review/compose_nginx->ComposeReview_nginx->UploadMovieId_movie-id-service->UploadRating_rating-service->UploadRating_compose-review-service->UploadMovieReview_movie-review-service
------------------------------------------------------------------------------------
span = 8
trace_id = 54be96c3336a86dc
span_id = 6f450dadd8e23b38
parent_id = b69c4e4d3152c4fb
start_time = 1682628697889749
end_time = 1682628697889871
inclusive_time = 122
exclusive_time = 122
process_id = p2
operationName = MmcSetMovieId
serviceName = movie-id-service
call path = ->/wrk2-api/review/compose_nginx->/wrk2-api/review/compose_nginx->ComposeReview_nginx->UploadMovieId_movie-id-service
------------------------------------------------------------------------------------
span = 9
trace_id = 54be96c3336a86dc
span_id = 818cdfc344f9d7c5
parent_id = b69c4e4d3152c4fb
start_time = 1682628697889488
end_time = 1682628697889614
inclusive_time = 126
exclusive_time = 126
process_id = p2
operationName = MmcGetMovieId
serviceName = movie-id-service
call path = ->/wrk2-api/review/compose_nginx->/wrk2-api/review/compose_nginx->ComposeReview_nginx->UploadMovieId_movie-id-service
------------------------------------------------------------------------------------
