span = 0
trace_id = 219ef58a7f9f68f2
span_id = 219ef58a7f9f68f2
parent_id = None
start_time = 1682628698031000
end_time = 1682628698035481
inclusive_time = 4481
exclusive_time = 409
process_id = p5
operationName = /wrk2-api/review/compose
serviceName = nginx
call path = 
------------------------------------------------------------------------------------
span = 1
trace_id = 219ef58a7f9f68f2
span_id = 75f1a6fbba79440e
parent_id = 219ef58a7f9f68f2
start_time = 1682628698031409
end_time = 1682628698035481
inclusive_time = 4072
exclusive_time = 99
process_id = p5
operationName = /wrk2-api/review/compose
serviceName = nginx
call path = ->/wrk2-api/review/compose_nginx
------------------------------------------------------------------------------------
span = 2
trace_id = 219ef58a7f9f68f2
span_id = 5d7c8ffc44ebab3b
parent_id = 75f1a6fbba79440e
start_time = 1682628698031453
end_time = 1682628698035426
inclusive_time = 3973
exclusive_time = 317
process_id = p5
operationName = ComposeReview
serviceName = nginx
call path = ->/wrk2-api/review/compose_nginx->/wrk2-api/review/compose_nginx
------------------------------------------------------------------------------------
span = 3
trace_id = 219ef58a7f9f68f2
span_id = 7aac9bc135f8cd18
parent_id = 5d7c8ffc44ebab3b
start_time = 1682628698031768
end_time = 1682628698035315
inclusive_time = 3547
exclusive_time = 529
process_id = p8
operationName = UploadMovieId
serviceName = movie-id-service
call path = ->/wrk2-api/review/compose_nginx->/wrk2-api/review/compose_nginx->ComposeReview_nginx
------------------------------------------------------------------------------------
span = 4
trace_id = 219ef58a7f9f68f2
span_id = 9b38d9c506b978f7
parent_id = 7aac9bc135f8cd18
start_time = 1682628698032315
end_time = 1682628698035111
inclusive_time = 2796
exclusive_time = 221
process_id = p9
operationName = UploadRating
serviceName = rating-service
call path = ->/wrk2-api/review/compose_nginx->/wrk2-api/review/compose_nginx->ComposeReview_nginx->UploadMovieId_movie-id-service
------------------------------------------------------------------------------------
span = 5
trace_id = 219ef58a7f9f68f2
span_id = 85188daea3ea5e79
parent_id = 9b38d9c506b978f7
start_time = 1682628698032557
end_time = 1682628698034998
inclusive_time = 2441
exclusive_time = 1143
process_id = p2
operationName = UploadRating
serviceName = compose-review-service
call path = ->/wrk2-api/review/compose_nginx->/wrk2-api/review/compose_nginx->ComposeReview_nginx->UploadMovieId_movie-id-service->UploadRating_rating-service
------------------------------------------------------------------------------------
span = 6
trace_id = 219ef58a7f9f68f2
span_id = 3be1f06b11ff255a
parent_id = 85188daea3ea5e79
start_time = 1682628698033715
end_time = 1682628698034851
inclusive_time = 1136
exclusive_time = 24
process_id = p6
operationName = UploadMovieReview
serviceName = movie-review-service
call path = ->/wrk2-api/review/compose_nginx->/wrk2-api/review/compose_nginx->ComposeReview_nginx->UploadMovieId_movie-id-service->UploadRating_rating-service->UploadRating_compose-review-service
------------------------------------------------------------------------------------
span = 7
trace_id = 219ef58a7f9f68f2
span_id = bddd5641e89b8af8
parent_id = 3be1f06b11ff255a
start_time = 1682628698033739
end_time = 1682628698034855
inclusive_time = 1116
exclusive_time = 1116
process_id = p6
operationName = MongoFindMovie
serviceName = movie-review-service
call path = ->/wrk2-api/review/compose_nginx->/wrk2-api/review/compose_nginx->ComposeReview_nginx->UploadMovieId_movie-id-service->UploadRating_rating-service->UploadRating_compose-review-service->UploadMovieReview_movie-review-service
------------------------------------------------------------------------------------
span = 8
trace_id = 219ef58a7f9f68f2
span_id = d621f4028b22da91
parent_id = 7aac9bc135f8cd18
start_time = 1682628698032140
end_time = 1682628698032250
inclusive_time = 110
exclusive_time = 110
process_id = p8
operationName = MmcSetMovieId
serviceName = movie-id-service
call path = ->/wrk2-api/review/compose_nginx->/wrk2-api/review/compose_nginx->ComposeReview_nginx->UploadMovieId_movie-id-service
------------------------------------------------------------------------------------
span = 9
trace_id = 219ef58a7f9f68f2
span_id = df7281d3c202aae6
parent_id = 7aac9bc135f8cd18
start_time = 1682628698031786
end_time = 1682628698031898
inclusive_time = 112
exclusive_time = 112
process_id = p8
operationName = MmcGetMovieId
serviceName = movie-id-service
call path = ->/wrk2-api/review/compose_nginx->/wrk2-api/review/compose_nginx->ComposeReview_nginx->UploadMovieId_movie-id-service
------------------------------------------------------------------------------------
