span = 0
trace_id = 88a8a3c23fd98668
span_id = 88a8a3c23fd98668
parent_id = None
start_time = 1682628697990000
end_time = 1682628697994901
inclusive_time = 4901
exclusive_time = 458
process_id = p2
operationName = /wrk2-api/review/compose
serviceName = nginx
call path = 
------------------------------------------------------------------------------------
span = 1
trace_id = 88a8a3c23fd98668
span_id = 34000fd80db6ff6d
parent_id = 88a8a3c23fd98668
start_time = 1682628697990458
end_time = 1682628697994901
inclusive_time = 4443
exclusive_time = 123
process_id = p2
operationName = /wrk2-api/review/compose
serviceName = nginx
call path = ->/wrk2-api/review/compose_nginx
------------------------------------------------------------------------------------
span = 2
trace_id = 88a8a3c23fd98668
span_id = c40e57c36a0f48fc
parent_id = 34000fd80db6ff6d
start_time = 1682628697990526
end_time = 1682628697994846
inclusive_time = 4320
exclusive_time = 339
process_id = p2
operationName = ComposeReview
serviceName = nginx
call path = ->/wrk2-api/review/compose_nginx->/wrk2-api/review/compose_nginx
------------------------------------------------------------------------------------
span = 3
trace_id = 88a8a3c23fd98668
span_id = 184dd685fdec868a
parent_id = c40e57c36a0f48fc
start_time = 1682628697991805
end_time = 1682628697994771
inclusive_time = 2966
exclusive_time = 168
process_id = p1
operationName = UploadText
serviceName = text-service
call path = ->/wrk2-api/review/compose_nginx->/wrk2-api/review/compose_nginx->ComposeReview_nginx
------------------------------------------------------------------------------------
span = 4
trace_id = 88a8a3c23fd98668
span_id = 504bd3d2a497329c
parent_id = 184dd685fdec868a
start_time = 1682628697991902
end_time = 1682628697994700
inclusive_time = 2798
exclusive_time = 1127
process_id = p6
operationName = UploadText
serviceName = compose-review-service
call path = ->/wrk2-api/review/compose_nginx->/wrk2-api/review/compose_nginx->ComposeReview_nginx->UploadText_text-service
------------------------------------------------------------------------------------
span = 5
trace_id = 88a8a3c23fd98668
span_id = fd01eb3fed81cdc1
parent_id = 504bd3d2a497329c
start_time = 1682628697992857
end_time = 1682628697994528
inclusive_time = 1671
exclusive_time = 20
process_id = p7
operationName = UploadUserReview
serviceName = user-review-service
call path = ->/wrk2-api/review/compose_nginx->/wrk2-api/review/compose_nginx->ComposeReview_nginx->UploadText_text-service->UploadText_compose-review-service
------------------------------------------------------------------------------------
span = 6
trace_id = 88a8a3c23fd98668
span_id = 9612151fc7429b0c
parent_id = fd01eb3fed81cdc1
start_time = 1682628697992877
end_time = 1682628697994533
inclusive_time = 1656
exclusive_time = 1656
process_id = p7
operationName = MongoFindUser
serviceName = user-review-service
call path = ->/wrk2-api/review/compose_nginx->/wrk2-api/review/compose_nginx->ComposeReview_nginx->UploadText_text-service->UploadText_compose-review-service->UploadUserReview_user-review-service
------------------------------------------------------------------------------------
span = 7
trace_id = 88a8a3c23fd98668
span_id = 4d42311a02798626
parent_id = c40e57c36a0f48fc
start_time = 1682628697990790
end_time = 1682628697991797
inclusive_time = 1007
exclusive_time = 273
process_id = p9
operationName = UploadUserWithUsername
serviceName = user-service
call path = ->/wrk2-api/review/compose_nginx->/wrk2-api/review/compose_nginx->ComposeReview_nginx
------------------------------------------------------------------------------------
span = 8
trace_id = 88a8a3c23fd98668
span_id = 8767bdd0b5ab649f
parent_id = 4d42311a02798626
start_time = 1682628697991084
end_time = 1682628697991712
inclusive_time = 628
exclusive_time = 628
process_id = p6
operationName = UploadUserId
serviceName = compose-review-service
call path = ->/wrk2-api/review/compose_nginx->/wrk2-api/review/compose_nginx->ComposeReview_nginx->UploadUserWithUsername_user-service
------------------------------------------------------------------------------------
span = 9
trace_id = 88a8a3c23fd98668
span_id = 21353726b2a924dc
parent_id = 4d42311a02798626
start_time = 1682628697990807
end_time = 1682628697990913
inclusive_time = 106
exclusive_time = 106
process_id = p9
operationName = MmcGetUserId
serviceName = user-service
call path = ->/wrk2-api/review/compose_nginx->/wrk2-api/review/compose_nginx->ComposeReview_nginx->UploadUserWithUsername_user-service
------------------------------------------------------------------------------------
