span = 0
span_id = daaeb1a468175f46
parent_id = None
start_time = 1682628698084000
end_time = 1682628698088332
inclusive_time = 4332
exclusive_time = 648
process_id = p1
operationName = /wrk2-api/review/compose
serviceName = nginx
------------------------------------------------------------------------------------
span = 1
span_id = 3c78652bc3a012a4
parent_id = daaeb1a468175f46
start_time = 1682628698084647
end_time = 1682628698088331
inclusive_time = 3684
exclusive_time = 91
process_id = p1
operationName = /wrk2-api/review/compose
serviceName = nginx
------------------------------------------------------------------------------------
span = 2
span_id = 5dceeb5219bda5a1
parent_id = 3c78652bc3a012a4
start_time = 1682628698084684
end_time = 1682628698088277
inclusive_time = 3593
exclusive_time = 261
process_id = p1
operationName = ComposeReview
serviceName = nginx
------------------------------------------------------------------------------------
span = 3
span_id = 8d58efc47528e40d
parent_id = 5dceeb5219bda5a1
start_time = 1682628698084975
end_time = 1682628698088189
inclusive_time = 3214
exclusive_time = 335
process_id = p5
operationName = UploadMovieId
serviceName = movie-id-service
------------------------------------------------------------------------------------
span = 4
span_id = de28b3fc07d0f83d
parent_id = 8d58efc47528e40d
start_time = 1682628698085679
end_time = 1682628698088098
inclusive_time = 2419
exclusive_time = 197
process_id = p7
operationName = UploadRating
serviceName = rating-service
------------------------------------------------------------------------------------
span = 5
span_id = 457a3449c4c542da
parent_id = de28b3fc07d0f83d
start_time = 1682628698085836
end_time = 1682628698087997
inclusive_time = 2161
exclusive_time = 1035
process_id = p3
operationName = UploadRating
serviceName = compose-review-service
------------------------------------------------------------------------------------
span = 6
span_id = fe29774bbc2ca76f
parent_id = 457a3449c4c542da
start_time = 1682628698086767
end_time = 1682628698087850
inclusive_time = 1083
exclusive_time = 16
process_id = p6
operationName = UploadUserReview
serviceName = user-review-service
------------------------------------------------------------------------------------
span = 7
span_id = e090c8f1ca86f0ce
parent_id = fe29774bbc2ca76f
start_time = 1682628698086783
end_time = 1682628698087855
inclusive_time = 1072
exclusive_time = 1072
process_id = p6
operationName = MongoFindUser
serviceName = user-review-service
------------------------------------------------------------------------------------
span = 8
span_id = 1dd606faf389f666
parent_id = 8d58efc47528e40d
start_time = 1682628698085247
end_time = 1682628698085345
inclusive_time = 98
exclusive_time = 98
process_id = p5
operationName = MmcSetMovieId
serviceName = movie-id-service
------------------------------------------------------------------------------------
span = 9
span_id = a51685124860b976
parent_id = 8d58efc47528e40d
start_time = 1682628698084991
end_time = 1682628698085090
inclusive_time = 99
exclusive_time = 99
process_id = p5
operationName = MmcGetMovieId
serviceName = movie-id-service
------------------------------------------------------------------------------------
