span 0
span_id = 9a240c402cb91e13
parent_id = None
start_time = 1682628697902000
end_time = 1682628697906556
inclusive_time = 4556
exclusive_time = 659
process_id = p1
operationName = /wrk2-api/review/compose
serviceName = None
------------------------------------------------------------------------------------
span 1
span_id = e0db11d4aee5764d
parent_id = 9a240c402cb91e13
start_time = 1682628697902659
end_time = 1682628697906556
inclusive_time = 3897
exclusive_time = 118
process_id = p1
operationName = /wrk2-api/review/compose
serviceName = None
------------------------------------------------------------------------------------
span 2
span_id = 5db064655e5701a0
parent_id = e0db11d4aee5764d
start_time = 1682628697902728
end_time = 1682628697906507
inclusive_time = 3779
exclusive_time = 262
process_id = p1
operationName = ComposeReview
serviceName = None
------------------------------------------------------------------------------------
span 3
span_id = 08e6034037439ac9
parent_id = 5db064655e5701a0
start_time = 1682628697902999
end_time = 1682628697906439
inclusive_time = 3440
exclusive_time = 333
process_id = p3
operationName = UploadMovieId
serviceName = None
------------------------------------------------------------------------------------
span 4
span_id = b4d7c6225154ef0f
parent_id = 08e6034037439ac9
start_time = 1682628697903437
end_time = 1682628697906337
inclusive_time = 2900
exclusive_time = 458
process_id = p7
operationName = UploadRating
serviceName = None
------------------------------------------------------------------------------------
span 5
span_id = e497438d3c585419
parent_id = b4d7c6225154ef0f
start_time = 1682628697903611
end_time = 1682628697906048
inclusive_time = 2437
exclusive_time = 1095
process_id = p2
operationName = UploadRating
serviceName = None
------------------------------------------------------------------------------------
span 6
span_id = a96d1d8554c03e66
parent_id = e497438d3c585419
start_time = 1682628697904684
end_time = 1682628697905919
inclusive_time = 1235
exclusive_time = 25
process_id = p4
operationName = UploadMovieReview
serviceName = None
------------------------------------------------------------------------------------
span 7
span_id = 32215811260ced62
parent_id = a96d1d8554c03e66
start_time = 1682628697904709
end_time = 1682628697905923
inclusive_time = 1214
exclusive_time = 1214
process_id = p4
operationName = MongoFindMovie
serviceName = None
------------------------------------------------------------------------------------
span 8
span_id = 1d8add5cc94f6303
parent_id = 08e6034037439ac9
start_time = 1682628697903328
end_time = 1682628697903428
inclusive_time = 100
exclusive_time = 100
process_id = p3
operationName = MmcSetMovieId
serviceName = None
------------------------------------------------------------------------------------
span 9
span_id = dfa5bca4d280d129
parent_id = 08e6034037439ac9
start_time = 1682628697903011
end_time = 1682628697903109
inclusive_time = 98
exclusive_time = 98
process_id = p3
operationName = MmcGetMovieId
serviceName = None
------------------------------------------------------------------------------------
