span 0
span_id = e071644973911a00
parent_id = None
start_time = 1682628697988000
end_time = 1682628697993303
inclusive_time = 5303
exclusive_time = 516
process_id = p2
operationName = /wrk2-api/review/compose
serviceName = None
------------------------------------------------------------------------------------
span 1
span_id = a61b5340958e232a
parent_id = e071644973911a00
start_time = 1682628697988516
end_time = 1682628697993303
inclusive_time = 4787
exclusive_time = 165
process_id = p2
operationName = /wrk2-api/review/compose
serviceName = None
------------------------------------------------------------------------------------
span 2
span_id = edf75d9fd33cf3bf
parent_id = a61b5340958e232a
start_time = 1682628697988608
end_time = 1682628697993230
inclusive_time = 4622
exclusive_time = 527
process_id = p2
operationName = ComposeReview
serviceName = None
------------------------------------------------------------------------------------
span 3
span_id = 339073bb70cfc687
parent_id = edf75d9fd33cf3bf
start_time = 1682628697990198
end_time = 1682628697993150
inclusive_time = 2952
exclusive_time = 237
process_id = p8
operationName = UploadUniqueId
serviceName = None
------------------------------------------------------------------------------------
span 4
span_id = 26e2862a5218b6b7
parent_id = 339073bb70cfc687
start_time = 1682628697990368
end_time = 1682628697993083
inclusive_time = 2715
exclusive_time = 1299
process_id = p6
operationName = UploadUniqueId
serviceName = None
------------------------------------------------------------------------------------
span 5
span_id = 82b2858bf8d57530
parent_id = 26e2862a5218b6b7
start_time = 1682628697991623
end_time = 1682628697992975
inclusive_time = 1352
exclusive_time = 25
process_id = p3
operationName = UploadMovieReview
serviceName = None
------------------------------------------------------------------------------------
span 6
span_id = 5b4b347e978498e8
parent_id = 82b2858bf8d57530
start_time = 1682628697991648
end_time = 1682628697992978
inclusive_time = 1330
exclusive_time = 1330
process_id = p3
operationName = MongoFindMovie
serviceName = None
------------------------------------------------------------------------------------
span 7
span_id = 37223bee8778f3c8
parent_id = edf75d9fd33cf3bf
start_time = 1682628697989055
end_time = 1682628697989840
inclusive_time = 785
exclusive_time = 232
process_id = p9
operationName = UploadUserWithUsername
serviceName = None
------------------------------------------------------------------------------------
span 8
span_id = d5c2a0b2249e9abe
parent_id = 37223bee8778f3c8
start_time = 1682628697989330
end_time = 1682628697989771
inclusive_time = 441
exclusive_time = 441
process_id = p6
operationName = UploadUserId
serviceName = None
------------------------------------------------------------------------------------
span 9
span_id = 48cdeb4d5cbc2f9f
parent_id = 37223bee8778f3c8
start_time = 1682628697989073
end_time = 1682628697989185
inclusive_time = 112
exclusive_time = 112
process_id = p9
operationName = MmcGetUserId
serviceName = None
------------------------------------------------------------------------------------
