span = 0
span_id = e630d70aa681dab8
parent_id = None
start_time = 1682628698206000
end_time = 1682628698210552
inclusive_time = 4552
exclusive_time = 452
process_id = p7
operationName = /wrk2-api/review/compose
serviceName = nginx
------------------------------------------------------------------------------------
span = 1
span_id = 892b874ad6f545b3
parent_id = e630d70aa681dab8
start_time = 1682628698206452
end_time = 1682628698210552
inclusive_time = 4100
exclusive_time = 86
process_id = p7
operationName = /wrk2-api/review/compose
serviceName = nginx
------------------------------------------------------------------------------------
span = 2
span_id = ea934a702d2ddfac
parent_id = 892b874ad6f545b3
start_time = 1682628698206483
end_time = 1682628698210497
inclusive_time = 4014
exclusive_time = 243
process_id = p7
operationName = ComposeReview
serviceName = nginx
------------------------------------------------------------------------------------
span = 3
span_id = 5f50d8f97810b685
parent_id = ea934a702d2ddfac
start_time = 1682628698206784
end_time = 1682628698210416
inclusive_time = 3632
exclusive_time = 303
process_id = p4
operationName = UploadMovieId
serviceName = movie-id-service
------------------------------------------------------------------------------------
span = 4
span_id = f1e21c75843101d0
parent_id = 5f50d8f97810b685
start_time = 1682628698207214
end_time = 1682628698210313
inclusive_time = 3099
exclusive_time = 263
process_id = p10
operationName = UploadRating
serviceName = rating-service
------------------------------------------------------------------------------------
span = 5
span_id = 37a9bac6fd4fd1d7
parent_id = f1e21c75843101d0
start_time = 1682628698207380
end_time = 1682628698210176
inclusive_time = 2796
exclusive_time = 1337
process_id = p3
operationName = UploadRating
serviceName = compose-review-service
------------------------------------------------------------------------------------
span = 6
span_id = e60f24a6bbec9f03
parent_id = 37a9bac6fd4fd1d7
start_time = 1682628698208655
end_time = 1682628698210007
inclusive_time = 1352
exclusive_time = 28
process_id = p5
operationName = UploadMovieReview
serviceName = movie-review-service
------------------------------------------------------------------------------------
span = 7
span_id = 712c59bec43999f8
parent_id = e60f24a6bbec9f03
start_time = 1682628698208683
end_time = 1682628698210011
inclusive_time = 1328
exclusive_time = 1328
process_id = p5
operationName = MongoFindMovie
serviceName = movie-review-service
------------------------------------------------------------------------------------
span = 8
span_id = 7c76b6cabd7b89a5
parent_id = 5f50d8f97810b685
start_time = 1682628698207043
end_time = 1682628698207155
inclusive_time = 112
exclusive_time = 112
process_id = p4
operationName = MmcSetMovieId
serviceName = movie-id-service
------------------------------------------------------------------------------------
span = 9
span_id = 96765f6d8bfaa786
parent_id = 5f50d8f97810b685
start_time = 1682628698206809
end_time = 1682628698206905
inclusive_time = 96
exclusive_time = 96
process_id = p4
operationName = MmcGetMovieId
serviceName = movie-id-service
------------------------------------------------------------------------------------
