span 0
span_id = e70c1f257e9582fb
parent_id = None
start_time = 1682707470561000
end_time = 1682707470562089
inclusive_time = 1089
exclusive_time = 971
process_id = p1
operationName = 
serviceName = None
------------------------------------------------------------------------------------
span 1
span_id = 0871ffeebc79091a
parent_id = e70c1f257e9582fb
start_time = 1682707470561971
end_time = 1682707470562089
inclusive_time = 118
exclusive_time = 118
process_id = p1
operationName = 
serviceName = None
------------------------------------------------------------------------------------
