span 0
span_id = d290492cd884ab95
parent_id = None
start_time = 1682628698324000
end_time = 1682628698328374
inclusive_time = 4374
exclusive_time = 693
process_id = p10
operationName = /wrk2-api/review/compose
serviceName = None
------------------------------------------------------------------------------------
span 1
span_id = f013b5761db1a1dc
parent_id = d290492cd884ab95
start_time = 1682628698324692
end_time = 1682628698328373
inclusive_time = 3681
exclusive_time = 102
process_id = p10
operationName = /wrk2-api/review/compose
serviceName = None
------------------------------------------------------------------------------------
span 2
span_id = 8e110bb2129aa5be
parent_id = f013b5761db1a1dc
start_time = 1682628698324744
end_time = 1682628698328323
inclusive_time = 3579
exclusive_time = 283
process_id = p10
operationName = ComposeReview
serviceName = None
------------------------------------------------------------------------------------
span 3
span_id = 9bc2507140ecbbee
parent_id = 8e110bb2129aa5be
start_time = 1682628698325379
end_time = 1682628698328237
inclusive_time = 2858
exclusive_time = 295
process_id = p3
operationName = UploadUniqueId
serviceName = None
------------------------------------------------------------------------------------
span 4
span_id = 71e97d3e38bef10f
parent_id = 9bc2507140ecbbee
start_time = 1682628698325605
end_time = 1682628698328168
inclusive_time = 2563
exclusive_time = 1422
process_id = p2
operationName = UploadUniqueId
serviceName = None
------------------------------------------------------------------------------------
span 5
span_id = e76cbb93fcb96a48
parent_id = 71e97d3e38bef10f
start_time = 1682628698326875
end_time = 1682628698327964
inclusive_time = 1089
exclusive_time = 28
process_id = p6
operationName = UploadUserReview
serviceName = None
------------------------------------------------------------------------------------
span 6
span_id = e7b8431681c0ce32
parent_id = e76cbb93fcb96a48
start_time = 1682628698326903
end_time = 1682628698327969
inclusive_time = 1066
exclusive_time = 1066
process_id = p6
operationName = MongoFindUser
serviceName = None
------------------------------------------------------------------------------------
