span = 0
span_id = ba28261275bbb06c
parent_id = None
start_time = 1682628697962000
end_time = 1682628697966636
inclusive_time = 4636
exclusive_time = 569
process_id = p7
operationName = /wrk2-api/review/compose
serviceName = nginx
------------------------------------------------------------------------------------
span = 1
span_id = 187f60eaae9965d5
parent_id = ba28261275bbb06c
start_time = 1682628697962569
end_time = 1682628697966636
inclusive_time = 4067
exclusive_time = 104
process_id = p7
operationName = /wrk2-api/review/compose
serviceName = nginx
------------------------------------------------------------------------------------
span = 2
span_id = d7e4ce3b9cebd2c0
parent_id = 187f60eaae9965d5
start_time = 1682628697962611
end_time = 1682628697966574
inclusive_time = 3963
exclusive_time = 295
process_id = p7
operationName = ComposeReview
serviceName = nginx
------------------------------------------------------------------------------------
span = 3
span_id = 47a44b1ed9c05444
parent_id = d7e4ce3b9cebd2c0
start_time = 1682628697962920
end_time = 1682628697966494
inclusive_time = 3574
exclusive_time = 305
process_id = p6
operationName = UploadMovieId
serviceName = movie-id-service
------------------------------------------------------------------------------------
span = 4
span_id = 6b6b7b735e5d2ae6
parent_id = 47a44b1ed9c05444
start_time = 1682628697963278
end_time = 1682628697966343
inclusive_time = 3065
exclusive_time = 266
process_id = p3
operationName = UploadRating
serviceName = rating-service
------------------------------------------------------------------------------------
span = 5
span_id = aa1fbefd26d5f218
parent_id = 6b6b7b735e5d2ae6
start_time = 1682628697963457
end_time = 1682628697966223
inclusive_time = 2766
exclusive_time = 1453
process_id = p2
operationName = UploadRating
serviceName = compose-review-service
------------------------------------------------------------------------------------
span = 6
span_id = a588b4c6bae6b02b
parent_id = aa1fbefd26d5f218
start_time = 1682628697964801
end_time = 1682628697966010
inclusive_time = 1209
exclusive_time = 32
process_id = p1
operationName = UploadUserReview
serviceName = user-review-service
------------------------------------------------------------------------------------
span = 7
span_id = fcf15372e442b020
parent_id = a588b4c6bae6b02b
start_time = 1682628697964833
end_time = 1682628697966072
inclusive_time = 1239
exclusive_time = 1239
process_id = p1
operationName = MongoFindUser
serviceName = user-review-service
------------------------------------------------------------------------------------
span = 8
span_id = 7d353418a7be7f73
parent_id = 47a44b1ed9c05444
start_time = 1682628697963162
end_time = 1682628697963255
inclusive_time = 93
exclusive_time = 93
process_id = p6
operationName = MmcSetMovieId
serviceName = movie-id-service
------------------------------------------------------------------------------------
span = 9
span_id = a72b6238c4b42372
parent_id = 47a44b1ed9c05444
start_time = 1682628697962940
end_time = 1682628697963034
inclusive_time = 94
exclusive_time = 94
process_id = p6
operationName = MmcGetMovieId
serviceName = movie-id-service
------------------------------------------------------------------------------------
