span = 0
span_id = c1a88d3e4eac2903
parent_id = None
start_time = 1682628698043000
end_time = 1682628698048504
inclusive_time = 5504
exclusive_time = 1413
process_id = p8
operationName = /wrk2-api/review/compose
serviceName = nginx
------------------------------------------------------------------------------------
span = 1
span_id = cc7c132b55d54ee5
parent_id = c1a88d3e4eac2903
start_time = 1682628698044412
end_time = 1682628698048503
inclusive_time = 4091
exclusive_time = 108
process_id = p8
operationName = /wrk2-api/review/compose
serviceName = nginx
------------------------------------------------------------------------------------
span = 2
span_id = 0cb6eb0f5510ba0d
parent_id = cc7c132b55d54ee5
start_time = 1682628698044467
end_time = 1682628698048450
inclusive_time = 3983
exclusive_time = 524
process_id = p8
operationName = ComposeReview
serviceName = nginx
------------------------------------------------------------------------------------
span = 3
span_id = a6035ebe1681d1af
parent_id = 0cb6eb0f5510ba0d
start_time = 1682628698044804
end_time = 1682628698048152
inclusive_time = 3348
exclusive_time = 326
process_id = p6
operationName = UploadMovieId
serviceName = movie-id-service
------------------------------------------------------------------------------------
span = 4
span_id = 1249fc8ef15a6529
parent_id = a6035ebe1681d1af
start_time = 1682628698045227
end_time = 1682628698048007
inclusive_time = 2780
exclusive_time = 310
process_id = p7
operationName = UploadRating
serviceName = rating-service
------------------------------------------------------------------------------------
span = 5
span_id = 79d09c69a10c37fb
parent_id = 1249fc8ef15a6529
start_time = 1682628698045465
end_time = 1682628698047905
inclusive_time = 2440
exclusive_time = 1033
process_id = p4
operationName = UploadRating
serviceName = compose-review-service
------------------------------------------------------------------------------------
span = 6
span_id = 0869acba73254ccc
parent_id = 79d09c69a10c37fb
start_time = 1682628698046399
end_time = 1682628698047707
inclusive_time = 1308
exclusive_time = 18
process_id = p3
operationName = UploadMovieReview
serviceName = movie-review-service
------------------------------------------------------------------------------------
span = 7
span_id = 7d4758ed25364263
parent_id = 0869acba73254ccc
start_time = 1682628698046417
end_time = 1682628698047718
inclusive_time = 1301
exclusive_time = 1301
process_id = p3
operationName = MongoFindMovie
serviceName = movie-review-service
------------------------------------------------------------------------------------
span = 8
span_id = 33673dd7f4c96332
parent_id = a6035ebe1681d1af
start_time = 1682628698045057
end_time = 1682628698045149
inclusive_time = 92
exclusive_time = 92
process_id = p6
operationName = MmcSetMovieId
serviceName = movie-id-service
------------------------------------------------------------------------------------
span = 9
span_id = edf0a30f6cf310e8
parent_id = a6035ebe1681d1af
start_time = 1682628698044821
end_time = 1682628698044924
inclusive_time = 103
exclusive_time = 103
process_id = p6
operationName = MmcGetMovieId
serviceName = movie-id-service
------------------------------------------------------------------------------------
