span = 0
span_id = e7097ea834795788
parent_id = None
start_time = 1682628698008000
end_time = 1682628698012888
inclusive_time = 4888
exclusive_time = 798
process_id = p3
operationName = /wrk2-api/review/compose
serviceName = nginx
------------------------------------------------------------------------------------
span = 1
span_id = 51e7e99f7945ca64
parent_id = e7097ea834795788
start_time = 1682628698008797
end_time = 1682628698012887
inclusive_time = 4090
exclusive_time = 122
process_id = p3
operationName = /wrk2-api/review/compose
serviceName = nginx
------------------------------------------------------------------------------------
span = 2
span_id = da3ef3ab8bbfc3c3
parent_id = 51e7e99f7945ca64
start_time = 1682628698008858
end_time = 1682628698012826
inclusive_time = 3968
exclusive_time = 317
process_id = p3
operationName = ComposeReview
serviceName = nginx
------------------------------------------------------------------------------------
span = 3
span_id = 237323b903b30097
parent_id = da3ef3ab8bbfc3c3
start_time = 1682628698009217
end_time = 1682628698012737
inclusive_time = 3520
exclusive_time = 413
process_id = p2
operationName = UploadMovieId
serviceName = movie-id-service
------------------------------------------------------------------------------------
span = 4
span_id = 974709f7a58e8970
parent_id = 237323b903b30097
start_time = 1682628698009685
end_time = 1682628698012618
inclusive_time = 2933
exclusive_time = 271
process_id = p9
operationName = UploadRating
serviceName = rating-service
------------------------------------------------------------------------------------
span = 5
span_id = 7409dff2841e391c
parent_id = 974709f7a58e8970
start_time = 1682628698010015
end_time = 1682628698012476
inclusive_time = 2461
exclusive_time = 1053
process_id = p5
operationName = UploadRating
serviceName = compose-review-service
------------------------------------------------------------------------------------
span = 6
span_id = c9b424a1455ddb7b
parent_id = 7409dff2841e391c
start_time = 1682628698011174
end_time = 1682628698012333
inclusive_time = 1159
exclusive_time = 28
process_id = p6
operationName = UploadUserReview
serviceName = user-review-service
------------------------------------------------------------------------------------
span = 7
span_id = d8850600b1d5885c
parent_id = c9b424a1455ddb7b
start_time = 1682628698011202
end_time = 1682628698012338
inclusive_time = 1136
exclusive_time = 1136
process_id = p6
operationName = MongoFindUser
serviceName = user-review-service
------------------------------------------------------------------------------------
span = 8
span_id = ecabf358c48b89f3
parent_id = 974709f7a58e8970
start_time = 1682628698009799
end_time = 1682628698010000
inclusive_time = 201
exclusive_time = 201
process_id = p9
operationName = RedisInsert
serviceName = rating-service
------------------------------------------------------------------------------------
span = 9
span_id = 6c79b4765c124b8e
parent_id = 237323b903b30097
start_time = 1682628698009522
end_time = 1682628698009614
inclusive_time = 92
exclusive_time = 92
process_id = p2
operationName = MmcSetMovieId
serviceName = movie-id-service
------------------------------------------------------------------------------------
span = 10
span_id = cf4b66b30b326649
parent_id = 237323b903b30097
start_time = 1682628698009231
end_time = 1682628698009313
inclusive_time = 82
exclusive_time = 82
process_id = p2
operationName = MmcGetMovieId
serviceName = movie-id-service
------------------------------------------------------------------------------------
