span = 0
trace_id = bf22cdd99e78a421
span_id = bf22cdd99e78a421
parent_id = None
start_time = 1682628698069000
end_time = 1682628698074146
inclusive_time = 5146
exclusive_time = 705
process_id = p7
operationName = /wrk2-api/review/compose
serviceName = nginx
call path = 
------------------------------------------------------------------------------------
span = 1
trace_id = bf22cdd99e78a421
span_id = 76b42e10f54b53b9
parent_id = bf22cdd99e78a421
start_time = 1682628698069704
end_time = 1682628698074145
inclusive_time = 4441
exclusive_time = 173
process_id = p7
operationName = /wrk2-api/review/compose
serviceName = nginx
call path = ->/wrk2-api/review/compose_nginx
------------------------------------------------------------------------------------
span = 2
trace_id = bf22cdd99e78a421
span_id = db084ac16060eb49
parent_id = 76b42e10f54b53b9
start_time = 1682628698069810
end_time = 1682628698074078
inclusive_time = 4268
exclusive_time = 462
process_id = p7
operationName = ComposeReview
serviceName = nginx
call path = ->/wrk2-api/review/compose_nginx->/wrk2-api/review/compose_nginx
------------------------------------------------------------------------------------
span = 3
trace_id = bf22cdd99e78a421
span_id = 846f02a4df50e2d1
parent_id = db084ac16060eb49
start_time = 1682628698070269
end_time = 1682628698073999
inclusive_time = 3730
exclusive_time = 431
process_id = p4
operationName = UploadMovieId
serviceName = movie-id-service
call path = ->/wrk2-api/review/compose_nginx->/wrk2-api/review/compose_nginx->ComposeReview_nginx
------------------------------------------------------------------------------------
span = 4
trace_id = bf22cdd99e78a421
span_id = bf1f72e91e9d8549
parent_id = 846f02a4df50e2d1
start_time = 1682628698070799
end_time = 1682628698073822
inclusive_time = 3023
exclusive_time = 202
process_id = p6
operationName = UploadRating
serviceName = rating-service
call path = ->/wrk2-api/review/compose_nginx->/wrk2-api/review/compose_nginx->ComposeReview_nginx->UploadMovieId_movie-id-service
------------------------------------------------------------------------------------
span = 5
trace_id = bf22cdd99e78a421
span_id = 679b254f990bf295
parent_id = bf1f72e91e9d8549
start_time = 1682628698070952
end_time = 1682628698073717
inclusive_time = 2765
exclusive_time = 1588
process_id = p2
operationName = UploadRating
serviceName = compose-review-service
call path = ->/wrk2-api/review/compose_nginx->/wrk2-api/review/compose_nginx->ComposeReview_nginx->UploadMovieId_movie-id-service->UploadRating_rating-service
------------------------------------------------------------------------------------
span = 6
trace_id = bf22cdd99e78a421
span_id = 4abfc67cc7453b67
parent_id = 679b254f990bf295
start_time = 1682628698072166
end_time = 1682628698073286
inclusive_time = 1120
exclusive_time = 27
process_id = p1
operationName = UploadMovieReview
serviceName = movie-review-service
call path = ->/wrk2-api/review/compose_nginx->/wrk2-api/review/compose_nginx->ComposeReview_nginx->UploadMovieId_movie-id-service->UploadRating_rating-service->UploadRating_compose-review-service
------------------------------------------------------------------------------------
span = 7
trace_id = bf22cdd99e78a421
span_id = f15fab7e6dce08d9
parent_id = 4abfc67cc7453b67
start_time = 1682628698072193
end_time = 1682628698073293
inclusive_time = 1100
exclusive_time = 1100
process_id = p1
operationName = MongoFindMovie
serviceName = movie-review-service
call path = ->/wrk2-api/review/compose_nginx->/wrk2-api/review/compose_nginx->ComposeReview_nginx->UploadMovieId_movie-id-service->UploadRating_rating-service->UploadRating_compose-review-service->UploadMovieReview_movie-review-service
------------------------------------------------------------------------------------
span = 8
trace_id = bf22cdd99e78a421
span_id = e357fe5363a564f5
parent_id = 846f02a4df50e2d1
start_time = 1682628698070584
end_time = 1682628698070717
inclusive_time = 133
exclusive_time = 133
process_id = p4
operationName = MmcSetMovieId
serviceName = movie-id-service
call path = ->/wrk2-api/review/compose_nginx->/wrk2-api/review/compose_nginx->ComposeReview_nginx->UploadMovieId_movie-id-service
------------------------------------------------------------------------------------
span = 9
trace_id = bf22cdd99e78a421
span_id = 8e1636b517bbfa40
parent_id = 846f02a4df50e2d1
start_time = 1682628698070281
end_time = 1682628698070419
inclusive_time = 138
exclusive_time = 138
process_id = p4
operationName = MmcGetMovieId
serviceName = movie-id-service
call path = ->/wrk2-api/review/compose_nginx->/wrk2-api/review/compose_nginx->ComposeReview_nginx->UploadMovieId_movie-id-service
------------------------------------------------------------------------------------
