span = 0
trace_id = 602b47c27ce3738b
span_id = 602b47c27ce3738b
parent_id = None
start_time = 1682628698164000
end_time = 1682628698168739
inclusive_time = 4739
exclusive_time = 563
process_id = p8
operationName = /wrk2-api/review/compose
serviceName = nginx
call path = 
------------------------------------------------------------------------------------
span = 1
trace_id = 602b47c27ce3738b
span_id = 5f3ed39b629ea45b
parent_id = 602b47c27ce3738b
start_time = 1682628698164563
end_time = 1682628698168739
inclusive_time = 4176
exclusive_time = 97
process_id = p8
operationName = /wrk2-api/review/compose
serviceName = nginx
call path = ->/wrk2-api/review/compose_nginx
------------------------------------------------------------------------------------
span = 2
trace_id = 602b47c27ce3738b
span_id = a71bff468473f696
parent_id = 5f3ed39b629ea45b
start_time = 1682628698164602
end_time = 1682628698168681
inclusive_time = 4079
exclusive_time = 272
process_id = p8
operationName = ComposeReview
serviceName = nginx
call path = ->/wrk2-api/review/compose_nginx->/wrk2-api/review/compose_nginx
------------------------------------------------------------------------------------
span = 3
trace_id = 602b47c27ce3738b
span_id = 4619d0a7811a9b24
parent_id = a71bff468473f696
start_time = 1682628698164855
end_time = 1682628698168573
inclusive_time = 3718
exclusive_time = 334
process_id = p6
operationName = UploadMovieId
serviceName = movie-id-service
call path = ->/wrk2-api/review/compose_nginx->/wrk2-api/review/compose_nginx->ComposeReview_nginx
------------------------------------------------------------------------------------
span = 4
trace_id = 602b47c27ce3738b
span_id = f48f599c6ac0ef88
parent_id = 4619d0a7811a9b24
start_time = 1682628698165385
end_time = 1682628698168450
inclusive_time = 3065
exclusive_time = 240
process_id = p1
operationName = UploadRating
serviceName = rating-service
call path = ->/wrk2-api/review/compose_nginx->/wrk2-api/review/compose_nginx->ComposeReview_nginx->UploadMovieId_movie-id-service
------------------------------------------------------------------------------------
span = 5
trace_id = 602b47c27ce3738b
span_id = 064dc445cba67f1d
parent_id = f48f599c6ac0ef88
start_time = 1682628698165646
end_time = 1682628698168355
inclusive_time = 2709
exclusive_time = 1379
process_id = p2
operationName = UploadRating
serviceName = compose-review-service
call path = ->/wrk2-api/review/compose_nginx->/wrk2-api/review/compose_nginx->ComposeReview_nginx->UploadMovieId_movie-id-service->UploadRating_rating-service
------------------------------------------------------------------------------------
span = 6
trace_id = 602b47c27ce3738b
span_id = a896d845ed5da05b
parent_id = 064dc445cba67f1d
start_time = 1682628698166931
end_time = 1682628698168259
inclusive_time = 1328
exclusive_time = 26
process_id = p3
operationName = UploadMovieReview
serviceName = movie-review-service
call path = ->/wrk2-api/review/compose_nginx->/wrk2-api/review/compose_nginx->ComposeReview_nginx->UploadMovieId_movie-id-service->UploadRating_rating-service->UploadRating_compose-review-service
------------------------------------------------------------------------------------
span = 7
trace_id = 602b47c27ce3738b
span_id = 715d2c2982e64fa7
parent_id = a896d845ed5da05b
start_time = 1682628698166957
end_time = 1682628698168264
inclusive_time = 1307
exclusive_time = 1307
process_id = p3
operationName = MongoFindMovie
serviceName = movie-review-service
call path = ->/wrk2-api/review/compose_nginx->/wrk2-api/review/compose_nginx->ComposeReview_nginx->UploadMovieId_movie-id-service->UploadRating_rating-service->UploadRating_compose-review-service->UploadMovieReview_movie-review-service
------------------------------------------------------------------------------------
span = 8
trace_id = 602b47c27ce3738b
span_id = fb98bac196bc3616
parent_id = 4619d0a7811a9b24
start_time = 1682628698165117
end_time = 1682628698165309
inclusive_time = 192
exclusive_time = 192
process_id = p6
operationName = MmcSetMovieId
serviceName = movie-id-service
call path = ->/wrk2-api/review/compose_nginx->/wrk2-api/review/compose_nginx->ComposeReview_nginx->UploadMovieId_movie-id-service
------------------------------------------------------------------------------------
span = 9
trace_id = 602b47c27ce3738b
span_id = f2b316729ab04da7
parent_id = 4619d0a7811a9b24
start_time = 1682628698164867
end_time = 1682628698164971
inclusive_time = 104
exclusive_time = 104
process_id = p6
operationName = MmcGetMovieId
serviceName = movie-id-service
call path = ->/wrk2-api/review/compose_nginx->/wrk2-api/review/compose_nginx->ComposeReview_nginx->UploadMovieId_movie-id-service
------------------------------------------------------------------------------------
