span = 0
trace_id = 4abd6b10b20062f3
span_id = 4abd6b10b20062f3
parent_id = None
start_time = 1682628698037000
end_time = 1682628698041688
inclusive_time = 4688
exclusive_time = 419
process_id = p9
operationName = /wrk2-api/review/compose
serviceName = nginx
call path = 
------------------------------------------------------------------------------------
span = 1
trace_id = 4abd6b10b20062f3
span_id = a52be19dc9046fe2
parent_id = 4abd6b10b20062f3
start_time = 1682628698037418
end_time = 1682628698041687
inclusive_time = 4269
exclusive_time = 190
process_id = p9
operationName = /wrk2-api/review/compose
serviceName = nginx
call path = ->/wrk2-api/review/compose_nginx
------------------------------------------------------------------------------------
span = 2
trace_id = 4abd6b10b20062f3
span_id = e59e11cfa459e227
parent_id = a52be19dc9046fe2
start_time = 1682628698037463
end_time = 1682628698041542
inclusive_time = 4079
exclusive_time = 280
process_id = p9
operationName = ComposeReview
serviceName = nginx
call path = ->/wrk2-api/review/compose_nginx->/wrk2-api/review/compose_nginx
------------------------------------------------------------------------------------
span = 3
trace_id = 4abd6b10b20062f3
span_id = 9286c43126046604
parent_id = e59e11cfa459e227
start_time = 1682628698037811
end_time = 1682628698041450
inclusive_time = 3639
exclusive_time = 465
process_id = p7
operationName = UploadMovieId
serviceName = movie-id-service
call path = ->/wrk2-api/review/compose_nginx->/wrk2-api/review/compose_nginx->ComposeReview_nginx
------------------------------------------------------------------------------------
span = 4
trace_id = 4abd6b10b20062f3
span_id = 490caa98d2212f16
parent_id = 9286c43126046604
start_time = 1682628698038536
end_time = 1682628698041308
inclusive_time = 2772
exclusive_time = 208
process_id = p8
operationName = UploadRating
serviceName = rating-service
call path = ->/wrk2-api/review/compose_nginx->/wrk2-api/review/compose_nginx->ComposeReview_nginx->UploadMovieId_movie-id-service
------------------------------------------------------------------------------------
span = 5
trace_id = 4abd6b10b20062f3
span_id = 6c84332eaf4c301b
parent_id = 490caa98d2212f16
start_time = 1682628698038729
end_time = 1682628698041181
inclusive_time = 2452
exclusive_time = 1320
process_id = p2
operationName = UploadRating
serviceName = compose-review-service
call path = ->/wrk2-api/review/compose_nginx->/wrk2-api/review/compose_nginx->ComposeReview_nginx->UploadMovieId_movie-id-service->UploadRating_rating-service
------------------------------------------------------------------------------------
span = 6
trace_id = 4abd6b10b20062f3
span_id = 8a3681b57f9910f5
parent_id = 6c84332eaf4c301b
start_time = 1682628698039953
end_time = 1682628698041035
inclusive_time = 1082
exclusive_time = 18
process_id = p3
operationName = UploadUserReview
serviceName = user-review-service
call path = ->/wrk2-api/review/compose_nginx->/wrk2-api/review/compose_nginx->ComposeReview_nginx->UploadMovieId_movie-id-service->UploadRating_rating-service->UploadRating_compose-review-service
------------------------------------------------------------------------------------
span = 7
trace_id = 4abd6b10b20062f3
span_id = 8a81f5a8748f9367
parent_id = 8a3681b57f9910f5
start_time = 1682628698039971
end_time = 1682628698041039
inclusive_time = 1068
exclusive_time = 1068
process_id = p3
operationName = MongoFindUser
serviceName = user-review-service
call path = ->/wrk2-api/review/compose_nginx->/wrk2-api/review/compose_nginx->ComposeReview_nginx->UploadMovieId_movie-id-service->UploadRating_rating-service->UploadRating_compose-review-service->UploadUserReview_user-review-service
------------------------------------------------------------------------------------
span = 8
trace_id = 4abd6b10b20062f3
span_id = cf064c21cba67de3
parent_id = 9286c43126046604
start_time = 1682628698038201
end_time = 1682628698038298
inclusive_time = 97
exclusive_time = 97
process_id = p7
operationName = MmcSetMovieId
serviceName = movie-id-service
call path = ->/wrk2-api/review/compose_nginx->/wrk2-api/review/compose_nginx->ComposeReview_nginx->UploadMovieId_movie-id-service
------------------------------------------------------------------------------------
span = 9
trace_id = 4abd6b10b20062f3
span_id = 76d07f1216dbe42a
parent_id = 9286c43126046604
start_time = 1682628698037834
end_time = 1682628698037938
inclusive_time = 104
exclusive_time = 104
process_id = p7
operationName = MmcGetMovieId
serviceName = movie-id-service
call path = ->/wrk2-api/review/compose_nginx->/wrk2-api/review/compose_nginx->ComposeReview_nginx->UploadMovieId_movie-id-service
------------------------------------------------------------------------------------
