span = 0
span_id = 55cd33593fdc26c3
parent_id = None
start_time = 1682628697951000
end_time = 1682628697954946
inclusive_time = 3946
exclusive_time = 144
process_id = p8
operationName = /wrk2-api/review/compose
serviceName = nginx
------------------------------------------------------------------------------------
span = 1
span_id = 168bf66e37307379
parent_id = 55cd33593fdc26c3
start_time = 1682628697951144
end_time = 1682628697954946
inclusive_time = 3802
exclusive_time = 115
process_id = p8
operationName = /wrk2-api/review/compose
serviceName = nginx
------------------------------------------------------------------------------------
span = 2
span_id = f8011615523c1b97
parent_id = 168bf66e37307379
start_time = 1682628697951193
end_time = 1682628697954880
inclusive_time = 3687
exclusive_time = 310
process_id = p8
operationName = ComposeReview
serviceName = nginx
------------------------------------------------------------------------------------
span = 3
span_id = 91b9b0a7607594f2
parent_id = f8011615523c1b97
start_time = 1682628697951552
end_time = 1682628697954813
inclusive_time = 3261
exclusive_time = 353
process_id = p7
operationName = UploadMovieId
serviceName = movie-id-service
------------------------------------------------------------------------------------
span = 4
span_id = 38ae98103a7fafb7
parent_id = 91b9b0a7607594f2
start_time = 1682628697951990
end_time = 1682628697954664
inclusive_time = 2674
exclusive_time = 243
process_id = p4
operationName = UploadRating
serviceName = rating-service
------------------------------------------------------------------------------------
span = 5
span_id = 5aa744a05a878882
parent_id = 38ae98103a7fafb7
start_time = 1682628697952157
end_time = 1682628697954548
inclusive_time = 2391
exclusive_time = 1142
process_id = p3
operationName = UploadRating
serviceName = compose-review-service
------------------------------------------------------------------------------------
span = 6
span_id = 90fe11382650da8c
parent_id = 5aa744a05a878882
start_time = 1682628697953111
end_time = 1682628697954303
inclusive_time = 1192
exclusive_time = 19
process_id = p6
operationName = UploadMovieReview
serviceName = movie-review-service
------------------------------------------------------------------------------------
span = 7
span_id = ceeafae66343838e
parent_id = 90fe11382650da8c
start_time = 1682628697953130
end_time = 1682628697954308
inclusive_time = 1178
exclusive_time = 1178
process_id = p6
operationName = MongoFindMovie
serviceName = movie-review-service
------------------------------------------------------------------------------------
span = 8
span_id = 82e12bb9bdda8f48
parent_id = 91b9b0a7607594f2
start_time = 1682628697951820
end_time = 1682628697951931
inclusive_time = 111
exclusive_time = 111
process_id = p7
operationName = MmcSetMovieId
serviceName = movie-id-service
------------------------------------------------------------------------------------
span = 9
span_id = d93692872731ed5c
parent_id = 91b9b0a7607594f2
start_time = 1682628697951567
end_time = 1682628697951666
inclusive_time = 99
exclusive_time = 99
process_id = p7
operationName = MmcGetMovieId
serviceName = movie-id-service
------------------------------------------------------------------------------------
