span = 0
trace_id = 30d4b093a2bd100f
span_id = 30d4b093a2bd100f
parent_id = None
start_time = 1682628698274000
end_time = 1682628698279627
inclusive_time = 5627
exclusive_time = 586
process_id = p2
operationName = /wrk2-api/review/compose
serviceName = nginx
call path = 
------------------------------------------------------------------------------------
span = 1
trace_id = 30d4b093a2bd100f
span_id = 623c9b91503dc243
parent_id = 30d4b093a2bd100f
start_time = 1682628698274586
end_time = 1682628698279627
inclusive_time = 5041
exclusive_time = 200
process_id = p2
operationName = /wrk2-api/review/compose
serviceName = nginx
call path = ->/wrk2-api/review/compose_nginx
------------------------------------------------------------------------------------
span = 2
trace_id = 30d4b093a2bd100f
span_id = 6223354782a4a4ce
parent_id = 623c9b91503dc243
start_time = 1682628698274733
end_time = 1682628698279574
inclusive_time = 4841
exclusive_time = 913
process_id = p2
operationName = ComposeReview
serviceName = nginx
call path = ->/wrk2-api/review/compose_nginx->/wrk2-api/review/compose_nginx
------------------------------------------------------------------------------------
span = 3
trace_id = 30d4b093a2bd100f
span_id = 2679e7964d0671bf
parent_id = 6223354782a4a4ce
start_time = 1682628698276483
end_time = 1682628698279482
inclusive_time = 2999
exclusive_time = 235
process_id = p1
operationName = UploadUserWithUsername
serviceName = user-service
call path = ->/wrk2-api/review/compose_nginx->/wrk2-api/review/compose_nginx->ComposeReview_nginx
------------------------------------------------------------------------------------
span = 4
trace_id = 30d4b093a2bd100f
span_id = b578a10f7198aaa9
parent_id = 2679e7964d0671bf
start_time = 1682628698276745
end_time = 1682628698279423
inclusive_time = 2678
exclusive_time = 1181
process_id = p4
operationName = UploadUserId
serviceName = compose-review-service
call path = ->/wrk2-api/review/compose_nginx->/wrk2-api/review/compose_nginx->ComposeReview_nginx->UploadUserWithUsername_user-service
------------------------------------------------------------------------------------
span = 5
trace_id = 30d4b093a2bd100f
span_id = 3fe0cb34c33f6289
parent_id = b578a10f7198aaa9
start_time = 1682628698277513
end_time = 1682628698278954
inclusive_time = 1441
exclusive_time = 24
process_id = p3
operationName = UploadUserReview
serviceName = user-review-service
call path = ->/wrk2-api/review/compose_nginx->/wrk2-api/review/compose_nginx->ComposeReview_nginx->UploadUserWithUsername_user-service->UploadUserId_compose-review-service
------------------------------------------------------------------------------------
span = 6
trace_id = 30d4b093a2bd100f
span_id = 4afe6d3c315f0a6e
parent_id = 3fe0cb34c33f6289
start_time = 1682628698277537
end_time = 1682628698278959
inclusive_time = 1422
exclusive_time = 1422
process_id = p3
operationName = MongoFindUser
serviceName = user-review-service
call path = ->/wrk2-api/review/compose_nginx->/wrk2-api/review/compose_nginx->ComposeReview_nginx->UploadUserWithUsername_user-service->UploadUserId_compose-review-service->UploadUserReview_user-review-service
------------------------------------------------------------------------------------
span = 7
trace_id = 30d4b093a2bd100f
span_id = e1600b742b6f2cb1
parent_id = 2679e7964d0671bf
start_time = 1682628698276502
end_time = 1682628698276588
inclusive_time = 86
exclusive_time = 86
process_id = p1
operationName = MmcGetUserId
serviceName = user-service
call path = ->/wrk2-api/review/compose_nginx->/wrk2-api/review/compose_nginx->ComposeReview_nginx->UploadUserWithUsername_user-service
------------------------------------------------------------------------------------
span = 8
trace_id = 30d4b093a2bd100f
span_id = 9178ca18987fd247
parent_id = 6223354782a4a4ce
start_time = 1682628698275663
end_time = 1682628698276249
inclusive_time = 586
exclusive_time = 144
process_id = p9
operationName = UploadText
serviceName = text-service
call path = ->/wrk2-api/review/compose_nginx->/wrk2-api/review/compose_nginx->ComposeReview_nginx
------------------------------------------------------------------------------------
span = 9
trace_id = 30d4b093a2bd100f
span_id = b48d6aa1c6dc2b3d
parent_id = 9178ca18987fd247
start_time = 1682628698275752
end_time = 1682628698276194
inclusive_time = 442
exclusive_time = 442
process_id = p4
operationName = UploadText
serviceName = compose-review-service
call path = ->/wrk2-api/review/compose_nginx->/wrk2-api/review/compose_nginx->ComposeReview_nginx->UploadText_text-service
------------------------------------------------------------------------------------
