span = 0
trace_id = 4427305f303daaa5
span_id = 4427305f303daaa5
parent_id = None
start_time = 1682628697872000
end_time = 1682628697876653
inclusive_time = 4653
exclusive_time = 413
process_id = p5
operationName = /wrk2-api/review/compose
serviceName = nginx
call path = 
------------------------------------------------------------------------------------
span = 1
trace_id = 4427305f303daaa5
span_id = 160b3695be66a378
parent_id = 4427305f303daaa5
start_time = 1682628697872413
end_time = 1682628697876653
inclusive_time = 4240
exclusive_time = 98
process_id = p5
operationName = /wrk2-api/review/compose
serviceName = nginx
call path = ->/wrk2-api/review/compose_nginx
------------------------------------------------------------------------------------
span = 2
trace_id = 4427305f303daaa5
span_id = bf1ea48547852e4c
parent_id = 160b3695be66a378
start_time = 1682628697872455
end_time = 1682628697876597
inclusive_time = 4142
exclusive_time = 376
process_id = p5
operationName = ComposeReview
serviceName = nginx
call path = ->/wrk2-api/review/compose_nginx->/wrk2-api/review/compose_nginx
------------------------------------------------------------------------------------
span = 3
trace_id = 4427305f303daaa5
span_id = 8d5b2d98d5237454
parent_id = bf1ea48547852e4c
start_time = 1682628697872762
end_time = 1682628697876528
inclusive_time = 3766
exclusive_time = 555
process_id = p4
operationName = UploadMovieId
serviceName = movie-id-service
call path = ->/wrk2-api/review/compose_nginx->/wrk2-api/review/compose_nginx->ComposeReview_nginx
------------------------------------------------------------------------------------
span = 4
trace_id = 4427305f303daaa5
span_id = 9f19c7ff869331c3
parent_id = 8d5b2d98d5237454
start_time = 1682628697873736
end_time = 1682628697876413
inclusive_time = 2677
exclusive_time = 279
process_id = p8
operationName = UploadRating
serviceName = rating-service
call path = ->/wrk2-api/review/compose_nginx->/wrk2-api/review/compose_nginx->ComposeReview_nginx->UploadMovieId_movie-id-service
------------------------------------------------------------------------------------
span = 5
trace_id = 4427305f303daaa5
span_id = 928a70049dcf243b
parent_id = 9f19c7ff869331c3
start_time = 1682628697873920
end_time = 1682628697876298
inclusive_time = 2378
exclusive_time = 1015
process_id = p3
operationName = UploadRating
serviceName = compose-review-service
call path = ->/wrk2-api/review/compose_nginx->/wrk2-api/review/compose_nginx->ComposeReview_nginx->UploadMovieId_movie-id-service->UploadRating_rating-service
------------------------------------------------------------------------------------
span = 6
trace_id = 4427305f303daaa5
span_id = d47850efc3479e61
parent_id = 928a70049dcf243b
start_time = 1682628697875160
end_time = 1682628697876183
inclusive_time = 1023
exclusive_time = 27
process_id = p6
operationName = UploadMovieReview
serviceName = movie-review-service
call path = ->/wrk2-api/review/compose_nginx->/wrk2-api/review/compose_nginx->ComposeReview_nginx->UploadMovieId_movie-id-service->UploadRating_rating-service->UploadRating_compose-review-service
------------------------------------------------------------------------------------
span = 7
trace_id = 4427305f303daaa5
span_id = 84f0e1d813ba3312
parent_id = d47850efc3479e61
start_time = 1682628697875187
end_time = 1682628697876187
inclusive_time = 1000
exclusive_time = 1000
process_id = p6
operationName = MongoFindMovie
serviceName = movie-review-service
call path = ->/wrk2-api/review/compose_nginx->/wrk2-api/review/compose_nginx->ComposeReview_nginx->UploadMovieId_movie-id-service->UploadRating_rating-service->UploadRating_compose-review-service->UploadMovieReview_movie-review-service
------------------------------------------------------------------------------------
span = 8
trace_id = 4427305f303daaa5
span_id = 4b60f821aa28d8c3
parent_id = 8d5b2d98d5237454
start_time = 1682628697873121
end_time = 1682628697873289
inclusive_time = 168
exclusive_time = 168
process_id = p4
operationName = MmcSetMovieId
serviceName = movie-id-service
call path = ->/wrk2-api/review/compose_nginx->/wrk2-api/review/compose_nginx->ComposeReview_nginx->UploadMovieId_movie-id-service
------------------------------------------------------------------------------------
span = 9
trace_id = 4427305f303daaa5
span_id = cea20ebb4a59085f
parent_id = 8d5b2d98d5237454
start_time = 1682628697872779
end_time = 1682628697872887
inclusive_time = 108
exclusive_time = 108
process_id = p4
operationName = MmcGetMovieId
serviceName = movie-id-service
call path = ->/wrk2-api/review/compose_nginx->/wrk2-api/review/compose_nginx->ComposeReview_nginx->UploadMovieId_movie-id-service
------------------------------------------------------------------------------------
