span 0
span_id = a24b35327bab4e8b
parent_id = None
start_time = 1682628698003000
end_time = 1682628698010078
inclusive_time = 7078
exclusive_time = 1813
process_id = p3
operationName = /wrk2-api/review/compose
serviceName = None
------------------------------------------------------------------------------------
span 1
span_id = 211dffba485eff42
parent_id = a24b35327bab4e8b
start_time = 1682628698004813
end_time = 1682628698010078
inclusive_time = 5265
exclusive_time = 96
process_id = p3
operationName = /wrk2-api/review/compose
serviceName = None
------------------------------------------------------------------------------------
span 2
span_id = f6dd00416d51482b
parent_id = 211dffba485eff42
start_time = 1682628698004860
end_time = 1682628698010029
inclusive_time = 5169
exclusive_time = 864
process_id = p3
operationName = ComposeReview
serviceName = None
------------------------------------------------------------------------------------
span 3
span_id = 48ab53946525e74c
parent_id = f6dd00416d51482b
start_time = 1682628698005609
end_time = 1682628698009440
inclusive_time = 3831
exclusive_time = 477
process_id = p2
operationName = UploadMovieId
serviceName = None
------------------------------------------------------------------------------------
span 4
span_id = 20b65ff9b5f0e390
parent_id = 48ab53946525e74c
start_time = 1682628698006097
end_time = 1682628698009274
inclusive_time = 3177
exclusive_time = 1895
process_id = p5
operationName = UploadMovieId
serviceName = None
------------------------------------------------------------------------------------
span 5
span_id = 5295384adcc90646
parent_id = 20b65ff9b5f0e390
start_time = 1682628698007814
end_time = 1682628698008987
inclusive_time = 1173
exclusive_time = 28
process_id = p1
operationName = UploadMovieReview
serviceName = None
------------------------------------------------------------------------------------
span 6
span_id = fd992e6587e3b4f3
parent_id = 5295384adcc90646
start_time = 1682628698007842
end_time = 1682628698008991
inclusive_time = 1149
exclusive_time = 1149
process_id = p1
operationName = MongoFindMovie
serviceName = None
------------------------------------------------------------------------------------
span 7
span_id = ca3ea6988c1b3cf1
parent_id = 48ab53946525e74c
start_time = 1682628698005628
end_time = 1682628698005738
inclusive_time = 110
exclusive_time = 110
process_id = p2
operationName = MmcGetMovieId
serviceName = None
------------------------------------------------------------------------------------
