span = 0
trace_id = 57831886298cdc12
span_id = 57831886298cdc12
parent_id = None
start_time = 1682628698266000
end_time = 1682628698270170
inclusive_time = 4170
exclusive_time = 475
process_id = p3
operationName = /wrk2-api/review/compose
serviceName = nginx
call path = 
------------------------------------------------------------------------------------
span = 1
trace_id = 57831886298cdc12
span_id = 811e9df875d1a977
parent_id = 57831886298cdc12
start_time = 1682628698266475
end_time = 1682628698270170
inclusive_time = 3695
exclusive_time = 99
process_id = p3
operationName = /wrk2-api/review/compose
serviceName = nginx
call path = ->/wrk2-api/review/compose_nginx
------------------------------------------------------------------------------------
span = 2
trace_id = 57831886298cdc12
span_id = 304fb51242d1d2f6
parent_id = 811e9df875d1a977
start_time = 1682628698266519
end_time = 1682628698270115
inclusive_time = 3596
exclusive_time = 359
process_id = p3
operationName = ComposeReview
serviceName = nginx
call path = ->/wrk2-api/review/compose_nginx->/wrk2-api/review/compose_nginx
------------------------------------------------------------------------------------
span = 3
trace_id = 57831886298cdc12
span_id = 5bbdbbc521212c11
parent_id = 304fb51242d1d2f6
start_time = 1682628698267054
end_time = 1682628698269994
inclusive_time = 2940
exclusive_time = 441
process_id = p6
operationName = UploadMovieId
serviceName = movie-id-service
call path = ->/wrk2-api/review/compose_nginx->/wrk2-api/review/compose_nginx->ComposeReview_nginx
------------------------------------------------------------------------------------
span = 4
trace_id = 57831886298cdc12
span_id = 6eacdb85edd4baae
parent_id = 5bbdbbc521212c11
start_time = 1682628698267501
end_time = 1682628698269821
inclusive_time = 2320
exclusive_time = 284
process_id = p10
operationName = UploadRating
serviceName = rating-service
call path = ->/wrk2-api/review/compose_nginx->/wrk2-api/review/compose_nginx->ComposeReview_nginx->UploadMovieId_movie-id-service
------------------------------------------------------------------------------------
span = 5
trace_id = 57831886298cdc12
span_id = bac37327697e6a14
parent_id = 6eacdb85edd4baae
start_time = 1682628698267653
end_time = 1682628698269689
inclusive_time = 2036
exclusive_time = 964
process_id = p5
operationName = UploadRating
serviceName = compose-review-service
call path = ->/wrk2-api/review/compose_nginx->/wrk2-api/review/compose_nginx->ComposeReview_nginx->UploadMovieId_movie-id-service->UploadRating_rating-service
------------------------------------------------------------------------------------
span = 6
trace_id = 57831886298cdc12
span_id = 57d2a685d819df1f
parent_id = bac37327697e6a14
start_time = 1682628698268520
end_time = 1682628698269533
inclusive_time = 1013
exclusive_time = 28
process_id = p4
operationName = UploadUserReview
serviceName = user-review-service
call path = ->/wrk2-api/review/compose_nginx->/wrk2-api/review/compose_nginx->ComposeReview_nginx->UploadMovieId_movie-id-service->UploadRating_rating-service->UploadRating_compose-review-service
------------------------------------------------------------------------------------
span = 7
trace_id = 57831886298cdc12
span_id = ad04bdb7a4153d7b
parent_id = 57d2a685d819df1f
start_time = 1682628698268548
end_time = 1682628698269538
inclusive_time = 990
exclusive_time = 990
process_id = p4
operationName = MongoFindUser
serviceName = user-review-service
call path = ->/wrk2-api/review/compose_nginx->/wrk2-api/review/compose_nginx->ComposeReview_nginx->UploadMovieId_movie-id-service->UploadRating_rating-service->UploadRating_compose-review-service->UploadUserReview_user-review-service
------------------------------------------------------------------------------------
span = 8
trace_id = 57831886298cdc12
span_id = 43a1173701699302
parent_id = 5bbdbbc521212c11
start_time = 1682628698267072
end_time = 1682628698267165
inclusive_time = 93
exclusive_time = 93
process_id = p6
operationName = MmcGetMovieId
serviceName = movie-id-service
call path = ->/wrk2-api/review/compose_nginx->/wrk2-api/review/compose_nginx->ComposeReview_nginx->UploadMovieId_movie-id-service
------------------------------------------------------------------------------------
