span = 0
trace_id = b9f10356e29bdb37
span_id = b9f10356e29bdb37
parent_id = None
start_time = 1682628697891000
end_time = 1682628697896311
inclusive_time = 5311
exclusive_time = 992
process_id = p3
operationName = /wrk2-api/review/compose
serviceName = nginx
------------------------------------------------------------------------------------
span = 1
trace_id = b9f10356e29bdb37
span_id = 5f95a0f641243133
parent_id = b9f10356e29bdb37
start_time = 1682628697891992
end_time = 1682628697896311
inclusive_time = 4319
exclusive_time = 107
process_id = p3
operationName = /wrk2-api/review/compose
serviceName = nginx
------------------------------------------------------------------------------------
span = 2
trace_id = b9f10356e29bdb37
span_id = 0c8d5d83e85d0dc3
parent_id = 5f95a0f641243133
start_time = 1682628697892036
end_time = 1682628697896248
inclusive_time = 4212
exclusive_time = 241
process_id = p3
operationName = ComposeReview
serviceName = nginx
------------------------------------------------------------------------------------
span = 3
trace_id = b9f10356e29bdb37
span_id = 1b5822f129ebe371
parent_id = 0c8d5d83e85d0dc3
start_time = 1682628697892255
end_time = 1682628697896167
inclusive_time = 3912
exclusive_time = 398
process_id = p2
operationName = UploadMovieId
serviceName = movie-id-service
------------------------------------------------------------------------------------
span = 4
trace_id = b9f10356e29bdb37
span_id = 4bf52c6cb4026f12
parent_id = 1b5822f129ebe371
start_time = 1682628697892688
end_time = 1682628697896048
inclusive_time = 3360
exclusive_time = 336
process_id = p7
operationName = UploadRating
serviceName = rating-service
------------------------------------------------------------------------------------
span = 5
trace_id = b9f10356e29bdb37
span_id = a6e6f1d5bce3a1e6
parent_id = 4bf52c6cb4026f12
start_time = 1682628697892981
end_time = 1682628697895814
inclusive_time = 2833
exclusive_time = 1217
process_id = p1
operationName = UploadRating
serviceName = compose-review-service
------------------------------------------------------------------------------------
span = 6
trace_id = b9f10356e29bdb37
span_id = dcc9a55e8c744109
parent_id = a6e6f1d5bce3a1e6
start_time = 1682628697894308
end_time = 1682628697895623
inclusive_time = 1315
exclusive_time = 19
process_id = p6
operationName = UploadUserReview
serviceName = user-review-service
------------------------------------------------------------------------------------
span = 7
trace_id = b9f10356e29bdb37
span_id = 53f679ca10a37ad6
parent_id = dcc9a55e8c744109
start_time = 1682628697894327
end_time = 1682628697895630
inclusive_time = 1303
exclusive_time = 1303
process_id = p6
operationName = MongoFindUser
serviceName = user-review-service
------------------------------------------------------------------------------------
span = 8
trace_id = b9f10356e29bdb37
span_id = 0ea1e6967b9ac183
parent_id = 1b5822f129ebe371
start_time = 1682628697892266
end_time = 1682628697892349
inclusive_time = 83
exclusive_time = 83
process_id = p2
operationName = MmcGetMovieId
serviceName = movie-id-service
------------------------------------------------------------------------------------
