span = 0
span_id = f79e705f32165a25
parent_id = None
start_time = 1682674020177000
end_time = 1682674020177632
inclusive_time = 632
exclusive_time = 499
process_id = p1
operationName = 
serviceName = nginx
------------------------------------------------------------------------------------
span = 1
span_id = 70e0bb366656630e
parent_id = f79e705f32165a25
start_time = 1682674020177539
end_time = 1682674020177632
inclusive_time = 93
exclusive_time = 93
process_id = p1
operationName = 
serviceName = nginx
------------------------------------------------------------------------------------
span = 2
span_id = 6b02ee59ca485426
parent_id = f79e705f32165a25
start_time = 1682674020177430
end_time = 1682674020177470
inclusive_time = 40
exclusive_time = 40
process_id = p1
operationName = 
serviceName = nginx
------------------------------------------------------------------------------------
