span = 0
trace_id = 1c0fc95f6cd46a0f
span_id = 1c0fc95f6cd46a0f
parent_id = None
start_time = 1682628698047000
end_time = 1682628698051722
inclusive_time = 4722
exclusive_time = 779
process_id = p8
operationName = /wrk2-api/review/compose
serviceName = nginx
call path = 
------------------------------------------------------------------------------------
span = 1
trace_id = 1c0fc95f6cd46a0f
span_id = d215704f27c48dd6
parent_id = 1c0fc95f6cd46a0f
start_time = 1682628698047778
end_time = 1682628698051721
inclusive_time = 3943
exclusive_time = 115
process_id = p8
operationName = /wrk2-api/review/compose
serviceName = nginx
call path = ->/wrk2-api/review/compose_nginx
------------------------------------------------------------------------------------
span = 2
trace_id = 1c0fc95f6cd46a0f
span_id = 14f9dbfe4e27edf2
parent_id = d215704f27c48dd6
start_time = 1682628698047834
end_time = 1682628698051662
inclusive_time = 3828
exclusive_time = 316
process_id = p8
operationName = ComposeReview
serviceName = nginx
call path = ->/wrk2-api/review/compose_nginx->/wrk2-api/review/compose_nginx
------------------------------------------------------------------------------------
span = 3
trace_id = 1c0fc95f6cd46a0f
span_id = c25f9beb0eb46583
parent_id = 14f9dbfe4e27edf2
start_time = 1682628698048032
end_time = 1682628698051544
inclusive_time = 3512
exclusive_time = 255
process_id = p5
operationName = UploadUserWithUsername
serviceName = user-service
call path = ->/wrk2-api/review/compose_nginx->/wrk2-api/review/compose_nginx->ComposeReview_nginx
------------------------------------------------------------------------------------
span = 4
trace_id = 1c0fc95f6cd46a0f
span_id = fa1dcb0bcf2bce41
parent_id = c25f9beb0eb46583
start_time = 1682628698048354
end_time = 1682628698051472
inclusive_time = 3118
exclusive_time = 1930
process_id = p4
operationName = UploadUserId
serviceName = compose-review-service
call path = ->/wrk2-api/review/compose_nginx->/wrk2-api/review/compose_nginx->ComposeReview_nginx->UploadUserWithUsername_user-service
------------------------------------------------------------------------------------
span = 5
trace_id = 1c0fc95f6cd46a0f
span_id = de779820ec1a0295
parent_id = fa1dcb0bcf2bce41
start_time = 1682628698049881
end_time = 1682628698051035
inclusive_time = 1154
exclusive_time = 26
process_id = p3
operationName = UploadMovieReview
serviceName = movie-review-service
call path = ->/wrk2-api/review/compose_nginx->/wrk2-api/review/compose_nginx->ComposeReview_nginx->UploadUserWithUsername_user-service->UploadUserId_compose-review-service
------------------------------------------------------------------------------------
span = 6
trace_id = 1c0fc95f6cd46a0f
span_id = df527d400bbb2f93
parent_id = de779820ec1a0295
start_time = 1682628698049907
end_time = 1682628698051038
inclusive_time = 1131
exclusive_time = 1131
process_id = p3
operationName = MongoFindMovie
serviceName = movie-review-service
call path = ->/wrk2-api/review/compose_nginx->/wrk2-api/review/compose_nginx->ComposeReview_nginx->UploadUserWithUsername_user-service->UploadUserId_compose-review-service->UploadMovieReview_movie-review-service
------------------------------------------------------------------------------------
span = 7
trace_id = 1c0fc95f6cd46a0f
span_id = 82f7680444f7a9d5
parent_id = c25f9beb0eb46583
start_time = 1682628698048045
end_time = 1682628698048184
inclusive_time = 139
exclusive_time = 139
process_id = p5
operationName = MmcGetUserId
serviceName = user-service
call path = ->/wrk2-api/review/compose_nginx->/wrk2-api/review/compose_nginx->ComposeReview_nginx->UploadUserWithUsername_user-service
------------------------------------------------------------------------------------
