span 0
span_id = 6078ddb28c1fffd3
parent_id = None
start_time = 1682628698086000
end_time = 1682628698090034
inclusive_time = 4034
exclusive_time = 620
process_id = p1
operationName = /wrk2-api/review/compose
serviceName = None
------------------------------------------------------------------------------------
span 1
span_id = e9380a17f04ff798
parent_id = 6078ddb28c1fffd3
start_time = 1682628698086620
end_time = 1682628698090034
inclusive_time = 3414
exclusive_time = 123
process_id = p1
operationName = /wrk2-api/review/compose
serviceName = None
------------------------------------------------------------------------------------
span 2
span_id = cd64f936decd1ae2
parent_id = e9380a17f04ff798
start_time = 1682628698086691
end_time = 1682628698089982
inclusive_time = 3291
exclusive_time = 272
process_id = p1
operationName = ComposeReview
serviceName = None
------------------------------------------------------------------------------------
span 3
span_id = 70ffeba78ebed00b
parent_id = cd64f936decd1ae2
start_time = 1682628698086970
end_time = 1682628698089914
inclusive_time = 2944
exclusive_time = 359
process_id = p5
operationName = UploadMovieId
serviceName = None
------------------------------------------------------------------------------------
span 4
span_id = c0d9afeb132b0fd2
parent_id = 70ffeba78ebed00b
start_time = 1682628698087414
end_time = 1682628698089774
inclusive_time = 2360
exclusive_time = 205
process_id = p7
operationName = UploadRating
serviceName = None
------------------------------------------------------------------------------------
span 5
span_id = 2bfa3c35668b0bcc
parent_id = c0d9afeb132b0fd2
start_time = 1682628698087543
end_time = 1682628698089669
inclusive_time = 2126
exclusive_time = 960
process_id = p3
operationName = UploadRating
serviceName = None
------------------------------------------------------------------------------------
span 6
span_id = 2ed0fb2115f99f2d
parent_id = 2bfa3c35668b0bcc
start_time = 1682628698088483
end_time = 1682628698089545
inclusive_time = 1062
exclusive_time = 17
process_id = p2
operationName = UploadMovieReview
serviceName = None
------------------------------------------------------------------------------------
span 7
span_id = 10089306c28da3db
parent_id = 2ed0fb2115f99f2d
start_time = 1682628698088500
end_time = 1682628698089550
inclusive_time = 1050
exclusive_time = 1050
process_id = p2
operationName = MongoFindMovie
serviceName = None
------------------------------------------------------------------------------------
span 8
span_id = 89efaac97e0dd7a5
parent_id = 70ffeba78ebed00b
start_time = 1682628698087228
end_time = 1682628698087330
inclusive_time = 102
exclusive_time = 102
process_id = p5
operationName = MmcSetMovieId
serviceName = None
------------------------------------------------------------------------------------
span 9
span_id = acbecb538f5fbe20
parent_id = 70ffeba78ebed00b
start_time = 1682628698086981
end_time = 1682628698087071
inclusive_time = 90
exclusive_time = 90
process_id = p5
operationName = MmcGetMovieId
serviceName = None
------------------------------------------------------------------------------------
