span 0
span_id = ab1be7b210055717
parent_id = None
start_time = 1682628698101000
end_time = 1682628698105314
inclusive_time = 4314
exclusive_time = 510
process_id = p1
operationName = /wrk2-api/review/compose
serviceName = None
------------------------------------------------------------------------------------
span 1
span_id = 2861c41b721355ef
parent_id = ab1be7b210055717
start_time = 1682628698101510
end_time = 1682628698105314
inclusive_time = 3804
exclusive_time = 96
process_id = p1
operationName = /wrk2-api/review/compose
serviceName = None
------------------------------------------------------------------------------------
span 2
span_id = ee90ea3fb0ed0a53
parent_id = 2861c41b721355ef
start_time = 1682628698101545
end_time = 1682628698105253
inclusive_time = 3708
exclusive_time = 261
process_id = p1
operationName = ComposeReview
serviceName = None
------------------------------------------------------------------------------------
span 3
span_id = 4217b895830ff626
parent_id = ee90ea3fb0ed0a53
start_time = 1682628698101821
end_time = 1682628698105177
inclusive_time = 3356
exclusive_time = 353
process_id = p5
operationName = UploadMovieId
serviceName = None
------------------------------------------------------------------------------------
span 4
span_id = 4485f0a812ab726b
parent_id = 4217b895830ff626
start_time = 1682628698102251
end_time = 1682628698105029
inclusive_time = 2778
exclusive_time = 241
process_id = p7
operationName = UploadRating
serviceName = None
------------------------------------------------------------------------------------
span 5
span_id = 1794c80795767334
parent_id = 4485f0a812ab726b
start_time = 1682628698102396
end_time = 1682628698104894
inclusive_time = 2498
exclusive_time = 1101
process_id = p3
operationName = UploadRating
serviceName = None
------------------------------------------------------------------------------------
span 6
span_id = 8d0053d7981f5d54
parent_id = 1794c80795767334
start_time = 1682628698103493
end_time = 1682628698104790
inclusive_time = 1297
exclusive_time = 27
process_id = p6
operationName = UploadUserReview
serviceName = None
------------------------------------------------------------------------------------
span 7
span_id = 85ec86836e1ac282
parent_id = 8d0053d7981f5d54
start_time = 1682628698103520
end_time = 1682628698104794
inclusive_time = 1274
exclusive_time = 1274
process_id = p6
operationName = MongoFindUser
serviceName = None
------------------------------------------------------------------------------------
span 8
span_id = a261865e4d235fb8
parent_id = 4217b895830ff626
start_time = 1682628698102129
end_time = 1682628698102229
inclusive_time = 100
exclusive_time = 100
process_id = p5
operationName = MmcSetMovieId
serviceName = None
------------------------------------------------------------------------------------
span 9
span_id = bc4daca50b826e4c
parent_id = 4217b895830ff626
start_time = 1682628698101844
end_time = 1682628698101947
inclusive_time = 103
exclusive_time = 103
process_id = p5
operationName = MmcGetMovieId
serviceName = None
------------------------------------------------------------------------------------
