span = 0
trace_id = bead817e4b455b29
span_id = bead817e4b455b29
parent_id = None
start_time = 1682628698212000
end_time = 1682628698217287
inclusive_time = 5287
exclusive_time = 334
process_id = p6
operationName = /wrk2-api/review/compose
serviceName = nginx
call path = 
------------------------------------------------------------------------------------
span = 1
trace_id = bead817e4b455b29
span_id = b85b59c19eedf567
parent_id = bead817e4b455b29
start_time = 1682628698212334
end_time = 1682628698217287
inclusive_time = 4953
exclusive_time = 150
process_id = p6
operationName = /wrk2-api/review/compose
serviceName = nginx
call path = ->/wrk2-api/review/compose_nginx
------------------------------------------------------------------------------------
span = 2
trace_id = bead817e4b455b29
span_id = 22e8aecc18081c6b
parent_id = b85b59c19eedf567
start_time = 1682628698212418
end_time = 1682628698217221
inclusive_time = 4803
exclusive_time = 313
process_id = p6
operationName = ComposeReview
serviceName = nginx
call path = ->/wrk2-api/review/compose_nginx->/wrk2-api/review/compose_nginx
------------------------------------------------------------------------------------
span = 3
trace_id = bead817e4b455b29
span_id = 5ad66257405aade0
parent_id = 22e8aecc18081c6b
start_time = 1682628698213212
end_time = 1682628698217144
inclusive_time = 3932
exclusive_time = 483
process_id = p3
operationName = UploadMovieId
serviceName = movie-id-service
call path = ->/wrk2-api/review/compose_nginx->/wrk2-api/review/compose_nginx->ComposeReview_nginx
------------------------------------------------------------------------------------
span = 4
trace_id = bead817e4b455b29
span_id = 9721260ac5a7f437
parent_id = 5ad66257405aade0
start_time = 1682628698213629
end_time = 1682628698216879
inclusive_time = 3250
exclusive_time = 226
process_id = p10
operationName = UploadRating
serviceName = rating-service
call path = ->/wrk2-api/review/compose_nginx->/wrk2-api/review/compose_nginx->ComposeReview_nginx->UploadMovieId_movie-id-service
------------------------------------------------------------------------------------
span = 5
trace_id = bead817e4b455b29
span_id = 42a7e3a901e85c85
parent_id = 9721260ac5a7f437
start_time = 1682628698213813
end_time = 1682628698216760
inclusive_time = 2947
exclusive_time = 1670
process_id = p2
operationName = UploadRating
serviceName = compose-review-service
call path = ->/wrk2-api/review/compose_nginx->/wrk2-api/review/compose_nginx->ComposeReview_nginx->UploadMovieId_movie-id-service->UploadRating_rating-service
------------------------------------------------------------------------------------
span = 6
trace_id = bead817e4b455b29
span_id = e99c0c4dba758444
parent_id = 42a7e3a901e85c85
start_time = 1682628698215308
end_time = 1682628698216556
inclusive_time = 1248
exclusive_time = 33
process_id = p1
operationName = UploadUserReview
serviceName = user-review-service
call path = ->/wrk2-api/review/compose_nginx->/wrk2-api/review/compose_nginx->ComposeReview_nginx->UploadMovieId_movie-id-service->UploadRating_rating-service->UploadRating_compose-review-service
------------------------------------------------------------------------------------
span = 7
trace_id = bead817e4b455b29
span_id = 5db7329e47bc26b5
parent_id = e99c0c4dba758444
start_time = 1682628698215341
end_time = 1682628698216562
inclusive_time = 1221
exclusive_time = 1221
process_id = p1
operationName = MongoFindUser
serviceName = user-review-service
call path = ->/wrk2-api/review/compose_nginx->/wrk2-api/review/compose_nginx->ComposeReview_nginx->UploadMovieId_movie-id-service->UploadRating_rating-service->UploadRating_compose-review-service->UploadUserReview_user-review-service
------------------------------------------------------------------------------------
span = 8
trace_id = bead817e4b455b29
span_id = 0d1c7a7342a411d1
parent_id = 5ad66257405aade0
start_time = 1682628698213224
end_time = 1682628698213303
inclusive_time = 79
exclusive_time = 79
process_id = p3
operationName = MmcGetMovieId
serviceName = movie-id-service
call path = ->/wrk2-api/review/compose_nginx->/wrk2-api/review/compose_nginx->ComposeReview_nginx->UploadMovieId_movie-id-service
------------------------------------------------------------------------------------
