span 0
span_id = 6c67cc9cfc4450a5
parent_id = None
start_time = 1682628698216000
end_time = 1682628698221285
inclusive_time = 5285
exclusive_time = 876
process_id = p6
operationName = /wrk2-api/review/compose
serviceName = None
------------------------------------------------------------------------------------
span 1
span_id = 9a263775ed0d8bff
parent_id = 6c67cc9cfc4450a5
start_time = 1682628698216876
end_time = 1682628698221285
inclusive_time = 4409
exclusive_time = 105
process_id = p6
operationName = /wrk2-api/review/compose
serviceName = None
------------------------------------------------------------------------------------
span 2
span_id = f869731450a56474
parent_id = 9a263775ed0d8bff
start_time = 1682628698216921
end_time = 1682628698221225
inclusive_time = 4304
exclusive_time = 455
process_id = p6
operationName = ComposeReview
serviceName = None
------------------------------------------------------------------------------------
span 3
span_id = 5a508b0ad30907a4
parent_id = f869731450a56474
start_time = 1682628698217245
end_time = 1682628698220977
inclusive_time = 3732
exclusive_time = 330
process_id = p3
operationName = UploadMovieId
serviceName = None
------------------------------------------------------------------------------------
span 4
span_id = f4e355105f6b3613
parent_id = 5a508b0ad30907a4
start_time = 1682628698217736
end_time = 1682628698220849
inclusive_time = 3113
exclusive_time = 256
process_id = p10
operationName = UploadRating
serviceName = None
------------------------------------------------------------------------------------
span 5
span_id = bf3d7e53ae587ca5
parent_id = f4e355105f6b3613
start_time = 1682628698217899
end_time = 1682628698220721
inclusive_time = 2822
exclusive_time = 1722
process_id = p2
operationName = UploadRating
serviceName = None
------------------------------------------------------------------------------------
span 6
span_id = cf398d6e18f22a47
parent_id = bf3d7e53ae587ca5
start_time = 1682628698219327
end_time = 1682628698220327
inclusive_time = 1000
exclusive_time = 24
process_id = p1
operationName = UploadUserReview
serviceName = None
------------------------------------------------------------------------------------
span 7
span_id = 4d5a4c33b566a890
parent_id = cf398d6e18f22a47
start_time = 1682628698219351
end_time = 1682628698220331
inclusive_time = 980
exclusive_time = 980
process_id = p1
operationName = MongoFindUser
serviceName = None
------------------------------------------------------------------------------------
span 8
span_id = 8d7858ff23ad3752
parent_id = 5a508b0ad30907a4
start_time = 1682628698217257
end_time = 1682628698217355
inclusive_time = 98
exclusive_time = 98
process_id = p3
operationName = MmcGetMovieId
serviceName = None
------------------------------------------------------------------------------------
