span = 0
trace_id = fe16a91d321d65b9
span_id = fe16a91d321d65b9
parent_id = None
start_time = 1682628698156000
end_time = 1682628698160491
inclusive_time = 4491
exclusive_time = 733
process_id = p4
operationName = /wrk2-api/review/compose
serviceName = nginx
call path = 
------------------------------------------------------------------------------------
span = 1
trace_id = fe16a91d321d65b9
span_id = 3b2af456527fb337
parent_id = fe16a91d321d65b9
start_time = 1682628698156733
end_time = 1682628698160491
inclusive_time = 3758
exclusive_time = 103
process_id = p4
operationName = /wrk2-api/review/compose
serviceName = nginx
call path = ->/wrk2-api/review/compose_nginx
------------------------------------------------------------------------------------
span = 2
trace_id = fe16a91d321d65b9
span_id = b8c96e6caf9c5224
parent_id = 3b2af456527fb337
start_time = 1682628698156777
end_time = 1682628698160432
inclusive_time = 3655
exclusive_time = 262
process_id = p4
operationName = ComposeReview
serviceName = nginx
call path = ->/wrk2-api/review/compose_nginx->/wrk2-api/review/compose_nginx
------------------------------------------------------------------------------------
span = 3
trace_id = fe16a91d321d65b9
span_id = ac916a41a7a4e806
parent_id = b8c96e6caf9c5224
start_time = 1682628698157055
end_time = 1682628698160352
inclusive_time = 3297
exclusive_time = 254
process_id = p7
operationName = UploadMovieId
serviceName = movie-id-service
call path = ->/wrk2-api/review/compose_nginx->/wrk2-api/review/compose_nginx->ComposeReview_nginx
------------------------------------------------------------------------------------
span = 4
trace_id = fe16a91d321d65b9
span_id = dd0f27400163ab41
parent_id = ac916a41a7a4e806
start_time = 1682628698157448
end_time = 1682628698160246
inclusive_time = 2798
exclusive_time = 269
process_id = p1
operationName = UploadRating
serviceName = rating-service
call path = ->/wrk2-api/review/compose_nginx->/wrk2-api/review/compose_nginx->ComposeReview_nginx->UploadMovieId_movie-id-service
------------------------------------------------------------------------------------
span = 5
trace_id = fe16a91d321d65b9
span_id = d0915d8b555e76ca
parent_id = dd0f27400163ab41
start_time = 1682628698157624
end_time = 1682628698160119
inclusive_time = 2495
exclusive_time = 1235
process_id = p2
operationName = UploadRating
serviceName = compose-review-service
call path = ->/wrk2-api/review/compose_nginx->/wrk2-api/review/compose_nginx->ComposeReview_nginx->UploadMovieId_movie-id-service->UploadRating_rating-service
------------------------------------------------------------------------------------
span = 6
trace_id = fe16a91d321d65b9
span_id = 91d8c2addebe74e4
parent_id = d0915d8b555e76ca
start_time = 1682628698158661
end_time = 1682628698159842
inclusive_time = 1181
exclusive_time = 99
process_id = p3
operationName = UploadMovieReview
serviceName = movie-review-service
call path = ->/wrk2-api/review/compose_nginx->/wrk2-api/review/compose_nginx->ComposeReview_nginx->UploadMovieId_movie-id-service->UploadRating_rating-service->UploadRating_compose-review-service
------------------------------------------------------------------------------------
span = 7
trace_id = fe16a91d321d65b9
span_id = aca2965a61563994
parent_id = 91d8c2addebe74e4
start_time = 1682628698158760
end_time = 1682628698159848
inclusive_time = 1088
exclusive_time = 1088
process_id = p3
operationName = MongoFindMovie
serviceName = movie-review-service
call path = ->/wrk2-api/review/compose_nginx->/wrk2-api/review/compose_nginx->ComposeReview_nginx->UploadMovieId_movie-id-service->UploadRating_rating-service->UploadRating_compose-review-service->UploadMovieReview_movie-review-service
------------------------------------------------------------------------------------
span = 8
trace_id = fe16a91d321d65b9
span_id = 01584da2e8496238
parent_id = ac916a41a7a4e806
start_time = 1682628698157077
end_time = 1682628698157167
inclusive_time = 90
exclusive_time = 90
process_id = p7
operationName = MmcGetMovieId
serviceName = movie-id-service
call path = ->/wrk2-api/review/compose_nginx->/wrk2-api/review/compose_nginx->ComposeReview_nginx->UploadMovieId_movie-id-service
------------------------------------------------------------------------------------
