span 0
span_id = 7e4b527ca0ccc89c
parent_id = None
start_time = 1682628698198000
end_time = 1682628698203945
inclusive_time = 5945
exclusive_time = 583
process_id = p7
operationName = /wrk2-api/review/compose
serviceName = None
------------------------------------------------------------------------------------
span 1
span_id = b791c0406a413959
parent_id = 7e4b527ca0ccc89c
start_time = 1682628698198583
end_time = 1682628698203945
inclusive_time = 5362
exclusive_time = 102
process_id = p7
operationName = /wrk2-api/review/compose
serviceName = None
------------------------------------------------------------------------------------
span 2
span_id = 3f6d624f30dc2d16
parent_id = b791c0406a413959
start_time = 1682628698198634
end_time = 1682628698203894
inclusive_time = 5260
exclusive_time = 775
process_id = p7
operationName = ComposeReview
serviceName = None
------------------------------------------------------------------------------------
span 3
span_id = 8f4d31e098bb31b6
parent_id = 3f6d624f30dc2d16
start_time = 1682628698200391
end_time = 1682628698203705
inclusive_time = 3314
exclusive_time = 471
process_id = p4
operationName = UploadMovieId
serviceName = None
------------------------------------------------------------------------------------
span 4
span_id = 72a1836c520961c4
parent_id = 8f4d31e098bb31b6
start_time = 1682628698200880
end_time = 1682628698203538
inclusive_time = 2658
exclusive_time = 309
process_id = p10
operationName = UploadRating
serviceName = None
------------------------------------------------------------------------------------
span 5
span_id = 03c01f43e2ea15c4
parent_id = 72a1836c520961c4
start_time = 1682628698201039
end_time = 1682628698203388
inclusive_time = 2349
exclusive_time = 958
process_id = p3
operationName = UploadRating
serviceName = None
------------------------------------------------------------------------------------
span 6
span_id = ba7c51e45aa32601
parent_id = 03c01f43e2ea15c4
start_time = 1682628698201976
end_time = 1682628698203232
inclusive_time = 1256
exclusive_time = 29
process_id = p5
operationName = UploadMovieReview
serviceName = None
------------------------------------------------------------------------------------
span 7
span_id = 4f1e4075d15ec9ed
parent_id = ba7c51e45aa32601
start_time = 1682628698202005
end_time = 1682628698203242
inclusive_time = 1237
exclusive_time = 1237
process_id = p5
operationName = MongoFindMovie
serviceName = None
------------------------------------------------------------------------------------
span 8
span_id = 548f6680870a6103
parent_id = 8f4d31e098bb31b6
start_time = 1682628698200664
end_time = 1682628698200741
inclusive_time = 77
exclusive_time = 77
process_id = p4
operationName = MmcSetMovieId
serviceName = None
------------------------------------------------------------------------------------
span 9
span_id = 4b3d6682415bde17
parent_id = 8f4d31e098bb31b6
start_time = 1682628698200409
end_time = 1682628698200515
inclusive_time = 106
exclusive_time = 106
process_id = p4
operationName = MmcGetMovieId
serviceName = None
------------------------------------------------------------------------------------
span 10
span_id = 70da241272b9c4f8
parent_id = 3f6d624f30dc2d16
start_time = 1682628698199573
end_time = 1682628698200101
inclusive_time = 528
exclusive_time = 227
process_id = p8
operationName = UploadUniqueId
serviceName = None
------------------------------------------------------------------------------------
span 11
span_id = b4dc59248d2e1c2c
parent_id = 70da241272b9c4f8
start_time = 1682628698199731
end_time = 1682628698200032
inclusive_time = 301
exclusive_time = 301
process_id = p3
operationName = UploadUniqueId
serviceName = None
------------------------------------------------------------------------------------
