span 0
span_id = e306b72c1db67ad4
parent_id = None
start_time = 1682628697930000
end_time = 1682628697934961
inclusive_time = 4961
exclusive_time = 781
process_id = p8
operationName = /wrk2-api/review/compose
serviceName = None
------------------------------------------------------------------------------------
span 1
span_id = 1d20cb26fc2561ba
parent_id = e306b72c1db67ad4
start_time = 1682628697930781
end_time = 1682628697934961
inclusive_time = 4180
exclusive_time = 174
process_id = p8
operationName = /wrk2-api/review/compose
serviceName = None
------------------------------------------------------------------------------------
span 2
span_id = 055aa28e16358ffc
parent_id = 1d20cb26fc2561ba
start_time = 1682628697930904
end_time = 1682628697934910
inclusive_time = 4006
exclusive_time = 535
process_id = p8
operationName = ComposeReview
serviceName = None
------------------------------------------------------------------------------------
span 3
span_id = 06720dd7a7a4ffbb
parent_id = 055aa28e16358ffc
start_time = 1682628697931484
end_time = 1682628697934815
inclusive_time = 3331
exclusive_time = 305
process_id = p7
operationName = UploadMovieId
serviceName = None
------------------------------------------------------------------------------------
span 4
span_id = fed2bd374e8eb953
parent_id = 06720dd7a7a4ffbb
start_time = 1682628697931862
end_time = 1682628697934650
inclusive_time = 2788
exclusive_time = 271
process_id = p5
operationName = UploadRating
serviceName = None
------------------------------------------------------------------------------------
span 5
span_id = e190d2510e709a52
parent_id = fed2bd374e8eb953
start_time = 1682628697932129
end_time = 1682628697934528
inclusive_time = 2399
exclusive_time = 1069
process_id = p4
operationName = UploadRating
serviceName = None
------------------------------------------------------------------------------------
span 6
span_id = 7838d1889e3ea95e
parent_id = e190d2510e709a52
start_time = 1682628697933113
end_time = 1682628697934303
inclusive_time = 1190
exclusive_time = 35
process_id = p1
operationName = UploadMovieReview
serviceName = None
------------------------------------------------------------------------------------
span 7
span_id = 81c69c89710cfee1
parent_id = 7838d1889e3ea95e
start_time = 1682628697933148
end_time = 1682628697934308
inclusive_time = 1160
exclusive_time = 1160
process_id = p1
operationName = MongoFindMovie
serviceName = None
------------------------------------------------------------------------------------
span 8
span_id = 3842cceaf323f7a8
parent_id = 06720dd7a7a4ffbb
start_time = 1682628697931675
end_time = 1682628697931762
inclusive_time = 87
exclusive_time = 87
process_id = p7
operationName = MmcSetMovieId
serviceName = None
------------------------------------------------------------------------------------
span 9
span_id = 541ddb5ec23c90f1
parent_id = 06720dd7a7a4ffbb
start_time = 1682628697931495
end_time = 1682628697931570
inclusive_time = 75
exclusive_time = 75
process_id = p7
operationName = MmcGetMovieId
serviceName = None
------------------------------------------------------------------------------------
