span 0
span_id = e219fcfdaf9bf54a
parent_id = None
start_time = 1682628698191000
end_time = 1682628698194653
inclusive_time = 3653
exclusive_time = 137
process_id = p7
operationName = /wrk2-api/review/compose
serviceName = None
------------------------------------------------------------------------------------
span 1
span_id = 138540c36bb7ea2b
parent_id = e219fcfdaf9bf54a
start_time = 1682628698191137
end_time = 1682628698194653
inclusive_time = 3516
exclusive_time = 119
process_id = p7
operationName = /wrk2-api/review/compose
serviceName = None
------------------------------------------------------------------------------------
span 2
span_id = 6156e0fedff62eeb
parent_id = 138540c36bb7ea2b
start_time = 1682628698191193
end_time = 1682628698194590
inclusive_time = 3397
exclusive_time = 373
process_id = p7
operationName = ComposeReview
serviceName = None
------------------------------------------------------------------------------------
span 3
span_id = 0dc108dc0deb2fd2
parent_id = 6156e0fedff62eeb
start_time = 1682628698191525
end_time = 1682628698194436
inclusive_time = 2911
exclusive_time = 503
process_id = p4
operationName = UploadMovieId
serviceName = None
------------------------------------------------------------------------------------
span 4
span_id = 81774e17b7bb9984
parent_id = 0dc108dc0deb2fd2
start_time = 1682628698192096
end_time = 1682628698194310
inclusive_time = 2214
exclusive_time = 184
process_id = p10
operationName = UploadRating
serviceName = None
------------------------------------------------------------------------------------
span 5
span_id = a887d79c5d63c222
parent_id = 81774e17b7bb9984
start_time = 1682628698192227
end_time = 1682628698194211
inclusive_time = 1984
exclusive_time = 851
process_id = p3
operationName = UploadRating
serviceName = None
------------------------------------------------------------------------------------
span 6
span_id = 5e28aaff19130796
parent_id = a887d79c5d63c222
start_time = 1682628698192987
end_time = 1682628698194072
inclusive_time = 1085
exclusive_time = 18
process_id = p2
operationName = UploadUserReview
serviceName = None
------------------------------------------------------------------------------------
span 7
span_id = 2614678acd27b58a
parent_id = 5e28aaff19130796
start_time = 1682628698193005
end_time = 1682628698194077
inclusive_time = 1072
exclusive_time = 1072
process_id = p2
operationName = MongoFindUser
serviceName = None
------------------------------------------------------------------------------------
span 8
span_id = 165eae3082427d90
parent_id = 0dc108dc0deb2fd2
start_time = 1682628698191768
end_time = 1682628698191869
inclusive_time = 101
exclusive_time = 101
process_id = p4
operationName = MmcSetMovieId
serviceName = None
------------------------------------------------------------------------------------
span 9
span_id = 102ba44c2e804c16
parent_id = 0dc108dc0deb2fd2
start_time = 1682628698191538
end_time = 1682628698191631
inclusive_time = 93
exclusive_time = 93
process_id = p4
operationName = MmcGetMovieId
serviceName = None
------------------------------------------------------------------------------------
