span = 0
span_id = d710d7b3ba6090cb
parent_id = None
start_time = 1682628698133000
end_time = 1682628698138116
inclusive_time = 5116
exclusive_time = 914
process_id = p6
operationName = /wrk2-api/review/compose
serviceName = nginx
------------------------------------------------------------------------------------
span = 1
span_id = 844f0565eb6a4ff9
parent_id = d710d7b3ba6090cb
start_time = 1682628698133914
end_time = 1682628698138116
inclusive_time = 4202
exclusive_time = 115
process_id = p6
operationName = /wrk2-api/review/compose
serviceName = nginx
------------------------------------------------------------------------------------
span = 2
span_id = 40dadee56da3b78f
parent_id = 844f0565eb6a4ff9
start_time = 1682628698133970
end_time = 1682628698138057
inclusive_time = 4087
exclusive_time = 388
process_id = p6
operationName = ComposeReview
serviceName = nginx
------------------------------------------------------------------------------------
span = 3
span_id = d1a597ba208b279c
parent_id = 40dadee56da3b78f
start_time = 1682628698134753
end_time = 1682628698137911
inclusive_time = 3158
exclusive_time = 332
process_id = p1
operationName = UploadMovieId
serviceName = movie-id-service
------------------------------------------------------------------------------------
span = 4
span_id = 6ffc76a9def521ad
parent_id = d1a597ba208b279c
start_time = 1682628698135206
end_time = 1682628698137768
inclusive_time = 2562
exclusive_time = 257
process_id = p3
operationName = UploadRating
serviceName = rating-service
------------------------------------------------------------------------------------
span = 5
span_id = 86f7162329186514
parent_id = 6ffc76a9def521ad
start_time = 1682628698135461
end_time = 1682628698137664
inclusive_time = 2203
exclusive_time = 1097
process_id = p4
operationName = UploadRating
serviceName = compose-review-service
------------------------------------------------------------------------------------
span = 6
span_id = 19bc8a7cb6decd62
parent_id = 86f7162329186514
start_time = 1682628698136290
end_time = 1682628698137351
inclusive_time = 1061
exclusive_time = 18
process_id = p5
operationName = UploadMovieReview
serviceName = movie-review-service
------------------------------------------------------------------------------------
span = 7
span_id = 7df953da9cdc3f72
parent_id = 19bc8a7cb6decd62
start_time = 1682628698136308
end_time = 1682628698137355
inclusive_time = 1047
exclusive_time = 1047
process_id = p5
operationName = MongoFindMovie
serviceName = movie-review-service
------------------------------------------------------------------------------------
span = 8
span_id = b20c331922e04720
parent_id = d1a597ba208b279c
start_time = 1682628698134995
end_time = 1682628698135125
inclusive_time = 130
exclusive_time = 130
process_id = p1
operationName = MmcSetMovieId
serviceName = movie-id-service
------------------------------------------------------------------------------------
span = 9
span_id = 49bf6e784dd175b4
parent_id = d1a597ba208b279c
start_time = 1682628698134764
end_time = 1682628698134844
inclusive_time = 80
exclusive_time = 80
process_id = p1
operationName = MmcGetMovieId
serviceName = movie-id-service
------------------------------------------------------------------------------------
