span = 0
span_id = 80b48acd018778a6
parent_id = None
start_time = 1682628697888000
end_time = 1682628697892832
inclusive_time = 4832
exclusive_time = 549
process_id = p1
operationName = /wrk2-api/review/compose
serviceName = nginx
------------------------------------------------------------------------------------
span = 1
span_id = 40702266c14c35d3
parent_id = 80b48acd018778a6
start_time = 1682628697888549
end_time = 1682628697892832
inclusive_time = 4283
exclusive_time = 95
process_id = p1
operationName = /wrk2-api/review/compose
serviceName = nginx
------------------------------------------------------------------------------------
span = 2
span_id = 84c2dc0a978e12c0
parent_id = 40702266c14c35d3
start_time = 1682628697888595
end_time = 1682628697892783
inclusive_time = 4188
exclusive_time = 290
process_id = p1
operationName = ComposeReview
serviceName = nginx
------------------------------------------------------------------------------------
span = 3
span_id = 476af0e304b25a8d
parent_id = 84c2dc0a978e12c0
start_time = 1682628697888890
end_time = 1682628697892702
inclusive_time = 3812
exclusive_time = 295
process_id = p3
operationName = UploadMovieId
serviceName = movie-id-service
------------------------------------------------------------------------------------
span = 4
span_id = d801f6a94c246c8a
parent_id = 476af0e304b25a8d
start_time = 1682628697889442
end_time = 1682628697892567
inclusive_time = 3125
exclusive_time = 305
process_id = p7
operationName = UploadRating
serviceName = rating-service
------------------------------------------------------------------------------------
span = 5
span_id = 2c2d9f9d06e2ab41
parent_id = d801f6a94c246c8a
start_time = 1682628697889634
end_time = 1682628697892454
inclusive_time = 2820
exclusive_time = 1588
process_id = p2
operationName = UploadRating
serviceName = compose-review-service
------------------------------------------------------------------------------------
span = 6
span_id = 83566ca443514652
parent_id = 2c2d9f9d06e2ab41
start_time = 1682628697891078
end_time = 1682628697892223
inclusive_time = 1145
exclusive_time = 24
process_id = p4
operationName = UploadMovieReview
serviceName = movie-review-service
------------------------------------------------------------------------------------
span = 7
span_id = 33fb233ee2b1b618
parent_id = 83566ca443514652
start_time = 1682628697891102
end_time = 1682628697892227
inclusive_time = 1125
exclusive_time = 1125
process_id = p4
operationName = MongoFindMovie
serviceName = movie-review-service
------------------------------------------------------------------------------------
span = 8
span_id = 057c307a6db0dfe3
parent_id = 476af0e304b25a8d
start_time = 1682628697889129
end_time = 1682628697889249
inclusive_time = 120
exclusive_time = 120
process_id = p3
operationName = MmcSetMovieId
serviceName = movie-id-service
------------------------------------------------------------------------------------
span = 9
span_id = 6e95176136302e24
parent_id = 476af0e304b25a8d
start_time = 1682628697888902
end_time = 1682628697889004
inclusive_time = 102
exclusive_time = 102
process_id = p3
operationName = MmcGetMovieId
serviceName = movie-id-service
------------------------------------------------------------------------------------
