span 0
span_id = 557f244d81179fee
parent_id = None
start_time = 1682628698299000
end_time = 1682628698305231
inclusive_time = 6231
exclusive_time = 1012
process_id = p10
operationName = /wrk2-api/review/compose
serviceName = None
------------------------------------------------------------------------------------
span 1
span_id = 4aed27a8eb01231b
parent_id = 557f244d81179fee
start_time = 1682628698300011
end_time = 1682628698305230
inclusive_time = 5219
exclusive_time = 91
process_id = p10
operationName = /wrk2-api/review/compose
serviceName = None
------------------------------------------------------------------------------------
span 2
span_id = 93fa299d35f53aae
parent_id = 4aed27a8eb01231b
start_time = 1682628698300047
end_time = 1682628698305175
inclusive_time = 5128
exclusive_time = 712
process_id = p10
operationName = ComposeReview
serviceName = None
------------------------------------------------------------------------------------
span 3
span_id = a8f510e62b23bbfa
parent_id = 93fa299d35f53aae
start_time = 1682628698301325
end_time = 1682628698304650
inclusive_time = 3325
exclusive_time = 325
process_id = p3
operationName = UploadMovieId
serviceName = None
------------------------------------------------------------------------------------
span 4
span_id = e138242b90b9b089
parent_id = a8f510e62b23bbfa
start_time = 1682628698301801
end_time = 1682628698304556
inclusive_time = 2755
exclusive_time = 252
process_id = p9
operationName = UploadRating
serviceName = None
------------------------------------------------------------------------------------
span 5
span_id = 0b5863eb365e0e5e
parent_id = e138242b90b9b089
start_time = 1682628698301980
end_time = 1682628698304410
inclusive_time = 2430
exclusive_time = 1052
process_id = p2
operationName = UploadRating
serviceName = None
------------------------------------------------------------------------------------
span 6
span_id = c212583e1705be6c
parent_id = 0b5863eb365e0e5e
start_time = 1682628698303001
end_time = 1682628698304303
inclusive_time = 1302
exclusive_time = 19
process_id = p6
operationName = UploadMovieReview
serviceName = None
------------------------------------------------------------------------------------
span 7
span_id = 8eeb1abe3b752993
parent_id = c212583e1705be6c
start_time = 1682628698303020
end_time = 1682628698304307
inclusive_time = 1287
exclusive_time = 1287
process_id = p6
operationName = MongoFindMovie
serviceName = None
------------------------------------------------------------------------------------
span 8
span_id = 8bd718472beb380c
parent_id = a8f510e62b23bbfa
start_time = 1682628698301541
end_time = 1682628698301633
inclusive_time = 92
exclusive_time = 92
process_id = p3
operationName = MmcSetMovieId
serviceName = None
------------------------------------------------------------------------------------
span 9
span_id = 344958d30769807f
parent_id = a8f510e62b23bbfa
start_time = 1682628698301342
end_time = 1682628698301413
inclusive_time = 71
exclusive_time = 71
process_id = p3
operationName = MmcGetMovieId
serviceName = None
------------------------------------------------------------------------------------
span 10
span_id = 4d8fb52e1fde8a76
parent_id = 93fa299d35f53aae
start_time = 1682628698300234
end_time = 1682628698301195
inclusive_time = 961
exclusive_time = 262
process_id = p7
operationName = UploadUserWithUsername
serviceName = None
------------------------------------------------------------------------------------
span 11
span_id = 04bbb7615338127f
parent_id = 4d8fb52e1fde8a76
start_time = 1682628698300523
end_time = 1682628698301123
inclusive_time = 600
exclusive_time = 600
process_id = p2
operationName = UploadUserId
serviceName = None
------------------------------------------------------------------------------------
span 12
span_id = 06621ce68768b6ed
parent_id = 4d8fb52e1fde8a76
start_time = 1682628698300253
end_time = 1682628698300352
inclusive_time = 99
exclusive_time = 99
process_id = p7
operationName = MmcGetUserId
serviceName = None
------------------------------------------------------------------------------------
