span = 0
trace_id = 5ae92948d65603bd
span_id = 5ae92948d65603bd
parent_id = None
start_time = 1682628697923000
end_time = 1682628697927233
inclusive_time = 4233
exclusive_time = 288
process_id = p8
operationName = /wrk2-api/review/compose
serviceName = nginx
------------------------------------------------------------------------------------
span = 1
trace_id = 5ae92948d65603bd
span_id = 337a38d1232aab28
parent_id = 5ae92948d65603bd
start_time = 1682628697923288
end_time = 1682628697927233
inclusive_time = 3945
exclusive_time = 115
process_id = p8
operationName = /wrk2-api/review/compose
serviceName = nginx
------------------------------------------------------------------------------------
span = 2
trace_id = 5ae92948d65603bd
span_id = f72e1a3d6e82cfad
parent_id = 337a38d1232aab28
start_time = 1682628697923338
end_time = 1682628697927168
inclusive_time = 3830
exclusive_time = 306
process_id = p8
operationName = ComposeReview
serviceName = nginx
------------------------------------------------------------------------------------
span = 3
trace_id = 5ae92948d65603bd
span_id = 302fdf13df385c02
parent_id = f72e1a3d6e82cfad
start_time = 1682628697923661
end_time = 1682628697927078
inclusive_time = 3417
exclusive_time = 507
process_id = p7
operationName = UploadMovieId
serviceName = movie-id-service
------------------------------------------------------------------------------------
span = 4
trace_id = 5ae92948d65603bd
span_id = 1b14054fcdfc4301
parent_id = 302fdf13df385c02
start_time = 1682628697924181
end_time = 1682628697926800
inclusive_time = 2619
exclusive_time = 300
process_id = p5
operationName = UploadRating
serviceName = rating-service
------------------------------------------------------------------------------------
span = 5
trace_id = 5ae92948d65603bd
span_id = ac7817df22826f40
parent_id = 1b14054fcdfc4301
start_time = 1682628697924425
end_time = 1682628697926658
inclusive_time = 2233
exclusive_time = 1003
process_id = p4
operationName = UploadRating
serviceName = compose-review-service
------------------------------------------------------------------------------------
span = 6
trace_id = 5ae92948d65603bd
span_id = 52058972f0f514f9
parent_id = ac7817df22826f40
start_time = 1682628697925391
end_time = 1682628697926472
inclusive_time = 1081
exclusive_time = 28
process_id = p1
operationName = UploadMovieReview
serviceName = movie-review-service
------------------------------------------------------------------------------------
span = 7
trace_id = 5ae92948d65603bd
span_id = 874aa5684200f602
parent_id = 52058972f0f514f9
start_time = 1682628697925419
end_time = 1682628697926477
inclusive_time = 1058
exclusive_time = 1058
process_id = p1
operationName = MongoFindMovie
serviceName = movie-review-service
------------------------------------------------------------------------------------
span = 8
trace_id = 5ae92948d65603bd
span_id = 85c311d177524669
parent_id = 302fdf13df385c02
start_time = 1682628697923931
end_time = 1682628697924028
inclusive_time = 97
exclusive_time = 97
process_id = p7
operationName = MmcSetMovieId
serviceName = movie-id-service
------------------------------------------------------------------------------------
span = 9
trace_id = 5ae92948d65603bd
span_id = 32bfc0e7060658bd
parent_id = 302fdf13df385c02
start_time = 1682628697923685
end_time = 1682628697923803
inclusive_time = 118
exclusive_time = 118
process_id = p7
operationName = MmcGetMovieId
serviceName = movie-id-service
------------------------------------------------------------------------------------
