span = 0
trace_id = baf3976f5d471366
span_id = baf3976f5d471366
parent_id = None
start_time = 1682628698332000
end_time = 1682628698336132
inclusive_time = 4132
exclusive_time = 487
process_id = p10
operationName = /wrk2-api/review/compose
serviceName = nginx
------------------------------------------------------------------------------------
span = 1
trace_id = baf3976f5d471366
span_id = e94843010babda4f
parent_id = baf3976f5d471366
start_time = 1682628698332487
end_time = 1682628698336132
inclusive_time = 3645
exclusive_time = 107
process_id = p10
operationName = /wrk2-api/review/compose
serviceName = nginx
------------------------------------------------------------------------------------
span = 2
trace_id = baf3976f5d471366
span_id = 296d9d9941b6a702
parent_id = e94843010babda4f
start_time = 1682628698332526
end_time = 1682628698336064
inclusive_time = 3538
exclusive_time = 262
process_id = p10
operationName = ComposeReview
serviceName = nginx
------------------------------------------------------------------------------------
span = 3
trace_id = baf3976f5d471366
span_id = 8e3b52ce1bba5a27
parent_id = 296d9d9941b6a702
start_time = 1682628698332805
end_time = 1682628698335979
inclusive_time = 3174
exclusive_time = 435
process_id = p1
operationName = UploadMovieId
serviceName = movie-id-service
------------------------------------------------------------------------------------
span = 4
trace_id = baf3976f5d471366
span_id = 4262b74134a2c125
parent_id = 8e3b52ce1bba5a27
start_time = 1682628698333192
end_time = 1682628698335807
inclusive_time = 2615
exclusive_time = 1018
process_id = p2
operationName = UploadMovieId
serviceName = compose-review-service
------------------------------------------------------------------------------------
span = 5
trace_id = baf3976f5d471366
span_id = 5664d260d65e840e
parent_id = 4262b74134a2c125
start_time = 1682628698334380
end_time = 1682628698335701
inclusive_time = 1321
exclusive_time = 17
process_id = p5
operationName = UploadMovieReview
serviceName = movie-review-service
------------------------------------------------------------------------------------
span = 6
trace_id = baf3976f5d471366
span_id = bb86566a2a250f59
parent_id = 5664d260d65e840e
start_time = 1682628698334397
end_time = 1682628698335706
inclusive_time = 1309
exclusive_time = 1309
process_id = p5
operationName = MongoFindMovie
serviceName = movie-review-service
------------------------------------------------------------------------------------
span = 7
trace_id = baf3976f5d471366
span_id = 0977f1e8bef26fb5
parent_id = 8e3b52ce1bba5a27
start_time = 1682628698332816
end_time = 1682628698332904
inclusive_time = 88
exclusive_time = 88
process_id = p1
operationName = MmcGetMovieId
serviceName = movie-id-service
------------------------------------------------------------------------------------
