span = 0
trace_id = 2fda22164fefa0fd
span_id = 2fda22164fefa0fd
parent_id = None
start_time = 1682628698075000
end_time = 1682628698079708
inclusive_time = 4708
exclusive_time = 655
process_id = p7
operationName = /wrk2-api/review/compose
serviceName = nginx
call path = 
------------------------------------------------------------------------------------
span = 1
trace_id = 2fda22164fefa0fd
span_id = 3f21022a72ac5f43
parent_id = 2fda22164fefa0fd
start_time = 1682628698075655
end_time = 1682628698079708
inclusive_time = 4053
exclusive_time = 119
process_id = p7
operationName = /wrk2-api/review/compose
serviceName = nginx
call path = ->/wrk2-api/review/compose_nginx
------------------------------------------------------------------------------------
span = 2
trace_id = 2fda22164fefa0fd
span_id = db25e29088112ebd
parent_id = 3f21022a72ac5f43
start_time = 1682628698075702
end_time = 1682628698079636
inclusive_time = 3934
exclusive_time = 294
process_id = p7
operationName = ComposeReview
serviceName = nginx
call path = ->/wrk2-api/review/compose_nginx->/wrk2-api/review/compose_nginx
------------------------------------------------------------------------------------
span = 3
trace_id = 2fda22164fefa0fd
span_id = 0b4a598cc4e96c63
parent_id = db25e29088112ebd
start_time = 1682628698075996
end_time = 1682628698079532
inclusive_time = 3536
exclusive_time = 289
process_id = p4
operationName = UploadMovieId
serviceName = movie-id-service
call path = ->/wrk2-api/review/compose_nginx->/wrk2-api/review/compose_nginx->ComposeReview_nginx
------------------------------------------------------------------------------------
span = 4
trace_id = 2fda22164fefa0fd
span_id = fdc5fbd97a373dfd
parent_id = 0b4a598cc4e96c63
start_time = 1682628698076370
end_time = 1682628698079433
inclusive_time = 3063
exclusive_time = 184
process_id = p6
operationName = UploadRating
serviceName = rating-service
call path = ->/wrk2-api/review/compose_nginx->/wrk2-api/review/compose_nginx->ComposeReview_nginx->UploadMovieId_movie-id-service
------------------------------------------------------------------------------------
span = 5
trace_id = 2fda22164fefa0fd
span_id = 2dda5e9b3cd156f8
parent_id = fdc5fbd97a373dfd
start_time = 1682628698076557
end_time = 1682628698079325
inclusive_time = 2768
exclusive_time = 979
process_id = p2
operationName = UploadRating
serviceName = compose-review-service
call path = ->/wrk2-api/review/compose_nginx->/wrk2-api/review/compose_nginx->ComposeReview_nginx->UploadMovieId_movie-id-service->UploadRating_rating-service
------------------------------------------------------------------------------------
span = 6
trace_id = 2fda22164fefa0fd
span_id = 8a82308d346868c7
parent_id = 2dda5e9b3cd156f8
start_time = 1682628698077675
end_time = 1682628698079221
inclusive_time = 1546
exclusive_time = 31
process_id = p1
operationName = UploadMovieReview
serviceName = movie-review-service
call path = ->/wrk2-api/review/compose_nginx->/wrk2-api/review/compose_nginx->ComposeReview_nginx->UploadMovieId_movie-id-service->UploadRating_rating-service->UploadRating_compose-review-service
------------------------------------------------------------------------------------
span = 7
trace_id = 2fda22164fefa0fd
span_id = 08b9923a4e52da42
parent_id = 8a82308d346868c7
start_time = 1682628698077706
end_time = 1682628698079226
inclusive_time = 1520
exclusive_time = 1520
process_id = p1
operationName = MongoFindMovie
serviceName = movie-review-service
call path = ->/wrk2-api/review/compose_nginx->/wrk2-api/review/compose_nginx->ComposeReview_nginx->UploadMovieId_movie-id-service->UploadRating_rating-service->UploadRating_compose-review-service->UploadMovieReview_movie-review-service
------------------------------------------------------------------------------------
span = 8
trace_id = 2fda22164fefa0fd
span_id = 73dffff2b3d5a0d2
parent_id = 0b4a598cc4e96c63
start_time = 1682628698076013
end_time = 1682628698076100
inclusive_time = 87
exclusive_time = 87
process_id = p4
operationName = MmcGetMovieId
serviceName = movie-id-service
call path = ->/wrk2-api/review/compose_nginx->/wrk2-api/review/compose_nginx->ComposeReview_nginx->UploadMovieId_movie-id-service
------------------------------------------------------------------------------------
