span = 0
span_id = 29d5488df8365dd7
parent_id = None
start_time = 1682628697946000
end_time = 1682628697951364
inclusive_time = 5364
exclusive_time = 771
process_id = p6
operationName = /wrk2-api/review/compose
serviceName = nginx
------------------------------------------------------------------------------------
span = 1
span_id = 32e80867a86d9cac
parent_id = 29d5488df8365dd7
start_time = 1682628697946771
end_time = 1682628697951364
inclusive_time = 4593
exclusive_time = 111
process_id = p6
operationName = /wrk2-api/review/compose
serviceName = nginx
------------------------------------------------------------------------------------
span = 2
span_id = 2292384102f2df2b
parent_id = 32e80867a86d9cac
start_time = 1682628697946819
end_time = 1682628697951301
inclusive_time = 4482
exclusive_time = 492
process_id = p6
operationName = ComposeReview
serviceName = nginx
------------------------------------------------------------------------------------
span = 3
span_id = 746911fa3af42370
parent_id = 2292384102f2df2b
start_time = 1682628697947143
end_time = 1682628697951133
inclusive_time = 3990
exclusive_time = 420
process_id = p8
operationName = UploadMovieId
serviceName = movie-id-service
------------------------------------------------------------------------------------
span = 4
span_id = bf00c0028cfcd878
parent_id = 746911fa3af42370
start_time = 1682628697947586
end_time = 1682628697950859
inclusive_time = 3273
exclusive_time = 294
process_id = p4
operationName = UploadRating
serviceName = rating-service
------------------------------------------------------------------------------------
span = 5
span_id = 85b5d5ee4ab65864
parent_id = bf00c0028cfcd878
start_time = 1682628697947787
end_time = 1682628697950725
inclusive_time = 2938
exclusive_time = 1523
process_id = p3
operationName = UploadRating
serviceName = compose-review-service
------------------------------------------------------------------------------------
span = 6
span_id = fcada98d7dada917
parent_id = 85b5d5ee4ab65864
start_time = 1682628697949335
end_time = 1682628697950559
inclusive_time = 1224
exclusive_time = 30
process_id = p7
operationName = UploadMovieReview
serviceName = movie-review-service
------------------------------------------------------------------------------------
span = 7
span_id = ce07ddacc047f103
parent_id = fcada98d7dada917
start_time = 1682628697949365
end_time = 1682628697950563
inclusive_time = 1198
exclusive_time = 1198
process_id = p7
operationName = MongoFindMovie
serviceName = movie-review-service
------------------------------------------------------------------------------------
span = 8
span_id = a9bbb1fa09cb684b
parent_id = 746911fa3af42370
start_time = 1682628697947160
end_time = 1682628697947274
inclusive_time = 114
exclusive_time = 114
process_id = p8
operationName = MmcGetMovieId
serviceName = movie-id-service
------------------------------------------------------------------------------------
