span 0
span_id = 9242faa6b660fc8e
parent_id = None
start_time = 1682628698174000
end_time = 1682628698179218
inclusive_time = 5218
exclusive_time = 407
process_id = p3
operationName = /wrk2-api/review/compose
serviceName = None
------------------------------------------------------------------------------------
span 1
span_id = d5188a2b45910d14
parent_id = 9242faa6b660fc8e
start_time = 1682628698174406
end_time = 1682628698179217
inclusive_time = 4811
exclusive_time = 79
process_id = p3
operationName = /wrk2-api/review/compose
serviceName = None
------------------------------------------------------------------------------------
span 2
span_id = 86a303e55253d1d5
parent_id = d5188a2b45910d14
start_time = 1682628698174442
end_time = 1682628698179174
inclusive_time = 4732
exclusive_time = 416
process_id = p3
operationName = ComposeReview
serviceName = None
------------------------------------------------------------------------------------
span 3
span_id = 5144fcdcf9cf9b7f
parent_id = 86a303e55253d1d5
start_time = 1682628698174732
end_time = 1682628698178933
inclusive_time = 4201
exclusive_time = 259
process_id = p6
operationName = UploadMovieId
serviceName = None
------------------------------------------------------------------------------------
span 4
span_id = 3b2dd58f863aacf0
parent_id = 5144fcdcf9cf9b7f
start_time = 1682628698175162
end_time = 1682628698178808
inclusive_time = 3646
exclusive_time = 363
process_id = p10
operationName = UploadRating
serviceName = None
------------------------------------------------------------------------------------
span 5
span_id = 749303d94c841ae0
parent_id = 3b2dd58f863aacf0
start_time = 1682628698175573
end_time = 1682628698178563
inclusive_time = 2990
exclusive_time = 1690
process_id = p1
operationName = UploadRating
serviceName = None
------------------------------------------------------------------------------------
span 6
span_id = 4e5b90ef8de2bb7d
parent_id = 749303d94c841ae0
start_time = 1682628698177135
end_time = 1682628698178318
inclusive_time = 1183
exclusive_time = 36
process_id = p2
operationName = UploadMovieReview
serviceName = None
------------------------------------------------------------------------------------
span 7
span_id = 1d90718469807ab2
parent_id = 4e5b90ef8de2bb7d
start_time = 1682628698177171
end_time = 1682628698178325
inclusive_time = 1154
exclusive_time = 1154
process_id = p2
operationName = MongoFindMovie
serviceName = None
------------------------------------------------------------------------------------
span 8
span_id = 65bfc6ad910659d2
parent_id = 5144fcdcf9cf9b7f
start_time = 1682628698174941
end_time = 1682628698175093
inclusive_time = 152
exclusive_time = 152
process_id = p6
operationName = MmcSetMovieId
serviceName = None
------------------------------------------------------------------------------------
span 9
span_id = 1790b52c9e206b27
parent_id = 5144fcdcf9cf9b7f
start_time = 1682628698174743
end_time = 1682628698174818
inclusive_time = 75
exclusive_time = 75
process_id = p6
operationName = MmcGetMovieId
serviceName = None
------------------------------------------------------------------------------------
