span = 0
trace_id = 31481b85df9eee22
span_id = 31481b85df9eee22
parent_id = None
start_time = 1682628698294000
end_time = 1682628698299074
inclusive_time = 5074
exclusive_time = 447
process_id = p1
operationName = /wrk2-api/review/compose
serviceName = nginx
------------------------------------------------------------------------------------
span = 1
trace_id = 31481b85df9eee22
span_id = fa653069e199a8d6
parent_id = 31481b85df9eee22
start_time = 1682628698294447
end_time = 1682628698299074
inclusive_time = 4627
exclusive_time = 83
process_id = p1
operationName = /wrk2-api/review/compose
serviceName = nginx
------------------------------------------------------------------------------------
span = 2
trace_id = 31481b85df9eee22
span_id = a889920658ea77d8
parent_id = fa653069e199a8d6
start_time = 1682628698294487
end_time = 1682628698299031
inclusive_time = 4544
exclusive_time = 774
process_id = p1
operationName = ComposeReview
serviceName = nginx
------------------------------------------------------------------------------------
span = 3
trace_id = 31481b85df9eee22
span_id = 2cde859e08e5cd62
parent_id = a889920658ea77d8
start_time = 1682628698295007
end_time = 1682628698298463
inclusive_time = 3456
exclusive_time = 429
process_id = p4
operationName = UploadMovieId
serviceName = movie-id-service
------------------------------------------------------------------------------------
span = 4
trace_id = 31481b85df9eee22
span_id = f2a2977f47ddc6e1
parent_id = 2cde859e08e5cd62
start_time = 1682628698295667
end_time = 1682628698298335
inclusive_time = 2668
exclusive_time = 316
process_id = p10
operationName = UploadRating
serviceName = rating-service
------------------------------------------------------------------------------------
span = 5
trace_id = 31481b85df9eee22
span_id = 3adefb7634a9ebfc
parent_id = f2a2977f47ddc6e1
start_time = 1682628698295933
end_time = 1682628698298139
inclusive_time = 2206
exclusive_time = 1131
process_id = p3
operationName = UploadRating
serviceName = compose-review-service
------------------------------------------------------------------------------------
span = 6
trace_id = 31481b85df9eee22
span_id = e65d587aead07d64
parent_id = 3adefb7634a9ebfc
start_time = 1682628698296989
end_time = 1682628698297995
inclusive_time = 1006
exclusive_time = 28
process_id = p7
operationName = UploadMovieReview
serviceName = movie-review-service
------------------------------------------------------------------------------------
span = 7
trace_id = 31481b85df9eee22
span_id = b9ad7da03eb4ff66
parent_id = e65d587aead07d64
start_time = 1682628698297017
end_time = 1682628698298000
inclusive_time = 983
exclusive_time = 983
process_id = p7
operationName = MongoFindMovie
serviceName = movie-review-service
------------------------------------------------------------------------------------
span = 8
trace_id = 31481b85df9eee22
span_id = 04e3fd432d61180f
parent_id = 2cde859e08e5cd62
start_time = 1682628698295416
end_time = 1682628698295520
inclusive_time = 104
exclusive_time = 104
process_id = p4
operationName = MmcSetMovieId
serviceName = movie-id-service
------------------------------------------------------------------------------------
span = 9
trace_id = 31481b85df9eee22
span_id = 64eb41df4da23d24
parent_id = 2cde859e08e5cd62
start_time = 1682628698295023
end_time = 1682628698295239
inclusive_time = 216
exclusive_time = 216
process_id = p4
operationName = MmcGetMovieId
serviceName = movie-id-service
------------------------------------------------------------------------------------
