span = 0
span_id = c0794239e24053a1
parent_id = None
start_time = 1682628698237000
end_time = 1682628698241552
inclusive_time = 4552
exclusive_time = 884
process_id = p5
operationName = /wrk2-api/review/compose
serviceName = nginx
------------------------------------------------------------------------------------
span = 1
span_id = f560d5467cf2fdc6
parent_id = c0794239e24053a1
start_time = 1682628698237884
end_time = 1682628698241552
inclusive_time = 3668
exclusive_time = 101
process_id = p5
operationName = /wrk2-api/review/compose
serviceName = nginx
------------------------------------------------------------------------------------
span = 2
span_id = b2e0fcf54a3b495c
parent_id = f560d5467cf2fdc6
start_time = 1682628698237922
end_time = 1682628698241489
inclusive_time = 3567
exclusive_time = 256
process_id = p5
operationName = ComposeReview
serviceName = nginx
------------------------------------------------------------------------------------
span = 3
span_id = 332029c489f54a2c
parent_id = b2e0fcf54a3b495c
start_time = 1682628698238146
end_time = 1682628698241399
inclusive_time = 3253
exclusive_time = 288
process_id = p1
operationName = UploadMovieId
serviceName = movie-id-service
------------------------------------------------------------------------------------
span = 4
span_id = d059537c0f190262
parent_id = 332029c489f54a2c
start_time = 1682628698238617
end_time = 1682628698241259
inclusive_time = 2642
exclusive_time = 383
process_id = p10
operationName = UploadRating
serviceName = rating-service
------------------------------------------------------------------------------------
span = 5
span_id = b4606d9f8124e866
parent_id = d059537c0f190262
start_time = 1682628698238799
end_time = 1682628698241007
inclusive_time = 2208
exclusive_time = 1057
process_id = p2
operationName = UploadRating
serviceName = compose-review-service
------------------------------------------------------------------------------------
span = 6
span_id = e74598fd109312b4
parent_id = b4606d9f8124e866
start_time = 1682628698239691
end_time = 1682628698240774
inclusive_time = 1083
exclusive_time = 29
process_id = p3
operationName = UploadMovieReview
serviceName = movie-review-service
------------------------------------------------------------------------------------
span = 7
span_id = ce1f9b69f3e77dfe
parent_id = e74598fd109312b4
start_time = 1682628698239720
end_time = 1682628698240778
inclusive_time = 1058
exclusive_time = 1058
process_id = p3
operationName = MongoFindMovie
serviceName = movie-review-service
------------------------------------------------------------------------------------
span = 8
span_id = 23b8e41350e7067a
parent_id = 332029c489f54a2c
start_time = 1682628698238363
end_time = 1682628698238452
inclusive_time = 89
exclusive_time = 89
process_id = p1
operationName = MmcSetMovieId
serviceName = movie-id-service
------------------------------------------------------------------------------------
span = 9
span_id = c3612bd0ba7226dc
parent_id = 332029c489f54a2c
start_time = 1682628698238157
end_time = 1682628698238242
inclusive_time = 85
exclusive_time = 85
process_id = p1
operationName = MmcGetMovieId
serviceName = movie-id-service
------------------------------------------------------------------------------------
