span = 0
trace_id = 0e018f865bd96989
span_id = 0e018f865bd96989
parent_id = None
start_time = 1682628698046000
end_time = 1682628698052124
inclusive_time = 6124
exclusive_time = 907
process_id = p3
operationName = /wrk2-api/review/compose
serviceName = nginx
call path = 
------------------------------------------------------------------------------------
span = 1
trace_id = 0e018f865bd96989
span_id = 1c99331043afc42d
parent_id = 0e018f865bd96989
start_time = 1682628698046907
end_time = 1682628698052124
inclusive_time = 5217
exclusive_time = 140
process_id = p3
operationName = /wrk2-api/review/compose
serviceName = nginx
call path = ->/wrk2-api/review/compose_nginx
------------------------------------------------------------------------------------
span = 2
trace_id = 0e018f865bd96989
span_id = 773ef51390a2b51c
parent_id = 1c99331043afc42d
start_time = 1682628698046949
end_time = 1682628698052026
inclusive_time = 5077
exclusive_time = 277
process_id = p3
operationName = ComposeReview
serviceName = nginx
call path = ->/wrk2-api/review/compose_nginx->/wrk2-api/review/compose_nginx
------------------------------------------------------------------------------------
span = 3
trace_id = 0e018f865bd96989
span_id = 13e644f6707b2b12
parent_id = 773ef51390a2b51c
start_time = 1682628698047268
end_time = 1682628698051931
inclusive_time = 4663
exclusive_time = 602
process_id = p7
operationName = UploadMovieId
serviceName = movie-id-service
call path = ->/wrk2-api/review/compose_nginx->/wrk2-api/review/compose_nginx->ComposeReview_nginx
------------------------------------------------------------------------------------
span = 4
trace_id = 0e018f865bd96989
span_id = ce9fac1d6f6550fe
parent_id = 13e644f6707b2b12
start_time = 1682628698047694
end_time = 1682628698051563
inclusive_time = 3869
exclusive_time = 223
process_id = p8
operationName = UploadRating
serviceName = rating-service
call path = ->/wrk2-api/review/compose_nginx->/wrk2-api/review/compose_nginx->ComposeReview_nginx->UploadMovieId_movie-id-service
------------------------------------------------------------------------------------
span = 5
trace_id = 0e018f865bd96989
span_id = 4250f51144aa4a63
parent_id = ce9fac1d6f6550fe
start_time = 1682628698047865
end_time = 1682628698051452
inclusive_time = 3587
exclusive_time = 2477
process_id = p5
operationName = UploadRating
serviceName = compose-review-service
call path = ->/wrk2-api/review/compose_nginx->/wrk2-api/review/compose_nginx->ComposeReview_nginx->UploadMovieId_movie-id-service->UploadRating_rating-service
------------------------------------------------------------------------------------
span = 6
trace_id = 0e018f865bd96989
span_id = 15ed71b8ee8953ff
parent_id = 4250f51144aa4a63
start_time = 1682628698048968
end_time = 1682628698050078
inclusive_time = 1110
exclusive_time = 29
process_id = p1
operationName = UploadUserReview
serviceName = user-review-service
call path = ->/wrk2-api/review/compose_nginx->/wrk2-api/review/compose_nginx->ComposeReview_nginx->UploadMovieId_movie-id-service->UploadRating_rating-service->UploadRating_compose-review-service
------------------------------------------------------------------------------------
span = 7
trace_id = 0e018f865bd96989
span_id = f918d41efc8bb730
parent_id = 15ed71b8ee8953ff
start_time = 1682628698048997
end_time = 1682628698050083
inclusive_time = 1086
exclusive_time = 1086
process_id = p1
operationName = MongoFindUser
serviceName = user-review-service
call path = ->/wrk2-api/review/compose_nginx->/wrk2-api/review/compose_nginx->ComposeReview_nginx->UploadMovieId_movie-id-service->UploadRating_rating-service->UploadRating_compose-review-service->UploadUserReview_user-review-service
------------------------------------------------------------------------------------
span = 8
trace_id = 0e018f865bd96989
span_id = b37a282b816582c4
parent_id = 13e644f6707b2b12
start_time = 1682628698047561
end_time = 1682628698047660
inclusive_time = 99
exclusive_time = 99
process_id = p7
operationName = MmcSetMovieId
serviceName = movie-id-service
call path = ->/wrk2-api/review/compose_nginx->/wrk2-api/review/compose_nginx->ComposeReview_nginx->UploadMovieId_movie-id-service
------------------------------------------------------------------------------------
span = 9
trace_id = 0e018f865bd96989
span_id = b81b0726b60f625b
parent_id = 13e644f6707b2b12
start_time = 1682628698047287
end_time = 1682628698047380
inclusive_time = 93
exclusive_time = 93
process_id = p7
operationName = MmcGetMovieId
serviceName = movie-id-service
call path = ->/wrk2-api/review/compose_nginx->/wrk2-api/review/compose_nginx->ComposeReview_nginx->UploadMovieId_movie-id-service
------------------------------------------------------------------------------------
