span = 0
trace_id = 2350b0a0a62e7de0
span_id = 2350b0a0a62e7de0
parent_id = None
start_time = 1682628698256000
end_time = 1682628698260671
inclusive_time = 4671
exclusive_time = 217
process_id = p3
operationName = /wrk2-api/review/compose
serviceName = nginx
call path = 
------------------------------------------------------------------------------------
span = 1
trace_id = 2350b0a0a62e7de0
span_id = 3c9c209f8a0e74b6
parent_id = 2350b0a0a62e7de0
start_time = 1682628698256216
end_time = 1682628698260670
inclusive_time = 4454
exclusive_time = 109
process_id = p3
operationName = /wrk2-api/review/compose
serviceName = nginx
call path = ->/wrk2-api/review/compose_nginx
------------------------------------------------------------------------------------
span = 2
trace_id = 2350b0a0a62e7de0
span_id = 74fc6539793ebe09
parent_id = 3c9c209f8a0e74b6
start_time = 1682628698256269
end_time = 1682628698260614
inclusive_time = 4345
exclusive_time = 298
process_id = p3
operationName = ComposeReview
serviceName = nginx
call path = ->/wrk2-api/review/compose_nginx->/wrk2-api/review/compose_nginx
------------------------------------------------------------------------------------
span = 3
trace_id = 2350b0a0a62e7de0
span_id = 99de10920e37606a
parent_id = 74fc6539793ebe09
start_time = 1682628698256584
end_time = 1682628698260516
inclusive_time = 3932
exclusive_time = 328
process_id = p6
operationName = UploadMovieId
serviceName = movie-id-service
call path = ->/wrk2-api/review/compose_nginx->/wrk2-api/review/compose_nginx->ComposeReview_nginx
------------------------------------------------------------------------------------
span = 4
trace_id = 2350b0a0a62e7de0
span_id = 0762d2489f2dfa5f
parent_id = 99de10920e37606a
start_time = 1682628698257048
end_time = 1682628698260381
inclusive_time = 3333
exclusive_time = 346
process_id = p10
operationName = UploadRating
serviceName = rating-service
call path = ->/wrk2-api/review/compose_nginx->/wrk2-api/review/compose_nginx->ComposeReview_nginx->UploadMovieId_movie-id-service
------------------------------------------------------------------------------------
span = 5
trace_id = 2350b0a0a62e7de0
span_id = 55a64511d3f8cb0f
parent_id = 0762d2489f2dfa5f
start_time = 1682628698257224
end_time = 1682628698260121
inclusive_time = 2897
exclusive_time = 962
process_id = p5
operationName = UploadRating
serviceName = compose-review-service
call path = ->/wrk2-api/review/compose_nginx->/wrk2-api/review/compose_nginx->ComposeReview_nginx->UploadMovieId_movie-id-service->UploadRating_rating-service
------------------------------------------------------------------------------------
span = 6
trace_id = 2350b0a0a62e7de0
span_id = 4b58fdd175b239bf
parent_id = 55a64511d3f8cb0f
start_time = 1682628698258120
end_time = 1682628698260000
inclusive_time = 1880
exclusive_time = 20
process_id = p1
operationName = UploadMovieReview
serviceName = movie-review-service
call path = ->/wrk2-api/review/compose_nginx->/wrk2-api/review/compose_nginx->ComposeReview_nginx->UploadMovieId_movie-id-service->UploadRating_rating-service->UploadRating_compose-review-service
------------------------------------------------------------------------------------
span = 7
trace_id = 2350b0a0a62e7de0
span_id = b727cb62fd42f6c5
parent_id = 4b58fdd175b239bf
start_time = 1682628698258140
end_time = 1682628698260003
inclusive_time = 1863
exclusive_time = 1863
process_id = p1
operationName = MongoFindMovie
serviceName = movie-review-service
call path = ->/wrk2-api/review/compose_nginx->/wrk2-api/review/compose_nginx->ComposeReview_nginx->UploadMovieId_movie-id-service->UploadRating_rating-service->UploadRating_compose-review-service->UploadMovieReview_movie-review-service
------------------------------------------------------------------------------------
span = 8
trace_id = 2350b0a0a62e7de0
span_id = 3e3b1af0fff5fd62
parent_id = 99de10920e37606a
start_time = 1682628698256825
end_time = 1682628698256941
inclusive_time = 116
exclusive_time = 116
process_id = p6
operationName = MmcSetMovieId
serviceName = movie-id-service
call path = ->/wrk2-api/review/compose_nginx->/wrk2-api/review/compose_nginx->ComposeReview_nginx->UploadMovieId_movie-id-service
------------------------------------------------------------------------------------
span = 9
trace_id = 2350b0a0a62e7de0
span_id = dce306f6e6a1046d
parent_id = 99de10920e37606a
start_time = 1682628698256595
end_time = 1682628698256680
inclusive_time = 85
exclusive_time = 85
process_id = p6
operationName = MmcGetMovieId
serviceName = movie-id-service
call path = ->/wrk2-api/review/compose_nginx->/wrk2-api/review/compose_nginx->ComposeReview_nginx->UploadMovieId_movie-id-service
------------------------------------------------------------------------------------
