span = 0
trace_id = f4a99d3706c35a1a
span_id = f4a99d3706c35a1a
parent_id = None
start_time = 1682628697968000
end_time = 1682628697972745
inclusive_time = 4745
exclusive_time = 429
process_id = p5
operationName = /wrk2-api/review/compose
serviceName = nginx
------------------------------------------------------------------------------------
span = 1
trace_id = f4a99d3706c35a1a
span_id = 2d1faa05d94a74a7
parent_id = f4a99d3706c35a1a
start_time = 1682628697968429
end_time = 1682628697972745
inclusive_time = 4316
exclusive_time = 95
process_id = p5
operationName = /wrk2-api/review/compose
serviceName = nginx
------------------------------------------------------------------------------------
span = 2
trace_id = f4a99d3706c35a1a
span_id = 87066bd0844211e3
parent_id = 2d1faa05d94a74a7
start_time = 1682628697968464
end_time = 1682628697972685
inclusive_time = 4221
exclusive_time = 697
process_id = p5
operationName = ComposeReview
serviceName = nginx
------------------------------------------------------------------------------------
span = 3
trace_id = f4a99d3706c35a1a
span_id = 6894c89bdd2871bf
parent_id = 87066bd0844211e3
start_time = 1682628697968786
end_time = 1682628697972160
inclusive_time = 3374
exclusive_time = 768
process_id = p7
operationName = UploadMovieId
serviceName = movie-id-service
------------------------------------------------------------------------------------
span = 4
trace_id = f4a99d3706c35a1a
span_id = 994c3a8cdca9d7c6
parent_id = 6894c89bdd2871bf
start_time = 1682628697969621
end_time = 1682628697971971
inclusive_time = 2350
exclusive_time = 279
process_id = p3
operationName = UploadRating
serviceName = rating-service
------------------------------------------------------------------------------------
span = 5
trace_id = f4a99d3706c35a1a
span_id = 410ce30344521de2
parent_id = 994c3a8cdca9d7c6
start_time = 1682628697969797
end_time = 1682628697971868
inclusive_time = 2071
exclusive_time = 833
process_id = p2
operationName = UploadRating
serviceName = compose-review-service
------------------------------------------------------------------------------------
span = 6
trace_id = f4a99d3706c35a1a
span_id = cf642e6df185f54c
parent_id = 410ce30344521de2
start_time = 1682628697970519
end_time = 1682628697971728
inclusive_time = 1209
exclusive_time = 18
process_id = p1
operationName = UploadUserReview
serviceName = user-review-service
------------------------------------------------------------------------------------
span = 7
trace_id = f4a99d3706c35a1a
span_id = 8739d58d2f9db890
parent_id = cf642e6df185f54c
start_time = 1682628697970537
end_time = 1682628697971731
inclusive_time = 1194
exclusive_time = 1194
process_id = p1
operationName = MongoFindUser
serviceName = user-review-service
------------------------------------------------------------------------------------
span = 8
trace_id = f4a99d3706c35a1a
span_id = 516608129346cb40
parent_id = 6894c89bdd2871bf
start_time = 1682628697969412
end_time = 1682628697969504
inclusive_time = 92
exclusive_time = 92
process_id = p7
operationName = MmcSetMovieId
serviceName = movie-id-service
------------------------------------------------------------------------------------
span = 9
trace_id = f4a99d3706c35a1a
span_id = 1821f64e549144e3
parent_id = 6894c89bdd2871bf
start_time = 1682628697968806
end_time = 1682628697968924
inclusive_time = 118
exclusive_time = 118
process_id = p7
operationName = MmcGetMovieId
serviceName = movie-id-service
------------------------------------------------------------------------------------
