span = 0
trace_id = 652666ad59a654e4
span_id = 652666ad59a654e4
parent_id = None
start_time = 1682628697898000
end_time = 1682628697903505
inclusive_time = 5505
exclusive_time = 706
process_id = p3
operationName = /wrk2-api/review/compose
serviceName = nginx
call path = 
------------------------------------------------------------------------------------
span = 1
trace_id = 652666ad59a654e4
span_id = df7f478ccd75fe71
parent_id = 652666ad59a654e4
start_time = 1682628697898706
end_time = 1682628697903505
inclusive_time = 4799
exclusive_time = 88
process_id = p3
operationName = /wrk2-api/review/compose
serviceName = nginx
call path = ->/wrk2-api/review/compose_nginx
------------------------------------------------------------------------------------
span = 2
trace_id = 652666ad59a654e4
span_id = 2e2765f1d64bdf50
parent_id = df7f478ccd75fe71
start_time = 1682628697898744
end_time = 1682628697903455
inclusive_time = 4711
exclusive_time = 625
process_id = p3
operationName = ComposeReview
serviceName = nginx
call path = ->/wrk2-api/review/compose_nginx->/wrk2-api/review/compose_nginx
------------------------------------------------------------------------------------
span = 3
trace_id = 652666ad59a654e4
span_id = 2cd339c704dd3ece
parent_id = 2e2765f1d64bdf50
start_time = 1682628697899023
end_time = 1682628697903003
inclusive_time = 3980
exclusive_time = 381
process_id = p2
operationName = UploadMovieId
serviceName = movie-id-service
call path = ->/wrk2-api/review/compose_nginx->/wrk2-api/review/compose_nginx->ComposeReview_nginx
------------------------------------------------------------------------------------
span = 4
trace_id = 652666ad59a654e4
span_id = 0861fc3fe26a5414
parent_id = 2cd339c704dd3ece
start_time = 1682628697899467
end_time = 1682628697902850
inclusive_time = 3383
exclusive_time = 297
process_id = p7
operationName = UploadRating
serviceName = rating-service
call path = ->/wrk2-api/review/compose_nginx->/wrk2-api/review/compose_nginx->ComposeReview_nginx->UploadMovieId_movie-id-service
------------------------------------------------------------------------------------
span = 5
trace_id = 652666ad59a654e4
span_id = 2ac8a0876670e5b5
parent_id = 0861fc3fe26a5414
start_time = 1682628697899744
end_time = 1682628697902719
inclusive_time = 2975
exclusive_time = 1503
process_id = p1
operationName = UploadRating
serviceName = compose-review-service
call path = ->/wrk2-api/review/compose_nginx->/wrk2-api/review/compose_nginx->ComposeReview_nginx->UploadMovieId_movie-id-service->UploadRating_rating-service
------------------------------------------------------------------------------------
span = 6
trace_id = 652666ad59a654e4
span_id = 7758665852796a96
parent_id = 2ac8a0876670e5b5
start_time = 1682628697900542
end_time = 1682628697901968
inclusive_time = 1426
exclusive_time = 18
process_id = p4
operationName = UploadMovieReview
serviceName = movie-review-service
call path = ->/wrk2-api/review/compose_nginx->/wrk2-api/review/compose_nginx->ComposeReview_nginx->UploadMovieId_movie-id-service->UploadRating_rating-service->UploadRating_compose-review-service
------------------------------------------------------------------------------------
span = 7
trace_id = 652666ad59a654e4
span_id = 95b944bdf5f86edc
parent_id = 7758665852796a96
start_time = 1682628697900560
end_time = 1682628697902015
inclusive_time = 1455
exclusive_time = 1455
process_id = p4
operationName = MongoFindMovie
serviceName = movie-review-service
call path = ->/wrk2-api/review/compose_nginx->/wrk2-api/review/compose_nginx->ComposeReview_nginx->UploadMovieId_movie-id-service->UploadRating_rating-service->UploadRating_compose-review-service->UploadMovieReview_movie-review-service
------------------------------------------------------------------------------------
span = 8
trace_id = 652666ad59a654e4
span_id = b77f0990176a8925
parent_id = 2cd339c704dd3ece
start_time = 1682628697899276
end_time = 1682628697899375
inclusive_time = 99
exclusive_time = 99
process_id = p2
operationName = MmcSetMovieId
serviceName = movie-id-service
call path = ->/wrk2-api/review/compose_nginx->/wrk2-api/review/compose_nginx->ComposeReview_nginx->UploadMovieId_movie-id-service
------------------------------------------------------------------------------------
span = 9
trace_id = 652666ad59a654e4
span_id = 01f8f05258a5f6fe
parent_id = 2cd339c704dd3ece
start_time = 1682628697899041
end_time = 1682628697899127
inclusive_time = 86
exclusive_time = 86
process_id = p2
operationName = MmcGetMovieId
serviceName = movie-id-service
call path = ->/wrk2-api/review/compose_nginx->/wrk2-api/review/compose_nginx->ComposeReview_nginx->UploadMovieId_movie-id-service
------------------------------------------------------------------------------------
