span = 0
trace_id = a8b3abb1d8a32715
span_id = a8b3abb1d8a32715
parent_id = None
start_time = 1682628698100000
end_time = 1682628698104504
inclusive_time = 4504
exclusive_time = 390
process_id = p1
operationName = /wrk2-api/review/compose
serviceName = nginx
call path = 
------------------------------------------------------------------------------------
span = 1
trace_id = a8b3abb1d8a32715
span_id = 51ec24088af84296
parent_id = a8b3abb1d8a32715
start_time = 1682628698100390
end_time = 1682628698104504
inclusive_time = 4114
exclusive_time = 97
process_id = p1
operationName = /wrk2-api/review/compose
serviceName = nginx
call path = ->/wrk2-api/review/compose_nginx
------------------------------------------------------------------------------------
span = 2
trace_id = a8b3abb1d8a32715
span_id = 29a94f428065d303
parent_id = 51ec24088af84296
start_time = 1682628698100433
end_time = 1682628698104450
inclusive_time = 4017
exclusive_time = 253
process_id = p1
operationName = ComposeReview
serviceName = nginx
call path = ->/wrk2-api/review/compose_nginx->/wrk2-api/review/compose_nginx
------------------------------------------------------------------------------------
span = 3
trace_id = a8b3abb1d8a32715
span_id = 120e93b5dffb2ef6
parent_id = 29a94f428065d303
start_time = 1682628698100721
end_time = 1682628698104351
inclusive_time = 3630
exclusive_time = 391
process_id = p5
operationName = UploadMovieId
serviceName = movie-id-service
call path = ->/wrk2-api/review/compose_nginx->/wrk2-api/review/compose_nginx->ComposeReview_nginx
------------------------------------------------------------------------------------
span = 4
trace_id = a8b3abb1d8a32715
span_id = e11a54ba9cc89001
parent_id = 120e93b5dffb2ef6
start_time = 1682628698101207
end_time = 1682628698104235
inclusive_time = 3028
exclusive_time = 330
process_id = p7
operationName = UploadRating
serviceName = rating-service
call path = ->/wrk2-api/review/compose_nginx->/wrk2-api/review/compose_nginx->ComposeReview_nginx->UploadMovieId_movie-id-service
------------------------------------------------------------------------------------
span = 5
trace_id = a8b3abb1d8a32715
span_id = 57746f3c68d8da11
parent_id = e11a54ba9cc89001
start_time = 1682628698101422
end_time = 1682628698104120
inclusive_time = 2698
exclusive_time = 927
process_id = p3
operationName = UploadRating
serviceName = compose-review-service
call path = ->/wrk2-api/review/compose_nginx->/wrk2-api/review/compose_nginx->ComposeReview_nginx->UploadMovieId_movie-id-service->UploadRating_rating-service
------------------------------------------------------------------------------------
span = 6
trace_id = a8b3abb1d8a32715
span_id = 3ee18fb8b0993617
parent_id = 57746f3c68d8da11
start_time = 1682628698102771
end_time = 1682628698103955
inclusive_time = 1184
exclusive_time = 25
process_id = p2
operationName = UploadMovieReview
serviceName = movie-review-service
call path = ->/wrk2-api/review/compose_nginx->/wrk2-api/review/compose_nginx->ComposeReview_nginx->UploadMovieId_movie-id-service->UploadRating_rating-service->UploadRating_compose-review-service
------------------------------------------------------------------------------------
span = 7
trace_id = a8b3abb1d8a32715
span_id = 4cabdf705be5b3d0
parent_id = 3ee18fb8b0993617
start_time = 1682628698102796
end_time = 1682628698103965
inclusive_time = 1169
exclusive_time = 1169
process_id = p2
operationName = MongoFindMovie
serviceName = movie-review-service
call path = ->/wrk2-api/review/compose_nginx->/wrk2-api/review/compose_nginx->ComposeReview_nginx->UploadMovieId_movie-id-service->UploadRating_rating-service->UploadRating_compose-review-service->UploadMovieReview_movie-review-service
------------------------------------------------------------------------------------
span = 8
trace_id = a8b3abb1d8a32715
span_id = b99a4e38675728ab
parent_id = 57746f3c68d8da11
start_time = 1682628698102184
end_time = 1682628698102466
inclusive_time = 282
exclusive_time = 41
process_id = p8
operationName = StoreReview
serviceName = review-storage-service
call path = ->/wrk2-api/review/compose_nginx->/wrk2-api/review/compose_nginx->ComposeReview_nginx->UploadMovieId_movie-id-service->UploadRating_rating-service->UploadRating_compose-review-service
------------------------------------------------------------------------------------
span = 9
trace_id = a8b3abb1d8a32715
span_id = b2e46fdcd8e03af7
parent_id = b99a4e38675728ab
start_time = 1682628698102212
end_time = 1682628698102453
inclusive_time = 241
exclusive_time = 241
process_id = p8
operationName = MongoInsertReview
serviceName = review-storage-service
call path = ->/wrk2-api/review/compose_nginx->/wrk2-api/review/compose_nginx->ComposeReview_nginx->UploadMovieId_movie-id-service->UploadRating_rating-service->UploadRating_compose-review-service->StoreReview_review-storage-service
------------------------------------------------------------------------------------
span = 10
trace_id = a8b3abb1d8a32715
span_id = fa141f5ba1a9403d
parent_id = 120e93b5dffb2ef6
start_time = 1682628698101007
end_time = 1682628698101092
inclusive_time = 85
exclusive_time = 85
process_id = p5
operationName = MmcSetMovieId
serviceName = movie-id-service
call path = ->/wrk2-api/review/compose_nginx->/wrk2-api/review/compose_nginx->ComposeReview_nginx->UploadMovieId_movie-id-service
------------------------------------------------------------------------------------
span = 11
trace_id = a8b3abb1d8a32715
span_id = 0bc855fbea3ff832
parent_id = 120e93b5dffb2ef6
start_time = 1682628698100739
end_time = 1682628698100865
inclusive_time = 126
exclusive_time = 126
process_id = p5
operationName = MmcGetMovieId
serviceName = movie-id-service
call path = ->/wrk2-api/review/compose_nginx->/wrk2-api/review/compose_nginx->ComposeReview_nginx->UploadMovieId_movie-id-service
------------------------------------------------------------------------------------
