span 0
span_id = 373d4caad6532066
parent_id = None
start_time = 1682628697988000
end_time = 1682628697992212
inclusive_time = 4212
exclusive_time = 309
process_id = p4
operationName = /wrk2-api/review/compose
serviceName = None
------------------------------------------------------------------------------------
span 1
span_id = 701cd05a59ad6787
parent_id = 373d4caad6532066
start_time = 1682628697988308
end_time = 1682628697992211
inclusive_time = 3903
exclusive_time = 104
process_id = p4
operationName = /wrk2-api/review/compose
serviceName = None
------------------------------------------------------------------------------------
span 2
span_id = 39bef2b956442920
parent_id = 701cd05a59ad6787
start_time = 1682628697988362
end_time = 1682628697992161
inclusive_time = 3799
exclusive_time = 571
process_id = p4
operationName = ComposeReview
serviceName = None
------------------------------------------------------------------------------------
span 3
span_id = 95d5426d7bd72e56
parent_id = 39bef2b956442920
start_time = 1682628697988787
end_time = 1682628697991763
inclusive_time = 2976
exclusive_time = 231
process_id = p8
operationName = UploadUniqueId
serviceName = None
------------------------------------------------------------------------------------
span 4
span_id = 7dffd1e2902189d3
parent_id = 95d5426d7bd72e56
start_time = 1682628697988946
end_time = 1682628697991691
inclusive_time = 2745
exclusive_time = 1351
process_id = p6
operationName = UploadUniqueId
serviceName = None
------------------------------------------------------------------------------------
span 5
span_id = fad07594253477ab
parent_id = 7dffd1e2902189d3
start_time = 1682628697990300
end_time = 1682628697991531
inclusive_time = 1231
exclusive_time = 44
process_id = p2
operationName = UploadMovieReview
serviceName = None
------------------------------------------------------------------------------------
span 6
span_id = f2daa2082376b942
parent_id = fad07594253477ab
start_time = 1682628697990344
end_time = 1682628697991536
inclusive_time = 1192
exclusive_time = 1192
process_id = p2
operationName = MongoFindMovie
serviceName = None
------------------------------------------------------------------------------------
