span 0
span_id = 10b1267fc28dfb86
parent_id = None
start_time = 1682628697964000
end_time = 1682628697968793
inclusive_time = 4793
exclusive_time = 296
process_id = p7
operationName = /wrk2-api/review/compose
serviceName = None
------------------------------------------------------------------------------------
span 1
span_id = e9a004f627c2b98d
parent_id = 10b1267fc28dfb86
start_time = 1682628697964296
end_time = 1682628697968793
inclusive_time = 4497
exclusive_time = 92
process_id = p7
operationName = /wrk2-api/review/compose
serviceName = None
------------------------------------------------------------------------------------
span 2
span_id = 0411b04b90f0c821
parent_id = e9a004f627c2b98d
start_time = 1682628697964331
end_time = 1682628697968736
inclusive_time = 4405
exclusive_time = 815
process_id = p7
operationName = ComposeReview
serviceName = None
------------------------------------------------------------------------------------
span 3
span_id = 9697e2b89e7867e4
parent_id = 0411b04b90f0c821
start_time = 1682628697964582
end_time = 1682628697968085
inclusive_time = 3503
exclusive_time = 339
process_id = p6
operationName = UploadMovieId
serviceName = None
------------------------------------------------------------------------------------
span 4
span_id = 46846309913377a9
parent_id = 9697e2b89e7867e4
start_time = 1682628697965005
end_time = 1682628697967980
inclusive_time = 2975
exclusive_time = 301
process_id = p3
operationName = UploadRating
serviceName = None
------------------------------------------------------------------------------------
span 5
span_id = 6746c3a4e6ca9f68
parent_id = 46846309913377a9
start_time = 1682628697965201
end_time = 1682628697967849
inclusive_time = 2648
exclusive_time = 1147
process_id = p2
operationName = UploadRating
serviceName = None
------------------------------------------------------------------------------------
span 6
span_id = e511bf0e8e8705b7
parent_id = 6746c3a4e6ca9f68
start_time = 1682628697966385
end_time = 1682628697967666
inclusive_time = 1281
exclusive_time = 32
process_id = p1
operationName = UploadUserReview
serviceName = None
------------------------------------------------------------------------------------
span 7
span_id = 4109403320c64a9a
parent_id = e511bf0e8e8705b7
start_time = 1682628697966417
end_time = 1682628697967670
inclusive_time = 1253
exclusive_time = 1253
process_id = p1
operationName = MongoFindUser
serviceName = None
------------------------------------------------------------------------------------
span 8
span_id = 6bf97f682c8b4ab6
parent_id = 9697e2b89e7867e4
start_time = 1682628697964901
end_time = 1682628697964998
inclusive_time = 97
exclusive_time = 97
process_id = p6
operationName = MmcSetMovieId
serviceName = None
------------------------------------------------------------------------------------
span 9
span_id = b6d2abc1590f1bc1
parent_id = 9697e2b89e7867e4
start_time = 1682628697964594
end_time = 1682628697964686
inclusive_time = 92
exclusive_time = 92
process_id = p6
operationName = MmcGetMovieId
serviceName = None
------------------------------------------------------------------------------------
