span 0
span_id = e1d4e3f56365b260
parent_id = None
start_time = 1682628698003000
end_time = 1682628698010516
inclusive_time = 7516
exclusive_time = 1198
process_id = p1
operationName = /wrk2-api/review/compose
serviceName = None
------------------------------------------------------------------------------------
span 1
span_id = 2c7e959814a7b681
parent_id = e1d4e3f56365b260
start_time = 1682628698004197
end_time = 1682628698010515
inclusive_time = 6318
exclusive_time = 98
process_id = p1
operationName = /wrk2-api/review/compose
serviceName = None
------------------------------------------------------------------------------------
span 2
span_id = b06bfa12c7870631
parent_id = 2c7e959814a7b681
start_time = 1682628698004234
end_time = 1682628698010454
inclusive_time = 6220
exclusive_time = 985
process_id = p1
operationName = ComposeReview
serviceName = None
------------------------------------------------------------------------------------
span 3
span_id = d9762332c368a0f8
parent_id = b06bfa12c7870631
start_time = 1682628698005457
end_time = 1682628698009673
inclusive_time = 4216
exclusive_time = 254
process_id = p10
operationName = UploadText
serviceName = None
------------------------------------------------------------------------------------
span 4
span_id = 64d9ed5886b909d7
parent_id = d9762332c368a0f8
start_time = 1682628698005616
end_time = 1682628698009578
inclusive_time = 3962
exclusive_time = 2658
process_id = p5
operationName = UploadText
serviceName = None
------------------------------------------------------------------------------------
span 5
span_id = d54324bcdc627021
parent_id = 64d9ed5886b909d7
start_time = 1682628698008296
end_time = 1682628698009407
inclusive_time = 1111
exclusive_time = 29
process_id = p2
operationName = UploadMovieReview
serviceName = None
------------------------------------------------------------------------------------
span 6
span_id = cea48859c37d58c5
parent_id = d54324bcdc627021
start_time = 1682628698008325
end_time = 1682628698009427
inclusive_time = 1102
exclusive_time = 1102
process_id = p2
operationName = MongoFindMovie
serviceName = None
------------------------------------------------------------------------------------
span 7
span_id = d8059bca91a77450
parent_id = b06bfa12c7870631
start_time = 1682628698004438
end_time = 1682628698005308
inclusive_time = 870
exclusive_time = 308
process_id = p8
operationName = UploadUserWithUsername
serviceName = None
------------------------------------------------------------------------------------
span 8
span_id = 200f51fa99aea60f
parent_id = d8059bca91a77450
start_time = 1682628698004750
end_time = 1682628698005218
inclusive_time = 468
exclusive_time = 468
process_id = p5
operationName = UploadUserId
serviceName = None
------------------------------------------------------------------------------------
span 9
span_id = 4700d1e034db520a
parent_id = d8059bca91a77450
start_time = 1682628698004455
end_time = 1682628698004549
inclusive_time = 94
exclusive_time = 94
process_id = p8
operationName = MmcGetUserId
serviceName = None
------------------------------------------------------------------------------------
