span = 0
trace_id = 2e32aa7426ba871e
span_id = 2e32aa7426ba871e
parent_id = None
start_time = 1682628697885000
end_time = 1682628697889245
inclusive_time = 4245
exclusive_time = 438
process_id = p1
operationName = /wrk2-api/review/compose
serviceName = nginx
call path = 
------------------------------------------------------------------------------------
span = 1
trace_id = 2e32aa7426ba871e
span_id = d79fc6768e2f350a
parent_id = 2e32aa7426ba871e
start_time = 1682628697885437
end_time = 1682628697889244
inclusive_time = 3807
exclusive_time = 107
process_id = p1
operationName = /wrk2-api/review/compose
serviceName = nginx
call path = ->/wrk2-api/review/compose_nginx
------------------------------------------------------------------------------------
span = 2
trace_id = 2e32aa7426ba871e
span_id = c8f40b5aec617572
parent_id = d79fc6768e2f350a
start_time = 1682628697885485
end_time = 1682628697889185
inclusive_time = 3700
exclusive_time = 686
process_id = p1
operationName = ComposeReview
serviceName = nginx
call path = ->/wrk2-api/review/compose_nginx->/wrk2-api/review/compose_nginx
------------------------------------------------------------------------------------
span = 3
trace_id = 2e32aa7426ba871e
span_id = 2869691da8b91edd
parent_id = c8f40b5aec617572
start_time = 1682628697885755
end_time = 1682628697888688
inclusive_time = 2933
exclusive_time = 320
process_id = p3
operationName = UploadMovieId
serviceName = movie-id-service
call path = ->/wrk2-api/review/compose_nginx->/wrk2-api/review/compose_nginx->ComposeReview_nginx
------------------------------------------------------------------------------------
span = 4
trace_id = 2e32aa7426ba871e
span_id = ed461bbc7cb266af
parent_id = 2869691da8b91edd
start_time = 1682628697886248
end_time = 1682628697888517
inclusive_time = 2269
exclusive_time = 243
process_id = p7
operationName = UploadRating
serviceName = rating-service
call path = ->/wrk2-api/review/compose_nginx->/wrk2-api/review/compose_nginx->ComposeReview_nginx->UploadMovieId_movie-id-service
------------------------------------------------------------------------------------
span = 5
trace_id = 2e32aa7426ba871e
span_id = 7fab4262b142648f
parent_id = ed461bbc7cb266af
start_time = 1682628697886391
end_time = 1682628697888401
inclusive_time = 2010
exclusive_time = 947
process_id = p2
operationName = UploadRating
serviceName = compose-review-service
call path = ->/wrk2-api/review/compose_nginx->/wrk2-api/review/compose_nginx->ComposeReview_nginx->UploadMovieId_movie-id-service->UploadRating_rating-service
------------------------------------------------------------------------------------
span = 6
trace_id = 2e32aa7426ba871e
span_id = 12cfd8903efa1d7f
parent_id = 7fab4262b142648f
start_time = 1682628697887255
end_time = 1682628697888217
inclusive_time = 962
exclusive_time = 19
process_id = p4
operationName = UploadMovieReview
serviceName = movie-review-service
call path = ->/wrk2-api/review/compose_nginx->/wrk2-api/review/compose_nginx->ComposeReview_nginx->UploadMovieId_movie-id-service->UploadRating_rating-service->UploadRating_compose-review-service
------------------------------------------------------------------------------------
span = 7
trace_id = 2e32aa7426ba871e
span_id = 8cd44d9706e6b4b0
parent_id = 12cfd8903efa1d7f
start_time = 1682628697887274
end_time = 1682628697888222
inclusive_time = 948
exclusive_time = 948
process_id = p4
operationName = MongoFindMovie
serviceName = movie-review-service
call path = ->/wrk2-api/review/compose_nginx->/wrk2-api/review/compose_nginx->ComposeReview_nginx->UploadMovieId_movie-id-service->UploadRating_rating-service->UploadRating_compose-review-service->UploadMovieReview_movie-review-service
------------------------------------------------------------------------------------
span = 8
trace_id = 2e32aa7426ba871e
span_id = c3841e4044214ae1
parent_id = 2869691da8b91edd
start_time = 1682628697885990
end_time = 1682628697886084
inclusive_time = 94
exclusive_time = 94
process_id = p3
operationName = MmcSetMovieId
serviceName = movie-id-service
call path = ->/wrk2-api/review/compose_nginx->/wrk2-api/review/compose_nginx->ComposeReview_nginx->UploadMovieId_movie-id-service
------------------------------------------------------------------------------------
span = 9
trace_id = 2e32aa7426ba871e
span_id = 9c9a8d429ad6b024
parent_id = 2869691da8b91edd
start_time = 1682628697885768
end_time = 1682628697885860
inclusive_time = 92
exclusive_time = 92
process_id = p3
operationName = MmcGetMovieId
serviceName = movie-id-service
call path = ->/wrk2-api/review/compose_nginx->/wrk2-api/review/compose_nginx->ComposeReview_nginx->UploadMovieId_movie-id-service
------------------------------------------------------------------------------------
