span = 0
trace_id = 98796b06b290ab60
span_id = 98796b06b290ab60
parent_id = None
start_time = 1682628698236000
end_time = 1682628698239734
inclusive_time = 3734
exclusive_time = 149
process_id = p5
operationName = /wrk2-api/review/compose
serviceName = nginx
call path = 
------------------------------------------------------------------------------------
span = 1
trace_id = 98796b06b290ab60
span_id = e519e93816732afb
parent_id = 98796b06b290ab60
start_time = 1682628698236149
end_time = 1682628698239734
inclusive_time = 3585
exclusive_time = 109
process_id = p5
operationName = /wrk2-api/review/compose
serviceName = nginx
call path = ->/wrk2-api/review/compose_nginx
------------------------------------------------------------------------------------
span = 2
trace_id = 98796b06b290ab60
span_id = 879dbd0f90bfadea
parent_id = e519e93816732afb
start_time = 1682628698236196
end_time = 1682628698239672
inclusive_time = 3476
exclusive_time = 298
process_id = p5
operationName = ComposeReview
serviceName = nginx
call path = ->/wrk2-api/review/compose_nginx->/wrk2-api/review/compose_nginx
------------------------------------------------------------------------------------
span = 3
trace_id = 98796b06b290ab60
span_id = 1989c05faad12222
parent_id = 879dbd0f90bfadea
start_time = 1682628698236446
end_time = 1682628698239562
inclusive_time = 3116
exclusive_time = 331
process_id = p1
operationName = UploadMovieId
serviceName = movie-id-service
call path = ->/wrk2-api/review/compose_nginx->/wrk2-api/review/compose_nginx->ComposeReview_nginx
------------------------------------------------------------------------------------
span = 4
trace_id = 98796b06b290ab60
span_id = f577e1050d1f0503
parent_id = 1989c05faad12222
start_time = 1682628698236826
end_time = 1682628698239448
inclusive_time = 2622
exclusive_time = 223
process_id = p10
operationName = UploadRating
serviceName = rating-service
call path = ->/wrk2-api/review/compose_nginx->/wrk2-api/review/compose_nginx->ComposeReview_nginx->UploadMovieId_movie-id-service
------------------------------------------------------------------------------------
span = 5
trace_id = 98796b06b290ab60
span_id = 43afdfcd9b0f2261
parent_id = f577e1050d1f0503
start_time = 1682628698236965
end_time = 1682628698239337
inclusive_time = 2372
exclusive_time = 1151
process_id = p2
operationName = UploadRating
serviceName = compose-review-service
call path = ->/wrk2-api/review/compose_nginx->/wrk2-api/review/compose_nginx->ComposeReview_nginx->UploadMovieId_movie-id-service->UploadRating_rating-service
------------------------------------------------------------------------------------
span = 6
trace_id = 98796b06b290ab60
span_id = 8bd8e1cbb7a3aef0
parent_id = 43afdfcd9b0f2261
start_time = 1682628698238048
end_time = 1682628698239217
inclusive_time = 1169
exclusive_time = 17
process_id = p3
operationName = UploadMovieReview
serviceName = movie-review-service
call path = ->/wrk2-api/review/compose_nginx->/wrk2-api/review/compose_nginx->ComposeReview_nginx->UploadMovieId_movie-id-service->UploadRating_rating-service->UploadRating_compose-review-service
------------------------------------------------------------------------------------
span = 7
trace_id = 98796b06b290ab60
span_id = 1f8637a355480928
parent_id = 8bd8e1cbb7a3aef0
start_time = 1682628698238065
end_time = 1682628698239223
inclusive_time = 1158
exclusive_time = 1158
process_id = p3
operationName = MongoFindMovie
serviceName = movie-review-service
call path = ->/wrk2-api/review/compose_nginx->/wrk2-api/review/compose_nginx->ComposeReview_nginx->UploadMovieId_movie-id-service->UploadRating_rating-service->UploadRating_compose-review-service->UploadMovieReview_movie-review-service
------------------------------------------------------------------------------------
span = 8
trace_id = 98796b06b290ab60
span_id = b1b52734c08b8626
parent_id = 1989c05faad12222
start_time = 1682628698236647
end_time = 1682628698236729
inclusive_time = 82
exclusive_time = 82
process_id = p1
operationName = MmcSetMovieId
serviceName = movie-id-service
call path = ->/wrk2-api/review/compose_nginx->/wrk2-api/review/compose_nginx->ComposeReview_nginx->UploadMovieId_movie-id-service
------------------------------------------------------------------------------------
span = 9
trace_id = 98796b06b290ab60
span_id = 2d24f773e9af2390
parent_id = 1989c05faad12222
start_time = 1682628698236458
end_time = 1682628698236539
inclusive_time = 81
exclusive_time = 81
process_id = p1
operationName = MmcGetMovieId
serviceName = movie-id-service
call path = ->/wrk2-api/review/compose_nginx->/wrk2-api/review/compose_nginx->ComposeReview_nginx->UploadMovieId_movie-id-service
------------------------------------------------------------------------------------
