span 0
span_id = 9277d0e73b0b88f2
parent_id = None
start_time = 1682628698082000
end_time = 1682628698086619
inclusive_time = 4619
exclusive_time = 952
process_id = p7
operationName = /wrk2-api/review/compose
serviceName = None
------------------------------------------------------------------------------------
span 1
span_id = df9fae83b039408c
parent_id = 9277d0e73b0b88f2
start_time = 1682628698082952
end_time = 1682628698086619
inclusive_time = 3667
exclusive_time = 104
process_id = p7
operationName = /wrk2-api/review/compose
serviceName = None
------------------------------------------------------------------------------------
span 2
span_id = ab5f78c0bc9dd1e6
parent_id = df9fae83b039408c
start_time = 1682628698082996
end_time = 1682628698086559
inclusive_time = 3563
exclusive_time = 352
process_id = p7
operationName = ComposeReview
serviceName = None
------------------------------------------------------------------------------------
span 3
span_id = 338f7222bc2c11b8
parent_id = ab5f78c0bc9dd1e6
start_time = 1682628698083487
end_time = 1682628698086477
inclusive_time = 2990
exclusive_time = 280
process_id = p9
operationName = UploadUniqueId
serviceName = None
------------------------------------------------------------------------------------
span 4
span_id = f90d31824e0b4593
parent_id = 338f7222bc2c11b8
start_time = 1682628698083698
end_time = 1682628698086408
inclusive_time = 2710
exclusive_time = 1433
process_id = p2
operationName = UploadUniqueId
serviceName = None
------------------------------------------------------------------------------------
span 5
span_id = b85d98a6a2b0bbf9
parent_id = f90d31824e0b4593
start_time = 1682628698085106
end_time = 1682628698086314
inclusive_time = 1208
exclusive_time = 26
process_id = p1
operationName = UploadMovieReview
serviceName = None
------------------------------------------------------------------------------------
span 6
span_id = ce0c697a1f35d707
parent_id = b85d98a6a2b0bbf9
start_time = 1682628698085132
end_time = 1682628698086319
inclusive_time = 1187
exclusive_time = 1187
process_id = p1
operationName = MongoFindMovie
serviceName = None
------------------------------------------------------------------------------------
