span = 0
trace_id = a461537c1f1cee7c
span_id = a461537c1f1cee7c
parent_id = None
start_time = 1682628697880000
end_time = 1682628697884904
inclusive_time = 4904
exclusive_time = 921
process_id = p4
operationName = /wrk2-api/review/compose
serviceName = nginx
------------------------------------------------------------------------------------
span = 1
trace_id = a461537c1f1cee7c
span_id = 9945605e71ab7d50
parent_id = a461537c1f1cee7c
start_time = 1682628697880920
end_time = 1682628697884903
inclusive_time = 3983
exclusive_time = 113
process_id = p4
operationName = /wrk2-api/review/compose
serviceName = nginx
------------------------------------------------------------------------------------
span = 2
trace_id = a461537c1f1cee7c
span_id = 0b3ca6e6655592cc
parent_id = 9945605e71ab7d50
start_time = 1682628697880969
end_time = 1682628697884839
inclusive_time = 3870
exclusive_time = 305
process_id = p4
operationName = ComposeReview
serviceName = nginx
------------------------------------------------------------------------------------
span = 3
trace_id = a461537c1f1cee7c
span_id = ce7e91f5f1307632
parent_id = 0b3ca6e6655592cc
start_time = 1682628697881323
end_time = 1682628697884747
inclusive_time = 3424
exclusive_time = 336
process_id = p3
operationName = UploadMovieId
serviceName = movie-id-service
------------------------------------------------------------------------------------
span = 4
trace_id = a461537c1f1cee7c
span_id = 34c6d6217876e471
parent_id = ce7e91f5f1307632
start_time = 1682628697881728
end_time = 1682628697884639
inclusive_time = 2911
exclusive_time = 184
process_id = p7
operationName = UploadRating
serviceName = rating-service
------------------------------------------------------------------------------------
span = 5
trace_id = a461537c1f1cee7c
span_id = 240c9c63d5842b36
parent_id = 34c6d6217876e471
start_time = 1682628697881862
end_time = 1682628697884531
inclusive_time = 2669
exclusive_time = 1141
process_id = p2
operationName = UploadRating
serviceName = compose-review-service
------------------------------------------------------------------------------------
span = 6
trace_id = a461537c1f1cee7c
span_id = 6a13ef921727c8d1
parent_id = 240c9c63d5842b36
start_time = 1682628697882869
end_time = 1682628697884397
inclusive_time = 1528
exclusive_time = 20
process_id = p1
operationName = UploadUserReview
serviceName = user-review-service
------------------------------------------------------------------------------------
span = 7
trace_id = a461537c1f1cee7c
span_id = da22ce3d38fc0453
parent_id = 6a13ef921727c8d1
start_time = 1682628697882889
end_time = 1682628697884400
inclusive_time = 1511
exclusive_time = 1511
process_id = p1
operationName = MongoFindUser
serviceName = user-review-service
------------------------------------------------------------------------------------
span = 8
trace_id = a461537c1f1cee7c
span_id = f92bf6cf9d96731f
parent_id = ce7e91f5f1307632
start_time = 1682628697881559
end_time = 1682628697881648
inclusive_time = 89
exclusive_time = 89
process_id = p3
operationName = MmcSetMovieId
serviceName = movie-id-service
------------------------------------------------------------------------------------
span = 9
trace_id = a461537c1f1cee7c
span_id = 3166b5b0132162f1
parent_id = ce7e91f5f1307632
start_time = 1682628697881341
end_time = 1682628697881429
inclusive_time = 88
exclusive_time = 88
process_id = p3
operationName = MmcGetMovieId
serviceName = movie-id-service
------------------------------------------------------------------------------------
