span = 0
trace_id = fcd0356683279adb
span_id = fcd0356683279adb
parent_id = None
start_time = 1682628698119000
end_time = 1682628698126250
inclusive_time = 7250
exclusive_time = 1379
process_id = p5
operationName = /wrk2-api/review/compose
serviceName = nginx
------------------------------------------------------------------------------------
span = 1
trace_id = fcd0356683279adb
span_id = 9c150b71b2755fb2
parent_id = fcd0356683279adb
start_time = 1682628698120378
end_time = 1682628698126249
inclusive_time = 5871
exclusive_time = 110
process_id = p5
operationName = /wrk2-api/review/compose
serviceName = nginx
------------------------------------------------------------------------------------
span = 2
trace_id = fcd0356683279adb
span_id = 24e5c96201d7a70e
parent_id = 9c150b71b2755fb2
start_time = 1682628698120425
end_time = 1682628698126186
inclusive_time = 5761
exclusive_time = 305
process_id = p5
operationName = ComposeReview
serviceName = nginx
------------------------------------------------------------------------------------
span = 3
trace_id = fcd0356683279adb
span_id = 852901f865dd2fed
parent_id = 24e5c96201d7a70e
start_time = 1682628698121652
end_time = 1682628698126086
inclusive_time = 4434
exclusive_time = 353
process_id = p2
operationName = UploadMovieId
serviceName = movie-id-service
------------------------------------------------------------------------------------
span = 4
trace_id = fcd0356683279adb
span_id = 1a231d92d0e01d93
parent_id = 852901f865dd2fed
start_time = 1682628698122087
end_time = 1682628698125928
inclusive_time = 3841
exclusive_time = 262
process_id = p4
operationName = UploadRating
serviceName = rating-service
------------------------------------------------------------------------------------
span = 5
trace_id = fcd0356683279adb
span_id = e53470cae84ad704
parent_id = 1a231d92d0e01d93
start_time = 1682628698122280
end_time = 1682628698125814
inclusive_time = 3534
exclusive_time = 1240
process_id = p6
operationName = UploadRating
serviceName = compose-review-service
------------------------------------------------------------------------------------
span = 6
trace_id = fcd0356683279adb
span_id = 3b42dfc1b6685072
parent_id = e53470cae84ad704
start_time = 1682628698123446
end_time = 1682628698125661
inclusive_time = 2215
exclusive_time = 21
process_id = p7
operationName = UploadMovieReview
serviceName = movie-review-service
------------------------------------------------------------------------------------
span = 7
trace_id = fcd0356683279adb
span_id = 2e620cdea77013f7
parent_id = 3b42dfc1b6685072
start_time = 1682628698123467
end_time = 1682628698125666
inclusive_time = 2199
exclusive_time = 2199
process_id = p7
operationName = MongoFindMovie
serviceName = movie-review-service
------------------------------------------------------------------------------------
span = 8
trace_id = fcd0356683279adb
span_id = 5fcd9873c9d8bba6
parent_id = 852901f865dd2fed
start_time = 1682628698121918
end_time = 1682628698122008
inclusive_time = 90
exclusive_time = 90
process_id = p2
operationName = MmcSetMovieId
serviceName = movie-id-service
------------------------------------------------------------------------------------
span = 9
trace_id = fcd0356683279adb
span_id = 9350f2ae48a925b4
parent_id = 852901f865dd2fed
start_time = 1682628698121676
end_time = 1682628698121789
inclusive_time = 113
exclusive_time = 113
process_id = p2
operationName = MmcGetMovieId
serviceName = movie-id-service
------------------------------------------------------------------------------------
span = 10
trace_id = fcd0356683279adb
span_id = 1e8bee69329ed9b0
parent_id = 24e5c96201d7a70e
start_time = 1682628698120630
end_time = 1682628698121425
inclusive_time = 795
exclusive_time = 351
process_id = p1
operationName = UploadUserWithUsername
serviceName = user-service
------------------------------------------------------------------------------------
span = 11
trace_id = fcd0356683279adb
span_id = 4e4bfa56f6526800
parent_id = 1e8bee69329ed9b0
start_time = 1682628698121010
end_time = 1682628698121359
inclusive_time = 349
exclusive_time = 349
process_id = p6
operationName = UploadUserId
serviceName = compose-review-service
------------------------------------------------------------------------------------
span = 12
trace_id = fcd0356683279adb
span_id = 8caf3ce634286d65
parent_id = 1e8bee69329ed9b0
start_time = 1682628698120651
end_time = 1682628698120746
inclusive_time = 95
exclusive_time = 95
process_id = p1
operationName = MmcGetUserId
serviceName = user-service
------------------------------------------------------------------------------------
