span = 0
span_id = 74becde7244cba3e
parent_id = None
start_time = 1682628698290000
end_time = 1682628698298795
inclusive_time = 8795
exclusive_time = 367
process_id = p1
operationName = /wrk2-api/review/compose
serviceName = nginx
------------------------------------------------------------------------------------
span = 1
span_id = cf4970ede5afb5a6
parent_id = 74becde7244cba3e
start_time = 1682628698290367
end_time = 1682628698298795
inclusive_time = 8428
exclusive_time = 119
process_id = p1
operationName = /wrk2-api/review/compose
serviceName = nginx
------------------------------------------------------------------------------------
span = 2
span_id = 48b755606a6d2a32
parent_id = cf4970ede5afb5a6
start_time = 1682628698290402
end_time = 1682628698298711
inclusive_time = 8309
exclusive_time = 983
process_id = p1
operationName = ComposeReview
serviceName = nginx
------------------------------------------------------------------------------------
span = 3
span_id = 17f32e17e062c82f
parent_id = 48b755606a6d2a32
start_time = 1682628698290712
end_time = 1682628698297909
inclusive_time = 7197
exclusive_time = 4373
process_id = p4
operationName = UploadMovieId
serviceName = movie-id-service
------------------------------------------------------------------------------------
span = 4
span_id = 8839d81d3fcbda49
parent_id = 17f32e17e062c82f
start_time = 1682628698291075
end_time = 1682628698293696
inclusive_time = 2621
exclusive_time = 254
process_id = p10
operationName = UploadRating
serviceName = rating-service
------------------------------------------------------------------------------------
span = 5
span_id = fb9962eb19d80358
parent_id = 8839d81d3fcbda49
start_time = 1682628698291325
end_time = 1682628698293589
inclusive_time = 2264
exclusive_time = 1037
process_id = p3
operationName = UploadRating
serviceName = compose-review-service
------------------------------------------------------------------------------------
span = 6
span_id = 96a6d57ad5c13cb7
parent_id = fb9962eb19d80358
start_time = 1682628698292291
end_time = 1682628698293433
inclusive_time = 1142
exclusive_time = 28
process_id = p7
operationName = UploadMovieReview
serviceName = movie-review-service
------------------------------------------------------------------------------------
span = 7
span_id = abdcd1ea2b5eb50b
parent_id = 96a6d57ad5c13cb7
start_time = 1682628698292319
end_time = 1682628698293440
inclusive_time = 1121
exclusive_time = 1121
process_id = p7
operationName = MongoFindMovie
serviceName = movie-review-service
------------------------------------------------------------------------------------
span = 8
span_id = aea1f3313b27f74a
parent_id = 17f32e17e062c82f
start_time = 1682628698290950
end_time = 1682628698291052
inclusive_time = 102
exclusive_time = 102
process_id = p4
operationName = MmcSetMovieId
serviceName = movie-id-service
------------------------------------------------------------------------------------
span = 9
span_id = b8fff91826765e80
parent_id = 17f32e17e062c82f
start_time = 1682628698290733
end_time = 1682628698290824
inclusive_time = 91
exclusive_time = 91
process_id = p4
operationName = MmcGetMovieId
serviceName = movie-id-service
------------------------------------------------------------------------------------
