span = 0
span_id = abc09f46ca7261e9
parent_id = None
start_time = 1682628698196000
end_time = 1682628698199451
inclusive_time = 3451
exclusive_time = 47
process_id = p7
operationName = /wrk2-api/review/compose
serviceName = nginx
------------------------------------------------------------------------------------
span = 1
span_id = 5539b6054d3cea50
parent_id = abc09f46ca7261e9
start_time = 1682628698196047
end_time = 1682628698199451
inclusive_time = 3404
exclusive_time = 97
process_id = p7
operationName = /wrk2-api/review/compose
serviceName = nginx
------------------------------------------------------------------------------------
span = 2
span_id = 67764439a0a88f94
parent_id = 5539b6054d3cea50
start_time = 1682628698196086
end_time = 1682628698199393
inclusive_time = 3307
exclusive_time = 375
process_id = p7
operationName = ComposeReview
serviceName = nginx
------------------------------------------------------------------------------------
span = 3
span_id = 88480a3e8d5a2b99
parent_id = 67764439a0a88f94
start_time = 1682628698196343
end_time = 1682628698199182
inclusive_time = 2839
exclusive_time = 299
process_id = p4
operationName = UploadMovieId
serviceName = movie-id-service
------------------------------------------------------------------------------------
span = 4
span_id = 9f9a2bfeb537a373
parent_id = 88480a3e8d5a2b99
start_time = 1682628698196752
end_time = 1682628698199075
inclusive_time = 2323
exclusive_time = 186
process_id = p10
operationName = UploadRating
serviceName = rating-service
------------------------------------------------------------------------------------
span = 5
span_id = 5be277173b29cac5
parent_id = 9f9a2bfeb537a373
start_time = 1682628698196915
end_time = 1682628698198991
inclusive_time = 2076
exclusive_time = 862
process_id = p3
operationName = UploadRating
serviceName = compose-review-service
------------------------------------------------------------------------------------
span = 6
span_id = 82af9635eb0f07e0
parent_id = 5be277173b29cac5
start_time = 1682628698197720
end_time = 1682628698198884
inclusive_time = 1164
exclusive_time = 26
process_id = p2
operationName = UploadUserReview
serviceName = user-review-service
------------------------------------------------------------------------------------
span = 7
span_id = 99915303fa421f32
parent_id = 82af9635eb0f07e0
start_time = 1682628698197746
end_time = 1682628698198889
inclusive_time = 1143
exclusive_time = 1143
process_id = p2
operationName = MongoFindUser
serviceName = user-review-service
------------------------------------------------------------------------------------
span = 8
span_id = 0e4e27ff158a5ab0
parent_id = 88480a3e8d5a2b99
start_time = 1682628698196548
end_time = 1682628698196633
inclusive_time = 85
exclusive_time = 85
process_id = p4
operationName = MmcSetMovieId
serviceName = movie-id-service
------------------------------------------------------------------------------------
span = 9
span_id = 41d1ac4e8089cf3d
parent_id = 88480a3e8d5a2b99
start_time = 1682628698196355
end_time = 1682628698196438
inclusive_time = 83
exclusive_time = 83
process_id = p4
operationName = MmcGetMovieId
serviceName = movie-id-service
------------------------------------------------------------------------------------
