span 0
span_id = b1dd3bccb6e8c994
parent_id = None
start_time = 1682628698144000
end_time = 1682628698150002
inclusive_time = 6002
exclusive_time = 1379
process_id = p2
operationName = /wrk2-api/review/compose
serviceName = None
------------------------------------------------------------------------------------
span 1
span_id = 78a165acbd03ce2d
parent_id = b1dd3bccb6e8c994
start_time = 1682628698145378
end_time = 1682628698150001
inclusive_time = 4623
exclusive_time = 130
process_id = p2
operationName = /wrk2-api/review/compose
serviceName = None
------------------------------------------------------------------------------------
span 2
span_id = be02649a4166f446
parent_id = 78a165acbd03ce2d
start_time = 1682628698145425
end_time = 1682628698149918
inclusive_time = 4493
exclusive_time = 325
process_id = p2
operationName = ComposeReview
serviceName = None
------------------------------------------------------------------------------------
span 3
span_id = 9374400e4174fd4b
parent_id = be02649a4166f446
start_time = 1682628698146010
end_time = 1682628698149789
inclusive_time = 3779
exclusive_time = 301
process_id = p7
operationName = UploadMovieId
serviceName = None
------------------------------------------------------------------------------------
span 4
span_id = a5cda03778c469d8
parent_id = 9374400e4174fd4b
start_time = 1682628698146513
end_time = 1682628698149677
inclusive_time = 3164
exclusive_time = 372
process_id = p1
operationName = UploadRating
serviceName = None
------------------------------------------------------------------------------------
span 5
span_id = 7830e590add3b35d
parent_id = a5cda03778c469d8
start_time = 1682628698146706
end_time = 1682628698149402
inclusive_time = 2696
exclusive_time = 1192
process_id = p3
operationName = UploadRating
serviceName = None
------------------------------------------------------------------------------------
span 6
span_id = ffe735d24df77e9d
parent_id = 7830e590add3b35d
start_time = 1682628698147731
end_time = 1682628698149197
inclusive_time = 1466
exclusive_time = 18
process_id = p6
operationName = UploadUserReview
serviceName = None
------------------------------------------------------------------------------------
span 7
span_id = 44280e6d39afc6e0
parent_id = ffe735d24df77e9d
start_time = 1682628698147749
end_time = 1682628698149202
inclusive_time = 1453
exclusive_time = 1453
process_id = p6
operationName = MongoFindUser
serviceName = None
------------------------------------------------------------------------------------
span 8
span_id = 8a98b4fafee44e91
parent_id = 9374400e4174fd4b
start_time = 1682628698146336
end_time = 1682628698146445
inclusive_time = 109
exclusive_time = 109
process_id = p7
operationName = MmcSetMovieId
serviceName = None
------------------------------------------------------------------------------------
span 9
span_id = f5a7dbb8761de466
parent_id = 9374400e4174fd4b
start_time = 1682628698146023
end_time = 1682628698146169
inclusive_time = 146
exclusive_time = 146
process_id = p7
operationName = MmcGetMovieId
serviceName = None
------------------------------------------------------------------------------------
