span 0
span_id = 3408936759799218
parent_id = None
start_time = 1682628698270000
end_time = 1682628698274210
inclusive_time = 4210
exclusive_time = 279
process_id = p3
operationName = /wrk2-api/review/compose
serviceName = None
------------------------------------------------------------------------------------
span 1
span_id = 06e93f470af67d55
parent_id = 3408936759799218
start_time = 1682628698270279
end_time = 1682628698274210
inclusive_time = 3931
exclusive_time = 97
process_id = p3
operationName = /wrk2-api/review/compose
serviceName = None
------------------------------------------------------------------------------------
span 2
span_id = a663d4549a25d342
parent_id = 06e93f470af67d55
start_time = 1682628698270315
end_time = 1682628698274149
inclusive_time = 3834
exclusive_time = 335
process_id = p3
operationName = ComposeReview
serviceName = None
------------------------------------------------------------------------------------
span 3
span_id = 972a3836e310132f
parent_id = a663d4549a25d342
start_time = 1682628698270749
end_time = 1682628698274063
inclusive_time = 3314
exclusive_time = 405
process_id = p6
operationName = UploadMovieId
serviceName = None
------------------------------------------------------------------------------------
span 4
span_id = ae7821bfffa31860
parent_id = 972a3836e310132f
start_time = 1682628698271214
end_time = 1682628698273922
inclusive_time = 2708
exclusive_time = 1241
process_id = p5
operationName = UploadMovieId
serviceName = None
------------------------------------------------------------------------------------
span 5
span_id = eb8636e580a2b6ee
parent_id = ae7821bfffa31860
start_time = 1682628698272462
end_time = 1682628698273776
inclusive_time = 1314
exclusive_time = 28
process_id = p1
operationName = UploadMovieReview
serviceName = None
------------------------------------------------------------------------------------
span 6
span_id = 369cdeb0622f4afd
parent_id = eb8636e580a2b6ee
start_time = 1682628698272490
end_time = 1682628698273782
inclusive_time = 1292
exclusive_time = 1292
process_id = p1
operationName = MongoFindMovie
serviceName = None
------------------------------------------------------------------------------------
span 7
span_id = 1f8fa69f2b31af76
parent_id = 972a3836e310132f
start_time = 1682628698271077
end_time = 1682628698271169
inclusive_time = 92
exclusive_time = 92
process_id = p6
operationName = MmcSetMovieId
serviceName = None
------------------------------------------------------------------------------------
span 8
span_id = f46bab711a1cc476
parent_id = 972a3836e310132f
start_time = 1682628698270761
end_time = 1682628698270870
inclusive_time = 109
exclusive_time = 109
process_id = p6
operationName = MmcGetMovieId
serviceName = None
------------------------------------------------------------------------------------
