span 0
span_id = 45d0035d4791dc3f
parent_id = None
start_time = 1682628698211000
end_time = 1682628698215942
inclusive_time = 4942
exclusive_time = 642
process_id = p6
operationName = /wrk2-api/review/compose
serviceName = None
------------------------------------------------------------------------------------
span 1
span_id = 50279b4e04d9c6a0
parent_id = 45d0035d4791dc3f
start_time = 1682628698211642
end_time = 1682628698215942
inclusive_time = 4300
exclusive_time = 105
process_id = p6
operationName = /wrk2-api/review/compose
serviceName = None
------------------------------------------------------------------------------------
span 2
span_id = b94dbdb47c576021
parent_id = 50279b4e04d9c6a0
start_time = 1682628698211685
end_time = 1682628698215880
inclusive_time = 4195
exclusive_time = 560
process_id = p6
operationName = ComposeReview
serviceName = None
------------------------------------------------------------------------------------
span 3
span_id = 23dfde0201bfb953
parent_id = b94dbdb47c576021
start_time = 1682628698212154
end_time = 1682628698215560
inclusive_time = 3406
exclusive_time = 368
process_id = p3
operationName = UploadMovieId
serviceName = None
------------------------------------------------------------------------------------
span 4
span_id = daee7c1c7b79f6b0
parent_id = 23dfde0201bfb953
start_time = 1682628698212635
end_time = 1682628698215394
inclusive_time = 2759
exclusive_time = 214
process_id = p10
operationName = UploadRating
serviceName = None
------------------------------------------------------------------------------------
span 5
span_id = 2c1d71b856e37468
parent_id = daee7c1c7b79f6b0
start_time = 1682628698212858
end_time = 1682628698215273
inclusive_time = 2415
exclusive_time = 1018
process_id = p2
operationName = UploadRating
serviceName = None
------------------------------------------------------------------------------------
span 6
span_id = fd7c7b16988f7ba0
parent_id = 2c1d71b856e37468
start_time = 1682628698213815
end_time = 1682628698215080
inclusive_time = 1265
exclusive_time = 33
process_id = p1
operationName = UploadUserReview
serviceName = None
------------------------------------------------------------------------------------
span 7
span_id = 072413dd1e5c2aff
parent_id = fd7c7b16988f7ba0
start_time = 1682628698213848
end_time = 1682628698215135
inclusive_time = 1287
exclusive_time = 1287
process_id = p1
operationName = MongoFindUser
serviceName = None
------------------------------------------------------------------------------------
span 8
span_id = 01ad54983a9df879
parent_id = 23dfde0201bfb953
start_time = 1682628698212468
end_time = 1682628698212581
inclusive_time = 113
exclusive_time = 113
process_id = p3
operationName = MmcSetMovieId
serviceName = None
------------------------------------------------------------------------------------
span 9
span_id = ae00777b01ed8336
parent_id = 23dfde0201bfb953
start_time = 1682628698212166
end_time = 1682628698212281
inclusive_time = 115
exclusive_time = 115
process_id = p3
operationName = MmcGetMovieId
serviceName = None
------------------------------------------------------------------------------------
