span 0
span_id = ee4be8b8e0ca15b5
parent_id = None
start_time = 1682628698231000
end_time = 1682628698235989
inclusive_time = 4989
exclusive_time = 766
process_id = p5
operationName = /wrk2-api/review/compose
serviceName = None
------------------------------------------------------------------------------------
span 1
span_id = 0df2e370cc3824f4
parent_id = ee4be8b8e0ca15b5
start_time = 1682628698231765
end_time = 1682628698235988
inclusive_time = 4223
exclusive_time = 104
process_id = p5
operationName = /wrk2-api/review/compose
serviceName = None
------------------------------------------------------------------------------------
span 2
span_id = 9a655eba4893c51e
parent_id = 0df2e370cc3824f4
start_time = 1682628698231806
end_time = 1682628698235925
inclusive_time = 4119
exclusive_time = 270
process_id = p5
operationName = ComposeReview
serviceName = None
------------------------------------------------------------------------------------
span 3
span_id = 3eb1b3d3c53707b5
parent_id = 9a655eba4893c51e
start_time = 1682628698232034
end_time = 1682628698235815
inclusive_time = 3781
exclusive_time = 406
process_id = p1
operationName = UploadMovieId
serviceName = None
------------------------------------------------------------------------------------
span 4
span_id = 632b8352d6c7f9e4
parent_id = 3eb1b3d3c53707b5
start_time = 1682628698232507
end_time = 1682628698235672
inclusive_time = 3165
exclusive_time = 223
process_id = p10
operationName = UploadRating
serviceName = None
------------------------------------------------------------------------------------
span 5
span_id = 4166f0e0b4d39fbc
parent_id = 632b8352d6c7f9e4
start_time = 1682628698232686
end_time = 1682628698235545
inclusive_time = 2859
exclusive_time = 1341
process_id = p2
operationName = UploadRating
serviceName = None
------------------------------------------------------------------------------------
span 6
span_id = 857d4e7bccbfe249
parent_id = 4166f0e0b4d39fbc
start_time = 1682628698233962
end_time = 1682628698235283
inclusive_time = 1321
exclusive_time = 17
process_id = p3
operationName = UploadMovieReview
serviceName = None
------------------------------------------------------------------------------------
span 7
span_id = ec73eecd9a3f3b1b
parent_id = 857d4e7bccbfe249
start_time = 1682628698233979
end_time = 1682628698235294
inclusive_time = 1315
exclusive_time = 1315
process_id = p3
operationName = MongoFindMovie
serviceName = None
------------------------------------------------------------------------------------
span 8
span_id = 860c287fbe5563a8
parent_id = 3eb1b3d3c53707b5
start_time = 1682628698232307
end_time = 1682628698232415
inclusive_time = 108
exclusive_time = 108
process_id = p1
operationName = MmcSetMovieId
serviceName = None
------------------------------------------------------------------------------------
span 9
span_id = 922c3f217241b527
parent_id = 3eb1b3d3c53707b5
start_time = 1682628698232054
end_time = 1682628698232156
inclusive_time = 102
exclusive_time = 102
process_id = p1
operationName = MmcGetMovieId
serviceName = None
------------------------------------------------------------------------------------
