span = 0
trace_id = 38ac07580ddd68ac
span_id = 38ac07580ddd68ac
parent_id = None
start_time = 1682628697933000
end_time = 1682628697938238
inclusive_time = 5238
exclusive_time = 1088
process_id = p8
operationName = /wrk2-api/review/compose
serviceName = nginx
------------------------------------------------------------------------------------
span = 1
trace_id = 38ac07580ddd68ac
span_id = f57ef041c138f743
parent_id = 38ac07580ddd68ac
start_time = 1682628697934088
end_time = 1682628697938238
inclusive_time = 4150
exclusive_time = 104
process_id = p8
operationName = /wrk2-api/review/compose
serviceName = nginx
------------------------------------------------------------------------------------
span = 2
trace_id = 38ac07580ddd68ac
span_id = ab33f4b991b21805
parent_id = f57ef041c138f743
start_time = 1682628697934135
end_time = 1682628697938181
inclusive_time = 4046
exclusive_time = 592
process_id = p8
operationName = ComposeReview
serviceName = nginx
------------------------------------------------------------------------------------
span = 3
trace_id = 38ac07580ddd68ac
span_id = 884c10514a906fbc
parent_id = ab33f4b991b21805
start_time = 1682628697934747
end_time = 1682628697937788
inclusive_time = 3041
exclusive_time = 246
process_id = p7
operationName = UploadMovieId
serviceName = movie-id-service
------------------------------------------------------------------------------------
span = 4
trace_id = 38ac07580ddd68ac
span_id = ae668d6983cf8f3b
parent_id = 884c10514a906fbc
start_time = 1682628697935192
end_time = 1682628697937675
inclusive_time = 2483
exclusive_time = 226
process_id = p5
operationName = UploadRating
serviceName = rating-service
------------------------------------------------------------------------------------
span = 5
trace_id = 38ac07580ddd68ac
span_id = 6dda4e7b0e61059f
parent_id = ae668d6983cf8f3b
start_time = 1682628697935566
end_time = 1682628697937567
inclusive_time = 2001
exclusive_time = 932
process_id = p4
operationName = UploadRating
serviceName = compose-review-service
------------------------------------------------------------------------------------
span = 6
trace_id = 38ac07580ddd68ac
span_id = a44e1b527d2d7294
parent_id = 6dda4e7b0e61059f
start_time = 1682628697936409
end_time = 1682628697937433
inclusive_time = 1024
exclusive_time = 23
process_id = p3
operationName = UploadUserReview
serviceName = user-review-service
------------------------------------------------------------------------------------
span = 7
trace_id = 38ac07580ddd68ac
span_id = 24b1cb78abf30083
parent_id = a44e1b527d2d7294
start_time = 1682628697936432
end_time = 1682628697937437
inclusive_time = 1005
exclusive_time = 1005
process_id = p3
operationName = MongoFindUser
serviceName = user-review-service
------------------------------------------------------------------------------------
span = 8
trace_id = 38ac07580ddd68ac
span_id = a5c8d2970e04a9f6
parent_id = ae668d6983cf8f3b
start_time = 1682628697935305
end_time = 1682628697935561
inclusive_time = 256
exclusive_time = 256
process_id = p5
operationName = RedisInsert
serviceName = rating-service
------------------------------------------------------------------------------------
span = 9
trace_id = 38ac07580ddd68ac
span_id = 651ecdfc5dab6d90
parent_id = 884c10514a906fbc
start_time = 1682628697934962
end_time = 1682628697935087
inclusive_time = 125
exclusive_time = 125
process_id = p7
operationName = MmcSetMovieId
serviceName = movie-id-service
------------------------------------------------------------------------------------
span = 10
trace_id = 38ac07580ddd68ac
span_id = 8a30fd0c854235c1
parent_id = 884c10514a906fbc
start_time = 1682628697934758
end_time = 1682628697934848
inclusive_time = 90
exclusive_time = 90
process_id = p7
operationName = MmcGetMovieId
serviceName = movie-id-service
------------------------------------------------------------------------------------
