span = 0
span_id = 1f4e015c193b1972
parent_id = None
start_time = 1682628698134000
end_time = 1682628698138898
inclusive_time = 4898
exclusive_time = 187
process_id = p4
operationName = /wrk2-api/review/compose
serviceName = nginx
------------------------------------------------------------------------------------
span = 1
span_id = a7a33962b142bc69
parent_id = 1f4e015c193b1972
start_time = 1682628698134187
end_time = 1682628698138898
inclusive_time = 4711
exclusive_time = 96
process_id = p4
operationName = /wrk2-api/review/compose
serviceName = nginx
------------------------------------------------------------------------------------
span = 2
span_id = 6323113fb53d87cf
parent_id = a7a33962b142bc69
start_time = 1682628698134226
end_time = 1682628698138841
inclusive_time = 4615
exclusive_time = 934
process_id = p4
operationName = ComposeReview
serviceName = nginx
------------------------------------------------------------------------------------
span = 3
span_id = 9fc8c58e1520d2c2
parent_id = 6323113fb53d87cf
start_time = 1682628698134593
end_time = 1682628698138060
inclusive_time = 3467
exclusive_time = 428
process_id = p1
operationName = UploadMovieId
serviceName = movie-id-service
------------------------------------------------------------------------------------
span = 4
span_id = 5c78d7271054e7a4
parent_id = 9fc8c58e1520d2c2
start_time = 1682628698135353
end_time = 1682628698137958
inclusive_time = 2605
exclusive_time = 255
process_id = p3
operationName = UploadRating
serviceName = rating-service
------------------------------------------------------------------------------------
span = 5
span_id = f89ae3fc4a4dceaf
parent_id = 5c78d7271054e7a4
start_time = 1682628698135554
end_time = 1682628698137862
inclusive_time = 2308
exclusive_time = 1038
process_id = p5
operationName = UploadRating
serviceName = compose-review-service
------------------------------------------------------------------------------------
span = 6
span_id = 96df54b9b27b1d65
parent_id = f89ae3fc4a4dceaf
start_time = 1682628698136547
end_time = 1682628698137689
inclusive_time = 1142
exclusive_time = 27
process_id = p6
operationName = UploadMovieReview
serviceName = movie-review-service
------------------------------------------------------------------------------------
span = 7
span_id = e567c772ba080c8f
parent_id = 96df54b9b27b1d65
start_time = 1682628698136574
end_time = 1682628698137693
inclusive_time = 1119
exclusive_time = 1119
process_id = p6
operationName = MongoFindMovie
serviceName = movie-review-service
------------------------------------------------------------------------------------
span = 8
span_id = 8b0b3e56159a2476
parent_id = 9fc8c58e1520d2c2
start_time = 1682628698135043
end_time = 1682628698135163
inclusive_time = 120
exclusive_time = 120
process_id = p1
operationName = MmcSetMovieId
serviceName = movie-id-service
------------------------------------------------------------------------------------
span = 9
span_id = 656fe448accc0edf
parent_id = 9fc8c58e1520d2c2
start_time = 1682628698134611
end_time = 1682628698134750
inclusive_time = 139
exclusive_time = 139
process_id = p1
operationName = MmcGetMovieId
serviceName = movie-id-service
------------------------------------------------------------------------------------
