span = 0
trace_id = 191804870fc695f9
span_id = 191804870fc695f9
parent_id = None
start_time = 1682628698229000
end_time = 1682628698232705
inclusive_time = 3705
exclusive_time = 348
process_id = p5
operationName = /wrk2-api/review/compose
serviceName = nginx
call path = 
------------------------------------------------------------------------------------
span = 1
trace_id = 191804870fc695f9
span_id = 927c9d6195bc48a4
parent_id = 191804870fc695f9
start_time = 1682628698229348
end_time = 1682628698232705
inclusive_time = 3357
exclusive_time = 112
process_id = p5
operationName = /wrk2-api/review/compose
serviceName = nginx
call path = ->/wrk2-api/review/compose_nginx
------------------------------------------------------------------------------------
span = 2
trace_id = 191804870fc695f9
span_id = 4546ab212b6c27e8
parent_id = 927c9d6195bc48a4
start_time = 1682628698229396
end_time = 1682628698232641
inclusive_time = 3245
exclusive_time = 282
process_id = p5
operationName = ComposeReview
serviceName = nginx
call path = ->/wrk2-api/review/compose_nginx->/wrk2-api/review/compose_nginx
------------------------------------------------------------------------------------
span = 3
trace_id = 191804870fc695f9
span_id = c141a7d93856f3e3
parent_id = 4546ab212b6c27e8
start_time = 1682628698229917
end_time = 1682628698232550
inclusive_time = 2633
exclusive_time = 229
process_id = p7
operationName = UploadUniqueId
serviceName = unique-id-service
call path = ->/wrk2-api/review/compose_nginx->/wrk2-api/review/compose_nginx->ComposeReview_nginx
------------------------------------------------------------------------------------
span = 4
trace_id = 191804870fc695f9
span_id = cfbb7e81b599d66c
parent_id = c141a7d93856f3e3
start_time = 1682628698230073
end_time = 1682628698232477
inclusive_time = 2404
exclusive_time = 1343
process_id = p1
operationName = UploadUniqueId
serviceName = compose-review-service
call path = ->/wrk2-api/review/compose_nginx->/wrk2-api/review/compose_nginx->ComposeReview_nginx->UploadUniqueId_unique-id-service
------------------------------------------------------------------------------------
span = 5
trace_id = 191804870fc695f9
span_id = 9e0657eb4dd869d0
parent_id = cfbb7e81b599d66c
start_time = 1682628698231169
end_time = 1682628698232132
inclusive_time = 963
exclusive_time = 24
process_id = p3
operationName = UploadMovieReview
serviceName = movie-review-service
call path = ->/wrk2-api/review/compose_nginx->/wrk2-api/review/compose_nginx->ComposeReview_nginx->UploadUniqueId_unique-id-service->UploadUniqueId_compose-review-service
------------------------------------------------------------------------------------
span = 6
trace_id = 191804870fc695f9
span_id = a912082eb009ffb1
parent_id = 9e0657eb4dd869d0
start_time = 1682628698231193
end_time = 1682628698232137
inclusive_time = 944
exclusive_time = 944
process_id = p3
operationName = MongoFindMovie
serviceName = movie-review-service
call path = ->/wrk2-api/review/compose_nginx->/wrk2-api/review/compose_nginx->ComposeReview_nginx->UploadUniqueId_unique-id-service->UploadUniqueId_compose-review-service->UploadMovieReview_movie-review-service
------------------------------------------------------------------------------------
