span 0
span_id = b91e1443a37d733e
parent_id = None
start_time = 1682664065707000
end_time = 1682664065708272
inclusive_time = 1272
exclusive_time = 1133
process_id = p1
operationName = 
serviceName = None
------------------------------------------------------------------------------------
span 1
span_id = a65da03681eb87f9
parent_id = b91e1443a37d733e
start_time = 1682664065708175
end_time = 1682664065708272
inclusive_time = 97
exclusive_time = 97
process_id = p1
operationName = 
serviceName = None
------------------------------------------------------------------------------------
span 2
span_id = 4f285def3d1dd441
parent_id = b91e1443a37d733e
start_time = 1682664065708065
end_time = 1682664065708107
inclusive_time = 42
exclusive_time = 42
process_id = p1
operationName = 
serviceName = None
------------------------------------------------------------------------------------
