span = 0
span_id = 9b3382fe49a42d24
parent_id = None
start_time = 1682628698016000
end_time = 1682628698020576
inclusive_time = 4576
exclusive_time = 407
process_id = p7
operationName = /wrk2-api/review/compose
serviceName = nginx
------------------------------------------------------------------------------------
span = 1
span_id = 6edf1a316fc64bc3
parent_id = 9b3382fe49a42d24
start_time = 1682628698016407
end_time = 1682628698020576
inclusive_time = 4169
exclusive_time = 107
process_id = p7
operationName = /wrk2-api/review/compose
serviceName = nginx
------------------------------------------------------------------------------------
span = 2
span_id = 94fbf8674c2fa829
parent_id = 6edf1a316fc64bc3
start_time = 1682628698016448
end_time = 1682628698020510
inclusive_time = 4062
exclusive_time = 291
process_id = p7
operationName = ComposeReview
serviceName = nginx
------------------------------------------------------------------------------------
span = 3
span_id = e960fd8d9b09157d
parent_id = 94fbf8674c2fa829
start_time = 1682628698016760
end_time = 1682628698020431
inclusive_time = 3671
exclusive_time = 319
process_id = p2
operationName = UploadMovieId
serviceName = movie-id-service
------------------------------------------------------------------------------------
span = 4
span_id = 96e98c25b9c8d254
parent_id = e960fd8d9b09157d
start_time = 1682628698017417
end_time = 1682628698020319
inclusive_time = 2902
exclusive_time = 247
process_id = p9
operationName = UploadRating
serviceName = rating-service
------------------------------------------------------------------------------------
span = 5
span_id = 2e3da0fefc07467b
parent_id = 96e98c25b9c8d254
start_time = 1682628698017556
end_time = 1682628698020176
inclusive_time = 2620
exclusive_time = 1050
process_id = p4
operationName = UploadRating
serviceName = compose-review-service
------------------------------------------------------------------------------------
span = 6
span_id = e1462cc39e7873b0
parent_id = 2e3da0fefc07467b
start_time = 1682628698018564
end_time = 1682628698020012
inclusive_time = 1448
exclusive_time = 18
process_id = p1
operationName = UploadMovieReview
serviceName = movie-review-service
------------------------------------------------------------------------------------
span = 7
span_id = a5eaacf38ba8ed39
parent_id = e1462cc39e7873b0
start_time = 1682628698018582
end_time = 1682628698020020
inclusive_time = 1438
exclusive_time = 1438
process_id = p1
operationName = MongoFindMovie
serviceName = movie-review-service
------------------------------------------------------------------------------------
span = 8
span_id = 0148d1758cd81bd8
parent_id = e960fd8d9b09157d
start_time = 1682628698017071
end_time = 1682628698017171
inclusive_time = 100
exclusive_time = 100
process_id = p2
operationName = MmcSetMovieId
serviceName = movie-id-service
------------------------------------------------------------------------------------
span = 9
span_id = 9286f265abe0770d
parent_id = e960fd8d9b09157d
start_time = 1682628698016773
end_time = 1682628698016903
inclusive_time = 130
exclusive_time = 130
process_id = p2
operationName = MmcGetMovieId
serviceName = movie-id-service
------------------------------------------------------------------------------------
