span 0
span_id = 17d132da3c260de0
parent_id = None
start_time = 1682628697999000
end_time = 1682628698004066
inclusive_time = 5066
exclusive_time = 529
process_id = p1
operationName = /wrk2-api/review/compose
serviceName = None
------------------------------------------------------------------------------------
span 1
span_id = 5f11baaaf1f4dcf4
parent_id = 17d132da3c260de0
start_time = 1682628697999529
end_time = 1682628698004066
inclusive_time = 4537
exclusive_time = 106
process_id = p1
operationName = /wrk2-api/review/compose
serviceName = None
------------------------------------------------------------------------------------
span 2
span_id = c619b66162fcd83b
parent_id = 5f11baaaf1f4dcf4
start_time = 1682628697999576
end_time = 1682628698004007
inclusive_time = 4431
exclusive_time = 247
process_id = p1
operationName = ComposeReview
serviceName = None
------------------------------------------------------------------------------------
span 3
span_id = dce6690f2b8c1706
parent_id = c619b66162fcd83b
start_time = 1682628697999816
end_time = 1682628698003934
inclusive_time = 4118
exclusive_time = 379
process_id = p3
operationName = UploadMovieId
serviceName = None
------------------------------------------------------------------------------------
span 4
span_id = c1eb7eb54cb955f1
parent_id = dce6690f2b8c1706
start_time = 1682628698000393
end_time = 1682628698003803
inclusive_time = 3410
exclusive_time = 263
process_id = p9
operationName = UploadRating
serviceName = None
------------------------------------------------------------------------------------
span 5
span_id = 62517de33f1384c7
parent_id = c1eb7eb54cb955f1
start_time = 1682628698000532
end_time = 1682628698003679
inclusive_time = 3147
exclusive_time = 1429
process_id = p5
operationName = UploadRating
serviceName = None
------------------------------------------------------------------------------------
span 6
span_id = c85ce4c8e3f9c3ca
parent_id = 62517de33f1384c7
start_time = 1682628698001844
end_time = 1682628698003499
inclusive_time = 1655
exclusive_time = 28
process_id = p6
operationName = UploadUserReview
serviceName = None
------------------------------------------------------------------------------------
span 7
span_id = ee43be9779f22e8f
parent_id = c85ce4c8e3f9c3ca
start_time = 1682628698001872
end_time = 1682628698003504
inclusive_time = 1632
exclusive_time = 1632
process_id = p6
operationName = MongoFindUser
serviceName = None
------------------------------------------------------------------------------------
span 8
span_id = 504e8ea4bcc41234
parent_id = dce6690f2b8c1706
start_time = 1682628698000105
end_time = 1682628698000205
inclusive_time = 100
exclusive_time = 100
process_id = p3
operationName = MmcSetMovieId
serviceName = None
------------------------------------------------------------------------------------
span 9
span_id = 15039098ebae331d
parent_id = dce6690f2b8c1706
start_time = 1682628697999831
end_time = 1682628697999929
inclusive_time = 98
exclusive_time = 98
process_id = p3
operationName = MmcGetMovieId
serviceName = None
------------------------------------------------------------------------------------
