span 0
span_id = 12887e4c898222ea
parent_id = None
start_time = 1682642857317000
end_time = 1682642857318300
inclusive_time = 1300
exclusive_time = 1125
process_id = p1
operationName = 
serviceName = None
------------------------------------------------------------------------------------
span 1
span_id = 8ba3160966710afe
parent_id = 12887e4c898222ea
start_time = 1682642857318167
end_time = 1682642857318299
inclusive_time = 132
exclusive_time = 132
process_id = p1
operationName = 
serviceName = None
------------------------------------------------------------------------------------
span 2
span_id = ed110c0918c14101
parent_id = 12887e4c898222ea
start_time = 1682642857318062
end_time = 1682642857318105
inclusive_time = 43
exclusive_time = 43
process_id = p1
operationName = 
serviceName = None
------------------------------------------------------------------------------------
