span = 0
trace_id = 5412e7add4c6eb38
span_id = 5412e7add4c6eb38
parent_id = None
start_time = 1682628697942000
end_time = 1682628697947353
inclusive_time = 5353
exclusive_time = 626
process_id = p6
operationName = /wrk2-api/review/compose
serviceName = nginx
call path = 
------------------------------------------------------------------------------------
span = 1
trace_id = 5412e7add4c6eb38
span_id = 9ee96fd2906443ae
parent_id = 5412e7add4c6eb38
start_time = 1682628697942626
end_time = 1682628697947353
inclusive_time = 4727
exclusive_time = 110
process_id = p6
operationName = /wrk2-api/review/compose
serviceName = nginx
call path = ->/wrk2-api/review/compose_nginx
------------------------------------------------------------------------------------
span = 2
trace_id = 5412e7add4c6eb38
span_id = ca2082964a0d9e02
parent_id = 9ee96fd2906443ae
start_time = 1682628697942694
end_time = 1682628697947311
inclusive_time = 4617
exclusive_time = 497
process_id = p6
operationName = ComposeReview
serviceName = nginx
call path = ->/wrk2-api/review/compose_nginx->/wrk2-api/review/compose_nginx
------------------------------------------------------------------------------------
span = 3
trace_id = 5412e7add4c6eb38
span_id = 857fdb2bf6c71f21
parent_id = ca2082964a0d9e02
start_time = 1682628697942983
end_time = 1682628697947012
inclusive_time = 4029
exclusive_time = 332
process_id = p8
operationName = UploadMovieId
serviceName = movie-id-service
call path = ->/wrk2-api/review/compose_nginx->/wrk2-api/review/compose_nginx->ComposeReview_nginx
------------------------------------------------------------------------------------
span = 4
trace_id = 5412e7add4c6eb38
span_id = 030a61bce7b9c5f3
parent_id = 857fdb2bf6c71f21
start_time = 1682628697943332
end_time = 1682628697946828
inclusive_time = 3496
exclusive_time = 1853
process_id = p3
operationName = UploadMovieId
serviceName = compose-review-service
call path = ->/wrk2-api/review/compose_nginx->/wrk2-api/review/compose_nginx->ComposeReview_nginx->UploadMovieId_movie-id-service
------------------------------------------------------------------------------------
span = 5
trace_id = 5412e7add4c6eb38
span_id = aca01fe9962ce20c
parent_id = 030a61bce7b9c5f3
start_time = 1682628697945059
end_time = 1682628697946634
inclusive_time = 1575
exclusive_time = 26
process_id = p7
operationName = UploadMovieReview
serviceName = movie-review-service
call path = ->/wrk2-api/review/compose_nginx->/wrk2-api/review/compose_nginx->ComposeReview_nginx->UploadMovieId_movie-id-service->UploadMovieId_compose-review-service
------------------------------------------------------------------------------------
span = 6
trace_id = 5412e7add4c6eb38
span_id = f2cd4294e4f27329
parent_id = aca01fe9962ce20c
start_time = 1682628697945085
end_time = 1682628697946637
inclusive_time = 1552
exclusive_time = 1552
process_id = p7
operationName = MongoFindMovie
serviceName = movie-review-service
call path = ->/wrk2-api/review/compose_nginx->/wrk2-api/review/compose_nginx->ComposeReview_nginx->UploadMovieId_movie-id-service->UploadMovieId_compose-review-service->UploadMovieReview_movie-review-service
------------------------------------------------------------------------------------
span = 7
trace_id = 5412e7add4c6eb38
span_id = 547b6ea6929cf8ca
parent_id = 857fdb2bf6c71f21
start_time = 1682628697943006
end_time = 1682628697943102
inclusive_time = 96
exclusive_time = 96
process_id = p8
operationName = MmcGetMovieId
serviceName = movie-id-service
call path = ->/wrk2-api/review/compose_nginx->/wrk2-api/review/compose_nginx->ComposeReview_nginx->UploadMovieId_movie-id-service
------------------------------------------------------------------------------------
