span = 0
span_id = 5e165eee72870707
parent_id = None
start_time = 1682628698239000
end_time = 1682628698242990
inclusive_time = 3990
exclusive_time = 465
process_id = p5
operationName = /wrk2-api/review/compose
serviceName = nginx
------------------------------------------------------------------------------------
span = 1
span_id = 568bc2a6ca3e5241
parent_id = 5e165eee72870707
start_time = 1682628698239465
end_time = 1682628698242990
inclusive_time = 3525
exclusive_time = 116
process_id = p5
operationName = /wrk2-api/review/compose
serviceName = nginx
------------------------------------------------------------------------------------
span = 2
span_id = 43d8688e7af5bf80
parent_id = 568bc2a6ca3e5241
start_time = 1682628698239498
end_time = 1682628698242907
inclusive_time = 3409
exclusive_time = 303
process_id = p5
operationName = ComposeReview
serviceName = nginx
------------------------------------------------------------------------------------
span = 3
span_id = 12d58b07773b5450
parent_id = 43d8688e7af5bf80
start_time = 1682628698239733
end_time = 1682628698242770
inclusive_time = 3037
exclusive_time = 349
process_id = p1
operationName = UploadMovieId
serviceName = movie-id-service
------------------------------------------------------------------------------------
span = 4
span_id = 27299a6e07f0009f
parent_id = 12d58b07773b5450
start_time = 1682628698240199
end_time = 1682628698242586
inclusive_time = 2387
exclusive_time = 223
process_id = p10
operationName = UploadRating
serviceName = rating-service
------------------------------------------------------------------------------------
span = 5
span_id = 4394495ca75e17c7
parent_id = 27299a6e07f0009f
start_time = 1682628698240354
end_time = 1682628698242450
inclusive_time = 2096
exclusive_time = 1003
process_id = p2
operationName = UploadRating
serviceName = compose-review-service
------------------------------------------------------------------------------------
span = 6
span_id = 3a7ad990caec4cb7
parent_id = 4394495ca75e17c7
start_time = 1682628698241324
end_time = 1682628698242336
inclusive_time = 1012
exclusive_time = 18
process_id = p3
operationName = UploadMovieReview
serviceName = movie-review-service
------------------------------------------------------------------------------------
span = 7
span_id = 58a775b41ad732d1
parent_id = 3a7ad990caec4cb7
start_time = 1682628698241342
end_time = 1682628698242342
inclusive_time = 1000
exclusive_time = 1000
process_id = p3
operationName = MongoFindMovie
serviceName = movie-review-service
------------------------------------------------------------------------------------
span = 8
span_id = bd12b462e423223b
parent_id = 12d58b07773b5450
start_time = 1682628698239980
end_time = 1682628698240093
inclusive_time = 113
exclusive_time = 113
process_id = p1
operationName = MmcSetMovieId
serviceName = movie-id-service
------------------------------------------------------------------------------------
span = 9
span_id = a177194cf0c96183
parent_id = 12d58b07773b5450
start_time = 1682628698239744
end_time = 1682628698239845
inclusive_time = 101
exclusive_time = 101
process_id = p1
operationName = MmcGetMovieId
serviceName = movie-id-service
------------------------------------------------------------------------------------
