span = 0
trace_id = 54c6fd5d78740926
span_id = 54c6fd5d78740926
parent_id = None
start_time = 1682628698034000
end_time = 1682628698039972
inclusive_time = 5972
exclusive_time = 897
process_id = p9
operationName = /wrk2-api/review/compose
serviceName = nginx
call path = 
------------------------------------------------------------------------------------
span = 1
trace_id = 54c6fd5d78740926
span_id = bac4818a94ab49a6
parent_id = 54c6fd5d78740926
start_time = 1682628698034896
end_time = 1682628698039971
inclusive_time = 5075
exclusive_time = 100
process_id = p9
operationName = /wrk2-api/review/compose
serviceName = nginx
call path = ->/wrk2-api/review/compose_nginx
------------------------------------------------------------------------------------
span = 2
trace_id = 54c6fd5d78740926
span_id = 59e85c8a66f56040
parent_id = bac4818a94ab49a6
start_time = 1682628698034941
end_time = 1682628698039916
inclusive_time = 4975
exclusive_time = 1576
process_id = p9
operationName = ComposeReview
serviceName = nginx
call path = ->/wrk2-api/review/compose_nginx->/wrk2-api/review/compose_nginx
------------------------------------------------------------------------------------
span = 3
trace_id = 54c6fd5d78740926
span_id = aac34af305b3e595
parent_id = 59e85c8a66f56040
start_time = 1682628698035223
end_time = 1682628698038526
inclusive_time = 3303
exclusive_time = 424
process_id = p7
operationName = UploadMovieId
serviceName = movie-id-service
call path = ->/wrk2-api/review/compose_nginx->/wrk2-api/review/compose_nginx->ComposeReview_nginx
------------------------------------------------------------------------------------
span = 4
trace_id = 54c6fd5d78740926
span_id = b28e55cf97ae3f68
parent_id = aac34af305b3e595
start_time = 1682628698035845
end_time = 1682628698038420
inclusive_time = 2575
exclusive_time = 215
process_id = p8
operationName = UploadRating
serviceName = rating-service
call path = ->/wrk2-api/review/compose_nginx->/wrk2-api/review/compose_nginx->ComposeReview_nginx->UploadMovieId_movie-id-service
------------------------------------------------------------------------------------
span = 5
trace_id = 54c6fd5d78740926
span_id = 165fd2bbf01bae81
parent_id = b28e55cf97ae3f68
start_time = 1682628698035996
end_time = 1682628698038311
inclusive_time = 2315
exclusive_time = 904
process_id = p2
operationName = UploadRating
serviceName = compose-review-service
call path = ->/wrk2-api/review/compose_nginx->/wrk2-api/review/compose_nginx->ComposeReview_nginx->UploadMovieId_movie-id-service->UploadRating_rating-service
------------------------------------------------------------------------------------
span = 6
trace_id = 54c6fd5d78740926
span_id = 653e1b7936637ba1
parent_id = 165fd2bbf01bae81
start_time = 1682628698036850
end_time = 1682628698038157
inclusive_time = 1307
exclusive_time = 32
process_id = p5
operationName = UploadMovieReview
serviceName = movie-review-service
call path = ->/wrk2-api/review/compose_nginx->/wrk2-api/review/compose_nginx->ComposeReview_nginx->UploadMovieId_movie-id-service->UploadRating_rating-service->UploadRating_compose-review-service
------------------------------------------------------------------------------------
span = 7
trace_id = 54c6fd5d78740926
span_id = 9b1c778bd6c89727
parent_id = 653e1b7936637ba1
start_time = 1682628698036882
end_time = 1682628698038162
inclusive_time = 1280
exclusive_time = 1280
process_id = p5
operationName = MongoFindMovie
serviceName = movie-review-service
call path = ->/wrk2-api/review/compose_nginx->/wrk2-api/review/compose_nginx->ComposeReview_nginx->UploadMovieId_movie-id-service->UploadRating_rating-service->UploadRating_compose-review-service->UploadMovieReview_movie-review-service
------------------------------------------------------------------------------------
span = 8
trace_id = 54c6fd5d78740926
span_id = beb7970d1200111d
parent_id = aac34af305b3e595
start_time = 1682628698035658
end_time = 1682628698035794
inclusive_time = 136
exclusive_time = 136
process_id = p7
operationName = MmcSetMovieId
serviceName = movie-id-service
call path = ->/wrk2-api/review/compose_nginx->/wrk2-api/review/compose_nginx->ComposeReview_nginx->UploadMovieId_movie-id-service
------------------------------------------------------------------------------------
span = 9
trace_id = 54c6fd5d78740926
span_id = b1655c6fc87c440d
parent_id = aac34af305b3e595
start_time = 1682628698035236
end_time = 1682628698035353
inclusive_time = 117
exclusive_time = 117
process_id = p7
operationName = MmcGetMovieId
serviceName = movie-id-service
call path = ->/wrk2-api/review/compose_nginx->/wrk2-api/review/compose_nginx->ComposeReview_nginx->UploadMovieId_movie-id-service
------------------------------------------------------------------------------------
