span = 0
trace_id = dbe6d9383e97ee5d
span_id = dbe6d9383e97ee5d
parent_id = None
start_time = 1682628698240000
end_time = 1682628698243865
inclusive_time = 3865
exclusive_time = 87
process_id = p5
operationName = /wrk2-api/review/compose
serviceName = nginx
call path = 
------------------------------------------------------------------------------------
span = 1
trace_id = dbe6d9383e97ee5d
span_id = 43545618b80326ee
parent_id = dbe6d9383e97ee5d
start_time = 1682628698240086
end_time = 1682628698243864
inclusive_time = 3778
exclusive_time = 102
process_id = p5
operationName = /wrk2-api/review/compose
serviceName = nginx
call path = ->/wrk2-api/review/compose_nginx
------------------------------------------------------------------------------------
span = 2
trace_id = dbe6d9383e97ee5d
span_id = a38891c25a149311
parent_id = 43545618b80326ee
start_time = 1682628698240142
end_time = 1682628698243818
inclusive_time = 3676
exclusive_time = 296
process_id = p5
operationName = ComposeReview
serviceName = nginx
call path = ->/wrk2-api/review/compose_nginx->/wrk2-api/review/compose_nginx
------------------------------------------------------------------------------------
span = 3
trace_id = dbe6d9383e97ee5d
span_id = ce652340d0268fb0
parent_id = a38891c25a149311
start_time = 1682628698240412
end_time = 1682628698243711
inclusive_time = 3299
exclusive_time = 428
process_id = p1
operationName = UploadMovieId
serviceName = movie-id-service
call path = ->/wrk2-api/review/compose_nginx->/wrk2-api/review/compose_nginx->ComposeReview_nginx
------------------------------------------------------------------------------------
span = 4
trace_id = dbe6d9383e97ee5d
span_id = 59474873574ad55a
parent_id = ce652340d0268fb0
start_time = 1682628698240907
end_time = 1682628698243569
inclusive_time = 2662
exclusive_time = 369
process_id = p10
operationName = UploadRating
serviceName = rating-service
call path = ->/wrk2-api/review/compose_nginx->/wrk2-api/review/compose_nginx->ComposeReview_nginx->UploadMovieId_movie-id-service
------------------------------------------------------------------------------------
span = 5
trace_id = dbe6d9383e97ee5d
span_id = f32e528218e0edc9
parent_id = 59474873574ad55a
start_time = 1682628698241180
end_time = 1682628698243387
inclusive_time = 2207
exclusive_time = 957
process_id = p2
operationName = UploadRating
serviceName = compose-review-service
call path = ->/wrk2-api/review/compose_nginx->/wrk2-api/review/compose_nginx->ComposeReview_nginx->UploadMovieId_movie-id-service->UploadRating_rating-service
------------------------------------------------------------------------------------
span = 6
trace_id = dbe6d9383e97ee5d
span_id = 02e3c9ed68de7607
parent_id = f32e528218e0edc9
start_time = 1682628698242110
end_time = 1682628698243260
inclusive_time = 1150
exclusive_time = 28
process_id = p3
operationName = UploadMovieReview
serviceName = movie-review-service
call path = ->/wrk2-api/review/compose_nginx->/wrk2-api/review/compose_nginx->ComposeReview_nginx->UploadMovieId_movie-id-service->UploadRating_rating-service->UploadRating_compose-review-service
------------------------------------------------------------------------------------
span = 7
trace_id = dbe6d9383e97ee5d
span_id = 10b3aa7c52d7a2e9
parent_id = 02e3c9ed68de7607
start_time = 1682628698242138
end_time = 1682628698243264
inclusive_time = 1126
exclusive_time = 1126
process_id = p3
operationName = MongoFindMovie
serviceName = movie-review-service
call path = ->/wrk2-api/review/compose_nginx->/wrk2-api/review/compose_nginx->ComposeReview_nginx->UploadMovieId_movie-id-service->UploadRating_rating-service->UploadRating_compose-review-service->UploadMovieReview_movie-review-service
------------------------------------------------------------------------------------
span = 8
trace_id = dbe6d9383e97ee5d
span_id = 23669eda530c3761
parent_id = ce652340d0268fb0
start_time = 1682628698240715
end_time = 1682628698240795
inclusive_time = 80
exclusive_time = 80
process_id = p1
operationName = MmcSetMovieId
serviceName = movie-id-service
call path = ->/wrk2-api/review/compose_nginx->/wrk2-api/review/compose_nginx->ComposeReview_nginx->UploadMovieId_movie-id-service
------------------------------------------------------------------------------------
span = 9
trace_id = dbe6d9383e97ee5d
span_id = 3cebe2bf95377b51
parent_id = ce652340d0268fb0
start_time = 1682628698240424
end_time = 1682628698240553
inclusive_time = 129
exclusive_time = 129
process_id = p1
operationName = MmcGetMovieId
serviceName = movie-id-service
call path = ->/wrk2-api/review/compose_nginx->/wrk2-api/review/compose_nginx->ComposeReview_nginx->UploadMovieId_movie-id-service
------------------------------------------------------------------------------------
