span = 0
trace_id = e496e93ee3907d66
span_id = e496e93ee3907d66
parent_id = None
start_time = 1682628698149000
end_time = 1682628698153113
inclusive_time = 4113
exclusive_time = 284
process_id = p2
operationName = /wrk2-api/review/compose
serviceName = nginx
call path = 
------------------------------------------------------------------------------------
span = 1
trace_id = e496e93ee3907d66
span_id = 7cafa20a7591212c
parent_id = e496e93ee3907d66
start_time = 1682628698149284
end_time = 1682628698153113
inclusive_time = 3829
exclusive_time = 97
process_id = p2
operationName = /wrk2-api/review/compose
serviceName = nginx
call path = ->/wrk2-api/review/compose_nginx
------------------------------------------------------------------------------------
span = 2
trace_id = e496e93ee3907d66
span_id = ec6ef1d4409ad1eb
parent_id = 7cafa20a7591212c
start_time = 1682628698149322
end_time = 1682628698153054
inclusive_time = 3732
exclusive_time = 572
process_id = p2
operationName = ComposeReview
serviceName = nginx
call path = ->/wrk2-api/review/compose_nginx->/wrk2-api/review/compose_nginx
------------------------------------------------------------------------------------
span = 3
trace_id = e496e93ee3907d66
span_id = cc346c01018b07e2
parent_id = ec6ef1d4409ad1eb
start_time = 1682628698149609
end_time = 1682628698152663
inclusive_time = 3054
exclusive_time = 283
process_id = p7
operationName = UploadMovieId
serviceName = movie-id-service
call path = ->/wrk2-api/review/compose_nginx->/wrk2-api/review/compose_nginx->ComposeReview_nginx
------------------------------------------------------------------------------------
span = 4
trace_id = e496e93ee3907d66
span_id = 35b6c043970ebfcc
parent_id = cc346c01018b07e2
start_time = 1682628698149974
end_time = 1682628698152554
inclusive_time = 2580
exclusive_time = 278
process_id = p1
operationName = UploadRating
serviceName = rating-service
call path = ->/wrk2-api/review/compose_nginx->/wrk2-api/review/compose_nginx->ComposeReview_nginx->UploadMovieId_movie-id-service
------------------------------------------------------------------------------------
span = 5
trace_id = e496e93ee3907d66
span_id = ffd22c1aa9a233d3
parent_id = 35b6c043970ebfcc
start_time = 1682628698150140
end_time = 1682628698152390
inclusive_time = 2250
exclusive_time = 1085
process_id = p3
operationName = UploadRating
serviceName = compose-review-service
call path = ->/wrk2-api/review/compose_nginx->/wrk2-api/review/compose_nginx->ComposeReview_nginx->UploadMovieId_movie-id-service->UploadRating_rating-service
------------------------------------------------------------------------------------
span = 6
trace_id = e496e93ee3907d66
span_id = 058356203fa87fc8
parent_id = ffd22c1aa9a233d3
start_time = 1682628698151211
end_time = 1682628698152274
inclusive_time = 1063
exclusive_time = 29
process_id = p4
operationName = UploadMovieReview
serviceName = movie-review-service
call path = ->/wrk2-api/review/compose_nginx->/wrk2-api/review/compose_nginx->ComposeReview_nginx->UploadMovieId_movie-id-service->UploadRating_rating-service->UploadRating_compose-review-service
------------------------------------------------------------------------------------
span = 7
trace_id = e496e93ee3907d66
span_id = 02c0dc619efc59b2
parent_id = 058356203fa87fc8
start_time = 1682628698151240
end_time = 1682628698152279
inclusive_time = 1039
exclusive_time = 1039
process_id = p4
operationName = MongoFindMovie
serviceName = movie-review-service
call path = ->/wrk2-api/review/compose_nginx->/wrk2-api/review/compose_nginx->ComposeReview_nginx->UploadMovieId_movie-id-service->UploadRating_rating-service->UploadRating_compose-review-service->UploadMovieReview_movie-review-service
------------------------------------------------------------------------------------
span = 8
trace_id = e496e93ee3907d66
span_id = 7b2bedad94d37255
parent_id = cc346c01018b07e2
start_time = 1682628698149809
end_time = 1682628698149904
inclusive_time = 95
exclusive_time = 95
process_id = p7
operationName = MmcSetMovieId
serviceName = movie-id-service
call path = ->/wrk2-api/review/compose_nginx->/wrk2-api/review/compose_nginx->ComposeReview_nginx->UploadMovieId_movie-id-service
------------------------------------------------------------------------------------
span = 9
trace_id = e496e93ee3907d66
span_id = 72f834f2aaecc073
parent_id = cc346c01018b07e2
start_time = 1682628698149623
end_time = 1682628698149698
inclusive_time = 75
exclusive_time = 75
process_id = p7
operationName = MmcGetMovieId
serviceName = movie-id-service
call path = ->/wrk2-api/review/compose_nginx->/wrk2-api/review/compose_nginx->ComposeReview_nginx->UploadMovieId_movie-id-service
------------------------------------------------------------------------------------
