span = 0
trace_id = 69ba70708c85ee66
span_id = 69ba70708c85ee66
parent_id = None
start_time = 1682628698314000
end_time = 1682628698318957
inclusive_time = 4957
exclusive_time = 1017
process_id = p10
operationName = /wrk2-api/review/compose
serviceName = nginx
------------------------------------------------------------------------------------
span = 1
trace_id = 69ba70708c85ee66
span_id = 5a482a60a23d6589
parent_id = 69ba70708c85ee66
start_time = 1682628698315017
end_time = 1682628698318957
inclusive_time = 3940
exclusive_time = 91
process_id = p10
operationName = /wrk2-api/review/compose
serviceName = nginx
------------------------------------------------------------------------------------
span = 2
trace_id = 69ba70708c85ee66
span_id = f9d582a488a5baa6
parent_id = 5a482a60a23d6589
start_time = 1682628698315066
end_time = 1682628698318915
inclusive_time = 3849
exclusive_time = 257
process_id = p10
operationName = ComposeReview
serviceName = nginx
------------------------------------------------------------------------------------
span = 3
trace_id = 69ba70708c85ee66
span_id = 383691e711831b23
parent_id = f9d582a488a5baa6
start_time = 1682628698315390
end_time = 1682628698318852
inclusive_time = 3462
exclusive_time = 438
process_id = p2
operationName = UploadMovieId
serviceName = movie-id-service
------------------------------------------------------------------------------------
span = 4
trace_id = 69ba70708c85ee66
span_id = df303b12866b7e00
parent_id = 383691e711831b23
start_time = 1682628698315941
end_time = 1682628698318661
inclusive_time = 2720
exclusive_time = 305
process_id = p9
operationName = UploadRating
serviceName = rating-service
------------------------------------------------------------------------------------
span = 5
trace_id = 69ba70708c85ee66
span_id = 7b35a6c526c52f2b
parent_id = df303b12866b7e00
start_time = 1682628698316134
end_time = 1682628698318546
inclusive_time = 2412
exclusive_time = 1063
process_id = p1
operationName = UploadRating
serviceName = compose-review-service
------------------------------------------------------------------------------------
span = 6
trace_id = 69ba70708c85ee66
span_id = c6a7c3e69c0557a7
parent_id = 7b35a6c526c52f2b
start_time = 1682628698317007
end_time = 1682628698318274
inclusive_time = 1267
exclusive_time = 41
process_id = p5
operationName = UploadMovieReview
serviceName = movie-review-service
------------------------------------------------------------------------------------
span = 7
trace_id = 69ba70708c85ee66
span_id = 81ae4ecbd7921c04
parent_id = c6a7c3e69c0557a7
start_time = 1682628698317048
end_time = 1682628698318278
inclusive_time = 1230
exclusive_time = 1230
process_id = p5
operationName = MongoFindMovie
serviceName = movie-review-service
------------------------------------------------------------------------------------
span = 8
trace_id = 69ba70708c85ee66
span_id = d0e9e280ed28996a
parent_id = 383691e711831b23
start_time = 1682628698315602
end_time = 1682628698315775
inclusive_time = 173
exclusive_time = 173
process_id = p2
operationName = MmcSetMovieId
serviceName = movie-id-service
------------------------------------------------------------------------------------
span = 9
trace_id = 69ba70708c85ee66
span_id = f23d5139ad5b8569
parent_id = 383691e711831b23
start_time = 1682628698315402
end_time = 1682628698315493
inclusive_time = 91
exclusive_time = 91
process_id = p2
operationName = MmcGetMovieId
serviceName = movie-id-service
------------------------------------------------------------------------------------
