span = 0
trace_id = 5e6a907d20f60498
span_id = 5e6a907d20f60498
parent_id = None
start_time = 1682628698247000
end_time = 1682628698251209
inclusive_time = 4209
exclusive_time = 232
process_id = p5
operationName = /wrk2-api/review/compose
serviceName = nginx
------------------------------------------------------------------------------------
span = 1
trace_id = 5e6a907d20f60498
span_id = c95cac6f80961a07
parent_id = 5e6a907d20f60498
start_time = 1682628698247232
end_time = 1682628698251209
inclusive_time = 3977
exclusive_time = 119
process_id = p5
operationName = /wrk2-api/review/compose
serviceName = nginx
------------------------------------------------------------------------------------
span = 2
trace_id = 5e6a907d20f60498
span_id = a88cff3caa587e66
parent_id = c95cac6f80961a07
start_time = 1682628698247288
end_time = 1682628698251146
inclusive_time = 3858
exclusive_time = 422
process_id = p5
operationName = ComposeReview
serviceName = nginx
------------------------------------------------------------------------------------
span = 3
trace_id = 5e6a907d20f60498
span_id = 7346a9528153da18
parent_id = a88cff3caa587e66
start_time = 1682628698247572
end_time = 1682628698250923
inclusive_time = 3351
exclusive_time = 290
process_id = p1
operationName = UploadMovieId
serviceName = movie-id-service
------------------------------------------------------------------------------------
span = 4
trace_id = 5e6a907d20f60498
span_id = 176533a38d12a8c2
parent_id = 7346a9528153da18
start_time = 1682628698248000
end_time = 1682628698250804
inclusive_time = 2804
exclusive_time = 313
process_id = p10
operationName = UploadRating
serviceName = rating-service
------------------------------------------------------------------------------------
span = 5
trace_id = 5e6a907d20f60498
span_id = df214f351192db08
parent_id = 176533a38d12a8c2
start_time = 1682628698248245
end_time = 1682628698250595
inclusive_time = 2350
exclusive_time = 1024
process_id = p2
operationName = UploadRating
serviceName = compose-review-service
------------------------------------------------------------------------------------
span = 6
trace_id = 5e6a907d20f60498
span_id = 143197468d1f8262
parent_id = df214f351192db08
start_time = 1682628698249347
end_time = 1682628698250440
inclusive_time = 1093
exclusive_time = 32
process_id = p6
operationName = UploadUserReview
serviceName = user-review-service
------------------------------------------------------------------------------------
span = 7
trace_id = 5e6a907d20f60498
span_id = 203db3c91011d0d2
parent_id = 143197468d1f8262
start_time = 1682628698249379
end_time = 1682628698250446
inclusive_time = 1067
exclusive_time = 1067
process_id = p6
operationName = MongoFindUser
serviceName = user-review-service
------------------------------------------------------------------------------------
span = 8
trace_id = 5e6a907d20f60498
span_id = e090340b2053ec42
parent_id = 7346a9528153da18
start_time = 1682628698247802
end_time = 1682628698247913
inclusive_time = 111
exclusive_time = 111
process_id = p1
operationName = MmcSetMovieId
serviceName = movie-id-service
------------------------------------------------------------------------------------
span = 9
trace_id = 5e6a907d20f60498
span_id = 97469924de03ddc1
parent_id = 7346a9528153da18
start_time = 1682628698247583
end_time = 1682628698247661
inclusive_time = 78
exclusive_time = 78
process_id = p1
operationName = MmcGetMovieId
serviceName = movie-id-service
------------------------------------------------------------------------------------
