span = 0
span_id = d948f8d3acd0045d
parent_id = None
start_time = 1682628698135000
end_time = 1682628698140365
inclusive_time = 5365
exclusive_time = 1002
process_id = p4
operationName = /wrk2-api/review/compose
serviceName = nginx
------------------------------------------------------------------------------------
span = 1
span_id = 78a40055ef445d74
parent_id = d948f8d3acd0045d
start_time = 1682628698136001
end_time = 1682628698140364
inclusive_time = 4363
exclusive_time = 116
process_id = p4
operationName = /wrk2-api/review/compose
serviceName = nginx
------------------------------------------------------------------------------------
span = 2
span_id = 84baee1502d75faf
parent_id = 78a40055ef445d74
start_time = 1682628698136067
end_time = 1682628698140314
inclusive_time = 4247
exclusive_time = 784
process_id = p4
operationName = ComposeReview
serviceName = nginx
------------------------------------------------------------------------------------
span = 3
span_id = a145c4218000eacf
parent_id = 84baee1502d75faf
start_time = 1682628698136601
end_time = 1682628698139805
inclusive_time = 3204
exclusive_time = 442
process_id = p1
operationName = UploadMovieId
serviceName = movie-id-service
------------------------------------------------------------------------------------
span = 4
span_id = ceeaa87720d4a7db
parent_id = a145c4218000eacf
start_time = 1682628698137120
end_time = 1682628698139627
inclusive_time = 2507
exclusive_time = 240
process_id = p3
operationName = UploadRating
serviceName = rating-service
------------------------------------------------------------------------------------
span = 5
span_id = f01826ba89819f15
parent_id = ceeaa87720d4a7db
start_time = 1682628698137314
end_time = 1682628698139524
inclusive_time = 2210
exclusive_time = 1069
process_id = p5
operationName = UploadRating
serviceName = compose-review-service
------------------------------------------------------------------------------------
span = 6
span_id = 9f6120a370d9fe01
parent_id = f01826ba89819f15
start_time = 1682628698138326
end_time = 1682628698139411
inclusive_time = 1085
exclusive_time = 17
process_id = p6
operationName = UploadMovieReview
serviceName = movie-review-service
------------------------------------------------------------------------------------
span = 7
span_id = 487bbe37e0add580
parent_id = 9f6120a370d9fe01
start_time = 1682628698138343
end_time = 1682628698139415
inclusive_time = 1072
exclusive_time = 1072
process_id = p6
operationName = MongoFindMovie
serviceName = movie-review-service
------------------------------------------------------------------------------------
span = 8
span_id = dfe91da507641ba8
parent_id = a145c4218000eacf
start_time = 1682628698136893
end_time = 1682628698136975
inclusive_time = 82
exclusive_time = 82
process_id = p1
operationName = MmcSetMovieId
serviceName = movie-id-service
------------------------------------------------------------------------------------
span = 9
span_id = 0cb057b291bdc493
parent_id = a145c4218000eacf
start_time = 1682628698136625
end_time = 1682628698136751
inclusive_time = 126
exclusive_time = 126
process_id = p1
operationName = MmcGetMovieId
serviceName = movie-id-service
------------------------------------------------------------------------------------
