span = 0
trace_id = 2e5fb91ecc6e319f
span_id = 2e5fb91ecc6e319f
parent_id = None
start_time = 1682628698327000
end_time = 1682628698332454
inclusive_time = 5454
exclusive_time = 454
process_id = p10
operationName = /wrk2-api/review/compose
serviceName = nginx
call path = 
------------------------------------------------------------------------------------
span = 1
trace_id = 2e5fb91ecc6e319f
span_id = 029b0ec7a9c00fd1
parent_id = 2e5fb91ecc6e319f
start_time = 1682628698327454
end_time = 1682628698332454
inclusive_time = 5000
exclusive_time = 122
process_id = p10
operationName = /wrk2-api/review/compose
serviceName = nginx
call path = ->/wrk2-api/review/compose_nginx
------------------------------------------------------------------------------------
span = 2
trace_id = 2e5fb91ecc6e319f
span_id = de07d0650e69b1c7
parent_id = 029b0ec7a9c00fd1
start_time = 1682628698327511
end_time = 1682628698332389
inclusive_time = 4878
exclusive_time = 302
process_id = p10
operationName = ComposeReview
serviceName = nginx
call path = ->/wrk2-api/review/compose_nginx->/wrk2-api/review/compose_nginx
------------------------------------------------------------------------------------
span = 3
trace_id = 2e5fb91ecc6e319f
span_id = 64281ec877b24301
parent_id = de07d0650e69b1c7
start_time = 1682628698328211
end_time = 1682628698332297
inclusive_time = 4086
exclusive_time = 321
process_id = p1
operationName = UploadMovieId
serviceName = movie-id-service
call path = ->/wrk2-api/review/compose_nginx->/wrk2-api/review/compose_nginx->ComposeReview_nginx
------------------------------------------------------------------------------------
span = 4
trace_id = 2e5fb91ecc6e319f
span_id = cab54c47c39e01b7
parent_id = 64281ec877b24301
start_time = 1682628698328652
end_time = 1682628698332194
inclusive_time = 3542
exclusive_time = 255
process_id = p9
operationName = UploadRating
serviceName = rating-service
call path = ->/wrk2-api/review/compose_nginx->/wrk2-api/review/compose_nginx->ComposeReview_nginx->UploadMovieId_movie-id-service
------------------------------------------------------------------------------------
span = 5
trace_id = 2e5fb91ecc6e319f
span_id = 4e38d72e2396458a
parent_id = cab54c47c39e01b7
start_time = 1682628698328892
end_time = 1682628698332056
inclusive_time = 3164
exclusive_time = 1610
process_id = p2
operationName = UploadRating
serviceName = compose-review-service
call path = ->/wrk2-api/review/compose_nginx->/wrk2-api/review/compose_nginx->ComposeReview_nginx->UploadMovieId_movie-id-service->UploadRating_rating-service
------------------------------------------------------------------------------------
span = 6
trace_id = 2e5fb91ecc6e319f
span_id = 847b45b184c00a61
parent_id = 4e38d72e2396458a
start_time = 1682628698330821
end_time = 1682628698331917
inclusive_time = 1096
exclusive_time = 19
process_id = p5
operationName = UploadMovieReview
serviceName = movie-review-service
call path = ->/wrk2-api/review/compose_nginx->/wrk2-api/review/compose_nginx->ComposeReview_nginx->UploadMovieId_movie-id-service->UploadRating_rating-service->UploadRating_compose-review-service
------------------------------------------------------------------------------------
span = 7
trace_id = 2e5fb91ecc6e319f
span_id = 4c234116ced7fd7e
parent_id = 847b45b184c00a61
start_time = 1682628698330840
end_time = 1682628698331921
inclusive_time = 1081
exclusive_time = 1081
process_id = p5
operationName = MongoFindMovie
serviceName = movie-review-service
call path = ->/wrk2-api/review/compose_nginx->/wrk2-api/review/compose_nginx->ComposeReview_nginx->UploadMovieId_movie-id-service->UploadRating_rating-service->UploadRating_compose-review-service->UploadMovieReview_movie-review-service
------------------------------------------------------------------------------------
span = 8
trace_id = 2e5fb91ecc6e319f
span_id = 5fc7bc072c1c699d
parent_id = 4e38d72e2396458a
start_time = 1682628698330363
end_time = 1682628698330720
inclusive_time = 357
exclusive_time = 35
process_id = p4
operationName = StoreReview
serviceName = review-storage-service
call path = ->/wrk2-api/review/compose_nginx->/wrk2-api/review/compose_nginx->ComposeReview_nginx->UploadMovieId_movie-id-service->UploadRating_rating-service->UploadRating_compose-review-service
------------------------------------------------------------------------------------
span = 9
trace_id = 2e5fb91ecc6e319f
span_id = d6f55af3f8a452ce
parent_id = 5fc7bc072c1c699d
start_time = 1682628698330387
end_time = 1682628698330709
inclusive_time = 322
exclusive_time = 322
process_id = p4
operationName = MongoInsertReview
serviceName = review-storage-service
call path = ->/wrk2-api/review/compose_nginx->/wrk2-api/review/compose_nginx->ComposeReview_nginx->UploadMovieId_movie-id-service->UploadRating_rating-service->UploadRating_compose-review-service->StoreReview_review-storage-service
------------------------------------------------------------------------------------
span = 10
trace_id = 2e5fb91ecc6e319f
span_id = 04d91eea70e0f20a
parent_id = 64281ec877b24301
start_time = 1682628698328484
end_time = 1682628698328583
inclusive_time = 99
exclusive_time = 99
process_id = p1
operationName = MmcSetMovieId
serviceName = movie-id-service
call path = ->/wrk2-api/review/compose_nginx->/wrk2-api/review/compose_nginx->ComposeReview_nginx->UploadMovieId_movie-id-service
------------------------------------------------------------------------------------
span = 11
trace_id = 2e5fb91ecc6e319f
span_id = 77b8d663576a4827
parent_id = 64281ec877b24301
start_time = 1682628698328235
end_time = 1682628698328337
inclusive_time = 102
exclusive_time = 102
process_id = p1
operationName = MmcGetMovieId
serviceName = movie-id-service
call path = ->/wrk2-api/review/compose_nginx->/wrk2-api/review/compose_nginx->ComposeReview_nginx->UploadMovieId_movie-id-service
------------------------------------------------------------------------------------
