span 0
span_id = ba24baf5e251a671
parent_id = None
start_time = 1682638467875000
end_time = 1682638467876073
inclusive_time = 1073
exclusive_time = 978
process_id = p1
operationName = 
serviceName = None
------------------------------------------------------------------------------------
span 1
span_id = 10d19a17cbf3b10a
parent_id = ba24baf5e251a671
start_time = 1682638467875978
end_time = 1682638467876073
inclusive_time = 95
exclusive_time = 95
process_id = p1
operationName = 
serviceName = None
------------------------------------------------------------------------------------
