span = 0
trace_id = 7d2808cd162269a8
span_id = 7d2808cd162269a8
parent_id = None
start_time = 1682628698137000
end_time = 1682628698141686
inclusive_time = 4686
exclusive_time = 399
process_id = p3
operationName = /wrk2-api/review/compose
serviceName = nginx
------------------------------------------------------------------------------------
span = 1
trace_id = 7d2808cd162269a8
span_id = 90fb6c9eea2b7a14
parent_id = 7d2808cd162269a8
start_time = 1682628698137399
end_time = 1682628698141686
inclusive_time = 4287
exclusive_time = 141
process_id = p3
operationName = /wrk2-api/review/compose
serviceName = nginx
------------------------------------------------------------------------------------
span = 2
trace_id = 7d2808cd162269a8
span_id = 4b45c1844bb95a79
parent_id = 90fb6c9eea2b7a14
start_time = 1682628698137497
end_time = 1682628698141643
inclusive_time = 4146
exclusive_time = 549
process_id = p3
operationName = ComposeReview
serviceName = nginx
------------------------------------------------------------------------------------
span = 3
trace_id = 7d2808cd162269a8
span_id = 0771a5190402f6ff
parent_id = 4b45c1844bb95a79
start_time = 1682628698138895
end_time = 1682628698141555
inclusive_time = 2660
exclusive_time = 286
process_id = p9
operationName = UploadUniqueId
serviceName = unique-id-service
------------------------------------------------------------------------------------
span = 4
trace_id = 7d2808cd162269a8
span_id = a1b7f3ff1654c628
parent_id = 0771a5190402f6ff
start_time = 1682628698139109
end_time = 1682628698141483
inclusive_time = 2374
exclusive_time = 991
process_id = p4
operationName = UploadUniqueId
serviceName = compose-review-service
------------------------------------------------------------------------------------
span = 5
trace_id = 7d2808cd162269a8
span_id = 052948f7288f26af
parent_id = a1b7f3ff1654c628
start_time = 1682628698140001
end_time = 1682628698141346
inclusive_time = 1345
exclusive_time = 18
process_id = p1
operationName = UploadUserReview
serviceName = user-review-service
------------------------------------------------------------------------------------
span = 6
trace_id = 7d2808cd162269a8
span_id = 3bcf0748ca97d87a
parent_id = 052948f7288f26af
start_time = 1682628698140019
end_time = 1682628698141351
inclusive_time = 1332
exclusive_time = 1332
process_id = p1
operationName = MongoFindUser
serviceName = user-review-service
------------------------------------------------------------------------------------
span = 7
trace_id = 7d2808cd162269a8
span_id = d1a06446f022283c
parent_id = 4b45c1844bb95a79
start_time = 1682628698137958
end_time = 1682628698138569
inclusive_time = 611
exclusive_time = 244
process_id = p8
operationName = UploadUserWithUsername
serviceName = user-service
------------------------------------------------------------------------------------
span = 8
trace_id = 7d2808cd162269a8
span_id = ce298b74b0218da3
parent_id = d1a06446f022283c
start_time = 1682628698138232
end_time = 1682628698138508
inclusive_time = 276
exclusive_time = 276
process_id = p4
operationName = UploadUserId
serviceName = compose-review-service
------------------------------------------------------------------------------------
span = 9
trace_id = 7d2808cd162269a8
span_id = 63460b3d0cc58bf3
parent_id = d1a06446f022283c
start_time = 1682628698137978
end_time = 1682628698138069
inclusive_time = 91
exclusive_time = 91
process_id = p8
operationName = MmcGetUserId
serviceName = user-service
------------------------------------------------------------------------------------
