span = 0
trace_id = 9667ade14ae6a1d7
span_id = 9667ade14ae6a1d7
parent_id = None
start_time = 1682628698001000
end_time = 1682628698006638
inclusive_time = 5638
exclusive_time = 517
process_id = p3
operationName = /wrk2-api/review/compose
serviceName = nginx
------------------------------------------------------------------------------------
span = 1
trace_id = 9667ade14ae6a1d7
span_id = 21156683c92b408a
parent_id = 9667ade14ae6a1d7
start_time = 1682628698001517
end_time = 1682628698006638
inclusive_time = 5121
exclusive_time = 105
process_id = p3
operationName = /wrk2-api/review/compose
serviceName = nginx
------------------------------------------------------------------------------------
span = 2
trace_id = 9667ade14ae6a1d7
span_id = be0be840222ceeda
parent_id = 21156683c92b408a
start_time = 1682628698001578
end_time = 1682628698006594
inclusive_time = 5016
exclusive_time = 323
process_id = p3
operationName = ComposeReview
serviceName = nginx
------------------------------------------------------------------------------------
span = 3
trace_id = 9667ade14ae6a1d7
span_id = 626014657ae6ecea
parent_id = be0be840222ceeda
start_time = 1682628698001931
end_time = 1682628698006489
inclusive_time = 4558
exclusive_time = 355
process_id = p2
operationName = UploadMovieId
serviceName = movie-id-service
------------------------------------------------------------------------------------
span = 4
trace_id = 9667ade14ae6a1d7
span_id = 89733fcccec55c58
parent_id = 626014657ae6ecea
start_time = 1682628698002405
end_time = 1682628698006361
inclusive_time = 3956
exclusive_time = 308
process_id = p9
operationName = UploadRating
serviceName = rating-service
------------------------------------------------------------------------------------
span = 5
trace_id = 9667ade14ae6a1d7
span_id = c3ccaec677bc15e3
parent_id = 89733fcccec55c58
start_time = 1682628698002661
end_time = 1682628698006202
inclusive_time = 3541
exclusive_time = 1984
process_id = p5
operationName = UploadRating
serviceName = compose-review-service
------------------------------------------------------------------------------------
span = 6
trace_id = 9667ade14ae6a1d7
span_id = c7f6915e92d80fb3
parent_id = c3ccaec677bc15e3
start_time = 1682628698004467
end_time = 1682628698006024
inclusive_time = 1557
exclusive_time = 24
process_id = p6
operationName = UploadUserReview
serviceName = user-review-service
------------------------------------------------------------------------------------
span = 7
trace_id = 9667ade14ae6a1d7
span_id = ba797cbb3b0c4af8
parent_id = c7f6915e92d80fb3
start_time = 1682628698004491
end_time = 1682628698006029
inclusive_time = 1538
exclusive_time = 1538
process_id = p6
operationName = MongoFindUser
serviceName = user-review-service
------------------------------------------------------------------------------------
span = 8
trace_id = 9667ade14ae6a1d7
span_id = 7b70c909ca8f75e0
parent_id = 626014657ae6ecea
start_time = 1682628698002203
end_time = 1682628698002317
inclusive_time = 114
exclusive_time = 114
process_id = p2
operationName = MmcSetMovieId
serviceName = movie-id-service
------------------------------------------------------------------------------------
span = 9
trace_id = 9667ade14ae6a1d7
span_id = af17f4321205af1e
parent_id = 626014657ae6ecea
start_time = 1682628698001947
end_time = 1682628698002030
inclusive_time = 83
exclusive_time = 83
process_id = p2
operationName = MmcGetMovieId
serviceName = movie-id-service
------------------------------------------------------------------------------------
