span = 0
trace_id = 8020ef451ccd4587
span_id = 8020ef451ccd4587
parent_id = None
start_time = 1682628698269000
end_time = 1682628698273609
inclusive_time = 4609
exclusive_time = 106
process_id = p3
operationName = /wrk2-api/review/compose
serviceName = nginx
call path = 
------------------------------------------------------------------------------------
span = 1
trace_id = 8020ef451ccd4587
span_id = 23067aa66f9d70c8
parent_id = 8020ef451ccd4587
start_time = 1682628698269106
end_time = 1682628698273609
inclusive_time = 4503
exclusive_time = 104
process_id = p3
operationName = /wrk2-api/review/compose
serviceName = nginx
call path = ->/wrk2-api/review/compose_nginx
------------------------------------------------------------------------------------
span = 2
trace_id = 8020ef451ccd4587
span_id = 3f95054b258d21a6
parent_id = 23067aa66f9d70c8
start_time = 1682628698269152
end_time = 1682628698273551
inclusive_time = 4399
exclusive_time = 1072
process_id = p3
operationName = ComposeReview
serviceName = nginx
call path = ->/wrk2-api/review/compose_nginx->/wrk2-api/review/compose_nginx
------------------------------------------------------------------------------------
span = 3
trace_id = 8020ef451ccd4587
span_id = 56bffbbe1d40ca52
parent_id = 3f95054b258d21a6
start_time = 1682628698269425
end_time = 1682628698272670
inclusive_time = 3245
exclusive_time = 455
process_id = p6
operationName = UploadMovieId
serviceName = movie-id-service
call path = ->/wrk2-api/review/compose_nginx->/wrk2-api/review/compose_nginx->ComposeReview_nginx
------------------------------------------------------------------------------------
span = 4
trace_id = 8020ef451ccd4587
span_id = 6dace8aadc448119
parent_id = 56bffbbe1d40ca52
start_time = 1682628698269816
end_time = 1682628698272507
inclusive_time = 2691
exclusive_time = 266
process_id = p10
operationName = UploadRating
serviceName = rating-service
call path = ->/wrk2-api/review/compose_nginx->/wrk2-api/review/compose_nginx->ComposeReview_nginx->UploadMovieId_movie-id-service
------------------------------------------------------------------------------------
span = 5
trace_id = 8020ef451ccd4587
span_id = 4ac13da6d821b8f4
parent_id = 6dace8aadc448119
start_time = 1682628698270091
end_time = 1682628698272375
inclusive_time = 2284
exclusive_time = 981
process_id = p5
operationName = UploadRating
serviceName = compose-review-service
call path = ->/wrk2-api/review/compose_nginx->/wrk2-api/review/compose_nginx->ComposeReview_nginx->UploadMovieId_movie-id-service->UploadRating_rating-service
------------------------------------------------------------------------------------
span = 6
trace_id = 8020ef451ccd4587
span_id = 94e282544c9169ba
parent_id = 4ac13da6d821b8f4
start_time = 1682628698271014
end_time = 1682628698272241
inclusive_time = 1227
exclusive_time = 31
process_id = p4
operationName = UploadUserReview
serviceName = user-review-service
call path = ->/wrk2-api/review/compose_nginx->/wrk2-api/review/compose_nginx->ComposeReview_nginx->UploadMovieId_movie-id-service->UploadRating_rating-service->UploadRating_compose-review-service
------------------------------------------------------------------------------------
span = 7
trace_id = 8020ef451ccd4587
span_id = 96243f3c53c3ff78
parent_id = 94e282544c9169ba
start_time = 1682628698271045
end_time = 1682628698272245
inclusive_time = 1200
exclusive_time = 1200
process_id = p4
operationName = MongoFindUser
serviceName = user-review-service
call path = ->/wrk2-api/review/compose_nginx->/wrk2-api/review/compose_nginx->ComposeReview_nginx->UploadMovieId_movie-id-service->UploadRating_rating-service->UploadRating_compose-review-service->UploadUserReview_user-review-service
------------------------------------------------------------------------------------
span = 8
trace_id = 8020ef451ccd4587
span_id = 47d4cbd2d3b92df4
parent_id = 56bffbbe1d40ca52
start_time = 1682628698269437
end_time = 1682628698269526
inclusive_time = 89
exclusive_time = 89
process_id = p6
operationName = MmcGetMovieId
serviceName = movie-id-service
call path = ->/wrk2-api/review/compose_nginx->/wrk2-api/review/compose_nginx->ComposeReview_nginx->UploadMovieId_movie-id-service
------------------------------------------------------------------------------------
