span = 0
trace_id = d72aebc930d96348
span_id = d72aebc930d96348
parent_id = None
start_time = 1682628698021000
end_time = 1682628698025633
inclusive_time = 4633
exclusive_time = 214
process_id = p3
operationName = /wrk2-api/review/compose
serviceName = nginx
------------------------------------------------------------------------------------
span = 1
trace_id = d72aebc930d96348
span_id = f3af307ea1ceec08
parent_id = d72aebc930d96348
start_time = 1682628698021214
end_time = 1682628698025633
inclusive_time = 4419
exclusive_time = 89
process_id = p3
operationName = /wrk2-api/review/compose
serviceName = nginx
------------------------------------------------------------------------------------
span = 2
trace_id = d72aebc930d96348
span_id = acd9d794c8a96756
parent_id = f3af307ea1ceec08
start_time = 1682628698021249
end_time = 1682628698025579
inclusive_time = 4330
exclusive_time = 943
process_id = p3
operationName = ComposeReview
serviceName = nginx
------------------------------------------------------------------------------------
span = 3
trace_id = d72aebc930d96348
span_id = 79f0e4bb2bdbc710
parent_id = acd9d794c8a96756
start_time = 1682628698021551
end_time = 1682628698024834
inclusive_time = 3283
exclusive_time = 382
process_id = p1
operationName = UploadMovieId
serviceName = movie-id-service
------------------------------------------------------------------------------------
span = 4
trace_id = d72aebc930d96348
span_id = cdcc8b213820d03c
parent_id = 79f0e4bb2bdbc710
start_time = 1682628698021942
end_time = 1682628698024723
inclusive_time = 2781
exclusive_time = 305
process_id = p9
operationName = UploadRating
serviceName = rating-service
------------------------------------------------------------------------------------
span = 5
trace_id = d72aebc930d96348
span_id = bc2c6ac8c51f2742
parent_id = cdcc8b213820d03c
start_time = 1682628698022167
end_time = 1682628698024572
inclusive_time = 2405
exclusive_time = 1124
process_id = p5
operationName = UploadRating
serviceName = compose-review-service
------------------------------------------------------------------------------------
span = 6
trace_id = d72aebc930d96348
span_id = 22e71c300025c8a8
parent_id = bc2c6ac8c51f2742
start_time = 1682628698023216
end_time = 1682628698024416
inclusive_time = 1200
exclusive_time = 20
process_id = p2
operationName = UploadMovieReview
serviceName = movie-review-service
------------------------------------------------------------------------------------
span = 7
trace_id = d72aebc930d96348
span_id = ec79e29531d8fcb0
parent_id = 22e71c300025c8a8
start_time = 1682628698023236
end_time = 1682628698024420
inclusive_time = 1184
exclusive_time = 1184
process_id = p2
operationName = MongoFindMovie
serviceName = movie-review-service
------------------------------------------------------------------------------------
span = 8
trace_id = d72aebc930d96348
span_id = f66b0a04ee41ae06
parent_id = 79f0e4bb2bdbc710
start_time = 1682628698021569
end_time = 1682628698021658
inclusive_time = 89
exclusive_time = 89
process_id = p1
operationName = MmcGetMovieId
serviceName = movie-id-service
------------------------------------------------------------------------------------
