span = 0
trace_id = ef75cede717ed9c8
span_id = ef75cede717ed9c8
parent_id = None
start_time = 1682628698243000
end_time = 1682628698248325
inclusive_time = 5325
exclusive_time = 733
process_id = p5
operationName = /wrk2-api/review/compose
serviceName = nginx
call path = 
------------------------------------------------------------------------------------
span = 1
trace_id = ef75cede717ed9c8
span_id = 670840db176ebbfb
parent_id = ef75cede717ed9c8
start_time = 1682628698243733
end_time = 1682628698248325
inclusive_time = 4592
exclusive_time = 120
process_id = p5
operationName = /wrk2-api/review/compose
serviceName = nginx
call path = ->/wrk2-api/review/compose_nginx
------------------------------------------------------------------------------------
span = 2
trace_id = ef75cede717ed9c8
span_id = 3725f55447ce0cbb
parent_id = 670840db176ebbfb
start_time = 1682628698243792
end_time = 1682628698248264
inclusive_time = 4472
exclusive_time = 733
process_id = p5
operationName = ComposeReview
serviceName = nginx
call path = ->/wrk2-api/review/compose_nginx->/wrk2-api/review/compose_nginx
------------------------------------------------------------------------------------
span = 3
trace_id = ef75cede717ed9c8
span_id = 01867530f570e3ed
parent_id = 3725f55447ce0cbb
start_time = 1682628698244801
end_time = 1682628698247856
inclusive_time = 3055
exclusive_time = 300
process_id = p7
operationName = UploadUniqueId
serviceName = unique-id-service
call path = ->/wrk2-api/review/compose_nginx->/wrk2-api/review/compose_nginx->ComposeReview_nginx
------------------------------------------------------------------------------------
span = 4
trace_id = ef75cede717ed9c8
span_id = 19ff43f3fbaf9efa
parent_id = 01867530f570e3ed
start_time = 1682628698244966
end_time = 1682628698247721
inclusive_time = 2755
exclusive_time = 1204
process_id = p2
operationName = UploadUniqueId
serviceName = compose-review-service
call path = ->/wrk2-api/review/compose_nginx->/wrk2-api/review/compose_nginx->ComposeReview_nginx->UploadUniqueId_unique-id-service
------------------------------------------------------------------------------------
span = 5
trace_id = ef75cede717ed9c8
span_id = 64125cfb145df3bc
parent_id = 19ff43f3fbaf9efa
start_time = 1682628698246638
end_time = 1682628698247627
inclusive_time = 989
exclusive_time = 18
process_id = p3
operationName = UploadMovieReview
serviceName = movie-review-service
call path = ->/wrk2-api/review/compose_nginx->/wrk2-api/review/compose_nginx->ComposeReview_nginx->UploadUniqueId_unique-id-service->UploadUniqueId_compose-review-service
------------------------------------------------------------------------------------
span = 6
trace_id = ef75cede717ed9c8
span_id = 7267bd8f566871dc
parent_id = 64125cfb145df3bc
start_time = 1682628698246656
end_time = 1682628698247629
inclusive_time = 973
exclusive_time = 973
process_id = p3
operationName = MongoFindMovie
serviceName = movie-review-service
call path = ->/wrk2-api/review/compose_nginx->/wrk2-api/review/compose_nginx->ComposeReview_nginx->UploadUniqueId_unique-id-service->UploadUniqueId_compose-review-service->UploadMovieReview_movie-review-service
------------------------------------------------------------------------------------
span = 7
trace_id = ef75cede717ed9c8
span_id = 8d930113122b1ed9
parent_id = 19ff43f3fbaf9efa
start_time = 1682628698246139
end_time = 1682628698246478
inclusive_time = 339
exclusive_time = 35
process_id = p8
operationName = StoreReview
serviceName = review-storage-service
call path = ->/wrk2-api/review/compose_nginx->/wrk2-api/review/compose_nginx->ComposeReview_nginx->UploadUniqueId_unique-id-service->UploadUniqueId_compose-review-service
------------------------------------------------------------------------------------
span = 8
trace_id = ef75cede717ed9c8
span_id = 0f571cc96f1cb86d
parent_id = 8d930113122b1ed9
start_time = 1682628698246166
end_time = 1682628698246470
inclusive_time = 304
exclusive_time = 304
process_id = p8
operationName = MongoInsertReview
serviceName = review-storage-service
call path = ->/wrk2-api/review/compose_nginx->/wrk2-api/review/compose_nginx->ComposeReview_nginx->UploadUniqueId_unique-id-service->UploadUniqueId_compose-review-service->StoreReview_review-storage-service
------------------------------------------------------------------------------------
span = 9
trace_id = ef75cede717ed9c8
span_id = 226c6b8a6b8af679
parent_id = 3725f55447ce0cbb
start_time = 1682628698244117
end_time = 1682628698244739
inclusive_time = 622
exclusive_time = 236
process_id = p4
operationName = UploadUserWithUsername
serviceName = user-service
call path = ->/wrk2-api/review/compose_nginx->/wrk2-api/review/compose_nginx->ComposeReview_nginx
------------------------------------------------------------------------------------
span = 10
trace_id = ef75cede717ed9c8
span_id = 090cc0f0cc701dcb
parent_id = 226c6b8a6b8af679
start_time = 1682628698244391
end_time = 1682628698244678
inclusive_time = 287
exclusive_time = 287
process_id = p2
operationName = UploadUserId
serviceName = compose-review-service
call path = ->/wrk2-api/review/compose_nginx->/wrk2-api/review/compose_nginx->ComposeReview_nginx->UploadUserWithUsername_user-service
------------------------------------------------------------------------------------
span = 11
trace_id = ef75cede717ed9c8
span_id = 2afaad3fa6f084f5
parent_id = 226c6b8a6b8af679
start_time = 1682628698244133
end_time = 1682628698244232
inclusive_time = 99
exclusive_time = 99
process_id = p4
operationName = MmcGetUserId
serviceName = user-service
call path = ->/wrk2-api/review/compose_nginx->/wrk2-api/review/compose_nginx->ComposeReview_nginx->UploadUserWithUsername_user-service
------------------------------------------------------------------------------------
