span = 0
trace_id = 1423e293adfd9c2f
span_id = 1423e293adfd9c2f
parent_id = None
start_time = 1682628698131000
end_time = 1682628698135918
inclusive_time = 4918
exclusive_time = 356
process_id = p4
operationName = /wrk2-api/review/compose
serviceName = nginx
call path = 
------------------------------------------------------------------------------------
span = 1
trace_id = 1423e293adfd9c2f
span_id = 777e58b49ee6658f
parent_id = 1423e293adfd9c2f
start_time = 1682628698131355
end_time = 1682628698135917
inclusive_time = 4562
exclusive_time = 95
process_id = p4
operationName = /wrk2-api/review/compose
serviceName = nginx
call path = ->/wrk2-api/review/compose_nginx
------------------------------------------------------------------------------------
span = 2
trace_id = 1423e293adfd9c2f
span_id = f2bbac329cc7e015
parent_id = 777e58b49ee6658f
start_time = 1682628698131404
end_time = 1682628698135871
inclusive_time = 4467
exclusive_time = 467
process_id = p4
operationName = ComposeReview
serviceName = nginx
call path = ->/wrk2-api/review/compose_nginx->/wrk2-api/review/compose_nginx
------------------------------------------------------------------------------------
span = 3
trace_id = 1423e293adfd9c2f
span_id = f90add2a5b918652
parent_id = f2bbac329cc7e015
start_time = 1682628698131785
end_time = 1682628698135785
inclusive_time = 4000
exclusive_time = 524
process_id = p1
operationName = UploadMovieId
serviceName = movie-id-service
call path = ->/wrk2-api/review/compose_nginx->/wrk2-api/review/compose_nginx->ComposeReview_nginx
------------------------------------------------------------------------------------
span = 4
trace_id = 1423e293adfd9c2f
span_id = e1a36ff4f0a34f7b
parent_id = f90add2a5b918652
start_time = 1682628698132421
end_time = 1682628698135680
inclusive_time = 3259
exclusive_time = 245
process_id = p3
operationName = UploadRating
serviceName = rating-service
call path = ->/wrk2-api/review/compose_nginx->/wrk2-api/review/compose_nginx->ComposeReview_nginx->UploadMovieId_movie-id-service
------------------------------------------------------------------------------------
span = 5
trace_id = 1423e293adfd9c2f
span_id = 2cedbbce837ff835
parent_id = e1a36ff4f0a34f7b
start_time = 1682628698132671
end_time = 1682628698135548
inclusive_time = 2877
exclusive_time = 1560
process_id = p5
operationName = UploadRating
serviceName = compose-review-service
call path = ->/wrk2-api/review/compose_nginx->/wrk2-api/review/compose_nginx->ComposeReview_nginx->UploadMovieId_movie-id-service->UploadRating_rating-service
------------------------------------------------------------------------------------
span = 6
trace_id = 1423e293adfd9c2f
span_id = 6b74ad8e68f67f25
parent_id = 2cedbbce837ff835
start_time = 1682628698133982
end_time = 1682628698135287
inclusive_time = 1305
exclusive_time = 21
process_id = p6
operationName = UploadMovieReview
serviceName = movie-review-service
call path = ->/wrk2-api/review/compose_nginx->/wrk2-api/review/compose_nginx->ComposeReview_nginx->UploadMovieId_movie-id-service->UploadRating_rating-service->UploadRating_compose-review-service
------------------------------------------------------------------------------------
span = 7
trace_id = 1423e293adfd9c2f
span_id = 86fbf5aa126337c1
parent_id = 6b74ad8e68f67f25
start_time = 1682628698134003
end_time = 1682628698135316
inclusive_time = 1313
exclusive_time = 1313
process_id = p6
operationName = MongoFindMovie
serviceName = movie-review-service
call path = ->/wrk2-api/review/compose_nginx->/wrk2-api/review/compose_nginx->ComposeReview_nginx->UploadMovieId_movie-id-service->UploadRating_rating-service->UploadRating_compose-review-service->UploadMovieReview_movie-review-service
------------------------------------------------------------------------------------
span = 8
trace_id = 1423e293adfd9c2f
span_id = 182f214d0c3d347b
parent_id = f90add2a5b918652
start_time = 1682628698132102
end_time = 1682628698132207
inclusive_time = 105
exclusive_time = 105
process_id = p1
operationName = MmcSetMovieId
serviceName = movie-id-service
call path = ->/wrk2-api/review/compose_nginx->/wrk2-api/review/compose_nginx->ComposeReview_nginx->UploadMovieId_movie-id-service
------------------------------------------------------------------------------------
span = 9
trace_id = 1423e293adfd9c2f
span_id = d76f1fd1e3aaf0ed
parent_id = f90add2a5b918652
start_time = 1682628698131800
end_time = 1682628698131905
inclusive_time = 105
exclusive_time = 105
process_id = p1
operationName = MmcGetMovieId
serviceName = movie-id-service
call path = ->/wrk2-api/review/compose_nginx->/wrk2-api/review/compose_nginx->ComposeReview_nginx->UploadMovieId_movie-id-service
------------------------------------------------------------------------------------
