span 0
span_id = c2e0321bd3d54b59
parent_id = None
start_time = 1682628697865000
end_time = 1682628697869879
inclusive_time = 4879
exclusive_time = 552
process_id = p5
operationName = /wrk2-api/review/compose
serviceName = None
------------------------------------------------------------------------------------
span 1
span_id = 8922c72108ec0365
parent_id = c2e0321bd3d54b59
start_time = 1682628697865551
end_time = 1682628697869878
inclusive_time = 4327
exclusive_time = 98
process_id = p5
operationName = /wrk2-api/review/compose
serviceName = None
------------------------------------------------------------------------------------
span 2
span_id = 2298b56dbc40e844
parent_id = 8922c72108ec0365
start_time = 1682628697865585
end_time = 1682628697869814
inclusive_time = 4229
exclusive_time = 272
process_id = p5
operationName = ComposeReview
serviceName = None
------------------------------------------------------------------------------------
span 3
span_id = b1e0a6c13a1c7790
parent_id = 2298b56dbc40e844
start_time = 1682628697866251
end_time = 1682628697869717
inclusive_time = 3466
exclusive_time = 442
process_id = p4
operationName = UploadMovieId
serviceName = None
------------------------------------------------------------------------------------
span 4
span_id = 9982efa7c8a1a313
parent_id = b1e0a6c13a1c7790
start_time = 1682628697866741
end_time = 1682628697869580
inclusive_time = 2839
exclusive_time = 311
process_id = p8
operationName = UploadRating
serviceName = None
------------------------------------------------------------------------------------
span 5
span_id = 2a0676ff7e58ee75
parent_id = 9982efa7c8a1a313
start_time = 1682628697867177
end_time = 1682628697869446
inclusive_time = 2269
exclusive_time = 1007
process_id = p3
operationName = UploadRating
serviceName = None
------------------------------------------------------------------------------------
span 6
span_id = 7f7b39689f339717
parent_id = 2a0676ff7e58ee75
start_time = 1682628697868092
end_time = 1682628697869284
inclusive_time = 1192
exclusive_time = 17
process_id = p2
operationName = UploadUserReview
serviceName = None
------------------------------------------------------------------------------------
span 7
span_id = b5ce228e23d4fa29
parent_id = 7f7b39689f339717
start_time = 1682628697868109
end_time = 1682628697869288
inclusive_time = 1179
exclusive_time = 1179
process_id = p2
operationName = MongoFindUser
serviceName = None
------------------------------------------------------------------------------------
span 8
span_id = 670596e20ce18a43
parent_id = b1e0a6c13a1c7790
start_time = 1682628697866530
end_time = 1682628697866619
inclusive_time = 89
exclusive_time = 89
process_id = p4
operationName = MmcSetMovieId
serviceName = None
------------------------------------------------------------------------------------
span 9
span_id = 56b58362fed95e6c
parent_id = b1e0a6c13a1c7790
start_time = 1682628697866269
end_time = 1682628697866365
inclusive_time = 96
exclusive_time = 96
process_id = p4
operationName = MmcGetMovieId
serviceName = None
------------------------------------------------------------------------------------
