span = 0
trace_id = a0d9b71bb611f2a0
span_id = a0d9b71bb611f2a0
parent_id = None
start_time = 1682628698124000
end_time = 1682628698129210
inclusive_time = 5210
exclusive_time = 787
process_id = p4
operationName = /wrk2-api/review/compose
serviceName = nginx
------------------------------------------------------------------------------------
span = 1
trace_id = a0d9b71bb611f2a0
span_id = 2f65c38106749477
parent_id = a0d9b71bb611f2a0
start_time = 1682628698124786
end_time = 1682628698129209
inclusive_time = 4423
exclusive_time = 107
process_id = p4
operationName = /wrk2-api/review/compose
serviceName = nginx
------------------------------------------------------------------------------------
span = 2
trace_id = a0d9b71bb611f2a0
span_id = c1869257b1ac60f5
parent_id = 2f65c38106749477
start_time = 1682628698124842
end_time = 1682628698129158
inclusive_time = 4316
exclusive_time = 376
process_id = p4
operationName = ComposeReview
serviceName = nginx
------------------------------------------------------------------------------------
span = 3
trace_id = a0d9b71bb611f2a0
span_id = ee8c05bacf38fd72
parent_id = c1869257b1ac60f5
start_time = 1682628698125250
end_time = 1682628698129060
inclusive_time = 3810
exclusive_time = 359
process_id = p1
operationName = UploadMovieId
serviceName = movie-id-service
------------------------------------------------------------------------------------
span = 4
trace_id = a0d9b71bb611f2a0
span_id = 6c20a5d9165d2b3f
parent_id = ee8c05bacf38fd72
start_time = 1682628698125687
end_time = 1682628698128933
inclusive_time = 3246
exclusive_time = 281
process_id = p3
operationName = UploadRating
serviceName = rating-service
------------------------------------------------------------------------------------
span = 5
trace_id = a0d9b71bb611f2a0
span_id = 2fb54ffb6db3ca15
parent_id = 6c20a5d9165d2b3f
start_time = 1682628698125869
end_time = 1682628698128834
inclusive_time = 2965
exclusive_time = 1217
process_id = p5
operationName = UploadRating
serviceName = compose-review-service
------------------------------------------------------------------------------------
span = 6
trace_id = a0d9b71bb611f2a0
span_id = 05f225b6a63d36e8
parent_id = 2fb54ffb6db3ca15
start_time = 1682628698126819
end_time = 1682628698128538
inclusive_time = 1719
exclusive_time = 17
process_id = p2
operationName = UploadUserReview
serviceName = user-review-service
------------------------------------------------------------------------------------
span = 7
trace_id = a0d9b71bb611f2a0
span_id = 24109e5e5d507349
parent_id = 05f225b6a63d36e8
start_time = 1682628698126836
end_time = 1682628698128543
inclusive_time = 1707
exclusive_time = 1707
process_id = p2
operationName = MongoFindUser
serviceName = user-review-service
------------------------------------------------------------------------------------
span = 8
trace_id = a0d9b71bb611f2a0
span_id = 052008a40f0ce37e
parent_id = ee8c05bacf38fd72
start_time = 1682628698125261
end_time = 1682628698125371
inclusive_time = 110
exclusive_time = 110
process_id = p1
operationName = MmcGetMovieId
serviceName = movie-id-service
------------------------------------------------------------------------------------
