span = 0
trace_id = edb32bd75903e64f
span_id = edb32bd75903e64f
parent_id = None
start_time = 1682628698062000
end_time = 1682628698066546
inclusive_time = 4546
exclusive_time = 605
process_id = p7
operationName = /wrk2-api/review/compose
serviceName = nginx
call path = 
------------------------------------------------------------------------------------
span = 1
trace_id = edb32bd75903e64f
span_id = ca7e9203a3fff787
parent_id = edb32bd75903e64f
start_time = 1682628698062605
end_time = 1682628698066546
inclusive_time = 3941
exclusive_time = 96
process_id = p7
operationName = /wrk2-api/review/compose
serviceName = nginx
call path = ->/wrk2-api/review/compose_nginx
------------------------------------------------------------------------------------
span = 2
trace_id = edb32bd75903e64f
span_id = 9a7c07b0144230e8
parent_id = ca7e9203a3fff787
start_time = 1682628698062653
end_time = 1682628698066498
inclusive_time = 3845
exclusive_time = 489
process_id = p7
operationName = ComposeReview
serviceName = nginx
call path = ->/wrk2-api/review/compose_nginx->/wrk2-api/review/compose_nginx
------------------------------------------------------------------------------------
span = 3
trace_id = edb32bd75903e64f
span_id = 89af1e844d72f493
parent_id = 9a7c07b0144230e8
start_time = 1682628698063014
end_time = 1682628698066247
inclusive_time = 3233
exclusive_time = 345
process_id = p4
operationName = UploadMovieId
serviceName = movie-id-service
call path = ->/wrk2-api/review/compose_nginx->/wrk2-api/review/compose_nginx->ComposeReview_nginx
------------------------------------------------------------------------------------
span = 4
trace_id = edb32bd75903e64f
span_id = fe886038bba1d575
parent_id = 89af1e844d72f493
start_time = 1682628698063525
end_time = 1682628698066081
inclusive_time = 2556
exclusive_time = 221
process_id = p6
operationName = UploadRating
serviceName = rating-service
call path = ->/wrk2-api/review/compose_nginx->/wrk2-api/review/compose_nginx->ComposeReview_nginx->UploadMovieId_movie-id-service
------------------------------------------------------------------------------------
span = 5
trace_id = edb32bd75903e64f
span_id = 4f8a8784addecab8
parent_id = fe886038bba1d575
start_time = 1682628698063700
end_time = 1682628698065978
inclusive_time = 2278
exclusive_time = 1101
process_id = p2
operationName = UploadRating
serviceName = compose-review-service
call path = ->/wrk2-api/review/compose_nginx->/wrk2-api/review/compose_nginx->ComposeReview_nginx->UploadMovieId_movie-id-service->UploadRating_rating-service
------------------------------------------------------------------------------------
span = 6
trace_id = edb32bd75903e64f
span_id = 6a54cc204474ddd1
parent_id = 4f8a8784addecab8
start_time = 1682628698064625
end_time = 1682628698065802
inclusive_time = 1177
exclusive_time = 18
process_id = p5
operationName = UploadUserReview
serviceName = user-review-service
call path = ->/wrk2-api/review/compose_nginx->/wrk2-api/review/compose_nginx->ComposeReview_nginx->UploadMovieId_movie-id-service->UploadRating_rating-service->UploadRating_compose-review-service
------------------------------------------------------------------------------------
span = 7
trace_id = edb32bd75903e64f
span_id = b6f56c0a455d4a14
parent_id = 6a54cc204474ddd1
start_time = 1682628698064643
end_time = 1682628698065805
inclusive_time = 1162
exclusive_time = 1162
process_id = p5
operationName = MongoFindUser
serviceName = user-review-service
call path = ->/wrk2-api/review/compose_nginx->/wrk2-api/review/compose_nginx->ComposeReview_nginx->UploadMovieId_movie-id-service->UploadRating_rating-service->UploadRating_compose-review-service->UploadUserReview_user-review-service
------------------------------------------------------------------------------------
span = 8
trace_id = edb32bd75903e64f
span_id = 56666f5905959a9f
parent_id = 89af1e844d72f493
start_time = 1682628698063249
end_time = 1682628698063350
inclusive_time = 101
exclusive_time = 101
process_id = p4
operationName = MmcSetMovieId
serviceName = movie-id-service
call path = ->/wrk2-api/review/compose_nginx->/wrk2-api/review/compose_nginx->ComposeReview_nginx->UploadMovieId_movie-id-service
------------------------------------------------------------------------------------
span = 9
trace_id = edb32bd75903e64f
span_id = 7202a14390b98c7b
parent_id = 89af1e844d72f493
start_time = 1682628698063025
end_time = 1682628698063110
inclusive_time = 85
exclusive_time = 85
process_id = p4
operationName = MmcGetMovieId
serviceName = movie-id-service
call path = ->/wrk2-api/review/compose_nginx->/wrk2-api/review/compose_nginx->ComposeReview_nginx->UploadMovieId_movie-id-service
------------------------------------------------------------------------------------
