span 0
span_id = db8ef02ed0e09366
parent_id = None
start_time = 1682628697878000
end_time = 1682628697881955
inclusive_time = 3955
exclusive_time = 115
process_id = p2
operationName = /wrk2-api/review/compose
serviceName = None
------------------------------------------------------------------------------------
span 1
span_id = 39c5c202c2ca8b23
parent_id = db8ef02ed0e09366
start_time = 1682628697878114
end_time = 1682628697881954
inclusive_time = 3840
exclusive_time = 107
process_id = p2
operationName = /wrk2-api/review/compose
serviceName = None
------------------------------------------------------------------------------------
span 2
span_id = 96b56d553af9375a
parent_id = 39c5c202c2ca8b23
start_time = 1682628697878148
end_time = 1682628697881881
inclusive_time = 3733
exclusive_time = 322
process_id = p2
operationName = ComposeReview
serviceName = None
------------------------------------------------------------------------------------
span 3
span_id = 548cb2d59b25d9ad
parent_id = 96b56d553af9375a
start_time = 1682628697878440
end_time = 1682628697881742
inclusive_time = 3302
exclusive_time = 383
process_id = p4
operationName = UploadMovieId
serviceName = None
------------------------------------------------------------------------------------
span 4
span_id = d93a49341d0587af
parent_id = 548cb2d59b25d9ad
start_time = 1682628697878883
end_time = 1682628697881629
inclusive_time = 2746
exclusive_time = 450
process_id = p7
operationName = UploadRating
serviceName = None
------------------------------------------------------------------------------------
span 5
span_id = d12cb8adf5f680c5
parent_id = d93a49341d0587af
start_time = 1682628697879075
end_time = 1682628697881371
inclusive_time = 2296
exclusive_time = 1004
process_id = p3
operationName = UploadRating
serviceName = None
------------------------------------------------------------------------------------
span 6
span_id = a0e51223425f7594
parent_id = d12cb8adf5f680c5
start_time = 1682628697879976
end_time = 1682628697881193
inclusive_time = 1217
exclusive_time = 35
process_id = p1
operationName = UploadUserReview
serviceName = None
------------------------------------------------------------------------------------
span 7
span_id = 4aa39f747ef5fd66
parent_id = a0e51223425f7594
start_time = 1682628697880011
end_time = 1682628697881197
inclusive_time = 1186
exclusive_time = 1186
process_id = p1
operationName = MongoFindUser
serviceName = None
------------------------------------------------------------------------------------
span 8
span_id = 0a9e8351e40714f9
parent_id = 548cb2d59b25d9ad
start_time = 1682628697878696
end_time = 1682628697878792
inclusive_time = 96
exclusive_time = 96
process_id = p4
operationName = MmcSetMovieId
serviceName = None
------------------------------------------------------------------------------------
span 9
span_id = 4ca33dd6d94c4967
parent_id = 548cb2d59b25d9ad
start_time = 1682628697878454
end_time = 1682628697878531
inclusive_time = 77
exclusive_time = 77
process_id = p4
operationName = MmcGetMovieId
serviceName = None
------------------------------------------------------------------------------------
