span = 0
trace_id = 2c66ac15d371ca11
span_id = 2c66ac15d371ca11
parent_id = None
start_time = 1682628697932000
end_time = 1682628697938279
inclusive_time = 6279
exclusive_time = 367
process_id = p7
operationName = /wrk2-api/review/compose
serviceName = nginx
------------------------------------------------------------------------------------
span = 1
trace_id = 2c66ac15d371ca11
span_id = 9662ebe19ef0e647
parent_id = 2c66ac15d371ca11
start_time = 1682628697932366
end_time = 1682628697938278
inclusive_time = 5912
exclusive_time = 91
process_id = p7
operationName = /wrk2-api/review/compose
serviceName = nginx
------------------------------------------------------------------------------------
span = 2
trace_id = 2c66ac15d371ca11
span_id = 025a976fabcb6db7
parent_id = 9662ebe19ef0e647
start_time = 1682628697932407
end_time = 1682628697938228
inclusive_time = 5821
exclusive_time = 1092
process_id = p7
operationName = ComposeReview
serviceName = nginx
------------------------------------------------------------------------------------
span = 3
trace_id = 2c66ac15d371ca11
span_id = dad10393adf860a3
parent_id = 025a976fabcb6db7
start_time = 1682628697932884
end_time = 1682628697937308
inclusive_time = 4424
exclusive_time = 811
process_id = p10
operationName = UploadUniqueId
serviceName = unique-id-service
------------------------------------------------------------------------------------
span = 4
trace_id = 2c66ac15d371ca11
span_id = 41bca8bf06133e72
parent_id = dad10393adf860a3
start_time = 1682628697933636
end_time = 1682628697937249
inclusive_time = 3613
exclusive_time = 1819
process_id = p4
operationName = UploadUniqueId
serviceName = compose-review-service
------------------------------------------------------------------------------------
span = 5
trace_id = 2c66ac15d371ca11
span_id = e3d1682e8e225102
parent_id = 41bca8bf06133e72
start_time = 1682628697935335
end_time = 1682628697937058
inclusive_time = 1723
exclusive_time = 24
process_id = p1
operationName = UploadMovieReview
serviceName = movie-review-service
------------------------------------------------------------------------------------
span = 6
trace_id = 2c66ac15d371ca11
span_id = c5471d2ba002cf94
parent_id = e3d1682e8e225102
start_time = 1682628697935359
end_time = 1682628697937084
inclusive_time = 1725
exclusive_time = 1725
process_id = p1
operationName = MongoFindMovie
serviceName = movie-review-service
------------------------------------------------------------------------------------
