span = 0
span_id = 63b256890a2df532
parent_id = None
start_time = 1682628698164000
end_time = 1682628698168868
inclusive_time = 4868
exclusive_time = 521
process_id = p4
operationName = /wrk2-api/review/compose
serviceName = nginx
------------------------------------------------------------------------------------
span = 1
span_id = c13569da390e6ed7
parent_id = 63b256890a2df532
start_time = 1682628698164520
end_time = 1682628698168867
inclusive_time = 4347
exclusive_time = 88
process_id = p4
operationName = /wrk2-api/review/compose
serviceName = nginx
------------------------------------------------------------------------------------
span = 2
span_id = 72a4fa327e954861
parent_id = c13569da390e6ed7
start_time = 1682628698164554
end_time = 1682628698168813
inclusive_time = 4259
exclusive_time = 510
process_id = p4
operationName = ComposeReview
serviceName = nginx
------------------------------------------------------------------------------------
span = 3
span_id = a5837c4388c43cc6
parent_id = 72a4fa327e954861
start_time = 1682628698164799
end_time = 1682628698168471
inclusive_time = 3672
exclusive_time = 385
process_id = p7
operationName = UploadMovieId
serviceName = movie-id-service
------------------------------------------------------------------------------------
span = 4
span_id = 5a9730053462e300
parent_id = a5837c4388c43cc6
start_time = 1682628698165521
end_time = 1682628698168352
inclusive_time = 2831
exclusive_time = 337
process_id = p1
operationName = UploadRating
serviceName = rating-service
------------------------------------------------------------------------------------
span = 5
span_id = 66c2119eb9806d4f
parent_id = 5a9730053462e300
start_time = 1682628698165719
end_time = 1682628698168213
inclusive_time = 2494
exclusive_time = 1027
process_id = p2
operationName = UploadRating
serviceName = compose-review-service
------------------------------------------------------------------------------------
span = 6
span_id = 5e0d45efb0b468d6
parent_id = 66c2119eb9806d4f
start_time = 1682628698166867
end_time = 1682628698168094
inclusive_time = 1227
exclusive_time = 26
process_id = p3
operationName = UploadMovieReview
serviceName = movie-review-service
------------------------------------------------------------------------------------
span = 7
span_id = 94bd0dd53ad953a0
parent_id = 5e0d45efb0b468d6
start_time = 1682628698166893
end_time = 1682628698168099
inclusive_time = 1206
exclusive_time = 1206
process_id = p3
operationName = MongoFindMovie
serviceName = movie-review-service
------------------------------------------------------------------------------------
span = 8
span_id = a9f1f11aaaf3cbaa
parent_id = a5837c4388c43cc6
start_time = 1682628698165088
end_time = 1682628698165208
inclusive_time = 120
exclusive_time = 120
process_id = p7
operationName = MmcSetMovieId
serviceName = movie-id-service
------------------------------------------------------------------------------------
span = 9
span_id = a8da266aa328ba5f
parent_id = a5837c4388c43cc6
start_time = 1682628698164816
end_time = 1682628698164920
inclusive_time = 104
exclusive_time = 104
process_id = p7
operationName = MmcGetMovieId
serviceName = movie-id-service
------------------------------------------------------------------------------------
