span 0
span_id = 0e8ae688df165058
parent_id = None
start_time = 1682628697980000
end_time = 1682628697985230
inclusive_time = 5230
exclusive_time = 1247
process_id = p3
operationName = /wrk2-api/review/compose
serviceName = None
------------------------------------------------------------------------------------
span 1
span_id = 53783cda24e0fb7c
parent_id = 0e8ae688df165058
start_time = 1682628697981247
end_time = 1682628697985230
inclusive_time = 3983
exclusive_time = 113
process_id = p3
operationName = /wrk2-api/review/compose
serviceName = None
------------------------------------------------------------------------------------
span 2
span_id = 85cea94c5e6cd8e3
parent_id = 53783cda24e0fb7c
start_time = 1682628697981286
end_time = 1682628697985156
inclusive_time = 3870
exclusive_time = 257
process_id = p3
operationName = ComposeReview
serviceName = None
------------------------------------------------------------------------------------
span 3
span_id = ddb73dd66f8e3536
parent_id = 85cea94c5e6cd8e3
start_time = 1682628697981560
end_time = 1682628697985081
inclusive_time = 3521
exclusive_time = 431
process_id = p5
operationName = UploadMovieId
serviceName = None
------------------------------------------------------------------------------------
span 4
span_id = 6d8054b74646108f
parent_id = ddb73dd66f8e3536
start_time = 1682628697982122
end_time = 1682628697984893
inclusive_time = 2771
exclusive_time = 1482
process_id = p7
operationName = UploadMovieId
serviceName = None
------------------------------------------------------------------------------------
span 5
span_id = e662612a62407bf8
parent_id = 6d8054b74646108f
start_time = 1682628697983615
end_time = 1682628697984775
inclusive_time = 1160
exclusive_time = 20
process_id = p4
operationName = UploadMovieReview
serviceName = None
------------------------------------------------------------------------------------
span 6
span_id = 74ecf25b9fa623ba
parent_id = e662612a62407bf8
start_time = 1682628697983635
end_time = 1682628697984781
inclusive_time = 1146
exclusive_time = 1146
process_id = p4
operationName = MongoFindMovie
serviceName = None
------------------------------------------------------------------------------------
span 7
span_id = 4d1a4e0e3f58bf3e
parent_id = ddb73dd66f8e3536
start_time = 1682628697981990
end_time = 1682628697982101
inclusive_time = 111
exclusive_time = 111
process_id = p5
operationName = MmcSetMovieId
serviceName = None
------------------------------------------------------------------------------------
span 8
span_id = f4b5a5794cec0c27
parent_id = ddb73dd66f8e3536
start_time = 1682628697981575
end_time = 1682628697981783
inclusive_time = 208
exclusive_time = 208
process_id = p5
operationName = MmcGetMovieId
serviceName = None
------------------------------------------------------------------------------------
