span 0
span_id = 068a793f3dc02e98
parent_id = None
start_time = 1682628698207000
end_time = 1682628698211526
inclusive_time = 4526
exclusive_time = 158
process_id = p7
operationName = /wrk2-api/review/compose
serviceName = None
------------------------------------------------------------------------------------
span 1
span_id = 3d4b9474b3138a52
parent_id = 068a793f3dc02e98
start_time = 1682628698207158
end_time = 1682628698211526
inclusive_time = 4368
exclusive_time = 108
process_id = p7
operationName = /wrk2-api/review/compose
serviceName = None
------------------------------------------------------------------------------------
span 2
span_id = f6d752121c77559b
parent_id = 3d4b9474b3138a52
start_time = 1682628698207206
end_time = 1682628698211466
inclusive_time = 4260
exclusive_time = 279
process_id = p7
operationName = ComposeReview
serviceName = None
------------------------------------------------------------------------------------
span 3
span_id = 1255b8fdf4cb0dca
parent_id = f6d752121c77559b
start_time = 1682628698207474
end_time = 1682628698211379
inclusive_time = 3905
exclusive_time = 316
process_id = p4
operationName = UploadMovieId
serviceName = None
------------------------------------------------------------------------------------
span 4
span_id = ac1f80745e5dc8ac
parent_id = 1255b8fdf4cb0dca
start_time = 1682628698207932
end_time = 1682628698211274
inclusive_time = 3342
exclusive_time = 252
process_id = p10
operationName = UploadRating
serviceName = None
------------------------------------------------------------------------------------
span 5
span_id = 8beab16aa2592b25
parent_id = ac1f80745e5dc8ac
start_time = 1682628698208088
end_time = 1682628698211151
inclusive_time = 3063
exclusive_time = 1286
process_id = p3
operationName = UploadRating
serviceName = None
------------------------------------------------------------------------------------
span 6
span_id = b040dfe3b1c3c325
parent_id = 8beab16aa2592b25
start_time = 1682628698209245
end_time = 1682628698210867
inclusive_time = 1622
exclusive_time = 30
process_id = p5
operationName = UploadMovieReview
serviceName = None
------------------------------------------------------------------------------------
span 7
span_id = 6fb14e0e76dbc193
parent_id = b040dfe3b1c3c325
start_time = 1682628698209275
end_time = 1682628698210871
inclusive_time = 1596
exclusive_time = 1596
process_id = p5
operationName = MongoFindMovie
serviceName = None
------------------------------------------------------------------------------------
span 8
span_id = 14b6add463e5ab39
parent_id = 1255b8fdf4cb0dca
start_time = 1682628698207706
end_time = 1682628698207806
inclusive_time = 100
exclusive_time = 100
process_id = p4
operationName = MmcSetMovieId
serviceName = None
------------------------------------------------------------------------------------
span 9
span_id = a6a4e974a329798f
parent_id = 1255b8fdf4cb0dca
start_time = 1682628698207485
end_time = 1682628698207580
inclusive_time = 95
exclusive_time = 95
process_id = p4
operationName = MmcGetMovieId
serviceName = None
------------------------------------------------------------------------------------
