span = 0
trace_id = 58ae508cee386286
span_id = 58ae508cee386286
parent_id = None
start_time = 1682628697892000
end_time = 1682628697897458
inclusive_time = 5458
exclusive_time = 386
process_id = p3
operationName = /wrk2-api/review/compose
serviceName = nginx
call path = 
------------------------------------------------------------------------------------
span = 1
trace_id = 58ae508cee386286
span_id = e504ab5d9fa83317
parent_id = 58ae508cee386286
start_time = 1682628697892385
end_time = 1682628697897457
inclusive_time = 5072
exclusive_time = 88
process_id = p3
operationName = /wrk2-api/review/compose
serviceName = nginx
call path = ->/wrk2-api/review/compose_nginx
------------------------------------------------------------------------------------
span = 2
trace_id = 58ae508cee386286
span_id = a9b77667ddfb258a
parent_id = e504ab5d9fa83317
start_time = 1682628697892430
end_time = 1682628697897414
inclusive_time = 4984
exclusive_time = 714
process_id = p3
operationName = ComposeReview
serviceName = nginx
call path = ->/wrk2-api/review/compose_nginx->/wrk2-api/review/compose_nginx
------------------------------------------------------------------------------------
span = 3
trace_id = 58ae508cee386286
span_id = 1d7d41b6469b9aef
parent_id = a9b77667ddfb258a
start_time = 1682628697892712
end_time = 1682628697896877
inclusive_time = 4165
exclusive_time = 445
process_id = p2
operationName = UploadMovieId
serviceName = movie-id-service
call path = ->/wrk2-api/review/compose_nginx->/wrk2-api/review/compose_nginx->ComposeReview_nginx
------------------------------------------------------------------------------------
span = 4
trace_id = 58ae508cee386286
span_id = 23e2b8c8d3081129
parent_id = 1d7d41b6469b9aef
start_time = 1682628697893440
end_time = 1682628697896732
inclusive_time = 3292
exclusive_time = 487
process_id = p7
operationName = UploadRating
serviceName = rating-service
call path = ->/wrk2-api/review/compose_nginx->/wrk2-api/review/compose_nginx->ComposeReview_nginx->UploadMovieId_movie-id-service
------------------------------------------------------------------------------------
span = 5
trace_id = 58ae508cee386286
span_id = a9fa3ec755f7a9b1
parent_id = 23e2b8c8d3081129
start_time = 1682628697893613
end_time = 1682628697896376
inclusive_time = 2763
exclusive_time = 1400
process_id = p1
operationName = UploadRating
serviceName = compose-review-service
call path = ->/wrk2-api/review/compose_nginx->/wrk2-api/review/compose_nginx->ComposeReview_nginx->UploadMovieId_movie-id-service->UploadRating_rating-service
------------------------------------------------------------------------------------
span = 6
trace_id = 58ae508cee386286
span_id = 03200f3d922a71dc
parent_id = a9fa3ec755f7a9b1
start_time = 1682628697895000
end_time = 1682628697896252
inclusive_time = 1252
exclusive_time = 37
process_id = p4
operationName = UploadMovieReview
serviceName = movie-review-service
call path = ->/wrk2-api/review/compose_nginx->/wrk2-api/review/compose_nginx->ComposeReview_nginx->UploadMovieId_movie-id-service->UploadRating_rating-service->UploadRating_compose-review-service
------------------------------------------------------------------------------------
span = 7
trace_id = 58ae508cee386286
span_id = a2e2210f5ff46d1a
parent_id = 03200f3d922a71dc
start_time = 1682628697895037
end_time = 1682628697896257
inclusive_time = 1220
exclusive_time = 1220
process_id = p4
operationName = MongoFindMovie
serviceName = movie-review-service
call path = ->/wrk2-api/review/compose_nginx->/wrk2-api/review/compose_nginx->ComposeReview_nginx->UploadMovieId_movie-id-service->UploadRating_rating-service->UploadRating_compose-review-service->UploadMovieReview_movie-review-service
------------------------------------------------------------------------------------
span = 8
trace_id = 58ae508cee386286
span_id = 63e42950ecad598c
parent_id = 1d7d41b6469b9aef
start_time = 1682628697893165
end_time = 1682628697893302
inclusive_time = 137
exclusive_time = 137
process_id = p2
operationName = MmcSetMovieId
serviceName = movie-id-service
call path = ->/wrk2-api/review/compose_nginx->/wrk2-api/review/compose_nginx->ComposeReview_nginx->UploadMovieId_movie-id-service
------------------------------------------------------------------------------------
span = 9
trace_id = 58ae508cee386286
span_id = 01a66b931b85f3f5
parent_id = 1d7d41b6469b9aef
start_time = 1682628697892731
end_time = 1682628697893022
inclusive_time = 291
exclusive_time = 291
process_id = p2
operationName = MmcGetMovieId
serviceName = movie-id-service
call path = ->/wrk2-api/review/compose_nginx->/wrk2-api/review/compose_nginx->ComposeReview_nginx->UploadMovieId_movie-id-service
------------------------------------------------------------------------------------
