span 0
span_id = d4df2daaa7f38fe9
parent_id = None
start_time = 1682628698202000
end_time = 1682628698205888
inclusive_time = 3888
exclusive_time = 170
process_id = p7
operationName = /wrk2-api/review/compose
serviceName = None
------------------------------------------------------------------------------------
span 1
span_id = d941a51e14a2fd1e
parent_id = d4df2daaa7f38fe9
start_time = 1682628698202170
end_time = 1682628698205888
inclusive_time = 3718
exclusive_time = 99
process_id = p7
operationName = /wrk2-api/review/compose
serviceName = None
------------------------------------------------------------------------------------
span 2
span_id = 37577c1f0f78f5c3
parent_id = d941a51e14a2fd1e
start_time = 1682628698202212
end_time = 1682628698205831
inclusive_time = 3619
exclusive_time = 542
process_id = p7
operationName = ComposeReview
serviceName = None
------------------------------------------------------------------------------------
span 3
span_id = 738e6fd04b027515
parent_id = 37577c1f0f78f5c3
start_time = 1682628698202435
end_time = 1682628698205442
inclusive_time = 3007
exclusive_time = 317
process_id = p4
operationName = UploadMovieId
serviceName = None
------------------------------------------------------------------------------------
span 4
span_id = 07a0a8171f264672
parent_id = 738e6fd04b027515
start_time = 1682628698202979
end_time = 1682628698205338
inclusive_time = 2359
exclusive_time = 254
process_id = p10
operationName = UploadRating
serviceName = None
------------------------------------------------------------------------------------
span 5
span_id = 8ed03ef532205a83
parent_id = 07a0a8171f264672
start_time = 1682628698203222
end_time = 1682628698205220
inclusive_time = 1998
exclusive_time = 1018
process_id = p3
operationName = UploadRating
serviceName = None
------------------------------------------------------------------------------------
span 6
span_id = 560466a9800ca01f
parent_id = 8ed03ef532205a83
start_time = 1682628698204157
end_time = 1682628698205110
inclusive_time = 953
exclusive_time = 17
process_id = p2
operationName = UploadUserReview
serviceName = None
------------------------------------------------------------------------------------
span 7
span_id = 44e286645d3b533a
parent_id = 560466a9800ca01f
start_time = 1682628698204174
end_time = 1682628698205113
inclusive_time = 939
exclusive_time = 939
process_id = p2
operationName = MongoFindUser
serviceName = None
------------------------------------------------------------------------------------
span 8
span_id = 223bce2e0e078dc5
parent_id = 738e6fd04b027515
start_time = 1682628698202701
end_time = 1682628698202818
inclusive_time = 117
exclusive_time = 117
process_id = p4
operationName = MmcSetMovieId
serviceName = None
------------------------------------------------------------------------------------
span 9
span_id = f13ea425bb2fb803
parent_id = 738e6fd04b027515
start_time = 1682628698202446
end_time = 1682628698202534
inclusive_time = 88
exclusive_time = 88
process_id = p4
operationName = MmcGetMovieId
serviceName = None
------------------------------------------------------------------------------------
