span = 0
trace_id = c9ce517305e66b3c
span_id = c9ce517305e66b3c
parent_id = None
start_time = 1682628698311000
end_time = 1682628698315751
inclusive_time = 4751
exclusive_time = 586
process_id = p10
operationName = /wrk2-api/review/compose
serviceName = nginx
------------------------------------------------------------------------------------
span = 1
trace_id = c9ce517305e66b3c
span_id = 8959a308d023ca04
parent_id = c9ce517305e66b3c
start_time = 1682628698311586
end_time = 1682628698315751
inclusive_time = 4165
exclusive_time = 106
process_id = p10
operationName = /wrk2-api/review/compose
serviceName = nginx
------------------------------------------------------------------------------------
span = 2
trace_id = c9ce517305e66b3c
span_id = f56657d15b29dc01
parent_id = 8959a308d023ca04
start_time = 1682628698311637
end_time = 1682628698315696
inclusive_time = 4059
exclusive_time = 902
process_id = p10
operationName = ComposeReview
serviceName = nginx
------------------------------------------------------------------------------------
span = 3
trace_id = c9ce517305e66b3c
span_id = e9988a64342d9223
parent_id = f56657d15b29dc01
start_time = 1682628698311941
end_time = 1682628698315047
inclusive_time = 3106
exclusive_time = 354
process_id = p2
operationName = UploadMovieId
serviceName = movie-id-service
------------------------------------------------------------------------------------
span = 4
trace_id = c9ce517305e66b3c
span_id = ca50cacfbe25291b
parent_id = e9988a64342d9223
start_time = 1682628698312290
end_time = 1682628698314893
inclusive_time = 2603
exclusive_time = 222
process_id = p9
operationName = UploadRating
serviceName = rating-service
------------------------------------------------------------------------------------
span = 5
trace_id = c9ce517305e66b3c
span_id = 537808f7ac976374
parent_id = ca50cacfbe25291b
start_time = 1682628698312495
end_time = 1682628698314766
inclusive_time = 2271
exclusive_time = 1216
process_id = p1
operationName = UploadRating
serviceName = compose-review-service
------------------------------------------------------------------------------------
span = 6
trace_id = c9ce517305e66b3c
span_id = 58977ecd6ba758ab
parent_id = 537808f7ac976374
start_time = 1682628698313663
end_time = 1682628698314653
inclusive_time = 990
exclusive_time = 18
process_id = p5
operationName = UploadMovieReview
serviceName = movie-review-service
------------------------------------------------------------------------------------
span = 7
trace_id = c9ce517305e66b3c
span_id = 462c8ba4906f4f6a
parent_id = 58977ecd6ba758ab
start_time = 1682628698313681
end_time = 1682628698314657
inclusive_time = 976
exclusive_time = 976
process_id = p5
operationName = MongoFindMovie
serviceName = movie-review-service
------------------------------------------------------------------------------------
span = 8
trace_id = c9ce517305e66b3c
span_id = f29575cbb9dac79d
parent_id = e9988a64342d9223
start_time = 1682628698311952
end_time = 1682628698312029
inclusive_time = 77
exclusive_time = 77
process_id = p2
operationName = MmcGetMovieId
serviceName = movie-id-service
------------------------------------------------------------------------------------
