span 0
span_id = a65d6d151b83c234
parent_id = None
start_time = 1682628698074000
end_time = 1682628698078481
inclusive_time = 4481
exclusive_time = 193
process_id = p1
operationName = /wrk2-api/review/compose
serviceName = None
------------------------------------------------------------------------------------
span 1
span_id = a873eebc037acff9
parent_id = a65d6d151b83c234
start_time = 1682628698074193
end_time = 1682628698078481
inclusive_time = 4288
exclusive_time = 87
process_id = p1
operationName = /wrk2-api/review/compose
serviceName = None
------------------------------------------------------------------------------------
span 2
span_id = 0c76775edc016563
parent_id = a873eebc037acff9
start_time = 1682628698074235
end_time = 1682628698078436
inclusive_time = 4201
exclusive_time = 763
process_id = p1
operationName = ComposeReview
serviceName = None
------------------------------------------------------------------------------------
span 3
span_id = bc01fa161ab575f5
parent_id = 0c76775edc016563
start_time = 1682628698074515
end_time = 1682628698077837
inclusive_time = 3322
exclusive_time = 680
process_id = p5
operationName = UploadMovieId
serviceName = None
------------------------------------------------------------------------------------
span 4
span_id = 312c456f4713bf73
parent_id = bc01fa161ab575f5
start_time = 1682628698075371
end_time = 1682628698077648
inclusive_time = 2277
exclusive_time = 1084
process_id = p3
operationName = UploadMovieId
serviceName = None
------------------------------------------------------------------------------------
span 5
span_id = c7a8b172564c356b
parent_id = 312c456f4713bf73
start_time = 1682628698076386
end_time = 1682628698077545
inclusive_time = 1159
exclusive_time = 19
process_id = p6
operationName = UploadUserReview
serviceName = None
------------------------------------------------------------------------------------
span 6
span_id = dd51ead0d16c1525
parent_id = c7a8b172564c356b
start_time = 1682628698076405
end_time = 1682628698077552
inclusive_time = 1147
exclusive_time = 1147
process_id = p6
operationName = MongoFindUser
serviceName = None
------------------------------------------------------------------------------------
span 7
span_id = 0ecb6cc85ff057c4
parent_id = bc01fa161ab575f5
start_time = 1682628698074902
end_time = 1682628698074985
inclusive_time = 83
exclusive_time = 83
process_id = p5
operationName = MmcSetMovieId
serviceName = None
------------------------------------------------------------------------------------
span 8
span_id = 3571125d3edfce63
parent_id = bc01fa161ab575f5
start_time = 1682628698074526
end_time = 1682628698074711
inclusive_time = 185
exclusive_time = 185
process_id = p5
operationName = MmcGetMovieId
serviceName = None
------------------------------------------------------------------------------------
