span = 0
trace_id = 50da904b8547bd3e
span_id = 50da904b8547bd3e
parent_id = None
start_time = 1682628698168000
end_time = 1682628698172973
inclusive_time = 4973
exclusive_time = 855
process_id = p7
operationName = /wrk2-api/review/compose
serviceName = nginx
------------------------------------------------------------------------------------
span = 1
trace_id = 50da904b8547bd3e
span_id = a1cedd6c35ba2b3d
parent_id = 50da904b8547bd3e
start_time = 1682628698168854
end_time = 1682628698172972
inclusive_time = 4118
exclusive_time = 125
process_id = p7
operationName = /wrk2-api/review/compose
serviceName = nginx
------------------------------------------------------------------------------------
span = 2
trace_id = 50da904b8547bd3e
span_id = 87a2c8095c4c1633
parent_id = a1cedd6c35ba2b3d
start_time = 1682628698168914
end_time = 1682628698172907
inclusive_time = 3993
exclusive_time = 365
process_id = p7
operationName = ComposeReview
serviceName = nginx
------------------------------------------------------------------------------------
span = 3
trace_id = 50da904b8547bd3e
span_id = 0514f20df3cdab67
parent_id = 87a2c8095c4c1633
start_time = 1682628698169319
end_time = 1682628698172798
inclusive_time = 3479
exclusive_time = 393
process_id = p5
operationName = UploadMovieId
serviceName = movie-id-service
------------------------------------------------------------------------------------
span = 4
trace_id = 50da904b8547bd3e
span_id = eeb324a89446e41b
parent_id = 0514f20df3cdab67
start_time = 1682628698169821
end_time = 1682628698172704
inclusive_time = 2883
exclusive_time = 211
process_id = p10
operationName = UploadRating
serviceName = rating-service
------------------------------------------------------------------------------------
span = 5
trace_id = 50da904b8547bd3e
span_id = 45b05f51bc8ff72f
parent_id = eeb324a89446e41b
start_time = 1682628698170009
end_time = 1682628698172598
inclusive_time = 2589
exclusive_time = 1224
process_id = p1
operationName = UploadRating
serviceName = compose-review-service
------------------------------------------------------------------------------------
span = 6
trace_id = 50da904b8547bd3e
span_id = a50016753d8bd5e7
parent_id = 45b05f51bc8ff72f
start_time = 1682628698171101
end_time = 1682628698172430
inclusive_time = 1329
exclusive_time = 19
process_id = p4
operationName = UploadUserReview
serviceName = user-review-service
------------------------------------------------------------------------------------
span = 7
trace_id = 50da904b8547bd3e
span_id = 0df2f0fd2db88034
parent_id = a50016753d8bd5e7
start_time = 1682628698171120
end_time = 1682628698172491
inclusive_time = 1371
exclusive_time = 1371
process_id = p4
operationName = MongoFindUser
serviceName = user-review-service
------------------------------------------------------------------------------------
span = 8
trace_id = 50da904b8547bd3e
span_id = 9d32b77850e95410
parent_id = 0514f20df3cdab67
start_time = 1682628698169335
end_time = 1682628698169428
inclusive_time = 93
exclusive_time = 93
process_id = p5
operationName = MmcGetMovieId
serviceName = movie-id-service
------------------------------------------------------------------------------------
