span = 0
trace_id = 87dbd61fac3ec87e
span_id = 87dbd61fac3ec87e
parent_id = None
start_time = 1682628698155000
end_time = 1682628698159018
inclusive_time = 4018
exclusive_time = 504
process_id = p2
operationName = /wrk2-api/review/compose
serviceName = nginx
call path = 
------------------------------------------------------------------------------------
span = 1
trace_id = 87dbd61fac3ec87e
span_id = 16e3e9d4ca3ad8b5
parent_id = 87dbd61fac3ec87e
start_time = 1682628698155503
end_time = 1682628698159017
inclusive_time = 3514
exclusive_time = 130
process_id = p2
operationName = /wrk2-api/review/compose
serviceName = nginx
call path = ->/wrk2-api/review/compose_nginx
------------------------------------------------------------------------------------
span = 2
trace_id = 87dbd61fac3ec87e
span_id = 47ef5a2468bcd40e
parent_id = 16e3e9d4ca3ad8b5
start_time = 1682628698155552
end_time = 1682628698158936
inclusive_time = 3384
exclusive_time = 364
process_id = p2
operationName = ComposeReview
serviceName = nginx
call path = ->/wrk2-api/review/compose_nginx->/wrk2-api/review/compose_nginx
------------------------------------------------------------------------------------
span = 3
trace_id = 87dbd61fac3ec87e
span_id = 5e4d447bfd31071a
parent_id = 47ef5a2468bcd40e
start_time = 1682628698156150
end_time = 1682628698158751
inclusive_time = 2601
exclusive_time = 287
process_id = p9
operationName = UploadUniqueId
serviceName = unique-id-service
call path = ->/wrk2-api/review/compose_nginx->/wrk2-api/review/compose_nginx->ComposeReview_nginx
------------------------------------------------------------------------------------
span = 4
trace_id = 87dbd61fac3ec87e
span_id = 8bb0689836317880
parent_id = 5e4d447bfd31071a
start_time = 1682628698156317
end_time = 1682628698158631
inclusive_time = 2314
exclusive_time = 1020
process_id = p3
operationName = UploadUniqueId
serviceName = compose-review-service
call path = ->/wrk2-api/review/compose_nginx->/wrk2-api/review/compose_nginx->ComposeReview_nginx->UploadUniqueId_unique-id-service
------------------------------------------------------------------------------------
span = 5
trace_id = 87dbd61fac3ec87e
span_id = 0767bdcee414f1f9
parent_id = 8bb0689836317880
start_time = 1682628698157383
end_time = 1682628698158517
inclusive_time = 1134
exclusive_time = 20
process_id = p4
operationName = UploadMovieReview
serviceName = movie-review-service
call path = ->/wrk2-api/review/compose_nginx->/wrk2-api/review/compose_nginx->ComposeReview_nginx->UploadUniqueId_unique-id-service->UploadUniqueId_compose-review-service
------------------------------------------------------------------------------------
span = 6
trace_id = 87dbd61fac3ec87e
span_id = 52997e90af580f50
parent_id = 0767bdcee414f1f9
start_time = 1682628698157403
end_time = 1682628698158522
inclusive_time = 1119
exclusive_time = 1119
process_id = p4
operationName = MongoFindMovie
serviceName = movie-review-service
call path = ->/wrk2-api/review/compose_nginx->/wrk2-api/review/compose_nginx->ComposeReview_nginx->UploadUniqueId_unique-id-service->UploadUniqueId_compose-review-service->UploadMovieReview_movie-review-service
------------------------------------------------------------------------------------
