span 0
span_id = 97194c219483ea74
parent_id = None
start_time = 1682628698284000
end_time = 1682628698289001
inclusive_time = 5001
exclusive_time = 242
process_id = p1
operationName = /wrk2-api/review/compose
serviceName = None
------------------------------------------------------------------------------------
span 1
span_id = a828f143401fa25a
parent_id = 97194c219483ea74
start_time = 1682628698284242
end_time = 1682628698289001
inclusive_time = 4759
exclusive_time = 94
process_id = p1
operationName = /wrk2-api/review/compose
serviceName = None
------------------------------------------------------------------------------------
span 2
span_id = f878d82d9571e8b8
parent_id = a828f143401fa25a
start_time = 1682628698284275
end_time = 1682628698288940
inclusive_time = 4665
exclusive_time = 438
process_id = p1
operationName = ComposeReview
serviceName = None
------------------------------------------------------------------------------------
span 3
span_id = 293d0d8339ca394c
parent_id = f878d82d9571e8b8
start_time = 1682628698284463
end_time = 1682628698288690
inclusive_time = 4227
exclusive_time = 1282
process_id = p8
operationName = UploadUserWithUsername
serviceName = None
------------------------------------------------------------------------------------
span 4
span_id = 1d809e58b578c321
parent_id = 293d0d8339ca394c
start_time = 1682628698285725
end_time = 1682628698288564
inclusive_time = 2839
exclusive_time = 1188
process_id = p3
operationName = UploadUserId
serviceName = None
------------------------------------------------------------------------------------
span 5
span_id = bbfdc6211fff8917
parent_id = 1d809e58b578c321
start_time = 1682628698286855
end_time = 1682628698288434
inclusive_time = 1579
exclusive_time = 26
process_id = p7
operationName = UploadMovieReview
serviceName = None
------------------------------------------------------------------------------------
span 6
span_id = c905b3e013c828c6
parent_id = bbfdc6211fff8917
start_time = 1682628698286881
end_time = 1682628698288439
inclusive_time = 1558
exclusive_time = 1558
process_id = p7
operationName = MongoFindMovie
serviceName = None
------------------------------------------------------------------------------------
span 7
span_id = dbaeaa5c9c713746
parent_id = 293d0d8339ca394c
start_time = 1682628698284475
end_time = 1682628698284581
inclusive_time = 106
exclusive_time = 106
process_id = p8
operationName = MmcGetUserId
serviceName = None
------------------------------------------------------------------------------------
