span = 0
span_id = 701af15ea2c5231b
parent_id = None
start_time = 1682628698046000
end_time = 1682628698050171
inclusive_time = 4171
exclusive_time = 362
process_id = p3
operationName = /wrk2-api/review/compose
serviceName = nginx
------------------------------------------------------------------------------------
span = 1
span_id = 23df07689a3bea12
parent_id = 701af15ea2c5231b
start_time = 1682628698046362
end_time = 1682628698050171
inclusive_time = 3809
exclusive_time = 87
process_id = p3
operationName = /wrk2-api/review/compose
serviceName = nginx
------------------------------------------------------------------------------------
span = 2
span_id = bbea72cbfb7f6de3
parent_id = 23df07689a3bea12
start_time = 1682628698046397
end_time = 1682628698050119
inclusive_time = 3722
exclusive_time = 239
process_id = p3
operationName = ComposeReview
serviceName = nginx
------------------------------------------------------------------------------------
span = 3
span_id = 55bef27303f9546d
parent_id = bbea72cbfb7f6de3
start_time = 1682628698046620
end_time = 1682628698050053
inclusive_time = 3433
exclusive_time = 389
process_id = p7
operationName = UploadMovieId
serviceName = movie-id-service
------------------------------------------------------------------------------------
span = 4
span_id = 145f2d1e5873404d
parent_id = 55bef27303f9546d
start_time = 1682628698047102
end_time = 1682628698049873
inclusive_time = 2771
exclusive_time = 248
process_id = p8
operationName = UploadRating
serviceName = rating-service
------------------------------------------------------------------------------------
span = 5
span_id = 1d334d8f19ed7aad
parent_id = 145f2d1e5873404d
start_time = 1682628698047273
end_time = 1682628698049744
inclusive_time = 2471
exclusive_time = 1192
process_id = p5
operationName = UploadRating
serviceName = compose-review-service
------------------------------------------------------------------------------------
span = 6
span_id = e20259b5f8790aff
parent_id = 1d334d8f19ed7aad
start_time = 1682628698048426
end_time = 1682628698049581
inclusive_time = 1155
exclusive_time = 17
process_id = p1
operationName = UploadUserReview
serviceName = user-review-service
------------------------------------------------------------------------------------
span = 7
span_id = 5bf051beba4eac07
parent_id = e20259b5f8790aff
start_time = 1682628698048443
end_time = 1682628698049587
inclusive_time = 1144
exclusive_time = 1144
process_id = p1
operationName = MongoFindUser
serviceName = user-review-service
------------------------------------------------------------------------------------
span = 8
span_id = 809eae548e2930c8
parent_id = 55bef27303f9546d
start_time = 1682628698046631
end_time = 1682628698046774
inclusive_time = 143
exclusive_time = 143
process_id = p7
operationName = MmcGetMovieId
serviceName = movie-id-service
------------------------------------------------------------------------------------
