span = 0
trace_id = 09de1afce57294d0
span_id = 09de1afce57294d0
parent_id = None
start_time = 1682628697927000
end_time = 1682628697933669
inclusive_time = 6669
exclusive_time = 559
process_id = p8
operationName = /wrk2-api/review/compose
serviceName = nginx
call path = 
------------------------------------------------------------------------------------
span = 1
trace_id = 09de1afce57294d0
span_id = b2484cf0db3ae273
parent_id = 09de1afce57294d0
start_time = 1682628697927559
end_time = 1682628697933669
inclusive_time = 6110
exclusive_time = 107
process_id = p8
operationName = /wrk2-api/review/compose
serviceName = nginx
call path = ->/wrk2-api/review/compose_nginx
------------------------------------------------------------------------------------
span = 2
trace_id = 09de1afce57294d0
span_id = 6a8f79734a7425a7
parent_id = b2484cf0db3ae273
start_time = 1682628697927611
end_time = 1682628697933614
inclusive_time = 6003
exclusive_time = 1028
process_id = p8
operationName = ComposeReview
serviceName = nginx
call path = ->/wrk2-api/review/compose_nginx->/wrk2-api/review/compose_nginx
------------------------------------------------------------------------------------
span = 3
trace_id = 09de1afce57294d0
span_id = 5599553202eaf63d
parent_id = 6a8f79734a7425a7
start_time = 1682628697929759
end_time = 1682628697933547
inclusive_time = 3788
exclusive_time = 349
process_id = p7
operationName = UploadMovieId
serviceName = movie-id-service
call path = ->/wrk2-api/review/compose_nginx->/wrk2-api/review/compose_nginx->ComposeReview_nginx
------------------------------------------------------------------------------------
span = 4
trace_id = 09de1afce57294d0
span_id = c1a0052e4d9da250
parent_id = 5599553202eaf63d
start_time = 1682628697930202
end_time = 1682628697933427
inclusive_time = 3225
exclusive_time = 233
process_id = p5
operationName = UploadRating
serviceName = rating-service
call path = ->/wrk2-api/review/compose_nginx->/wrk2-api/review/compose_nginx->ComposeReview_nginx->UploadMovieId_movie-id-service
------------------------------------------------------------------------------------
span = 5
trace_id = 09de1afce57294d0
span_id = 0acff0622e7dbeb4
parent_id = c1a0052e4d9da250
start_time = 1682628697930361
end_time = 1682628697933298
inclusive_time = 2937
exclusive_time = 1129
process_id = p4
operationName = UploadRating
serviceName = compose-review-service
call path = ->/wrk2-api/review/compose_nginx->/wrk2-api/review/compose_nginx->ComposeReview_nginx->UploadMovieId_movie-id-service->UploadRating_rating-service
------------------------------------------------------------------------------------
span = 6
trace_id = 09de1afce57294d0
span_id = 751a22c16523fa34
parent_id = 0acff0622e7dbeb4
start_time = 1682628697931344
end_time = 1682628697933141
inclusive_time = 1797
exclusive_time = 22
process_id = p3
operationName = UploadUserReview
serviceName = user-review-service
call path = ->/wrk2-api/review/compose_nginx->/wrk2-api/review/compose_nginx->ComposeReview_nginx->UploadMovieId_movie-id-service->UploadRating_rating-service->UploadRating_compose-review-service
------------------------------------------------------------------------------------
span = 7
trace_id = 09de1afce57294d0
span_id = 930e86ad94858699
parent_id = 751a22c16523fa34
start_time = 1682628697931366
end_time = 1682628697933145
inclusive_time = 1779
exclusive_time = 1779
process_id = p3
operationName = MongoFindUser
serviceName = user-review-service
call path = ->/wrk2-api/review/compose_nginx->/wrk2-api/review/compose_nginx->ComposeReview_nginx->UploadMovieId_movie-id-service->UploadRating_rating-service->UploadRating_compose-review-service->UploadUserReview_user-review-service
------------------------------------------------------------------------------------
span = 8
trace_id = 09de1afce57294d0
span_id = db67380a585dc792
parent_id = 5599553202eaf63d
start_time = 1682628697930020
end_time = 1682628697930144
inclusive_time = 124
exclusive_time = 124
process_id = p7
operationName = MmcSetMovieId
serviceName = movie-id-service
call path = ->/wrk2-api/review/compose_nginx->/wrk2-api/review/compose_nginx->ComposeReview_nginx->UploadMovieId_movie-id-service
------------------------------------------------------------------------------------
span = 9
trace_id = 09de1afce57294d0
span_id = 4d1a24ba8238b3bd
parent_id = 5599553202eaf63d
start_time = 1682628697929777
end_time = 1682628697929860
inclusive_time = 83
exclusive_time = 83
process_id = p7
operationName = MmcGetMovieId
serviceName = movie-id-service
call path = ->/wrk2-api/review/compose_nginx->/wrk2-api/review/compose_nginx->ComposeReview_nginx->UploadMovieId_movie-id-service
------------------------------------------------------------------------------------
span = 10
trace_id = 09de1afce57294d0
span_id = 99d1127a02959479
parent_id = 6a8f79734a7425a7
start_time = 1682628697928631
end_time = 1682628697929202
inclusive_time = 571
exclusive_time = 210
process_id = p10
operationName = UploadUniqueId
serviceName = unique-id-service
call path = ->/wrk2-api/review/compose_nginx->/wrk2-api/review/compose_nginx->ComposeReview_nginx
------------------------------------------------------------------------------------
span = 11
trace_id = 09de1afce57294d0
span_id = 66058900df4ffe0b
parent_id = 99d1127a02959479
start_time = 1682628697928773
end_time = 1682628697929134
inclusive_time = 361
exclusive_time = 361
process_id = p4
operationName = UploadUniqueId
serviceName = compose-review-service
call path = ->/wrk2-api/review/compose_nginx->/wrk2-api/review/compose_nginx->ComposeReview_nginx->UploadUniqueId_unique-id-service
------------------------------------------------------------------------------------
