span = 0
span_id = ffba8c2ef3717a6e
parent_id = None
start_time = 1682628698140000
end_time = 1682628698145014
inclusive_time = 5014
exclusive_time = 618
process_id = p2
operationName = /wrk2-api/review/compose
serviceName = nginx
------------------------------------------------------------------------------------
span = 1
span_id = eb6450129009a453
parent_id = ffba8c2ef3717a6e
start_time = 1682628698140618
end_time = 1682628698145014
inclusive_time = 4396
exclusive_time = 86
process_id = p2
operationName = /wrk2-api/review/compose
serviceName = nginx
------------------------------------------------------------------------------------
span = 2
span_id = 5a1a9d114386c4ee
parent_id = eb6450129009a453
start_time = 1682628698140650
end_time = 1682628698144960
inclusive_time = 4310
exclusive_time = 919
process_id = p2
operationName = ComposeReview
serviceName = nginx
------------------------------------------------------------------------------------
span = 3
span_id = 082e20644fda68e3
parent_id = 5a1a9d114386c4ee
start_time = 1682628698140882
end_time = 1682628698144186
inclusive_time = 3304
exclusive_time = 367
process_id = p7
operationName = UploadMovieId
serviceName = movie-id-service
------------------------------------------------------------------------------------
span = 4
span_id = 2f6c96e491d64f0b
parent_id = 082e20644fda68e3
start_time = 1682628698141324
end_time = 1682628698144009
inclusive_time = 2685
exclusive_time = 274
process_id = p1
operationName = UploadRating
serviceName = rating-service
------------------------------------------------------------------------------------
span = 5
span_id = cef3d0ead11f2876
parent_id = 2f6c96e491d64f0b
start_time = 1682628698141533
end_time = 1682628698143871
inclusive_time = 2338
exclusive_time = 1114
process_id = p3
operationName = UploadRating
serviceName = compose-review-service
------------------------------------------------------------------------------------
span = 6
span_id = dff48c5fc33f3484
parent_id = cef3d0ead11f2876
start_time = 1682628698142425
end_time = 1682628698143624
inclusive_time = 1199
exclusive_time = 18
process_id = p6
operationName = UploadUserReview
serviceName = user-review-service
------------------------------------------------------------------------------------
span = 7
span_id = 99521f60b4964fe0
parent_id = dff48c5fc33f3484
start_time = 1682628698142443
end_time = 1682628698143627
inclusive_time = 1184
exclusive_time = 1184
process_id = p6
operationName = MongoFindUser
serviceName = user-review-service
------------------------------------------------------------------------------------
span = 8
span_id = 3ef06fd594f1a61b
parent_id = 082e20644fda68e3
start_time = 1682628698141136
end_time = 1682628698141250
inclusive_time = 114
exclusive_time = 114
process_id = p7
operationName = MmcSetMovieId
serviceName = movie-id-service
------------------------------------------------------------------------------------
span = 9
span_id = b2051c7e9634f7f6
parent_id = 082e20644fda68e3
start_time = 1682628698140899
end_time = 1682628698140998
inclusive_time = 99
exclusive_time = 99
process_id = p7
operationName = MmcGetMovieId
serviceName = movie-id-service
------------------------------------------------------------------------------------
