span = 0
trace_id = e57e56486dcfbacf
span_id = e57e56486dcfbacf
parent_id = None
start_time = 1682628697958000
end_time = 1682628697962602
inclusive_time = 4602
exclusive_time = 282
process_id = p6
operationName = /wrk2-api/review/compose
serviceName = nginx
------------------------------------------------------------------------------------
span = 1
trace_id = e57e56486dcfbacf
span_id = 9f480e3b22365f16
parent_id = e57e56486dcfbacf
start_time = 1682628697958282
end_time = 1682628697962602
inclusive_time = 4320
exclusive_time = 98
process_id = p6
operationName = /wrk2-api/review/compose
serviceName = nginx
------------------------------------------------------------------------------------
span = 2
trace_id = e57e56486dcfbacf
span_id = fd2d00b477dc6c86
parent_id = 9f480e3b22365f16
start_time = 1682628697958326
end_time = 1682628697962548
inclusive_time = 4222
exclusive_time = 271
process_id = p6
operationName = ComposeReview
serviceName = nginx
------------------------------------------------------------------------------------
span = 3
trace_id = e57e56486dcfbacf
span_id = 931dc0fb746ac00d
parent_id = fd2d00b477dc6c86
start_time = 1682628697958636
end_time = 1682628697962461
inclusive_time = 3825
exclusive_time = 399
process_id = p8
operationName = UploadMovieId
serviceName = movie-id-service
------------------------------------------------------------------------------------
span = 4
trace_id = e57e56486dcfbacf
span_id = 6096a003a4136e94
parent_id = 931dc0fb746ac00d
start_time = 1682628697959358
end_time = 1682628697962338
inclusive_time = 2980
exclusive_time = 372
process_id = p4
operationName = UploadRating
serviceName = rating-service
------------------------------------------------------------------------------------
span = 5
trace_id = e57e56486dcfbacf
span_id = 6c659e59f8b250fc
parent_id = 6096a003a4136e94
start_time = 1682628697959667
end_time = 1682628697962140
inclusive_time = 2473
exclusive_time = 1065
process_id = p3
operationName = UploadRating
serviceName = compose-review-service
------------------------------------------------------------------------------------
span = 6
trace_id = e57e56486dcfbacf
span_id = e750ec50c89d3da8
parent_id = 6c659e59f8b250fc
start_time = 1682628697960635
end_time = 1682628697962043
inclusive_time = 1408
exclusive_time = 18
process_id = p2
operationName = UploadUserReview
serviceName = user-review-service
------------------------------------------------------------------------------------
span = 7
trace_id = e57e56486dcfbacf
span_id = 2e626b81b1c793d7
parent_id = e750ec50c89d3da8
start_time = 1682628697960653
end_time = 1682628697962046
inclusive_time = 1393
exclusive_time = 1393
process_id = p2
operationName = MongoFindUser
serviceName = user-review-service
------------------------------------------------------------------------------------
span = 8
trace_id = e57e56486dcfbacf
span_id = b275b10e64b5b257
parent_id = 931dc0fb746ac00d
start_time = 1682628697959061
end_time = 1682628697959177
inclusive_time = 116
exclusive_time = 116
process_id = p8
operationName = MmcSetMovieId
serviceName = movie-id-service
------------------------------------------------------------------------------------
span = 9
trace_id = e57e56486dcfbacf
span_id = 0483bc52ae5d4c9b
parent_id = 931dc0fb746ac00d
start_time = 1682628697958661
end_time = 1682628697958832
inclusive_time = 171
exclusive_time = 171
process_id = p8
operationName = MmcGetMovieId
serviceName = movie-id-service
------------------------------------------------------------------------------------
