span = 0
trace_id = 422072617106a3b3
span_id = 422072617106a3b3
parent_id = None
start_time = 1682628697869000
end_time = 1682628697874326
inclusive_time = 5326
exclusive_time = 667
process_id = p3
operationName = /wrk2-api/review/compose
serviceName = nginx
call path = 
------------------------------------------------------------------------------------
span = 1
trace_id = 422072617106a3b3
span_id = 4bdbbaed4d057021
parent_id = 422072617106a3b3
start_time = 1682628697869667
end_time = 1682628697874326
inclusive_time = 4659
exclusive_time = 100
process_id = p3
operationName = /wrk2-api/review/compose
serviceName = nginx
call path = ->/wrk2-api/review/compose_nginx
------------------------------------------------------------------------------------
span = 2
trace_id = 422072617106a3b3
span_id = 720377b424b1d8c4
parent_id = 4bdbbaed4d057021
start_time = 1682628697869708
end_time = 1682628697874267
inclusive_time = 4559
exclusive_time = 432
process_id = p3
operationName = ComposeReview
serviceName = nginx
call path = ->/wrk2-api/review/compose_nginx->/wrk2-api/review/compose_nginx
------------------------------------------------------------------------------------
span = 3
trace_id = 422072617106a3b3
span_id = 93deeb25160ba1c8
parent_id = 720377b424b1d8c4
start_time = 1682628697870222
end_time = 1682628697874045
inclusive_time = 3823
exclusive_time = 474
process_id = p5
operationName = UploadMovieId
serviceName = movie-id-service
call path = ->/wrk2-api/review/compose_nginx->/wrk2-api/review/compose_nginx->ComposeReview_nginx
------------------------------------------------------------------------------------
span = 4
trace_id = 422072617106a3b3
span_id = c8a229ad1a8c1b3c
parent_id = 93deeb25160ba1c8
start_time = 1682628697871085
end_time = 1682628697873832
inclusive_time = 2747
exclusive_time = 482
process_id = p8
operationName = UploadRating
serviceName = rating-service
call path = ->/wrk2-api/review/compose_nginx->/wrk2-api/review/compose_nginx->ComposeReview_nginx->UploadMovieId_movie-id-service
------------------------------------------------------------------------------------
span = 5
trace_id = 422072617106a3b3
span_id = 004bf1f239e8c98f
parent_id = c8a229ad1a8c1b3c
start_time = 1682628697871338
end_time = 1682628697873603
inclusive_time = 2265
exclusive_time = 874
process_id = p4
operationName = UploadRating
serviceName = compose-review-service
call path = ->/wrk2-api/review/compose_nginx->/wrk2-api/review/compose_nginx->ComposeReview_nginx->UploadMovieId_movie-id-service->UploadRating_rating-service
------------------------------------------------------------------------------------
span = 6
trace_id = 422072617106a3b3
span_id = 120a38bbdbb787cd
parent_id = 004bf1f239e8c98f
start_time = 1682628697872299
end_time = 1682628697873491
inclusive_time = 1192
exclusive_time = 33
process_id = p6
operationName = UploadMovieReview
serviceName = movie-review-service
call path = ->/wrk2-api/review/compose_nginx->/wrk2-api/review/compose_nginx->ComposeReview_nginx->UploadMovieId_movie-id-service->UploadRating_rating-service->UploadRating_compose-review-service
------------------------------------------------------------------------------------
span = 7
trace_id = 422072617106a3b3
span_id = d7bc5711112dcc8a
parent_id = 120a38bbdbb787cd
start_time = 1682628697872332
end_time = 1682628697873496
inclusive_time = 1164
exclusive_time = 1164
process_id = p6
operationName = MongoFindMovie
serviceName = movie-review-service
call path = ->/wrk2-api/review/compose_nginx->/wrk2-api/review/compose_nginx->ComposeReview_nginx->UploadMovieId_movie-id-service->UploadRating_rating-service->UploadRating_compose-review-service->UploadMovieReview_movie-review-service
------------------------------------------------------------------------------------
span = 8
trace_id = 422072617106a3b3
span_id = 71703a64333f5e56
parent_id = 93deeb25160ba1c8
start_time = 1682628697870242
end_time = 1682628697870755
inclusive_time = 513
exclusive_time = 513
process_id = p5
operationName = MmcGetMovieId
serviceName = movie-id-service
call path = ->/wrk2-api/review/compose_nginx->/wrk2-api/review/compose_nginx->ComposeReview_nginx->UploadMovieId_movie-id-service
------------------------------------------------------------------------------------
