span 0
span_id = a53893309be5abce
parent_id = None
start_time = 1682628697968000
end_time = 1682628697972016
inclusive_time = 4016
exclusive_time = 102
process_id = p7
operationName = /wrk2-api/review/compose
serviceName = None
------------------------------------------------------------------------------------
span 1
span_id = e07e37edc1307de5
parent_id = a53893309be5abce
start_time = 1682628697968101
end_time = 1682628697972015
inclusive_time = 3914
exclusive_time = 113
process_id = p7
operationName = /wrk2-api/review/compose
serviceName = None
------------------------------------------------------------------------------------
span 2
span_id = 77c67b684416da90
parent_id = e07e37edc1307de5
start_time = 1682628697968161
end_time = 1682628697971962
inclusive_time = 3801
exclusive_time = 302
process_id = p7
operationName = ComposeReview
serviceName = None
------------------------------------------------------------------------------------
span 3
span_id = 959c6ed2bcbd7300
parent_id = 77c67b684416da90
start_time = 1682628697968544
end_time = 1682628697971895
inclusive_time = 3351
exclusive_time = 422
process_id = p6
operationName = UploadMovieId
serviceName = None
------------------------------------------------------------------------------------
span 4
span_id = 3cab224106f0bd17
parent_id = 959c6ed2bcbd7300
start_time = 1682628697969142
end_time = 1682628697971734
inclusive_time = 2592
exclusive_time = 1282
process_id = p2
operationName = UploadMovieId
serviceName = None
------------------------------------------------------------------------------------
span 5
span_id = 4ecbd0efc0e2ea7a
parent_id = 3cab224106f0bd17
start_time = 1682628697970371
end_time = 1682628697971599
inclusive_time = 1228
exclusive_time = 28
process_id = p1
operationName = UploadUserReview
serviceName = None
------------------------------------------------------------------------------------
span 6
span_id = d1ef48afb622b3a7
parent_id = 4ecbd0efc0e2ea7a
start_time = 1682628697970399
end_time = 1682628697971603
inclusive_time = 1204
exclusive_time = 1204
process_id = p1
operationName = MongoFindUser
serviceName = None
------------------------------------------------------------------------------------
span 7
span_id = 946d8b87e8c087b1
parent_id = 959c6ed2bcbd7300
start_time = 1682628697968555
end_time = 1682628697968860
inclusive_time = 305
exclusive_time = 305
process_id = p6
operationName = MmcGetMovieId
serviceName = None
------------------------------------------------------------------------------------
