span = 0
trace_id = 2baa0124d71e95a1
span_id = 2baa0124d71e95a1
parent_id = None
start_time = 1682628698261000
end_time = 1682628698264640
inclusive_time = 3640
exclusive_time = 152
process_id = p3
operationName = /wrk2-api/review/compose
serviceName = nginx
call path = 
------------------------------------------------------------------------------------
span = 1
trace_id = 2baa0124d71e95a1
span_id = 244c2140cc0dea4f
parent_id = 2baa0124d71e95a1
start_time = 1682628698261151
end_time = 1682628698264639
inclusive_time = 3488
exclusive_time = 99
process_id = p3
operationName = /wrk2-api/review/compose
serviceName = nginx
call path = ->/wrk2-api/review/compose_nginx
------------------------------------------------------------------------------------
span = 2
trace_id = 2baa0124d71e95a1
span_id = 51cd5bd09b5585aa
parent_id = 244c2140cc0dea4f
start_time = 1682628698261200
end_time = 1682628698264589
inclusive_time = 3389
exclusive_time = 291
process_id = p3
operationName = ComposeReview
serviceName = nginx
call path = ->/wrk2-api/review/compose_nginx->/wrk2-api/review/compose_nginx
------------------------------------------------------------------------------------
span = 3
trace_id = 2baa0124d71e95a1
span_id = fd7f6cd36ba02ecf
parent_id = 51cd5bd09b5585aa
start_time = 1682628698261501
end_time = 1682628698264500
inclusive_time = 2999
exclusive_time = 302
process_id = p6
operationName = UploadMovieId
serviceName = movie-id-service
call path = ->/wrk2-api/review/compose_nginx->/wrk2-api/review/compose_nginx->ComposeReview_nginx
------------------------------------------------------------------------------------
span = 4
trace_id = 2baa0124d71e95a1
span_id = 4dbe5da9d59754dd
parent_id = fd7f6cd36ba02ecf
start_time = 1682628698261928
end_time = 1682628698264377
inclusive_time = 2449
exclusive_time = 284
process_id = p10
operationName = UploadRating
serviceName = rating-service
call path = ->/wrk2-api/review/compose_nginx->/wrk2-api/review/compose_nginx->ComposeReview_nginx->UploadMovieId_movie-id-service
------------------------------------------------------------------------------------
span = 5
trace_id = 2baa0124d71e95a1
span_id = 2427b19da8c290df
parent_id = 4dbe5da9d59754dd
start_time = 1682628698262093
end_time = 1682628698264258
inclusive_time = 2165
exclusive_time = 1035
process_id = p5
operationName = UploadRating
serviceName = compose-review-service
call path = ->/wrk2-api/review/compose_nginx->/wrk2-api/review/compose_nginx->ComposeReview_nginx->UploadMovieId_movie-id-service->UploadRating_rating-service
------------------------------------------------------------------------------------
span = 6
trace_id = 2baa0124d71e95a1
span_id = a13791d568d14f95
parent_id = 2427b19da8c290df
start_time = 1682628698262949
end_time = 1682628698264020
inclusive_time = 1071
exclusive_time = 28
process_id = p1
operationName = UploadMovieReview
serviceName = movie-review-service
call path = ->/wrk2-api/review/compose_nginx->/wrk2-api/review/compose_nginx->ComposeReview_nginx->UploadMovieId_movie-id-service->UploadRating_rating-service->UploadRating_compose-review-service
------------------------------------------------------------------------------------
span = 7
trace_id = 2baa0124d71e95a1
span_id = cc033b86d90a06f8
parent_id = a13791d568d14f95
start_time = 1682628698262977
end_time = 1682628698264026
inclusive_time = 1049
exclusive_time = 1049
process_id = p1
operationName = MongoFindMovie
serviceName = movie-review-service
call path = ->/wrk2-api/review/compose_nginx->/wrk2-api/review/compose_nginx->ComposeReview_nginx->UploadMovieId_movie-id-service->UploadRating_rating-service->UploadRating_compose-review-service->UploadMovieReview_movie-review-service
------------------------------------------------------------------------------------
span = 8
trace_id = 2baa0124d71e95a1
span_id = 3e017864a47807fc
parent_id = fd7f6cd36ba02ecf
start_time = 1682628698261764
end_time = 1682628698261868
inclusive_time = 104
exclusive_time = 104
process_id = p6
operationName = MmcSetMovieId
serviceName = movie-id-service
call path = ->/wrk2-api/review/compose_nginx->/wrk2-api/review/compose_nginx->ComposeReview_nginx->UploadMovieId_movie-id-service
------------------------------------------------------------------------------------
span = 9
trace_id = 2baa0124d71e95a1
span_id = fd21b5d654d3f0d9
parent_id = fd7f6cd36ba02ecf
start_time = 1682628698261519
end_time = 1682628698261623
inclusive_time = 104
exclusive_time = 104
process_id = p6
operationName = MmcGetMovieId
serviceName = movie-id-service
call path = ->/wrk2-api/review/compose_nginx->/wrk2-api/review/compose_nginx->ComposeReview_nginx->UploadMovieId_movie-id-service
------------------------------------------------------------------------------------
