span = 0
span_id = 9a5b84097dc8b24b
parent_id = None
start_time = 1682628698018000
end_time = 1682628698023253
inclusive_time = 5253
exclusive_time = 736
process_id = p7
operationName = /wrk2-api/review/compose
serviceName = nginx
------------------------------------------------------------------------------------
span = 1
span_id = 78b98188508e0e45
parent_id = 9a5b84097dc8b24b
start_time = 1682628698018735
end_time = 1682628698023252
inclusive_time = 4517
exclusive_time = 101
process_id = p7
operationName = /wrk2-api/review/compose
serviceName = nginx
------------------------------------------------------------------------------------
span = 2
span_id = fa334435fc9de189
parent_id = 78b98188508e0e45
start_time = 1682628698018780
end_time = 1682628698023196
inclusive_time = 4416
exclusive_time = 945
process_id = p7
operationName = ComposeReview
serviceName = nginx
------------------------------------------------------------------------------------
span = 3
span_id = 9a47af33c02ffe6b
parent_id = fa334435fc9de189
start_time = 1682628698019117
end_time = 1682628698022588
inclusive_time = 3471
exclusive_time = 384
process_id = p2
operationName = UploadMovieId
serviceName = movie-id-service
------------------------------------------------------------------------------------
span = 4
span_id = 5c0139f594520fef
parent_id = 9a47af33c02ffe6b
start_time = 1682628698019503
end_time = 1682628698022466
inclusive_time = 2963
exclusive_time = 216
process_id = p9
operationName = UploadRating
serviceName = rating-service
------------------------------------------------------------------------------------
span = 5
span_id = 2ad1111bcdb3e4c5
parent_id = 5c0139f594520fef
start_time = 1682628698019718
end_time = 1682628698022364
inclusive_time = 2646
exclusive_time = 1449
process_id = p4
operationName = UploadRating
serviceName = compose-review-service
------------------------------------------------------------------------------------
span = 6
span_id = 458b09c8448fb2be
parent_id = 2ad1111bcdb3e4c5
start_time = 1682628698021223
end_time = 1682628698022263
inclusive_time = 1040
exclusive_time = 37
process_id = p5
operationName = UploadUserReview
serviceName = user-review-service
------------------------------------------------------------------------------------
span = 7
span_id = 27828b9091efa869
parent_id = 458b09c8448fb2be
start_time = 1682628698021260
end_time = 1682628698022268
inclusive_time = 1008
exclusive_time = 1008
process_id = p5
operationName = MongoFindUser
serviceName = user-review-service
------------------------------------------------------------------------------------
span = 8
span_id = 8db7b42f3b5dafe7
parent_id = 9a47af33c02ffe6b
start_time = 1682628698019132
end_time = 1682628698019228
inclusive_time = 96
exclusive_time = 96
process_id = p2
operationName = MmcGetMovieId
serviceName = movie-id-service
------------------------------------------------------------------------------------
