span 0
span_id = 7655150d2fe08b4b
parent_id = None
start_time = 1682628698207000
end_time = 1682628698212633
inclusive_time = 5633
exclusive_time = 1155
process_id = p6
operationName = /wrk2-api/review/compose
serviceName = None
------------------------------------------------------------------------------------
span 1
span_id = 157db8286477e25e
parent_id = 7655150d2fe08b4b
start_time = 1682628698208155
end_time = 1682628698212633
inclusive_time = 4478
exclusive_time = 95
process_id = p6
operationName = /wrk2-api/review/compose
serviceName = None
------------------------------------------------------------------------------------
span 2
span_id = ca68149848af2ad9
parent_id = 157db8286477e25e
start_time = 1682628698208190
end_time = 1682628698212573
inclusive_time = 4383
exclusive_time = 256
process_id = p6
operationName = ComposeReview
serviceName = None
------------------------------------------------------------------------------------
span 3
span_id = 2a30463864ef6130
parent_id = ca68149848af2ad9
start_time = 1682628698208459
end_time = 1682628698212493
inclusive_time = 4034
exclusive_time = 589
process_id = p3
operationName = UploadMovieId
serviceName = None
------------------------------------------------------------------------------------
span 4
span_id = 95653458db703fbc
parent_id = 2a30463864ef6130
start_time = 1682628698209185
end_time = 1682628698212383
inclusive_time = 3198
exclusive_time = 299
process_id = p10
operationName = UploadRating
serviceName = None
------------------------------------------------------------------------------------
span 5
span_id = 57c316018bcebc93
parent_id = 95653458db703fbc
start_time = 1682628698209382
end_time = 1682628698212255
inclusive_time = 2873
exclusive_time = 1599
process_id = p2
operationName = UploadRating
serviceName = None
------------------------------------------------------------------------------------
span 6
span_id = c65d13325c6ea316
parent_id = 57c316018bcebc93
start_time = 1682628698210587
end_time = 1682628698211859
inclusive_time = 1272
exclusive_time = 19
process_id = p1
operationName = UploadUserReview
serviceName = None
------------------------------------------------------------------------------------
span 7
span_id = 603e7a9f09f8cb13
parent_id = c65d13325c6ea316
start_time = 1682628698210606
end_time = 1682628698211865
inclusive_time = 1259
exclusive_time = 1259
process_id = p1
operationName = MongoFindUser
serviceName = None
------------------------------------------------------------------------------------
span 8
span_id = 5d5057b63b3e02ca
parent_id = 2a30463864ef6130
start_time = 1682628698209003
end_time = 1682628698209112
inclusive_time = 109
exclusive_time = 109
process_id = p3
operationName = MmcSetMovieId
serviceName = None
------------------------------------------------------------------------------------
span 9
span_id = 6c09f8a6dab91cec
parent_id = 2a30463864ef6130
start_time = 1682628698208480
end_time = 1682628698208599
inclusive_time = 119
exclusive_time = 119
process_id = p3
operationName = MmcGetMovieId
serviceName = None
------------------------------------------------------------------------------------
