span 0
span_id = 30453c01b484cc09
parent_id = None
start_time = 1682628697896000
end_time = 1682628697901073
inclusive_time = 5073
exclusive_time = 963
process_id = p3
operationName = /wrk2-api/review/compose
serviceName = None
------------------------------------------------------------------------------------
span 1
span_id = 09c064b58cc92e3b
parent_id = 30453c01b484cc09
start_time = 1682628697896963
end_time = 1682628697901073
inclusive_time = 4110
exclusive_time = 102
process_id = p3
operationName = /wrk2-api/review/compose
serviceName = None
------------------------------------------------------------------------------------
span 2
span_id = 62b0b7ab4c253411
parent_id = 09c064b58cc92e3b
start_time = 1682628697897007
end_time = 1682628697901015
inclusive_time = 4008
exclusive_time = 911
process_id = p3
operationName = ComposeReview
serviceName = None
------------------------------------------------------------------------------------
span 3
span_id = d9cf682f9936b5b4
parent_id = 62b0b7ab4c253411
start_time = 1682628697897275
end_time = 1682628697900310
inclusive_time = 3035
exclusive_time = 337
process_id = p2
operationName = UploadMovieId
serviceName = None
------------------------------------------------------------------------------------
span 4
span_id = ff4e92f9a52037dc
parent_id = d9cf682f9936b5b4
start_time = 1682628697897706
end_time = 1682628697900161
inclusive_time = 2455
exclusive_time = 253
process_id = p7
operationName = UploadRating
serviceName = None
------------------------------------------------------------------------------------
span 5
span_id = dfaa10f525d1e52f
parent_id = ff4e92f9a52037dc
start_time = 1682628697897846
end_time = 1682628697900025
inclusive_time = 2179
exclusive_time = 1096
process_id = p1
operationName = UploadRating
serviceName = None
------------------------------------------------------------------------------------
span 6
span_id = 6f4e294b13eeba62
parent_id = dfaa10f525d1e52f
start_time = 1682628697898849
end_time = 1682628697899891
inclusive_time = 1042
exclusive_time = 24
process_id = p4
operationName = UploadMovieReview
serviceName = None
------------------------------------------------------------------------------------
span 7
span_id = a6c760bc24a9faad
parent_id = 6f4e294b13eeba62
start_time = 1682628697898873
end_time = 1682628697899895
inclusive_time = 1022
exclusive_time = 1022
process_id = p4
operationName = MongoFindMovie
serviceName = None
------------------------------------------------------------------------------------
span 8
span_id = 2b15f19182a9cc01
parent_id = d9cf682f9936b5b4
start_time = 1682628697897513
end_time = 1682628697897634
inclusive_time = 121
exclusive_time = 121
process_id = p2
operationName = MmcSetMovieId
serviceName = None
------------------------------------------------------------------------------------
span 9
span_id = e1496384d3c9e633
parent_id = d9cf682f9936b5b4
start_time = 1682628697897287
end_time = 1682628697897360
inclusive_time = 73
exclusive_time = 73
process_id = p2
operationName = MmcGetMovieId
serviceName = None
------------------------------------------------------------------------------------
