span = 0
trace_id = aff99b55a7ca08a0
span_id = aff99b55a7ca08a0
parent_id = None
start_time = 1682628698144000
end_time = 1682628698148635
inclusive_time = 4635
exclusive_time = 180
process_id = p4
operationName = /wrk2-api/review/compose
serviceName = nginx
------------------------------------------------------------------------------------
span = 1
trace_id = aff99b55a7ca08a0
span_id = 7a68ffa29cbcc75b
parent_id = aff99b55a7ca08a0
start_time = 1682628698144180
end_time = 1682628698148635
inclusive_time = 4455
exclusive_time = 97
process_id = p4
operationName = /wrk2-api/review/compose
serviceName = nginx
------------------------------------------------------------------------------------
span = 2
trace_id = aff99b55a7ca08a0
span_id = 19a0d3be1a4ca852
parent_id = 7a68ffa29cbcc75b
start_time = 1682628698144219
end_time = 1682628698148577
inclusive_time = 4358
exclusive_time = 267
process_id = p4
operationName = ComposeReview
serviceName = nginx
------------------------------------------------------------------------------------
span = 3
trace_id = aff99b55a7ca08a0
span_id = 95972e09f1163e2d
parent_id = 19a0d3be1a4ca852
start_time = 1682628698144512
end_time = 1682628698148507
inclusive_time = 3995
exclusive_time = 392
process_id = p7
operationName = UploadMovieId
serviceName = movie-id-service
------------------------------------------------------------------------------------
span = 4
trace_id = aff99b55a7ca08a0
span_id = 07842447961af9c3
parent_id = 95972e09f1163e2d
start_time = 1682628698144980
end_time = 1682628698148270
inclusive_time = 3290
exclusive_time = 224
process_id = p1
operationName = UploadRating
serviceName = rating-service
------------------------------------------------------------------------------------
span = 5
trace_id = aff99b55a7ca08a0
span_id = 990475c180c80197
parent_id = 07842447961af9c3
start_time = 1682628698145157
end_time = 1682628698148169
inclusive_time = 3012
exclusive_time = 1883
process_id = p2
operationName = UploadRating
serviceName = compose-review-service
------------------------------------------------------------------------------------
span = 6
trace_id = aff99b55a7ca08a0
span_id = 48a9b53a256e8cc7
parent_id = 990475c180c80197
start_time = 1682628698146920
end_time = 1682628698147991
inclusive_time = 1071
exclusive_time = 19
process_id = p6
operationName = UploadUserReview
serviceName = user-review-service
------------------------------------------------------------------------------------
span = 7
trace_id = aff99b55a7ca08a0
span_id = 49555418a14873a4
parent_id = 48a9b53a256e8cc7
start_time = 1682628698146939
end_time = 1682628698147996
inclusive_time = 1057
exclusive_time = 1057
process_id = p6
operationName = MongoFindUser
serviceName = user-review-service
------------------------------------------------------------------------------------
span = 8
trace_id = aff99b55a7ca08a0
span_id = 2e296f239fbb9daf
parent_id = 95972e09f1163e2d
start_time = 1682628698144771
end_time = 1682628698144961
inclusive_time = 190
exclusive_time = 190
process_id = p7
operationName = MmcSetMovieId
serviceName = movie-id-service
------------------------------------------------------------------------------------
span = 9
trace_id = aff99b55a7ca08a0
span_id = 60144c1867f1dc85
parent_id = 95972e09f1163e2d
start_time = 1682628698144524
end_time = 1682628698144628
inclusive_time = 104
exclusive_time = 104
process_id = p7
operationName = MmcGetMovieId
serviceName = movie-id-service
------------------------------------------------------------------------------------
