span = 0
span_id = ae828989f23fa7a0
parent_id = None
start_time = 1682628697956000
end_time = 1682628697961067
inclusive_time = 5067
exclusive_time = 951
process_id = p6
operationName = /wrk2-api/review/compose
serviceName = nginx
------------------------------------------------------------------------------------
span = 1
span_id = 135c6ba3ec45c1fb
parent_id = ae828989f23fa7a0
start_time = 1682628697956951
end_time = 1682628697961067
inclusive_time = 4116
exclusive_time = 105
process_id = p6
operationName = /wrk2-api/review/compose
serviceName = nginx
------------------------------------------------------------------------------------
span = 2
span_id = 6737ea4c0e313820
parent_id = 135c6ba3ec45c1fb
start_time = 1682628697956989
end_time = 1682628697961000
inclusive_time = 4011
exclusive_time = 235
process_id = p6
operationName = ComposeReview
serviceName = nginx
------------------------------------------------------------------------------------
span = 3
span_id = 71b95ce5cbed5492
parent_id = 6737ea4c0e313820
start_time = 1682628697957233
end_time = 1682628697960924
inclusive_time = 3691
exclusive_time = 350
process_id = p8
operationName = UploadMovieId
serviceName = movie-id-service
------------------------------------------------------------------------------------
span = 4
span_id = 4cc5831d46aef2bc
parent_id = 71b95ce5cbed5492
start_time = 1682628697957640
end_time = 1682628697960777
inclusive_time = 3137
exclusive_time = 216
process_id = p4
operationName = UploadRating
serviceName = rating-service
------------------------------------------------------------------------------------
span = 5
span_id = d4d95963758b8937
parent_id = 4cc5831d46aef2bc
start_time = 1682628697957798
end_time = 1682628697960667
inclusive_time = 2869
exclusive_time = 1319
process_id = p3
operationName = UploadRating
serviceName = compose-review-service
------------------------------------------------------------------------------------
span = 6
span_id = 996d0ee421b5a34f
parent_id = d4d95963758b8937
start_time = 1682628697959365
end_time = 1682628697960566
inclusive_time = 1201
exclusive_time = 25
process_id = p7
operationName = UploadMovieReview
serviceName = movie-review-service
------------------------------------------------------------------------------------
span = 7
span_id = 0a9727899877ddca
parent_id = 996d0ee421b5a34f
start_time = 1682628697959390
end_time = 1682628697960571
inclusive_time = 1181
exclusive_time = 1181
process_id = p7
operationName = MongoFindMovie
serviceName = movie-review-service
------------------------------------------------------------------------------------
span = 8
span_id = c0f87869d1d2c838
parent_id = d4d95963758b8937
start_time = 1682628697959058
end_time = 1682628697959347
inclusive_time = 289
exclusive_time = 34
process_id = p9
operationName = StoreReview
serviceName = review-storage-service
------------------------------------------------------------------------------------
span = 9
span_id = e44eed8f8ecbfd7c
parent_id = c0f87869d1d2c838
start_time = 1682628697959082
end_time = 1682628697959337
inclusive_time = 255
exclusive_time = 255
process_id = p9
operationName = MongoInsertReview
serviceName = review-storage-service
------------------------------------------------------------------------------------
span = 10
span_id = f997be7c8c892187
parent_id = 71b95ce5cbed5492
start_time = 1682628697957491
end_time = 1682628697957579
inclusive_time = 88
exclusive_time = 88
process_id = p8
operationName = MmcSetMovieId
serviceName = movie-id-service
------------------------------------------------------------------------------------
span = 11
span_id = b1f4243a57743373
parent_id = 71b95ce5cbed5492
start_time = 1682628697957252
end_time = 1682628697957346
inclusive_time = 94
exclusive_time = 94
process_id = p8
operationName = MmcGetMovieId
serviceName = movie-id-service
------------------------------------------------------------------------------------
