span = 0
trace_id = 8ae1389b3581f47e
span_id = 8ae1389b3581f47e
parent_id = None
start_time = 1682628697987000
end_time = 1682628697991697
inclusive_time = 4697
exclusive_time = 382
process_id = p4
operationName = /wrk2-api/review/compose
serviceName = nginx
call path = 
------------------------------------------------------------------------------------
span = 1
trace_id = 8ae1389b3581f47e
span_id = 2563f5a12aab10dd
parent_id = 8ae1389b3581f47e
start_time = 1682628697987382
end_time = 1682628697991697
inclusive_time = 4315
exclusive_time = 130
process_id = p4
operationName = /wrk2-api/review/compose
serviceName = nginx
call path = ->/wrk2-api/review/compose_nginx
------------------------------------------------------------------------------------
span = 2
trace_id = 8ae1389b3581f47e
span_id = d2729087bda33af3
parent_id = 2563f5a12aab10dd
start_time = 1682628697987451
end_time = 1682628697991636
inclusive_time = 4185
exclusive_time = 328
process_id = p4
operationName = ComposeReview
serviceName = nginx
call path = ->/wrk2-api/review/compose_nginx->/wrk2-api/review/compose_nginx
------------------------------------------------------------------------------------
span = 3
trace_id = 8ae1389b3581f47e
span_id = ceac5ad1694aba7f
parent_id = d2729087bda33af3
start_time = 1682628697987853
end_time = 1682628697991553
inclusive_time = 3700
exclusive_time = 462
process_id = p3
operationName = UploadMovieId
serviceName = movie-id-service
call path = ->/wrk2-api/review/compose_nginx->/wrk2-api/review/compose_nginx->ComposeReview_nginx
------------------------------------------------------------------------------------
span = 4
trace_id = 8ae1389b3581f47e
span_id = 9fe037a9011af60b
parent_id = ceac5ad1694aba7f
start_time = 1682628697988532
end_time = 1682628697991408
inclusive_time = 2876
exclusive_time = 269
process_id = p10
operationName = UploadRating
serviceName = rating-service
call path = ->/wrk2-api/review/compose_nginx->/wrk2-api/review/compose_nginx->ComposeReview_nginx->UploadMovieId_movie-id-service
------------------------------------------------------------------------------------
span = 5
trace_id = 8ae1389b3581f47e
span_id = 76c2499378e35b9d
parent_id = 9fe037a9011af60b
start_time = 1682628697988691
end_time = 1682628697991298
inclusive_time = 2607
exclusive_time = 1347
process_id = p6
operationName = UploadRating
serviceName = compose-review-service
call path = ->/wrk2-api/review/compose_nginx->/wrk2-api/review/compose_nginx->ComposeReview_nginx->UploadMovieId_movie-id-service->UploadRating_rating-service
------------------------------------------------------------------------------------
span = 6
trace_id = 8ae1389b3581f47e
span_id = c008bad5cc4ff61c
parent_id = 76c2499378e35b9d
start_time = 1682628697989919
end_time = 1682628697991129
inclusive_time = 1210
exclusive_time = 32
process_id = p2
operationName = UploadMovieReview
serviceName = movie-review-service
call path = ->/wrk2-api/review/compose_nginx->/wrk2-api/review/compose_nginx->ComposeReview_nginx->UploadMovieId_movie-id-service->UploadRating_rating-service->UploadRating_compose-review-service
------------------------------------------------------------------------------------
span = 7
trace_id = 8ae1389b3581f47e
span_id = d4ebf4ffcaccdac0
parent_id = c008bad5cc4ff61c
start_time = 1682628697989951
end_time = 1682628697991133
inclusive_time = 1182
exclusive_time = 1182
process_id = p2
operationName = MongoFindMovie
serviceName = movie-review-service
call path = ->/wrk2-api/review/compose_nginx->/wrk2-api/review/compose_nginx->ComposeReview_nginx->UploadMovieId_movie-id-service->UploadRating_rating-service->UploadRating_compose-review-service->UploadMovieReview_movie-review-service
------------------------------------------------------------------------------------
span = 8
trace_id = 8ae1389b3581f47e
span_id = 7695308fa04c6c3d
parent_id = ceac5ad1694aba7f
start_time = 1682628697988267
end_time = 1682628697988378
inclusive_time = 111
exclusive_time = 111
process_id = p3
operationName = MmcSetMovieId
serviceName = movie-id-service
call path = ->/wrk2-api/review/compose_nginx->/wrk2-api/review/compose_nginx->ComposeReview_nginx->UploadMovieId_movie-id-service
------------------------------------------------------------------------------------
span = 9
trace_id = 8ae1389b3581f47e
span_id = 08c434419cf91e96
parent_id = ceac5ad1694aba7f
start_time = 1682628697987873
end_time = 1682628697988003
inclusive_time = 130
exclusive_time = 130
process_id = p3
operationName = MmcGetMovieId
serviceName = movie-id-service
call path = ->/wrk2-api/review/compose_nginx->/wrk2-api/review/compose_nginx->ComposeReview_nginx->UploadMovieId_movie-id-service
------------------------------------------------------------------------------------
