span = 0
trace_id = 95112a204846f251
span_id = 95112a204846f251
parent_id = None
start_time = 1682628697913000
end_time = 1682628697917426
inclusive_time = 4426
exclusive_time = 250
process_id = p8
operationName = /wrk2-api/review/compose
serviceName = nginx
call path = 
------------------------------------------------------------------------------------
span = 1
trace_id = 95112a204846f251
span_id = 23eac8a7ed0814f5
parent_id = 95112a204846f251
start_time = 1682628697913250
end_time = 1682628697917426
inclusive_time = 4176
exclusive_time = 104
process_id = p8
operationName = /wrk2-api/review/compose
serviceName = nginx
call path = ->/wrk2-api/review/compose_nginx
------------------------------------------------------------------------------------
span = 2
trace_id = 95112a204846f251
span_id = a783c3c27938a8a7
parent_id = 23eac8a7ed0814f5
start_time = 1682628697913298
end_time = 1682628697917370
inclusive_time = 4072
exclusive_time = 265
process_id = p8
operationName = ComposeReview
serviceName = nginx
call path = ->/wrk2-api/review/compose_nginx->/wrk2-api/review/compose_nginx
------------------------------------------------------------------------------------
span = 3
trace_id = 95112a204846f251
span_id = 45c782a9e69137c7
parent_id = a783c3c27938a8a7
start_time = 1682628697913581
end_time = 1682628697917295
inclusive_time = 3714
exclusive_time = 543
process_id = p7
operationName = UploadMovieId
serviceName = movie-id-service
call path = ->/wrk2-api/review/compose_nginx->/wrk2-api/review/compose_nginx->ComposeReview_nginx
------------------------------------------------------------------------------------
span = 4
trace_id = 95112a204846f251
span_id = c67a99f6495184b9
parent_id = 45c782a9e69137c7
start_time = 1682628697914239
end_time = 1682628697917141
inclusive_time = 2902
exclusive_time = 378
process_id = p5
operationName = UploadRating
serviceName = rating-service
call path = ->/wrk2-api/review/compose_nginx->/wrk2-api/review/compose_nginx->ComposeReview_nginx->UploadMovieId_movie-id-service
------------------------------------------------------------------------------------
span = 5
trace_id = 95112a204846f251
span_id = 76686e18d337c0ea
parent_id = c67a99f6495184b9
start_time = 1682628697914588
end_time = 1682628697917011
inclusive_time = 2423
exclusive_time = 1201
process_id = p4
operationName = UploadRating
serviceName = compose-review-service
call path = ->/wrk2-api/review/compose_nginx->/wrk2-api/review/compose_nginx->ComposeReview_nginx->UploadMovieId_movie-id-service->UploadRating_rating-service
------------------------------------------------------------------------------------
span = 6
trace_id = 95112a204846f251
span_id = 0d57b0e092f5641b
parent_id = 76686e18d337c0ea
start_time = 1682628697915610
end_time = 1682628697916832
inclusive_time = 1222
exclusive_time = 21
process_id = p3
operationName = UploadUserReview
serviceName = user-review-service
call path = ->/wrk2-api/review/compose_nginx->/wrk2-api/review/compose_nginx->ComposeReview_nginx->UploadMovieId_movie-id-service->UploadRating_rating-service->UploadRating_compose-review-service
------------------------------------------------------------------------------------
span = 7
trace_id = 95112a204846f251
span_id = 4b92614adb6105d9
parent_id = 0d57b0e092f5641b
start_time = 1682628697915631
end_time = 1682628697916839
inclusive_time = 1208
exclusive_time = 1208
process_id = p3
operationName = MongoFindUser
serviceName = user-review-service
call path = ->/wrk2-api/review/compose_nginx->/wrk2-api/review/compose_nginx->ComposeReview_nginx->UploadMovieId_movie-id-service->UploadRating_rating-service->UploadRating_compose-review-service->UploadUserReview_user-review-service
------------------------------------------------------------------------------------
span = 8
trace_id = 95112a204846f251
span_id = 2ebf0723f9e9056a
parent_id = 45c782a9e69137c7
start_time = 1682628697913598
end_time = 1682628697913702
inclusive_time = 104
exclusive_time = 104
process_id = p7
operationName = MmcGetMovieId
serviceName = movie-id-service
call path = ->/wrk2-api/review/compose_nginx->/wrk2-api/review/compose_nginx->ComposeReview_nginx->UploadMovieId_movie-id-service
------------------------------------------------------------------------------------
