span = 0
trace_id = 126648ad49f127a1
span_id = 126648ad49f127a1
parent_id = None
start_time = 1682628697906000
end_time = 1682628697912632
inclusive_time = 6632
exclusive_time = 1508
process_id = p2
operationName = /wrk2-api/review/compose
serviceName = nginx
------------------------------------------------------------------------------------
span = 1
trace_id = 126648ad49f127a1
span_id = 84edc17a143e8431
parent_id = 126648ad49f127a1
start_time = 1682628697907508
end_time = 1682628697912632
inclusive_time = 5124
exclusive_time = 89
process_id = p2
operationName = /wrk2-api/review/compose
serviceName = nginx
------------------------------------------------------------------------------------
span = 2
trace_id = 126648ad49f127a1
span_id = fbcd0274503bbe81
parent_id = 84edc17a143e8431
start_time = 1682628697907541
end_time = 1682628697912576
inclusive_time = 5035
exclusive_time = 754
process_id = p2
operationName = ComposeReview
serviceName = nginx
------------------------------------------------------------------------------------
span = 3
trace_id = 126648ad49f127a1
span_id = bffdcea4c606ac80
parent_id = fbcd0274503bbe81
start_time = 1682628697907871
end_time = 1682628697911981
inclusive_time = 4110
exclusive_time = 179
process_id = p8
operationName = UploadText
serviceName = text-service
------------------------------------------------------------------------------------
span = 4
trace_id = 126648ad49f127a1
span_id = 6325833304d7a35f
parent_id = bffdcea4c606ac80
start_time = 1682628697907976
end_time = 1682628697911907
inclusive_time = 3931
exclusive_time = 2433
process_id = p6
operationName = UploadText
serviceName = compose-review-service
------------------------------------------------------------------------------------
span = 5
trace_id = 126648ad49f127a1
span_id = 4c41ceb610dfd626
parent_id = 6325833304d7a35f
start_time = 1682628697910428
end_time = 1682628697911756
inclusive_time = 1328
exclusive_time = 26
process_id = p3
operationName = UploadMovieReview
serviceName = movie-review-service
------------------------------------------------------------------------------------
span = 6
trace_id = 126648ad49f127a1
span_id = b491787e9f72232e
parent_id = 4c41ceb610dfd626
start_time = 1682628697910454
end_time = 1682628697911761
inclusive_time = 1307
exclusive_time = 1307
process_id = p3
operationName = MongoFindMovie
serviceName = movie-review-service
------------------------------------------------------------------------------------
