span = 0
trace_id = c8b08844d689bbc8
span_id = c8b08844d689bbc8
parent_id = None
start_time = 1682628698217000
end_time = 1682628698222484
inclusive_time = 5484
exclusive_time = 1443
process_id = p6
operationName = /wrk2-api/review/compose
serviceName = nginx
call path = 
------------------------------------------------------------------------------------
span = 1
trace_id = c8b08844d689bbc8
span_id = 492b5db43b37fde3
parent_id = c8b08844d689bbc8
start_time = 1682628698218443
end_time = 1682628698222484
inclusive_time = 4041
exclusive_time = 102
process_id = p6
operationName = /wrk2-api/review/compose
serviceName = nginx
call path = ->/wrk2-api/review/compose_nginx
------------------------------------------------------------------------------------
span = 2
trace_id = c8b08844d689bbc8
span_id = a44a7113009520fd
parent_id = 492b5db43b37fde3
start_time = 1682628698218488
end_time = 1682628698222427
inclusive_time = 3939
exclusive_time = 360
process_id = p6
operationName = ComposeReview
serviceName = nginx
call path = ->/wrk2-api/review/compose_nginx->/wrk2-api/review/compose_nginx
------------------------------------------------------------------------------------
span = 3
trace_id = c8b08844d689bbc8
span_id = 13fddcd607799f13
parent_id = a44a7113009520fd
start_time = 1682628698218825
end_time = 1682628698222342
inclusive_time = 3517
exclusive_time = 650
process_id = p2
operationName = UploadMovieId
serviceName = movie-id-service
call path = ->/wrk2-api/review/compose_nginx->/wrk2-api/review/compose_nginx->ComposeReview_nginx
------------------------------------------------------------------------------------
span = 4
trace_id = c8b08844d689bbc8
span_id = c6d1df064e21929d
parent_id = 13fddcd607799f13
start_time = 1682628698219521
end_time = 1682628698222204
inclusive_time = 2683
exclusive_time = 225
process_id = p10
operationName = UploadRating
serviceName = rating-service
call path = ->/wrk2-api/review/compose_nginx->/wrk2-api/review/compose_nginx->ComposeReview_nginx->UploadMovieId_movie-id-service
------------------------------------------------------------------------------------
span = 5
trace_id = c8b08844d689bbc8
span_id = 0f94311896210833
parent_id = c6d1df064e21929d
start_time = 1682628698219663
end_time = 1682628698222083
inclusive_time = 2420
exclusive_time = 1162
process_id = p3
operationName = UploadRating
serviceName = compose-review-service
call path = ->/wrk2-api/review/compose_nginx->/wrk2-api/review/compose_nginx->ComposeReview_nginx->UploadMovieId_movie-id-service->UploadRating_rating-service
------------------------------------------------------------------------------------
span = 6
trace_id = c8b08844d689bbc8
span_id = 08d2abbf85a36b4c
parent_id = 0f94311896210833
start_time = 1682628698220695
end_time = 1682628698221931
inclusive_time = 1236
exclusive_time = 27
process_id = p1
operationName = UploadUserReview
serviceName = user-review-service
call path = ->/wrk2-api/review/compose_nginx->/wrk2-api/review/compose_nginx->ComposeReview_nginx->UploadMovieId_movie-id-service->UploadRating_rating-service->UploadRating_compose-review-service
------------------------------------------------------------------------------------
span = 7
trace_id = c8b08844d689bbc8
span_id = ee3c5102f79f7cbf
parent_id = 08d2abbf85a36b4c
start_time = 1682628698220722
end_time = 1682628698221941
inclusive_time = 1219
exclusive_time = 1219
process_id = p1
operationName = MongoFindUser
serviceName = user-review-service
call path = ->/wrk2-api/review/compose_nginx->/wrk2-api/review/compose_nginx->ComposeReview_nginx->UploadMovieId_movie-id-service->UploadRating_rating-service->UploadRating_compose-review-service->UploadUserReview_user-review-service
------------------------------------------------------------------------------------
span = 8
trace_id = c8b08844d689bbc8
span_id = 1ab28277f1ea8bd7
parent_id = 13fddcd607799f13
start_time = 1682628698219348
end_time = 1682628698219428
inclusive_time = 80
exclusive_time = 80
process_id = p2
operationName = MmcSetMovieId
serviceName = movie-id-service
call path = ->/wrk2-api/review/compose_nginx->/wrk2-api/review/compose_nginx->ComposeReview_nginx->UploadMovieId_movie-id-service
------------------------------------------------------------------------------------
span = 9
trace_id = c8b08844d689bbc8
span_id = f643e7f51fe6af00
parent_id = 13fddcd607799f13
start_time = 1682628698218842
end_time = 1682628698218946
inclusive_time = 104
exclusive_time = 104
process_id = p2
operationName = MmcGetMovieId
serviceName = movie-id-service
call path = ->/wrk2-api/review/compose_nginx->/wrk2-api/review/compose_nginx->ComposeReview_nginx->UploadMovieId_movie-id-service
------------------------------------------------------------------------------------
