span 0
span_id = 82c54163f6a554df
parent_id = None
start_time = 1682628698136000
end_time = 1682628698140484
inclusive_time = 4484
exclusive_time = 280
process_id = p3
operationName = /wrk2-api/review/compose
serviceName = None
------------------------------------------------------------------------------------
span 1
span_id = 540b66e2ff68b500
parent_id = 82c54163f6a554df
start_time = 1682628698136280
end_time = 1682628698140484
inclusive_time = 4204
exclusive_time = 100
process_id = p3
operationName = /wrk2-api/review/compose
serviceName = None
------------------------------------------------------------------------------------
span 2
span_id = 8e5adebaee4ab26b
parent_id = 540b66e2ff68b500
start_time = 1682628698136317
end_time = 1682628698140421
inclusive_time = 4104
exclusive_time = 278
process_id = p3
operationName = ComposeReview
serviceName = None
------------------------------------------------------------------------------------
span 3
span_id = ff5710341a4a6fbf
parent_id = 8e5adebaee4ab26b
start_time = 1682628698136607
end_time = 1682628698140325
inclusive_time = 3718
exclusive_time = 283
process_id = p7
operationName = UploadMovieId
serviceName = None
------------------------------------------------------------------------------------
span 4
span_id = c9d36569142fcc1a
parent_id = ff5710341a4a6fbf
start_time = 1682628698137502
end_time = 1682628698140203
inclusive_time = 2701
exclusive_time = 271
process_id = p2
operationName = UploadRating
serviceName = None
------------------------------------------------------------------------------------
span 5
span_id = 38122f73b17e1fdd
parent_id = c9d36569142fcc1a
start_time = 1682628698137677
end_time = 1682628698140017
inclusive_time = 2340
exclusive_time = 1061
process_id = p4
operationName = UploadRating
serviceName = None
------------------------------------------------------------------------------------
span 6
span_id = 35fe83cf89b89197
parent_id = 38122f73b17e1fdd
start_time = 1682628698138642
end_time = 1682628698139833
inclusive_time = 1191
exclusive_time = 59
process_id = p5
operationName = UploadMovieReview
serviceName = None
------------------------------------------------------------------------------------
span 7
span_id = 5b51ad992c5c736d
parent_id = 35fe83cf89b89197
start_time = 1682628698138701
end_time = 1682628698139839
inclusive_time = 1138
exclusive_time = 1138
process_id = p5
operationName = MongoFindMovie
serviceName = None
------------------------------------------------------------------------------------
span 8
span_id = 25799d4a0188a0d1
parent_id = ff5710341a4a6fbf
start_time = 1682628698137160
end_time = 1682628698137324
inclusive_time = 164
exclusive_time = 164
process_id = p7
operationName = MmcSetMovieId
serviceName = None
------------------------------------------------------------------------------------
span 9
span_id = 19f13e9d79d5441f
parent_id = ff5710341a4a6fbf
start_time = 1682628698136624
end_time = 1682628698137016
inclusive_time = 392
exclusive_time = 392
process_id = p7
operationName = MmcGetMovieId
serviceName = None
------------------------------------------------------------------------------------
