span 0
span_id = a38fd129242a84f3
parent_id = None
start_time = 1682628698084000
end_time = 1682628698087921
inclusive_time = 3921
exclusive_time = 57
process_id = p7
operationName = /wrk2-api/review/compose
serviceName = None
------------------------------------------------------------------------------------
span 1
span_id = 31079118cd3c8a79
parent_id = a38fd129242a84f3
start_time = 1682628698084056
end_time = 1682628698087920
inclusive_time = 3864
exclusive_time = 92
process_id = p7
operationName = /wrk2-api/review/compose
serviceName = None
------------------------------------------------------------------------------------
span 2
span_id = 97d086e34adfabc5
parent_id = 31079118cd3c8a79
start_time = 1682628698084103
end_time = 1682628698087875
inclusive_time = 3772
exclusive_time = 363
process_id = p7
operationName = ComposeReview
serviceName = None
------------------------------------------------------------------------------------
span 3
span_id = b4111eafa11b307a
parent_id = 97d086e34adfabc5
start_time = 1682628698084452
end_time = 1682628698087730
inclusive_time = 3278
exclusive_time = 495
process_id = p4
operationName = UploadMovieId
serviceName = None
------------------------------------------------------------------------------------
span 4
span_id = 831a7e6699fd2428
parent_id = b4111eafa11b307a
start_time = 1682628698085048
end_time = 1682628698087605
inclusive_time = 2557
exclusive_time = 253
process_id = p6
operationName = UploadRating
serviceName = None
------------------------------------------------------------------------------------
span 5
span_id = 852132fcb180a805
parent_id = 831a7e6699fd2428
start_time = 1682628698085205
end_time = 1682628698087490
inclusive_time = 2285
exclusive_time = 1072
process_id = p2
operationName = UploadRating
serviceName = None
------------------------------------------------------------------------------------
span 6
span_id = 4005347f77afe009
parent_id = 852132fcb180a805
start_time = 1682628698086246
end_time = 1682628698087357
inclusive_time = 1111
exclusive_time = 26
process_id = p1
operationName = UploadMovieReview
serviceName = None
------------------------------------------------------------------------------------
span 7
span_id = c3a27bc1f38e6fe9
parent_id = 4005347f77afe009
start_time = 1682628698086272
end_time = 1682628698087363
inclusive_time = 1091
exclusive_time = 1091
process_id = p1
operationName = MongoFindMovie
serviceName = None
------------------------------------------------------------------------------------
span 8
span_id = eedbde6b458f3603
parent_id = b4111eafa11b307a
start_time = 1682628698084765
end_time = 1682628698084863
inclusive_time = 98
exclusive_time = 98
process_id = p4
operationName = MmcSetMovieId
serviceName = None
------------------------------------------------------------------------------------
span 9
span_id = 4f794835ca9b112a
parent_id = b4111eafa11b307a
start_time = 1682628698084465
end_time = 1682628698084580
inclusive_time = 115
exclusive_time = 115
process_id = p4
operationName = MmcGetMovieId
serviceName = None
------------------------------------------------------------------------------------
