span = 0
trace_id = da7a462e0ac0cb47
span_id = da7a462e0ac0cb47
parent_id = None
start_time = 1682628698160000
end_time = 1682628698164500
inclusive_time = 4500
exclusive_time = 358
process_id = p8
operationName = /wrk2-api/review/compose
serviceName = nginx
------------------------------------------------------------------------------------
span = 1
trace_id = da7a462e0ac0cb47
span_id = 87fbb9ff1e8f3dae
parent_id = da7a462e0ac0cb47
start_time = 1682628698160358
end_time = 1682628698164500
inclusive_time = 4142
exclusive_time = 99
process_id = p8
operationName = /wrk2-api/review/compose
serviceName = nginx
------------------------------------------------------------------------------------
span = 2
trace_id = da7a462e0ac0cb47
span_id = d49b5ae540681a7f
parent_id = 87fbb9ff1e8f3dae
start_time = 1682628698160392
end_time = 1682628698164435
inclusive_time = 4043
exclusive_time = 556
process_id = p8
operationName = ComposeReview
serviceName = nginx
------------------------------------------------------------------------------------
span = 3
trace_id = da7a462e0ac0cb47
span_id = 98571b1a75023b84
parent_id = d49b5ae540681a7f
start_time = 1682628698160739
end_time = 1682628698164027
inclusive_time = 3288
exclusive_time = 338
process_id = p6
operationName = UploadMovieId
serviceName = movie-id-service
------------------------------------------------------------------------------------
span = 4
trace_id = da7a462e0ac0cb47
span_id = 21826f772ace1c55
parent_id = 98571b1a75023b84
start_time = 1682628698161272
end_time = 1682628698163913
inclusive_time = 2641
exclusive_time = 283
process_id = p1
operationName = UploadRating
serviceName = rating-service
------------------------------------------------------------------------------------
span = 5
trace_id = da7a462e0ac0cb47
span_id = 16f64c55e4bdf80e
parent_id = 21826f772ace1c55
start_time = 1682628698161432
end_time = 1682628698163749
inclusive_time = 2317
exclusive_time = 1024
process_id = p2
operationName = UploadRating
serviceName = compose-review-service
------------------------------------------------------------------------------------
span = 6
trace_id = da7a462e0ac0cb47
span_id = c5a18c9b2937c2d1
parent_id = 16f64c55e4bdf80e
start_time = 1682628698162287
end_time = 1682628698163453
inclusive_time = 1166
exclusive_time = 27
process_id = p3
operationName = UploadMovieReview
serviceName = movie-review-service
------------------------------------------------------------------------------------
span = 7
trace_id = da7a462e0ac0cb47
span_id = f36fba5730464b7a
parent_id = c5a18c9b2937c2d1
start_time = 1682628698162314
end_time = 1682628698163456
inclusive_time = 1142
exclusive_time = 1142
process_id = p3
operationName = MongoFindMovie
serviceName = movie-review-service
------------------------------------------------------------------------------------
span = 8
trace_id = da7a462e0ac0cb47
span_id = 72096b3ebb0e3d80
parent_id = 98571b1a75023b84
start_time = 1682628698161080
end_time = 1682628698161178
inclusive_time = 98
exclusive_time = 98
process_id = p6
operationName = MmcSetMovieId
serviceName = movie-id-service
------------------------------------------------------------------------------------
span = 9
trace_id = da7a462e0ac0cb47
span_id = 2dbe81ded6564fba
parent_id = 98571b1a75023b84
start_time = 1682628698160762
end_time = 1682628698160924
inclusive_time = 162
exclusive_time = 162
process_id = p6
operationName = MmcGetMovieId
serviceName = movie-id-service
------------------------------------------------------------------------------------
