span = 0
span_id = 0bf19d62f00452ac
parent_id = None
start_time = 1682628698279000
end_time = 1682628698284900
inclusive_time = 5900
exclusive_time = 1098
process_id = p2
operationName = /wrk2-api/review/compose
serviceName = nginx
------------------------------------------------------------------------------------
span = 1
span_id = 27f059552de65cd2
parent_id = 0bf19d62f00452ac
start_time = 1682628698280098
end_time = 1682628698284900
inclusive_time = 4802
exclusive_time = 104
process_id = p2
operationName = /wrk2-api/review/compose
serviceName = nginx
------------------------------------------------------------------------------------
span = 2
span_id = 0687131ae9bd0d4c
parent_id = 27f059552de65cd2
start_time = 1682628698280145
end_time = 1682628698284843
inclusive_time = 4698
exclusive_time = 706
process_id = p2
operationName = ComposeReview
serviceName = nginx
------------------------------------------------------------------------------------
span = 3
span_id = 7971385d04a24fdd
parent_id = 0687131ae9bd0d4c
start_time = 1682628698281565
end_time = 1682628698284347
inclusive_time = 2782
exclusive_time = 181
process_id = p9
operationName = UploadText
serviceName = text-service
------------------------------------------------------------------------------------
span = 4
span_id = fef1d54fa974a383
parent_id = 7971385d04a24fdd
start_time = 1682628698281658
end_time = 1682628698284259
inclusive_time = 2601
exclusive_time = 1071
process_id = p4
operationName = UploadText
serviceName = compose-review-service
------------------------------------------------------------------------------------
span = 5
span_id = 774e9bb02c2dd9bd
parent_id = fef1d54fa974a383
start_time = 1682628698282512
end_time = 1682628698283922
inclusive_time = 1410
exclusive_time = 31
process_id = p8
operationName = UploadMovieReview
serviceName = movie-review-service
------------------------------------------------------------------------------------
span = 6
span_id = dac83d5d86379088
parent_id = 774e9bb02c2dd9bd
start_time = 1682628698282543
end_time = 1682628698283927
inclusive_time = 1384
exclusive_time = 1384
process_id = p8
operationName = MongoFindMovie
serviceName = movie-review-service
------------------------------------------------------------------------------------
span = 7
span_id = 95113872ef28818c
parent_id = 0687131ae9bd0d4c
start_time = 1682628698280355
end_time = 1682628698281162
inclusive_time = 807
exclusive_time = 273
process_id = p1
operationName = UploadUserWithUsername
serviceName = user-service
------------------------------------------------------------------------------------
span = 8
span_id = 1277fcc31d9c0e8e
parent_id = 95113872ef28818c
start_time = 1682628698280669
end_time = 1682628698281093
inclusive_time = 424
exclusive_time = 424
process_id = p4
operationName = UploadUserId
serviceName = compose-review-service
------------------------------------------------------------------------------------
span = 9
span_id = f532db462317b9ff
parent_id = 95113872ef28818c
start_time = 1682628698280368
end_time = 1682628698280478
inclusive_time = 110
exclusive_time = 110
process_id = p1
operationName = MmcGetUserId
serviceName = user-service
------------------------------------------------------------------------------------
