span = 0
trace_id = 06679ed4b2b7557a
span_id = 06679ed4b2b7557a
parent_id = None
start_time = 1682628698328000
end_time = 1682628698333009
inclusive_time = 5009
exclusive_time = 1115
process_id = p10
operationName = /wrk2-api/review/compose
serviceName = nginx
------------------------------------------------------------------------------------
span = 1
trace_id = 06679ed4b2b7557a
span_id = 2373ac095c2eeccc
parent_id = 06679ed4b2b7557a
start_time = 1682628698329115
end_time = 1682628698333009
inclusive_time = 3894
exclusive_time = 91
process_id = p10
operationName = /wrk2-api/review/compose
serviceName = nginx
------------------------------------------------------------------------------------
span = 2
trace_id = 06679ed4b2b7557a
span_id = 5f72cda21c2df0c9
parent_id = 2373ac095c2eeccc
start_time = 1682628698329159
end_time = 1682628698332962
inclusive_time = 3803
exclusive_time = 494
process_id = p10
operationName = ComposeReview
serviceName = nginx
------------------------------------------------------------------------------------
span = 3
trace_id = 06679ed4b2b7557a
span_id = 108a7489b4309c16
parent_id = 5f72cda21c2df0c9
start_time = 1682628698329440
end_time = 1682628698332646
inclusive_time = 3206
exclusive_time = 479
process_id = p1
operationName = UploadMovieId
serviceName = movie-id-service
------------------------------------------------------------------------------------
span = 4
trace_id = 06679ed4b2b7557a
span_id = b298a9bdf0bcc420
parent_id = 108a7489b4309c16
start_time = 1682628698330109
end_time = 1682628698332520
inclusive_time = 2411
exclusive_time = 321
process_id = p9
operationName = UploadRating
serviceName = rating-service
------------------------------------------------------------------------------------
span = 5
trace_id = 06679ed4b2b7557a
span_id = 278fc69aaa2e6673
parent_id = b298a9bdf0bcc420
start_time = 1682628698330287
end_time = 1682628698332377
inclusive_time = 2090
exclusive_time = 846
process_id = p2
operationName = UploadRating
serviceName = compose-review-service
------------------------------------------------------------------------------------
span = 6
trace_id = 06679ed4b2b7557a
span_id = 6eed0e96fa1dd7a4
parent_id = 278fc69aaa2e6673
start_time = 1682628698331056
end_time = 1682628698332217
inclusive_time = 1161
exclusive_time = 17
process_id = p5
operationName = UploadMovieReview
serviceName = movie-review-service
------------------------------------------------------------------------------------
span = 7
trace_id = 06679ed4b2b7557a
span_id = bf8d86208fb29549
parent_id = 6eed0e96fa1dd7a4
start_time = 1682628698331073
end_time = 1682628698332221
inclusive_time = 1148
exclusive_time = 1148
process_id = p5
operationName = MongoFindMovie
serviceName = movie-review-service
------------------------------------------------------------------------------------
span = 8
trace_id = 06679ed4b2b7557a
span_id = ba6316851f3f8afc
parent_id = 108a7489b4309c16
start_time = 1682628698329829
end_time = 1682628698329949
inclusive_time = 120
exclusive_time = 120
process_id = p1
operationName = MmcSetMovieId
serviceName = movie-id-service
------------------------------------------------------------------------------------
span = 9
trace_id = 06679ed4b2b7557a
span_id = 7a2b6a424b996eed
parent_id = 108a7489b4309c16
start_time = 1682628698329461
end_time = 1682628698329578
inclusive_time = 117
exclusive_time = 117
process_id = p1
operationName = MmcGetMovieId
serviceName = movie-id-service
------------------------------------------------------------------------------------
