span = 0
trace_id = a8ae51a55405cf5e
span_id = a8ae51a55405cf5e
parent_id = None
start_time = 1682628698333000
end_time = 1682628698337383
inclusive_time = 4383
exclusive_time = 805
process_id = p10
operationName = /wrk2-api/review/compose
serviceName = nginx
call path = 
------------------------------------------------------------------------------------
span = 1
trace_id = a8ae51a55405cf5e
span_id = 602dea8afd7df917
parent_id = a8ae51a55405cf5e
start_time = 1682628698333805
end_time = 1682628698337383
inclusive_time = 3578
exclusive_time = 87
process_id = p10
operationName = /wrk2-api/review/compose
serviceName = nginx
call path = ->/wrk2-api/review/compose_nginx
------------------------------------------------------------------------------------
span = 2
trace_id = a8ae51a55405cf5e
span_id = 5c59baee40b2ed44
parent_id = 602dea8afd7df917
start_time = 1682628698333843
end_time = 1682628698337334
inclusive_time = 3491
exclusive_time = 357
process_id = p10
operationName = ComposeReview
serviceName = nginx
call path = ->/wrk2-api/review/compose_nginx->/wrk2-api/review/compose_nginx
------------------------------------------------------------------------------------
span = 3
trace_id = a8ae51a55405cf5e
span_id = 0a7cd3d41085cb8a
parent_id = 5c59baee40b2ed44
start_time = 1682628698334617
end_time = 1682628698337259
inclusive_time = 2642
exclusive_time = 201
process_id = p8
operationName = UploadText
serviceName = text-service
call path = ->/wrk2-api/review/compose_nginx->/wrk2-api/review/compose_nginx->ComposeReview_nginx
------------------------------------------------------------------------------------
span = 4
trace_id = a8ae51a55405cf5e
span_id = c6914e8632ed412b
parent_id = 0a7cd3d41085cb8a
start_time = 1682628698334761
end_time = 1682628698337202
inclusive_time = 2441
exclusive_time = 1352
process_id = p2
operationName = UploadText
serviceName = compose-review-service
call path = ->/wrk2-api/review/compose_nginx->/wrk2-api/review/compose_nginx->ComposeReview_nginx->UploadText_text-service
------------------------------------------------------------------------------------
span = 5
trace_id = a8ae51a55405cf5e
span_id = f63bb31a541f35ee
parent_id = c6914e8632ed412b
start_time = 1682628698336036
end_time = 1682628698337045
inclusive_time = 1009
exclusive_time = 18
process_id = p5
operationName = UploadMovieReview
serviceName = movie-review-service
call path = ->/wrk2-api/review/compose_nginx->/wrk2-api/review/compose_nginx->ComposeReview_nginx->UploadText_text-service->UploadText_compose-review-service
------------------------------------------------------------------------------------
span = 6
trace_id = a8ae51a55405cf5e
span_id = bec1faa6cb69ae86
parent_id = f63bb31a541f35ee
start_time = 1682628698336054
end_time = 1682628698337048
inclusive_time = 994
exclusive_time = 994
process_id = p5
operationName = MongoFindMovie
serviceName = movie-review-service
call path = ->/wrk2-api/review/compose_nginx->/wrk2-api/review/compose_nginx->ComposeReview_nginx->UploadText_text-service->UploadText_compose-review-service->UploadMovieReview_movie-review-service
------------------------------------------------------------------------------------
