span = 0
trace_id = 435711585f74cc7f
span_id = 435711585f74cc7f
parent_id = None
start_time = 1682628698052000
end_time = 1682628698057031
inclusive_time = 5031
exclusive_time = 640
process_id = p8
operationName = /wrk2-api/review/compose
serviceName = nginx
------------------------------------------------------------------------------------
span = 1
trace_id = 435711585f74cc7f
span_id = c3120111a456f0cf
parent_id = 435711585f74cc7f
start_time = 1682628698052640
end_time = 1682628698057031
inclusive_time = 4391
exclusive_time = 120
process_id = p8
operationName = /wrk2-api/review/compose
serviceName = nginx
------------------------------------------------------------------------------------
span = 2
trace_id = 435711585f74cc7f
span_id = faa23f71d86eca89
parent_id = c3120111a456f0cf
start_time = 1682628698052687
end_time = 1682628698056958
inclusive_time = 4271
exclusive_time = 482
process_id = p8
operationName = ComposeReview
serviceName = nginx
------------------------------------------------------------------------------------
span = 3
trace_id = 435711585f74cc7f
span_id = e8e61c436d9203e1
parent_id = faa23f71d86eca89
start_time = 1682628698053081
end_time = 1682628698056870
inclusive_time = 3789
exclusive_time = 362
process_id = p6
operationName = UploadMovieId
serviceName = movie-id-service
------------------------------------------------------------------------------------
span = 4
trace_id = 435711585f74cc7f
span_id = 7d3b6bbbafeb7418
parent_id = e8e61c436d9203e1
start_time = 1682628698053558
end_time = 1682628698056760
inclusive_time = 3202
exclusive_time = 232
process_id = p7
operationName = UploadRating
serviceName = rating-service
------------------------------------------------------------------------------------
span = 5
trace_id = 435711585f74cc7f
span_id = 4bbbee75b091c277
parent_id = 7d3b6bbbafeb7418
start_time = 1682628698053760
end_time = 1682628698056625
inclusive_time = 2865
exclusive_time = 1391
process_id = p4
operationName = UploadRating
serviceName = compose-review-service
------------------------------------------------------------------------------------
span = 6
trace_id = 435711585f74cc7f
span_id = fb05c6c16fd247db
parent_id = 4bbbee75b091c277
start_time = 1682628698055105
end_time = 1682628698056348
inclusive_time = 1243
exclusive_time = 34
process_id = p3
operationName = UploadMovieReview
serviceName = movie-review-service
------------------------------------------------------------------------------------
span = 7
trace_id = 435711585f74cc7f
span_id = ea1fe722b24a70ee
parent_id = fb05c6c16fd247db
start_time = 1682628698055139
end_time = 1682628698056352
inclusive_time = 1213
exclusive_time = 1213
process_id = p3
operationName = MongoFindMovie
serviceName = movie-review-service
------------------------------------------------------------------------------------
span = 8
trace_id = 435711585f74cc7f
span_id = 0238c55adeb35ba5
parent_id = e8e61c436d9203e1
start_time = 1682628698053353
end_time = 1682628698053458
inclusive_time = 105
exclusive_time = 105
process_id = p6
operationName = MmcSetMovieId
serviceName = movie-id-service
------------------------------------------------------------------------------------
span = 9
trace_id = 435711585f74cc7f
span_id = 48c234408a74da68
parent_id = e8e61c436d9203e1
start_time = 1682628698053095
end_time = 1682628698053194
inclusive_time = 99
exclusive_time = 99
process_id = p6
operationName = MmcGetMovieId
serviceName = movie-id-service
------------------------------------------------------------------------------------
