span = 0
trace_id = ea70c6acc4f85d0f
span_id = ea70c6acc4f85d0f
parent_id = None
start_time = 1682628697998000
end_time = 1682628698002371
inclusive_time = 4371
exclusive_time = 357
process_id = p1
operationName = /wrk2-api/review/compose
serviceName = nginx
------------------------------------------------------------------------------------
span = 1
trace_id = ea70c6acc4f85d0f
span_id = 6042ee416c1ceb5e
parent_id = ea70c6acc4f85d0f
start_time = 1682628697998357
end_time = 1682628698002371
inclusive_time = 4014
exclusive_time = 110
process_id = p1
operationName = /wrk2-api/review/compose
serviceName = nginx
------------------------------------------------------------------------------------
span = 2
trace_id = ea70c6acc4f85d0f
span_id = e6d136abc4c9a558
parent_id = 6042ee416c1ceb5e
start_time = 1682628697998409
end_time = 1682628698002313
inclusive_time = 3904
exclusive_time = 299
process_id = p1
operationName = ComposeReview
serviceName = nginx
------------------------------------------------------------------------------------
span = 3
trace_id = ea70c6acc4f85d0f
span_id = d41645e3f91d44ee
parent_id = e6d136abc4c9a558
start_time = 1682628697998737
end_time = 1682628698002234
inclusive_time = 3497
exclusive_time = 316
process_id = p3
operationName = UploadMovieId
serviceName = movie-id-service
------------------------------------------------------------------------------------
span = 4
trace_id = ea70c6acc4f85d0f
span_id = 7fa92f3682d4e9bb
parent_id = d41645e3f91d44ee
start_time = 1682628697999168
end_time = 1682628698002103
inclusive_time = 2935
exclusive_time = 478
process_id = p9
operationName = UploadRating
serviceName = rating-service
------------------------------------------------------------------------------------
span = 5
trace_id = ea70c6acc4f85d0f
span_id = e86bfd672fdb0542
parent_id = 7fa92f3682d4e9bb
start_time = 1682628697999348
end_time = 1682628698001791
inclusive_time = 2443
exclusive_time = 901
process_id = p5
operationName = UploadRating
serviceName = compose-review-service
------------------------------------------------------------------------------------
span = 6
trace_id = ea70c6acc4f85d0f
span_id = 0ee57fc92cc5c6b4
parent_id = e86bfd672fdb0542
start_time = 1682628698000265
end_time = 1682628698001687
inclusive_time = 1422
exclusive_time = 39
process_id = p6
operationName = UploadUserReview
serviceName = user-review-service
------------------------------------------------------------------------------------
span = 7
trace_id = ea70c6acc4f85d0f
span_id = ce5708632b7761f5
parent_id = 0ee57fc92cc5c6b4
start_time = 1682628698000304
end_time = 1682628698001692
inclusive_time = 1388
exclusive_time = 1388
process_id = p6
operationName = MongoFindUser
serviceName = user-review-service
------------------------------------------------------------------------------------
span = 8
trace_id = ea70c6acc4f85d0f
span_id = fc607bd811c6cd99
parent_id = d41645e3f91d44ee
start_time = 1682628697998982
end_time = 1682628697999084
inclusive_time = 102
exclusive_time = 102
process_id = p3
operationName = MmcSetMovieId
serviceName = movie-id-service
------------------------------------------------------------------------------------
span = 9
trace_id = ea70c6acc4f85d0f
span_id = 6a6e2ba2b29337e1
parent_id = d41645e3f91d44ee
start_time = 1682628697998751
end_time = 1682628697998841
inclusive_time = 90
exclusive_time = 90
process_id = p3
operationName = MmcGetMovieId
serviceName = movie-id-service
------------------------------------------------------------------------------------
