span = 0
trace_id = 6433f83b04ee1b45
span_id = 6433f83b04ee1b45
parent_id = None
start_time = 1682628698004000
end_time = 1682628698009698
inclusive_time = 5698
exclusive_time = 750
process_id = p1
operationName = /wrk2-api/review/compose
serviceName = nginx
------------------------------------------------------------------------------------
span = 1
trace_id = 6433f83b04ee1b45
span_id = b4c9b2fbd206d1ab
parent_id = 6433f83b04ee1b45
start_time = 1682628698004750
end_time = 1682628698009698
inclusive_time = 4948
exclusive_time = 119
process_id = p1
operationName = /wrk2-api/review/compose
serviceName = nginx
------------------------------------------------------------------------------------
span = 2
trace_id = 6433f83b04ee1b45
span_id = a0c1b45de22822de
parent_id = b4c9b2fbd206d1ab
start_time = 1682628698004791
end_time = 1682628698009620
inclusive_time = 4829
exclusive_time = 364
process_id = p1
operationName = ComposeReview
serviceName = nginx
------------------------------------------------------------------------------------
span = 3
trace_id = 6433f83b04ee1b45
span_id = a5ea3367a311b44c
parent_id = a0c1b45de22822de
start_time = 1682628698005285
end_time = 1682628698009488
inclusive_time = 4203
exclusive_time = 405
process_id = p3
operationName = UploadMovieId
serviceName = movie-id-service
------------------------------------------------------------------------------------
span = 4
trace_id = 6433f83b04ee1b45
span_id = 35c5d34b8c56d33a
parent_id = a5ea3367a311b44c
start_time = 1682628698005746
end_time = 1682628698009286
inclusive_time = 3540
exclusive_time = 299
process_id = p9
operationName = UploadRating
serviceName = rating-service
------------------------------------------------------------------------------------
span = 5
trace_id = 6433f83b04ee1b45
span_id = ed7dee47f90403f3
parent_id = 35c5d34b8c56d33a
start_time = 1682628698006041
end_time = 1682628698009184
inclusive_time = 3143
exclusive_time = 1264
process_id = p5
operationName = UploadRating
serviceName = compose-review-service
------------------------------------------------------------------------------------
span = 6
trace_id = 6433f83b04ee1b45
span_id = 17970076694b6be9
parent_id = ed7dee47f90403f3
start_time = 1682628698007407
end_time = 1682628698009036
inclusive_time = 1629
exclusive_time = 19
process_id = p2
operationName = UploadMovieReview
serviceName = movie-review-service
------------------------------------------------------------------------------------
span = 7
trace_id = 6433f83b04ee1b45
span_id = d70ce6248e5eb5e3
parent_id = 17970076694b6be9
start_time = 1682628698007426
end_time = 1682628698009041
inclusive_time = 1615
exclusive_time = 1615
process_id = p2
operationName = MongoFindMovie
serviceName = movie-review-service
------------------------------------------------------------------------------------
span = 8
trace_id = 6433f83b04ee1b45
span_id = fafa1d2547945bcf
parent_id = a5ea3367a311b44c
start_time = 1682628698005297
end_time = 1682628698005412
inclusive_time = 115
exclusive_time = 115
process_id = p3
operationName = MmcGetMovieId
serviceName = movie-id-service
------------------------------------------------------------------------------------
