span = 0
trace_id = 49301603193f2c42
span_id = 49301603193f2c42
parent_id = None
start_time = 1682628698215000
end_time = 1682628698220303
inclusive_time = 5303
exclusive_time = 596
process_id = p6
operationName = /wrk2-api/review/compose
serviceName = nginx
------------------------------------------------------------------------------------
span = 1
trace_id = 49301603193f2c42
span_id = 1c7615e445dde6d7
parent_id = 49301603193f2c42
start_time = 1682628698215596
end_time = 1682628698220303
inclusive_time = 4707
exclusive_time = 99
process_id = p6
operationName = /wrk2-api/review/compose
serviceName = nginx
------------------------------------------------------------------------------------
span = 2
trace_id = 49301603193f2c42
span_id = 02798235ddaab5a8
parent_id = 1c7615e445dde6d7
start_time = 1682628698215649
end_time = 1682628698220257
inclusive_time = 4608
exclusive_time = 415
process_id = p6
operationName = ComposeReview
serviceName = nginx
------------------------------------------------------------------------------------
span = 3
trace_id = 49301603193f2c42
span_id = 821f7bd0c896a23c
parent_id = 02798235ddaab5a8
start_time = 1682628698216108
end_time = 1682628698220170
inclusive_time = 4062
exclusive_time = 201
process_id = p9
operationName = UploadText
serviceName = text-service
------------------------------------------------------------------------------------
span = 4
trace_id = 49301603193f2c42
span_id = 2a83169834b48c27
parent_id = 821f7bd0c896a23c
start_time = 1682628698216238
end_time = 1682628698220099
inclusive_time = 3861
exclusive_time = 1924
process_id = p2
operationName = UploadText
serviceName = compose-review-service
------------------------------------------------------------------------------------
span = 5
trace_id = 49301603193f2c42
span_id = f5239fbefcdaa5b0
parent_id = 2a83169834b48c27
start_time = 1682628698218198
end_time = 1682628698219992
inclusive_time = 1794
exclusive_time = 19
process_id = p1
operationName = UploadUserReview
serviceName = user-review-service
------------------------------------------------------------------------------------
span = 6
trace_id = 49301603193f2c42
span_id = 0f9c70a394551cc4
parent_id = f5239fbefcdaa5b0
start_time = 1682628698218217
end_time = 1682628698219996
inclusive_time = 1779
exclusive_time = 1779
process_id = p1
operationName = MongoFindUser
serviceName = user-review-service
------------------------------------------------------------------------------------
