span = 0
trace_id = 1f25cf4796336919
span_id = 1f25cf4796336919
parent_id = None
start_time = 1682628698284000
end_time = 1682628698288651
inclusive_time = 4651
exclusive_time = 292
process_id = p1
operationName = /wrk2-api/review/compose
serviceName = nginx
call path = 
------------------------------------------------------------------------------------
span = 1
trace_id = 1f25cf4796336919
span_id = 2a305e67094e03a1
parent_id = 1f25cf4796336919
start_time = 1682628698284292
end_time = 1682628698288651
inclusive_time = 4359
exclusive_time = 97
process_id = p1
operationName = /wrk2-api/review/compose
serviceName = nginx
call path = ->/wrk2-api/review/compose_nginx
------------------------------------------------------------------------------------
span = 2
trace_id = 1f25cf4796336919
span_id = 79b93ed72702266c
parent_id = 2a305e67094e03a1
start_time = 1682628698284334
end_time = 1682628698288596
inclusive_time = 4262
exclusive_time = 422
process_id = p1
operationName = ComposeReview
serviceName = nginx
call path = ->/wrk2-api/review/compose_nginx->/wrk2-api/review/compose_nginx
------------------------------------------------------------------------------------
span = 3
trace_id = 1f25cf4796336919
span_id = 0cd5335952a28fad
parent_id = 79b93ed72702266c
start_time = 1682628698285036
end_time = 1682628698288517
inclusive_time = 3481
exclusive_time = 613
process_id = p8
operationName = UploadUserWithUsername
serviceName = user-service
call path = ->/wrk2-api/review/compose_nginx->/wrk2-api/review/compose_nginx->ComposeReview_nginx
------------------------------------------------------------------------------------
span = 4
trace_id = 1f25cf4796336919
span_id = ad1fe194fbfb05ee
parent_id = 0cd5335952a28fad
start_time = 1682628698285681
end_time = 1682628698288448
inclusive_time = 2767
exclusive_time = 1381
process_id = p3
operationName = UploadUserId
serviceName = compose-review-service
call path = ->/wrk2-api/review/compose_nginx->/wrk2-api/review/compose_nginx->ComposeReview_nginx->UploadUserWithUsername_user-service
------------------------------------------------------------------------------------
span = 5
trace_id = 1f25cf4796336919
span_id = ea4e141bc823aa9a
parent_id = ad1fe194fbfb05ee
start_time = 1682628698286953
end_time = 1682628698288280
inclusive_time = 1327
exclusive_time = 19
process_id = p7
operationName = UploadMovieReview
serviceName = movie-review-service
call path = ->/wrk2-api/review/compose_nginx->/wrk2-api/review/compose_nginx->ComposeReview_nginx->UploadUserWithUsername_user-service->UploadUserId_compose-review-service
------------------------------------------------------------------------------------
span = 6
trace_id = 1f25cf4796336919
span_id = 410f82798604860d
parent_id = ea4e141bc823aa9a
start_time = 1682628698286972
end_time = 1682628698288286
inclusive_time = 1314
exclusive_time = 1314
process_id = p7
operationName = MongoFindMovie
serviceName = movie-review-service
call path = ->/wrk2-api/review/compose_nginx->/wrk2-api/review/compose_nginx->ComposeReview_nginx->UploadUserWithUsername_user-service->UploadUserId_compose-review-service->UploadMovieReview_movie-review-service
------------------------------------------------------------------------------------
span = 7
trace_id = 1f25cf4796336919
span_id = 04ec8dfdb6bac782
parent_id = 0cd5335952a28fad
start_time = 1682628698285055
end_time = 1682628698285156
inclusive_time = 101
exclusive_time = 101
process_id = p8
operationName = MmcGetUserId
serviceName = user-service
call path = ->/wrk2-api/review/compose_nginx->/wrk2-api/review/compose_nginx->ComposeReview_nginx->UploadUserWithUsername_user-service
------------------------------------------------------------------------------------
