span = 0
trace_id = 6925b4b7286e4209
span_id = 6925b4b7286e4209
parent_id = None
start_time = 1682628697955000
end_time = 1682628697959942
inclusive_time = 4942
exclusive_time = 670
process_id = p8
operationName = /wrk2-api/review/compose
serviceName = nginx
------------------------------------------------------------------------------------
span = 1
trace_id = 6925b4b7286e4209
span_id = 459f58364d18680f
parent_id = 6925b4b7286e4209
start_time = 1682628697955669
end_time = 1682628697959941
inclusive_time = 4272
exclusive_time = 93
process_id = p8
operationName = /wrk2-api/review/compose
serviceName = nginx
------------------------------------------------------------------------------------
span = 2
trace_id = 6925b4b7286e4209
span_id = 83f566b80fd269db
parent_id = 459f58364d18680f
start_time = 1682628697955702
end_time = 1682628697959881
inclusive_time = 4179
exclusive_time = 370
process_id = p8
operationName = ComposeReview
serviceName = nginx
------------------------------------------------------------------------------------
span = 3
trace_id = 6925b4b7286e4209
span_id = 33323d1d81f404e6
parent_id = 83f566b80fd269db
start_time = 1682628697955980
end_time = 1682628697959705
inclusive_time = 3725
exclusive_time = 737
process_id = p7
operationName = UploadMovieId
serviceName = movie-id-service
------------------------------------------------------------------------------------
span = 4
trace_id = 6925b4b7286e4209
span_id = 01b117ad0bb53be2
parent_id = 33323d1d81f404e6
start_time = 1682628697956794
end_time = 1682628697959522
inclusive_time = 2728
exclusive_time = 346
process_id = p4
operationName = UploadRating
serviceName = rating-service
------------------------------------------------------------------------------------
span = 5
trace_id = 6925b4b7286e4209
span_id = 1316b572c6d54cda
parent_id = 01b117ad0bb53be2
start_time = 1682628697957044
end_time = 1682628697959364
inclusive_time = 2320
exclusive_time = 936
process_id = p3
operationName = UploadRating
serviceName = compose-review-service
------------------------------------------------------------------------------------
span = 6
trace_id = 6925b4b7286e4209
span_id = 1a9ecc6b0d4ce894
parent_id = 1316b572c6d54cda
start_time = 1682628697957851
end_time = 1682628697959177
inclusive_time = 1326
exclusive_time = 49
process_id = p2
operationName = UploadUserReview
serviceName = user-review-service
------------------------------------------------------------------------------------
span = 7
trace_id = 6925b4b7286e4209
span_id = aa875e6b0e61cdad
parent_id = 1a9ecc6b0d4ce894
start_time = 1682628697957900
end_time = 1682628697959181
inclusive_time = 1281
exclusive_time = 1281
process_id = p2
operationName = MongoFindUser
serviceName = user-review-service
------------------------------------------------------------------------------------
span = 8
trace_id = 6925b4b7286e4209
span_id = a6cc7c1743b671ff
parent_id = 33323d1d81f404e6
start_time = 1682628697956566
end_time = 1682628697956651
inclusive_time = 85
exclusive_time = 85
process_id = p7
operationName = MmcSetMovieId
serviceName = movie-id-service
------------------------------------------------------------------------------------
span = 9
trace_id = 6925b4b7286e4209
span_id = bd5981a014d5211b
parent_id = 33323d1d81f404e6
start_time = 1682628697955998
end_time = 1682628697956127
inclusive_time = 129
exclusive_time = 129
process_id = p7
operationName = MmcGetMovieId
serviceName = movie-id-service
------------------------------------------------------------------------------------
