span = 0
trace_id = b8ec55286261e935
span_id = b8ec55286261e935
parent_id = None
start_time = 1682628697994000
end_time = 1682628697999459
inclusive_time = 5459
exclusive_time = 984
process_id = p1
operationName = /wrk2-api/review/compose
serviceName = nginx
------------------------------------------------------------------------------------
span = 1
trace_id = b8ec55286261e935
span_id = 9591cb44475e3b01
parent_id = b8ec55286261e935
start_time = 1682628697994984
end_time = 1682628697999459
inclusive_time = 4475
exclusive_time = 90
process_id = p1
operationName = /wrk2-api/review/compose
serviceName = nginx
------------------------------------------------------------------------------------
span = 2
trace_id = b8ec55286261e935
span_id = ad90e066199f9c73
parent_id = 9591cb44475e3b01
start_time = 1682628697995017
end_time = 1682628697999402
inclusive_time = 4385
exclusive_time = 264
process_id = p1
operationName = ComposeReview
serviceName = nginx
------------------------------------------------------------------------------------
span = 3
trace_id = b8ec55286261e935
span_id = 8621378b9714ebe5
parent_id = ad90e066199f9c73
start_time = 1682628697995275
end_time = 1682628697999322
inclusive_time = 4047
exclusive_time = 296
process_id = p3
operationName = UploadMovieId
serviceName = movie-id-service
------------------------------------------------------------------------------------
span = 4
trace_id = b8ec55286261e935
span_id = d084d123b7907760
parent_id = 8621378b9714ebe5
start_time = 1682628697995783
end_time = 1682628697999209
inclusive_time = 3426
exclusive_time = 497
process_id = p9
operationName = UploadRating
serviceName = rating-service
------------------------------------------------------------------------------------
span = 5
trace_id = b8ec55286261e935
span_id = 12ca83a688e78d36
parent_id = d084d123b7907760
start_time = 1682628697996033
end_time = 1682628697998858
inclusive_time = 2825
exclusive_time = 1192
process_id = p5
operationName = UploadRating
serviceName = compose-review-service
------------------------------------------------------------------------------------
span = 6
trace_id = b8ec55286261e935
span_id = 2e276956fcba652f
parent_id = 12ca83a688e78d36
start_time = 1682628697997419
end_time = 1682628697998635
inclusive_time = 1216
exclusive_time = 26
process_id = p2
operationName = UploadMovieReview
serviceName = movie-review-service
------------------------------------------------------------------------------------
span = 7
trace_id = b8ec55286261e935
span_id = 49cdf1a45f83d1d7
parent_id = 2e276956fcba652f
start_time = 1682628697997445
end_time = 1682628697998639
inclusive_time = 1194
exclusive_time = 1194
process_id = p2
operationName = MongoFindMovie
serviceName = movie-review-service
------------------------------------------------------------------------------------
span = 8
trace_id = b8ec55286261e935
span_id = 2cfc0450b90b5f7e
parent_id = 12ca83a688e78d36
start_time = 1682628697997002
end_time = 1682628697997400
inclusive_time = 398
exclusive_time = 39
process_id = p4
operationName = StoreReview
serviceName = review-storage-service
------------------------------------------------------------------------------------
span = 9
trace_id = b8ec55286261e935
span_id = 147a956db80700c8
parent_id = 2cfc0450b90b5f7e
start_time = 1682628697997032
end_time = 1682628697997391
inclusive_time = 359
exclusive_time = 359
process_id = p4
operationName = MongoInsertReview
serviceName = review-storage-service
------------------------------------------------------------------------------------
span = 10
trace_id = b8ec55286261e935
span_id = 5c118cce8c64c2ab
parent_id = 8621378b9714ebe5
start_time = 1682628697995558
end_time = 1682628697995721
inclusive_time = 163
exclusive_time = 163
process_id = p3
operationName = MmcSetMovieId
serviceName = movie-id-service
------------------------------------------------------------------------------------
span = 11
trace_id = b8ec55286261e935
span_id = 1e429f9a71bf9d00
parent_id = 8621378b9714ebe5
start_time = 1682628697995287
end_time = 1682628697995387
inclusive_time = 100
exclusive_time = 100
process_id = p3
operationName = MmcGetMovieId
serviceName = movie-id-service
------------------------------------------------------------------------------------
