span = 0
trace_id = a1dcd30d886e792e
span_id = a1dcd30d886e792e
parent_id = None
start_time = 1682628698111000
end_time = 1682628698115269
inclusive_time = 4269
exclusive_time = 369
process_id = p7
operationName = /wrk2-api/review/compose
serviceName = nginx
call path = 
------------------------------------------------------------------------------------
span = 1
trace_id = a1dcd30d886e792e
span_id = b17e0eaed5acc0e6
parent_id = a1dcd30d886e792e
start_time = 1682628698111369
end_time = 1682628698115269
inclusive_time = 3900
exclusive_time = 187
process_id = p7
operationName = /wrk2-api/review/compose
serviceName = nginx
call path = ->/wrk2-api/review/compose_nginx
------------------------------------------------------------------------------------
span = 2
trace_id = a1dcd30d886e792e
span_id = 50b28332c7964f3e
parent_id = b17e0eaed5acc0e6
start_time = 1682628698111411
end_time = 1682628698115124
inclusive_time = 3713
exclusive_time = 232
process_id = p7
operationName = ComposeReview
serviceName = nginx
call path = ->/wrk2-api/review/compose_nginx->/wrk2-api/review/compose_nginx
------------------------------------------------------------------------------------
span = 3
trace_id = a1dcd30d886e792e
span_id = 4617bfb36142d9da
parent_id = 50b28332c7964f3e
start_time = 1682628698111659
end_time = 1682628698115055
inclusive_time = 3396
exclusive_time = 404
process_id = p3
operationName = UploadMovieId
serviceName = movie-id-service
call path = ->/wrk2-api/review/compose_nginx->/wrk2-api/review/compose_nginx->ComposeReview_nginx
------------------------------------------------------------------------------------
span = 4
trace_id = a1dcd30d886e792e
span_id = ea952599ef37a589
parent_id = 4617bfb36142d9da
start_time = 1682628698112065
end_time = 1682628698114804
inclusive_time = 2739
exclusive_time = 246
process_id = p5
operationName = UploadRating
serviceName = rating-service
call path = ->/wrk2-api/review/compose_nginx->/wrk2-api/review/compose_nginx->ComposeReview_nginx->UploadMovieId_movie-id-service
------------------------------------------------------------------------------------
span = 5
trace_id = a1dcd30d886e792e
span_id = 6a28a1e45470600f
parent_id = ea952599ef37a589
start_time = 1682628698112258
end_time = 1682628698114659
inclusive_time = 2401
exclusive_time = 1012
process_id = p1
operationName = UploadRating
serviceName = compose-review-service
call path = ->/wrk2-api/review/compose_nginx->/wrk2-api/review/compose_nginx->ComposeReview_nginx->UploadMovieId_movie-id-service->UploadRating_rating-service
------------------------------------------------------------------------------------
span = 6
trace_id = a1dcd30d886e792e
span_id = ebbf881d848b0687
parent_id = 6a28a1e45470600f
start_time = 1682628698113193
end_time = 1682628698114499
inclusive_time = 1306
exclusive_time = 26
process_id = p4
operationName = UploadUserReview
serviceName = user-review-service
call path = ->/wrk2-api/review/compose_nginx->/wrk2-api/review/compose_nginx->ComposeReview_nginx->UploadMovieId_movie-id-service->UploadRating_rating-service->UploadRating_compose-review-service
------------------------------------------------------------------------------------
span = 7
trace_id = a1dcd30d886e792e
span_id = bd46ea7c32f7c5c4
parent_id = ebbf881d848b0687
start_time = 1682628698113219
end_time = 1682628698114505
inclusive_time = 1286
exclusive_time = 1286
process_id = p4
operationName = MongoFindUser
serviceName = user-review-service
call path = ->/wrk2-api/review/compose_nginx->/wrk2-api/review/compose_nginx->ComposeReview_nginx->UploadMovieId_movie-id-service->UploadRating_rating-service->UploadRating_compose-review-service->UploadUserReview_user-review-service
------------------------------------------------------------------------------------
span = 8
trace_id = a1dcd30d886e792e
span_id = 7ac07244043a9758
parent_id = 4617bfb36142d9da
start_time = 1682628698111899
end_time = 1682628698112010
inclusive_time = 111
exclusive_time = 111
process_id = p3
operationName = MmcSetMovieId
serviceName = movie-id-service
call path = ->/wrk2-api/review/compose_nginx->/wrk2-api/review/compose_nginx->ComposeReview_nginx->UploadMovieId_movie-id-service
------------------------------------------------------------------------------------
span = 9
trace_id = a1dcd30d886e792e
span_id = 74d1350ae98f5c17
parent_id = 4617bfb36142d9da
start_time = 1682628698111671
end_time = 1682628698111758
inclusive_time = 87
exclusive_time = 87
process_id = p3
operationName = MmcGetMovieId
serviceName = movie-id-service
call path = ->/wrk2-api/review/compose_nginx->/wrk2-api/review/compose_nginx->ComposeReview_nginx->UploadMovieId_movie-id-service
------------------------------------------------------------------------------------
