span = 0
trace_id = 6b4fbefae4e132b4
span_id = 6b4fbefae4e132b4
parent_id = None
start_time = 1682628697967000
end_time = 1682628697971260
inclusive_time = 4260
exclusive_time = 845
process_id = p7
operationName = /wrk2-api/review/compose
serviceName = nginx
------------------------------------------------------------------------------------
span = 1
trace_id = 6b4fbefae4e132b4
span_id = db01f14231a974ad
parent_id = 6b4fbefae4e132b4
start_time = 1682628697967845
end_time = 1682628697971260
inclusive_time = 3415
exclusive_time = 126
process_id = p7
operationName = /wrk2-api/review/compose
serviceName = nginx
------------------------------------------------------------------------------------
span = 2
trace_id = 6b4fbefae4e132b4
span_id = 86df51c98daf4add
parent_id = db01f14231a974ad
start_time = 1682628697967889
end_time = 1682628697971178
inclusive_time = 3289
exclusive_time = 240
process_id = p7
operationName = ComposeReview
serviceName = nginx
------------------------------------------------------------------------------------
span = 3
trace_id = 6b4fbefae4e132b4
span_id = a3e1ff73ecd53ba1
parent_id = 86df51c98daf4add
start_time = 1682628697968359
end_time = 1682628697971090
inclusive_time = 2731
exclusive_time = 227
process_id = p9
operationName = UploadUniqueId
serviceName = unique-id-service
------------------------------------------------------------------------------------
span = 4
trace_id = 6b4fbefae4e132b4
span_id = 2a54b379d56d311f
parent_id = a3e1ff73ecd53ba1
start_time = 1682628697968515
end_time = 1682628697971019
inclusive_time = 2504
exclusive_time = 1257
process_id = p2
operationName = UploadUniqueId
serviceName = compose-review-service
------------------------------------------------------------------------------------
span = 5
trace_id = 6b4fbefae4e132b4
span_id = b4062c4407c06dd7
parent_id = 2a54b379d56d311f
start_time = 1682628697969774
end_time = 1682628697970897
inclusive_time = 1123
exclusive_time = 35
process_id = p5
operationName = UploadMovieReview
serviceName = movie-review-service
------------------------------------------------------------------------------------
span = 6
trace_id = 6b4fbefae4e132b4
span_id = 88df6b58e944e1f0
parent_id = b4062c4407c06dd7
start_time = 1682628697969809
end_time = 1682628697970902
inclusive_time = 1093
exclusive_time = 1093
process_id = p5
operationName = MongoFindMovie
serviceName = movie-review-service
------------------------------------------------------------------------------------
