span = 0
trace_id = 3e57cca824d5d018
span_id = 3e57cca824d5d018
parent_id = None
start_time = 1682628698323000
end_time = 1682628698328100
inclusive_time = 5100
exclusive_time = 1132
process_id = p10
operationName = /wrk2-api/review/compose
serviceName = nginx
call path = 
------------------------------------------------------------------------------------
span = 1
trace_id = 3e57cca824d5d018
span_id = 962a08eba02c9ffa
parent_id = 3e57cca824d5d018
start_time = 1682628698324131
end_time = 1682628698328099
inclusive_time = 3968
exclusive_time = 89
process_id = p10
operationName = /wrk2-api/review/compose
serviceName = nginx
call path = ->/wrk2-api/review/compose_nginx
------------------------------------------------------------------------------------
span = 2
trace_id = 3e57cca824d5d018
span_id = 7ef5135272f1b185
parent_id = 962a08eba02c9ffa
start_time = 1682628698324166
end_time = 1682628698328045
inclusive_time = 3879
exclusive_time = 338
process_id = p10
operationName = ComposeReview
serviceName = nginx
call path = ->/wrk2-api/review/compose_nginx->/wrk2-api/review/compose_nginx
------------------------------------------------------------------------------------
span = 3
trace_id = 3e57cca824d5d018
span_id = 36eb970c2f2ae70b
parent_id = 7ef5135272f1b185
start_time = 1682628698324445
end_time = 1682628698327864
inclusive_time = 3419
exclusive_time = 367
process_id = p1
operationName = UploadMovieId
serviceName = movie-id-service
call path = ->/wrk2-api/review/compose_nginx->/wrk2-api/review/compose_nginx->ComposeReview_nginx
------------------------------------------------------------------------------------
span = 4
trace_id = 3e57cca824d5d018
span_id = f5b57a03bc95b144
parent_id = 36eb970c2f2ae70b
start_time = 1682628698325021
end_time = 1682628698327723
inclusive_time = 2702
exclusive_time = 275
process_id = p9
operationName = UploadRating
serviceName = rating-service
call path = ->/wrk2-api/review/compose_nginx->/wrk2-api/review/compose_nginx->ComposeReview_nginx->UploadMovieId_movie-id-service
------------------------------------------------------------------------------------
span = 5
trace_id = 3e57cca824d5d018
span_id = 1567bca5d6f32cd6
parent_id = f5b57a03bc95b144
start_time = 1682628698325188
end_time = 1682628698327562
inclusive_time = 2374
exclusive_time = 1047
process_id = p2
operationName = UploadRating
serviceName = compose-review-service
call path = ->/wrk2-api/review/compose_nginx->/wrk2-api/review/compose_nginx->ComposeReview_nginx->UploadMovieId_movie-id-service->UploadRating_rating-service
------------------------------------------------------------------------------------
span = 6
trace_id = 3e57cca824d5d018
span_id = dd25f67566b41295
parent_id = 1567bca5d6f32cd6
start_time = 1682628698326251
end_time = 1682628698327451
inclusive_time = 1200
exclusive_time = 52
process_id = p5
operationName = UploadMovieReview
serviceName = movie-review-service
call path = ->/wrk2-api/review/compose_nginx->/wrk2-api/review/compose_nginx->ComposeReview_nginx->UploadMovieId_movie-id-service->UploadRating_rating-service->UploadRating_compose-review-service
------------------------------------------------------------------------------------
span = 7
trace_id = 3e57cca824d5d018
span_id = d01ee5b570586b01
parent_id = dd25f67566b41295
start_time = 1682628698326303
end_time = 1682628698327456
inclusive_time = 1153
exclusive_time = 1153
process_id = p5
operationName = MongoFindMovie
serviceName = movie-review-service
call path = ->/wrk2-api/review/compose_nginx->/wrk2-api/review/compose_nginx->ComposeReview_nginx->UploadMovieId_movie-id-service->UploadRating_rating-service->UploadRating_compose-review-service->UploadMovieReview_movie-review-service
------------------------------------------------------------------------------------
span = 8
trace_id = 3e57cca824d5d018
span_id = 126e5b4e878afd7c
parent_id = 36eb970c2f2ae70b
start_time = 1682628698324864
end_time = 1682628698324964
inclusive_time = 100
exclusive_time = 100
process_id = p1
operationName = MmcSetMovieId
serviceName = movie-id-service
call path = ->/wrk2-api/review/compose_nginx->/wrk2-api/review/compose_nginx->ComposeReview_nginx->UploadMovieId_movie-id-service
------------------------------------------------------------------------------------
span = 9
trace_id = 3e57cca824d5d018
span_id = 90a6098a12a812ec
parent_id = 36eb970c2f2ae70b
start_time = 1682628698324465
end_time = 1682628698324658
inclusive_time = 193
exclusive_time = 193
process_id = p1
operationName = MmcGetMovieId
serviceName = movie-id-service
call path = ->/wrk2-api/review/compose_nginx->/wrk2-api/review/compose_nginx->ComposeReview_nginx->UploadMovieId_movie-id-service
------------------------------------------------------------------------------------
