span = 0
span_id = 5bdfb7d8e4967b85
parent_id = None
start_time = 1682628697917000
end_time = 1682628697923135
inclusive_time = 6135
exclusive_time = 874
process_id = p8
operationName = /wrk2-api/review/compose
serviceName = nginx
------------------------------------------------------------------------------------
span = 1
span_id = 954fd5ff8a764287
parent_id = 5bdfb7d8e4967b85
start_time = 1682628697917873
end_time = 1682628697923134
inclusive_time = 5261
exclusive_time = 101
process_id = p8
operationName = /wrk2-api/review/compose
serviceName = nginx
------------------------------------------------------------------------------------
span = 2
span_id = 13732631f78452d5
parent_id = 954fd5ff8a764287
start_time = 1682628697917920
end_time = 1682628697923080
inclusive_time = 5160
exclusive_time = 341
process_id = p8
operationName = ComposeReview
serviceName = nginx
------------------------------------------------------------------------------------
span = 3
span_id = b6418f1930278d51
parent_id = 13732631f78452d5
start_time = 1682628697918216
end_time = 1682628697922919
inclusive_time = 4703
exclusive_time = 397
process_id = p7
operationName = UploadMovieId
serviceName = movie-id-service
------------------------------------------------------------------------------------
span = 4
span_id = fd302d5acfe51177
parent_id = b6418f1930278d51
start_time = 1682628697918657
end_time = 1682628697922799
inclusive_time = 4142
exclusive_time = 378
process_id = p5
operationName = UploadRating
serviceName = rating-service
------------------------------------------------------------------------------------
span = 5
span_id = 23ebe4efd6e94f29
parent_id = fd302d5acfe51177
start_time = 1682628697918889
end_time = 1682628697922571
inclusive_time = 3682
exclusive_time = 2268
process_id = p4
operationName = UploadRating
serviceName = compose-review-service
------------------------------------------------------------------------------------
span = 6
span_id = 3446b0ebc90167cd
parent_id = 23ebe4efd6e94f29
start_time = 1682628697921278
end_time = 1682628697922465
inclusive_time = 1187
exclusive_time = 25
process_id = p1
operationName = UploadMovieReview
serviceName = movie-review-service
------------------------------------------------------------------------------------
span = 7
span_id = f599e11c943e7544
parent_id = 3446b0ebc90167cd
start_time = 1682628697921303
end_time = 1682628697922470
inclusive_time = 1167
exclusive_time = 1167
process_id = p1
operationName = MongoFindMovie
serviceName = movie-review-service
------------------------------------------------------------------------------------
span = 8
span_id = c8fdebd6b8c5b828
parent_id = b6418f1930278d51
start_time = 1682628697918228
end_time = 1682628697918318
inclusive_time = 90
exclusive_time = 90
process_id = p7
operationName = MmcGetMovieId
serviceName = movie-id-service
------------------------------------------------------------------------------------
