span 0
span_id = 0f99fcb1410f66bf
parent_id = None
start_time = 1682628697894000
end_time = 1682628697898392
inclusive_time = 4392
exclusive_time = 313
process_id = p1
operationName = /wrk2-api/review/compose
serviceName = None
------------------------------------------------------------------------------------
span 1
span_id = 72cf38a37b26cff7
parent_id = 0f99fcb1410f66bf
start_time = 1682628697894313
end_time = 1682628697898392
inclusive_time = 4079
exclusive_time = 148
process_id = p1
operationName = /wrk2-api/review/compose
serviceName = None
------------------------------------------------------------------------------------
span 2
span_id = ff4f7e1e634912d0
parent_id = 72cf38a37b26cff7
start_time = 1682628697894395
end_time = 1682628697898326
inclusive_time = 3931
exclusive_time = 323
process_id = p1
operationName = ComposeReview
serviceName = None
------------------------------------------------------------------------------------
span 3
span_id = 2903010a8c18ea17
parent_id = ff4f7e1e634912d0
start_time = 1682628697895236
end_time = 1682628697898238
inclusive_time = 3002
exclusive_time = 499
process_id = p10
operationName = UploadUniqueId
serviceName = None
------------------------------------------------------------------------------------
span 4
span_id = cc2d32768e50e42e
parent_id = 2903010a8c18ea17
start_time = 1682628697895670
end_time = 1682628697898173
inclusive_time = 2503
exclusive_time = 1117
process_id = p2
operationName = UploadUniqueId
serviceName = None
------------------------------------------------------------------------------------
span 5
span_id = 0c95ad642206dd82
parent_id = cc2d32768e50e42e
start_time = 1682628697896714
end_time = 1682628697898040
inclusive_time = 1326
exclusive_time = 18
process_id = p4
operationName = UploadMovieReview
serviceName = None
------------------------------------------------------------------------------------
span 6
span_id = 722e4066b4e2f191
parent_id = 0c95ad642206dd82
start_time = 1682628697896732
end_time = 1682628697898045
inclusive_time = 1313
exclusive_time = 1313
process_id = p4
operationName = MongoFindMovie
serviceName = None
------------------------------------------------------------------------------------
