span = 0
span_id = bd708ee99ad2da4d
parent_id = None
start_time = 1682628698010000
end_time = 1682628698015011
inclusive_time = 5011
exclusive_time = 210
process_id = p3
operationName = /wrk2-api/review/compose
serviceName = nginx
------------------------------------------------------------------------------------
span = 1
span_id = 7492d31346e260c3
parent_id = bd708ee99ad2da4d
start_time = 1682628698010209
end_time = 1682628698015010
inclusive_time = 4801
exclusive_time = 393
process_id = p3
operationName = /wrk2-api/review/compose
serviceName = nginx
------------------------------------------------------------------------------------
span = 2
span_id = 2e19eccfc457d160
parent_id = 7492d31346e260c3
start_time = 1682628698010241
end_time = 1682628698014649
inclusive_time = 4408
exclusive_time = 247
process_id = p3
operationName = ComposeReview
serviceName = nginx
------------------------------------------------------------------------------------
span = 3
span_id = 63c2ec1cfedf6db8
parent_id = 2e19eccfc457d160
start_time = 1682628698010506
end_time = 1682628698014555
inclusive_time = 4049
exclusive_time = 656
process_id = p2
operationName = UploadMovieId
serviceName = movie-id-service
------------------------------------------------------------------------------------
span = 4
span_id = b7c87c4ad85f6e57
parent_id = 63c2ec1cfedf6db8
start_time = 1682628698011303
end_time = 1682628698014427
inclusive_time = 3124
exclusive_time = 345
process_id = p9
operationName = UploadRating
serviceName = rating-service
------------------------------------------------------------------------------------
span = 5
span_id = 59e84d9a24adbedb
parent_id = b7c87c4ad85f6e57
start_time = 1682628698011544
end_time = 1682628698014286
inclusive_time = 2742
exclusive_time = 1294
process_id = p5
operationName = UploadRating
serviceName = compose-review-service
------------------------------------------------------------------------------------
span = 6
span_id = 672e9b6cec92b08e
parent_id = 59e84d9a24adbedb
start_time = 1682628698012760
end_time = 1682628698014113
inclusive_time = 1353
exclusive_time = 23
process_id = p6
operationName = UploadUserReview
serviceName = user-review-service
------------------------------------------------------------------------------------
span = 7
span_id = d4d59f8ecb78e295
parent_id = 672e9b6cec92b08e
start_time = 1682628698012783
end_time = 1682628698014120
inclusive_time = 1337
exclusive_time = 1337
process_id = p6
operationName = MongoFindUser
serviceName = user-review-service
------------------------------------------------------------------------------------
span = 8
span_id = 29b2423b1e13895a
parent_id = 63c2ec1cfedf6db8
start_time = 1682628698010914
end_time = 1682628698011017
inclusive_time = 103
exclusive_time = 103
process_id = p2
operationName = MmcSetMovieId
serviceName = movie-id-service
------------------------------------------------------------------------------------
span = 9
span_id = 7a5c944884a8402e
parent_id = 63c2ec1cfedf6db8
start_time = 1682628698010522
end_time = 1682628698010629
inclusive_time = 107
exclusive_time = 107
process_id = p2
operationName = MmcGetMovieId
serviceName = movie-id-service
------------------------------------------------------------------------------------
