span = 0
trace_id = ab9dd5d8f9fa23c5
span_id = ab9dd5d8f9fa23c5
parent_id = None
start_time = 1682628698028000
end_time = 1682628698032147
inclusive_time = 4147
exclusive_time = 529
process_id = p1
operationName = /wrk2-api/review/compose
serviceName = nginx
------------------------------------------------------------------------------------
span = 1
trace_id = ab9dd5d8f9fa23c5
span_id = 9c333ca5d5745f79
parent_id = ab9dd5d8f9fa23c5
start_time = 1682628698028528
end_time = 1682628698032146
inclusive_time = 3618
exclusive_time = 118
process_id = p1
operationName = /wrk2-api/review/compose
serviceName = nginx
------------------------------------------------------------------------------------
span = 2
trace_id = ab9dd5d8f9fa23c5
span_id = 5a0a9dc08bcdffd3
parent_id = 9c333ca5d5745f79
start_time = 1682628698028579
end_time = 1682628698032079
inclusive_time = 3500
exclusive_time = 252
process_id = p1
operationName = ComposeReview
serviceName = nginx
------------------------------------------------------------------------------------
span = 3
trace_id = ab9dd5d8f9fa23c5
span_id = e92d565ed39ea3a4
parent_id = 5a0a9dc08bcdffd3
start_time = 1682628698029026
end_time = 1682628698031987
inclusive_time = 2961
exclusive_time = 223
process_id = p5
operationName = UploadUniqueId
serviceName = unique-id-service
------------------------------------------------------------------------------------
span = 4
trace_id = ab9dd5d8f9fa23c5
span_id = e47c257f3c801e48
parent_id = e92d565ed39ea3a4
start_time = 1682628698029175
end_time = 1682628698031913
inclusive_time = 2738
exclusive_time = 1371
process_id = p3
operationName = UploadUniqueId
serviceName = compose-review-service
------------------------------------------------------------------------------------
span = 5
trace_id = ab9dd5d8f9fa23c5
span_id = f5cdcef77a707acf
parent_id = e47c257f3c801e48
start_time = 1682628698030348
end_time = 1682628698031709
inclusive_time = 1361
exclusive_time = 21
process_id = p4
operationName = UploadUserReview
serviceName = user-review-service
------------------------------------------------------------------------------------
span = 6
trace_id = ab9dd5d8f9fa23c5
span_id = 9fca112c1ae5e557
parent_id = f5cdcef77a707acf
start_time = 1682628698030369
end_time = 1682628698031727
inclusive_time = 1358
exclusive_time = 1358
process_id = p4
operationName = MongoFindUser
serviceName = user-review-service
------------------------------------------------------------------------------------
