span = 0
trace_id = f8a515dc618c2d45
span_id = f8a515dc618c2d45
parent_id = None
start_time = 1682628698068000
end_time = 1682628698073651
inclusive_time = 5651
exclusive_time = 746
process_id = p7
operationName = /wrk2-api/review/compose
serviceName = nginx
------------------------------------------------------------------------------------
span = 1
trace_id = f8a515dc618c2d45
span_id = 7571869760d0c6a1
parent_id = f8a515dc618c2d45
start_time = 1682628698068746
end_time = 1682628698073651
inclusive_time = 4905
exclusive_time = 93
process_id = p7
operationName = /wrk2-api/review/compose
serviceName = nginx
------------------------------------------------------------------------------------
span = 2
trace_id = f8a515dc618c2d45
span_id = 5f1a3f33c76f4a43
parent_id = 7571869760d0c6a1
start_time = 1682628698068781
end_time = 1682628698073593
inclusive_time = 4812
exclusive_time = 259
process_id = p7
operationName = ComposeReview
serviceName = nginx
------------------------------------------------------------------------------------
span = 3
trace_id = f8a515dc618c2d45
span_id = 71c84a090f0013f7
parent_id = 5f1a3f33c76f4a43
start_time = 1682628698069054
end_time = 1682628698073496
inclusive_time = 4442
exclusive_time = 380
process_id = p4
operationName = UploadMovieId
serviceName = movie-id-service
------------------------------------------------------------------------------------
span = 4
trace_id = f8a515dc618c2d45
span_id = baec14f4297848a6
parent_id = 71c84a090f0013f7
start_time = 1682628698069669
end_time = 1682628698073344
inclusive_time = 3675
exclusive_time = 361
process_id = p6
operationName = UploadRating
serviceName = rating-service
------------------------------------------------------------------------------------
span = 5
trace_id = f8a515dc618c2d45
span_id = dae21a0d154b7ab9
parent_id = baec14f4297848a6
start_time = 1682628698069923
end_time = 1682628698073180
inclusive_time = 3257
exclusive_time = 1015
process_id = p2
operationName = UploadRating
serviceName = compose-review-service
------------------------------------------------------------------------------------
span = 6
trace_id = f8a515dc618c2d45
span_id = 84cf4a4bb4dcf4e6
parent_id = dae21a0d154b7ab9
start_time = 1682628698071067
end_time = 1682628698072970
inclusive_time = 1903
exclusive_time = 26
process_id = p1
operationName = UploadMovieReview
serviceName = movie-review-service
------------------------------------------------------------------------------------
span = 7
trace_id = f8a515dc618c2d45
span_id = ae16d54e82b11290
parent_id = 84cf4a4bb4dcf4e6
start_time = 1682628698071093
end_time = 1682628698073000
inclusive_time = 1907
exclusive_time = 1907
process_id = p1
operationName = MongoFindMovie
serviceName = movie-review-service
------------------------------------------------------------------------------------
span = 8
trace_id = f8a515dc618c2d45
span_id = 5d681c24981eef4f
parent_id = dae21a0d154b7ab9
start_time = 1682628698070728
end_time = 1682628698071019
inclusive_time = 291
exclusive_time = 31
process_id = p8
operationName = StoreReview
serviceName = review-storage-service
------------------------------------------------------------------------------------
span = 9
trace_id = f8a515dc618c2d45
span_id = f523e9a13d843a6a
parent_id = 5d681c24981eef4f
start_time = 1682628698070747
end_time = 1682628698071007
inclusive_time = 260
exclusive_time = 260
process_id = p8
operationName = MongoInsertReview
serviceName = review-storage-service
------------------------------------------------------------------------------------
span = 10
trace_id = f8a515dc618c2d45
span_id = 7c6d2ab0535209a5
parent_id = 71c84a090f0013f7
start_time = 1682628698069401
end_time = 1682628698069497
inclusive_time = 96
exclusive_time = 96
process_id = p4
operationName = MmcSetMovieId
serviceName = movie-id-service
------------------------------------------------------------------------------------
span = 11
trace_id = f8a515dc618c2d45
span_id = 932b0660007767f3
parent_id = 71c84a090f0013f7
start_time = 1682628698069071
end_time = 1682628698069195
inclusive_time = 124
exclusive_time = 124
process_id = p4
operationName = MmcGetMovieId
serviceName = movie-id-service
------------------------------------------------------------------------------------
