span = 0
span_id = 834b972c209e68e2
parent_id = None
start_time = 1682628697919000
end_time = 1682628697924484
inclusive_time = 5484
exclusive_time = 447
process_id = p8
operationName = /wrk2-api/review/compose
serviceName = nginx
------------------------------------------------------------------------------------
span = 1
span_id = ca993ff5599b7181
parent_id = 834b972c209e68e2
start_time = 1682628697919446
end_time = 1682628697924483
inclusive_time = 5037
exclusive_time = 99
process_id = p8
operationName = /wrk2-api/review/compose
serviceName = nginx
------------------------------------------------------------------------------------
span = 2
span_id = bd7cd2dde46a7c92
parent_id = ca993ff5599b7181
start_time = 1682628697919491
end_time = 1682628697924429
inclusive_time = 4938
exclusive_time = 269
process_id = p8
operationName = ComposeReview
serviceName = nginx
------------------------------------------------------------------------------------
span = 3
span_id = 219540c07cafff09
parent_id = bd7cd2dde46a7c92
start_time = 1682628697919852
end_time = 1682628697924366
inclusive_time = 4514
exclusive_time = 288
process_id = p7
operationName = UploadMovieId
serviceName = movie-id-service
------------------------------------------------------------------------------------
span = 4
span_id = 88bcc2c1e11ca5e8
parent_id = 219540c07cafff09
start_time = 1682628697920291
end_time = 1682628697924244
inclusive_time = 3953
exclusive_time = 2111
process_id = p4
operationName = UploadMovieId
serviceName = compose-review-service
------------------------------------------------------------------------------------
span = 5
span_id = 5baf6767629c722d
parent_id = 88bcc2c1e11ca5e8
start_time = 1682628697922095
end_time = 1682628697923844
inclusive_time = 1749
exclusive_time = 27
process_id = p1
operationName = UploadMovieReview
serviceName = movie-review-service
------------------------------------------------------------------------------------
span = 6
span_id = 4ea6820c1da47d6f
parent_id = 5baf6767629c722d
start_time = 1682628697922122
end_time = 1682628697923848
inclusive_time = 1726
exclusive_time = 1726
process_id = p1
operationName = MongoFindMovie
serviceName = movie-review-service
------------------------------------------------------------------------------------
span = 7
span_id = 09f0c3c62eeff8cc
parent_id = 219540c07cafff09
start_time = 1682628697920137
end_time = 1682628697920274
inclusive_time = 137
exclusive_time = 137
process_id = p7
operationName = MmcSetMovieId
serviceName = movie-id-service
------------------------------------------------------------------------------------
span = 8
span_id = 40414bf9eb7fdc62
parent_id = 219540c07cafff09
start_time = 1682628697919875
end_time = 1682628697920011
inclusive_time = 136
exclusive_time = 136
process_id = p7
operationName = MmcGetMovieId
serviceName = movie-id-service
------------------------------------------------------------------------------------
