span = 0
span_id = 2ccdcd29afb231b3
parent_id = None
start_time = 1682628697915000
end_time = 1682628697919502
inclusive_time = 4502
exclusive_time = 591
process_id = p8
operationName = /wrk2-api/review/compose
serviceName = nginx
------------------------------------------------------------------------------------
span = 1
span_id = 8231cb8b11210ece
parent_id = 2ccdcd29afb231b3
start_time = 1682628697915590
end_time = 1682628697919501
inclusive_time = 3911
exclusive_time = 107
process_id = p8
operationName = /wrk2-api/review/compose
serviceName = nginx
------------------------------------------------------------------------------------
span = 2
span_id = f960e9ba0e6b3cf1
parent_id = 8231cb8b11210ece
start_time = 1682628697915637
end_time = 1682628697919441
inclusive_time = 3804
exclusive_time = 279
process_id = p8
operationName = ComposeReview
serviceName = nginx
------------------------------------------------------------------------------------
span = 3
span_id = f0e06e63168cbc56
parent_id = f960e9ba0e6b3cf1
start_time = 1682628697915953
end_time = 1682628697919355
inclusive_time = 3402
exclusive_time = 356
process_id = p7
operationName = UploadMovieId
serviceName = movie-id-service
------------------------------------------------------------------------------------
span = 4
span_id = 9f1c244a895be905
parent_id = f0e06e63168cbc56
start_time = 1682628697916530
end_time = 1682628697919211
inclusive_time = 2681
exclusive_time = 1372
process_id = p4
operationName = UploadMovieId
serviceName = compose-review-service
------------------------------------------------------------------------------------
span = 5
span_id = c5a143014beb3356
parent_id = 9f1c244a895be905
start_time = 1682628697917934
end_time = 1682628697919037
inclusive_time = 1103
exclusive_time = 37
process_id = p3
operationName = UploadUserReview
serviceName = user-review-service
------------------------------------------------------------------------------------
span = 6
span_id = ea784a63de8efc16
parent_id = c5a143014beb3356
start_time = 1682628697917971
end_time = 1682628697919041
inclusive_time = 1070
exclusive_time = 1070
process_id = p3
operationName = MongoFindUser
serviceName = user-review-service
------------------------------------------------------------------------------------
span = 7
span_id = 90e7ab86ff9cc832
parent_id = f0e06e63168cbc56
start_time = 1682628697916212
end_time = 1682628697916322
inclusive_time = 110
exclusive_time = 110
process_id = p7
operationName = MmcSetMovieId
serviceName = movie-id-service
------------------------------------------------------------------------------------
span = 8
span_id = d1aac07c2fb69fdb
parent_id = f0e06e63168cbc56
start_time = 1682628697915972
end_time = 1682628697916066
inclusive_time = 94
exclusive_time = 94
process_id = p7
operationName = MmcGetMovieId
serviceName = movie-id-service
------------------------------------------------------------------------------------
