span = 0
trace_id = ed0174e71455ad7b
span_id = ed0174e71455ad7b
parent_id = None
start_time = 1682628698138000
end_time = 1682628698143900
inclusive_time = 5900
exclusive_time = 237
process_id = p2
operationName = /wrk2-api/review/compose
serviceName = nginx
call path = 
------------------------------------------------------------------------------------
span = 1
trace_id = ed0174e71455ad7b
span_id = 4e5d4291e16a9315
parent_id = ed0174e71455ad7b
start_time = 1682628698138237
end_time = 1682628698143900
inclusive_time = 5663
exclusive_time = 98
process_id = p2
operationName = /wrk2-api/review/compose
serviceName = nginx
call path = ->/wrk2-api/review/compose_nginx
------------------------------------------------------------------------------------
span = 2
trace_id = ed0174e71455ad7b
span_id = 31fc973cdfd4a5cd
parent_id = 4e5d4291e16a9315
start_time = 1682628698138282
end_time = 1682628698143847
inclusive_time = 5565
exclusive_time = 443
process_id = p2
operationName = ComposeReview
serviceName = nginx
call path = ->/wrk2-api/review/compose_nginx->/wrk2-api/review/compose_nginx
------------------------------------------------------------------------------------
span = 3
trace_id = ed0174e71455ad7b
span_id = 0ddc26dc2c376290
parent_id = 31fc973cdfd4a5cd
start_time = 1682628698139733
end_time = 1682628698143728
inclusive_time = 3995
exclusive_time = 407
process_id = p7
operationName = UploadMovieId
serviceName = movie-id-service
call path = ->/wrk2-api/review/compose_nginx->/wrk2-api/review/compose_nginx->ComposeReview_nginx
------------------------------------------------------------------------------------
span = 4
trace_id = ed0174e71455ad7b
span_id = b7d5b47d9972b76d
parent_id = 0ddc26dc2c376290
start_time = 1682628698140176
end_time = 1682628698143576
inclusive_time = 3400
exclusive_time = 261
process_id = p1
operationName = UploadRating
serviceName = rating-service
call path = ->/wrk2-api/review/compose_nginx->/wrk2-api/review/compose_nginx->ComposeReview_nginx->UploadMovieId_movie-id-service
------------------------------------------------------------------------------------
span = 5
trace_id = ed0174e71455ad7b
span_id = 6090a571d52d469d
parent_id = b7d5b47d9972b76d
start_time = 1682628698140334
end_time = 1682628698143416
inclusive_time = 3082
exclusive_time = 1324
process_id = p3
operationName = UploadRating
serviceName = compose-review-service
call path = ->/wrk2-api/review/compose_nginx->/wrk2-api/review/compose_nginx->ComposeReview_nginx->UploadMovieId_movie-id-service->UploadRating_rating-service
------------------------------------------------------------------------------------
span = 6
trace_id = ed0174e71455ad7b
span_id = 1b4d63acc1ef776c
parent_id = 6090a571d52d469d
start_time = 1682628698141547
end_time = 1682628698143291
inclusive_time = 1744
exclusive_time = 22
process_id = p6
operationName = UploadUserReview
serviceName = user-review-service
call path = ->/wrk2-api/review/compose_nginx->/wrk2-api/review/compose_nginx->ComposeReview_nginx->UploadMovieId_movie-id-service->UploadRating_rating-service->UploadRating_compose-review-service
------------------------------------------------------------------------------------
span = 7
trace_id = ed0174e71455ad7b
span_id = e1b780a160a6e777
parent_id = 1b4d63acc1ef776c
start_time = 1682628698141569
end_time = 1682628698143294
inclusive_time = 1725
exclusive_time = 1725
process_id = p6
operationName = MongoFindUser
serviceName = user-review-service
call path = ->/wrk2-api/review/compose_nginx->/wrk2-api/review/compose_nginx->ComposeReview_nginx->UploadMovieId_movie-id-service->UploadRating_rating-service->UploadRating_compose-review-service->UploadUserReview_user-review-service
------------------------------------------------------------------------------------
span = 8
trace_id = ed0174e71455ad7b
span_id = 95dd97412e0594ef
parent_id = 0ddc26dc2c376290
start_time = 1682628698139994
end_time = 1682628698140106
inclusive_time = 112
exclusive_time = 112
process_id = p7
operationName = MmcSetMovieId
serviceName = movie-id-service
call path = ->/wrk2-api/review/compose_nginx->/wrk2-api/review/compose_nginx->ComposeReview_nginx->UploadMovieId_movie-id-service
------------------------------------------------------------------------------------
span = 9
trace_id = ed0174e71455ad7b
span_id = 5c8b5878c70914c2
parent_id = 0ddc26dc2c376290
start_time = 1682628698139750
end_time = 1682628698139826
inclusive_time = 76
exclusive_time = 76
process_id = p7
operationName = MmcGetMovieId
serviceName = movie-id-service
call path = ->/wrk2-api/review/compose_nginx->/wrk2-api/review/compose_nginx->ComposeReview_nginx->UploadMovieId_movie-id-service
------------------------------------------------------------------------------------
span = 10
trace_id = ed0174e71455ad7b
span_id = 5edde3ba72088e24
parent_id = 31fc973cdfd4a5cd
start_time = 1682628698138736
end_time = 1682628698139408
inclusive_time = 672
exclusive_time = 262
process_id = p10
operationName = UploadText
serviceName = text-service
call path = ->/wrk2-api/review/compose_nginx->/wrk2-api/review/compose_nginx->ComposeReview_nginx
------------------------------------------------------------------------------------
span = 11
trace_id = ed0174e71455ad7b
span_id = 62f39e430fbcad21
parent_id = 5edde3ba72088e24
start_time = 1682628698138879
end_time = 1682628698139289
inclusive_time = 410
exclusive_time = 410
process_id = p3
operationName = UploadText
serviceName = compose-review-service
call path = ->/wrk2-api/review/compose_nginx->/wrk2-api/review/compose_nginx->ComposeReview_nginx->UploadText_text-service
------------------------------------------------------------------------------------
