span 0
span_id = 5441066b543e7b4f
parent_id = None
start_time = 1682628698242000
end_time = 1682628698247130
inclusive_time = 5130
exclusive_time = 405
process_id = p5
operationName = /wrk2-api/review/compose
serviceName = None
------------------------------------------------------------------------------------
span 1
span_id = ae3fb86e9e8fc0f6
parent_id = 5441066b543e7b4f
start_time = 1682628698242404
end_time = 1682628698247129
inclusive_time = 4725
exclusive_time = 103
process_id = p5
operationName = /wrk2-api/review/compose
serviceName = None
------------------------------------------------------------------------------------
span 2
span_id = fa9f894febab27e7
parent_id = ae3fb86e9e8fc0f6
start_time = 1682628698242439
end_time = 1682628698247061
inclusive_time = 4622
exclusive_time = 291
process_id = p5
operationName = ComposeReview
serviceName = None
------------------------------------------------------------------------------------
span 3
span_id = bcc5bab4552282fb
parent_id = fa9f894febab27e7
start_time = 1682628698243503
end_time = 1682628698246941
inclusive_time = 3438
exclusive_time = 420
process_id = p1
operationName = UploadMovieId
serviceName = None
------------------------------------------------------------------------------------
span 4
span_id = dfdf9d8c0158f80d
parent_id = bcc5bab4552282fb
start_time = 1682628698244065
end_time = 1682628698246829
inclusive_time = 2764
exclusive_time = 240
process_id = p10
operationName = UploadRating
serviceName = None
------------------------------------------------------------------------------------
span 5
span_id = e1ab910f9cbd87fe
parent_id = dfdf9d8c0158f80d
start_time = 1682628698244226
end_time = 1682628698246715
inclusive_time = 2489
exclusive_time = 1116
process_id = p2
operationName = UploadRating
serviceName = None
------------------------------------------------------------------------------------
span 6
span_id = 63ccce8e677581f4
parent_id = e1ab910f9cbd87fe
start_time = 1682628698245263
end_time = 1682628698246438
inclusive_time = 1175
exclusive_time = 27
process_id = p3
operationName = UploadMovieReview
serviceName = None
------------------------------------------------------------------------------------
span 7
span_id = f6365480e7d36731
parent_id = 63ccce8e677581f4
start_time = 1682628698245290
end_time = 1682628698246445
inclusive_time = 1155
exclusive_time = 1155
process_id = p3
operationName = MongoFindMovie
serviceName = None
------------------------------------------------------------------------------------
span 8
span_id = b6eb1cf14be057be
parent_id = bcc5bab4552282fb
start_time = 1682628698243835
end_time = 1682628698243937
inclusive_time = 102
exclusive_time = 102
process_id = p1
operationName = MmcSetMovieId
serviceName = None
------------------------------------------------------------------------------------
span 9
span_id = 8bcb50bc1c3d26de
parent_id = bcc5bab4552282fb
start_time = 1682628698243561
end_time = 1682628698243655
inclusive_time = 94
exclusive_time = 94
process_id = p1
operationName = MmcGetMovieId
serviceName = None
------------------------------------------------------------------------------------
