span = 0
trace_id = 45530f4c67a8d7e9
span_id = 45530f4c67a8d7e9
parent_id = None
start_time = 1682628698173000
end_time = 1682628698177247
inclusive_time = 4247
exclusive_time = 391
process_id = p3
operationName = /wrk2-api/review/compose
serviceName = nginx
call path = 
------------------------------------------------------------------------------------
span = 1
trace_id = 45530f4c67a8d7e9
span_id = 845618c4c4bca79c
parent_id = 45530f4c67a8d7e9
start_time = 1682628698173391
end_time = 1682628698177247
inclusive_time = 3856
exclusive_time = 96
process_id = p3
operationName = /wrk2-api/review/compose
serviceName = nginx
call path = ->/wrk2-api/review/compose_nginx
------------------------------------------------------------------------------------
span = 2
trace_id = 45530f4c67a8d7e9
span_id = 551182673c7cc6a9
parent_id = 845618c4c4bca79c
start_time = 1682628698173425
end_time = 1682628698177185
inclusive_time = 3760
exclusive_time = 254
process_id = p3
operationName = ComposeReview
serviceName = nginx
call path = ->/wrk2-api/review/compose_nginx->/wrk2-api/review/compose_nginx
------------------------------------------------------------------------------------
span = 3
trace_id = 45530f4c67a8d7e9
span_id = 86fc09add8850862
parent_id = 551182673c7cc6a9
start_time = 1682628698173662
end_time = 1682628698177083
inclusive_time = 3421
exclusive_time = 424
process_id = p6
operationName = UploadMovieId
serviceName = movie-id-service
call path = ->/wrk2-api/review/compose_nginx->/wrk2-api/review/compose_nginx->ComposeReview_nginx
------------------------------------------------------------------------------------
span = 4
trace_id = 45530f4c67a8d7e9
span_id = 97ecd000d9d23ef9
parent_id = 86fc09add8850862
start_time = 1682628698174117
end_time = 1682628698176907
inclusive_time = 2790
exclusive_time = 290
process_id = p10
operationName = UploadRating
serviceName = rating-service
call path = ->/wrk2-api/review/compose_nginx->/wrk2-api/review/compose_nginx->ComposeReview_nginx->UploadMovieId_movie-id-service
------------------------------------------------------------------------------------
span = 5
trace_id = 45530f4c67a8d7e9
span_id = 819449b700cbf55a
parent_id = 97ecd000d9d23ef9
start_time = 1682628698174280
end_time = 1682628698176721
inclusive_time = 2441
exclusive_time = 1050
process_id = p1
operationName = UploadRating
serviceName = compose-review-service
call path = ->/wrk2-api/review/compose_nginx->/wrk2-api/review/compose_nginx->ComposeReview_nginx->UploadMovieId_movie-id-service->UploadRating_rating-service
------------------------------------------------------------------------------------
span = 6
trace_id = 45530f4c67a8d7e9
span_id = 95c254248a1166dc
parent_id = 819449b700cbf55a
start_time = 1682628698175177
end_time = 1682628698176529
inclusive_time = 1352
exclusive_time = 24
process_id = p5
operationName = UploadUserReview
serviceName = user-review-service
call path = ->/wrk2-api/review/compose_nginx->/wrk2-api/review/compose_nginx->ComposeReview_nginx->UploadMovieId_movie-id-service->UploadRating_rating-service->UploadRating_compose-review-service
------------------------------------------------------------------------------------
span = 7
trace_id = 45530f4c67a8d7e9
span_id = c47d986b90574069
parent_id = 95c254248a1166dc
start_time = 1682628698175201
end_time = 1682628698176532
inclusive_time = 1331
exclusive_time = 1331
process_id = p5
operationName = MongoFindUser
serviceName = user-review-service
call path = ->/wrk2-api/review/compose_nginx->/wrk2-api/review/compose_nginx->ComposeReview_nginx->UploadMovieId_movie-id-service->UploadRating_rating-service->UploadRating_compose-review-service->UploadUserReview_user-review-service
------------------------------------------------------------------------------------
span = 8
trace_id = 45530f4c67a8d7e9
span_id = 693716e367a3b437
parent_id = 86fc09add8850862
start_time = 1682628698174021
end_time = 1682628698174111
inclusive_time = 90
exclusive_time = 90
process_id = p6
operationName = MmcSetMovieId
serviceName = movie-id-service
call path = ->/wrk2-api/review/compose_nginx->/wrk2-api/review/compose_nginx->ComposeReview_nginx->UploadMovieId_movie-id-service
------------------------------------------------------------------------------------
span = 9
trace_id = 45530f4c67a8d7e9
span_id = 285933f19ba33862
parent_id = 86fc09add8850862
start_time = 1682628698173681
end_time = 1682628698173792
inclusive_time = 111
exclusive_time = 111
process_id = p6
operationName = MmcGetMovieId
serviceName = movie-id-service
call path = ->/wrk2-api/review/compose_nginx->/wrk2-api/review/compose_nginx->ComposeReview_nginx->UploadMovieId_movie-id-service
------------------------------------------------------------------------------------
