span 0
span_id = fcf931ca961bf262
parent_id = None
start_time = 1682628698278000
end_time = 1682628698282409
inclusive_time = 4409
exclusive_time = 624
process_id = p2
operationName = /wrk2-api/review/compose
serviceName = None
------------------------------------------------------------------------------------
span 1
span_id = 8446e082d3d1e2f7
parent_id = fcf931ca961bf262
start_time = 1682628698278624
end_time = 1682628698282409
inclusive_time = 3785
exclusive_time = 82
process_id = p2
operationName = /wrk2-api/review/compose
serviceName = None
------------------------------------------------------------------------------------
span 2
span_id = cf1e4cb53f56bb8e
parent_id = 8446e082d3d1e2f7
start_time = 1682628698278656
end_time = 1682628698282359
inclusive_time = 3703
exclusive_time = 404
process_id = p2
operationName = ComposeReview
serviceName = None
------------------------------------------------------------------------------------
span 3
span_id = 777f39edbbdcc172
parent_id = cf1e4cb53f56bb8e
start_time = 1682628698278973
end_time = 1682628698282272
inclusive_time = 3299
exclusive_time = 315
process_id = p5
operationName = UploadMovieId
serviceName = None
------------------------------------------------------------------------------------
span 4
span_id = ab38c07ebcef41ad
parent_id = 777f39edbbdcc172
start_time = 1682628698279441
end_time = 1682628698282147
inclusive_time = 2706
exclusive_time = 389
process_id = p10
operationName = UploadRating
serviceName = None
------------------------------------------------------------------------------------
span 5
span_id = 1124a80b94c2b462
parent_id = ab38c07ebcef41ad
start_time = 1682628698279624
end_time = 1682628698281872
inclusive_time = 2248
exclusive_time = 1047
process_id = p4
operationName = UploadRating
serviceName = None
------------------------------------------------------------------------------------
span 6
span_id = 06174605839b3a97
parent_id = 1124a80b94c2b462
start_time = 1682628698280555
end_time = 1682628698281744
inclusive_time = 1189
exclusive_time = 25
process_id = p3
operationName = UploadUserReview
serviceName = None
------------------------------------------------------------------------------------
span 7
span_id = 5d5aa3211d402bae
parent_id = 06174605839b3a97
start_time = 1682628698280580
end_time = 1682628698281749
inclusive_time = 1169
exclusive_time = 1169
process_id = p3
operationName = MongoFindUser
serviceName = None
------------------------------------------------------------------------------------
span 8
span_id = b34f31198391bd41
parent_id = 777f39edbbdcc172
start_time = 1682628698279216
end_time = 1682628698279400
inclusive_time = 184
exclusive_time = 184
process_id = p5
operationName = MmcSetMovieId
serviceName = None
------------------------------------------------------------------------------------
span 9
span_id = 9671467969c0c691
parent_id = 777f39edbbdcc172
start_time = 1682628698278990
end_time = 1682628698279084
inclusive_time = 94
exclusive_time = 94
process_id = p5
operationName = MmcGetMovieId
serviceName = None
------------------------------------------------------------------------------------
