span = 0
span_id = b5cadeb0a336379b
parent_id = None
start_time = 1682628698193000
end_time = 1682628698197663
inclusive_time = 4663
exclusive_time = 568
process_id = p1
operationName = /wrk2-api/review/compose
serviceName = nginx
------------------------------------------------------------------------------------
span = 1
span_id = 7ded8b59d4aef33e
parent_id = b5cadeb0a336379b
start_time = 1682628698193568
end_time = 1682628698197663
inclusive_time = 4095
exclusive_time = 103
process_id = p1
operationName = /wrk2-api/review/compose
serviceName = nginx
------------------------------------------------------------------------------------
span = 2
span_id = 65b1c1a8dbd404c2
parent_id = 7ded8b59d4aef33e
start_time = 1682628698193619
end_time = 1682628698197611
inclusive_time = 3992
exclusive_time = 651
process_id = p1
operationName = ComposeReview
serviceName = nginx
------------------------------------------------------------------------------------
span = 3
span_id = 2d1bbf4f8d7a1404
parent_id = 65b1c1a8dbd404c2
start_time = 1682628698193975
end_time = 1682628698197208
inclusive_time = 3233
exclusive_time = 342
process_id = p5
operationName = UploadMovieId
serviceName = movie-id-service
------------------------------------------------------------------------------------
span = 4
span_id = 4ee0c58e96bfc7e3
parent_id = 2d1bbf4f8d7a1404
start_time = 1682628698194390
end_time = 1682628698197017
inclusive_time = 2627
exclusive_time = 195
process_id = p10
operationName = UploadRating
serviceName = rating-service
------------------------------------------------------------------------------------
span = 5
span_id = 164889a11075c453
parent_id = 4ee0c58e96bfc7e3
start_time = 1682628698194639
end_time = 1682628698196924
inclusive_time = 2285
exclusive_time = 1007
process_id = p4
operationName = UploadRating
serviceName = compose-review-service
------------------------------------------------------------------------------------
span = 6
span_id = 229fe5410583ec81
parent_id = 164889a11075c453
start_time = 1682628698195699
end_time = 1682628698196787
inclusive_time = 1088
exclusive_time = 21
process_id = p6
operationName = UploadMovieReview
serviceName = movie-review-service
------------------------------------------------------------------------------------
span = 7
span_id = 36e3bb0f2e4f7fbf
parent_id = 229fe5410583ec81
start_time = 1682628698195720
end_time = 1682628698196791
inclusive_time = 1071
exclusive_time = 1071
process_id = p6
operationName = MongoFindMovie
serviceName = movie-review-service
------------------------------------------------------------------------------------
span = 8
span_id = 598314b23cc270cb
parent_id = 2d1bbf4f8d7a1404
start_time = 1682628698194221
end_time = 1682628698194351
inclusive_time = 130
exclusive_time = 130
process_id = p5
operationName = MmcSetMovieId
serviceName = movie-id-service
------------------------------------------------------------------------------------
span = 9
span_id = c993d0f9c2e8ef4d
parent_id = 2d1bbf4f8d7a1404
start_time = 1682628698193990
end_time = 1682628698194085
inclusive_time = 95
exclusive_time = 95
process_id = p5
operationName = MmcGetMovieId
serviceName = movie-id-service
------------------------------------------------------------------------------------
