span 0
span_id = f0c9a135587b2d73
parent_id = None
start_time = 1682628698244000
end_time = 1682628698248401
inclusive_time = 4401
exclusive_time = 148
process_id = p5
operationName = /wrk2-api/review/compose
serviceName = None
------------------------------------------------------------------------------------
span 1
span_id = 0b82ec3cd22bfa26
parent_id = f0c9a135587b2d73
start_time = 1682628698244147
end_time = 1682628698248400
inclusive_time = 4253
exclusive_time = 101
process_id = p5
operationName = /wrk2-api/review/compose
serviceName = None
------------------------------------------------------------------------------------
span 2
span_id = f98b7078b1355712
parent_id = 0b82ec3cd22bfa26
start_time = 1682628698244189
end_time = 1682628698248341
inclusive_time = 4152
exclusive_time = 413
process_id = p5
operationName = ComposeReview
serviceName = None
------------------------------------------------------------------------------------
span 3
span_id = b2a87d74baa306b1
parent_id = f98b7078b1355712
start_time = 1682628698244513
end_time = 1682628698248252
inclusive_time = 3739
exclusive_time = 411
process_id = p1
operationName = UploadMovieId
serviceName = None
------------------------------------------------------------------------------------
span 4
span_id = 43b65dc2ba72498d
parent_id = b2a87d74baa306b1
start_time = 1682628698245046
end_time = 1682628698248081
inclusive_time = 3035
exclusive_time = 354
process_id = p10
operationName = UploadRating
serviceName = None
------------------------------------------------------------------------------------
span 5
span_id = 865bbadc65c069eb
parent_id = 43b65dc2ba72498d
start_time = 1682628698245254
end_time = 1682628698247935
inclusive_time = 2681
exclusive_time = 1136
process_id = p2
operationName = UploadRating
serviceName = None
------------------------------------------------------------------------------------
span 6
span_id = 788a02a355e9d864
parent_id = 865bbadc65c069eb
start_time = 1682628698246720
end_time = 1682628698247681
inclusive_time = 961
exclusive_time = 20
process_id = p3
operationName = UploadMovieReview
serviceName = None
------------------------------------------------------------------------------------
span 7
span_id = 81fdf014939b2dbd
parent_id = 788a02a355e9d864
start_time = 1682628698246740
end_time = 1682628698247685
inclusive_time = 945
exclusive_time = 945
process_id = p3
operationName = MongoFindMovie
serviceName = None
------------------------------------------------------------------------------------
span 8
span_id = ef2dcd3ea59c050c
parent_id = 865bbadc65c069eb
start_time = 1682628698246136
end_time = 1682628698246408
inclusive_time = 272
exclusive_time = 30
process_id = p8
operationName = StoreReview
serviceName = None
------------------------------------------------------------------------------------
span 9
span_id = 4dc75f16d6435752
parent_id = ef2dcd3ea59c050c
start_time = 1682628698246157
end_time = 1682628698246399
inclusive_time = 242
exclusive_time = 242
process_id = p8
operationName = MongoInsertReview
serviceName = None
------------------------------------------------------------------------------------
span 10
span_id = 6975e060ec7231a2
parent_id = b2a87d74baa306b1
start_time = 1682628698244833
end_time = 1682628698244938
inclusive_time = 105
exclusive_time = 105
process_id = p1
operationName = MmcSetMovieId
serviceName = None
------------------------------------------------------------------------------------
span 11
span_id = bf39503101bc6781
parent_id = b2a87d74baa306b1
start_time = 1682628698244533
end_time = 1682628698244613
inclusive_time = 80
exclusive_time = 80
process_id = p1
operationName = MmcGetMovieId
serviceName = None
------------------------------------------------------------------------------------
