span = 0
trace_id = ff9d50e3db760b91
span_id = ff9d50e3db760b91
parent_id = None
start_time = 1682628698236000
end_time = 1682628698240667
inclusive_time = 4667
exclusive_time = 556
process_id = p5
operationName = /wrk2-api/review/compose
serviceName = nginx
------------------------------------------------------------------------------------
span = 1
trace_id = ff9d50e3db760b91
span_id = 296f1446528e951e
parent_id = ff9d50e3db760b91
start_time = 1682628698236556
end_time = 1682628698240667
inclusive_time = 4111
exclusive_time = 86
process_id = p5
operationName = /wrk2-api/review/compose
serviceName = nginx
------------------------------------------------------------------------------------
span = 2
trace_id = ff9d50e3db760b91
span_id = ec93d74af5d93575
parent_id = 296f1446528e951e
start_time = 1682628698236589
end_time = 1682628698240614
inclusive_time = 4025
exclusive_time = 627
process_id = p5
operationName = ComposeReview
serviceName = nginx
------------------------------------------------------------------------------------
span = 3
trace_id = ff9d50e3db760b91
span_id = 3c12f4fd736e594a
parent_id = ec93d74af5d93575
start_time = 1682628698236902
end_time = 1682628698240174
inclusive_time = 3272
exclusive_time = 406
process_id = p1
operationName = UploadMovieId
serviceName = movie-id-service
------------------------------------------------------------------------------------
span = 4
trace_id = ff9d50e3db760b91
span_id = 298751a2fbae8391
parent_id = 3c12f4fd736e594a
start_time = 1682628698237423
end_time = 1682628698240048
inclusive_time = 2625
exclusive_time = 211
process_id = p10
operationName = UploadRating
serviceName = rating-service
------------------------------------------------------------------------------------
span = 5
trace_id = ff9d50e3db760b91
span_id = bdbfbe874067ead8
parent_id = 298751a2fbae8391
start_time = 1682628698237619
end_time = 1682628698239924
inclusive_time = 2305
exclusive_time = 1014
process_id = p2
operationName = UploadRating
serviceName = compose-review-service
------------------------------------------------------------------------------------
span = 6
trace_id = ff9d50e3db760b91
span_id = ca29abb399e8a2bc
parent_id = bdbfbe874067ead8
start_time = 1682628698238310
end_time = 1682628698239601
inclusive_time = 1291
exclusive_time = 22
process_id = p6
operationName = UploadUserReview
serviceName = user-review-service
------------------------------------------------------------------------------------
span = 7
trace_id = ff9d50e3db760b91
span_id = 28d68a4989b22e0a
parent_id = ca29abb399e8a2bc
start_time = 1682628698238332
end_time = 1682628698239606
inclusive_time = 1274
exclusive_time = 1274
process_id = p6
operationName = MongoFindUser
serviceName = user-review-service
------------------------------------------------------------------------------------
span = 8
trace_id = ff9d50e3db760b91
span_id = 458b7799315ac485
parent_id = 3c12f4fd736e594a
start_time = 1682628698237232
end_time = 1682628698237335
inclusive_time = 103
exclusive_time = 103
process_id = p1
operationName = MmcSetMovieId
serviceName = movie-id-service
------------------------------------------------------------------------------------
span = 9
trace_id = ff9d50e3db760b91
span_id = a5dfcbad317a68a7
parent_id = 3c12f4fd736e594a
start_time = 1682628698236920
end_time = 1682628698237024
inclusive_time = 104
exclusive_time = 104
process_id = p1
operationName = MmcGetMovieId
serviceName = movie-id-service
------------------------------------------------------------------------------------
