span = 0
trace_id = e0a93d171b122f67
span_id = e0a93d171b122f67
parent_id = None
start_time = 1682628698147000
end_time = 1682628698152500
inclusive_time = 5500
exclusive_time = 1031
process_id = p2
operationName = /wrk2-api/review/compose
serviceName = nginx
call path = 
------------------------------------------------------------------------------------
span = 1
trace_id = e0a93d171b122f67
span_id = 89dc1e49bf7182fe
parent_id = e0a93d171b122f67
start_time = 1682628698148031
end_time = 1682628698152500
inclusive_time = 4469
exclusive_time = 101
process_id = p2
operationName = /wrk2-api/review/compose
serviceName = nginx
call path = ->/wrk2-api/review/compose_nginx
------------------------------------------------------------------------------------
span = 2
trace_id = e0a93d171b122f67
span_id = 0d6ee81aca77a365
parent_id = 89dc1e49bf7182fe
start_time = 1682628698148075
end_time = 1682628698152443
inclusive_time = 4368
exclusive_time = 410
process_id = p2
operationName = ComposeReview
serviceName = nginx
call path = ->/wrk2-api/review/compose_nginx->/wrk2-api/review/compose_nginx
------------------------------------------------------------------------------------
span = 3
trace_id = e0a93d171b122f67
span_id = 90ce420ab9b33ba0
parent_id = 0d6ee81aca77a365
start_time = 1682628698148381
end_time = 1682628698152339
inclusive_time = 3958
exclusive_time = 278
process_id = p7
operationName = UploadMovieId
serviceName = movie-id-service
call path = ->/wrk2-api/review/compose_nginx->/wrk2-api/review/compose_nginx->ComposeReview_nginx
------------------------------------------------------------------------------------
span = 4
trace_id = e0a93d171b122f67
span_id = 6678d4215dcc94b2
parent_id = 90ce420ab9b33ba0
start_time = 1682628698148823
end_time = 1682628698152203
inclusive_time = 3380
exclusive_time = 323
process_id = p1
operationName = UploadRating
serviceName = rating-service
call path = ->/wrk2-api/review/compose_nginx->/wrk2-api/review/compose_nginx->ComposeReview_nginx->UploadMovieId_movie-id-service
------------------------------------------------------------------------------------
span = 5
trace_id = e0a93d171b122f67
span_id = 2c8e9199ef929b7f
parent_id = 6678d4215dcc94b2
start_time = 1682628698149237
end_time = 1682628698152078
inclusive_time = 2841
exclusive_time = 1316
process_id = p3
operationName = UploadRating
serviceName = compose-review-service
call path = ->/wrk2-api/review/compose_nginx->/wrk2-api/review/compose_nginx->ComposeReview_nginx->UploadMovieId_movie-id-service->UploadRating_rating-service
------------------------------------------------------------------------------------
span = 6
trace_id = e0a93d171b122f67
span_id = 4a320025b1d09bbc
parent_id = 2c8e9199ef929b7f
start_time = 1682628698150395
end_time = 1682628698151713
inclusive_time = 1318
exclusive_time = 28
process_id = p6
operationName = UploadUserReview
serviceName = user-review-service
call path = ->/wrk2-api/review/compose_nginx->/wrk2-api/review/compose_nginx->ComposeReview_nginx->UploadMovieId_movie-id-service->UploadRating_rating-service->UploadRating_compose-review-service
------------------------------------------------------------------------------------
span = 7
trace_id = e0a93d171b122f67
span_id = bd40caae48921040
parent_id = 4a320025b1d09bbc
start_time = 1682628698150423
end_time = 1682628698151718
inclusive_time = 1295
exclusive_time = 1295
process_id = p6
operationName = MongoFindUser
serviceName = user-review-service
call path = ->/wrk2-api/review/compose_nginx->/wrk2-api/review/compose_nginx->ComposeReview_nginx->UploadMovieId_movie-id-service->UploadRating_rating-service->UploadRating_compose-review-service->UploadUserReview_user-review-service
------------------------------------------------------------------------------------
span = 8
trace_id = e0a93d171b122f67
span_id = 8432d00788bb1815
parent_id = 90ce420ab9b33ba0
start_time = 1682628698148626
end_time = 1682628698148751
inclusive_time = 125
exclusive_time = 125
process_id = p7
operationName = MmcSetMovieId
serviceName = movie-id-service
call path = ->/wrk2-api/review/compose_nginx->/wrk2-api/review/compose_nginx->ComposeReview_nginx->UploadMovieId_movie-id-service
------------------------------------------------------------------------------------
span = 9
trace_id = e0a93d171b122f67
span_id = 3dcdbc664c92ee71
parent_id = 90ce420ab9b33ba0
start_time = 1682628698148400
end_time = 1682628698148515
inclusive_time = 115
exclusive_time = 115
process_id = p7
operationName = MmcGetMovieId
serviceName = movie-id-service
call path = ->/wrk2-api/review/compose_nginx->/wrk2-api/review/compose_nginx->ComposeReview_nginx->UploadMovieId_movie-id-service
------------------------------------------------------------------------------------
