span = 0
trace_id = dc825e3be09a97d2
span_id = dc825e3be09a97d2
parent_id = None
start_time = 1682628698143000
end_time = 1682628698147915
inclusive_time = 4915
exclusive_time = 1011
process_id = p2
operationName = /wrk2-api/review/compose
serviceName = nginx
call path = 
------------------------------------------------------------------------------------
span = 1
trace_id = dc825e3be09a97d2
span_id = 08bbdfa9328c8875
parent_id = dc825e3be09a97d2
start_time = 1682628698144010
end_time = 1682628698147914
inclusive_time = 3904
exclusive_time = 163
process_id = p2
operationName = /wrk2-api/review/compose
serviceName = nginx
call path = ->/wrk2-api/review/compose_nginx
------------------------------------------------------------------------------------
span = 2
trace_id = dc825e3be09a97d2
span_id = 271708b572188285
parent_id = 08bbdfa9328c8875
start_time = 1682628698144059
end_time = 1682628698147800
inclusive_time = 3741
exclusive_time = 333
process_id = p2
operationName = ComposeReview
serviceName = nginx
call path = ->/wrk2-api/review/compose_nginx->/wrk2-api/review/compose_nginx
------------------------------------------------------------------------------------
span = 3
trace_id = dc825e3be09a97d2
span_id = d40448144d2d5fa2
parent_id = 271708b572188285
start_time = 1682628698144314
end_time = 1682628698147657
inclusive_time = 3343
exclusive_time = 426
process_id = p7
operationName = UploadMovieId
serviceName = movie-id-service
call path = ->/wrk2-api/review/compose_nginx->/wrk2-api/review/compose_nginx->ComposeReview_nginx
------------------------------------------------------------------------------------
span = 4
trace_id = dc825e3be09a97d2
span_id = 2d0f1ba3328b1ac1
parent_id = d40448144d2d5fa2
start_time = 1682628698144709
end_time = 1682628698147447
inclusive_time = 2738
exclusive_time = 229
process_id = p1
operationName = UploadRating
serviceName = rating-service
call path = ->/wrk2-api/review/compose_nginx->/wrk2-api/review/compose_nginx->ComposeReview_nginx->UploadMovieId_movie-id-service
------------------------------------------------------------------------------------
span = 5
trace_id = dc825e3be09a97d2
span_id = fd6d5b5464a97ae0
parent_id = 2d0f1ba3328b1ac1
start_time = 1682628698144840
end_time = 1682628698147302
inclusive_time = 2462
exclusive_time = 1322
process_id = p3
operationName = UploadRating
serviceName = compose-review-service
call path = ->/wrk2-api/review/compose_nginx->/wrk2-api/review/compose_nginx->ComposeReview_nginx->UploadMovieId_movie-id-service->UploadRating_rating-service
------------------------------------------------------------------------------------
span = 6
trace_id = dc825e3be09a97d2
span_id = 05afb8eec650f26a
parent_id = fd6d5b5464a97ae0
start_time = 1682628698146069
end_time = 1682628698147130
inclusive_time = 1061
exclusive_time = 19
process_id = p4
operationName = UploadMovieReview
serviceName = movie-review-service
call path = ->/wrk2-api/review/compose_nginx->/wrk2-api/review/compose_nginx->ComposeReview_nginx->UploadMovieId_movie-id-service->UploadRating_rating-service->UploadRating_compose-review-service
------------------------------------------------------------------------------------
span = 7
trace_id = dc825e3be09a97d2
span_id = 2ef183fba94af2ef
parent_id = 05afb8eec650f26a
start_time = 1682628698146088
end_time = 1682628698147135
inclusive_time = 1047
exclusive_time = 1047
process_id = p4
operationName = MongoFindMovie
serviceName = movie-review-service
call path = ->/wrk2-api/review/compose_nginx->/wrk2-api/review/compose_nginx->ComposeReview_nginx->UploadMovieId_movie-id-service->UploadRating_rating-service->UploadRating_compose-review-service->UploadMovieReview_movie-review-service
------------------------------------------------------------------------------------
span = 8
trace_id = dc825e3be09a97d2
span_id = 771f0a9899be69c3
parent_id = d40448144d2d5fa2
start_time = 1682628698144553
end_time = 1682628698144649
inclusive_time = 96
exclusive_time = 96
process_id = p7
operationName = MmcSetMovieId
serviceName = movie-id-service
call path = ->/wrk2-api/review/compose_nginx->/wrk2-api/review/compose_nginx->ComposeReview_nginx->UploadMovieId_movie-id-service
------------------------------------------------------------------------------------
span = 9
trace_id = dc825e3be09a97d2
span_id = 5fd466926dbb20ca
parent_id = d40448144d2d5fa2
start_time = 1682628698144325
end_time = 1682628698144408
inclusive_time = 83
exclusive_time = 83
process_id = p7
operationName = MmcGetMovieId
serviceName = movie-id-service
call path = ->/wrk2-api/review/compose_nginx->/wrk2-api/review/compose_nginx->ComposeReview_nginx->UploadMovieId_movie-id-service
------------------------------------------------------------------------------------
