span = 0
trace_id = 2f5e9e177042d60d
span_id = 2f5e9e177042d60d
parent_id = None
start_time = 1682628697891000
end_time = 1682628697895243
inclusive_time = 4243
exclusive_time = 104
process_id = p1
operationName = /wrk2-api/review/compose
serviceName = nginx
------------------------------------------------------------------------------------
span = 1
trace_id = 2f5e9e177042d60d
span_id = 752f6ad57217f944
parent_id = 2f5e9e177042d60d
start_time = 1682628697891104
end_time = 1682628697895243
inclusive_time = 4139
exclusive_time = 88
process_id = p1
operationName = /wrk2-api/review/compose
serviceName = nginx
------------------------------------------------------------------------------------
span = 2
trace_id = 2f5e9e177042d60d
span_id = 9a256023eb74eeb5
parent_id = 752f6ad57217f944
start_time = 1682628697891139
end_time = 1682628697895190
inclusive_time = 4051
exclusive_time = 970
process_id = p1
operationName = ComposeReview
serviceName = nginx
------------------------------------------------------------------------------------
span = 3
trace_id = 2f5e9e177042d60d
span_id = 3a9e56d3a3d4ec1c
parent_id = 9a256023eb74eeb5
start_time = 1682628697891598
end_time = 1682628697894390
inclusive_time = 2792
exclusive_time = 271
process_id = p10
operationName = UploadUniqueId
serviceName = unique-id-service
------------------------------------------------------------------------------------
span = 4
trace_id = 2f5e9e177042d60d
span_id = cad3cfa572a5c718
parent_id = 3a9e56d3a3d4ec1c
start_time = 1682628697891788
end_time = 1682628697894309
inclusive_time = 2521
exclusive_time = 1274
process_id = p2
operationName = UploadUniqueId
serviceName = compose-review-service
------------------------------------------------------------------------------------
span = 5
trace_id = 2f5e9e177042d60d
span_id = 87c960a911979e91
parent_id = cad3cfa572a5c718
start_time = 1682628697893069
end_time = 1682628697894186
inclusive_time = 1117
exclusive_time = 25
process_id = p4
operationName = UploadMovieReview
serviceName = movie-review-service
------------------------------------------------------------------------------------
span = 6
trace_id = 2f5e9e177042d60d
span_id = 3c72e3b7f25202f2
parent_id = 87c960a911979e91
start_time = 1682628697893094
end_time = 1682628697894189
inclusive_time = 1095
exclusive_time = 1095
process_id = p4
operationName = MongoFindMovie
serviceName = movie-review-service
------------------------------------------------------------------------------------
