span 0
span_id = 964866fa41054ca1
parent_id = None
start_time = 1682628698133000
end_time = 1682628698138116
inclusive_time = 5116
exclusive_time = 104
process_id = p4
operationName = /wrk2-api/review/compose
serviceName = None
------------------------------------------------------------------------------------
span 1
span_id = b597530bcd1289fb
parent_id = 964866fa41054ca1
start_time = 1682628698133103
end_time = 1682628698138115
inclusive_time = 5012
exclusive_time = 132
process_id = p4
operationName = /wrk2-api/review/compose
serviceName = None
------------------------------------------------------------------------------------
span 2
span_id = e2d9569a8d7e8f78
parent_id = b597530bcd1289fb
start_time = 1682628698133173
end_time = 1682628698138053
inclusive_time = 4880
exclusive_time = 858
process_id = p4
operationName = ComposeReview
serviceName = None
------------------------------------------------------------------------------------
span 3
span_id = c800a9f9f9bb03df
parent_id = e2d9569a8d7e8f78
start_time = 1682628698133666
end_time = 1682628698137426
inclusive_time = 3760
exclusive_time = 460
process_id = p1
operationName = UploadMovieId
serviceName = None
------------------------------------------------------------------------------------
span 4
span_id = 4a8a59a10bee24fb
parent_id = c800a9f9f9bb03df
start_time = 1682628698134179
end_time = 1682628698137237
inclusive_time = 3058
exclusive_time = 225
process_id = p3
operationName = UploadRating
serviceName = None
------------------------------------------------------------------------------------
span 5
span_id = 7f6db68c4a3b2e19
parent_id = 4a8a59a10bee24fb
start_time = 1682628698134358
end_time = 1682628698137109
inclusive_time = 2751
exclusive_time = 1532
process_id = p5
operationName = UploadRating
serviceName = None
------------------------------------------------------------------------------------
span 6
span_id = 19bc5acb44c052a1
parent_id = 7f6db68c4a3b2e19
start_time = 1682628698135839
end_time = 1682628698136981
inclusive_time = 1142
exclusive_time = 20
process_id = p6
operationName = UploadMovieReview
serviceName = None
------------------------------------------------------------------------------------
span 7
span_id = 8a8843c1b227156f
parent_id = 19bc5acb44c052a1
start_time = 1682628698135859
end_time = 1682628698136986
inclusive_time = 1127
exclusive_time = 1127
process_id = p6
operationName = MongoFindMovie
serviceName = None
------------------------------------------------------------------------------------
span 8
span_id = cc1a7719de38b51b
parent_id = c800a9f9f9bb03df
start_time = 1682628698134012
end_time = 1682628698134118
inclusive_time = 106
exclusive_time = 106
process_id = p1
operationName = MmcSetMovieId
serviceName = None
------------------------------------------------------------------------------------
span 9
span_id = 0632d65cfa19a368
parent_id = c800a9f9f9bb03df
start_time = 1682628698133684
end_time = 1682628698133800
inclusive_time = 116
exclusive_time = 116
process_id = p1
operationName = MmcGetMovieId
serviceName = None
------------------------------------------------------------------------------------
