span = 0
trace_id = 03cd1ca8f06a2269
span_id = 03cd1ca8f06a2269
parent_id = None
start_time = 1682628697908000
end_time = 1682628697912487
inclusive_time = 4487
exclusive_time = 662
process_id = p8
operationName = /wrk2-api/review/compose
serviceName = nginx
call path = 
------------------------------------------------------------------------------------
span = 1
trace_id = 03cd1ca8f06a2269
span_id = 932bb3374f87c440
parent_id = 03cd1ca8f06a2269
start_time = 1682628697908661
end_time = 1682628697912486
inclusive_time = 3825
exclusive_time = 92
process_id = p8
operationName = /wrk2-api/review/compose
serviceName = nginx
call path = ->/wrk2-api/review/compose_nginx
------------------------------------------------------------------------------------
span = 2
trace_id = 03cd1ca8f06a2269
span_id = f0f44d9e90dc4a4e
parent_id = 932bb3374f87c440
start_time = 1682628697908701
end_time = 1682628697912434
inclusive_time = 3733
exclusive_time = 366
process_id = p8
operationName = ComposeReview
serviceName = nginx
call path = ->/wrk2-api/review/compose_nginx->/wrk2-api/review/compose_nginx
------------------------------------------------------------------------------------
span = 3
trace_id = 03cd1ca8f06a2269
span_id = ed2a34da7b3532fa
parent_id = f0f44d9e90dc4a4e
start_time = 1682628697909132
end_time = 1682628697912353
inclusive_time = 3221
exclusive_time = 229
process_id = p10
operationName = UploadUniqueId
serviceName = unique-id-service
call path = ->/wrk2-api/review/compose_nginx->/wrk2-api/review/compose_nginx->ComposeReview_nginx
------------------------------------------------------------------------------------
span = 4
trace_id = 03cd1ca8f06a2269
span_id = c9cf0b770e0f7a7f
parent_id = ed2a34da7b3532fa
start_time = 1682628697909287
end_time = 1682628697912279
inclusive_time = 2992
exclusive_time = 1658
process_id = p5
operationName = UploadUniqueId
serviceName = compose-review-service
call path = ->/wrk2-api/review/compose_nginx->/wrk2-api/review/compose_nginx->ComposeReview_nginx->UploadUniqueId_unique-id-service
------------------------------------------------------------------------------------
span = 5
trace_id = 03cd1ca8f06a2269
span_id = 3c32f442f05cc1c0
parent_id = c9cf0b770e0f7a7f
start_time = 1682628697910901
end_time = 1682628697912144
inclusive_time = 1243
exclusive_time = 36
process_id = p2
operationName = UploadMovieReview
serviceName = movie-review-service
call path = ->/wrk2-api/review/compose_nginx->/wrk2-api/review/compose_nginx->ComposeReview_nginx->UploadUniqueId_unique-id-service->UploadUniqueId_compose-review-service
------------------------------------------------------------------------------------
span = 6
trace_id = 03cd1ca8f06a2269
span_id = 69e801cc9aeda525
parent_id = 3c32f442f05cc1c0
start_time = 1682628697910937
end_time = 1682628697912148
inclusive_time = 1211
exclusive_time = 1211
process_id = p2
operationName = MongoFindMovie
serviceName = movie-review-service
call path = ->/wrk2-api/review/compose_nginx->/wrk2-api/review/compose_nginx->ComposeReview_nginx->UploadUniqueId_unique-id-service->UploadUniqueId_compose-review-service->UploadMovieReview_movie-review-service
------------------------------------------------------------------------------------
