span = 0
trace_id = d237297c4dacb853
span_id = d237297c4dacb853
parent_id = None
start_time = 1682628698060000
end_time = 1682628698063930
inclusive_time = 3930
exclusive_time = 233
process_id = p2
operationName = /wrk2-api/review/compose
serviceName = nginx
call path = 
------------------------------------------------------------------------------------
span = 1
trace_id = d237297c4dacb853
span_id = c46bc0bbbac6a556
parent_id = d237297c4dacb853
start_time = 1682628698060233
end_time = 1682628698063930
inclusive_time = 3697
exclusive_time = 98
process_id = p2
operationName = /wrk2-api/review/compose
serviceName = nginx
call path = ->/wrk2-api/review/compose_nginx
------------------------------------------------------------------------------------
span = 2
trace_id = d237297c4dacb853
span_id = f9b132990580b012
parent_id = c46bc0bbbac6a556
start_time = 1682628698060272
end_time = 1682628698063871
inclusive_time = 3599
exclusive_time = 395
process_id = p2
operationName = ComposeReview
serviceName = nginx
call path = ->/wrk2-api/review/compose_nginx->/wrk2-api/review/compose_nginx
------------------------------------------------------------------------------------
span = 3
trace_id = d237297c4dacb853
span_id = 2bc8058ec2eda3a3
parent_id = f9b132990580b012
start_time = 1682628698060579
end_time = 1682628698063783
inclusive_time = 3204
exclusive_time = 548
process_id = p6
operationName = UploadMovieId
serviceName = movie-id-service
call path = ->/wrk2-api/review/compose_nginx->/wrk2-api/review/compose_nginx->ComposeReview_nginx
------------------------------------------------------------------------------------
span = 4
trace_id = d237297c4dacb853
span_id = 90fe3045452e1b87
parent_id = 2bc8058ec2eda3a3
start_time = 1682628698061343
end_time = 1682628698063624
inclusive_time = 2281
exclusive_time = 1030
process_id = p4
operationName = UploadMovieId
serviceName = compose-review-service
call path = ->/wrk2-api/review/compose_nginx->/wrk2-api/review/compose_nginx->ComposeReview_nginx->UploadMovieId_movie-id-service
------------------------------------------------------------------------------------
span = 5
trace_id = d237297c4dacb853
span_id = 5091cf0b74720fb0
parent_id = 90fe3045452e1b87
start_time = 1682628698062312
end_time = 1682628698063454
inclusive_time = 1142
exclusive_time = 19
process_id = p7
operationName = UploadUserReview
serviceName = user-review-service
call path = ->/wrk2-api/review/compose_nginx->/wrk2-api/review/compose_nginx->ComposeReview_nginx->UploadMovieId_movie-id-service->UploadMovieId_compose-review-service
------------------------------------------------------------------------------------
span = 6
trace_id = d237297c4dacb853
span_id = bce1ec61fce451a1
parent_id = 5091cf0b74720fb0
start_time = 1682628698062331
end_time = 1682628698063459
inclusive_time = 1128
exclusive_time = 1128
process_id = p7
operationName = MongoFindUser
serviceName = user-review-service
call path = ->/wrk2-api/review/compose_nginx->/wrk2-api/review/compose_nginx->ComposeReview_nginx->UploadMovieId_movie-id-service->UploadMovieId_compose-review-service->UploadUserReview_user-review-service
------------------------------------------------------------------------------------
span = 7
trace_id = d237297c4dacb853
span_id = 310be44952510e55
parent_id = 2bc8058ec2eda3a3
start_time = 1682628698061068
end_time = 1682628698061192
inclusive_time = 124
exclusive_time = 124
process_id = p6
operationName = MmcSetMovieId
serviceName = movie-id-service
call path = ->/wrk2-api/review/compose_nginx->/wrk2-api/review/compose_nginx->ComposeReview_nginx->UploadMovieId_movie-id-service
------------------------------------------------------------------------------------
span = 8
trace_id = d237297c4dacb853
span_id = 6ff8e4ecd9d8c1b7
parent_id = 2bc8058ec2eda3a3
start_time = 1682628698060597
end_time = 1682628698060697
inclusive_time = 100
exclusive_time = 100
process_id = p6
operationName = MmcGetMovieId
serviceName = movie-id-service
call path = ->/wrk2-api/review/compose_nginx->/wrk2-api/review/compose_nginx->ComposeReview_nginx->UploadMovieId_movie-id-service
------------------------------------------------------------------------------------
