span = 0
span_id = 22f6f48a7fba3e93
parent_id = None
start_time = 1682628698228000
end_time = 1682628698232894
inclusive_time = 4894
exclusive_time = 575
process_id = p5
operationName = /wrk2-api/review/compose
serviceName = nginx
------------------------------------------------------------------------------------
span = 1
span_id = ea1c1af72de0d32d
parent_id = 22f6f48a7fba3e93
start_time = 1682628698228575
end_time = 1682628698232894
inclusive_time = 4319
exclusive_time = 98
process_id = p5
operationName = /wrk2-api/review/compose
serviceName = nginx
------------------------------------------------------------------------------------
span = 2
span_id = da267fce78c4ac73
parent_id = ea1c1af72de0d32d
start_time = 1682628698228620
end_time = 1682628698232841
inclusive_time = 4221
exclusive_time = 430
process_id = p5
operationName = ComposeReview
serviceName = nginx
------------------------------------------------------------------------------------
span = 3
span_id = 4882133223960902
parent_id = da267fce78c4ac73
start_time = 1682628698228902
end_time = 1682628698232622
inclusive_time = 3720
exclusive_time = 564
process_id = p2
operationName = UploadMovieId
serviceName = movie-id-service
------------------------------------------------------------------------------------
span = 4
span_id = 3fa32481280b23c4
parent_id = 4882133223960902
start_time = 1682628698229574
end_time = 1682628698232513
inclusive_time = 2939
exclusive_time = 310
process_id = p10
operationName = UploadRating
serviceName = rating-service
------------------------------------------------------------------------------------
span = 5
span_id = 6d2d5b3347648f1f
parent_id = 3fa32481280b23c4
start_time = 1682628698229947
end_time = 1682628698232361
inclusive_time = 2414
exclusive_time = 1066
process_id = p1
operationName = UploadRating
serviceName = compose-review-service
------------------------------------------------------------------------------------
span = 6
span_id = eb812838548441c8
parent_id = 6d2d5b3347648f1f
start_time = 1682628698230978
end_time = 1682628698232126
inclusive_time = 1148
exclusive_time = 52
process_id = p3
operationName = UploadMovieReview
serviceName = movie-review-service
------------------------------------------------------------------------------------
span = 7
span_id = 88023005b3c21fe3
parent_id = eb812838548441c8
start_time = 1682628698231030
end_time = 1682628698232130
inclusive_time = 1100
exclusive_time = 1100
process_id = p3
operationName = MongoFindMovie
serviceName = movie-review-service
------------------------------------------------------------------------------------
span = 8
span_id = b592015507c8a2c8
parent_id = 4882133223960902
start_time = 1682628698229264
end_time = 1682628698229384
inclusive_time = 120
exclusive_time = 120
process_id = p2
operationName = MmcSetMovieId
serviceName = movie-id-service
------------------------------------------------------------------------------------
span = 9
span_id = 298cc5d9a93abc34
parent_id = 4882133223960902
start_time = 1682628698228917
end_time = 1682628698229014
inclusive_time = 97
exclusive_time = 97
process_id = p2
operationName = MmcGetMovieId
serviceName = movie-id-service
------------------------------------------------------------------------------------
