span 0
span_id = e6ecce91e8924519
parent_id = None
start_time = 1682628697871000
end_time = 1682628697875158
inclusive_time = 4158
exclusive_time = 545
process_id = p5
operationName = /wrk2-api/review/compose
serviceName = None
------------------------------------------------------------------------------------
span 1
span_id = 7cc10e263c2afc74
parent_id = e6ecce91e8924519
start_time = 1682628697871545
end_time = 1682628697875158
inclusive_time = 3613
exclusive_time = 107
process_id = p5
operationName = /wrk2-api/review/compose
serviceName = None
------------------------------------------------------------------------------------
span 2
span_id = 7180e2276e08777e
parent_id = 7cc10e263c2afc74
start_time = 1682628697871580
end_time = 1682628697875086
inclusive_time = 3506
exclusive_time = 292
process_id = p5
operationName = ComposeReview
serviceName = None
------------------------------------------------------------------------------------
span 3
span_id = 032773472bc94247
parent_id = 7180e2276e08777e
start_time = 1682628697871824
end_time = 1682628697874960
inclusive_time = 3136
exclusive_time = 399
process_id = p4
operationName = UploadMovieId
serviceName = None
------------------------------------------------------------------------------------
span 4
span_id = f81516c21d6240bf
parent_id = 032773472bc94247
start_time = 1682628697872558
end_time = 1682628697874844
inclusive_time = 2286
exclusive_time = 1224
process_id = p3
operationName = UploadMovieId
serviceName = None
------------------------------------------------------------------------------------
span 5
span_id = 5eb3a2c2e3190aca
parent_id = f81516c21d6240bf
start_time = 1682628697873600
end_time = 1682628697874636
inclusive_time = 1036
exclusive_time = 28
process_id = p2
operationName = UploadUserReview
serviceName = None
------------------------------------------------------------------------------------
span 6
span_id = 27305b53e99c17b0
parent_id = 5eb3a2c2e3190aca
start_time = 1682628697873628
end_time = 1682628697874650
inclusive_time = 1022
exclusive_time = 1022
process_id = p2
operationName = MongoFindUser
serviceName = None
------------------------------------------------------------------------------------
span 7
span_id = d4ec54b321a2510b
parent_id = 032773472bc94247
start_time = 1682628697872084
end_time = 1682628697872209
inclusive_time = 125
exclusive_time = 125
process_id = p4
operationName = MmcSetMovieId
serviceName = None
------------------------------------------------------------------------------------
span 8
span_id = 626564896c0380b6
parent_id = 032773472bc94247
start_time = 1682628697871841
end_time = 1682628697871954
inclusive_time = 113
exclusive_time = 113
process_id = p4
operationName = MmcGetMovieId
serviceName = None
------------------------------------------------------------------------------------
