span = 0
span_id = b8b3c82bb8fe71e0
parent_id = None
start_time = 1682628698103000
end_time = 1682628698107175
inclusive_time = 4175
exclusive_time = 131
process_id = p7
operationName = /wrk2-api/review/compose
serviceName = nginx
------------------------------------------------------------------------------------
span = 1
span_id = b4c913d4d74b8701
parent_id = b8b3c82bb8fe71e0
start_time = 1682628698103131
end_time = 1682628698107175
inclusive_time = 4044
exclusive_time = 113
process_id = p7
operationName = /wrk2-api/review/compose
serviceName = nginx
------------------------------------------------------------------------------------
span = 2
span_id = 39b1db8d29e6fcde
parent_id = b4c913d4d74b8701
start_time = 1682628698103184
end_time = 1682628698107115
inclusive_time = 3931
exclusive_time = 284
process_id = p7
operationName = ComposeReview
serviceName = nginx
------------------------------------------------------------------------------------
span = 3
span_id = 98507be63de11f67
parent_id = 39b1db8d29e6fcde
start_time = 1682628698103503
end_time = 1682628698107021
inclusive_time = 3518
exclusive_time = 445
process_id = p4
operationName = UploadMovieId
serviceName = movie-id-service
------------------------------------------------------------------------------------
span = 4
span_id = 630ccc1f88e37de6
parent_id = 98507be63de11f67
start_time = 1682628698104042
end_time = 1682628698106889
inclusive_time = 2847
exclusive_time = 341
process_id = p6
operationName = UploadRating
serviceName = rating-service
------------------------------------------------------------------------------------
span = 5
span_id = 4a46afce7e4e3242
parent_id = 630ccc1f88e37de6
start_time = 1682628698104288
end_time = 1682628698106645
inclusive_time = 2357
exclusive_time = 924
process_id = p2
operationName = UploadRating
serviceName = compose-review-service
------------------------------------------------------------------------------------
span = 6
span_id = 32cfd4c84e96b4d2
parent_id = 4a46afce7e4e3242
start_time = 1682628698105353
end_time = 1682628698106465
inclusive_time = 1112
exclusive_time = 17
process_id = p1
operationName = UploadMovieReview
serviceName = movie-review-service
------------------------------------------------------------------------------------
span = 7
span_id = b7aa8df59aca1358
parent_id = 32cfd4c84e96b4d2
start_time = 1682628698105370
end_time = 1682628698106472
inclusive_time = 1102
exclusive_time = 1102
process_id = p1
operationName = MongoFindMovie
serviceName = movie-review-service
------------------------------------------------------------------------------------
span = 8
span_id = 30b4ca9e54ec724c
parent_id = 4a46afce7e4e3242
start_time = 1682628698105032
end_time = 1682628698105298
inclusive_time = 266
exclusive_time = 27
process_id = p8
operationName = StoreReview
serviceName = review-storage-service
------------------------------------------------------------------------------------
span = 9
span_id = e7f923df816bf50f
parent_id = 30b4ca9e54ec724c
start_time = 1682628698105050
end_time = 1682628698105289
inclusive_time = 239
exclusive_time = 239
process_id = p8
operationName = MongoInsertReview
serviceName = review-storage-service
------------------------------------------------------------------------------------
span = 10
span_id = c4aab76470794337
parent_id = 98507be63de11f67
start_time = 1682628698103862
end_time = 1682628698103967
inclusive_time = 105
exclusive_time = 105
process_id = p4
operationName = MmcSetMovieId
serviceName = movie-id-service
------------------------------------------------------------------------------------
span = 11
span_id = 914bb4bf01072245
parent_id = 98507be63de11f67
start_time = 1682628698103520
end_time = 1682628698103616
inclusive_time = 96
exclusive_time = 96
process_id = p4
operationName = MmcGetMovieId
serviceName = movie-id-service
------------------------------------------------------------------------------------
