span = 0
span_id = 21ffb87598162aad
parent_id = None
start_time = 1682628697872000
end_time = 1682628697876385
inclusive_time = 4385
exclusive_time = 316
process_id = p3
operationName = /wrk2-api/review/compose
serviceName = nginx
------------------------------------------------------------------------------------
span = 1
span_id = 3f8adf40d4653c7c
parent_id = 21ffb87598162aad
start_time = 1682628697872316
end_time = 1682628697876385
inclusive_time = 4069
exclusive_time = 92
process_id = p3
operationName = /wrk2-api/review/compose
serviceName = nginx
------------------------------------------------------------------------------------
span = 2
span_id = c80acb097eb777f7
parent_id = 3f8adf40d4653c7c
start_time = 1682628697872349
end_time = 1682628697876326
inclusive_time = 3977
exclusive_time = 839
process_id = p3
operationName = ComposeReview
serviceName = nginx
------------------------------------------------------------------------------------
span = 3
span_id = a9d2a22248b9dc5c
parent_id = c80acb097eb777f7
start_time = 1682628697872818
end_time = 1682628697875786
inclusive_time = 2968
exclusive_time = 226
process_id = p7
operationName = UploadUserWithUsername
serviceName = user-service
------------------------------------------------------------------------------------
span = 4
span_id = 6411a4058764c6a0
parent_id = a9d2a22248b9dc5c
start_time = 1682628697873090
end_time = 1682628697875727
inclusive_time = 2637
exclusive_time = 1372
process_id = p4
operationName = UploadUserId
serviceName = compose-review-service
------------------------------------------------------------------------------------
span = 5
span_id = 2309d1aaf68bb8f0
parent_id = 6411a4058764c6a0
start_time = 1682628697874567
end_time = 1682628697875628
inclusive_time = 1061
exclusive_time = 17
process_id = p6
operationName = UploadMovieReview
serviceName = movie-review-service
------------------------------------------------------------------------------------
span = 6
span_id = 95ea99deb313514e
parent_id = 2309d1aaf68bb8f0
start_time = 1682628697874584
end_time = 1682628697875633
inclusive_time = 1049
exclusive_time = 1049
process_id = p6
operationName = MongoFindMovie
serviceName = movie-review-service
------------------------------------------------------------------------------------
span = 7
span_id = 7177484ff7438b5c
parent_id = a9d2a22248b9dc5c
start_time = 1682628697872842
end_time = 1682628697872947
inclusive_time = 105
exclusive_time = 105
process_id = p7
operationName = MmcGetUserId
serviceName = user-service
------------------------------------------------------------------------------------
