span = 0
trace_id = b09111b615268f44
span_id = b09111b615268f44
parent_id = None
start_time = 1682628698153000
end_time = 1682628698157850
inclusive_time = 4850
exclusive_time = 872
process_id = p4
operationName = /wrk2-api/review/compose
serviceName = nginx
------------------------------------------------------------------------------------
span = 1
trace_id = b09111b615268f44
span_id = 662f5b7ad7d2f62c
parent_id = b09111b615268f44
start_time = 1682628698153872
end_time = 1682628698157850
inclusive_time = 3978
exclusive_time = 90
process_id = p4
operationName = /wrk2-api/review/compose
serviceName = nginx
------------------------------------------------------------------------------------
span = 2
trace_id = b09111b615268f44
span_id = 3ea3982f89c0b8a3
parent_id = 662f5b7ad7d2f62c
start_time = 1682628698153905
end_time = 1682628698157793
inclusive_time = 3888
exclusive_time = 400
process_id = p4
operationName = ComposeReview
serviceName = nginx
------------------------------------------------------------------------------------
span = 3
trace_id = b09111b615268f44
span_id = e2c1bc2f5d6b8052
parent_id = 3ea3982f89c0b8a3
start_time = 1682628698154164
end_time = 1682628698157582
inclusive_time = 3418
exclusive_time = 252
process_id = p7
operationName = UploadMovieId
serviceName = movie-id-service
------------------------------------------------------------------------------------
span = 4
trace_id = b09111b615268f44
span_id = c6a5b88e738f3587
parent_id = e2c1bc2f5d6b8052
start_time = 1682628698154721
end_time = 1682628698157483
inclusive_time = 2762
exclusive_time = 258
process_id = p1
operationName = UploadRating
serviceName = rating-service
------------------------------------------------------------------------------------
span = 5
trace_id = b09111b615268f44
span_id = e02205d8c79677bc
parent_id = c6a5b88e738f3587
start_time = 1682628698154972
end_time = 1682628698157325
inclusive_time = 2353
exclusive_time = 1126
process_id = p2
operationName = UploadRating
serviceName = compose-review-service
------------------------------------------------------------------------------------
span = 6
trace_id = b09111b615268f44
span_id = 8904e1d6570cf934
parent_id = e02205d8c79677bc
start_time = 1682628698156083
end_time = 1682628698157044
inclusive_time = 961
exclusive_time = 20
process_id = p3
operationName = UploadMovieReview
serviceName = movie-review-service
------------------------------------------------------------------------------------
span = 7
trace_id = b09111b615268f44
span_id = d38795f018189a7c
parent_id = 8904e1d6570cf934
start_time = 1682628698156103
end_time = 1682628698157049
inclusive_time = 946
exclusive_time = 946
process_id = p3
operationName = MongoFindMovie
serviceName = movie-review-service
------------------------------------------------------------------------------------
span = 8
trace_id = b09111b615268f44
span_id = ba7ddd8c462cc0a2
parent_id = e2c1bc2f5d6b8052
start_time = 1682628698154393
end_time = 1682628698154476
inclusive_time = 83
exclusive_time = 83
process_id = p7
operationName = MmcSetMovieId
serviceName = movie-id-service
------------------------------------------------------------------------------------
span = 9
trace_id = b09111b615268f44
span_id = b79e89172277bbf4
parent_id = e2c1bc2f5d6b8052
start_time = 1682628698154175
end_time = 1682628698154267
inclusive_time = 92
exclusive_time = 92
process_id = p7
operationName = MmcGetMovieId
serviceName = movie-id-service
------------------------------------------------------------------------------------
