span 0
span_id = a432d12428a01691
parent_id = None
start_time = 1682628698014000
end_time = 1682628698019509
inclusive_time = 5509
exclusive_time = 1153
process_id = p3
operationName = /wrk2-api/review/compose
serviceName = None
------------------------------------------------------------------------------------
span 1
span_id = b8e42e934f6ba9fc
parent_id = a432d12428a01691
start_time = 1682628698015153
end_time = 1682628698019509
inclusive_time = 4356
exclusive_time = 179
process_id = p3
operationName = /wrk2-api/review/compose
serviceName = None
------------------------------------------------------------------------------------
span 2
span_id = 48bcd1d61db3fbb7
parent_id = b8e42e934f6ba9fc
start_time = 1682628698015268
end_time = 1682628698019445
inclusive_time = 4177
exclusive_time = 483
process_id = p3
operationName = ComposeReview
serviceName = None
------------------------------------------------------------------------------------
span 3
span_id = b7fecd6ee38fe84b
parent_id = 48bcd1d61db3fbb7
start_time = 1682628698015816
end_time = 1682628698019355
inclusive_time = 3539
exclusive_time = 407
process_id = p2
operationName = UploadMovieId
serviceName = None
------------------------------------------------------------------------------------
span 4
span_id = 2e404d2fe62996e2
parent_id = b7fecd6ee38fe84b
start_time = 1682628698016394
end_time = 1682628698019223
inclusive_time = 2829
exclusive_time = 242
process_id = p9
operationName = UploadRating
serviceName = None
------------------------------------------------------------------------------------
span 5
span_id = cfb64b7eab37656a
parent_id = 2e404d2fe62996e2
start_time = 1682628698016618
end_time = 1682628698019115
inclusive_time = 2497
exclusive_time = 1005
process_id = p5
operationName = UploadRating
serviceName = None
------------------------------------------------------------------------------------
span 6
span_id = cabeafd537d1700c
parent_id = cfb64b7eab37656a
start_time = 1682628698017434
end_time = 1682628698018857
inclusive_time = 1423
exclusive_time = 51
process_id = p6
operationName = UploadUserReview
serviceName = None
------------------------------------------------------------------------------------
span 7
span_id = c9514ef15c180bed
parent_id = cabeafd537d1700c
start_time = 1682628698017485
end_time = 1682628698018863
inclusive_time = 1378
exclusive_time = 1378
process_id = p6
operationName = MongoFindUser
serviceName = None
------------------------------------------------------------------------------------
span 8
span_id = fd1a318e3f53e55f
parent_id = b7fecd6ee38fe84b
start_time = 1682628698016139
end_time = 1682628698016234
inclusive_time = 95
exclusive_time = 95
process_id = p2
operationName = MmcSetMovieId
serviceName = None
------------------------------------------------------------------------------------
span 9
span_id = 0c737e7cee5aa8ab
parent_id = b7fecd6ee38fe84b
start_time = 1682628698015835
end_time = 1682628698015927
inclusive_time = 92
exclusive_time = 92
process_id = p2
operationName = MmcGetMovieId
serviceName = None
------------------------------------------------------------------------------------
