span 0
span_id = c1b550e8b0f4a312
parent_id = None
start_time = 1682628698040000
end_time = 1682628698044627
inclusive_time = 4627
exclusive_time = 833
process_id = p9
operationName = /wrk2-api/review/compose
serviceName = None
------------------------------------------------------------------------------------
span 1
span_id = 9b27ee04777bb9eb
parent_id = c1b550e8b0f4a312
start_time = 1682628698040832
end_time = 1682628698044626
inclusive_time = 3794
exclusive_time = 109
process_id = p9
operationName = /wrk2-api/review/compose
serviceName = None
------------------------------------------------------------------------------------
span 2
span_id = 792007a846520d7d
parent_id = 9b27ee04777bb9eb
start_time = 1682628698040880
end_time = 1682628698044565
inclusive_time = 3685
exclusive_time = 449
process_id = p9
operationName = ComposeReview
serviceName = None
------------------------------------------------------------------------------------
span 3
span_id = 8b12023aeceaf54c
parent_id = 792007a846520d7d
start_time = 1682628698041211
end_time = 1682628698044447
inclusive_time = 3236
exclusive_time = 398
process_id = p7
operationName = UploadMovieId
serviceName = None
------------------------------------------------------------------------------------
span 4
span_id = 433b9ba255e5cce2
parent_id = 8b12023aeceaf54c
start_time = 1682628698041685
end_time = 1682628698044310
inclusive_time = 2625
exclusive_time = 381
process_id = p8
operationName = UploadRating
serviceName = None
------------------------------------------------------------------------------------
span 5
span_id = 1084c5cec83c158c
parent_id = 433b9ba255e5cce2
start_time = 1682628698041844
end_time = 1682628698044038
inclusive_time = 2194
exclusive_time = 923
process_id = p2
operationName = UploadRating
serviceName = None
------------------------------------------------------------------------------------
span 6
span_id = 9869a45a44d6ccef
parent_id = 1084c5cec83c158c
start_time = 1682628698042634
end_time = 1682628698043854
inclusive_time = 1220
exclusive_time = 26
process_id = p5
operationName = UploadMovieReview
serviceName = None
------------------------------------------------------------------------------------
span 7
span_id = bb4d3b9a9ea43af5
parent_id = 9869a45a44d6ccef
start_time = 1682628698042660
end_time = 1682628698043860
inclusive_time = 1200
exclusive_time = 1200
process_id = p5
operationName = MongoFindMovie
serviceName = None
------------------------------------------------------------------------------------
span 8
span_id = 8bf8dc6ce21a71e5
parent_id = 8b12023aeceaf54c
start_time = 1682628698041588
end_time = 1682628698041679
inclusive_time = 91
exclusive_time = 91
process_id = p7
operationName = MmcSetMovieId
serviceName = None
------------------------------------------------------------------------------------
span 9
span_id = 20079d71e9e84afe
parent_id = 8b12023aeceaf54c
start_time = 1682628698041230
end_time = 1682628698041352
inclusive_time = 122
exclusive_time = 122
process_id = p7
operationName = MmcGetMovieId
serviceName = None
------------------------------------------------------------------------------------
