span = 0
span_id = 18247570d13c5a7f
parent_id = None
start_time = 1682628697878000
end_time = 1682628697883610
inclusive_time = 5610
exclusive_time = 994
process_id = p2
operationName = /wrk2-api/review/compose
serviceName = nginx
------------------------------------------------------------------------------------
span = 1
span_id = d778db972d82e23b
parent_id = 18247570d13c5a7f
start_time = 1682628697878994
end_time = 1682628697883611
inclusive_time = 4617
exclusive_time = 93
process_id = p2
operationName = /wrk2-api/review/compose
serviceName = nginx
------------------------------------------------------------------------------------
span = 2
span_id = 07e06686a00c70ef
parent_id = d778db972d82e23b
start_time = 1682628697879037
end_time = 1682628697883561
inclusive_time = 4524
exclusive_time = 289
process_id = p2
operationName = ComposeReview
serviceName = nginx
------------------------------------------------------------------------------------
span = 3
span_id = 427cb178c269f3bb
parent_id = 07e06686a00c70ef
start_time = 1682628697879600
end_time = 1682628697883469
inclusive_time = 3869
exclusive_time = 356
process_id = p4
operationName = UploadMovieId
serviceName = movie-id-service
------------------------------------------------------------------------------------
span = 4
span_id = 2053c2cc7ecb4fa9
parent_id = 427cb178c269f3bb
start_time = 1682628697880082
end_time = 1682628697883368
inclusive_time = 3286
exclusive_time = 272
process_id = p7
operationName = UploadRating
serviceName = rating-service
------------------------------------------------------------------------------------
span = 5
span_id = 4bdfb11f2d0c8bc0
parent_id = 2053c2cc7ecb4fa9
start_time = 1682628697880258
end_time = 1682628697883207
inclusive_time = 2949
exclusive_time = 1509
process_id = p3
operationName = UploadRating
serviceName = compose-review-service
------------------------------------------------------------------------------------
span = 6
span_id = edbd5ac7e6eb7f9f
parent_id = 4bdfb11f2d0c8bc0
start_time = 1682628697881705
end_time = 1682628697882929
inclusive_time = 1224
exclusive_time = 25
process_id = p5
operationName = UploadMovieReview
serviceName = movie-review-service
------------------------------------------------------------------------------------
span = 7
span_id = 27ca6bbd05549505
parent_id = edbd5ac7e6eb7f9f
start_time = 1682628697881730
end_time = 1682628697882935
inclusive_time = 1205
exclusive_time = 1205
process_id = p5
operationName = MongoFindMovie
serviceName = movie-review-service
------------------------------------------------------------------------------------
span = 8
span_id = a214692db7cfc76b
parent_id = 427cb178c269f3bb
start_time = 1682628697879944
end_time = 1682628697880062
inclusive_time = 118
exclusive_time = 118
process_id = p4
operationName = MmcSetMovieId
serviceName = movie-id-service
------------------------------------------------------------------------------------
span = 9
span_id = e7af9ccd9dfb6b39
parent_id = 427cb178c269f3bb
start_time = 1682628697879613
end_time = 1682628697879722
inclusive_time = 109
exclusive_time = 109
process_id = p4
operationName = MmcGetMovieId
serviceName = movie-id-service
------------------------------------------------------------------------------------
