span = 0
trace_id = 8ee4b46167aeb39f
span_id = 8ee4b46167aeb39f
parent_id = None
start_time = 1682628698194000
end_time = 1682628698198756
inclusive_time = 4756
exclusive_time = 621
process_id = p1
operationName = /wrk2-api/review/compose
serviceName = nginx
call path = 
------------------------------------------------------------------------------------
span = 1
trace_id = 8ee4b46167aeb39f
span_id = 1cb5f01b50061090
parent_id = 8ee4b46167aeb39f
start_time = 1682628698194620
end_time = 1682628698198755
inclusive_time = 4135
exclusive_time = 183
process_id = p1
operationName = /wrk2-api/review/compose
serviceName = nginx
call path = ->/wrk2-api/review/compose_nginx
------------------------------------------------------------------------------------
span = 2
trace_id = 8ee4b46167aeb39f
span_id = 6d514db3b9558076
parent_id = 1cb5f01b50061090
start_time = 1682628698194659
end_time = 1682628698198611
inclusive_time = 3952
exclusive_time = 499
process_id = p1
operationName = ComposeReview
serviceName = nginx
call path = ->/wrk2-api/review/compose_nginx->/wrk2-api/review/compose_nginx
------------------------------------------------------------------------------------
span = 3
trace_id = 8ee4b46167aeb39f
span_id = dff82f07a0b8ae24
parent_id = 6d514db3b9558076
start_time = 1682628698195065
end_time = 1682628698198518
inclusive_time = 3453
exclusive_time = 581
process_id = p5
operationName = UploadMovieId
serviceName = movie-id-service
call path = ->/wrk2-api/review/compose_nginx->/wrk2-api/review/compose_nginx->ComposeReview_nginx
------------------------------------------------------------------------------------
span = 4
trace_id = 8ee4b46167aeb39f
span_id = be5f48de754667dc
parent_id = dff82f07a0b8ae24
start_time = 1682628698195539
end_time = 1682628698198209
inclusive_time = 2670
exclusive_time = 1432
process_id = p4
operationName = UploadMovieId
serviceName = compose-review-service
call path = ->/wrk2-api/review/compose_nginx->/wrk2-api/review/compose_nginx->ComposeReview_nginx->UploadMovieId_movie-id-service
------------------------------------------------------------------------------------
span = 5
trace_id = 8ee4b46167aeb39f
span_id = b842772c895c2df6
parent_id = be5f48de754667dc
start_time = 1682628698196880
end_time = 1682628698198090
inclusive_time = 1210
exclusive_time = 26
process_id = p3
operationName = UploadUserReview
serviceName = user-review-service
call path = ->/wrk2-api/review/compose_nginx->/wrk2-api/review/compose_nginx->ComposeReview_nginx->UploadMovieId_movie-id-service->UploadMovieId_compose-review-service
------------------------------------------------------------------------------------
span = 6
trace_id = 8ee4b46167aeb39f
span_id = 0e46cc1c98ab0278
parent_id = b842772c895c2df6
start_time = 1682628698196906
end_time = 1682628698198096
inclusive_time = 1190
exclusive_time = 1190
process_id = p3
operationName = MongoFindUser
serviceName = user-review-service
call path = ->/wrk2-api/review/compose_nginx->/wrk2-api/review/compose_nginx->ComposeReview_nginx->UploadMovieId_movie-id-service->UploadMovieId_compose-review-service->UploadUserReview_user-review-service
------------------------------------------------------------------------------------
span = 7
trace_id = 8ee4b46167aeb39f
span_id = 2e3e56a7a5d93dc9
parent_id = dff82f07a0b8ae24
start_time = 1682628698195382
end_time = 1682628698195483
inclusive_time = 101
exclusive_time = 101
process_id = p5
operationName = MmcSetMovieId
serviceName = movie-id-service
call path = ->/wrk2-api/review/compose_nginx->/wrk2-api/review/compose_nginx->ComposeReview_nginx->UploadMovieId_movie-id-service
------------------------------------------------------------------------------------
span = 8
trace_id = 8ee4b46167aeb39f
span_id = ef096c6adb7c95fc
parent_id = dff82f07a0b8ae24
start_time = 1682628698195081
end_time = 1682628698195182
inclusive_time = 101
exclusive_time = 101
process_id = p5
operationName = MmcGetMovieId
serviceName = movie-id-service
call path = ->/wrk2-api/review/compose_nginx->/wrk2-api/review/compose_nginx->ComposeReview_nginx->UploadMovieId_movie-id-service
------------------------------------------------------------------------------------
