span = 0
trace_id = 43108f76fc8cf71c
span_id = 43108f76fc8cf71c
parent_id = None
start_time = 1682628698011000
end_time = 1682628698016253
inclusive_time = 5253
exclusive_time = 1064
process_id = p3
operationName = /wrk2-api/review/compose
serviceName = nginx
call path = 
------------------------------------------------------------------------------------
span = 1
trace_id = 43108f76fc8cf71c
span_id = ced0c492e289c577
parent_id = 43108f76fc8cf71c
start_time = 1682628698012063
end_time = 1682628698016252
inclusive_time = 4189
exclusive_time = 98
process_id = p3
operationName = /wrk2-api/review/compose
serviceName = nginx
call path = ->/wrk2-api/review/compose_nginx
------------------------------------------------------------------------------------
span = 2
trace_id = 43108f76fc8cf71c
span_id = b938890bcd1a44bd
parent_id = ced0c492e289c577
start_time = 1682628698012110
end_time = 1682628698016201
inclusive_time = 4091
exclusive_time = 303
process_id = p3
operationName = ComposeReview
serviceName = nginx
call path = ->/wrk2-api/review/compose_nginx->/wrk2-api/review/compose_nginx
------------------------------------------------------------------------------------
span = 3
trace_id = 43108f76fc8cf71c
span_id = 62ad80d70ee124f2
parent_id = b938890bcd1a44bd
start_time = 1682628698012773
end_time = 1682628698016107
inclusive_time = 3334
exclusive_time = 434
process_id = p2
operationName = UploadMovieId
serviceName = movie-id-service
call path = ->/wrk2-api/review/compose_nginx->/wrk2-api/review/compose_nginx->ComposeReview_nginx
------------------------------------------------------------------------------------
span = 4
trace_id = 43108f76fc8cf71c
span_id = 949e12666d66a5d6
parent_id = 62ad80d70ee124f2
start_time = 1682628698013316
end_time = 1682628698015926
inclusive_time = 2610
exclusive_time = 279
process_id = p9
operationName = UploadRating
serviceName = rating-service
call path = ->/wrk2-api/review/compose_nginx->/wrk2-api/review/compose_nginx->ComposeReview_nginx->UploadMovieId_movie-id-service
------------------------------------------------------------------------------------
span = 5
trace_id = 43108f76fc8cf71c
span_id = 345db4a9a1cdecaa
parent_id = 949e12666d66a5d6
start_time = 1682628698013557
end_time = 1682628698015788
inclusive_time = 2231
exclusive_time = 969
process_id = p5
operationName = UploadRating
serviceName = compose-review-service
call path = ->/wrk2-api/review/compose_nginx->/wrk2-api/review/compose_nginx->ComposeReview_nginx->UploadMovieId_movie-id-service->UploadRating_rating-service
------------------------------------------------------------------------------------
span = 6
trace_id = 43108f76fc8cf71c
span_id = 351ab75bc8c34a9f
parent_id = 345db4a9a1cdecaa
start_time = 1682628698014412
end_time = 1682628698015634
inclusive_time = 1222
exclusive_time = 29
process_id = p6
operationName = UploadUserReview
serviceName = user-review-service
call path = ->/wrk2-api/review/compose_nginx->/wrk2-api/review/compose_nginx->ComposeReview_nginx->UploadMovieId_movie-id-service->UploadRating_rating-service->UploadRating_compose-review-service
------------------------------------------------------------------------------------
span = 7
trace_id = 43108f76fc8cf71c
span_id = 03ec022404a07886
parent_id = 351ab75bc8c34a9f
start_time = 1682628698014441
end_time = 1682628698015643
inclusive_time = 1202
exclusive_time = 1202
process_id = p6
operationName = MongoFindUser
serviceName = user-review-service
call path = ->/wrk2-api/review/compose_nginx->/wrk2-api/review/compose_nginx->ComposeReview_nginx->UploadMovieId_movie-id-service->UploadRating_rating-service->UploadRating_compose-review-service->UploadUserReview_user-review-service
------------------------------------------------------------------------------------
span = 8
trace_id = 43108f76fc8cf71c
span_id = 67d81f4a97532f09
parent_id = 62ad80d70ee124f2
start_time = 1682628698013034
end_time = 1682628698013121
inclusive_time = 87
exclusive_time = 87
process_id = p2
operationName = MmcSetMovieId
serviceName = movie-id-service
call path = ->/wrk2-api/review/compose_nginx->/wrk2-api/review/compose_nginx->ComposeReview_nginx->UploadMovieId_movie-id-service
------------------------------------------------------------------------------------
span = 9
trace_id = 43108f76fc8cf71c
span_id = f9a7c17c99708766
parent_id = 62ad80d70ee124f2
start_time = 1682628698012792
end_time = 1682628698012885
inclusive_time = 93
exclusive_time = 93
process_id = p2
operationName = MmcGetMovieId
serviceName = movie-id-service
call path = ->/wrk2-api/review/compose_nginx->/wrk2-api/review/compose_nginx->ComposeReview_nginx->UploadMovieId_movie-id-service
------------------------------------------------------------------------------------
