span 0
span_id = 440b759e08175298
parent_id = None
start_time = 1682628698049000
end_time = 1682628698054462
inclusive_time = 5462
exclusive_time = 798
process_id = p8
operationName = /wrk2-api/review/compose
serviceName = None
------------------------------------------------------------------------------------
span 1
span_id = e1f21e9bed946fd1
parent_id = 440b759e08175298
start_time = 1682628698049798
end_time = 1682628698054462
inclusive_time = 4664
exclusive_time = 103
process_id = p8
operationName = /wrk2-api/review/compose
serviceName = None
------------------------------------------------------------------------------------
span 2
span_id = 9053b3ec0b5424a1
parent_id = e1f21e9bed946fd1
start_time = 1682628698049850
end_time = 1682628698054411
inclusive_time = 4561
exclusive_time = 532
process_id = p8
operationName = ComposeReview
serviceName = None
------------------------------------------------------------------------------------
span 3
span_id = ea9bb59903b7fb7b
parent_id = 9053b3ec0b5424a1
start_time = 1682628698050306
end_time = 1682628698054324
inclusive_time = 4018
exclusive_time = 526
process_id = p6
operationName = UploadMovieId
serviceName = None
------------------------------------------------------------------------------------
span 4
span_id = f585ecc910b82ec9
parent_id = ea9bb59903b7fb7b
start_time = 1682628698050784
end_time = 1682628698053999
inclusive_time = 3215
exclusive_time = 541
process_id = p7
operationName = UploadRating
serviceName = None
------------------------------------------------------------------------------------
span 5
span_id = 7628aaf5d9ae88e8
parent_id = f585ecc910b82ec9
start_time = 1682628698050967
end_time = 1682628698053641
inclusive_time = 2674
exclusive_time = 1366
process_id = p4
operationName = UploadRating
serviceName = None
------------------------------------------------------------------------------------
span 6
span_id = 48403ea9d7c2317f
parent_id = 7628aaf5d9ae88e8
start_time = 1682628698051914
end_time = 1682628698053152
inclusive_time = 1238
exclusive_time = 34
process_id = p3
operationName = UploadMovieReview
serviceName = None
------------------------------------------------------------------------------------
span 7
span_id = e86950c8e1076042
parent_id = 48403ea9d7c2317f
start_time = 1682628698051948
end_time = 1682628698053156
inclusive_time = 1208
exclusive_time = 1208
process_id = p3
operationName = MongoFindMovie
serviceName = None
------------------------------------------------------------------------------------
span 8
span_id = 41be8880db9c7702
parent_id = ea9bb59903b7fb7b
start_time = 1682628698050610
end_time = 1682628698050733
inclusive_time = 123
exclusive_time = 123
process_id = p6
operationName = MmcSetMovieId
serviceName = None
------------------------------------------------------------------------------------
span 9
span_id = b9a235c252d6a675
parent_id = ea9bb59903b7fb7b
start_time = 1682628698050324
end_time = 1682628698050427
inclusive_time = 103
exclusive_time = 103
process_id = p6
operationName = MmcGetMovieId
serviceName = None
------------------------------------------------------------------------------------
