span = 0
span_id = c3fbb8daae5e0885
parent_id = None
start_time = 1682628697928000
end_time = 1682628697932432
inclusive_time = 4432
exclusive_time = 615
process_id = p8
operationName = /wrk2-api/review/compose
serviceName = nginx
------------------------------------------------------------------------------------
span = 1
span_id = 5835e3753f55342b
parent_id = c3fbb8daae5e0885
start_time = 1682628697928615
end_time = 1682628697932432
inclusive_time = 3817
exclusive_time = 163
process_id = p8
operationName = /wrk2-api/review/compose
serviceName = nginx
------------------------------------------------------------------------------------
span = 2
span_id = bba297bac7846829
parent_id = 5835e3753f55342b
start_time = 1682628697928724
end_time = 1682628697932378
inclusive_time = 3654
exclusive_time = 426
process_id = p8
operationName = ComposeReview
serviceName = nginx
------------------------------------------------------------------------------------
span = 3
span_id = 57f2d1e24100629b
parent_id = bba297bac7846829
start_time = 1682628697929306
end_time = 1682628697932284
inclusive_time = 2978
exclusive_time = 237
process_id = p7
operationName = UploadMovieId
serviceName = movie-id-service
------------------------------------------------------------------------------------
span = 4
span_id = 712d1aa38f5953ba
parent_id = 57f2d1e24100629b
start_time = 1682628697929651
end_time = 1682628697932181
inclusive_time = 2530
exclusive_time = 254
process_id = p5
operationName = UploadRating
serviceName = rating-service
------------------------------------------------------------------------------------
span = 5
span_id = c2f1062057d6c9b3
parent_id = 712d1aa38f5953ba
start_time = 1682628697929812
end_time = 1682628697932060
inclusive_time = 2248
exclusive_time = 938
process_id = p4
operationName = UploadRating
serviceName = compose-review-service
------------------------------------------------------------------------------------
span = 6
span_id = 9cc3b837be7bd6a8
parent_id = c2f1062057d6c9b3
start_time = 1682628697930657
end_time = 1682628697931941
inclusive_time = 1284
exclusive_time = 79
process_id = p3
operationName = UploadUserReview
serviceName = user-review-service
------------------------------------------------------------------------------------
span = 7
span_id = 03ce79a7bdcc40aa
parent_id = 9cc3b837be7bd6a8
start_time = 1682628697930736
end_time = 1682628697931946
inclusive_time = 1210
exclusive_time = 1210
process_id = p3
operationName = MongoFindUser
serviceName = user-review-service
------------------------------------------------------------------------------------
span = 8
span_id = 411f179c647df6d8
parent_id = 57f2d1e24100629b
start_time = 1682628697929522
end_time = 1682628697929615
inclusive_time = 93
exclusive_time = 93
process_id = p7
operationName = MmcSetMovieId
serviceName = movie-id-service
------------------------------------------------------------------------------------
span = 9
span_id = 2ea6e11b30ec37d4
parent_id = 57f2d1e24100629b
start_time = 1682628697929317
end_time = 1682628697929401
inclusive_time = 84
exclusive_time = 84
process_id = p7
operationName = MmcGetMovieId
serviceName = movie-id-service
------------------------------------------------------------------------------------
