span 0
span_id = a5b59e59a05be2f3
parent_id = None
start_time = 1682628697904000
end_time = 1682628697907941
inclusive_time = 3941
exclusive_time = 296
process_id = p1
operationName = /wrk2-api/review/compose
serviceName = None
------------------------------------------------------------------------------------
span 1
span_id = 73af85e3b2071de5
parent_id = a5b59e59a05be2f3
start_time = 1682628697904296
end_time = 1682628697907941
inclusive_time = 3645
exclusive_time = 82
process_id = p1
operationName = /wrk2-api/review/compose
serviceName = None
------------------------------------------------------------------------------------
span 2
span_id = 3e8ed54e851543f5
parent_id = 73af85e3b2071de5
start_time = 1682628697904329
end_time = 1682628697907892
inclusive_time = 3563
exclusive_time = 408
process_id = p1
operationName = ComposeReview
serviceName = None
------------------------------------------------------------------------------------
span 3
span_id = 8c9322fce3204d58
parent_id = 3e8ed54e851543f5
start_time = 1682628697904999
end_time = 1682628697907798
inclusive_time = 2799
exclusive_time = 249
process_id = p5
operationName = UploadUserWithUsername
serviceName = None
------------------------------------------------------------------------------------
span 4
span_id = 7629d00fc82b4741
parent_id = 8c9322fce3204d58
start_time = 1682628697905293
end_time = 1682628697907736
inclusive_time = 2443
exclusive_time = 1095
process_id = p2
operationName = UploadUserId
serviceName = None
------------------------------------------------------------------------------------
span 5
span_id = 8bd923e19ac0d35d
parent_id = 7629d00fc82b4741
start_time = 1682628697906306
end_time = 1682628697907579
inclusive_time = 1273
exclusive_time = 17
process_id = p4
operationName = UploadMovieReview
serviceName = None
------------------------------------------------------------------------------------
span 6
span_id = dfe4714337485174
parent_id = 8bd923e19ac0d35d
start_time = 1682628697906323
end_time = 1682628697907583
inclusive_time = 1260
exclusive_time = 1260
process_id = p4
operationName = MongoFindMovie
serviceName = None
------------------------------------------------------------------------------------
span 7
span_id = 0029ecddcd47c8bd
parent_id = 8c9322fce3204d58
start_time = 1682628697905015
end_time = 1682628697905122
inclusive_time = 107
exclusive_time = 107
process_id = p5
operationName = MmcGetUserId
serviceName = None
------------------------------------------------------------------------------------
