span 0
span_id = 3b4f5ccc9815c1ea
parent_id = None
start_time = 1682628698313000
end_time = 1682628698316822
inclusive_time = 3822
exclusive_time = 109
process_id = p10
operationName = /wrk2-api/review/compose
serviceName = None
------------------------------------------------------------------------------------
span 1
span_id = 8719fe8ece73c903
parent_id = 3b4f5ccc9815c1ea
start_time = 1682628698313109
end_time = 1682628698316822
inclusive_time = 3713
exclusive_time = 113
process_id = p10
operationName = /wrk2-api/review/compose
serviceName = None
------------------------------------------------------------------------------------
span 2
span_id = eed610a41d0df60c
parent_id = 8719fe8ece73c903
start_time = 1682628698313156
end_time = 1682628698316756
inclusive_time = 3600
exclusive_time = 300
process_id = p10
operationName = ComposeReview
serviceName = None
------------------------------------------------------------------------------------
span 3
span_id = aee0e71fddccda82
parent_id = eed610a41d0df60c
start_time = 1682628698313474
end_time = 1682628698316670
inclusive_time = 3196
exclusive_time = 282
process_id = p2
operationName = UploadMovieId
serviceName = None
------------------------------------------------------------------------------------
span 4
span_id = 83ba14a092abd5b7
parent_id = aee0e71fddccda82
start_time = 1682628698314058
end_time = 1682628698316562
inclusive_time = 2504
exclusive_time = 230
process_id = p9
operationName = UploadRating
serviceName = None
------------------------------------------------------------------------------------
span 5
span_id = 994b7f0cea93fd72
parent_id = 83ba14a092abd5b7
start_time = 1682628698314214
end_time = 1682628698316440
inclusive_time = 2226
exclusive_time = 994
process_id = p1
operationName = UploadRating
serviceName = None
------------------------------------------------------------------------------------
span 6
span_id = 39d6bbb6c0e0bbe4
parent_id = 994b7f0cea93fd72
start_time = 1682628698315097
end_time = 1682628698316287
inclusive_time = 1190
exclusive_time = 24
process_id = p6
operationName = UploadUserReview
serviceName = None
------------------------------------------------------------------------------------
span 7
span_id = 0eb1d75728208ce9
parent_id = 39d6bbb6c0e0bbe4
start_time = 1682628698315121
end_time = 1682628698316293
inclusive_time = 1172
exclusive_time = 1172
process_id = p6
operationName = MongoFindUser
serviceName = None
------------------------------------------------------------------------------------
span 8
span_id = 63b94bf85998d111
parent_id = aee0e71fddccda82
start_time = 1682628698313700
end_time = 1682628698313780
inclusive_time = 80
exclusive_time = 80
process_id = p2
operationName = MmcSetMovieId
serviceName = None
------------------------------------------------------------------------------------
span 9
span_id = b72088b02cce225c
parent_id = aee0e71fddccda82
start_time = 1682628698313496
end_time = 1682628698313594
inclusive_time = 98
exclusive_time = 98
process_id = p2
operationName = MmcGetMovieId
serviceName = None
------------------------------------------------------------------------------------
