span = 0
span_id = 05c26d145b0ee46b
parent_id = None
start_time = 1682628698029000
end_time = 1682628698033642
inclusive_time = 4642
exclusive_time = 566
process_id = p5
operationName = /wrk2-api/review/compose
serviceName = nginx
------------------------------------------------------------------------------------
span = 1
span_id = f677b4f0033683ac
parent_id = 05c26d145b0ee46b
start_time = 1682628698029565
end_time = 1682628698033641
inclusive_time = 4076
exclusive_time = 101
process_id = p5
operationName = /wrk2-api/review/compose
serviceName = nginx
------------------------------------------------------------------------------------
span = 2
span_id = 2285b8abec4ca994
parent_id = f677b4f0033683ac
start_time = 1682628698029612
end_time = 1682628698033587
inclusive_time = 3975
exclusive_time = 646
process_id = p5
operationName = ComposeReview
serviceName = nginx
------------------------------------------------------------------------------------
span = 3
span_id = e92684ca6266f27e
parent_id = 2285b8abec4ca994
start_time = 1682628698029928
end_time = 1682628698033147
inclusive_time = 3219
exclusive_time = 443
process_id = p8
operationName = UploadMovieId
serviceName = movie-id-service
------------------------------------------------------------------------------------
span = 4
span_id = 695b4b75a38d9d4c
parent_id = e92684ca6266f27e
start_time = 1682628698030654
end_time = 1682628698032969
inclusive_time = 2315
exclusive_time = 1057
process_id = p2
operationName = UploadMovieId
serviceName = compose-review-service
------------------------------------------------------------------------------------
span = 5
span_id = a7be27d442a47f0e
parent_id = 695b4b75a38d9d4c
start_time = 1682628698031540
end_time = 1682628698032770
inclusive_time = 1230
exclusive_time = 24
process_id = p3
operationName = UploadUserReview
serviceName = user-review-service
------------------------------------------------------------------------------------
span = 6
span_id = fc79cf36accc2870
parent_id = a7be27d442a47f0e
start_time = 1682628698031564
end_time = 1682628698032775
inclusive_time = 1211
exclusive_time = 1211
process_id = p3
operationName = MongoFindUser
serviceName = user-review-service
------------------------------------------------------------------------------------
span = 7
span_id = 635311e9767650a0
parent_id = e92684ca6266f27e
start_time = 1682628698030183
end_time = 1682628698030289
inclusive_time = 106
exclusive_time = 106
process_id = p8
operationName = MmcSetMovieId
serviceName = movie-id-service
------------------------------------------------------------------------------------
span = 8
span_id = a3860a0941faecb9
parent_id = e92684ca6266f27e
start_time = 1682628698029942
end_time = 1682628698030041
inclusive_time = 99
exclusive_time = 99
process_id = p8
operationName = MmcGetMovieId
serviceName = movie-id-service
------------------------------------------------------------------------------------
