span = 0
trace_id = ca086cda014b9a97
span_id = ca086cda014b9a97
parent_id = None
start_time = 1682628698283000
end_time = 1682628698288849
inclusive_time = 5849
exclusive_time = 945
process_id = p2
operationName = /wrk2-api/review/compose
serviceName = nginx
------------------------------------------------------------------------------------
span = 1
trace_id = ca086cda014b9a97
span_id = 4c323bc403d2e3ee
parent_id = ca086cda014b9a97
start_time = 1682628698283945
end_time = 1682628698288849
inclusive_time = 4904
exclusive_time = 95
process_id = p2
operationName = /wrk2-api/review/compose
serviceName = nginx
------------------------------------------------------------------------------------
span = 2
trace_id = ca086cda014b9a97
span_id = d49db632cd0ac69c
parent_id = 4c323bc403d2e3ee
start_time = 1682628698283993
end_time = 1682628698288802
inclusive_time = 4809
exclusive_time = 1147
process_id = p2
operationName = ComposeReview
serviceName = nginx
------------------------------------------------------------------------------------
span = 3
trace_id = ca086cda014b9a97
span_id = 243a8d73ab24fc49
parent_id = d49db632cd0ac69c
start_time = 1682628698284420
end_time = 1682628698287825
inclusive_time = 3405
exclusive_time = 219
process_id = p6
operationName = UploadUniqueId
serviceName = unique-id-service
------------------------------------------------------------------------------------
span = 4
trace_id = ca086cda014b9a97
span_id = 7d34fc999fc70d20
parent_id = 243a8d73ab24fc49
start_time = 1682628698284563
end_time = 1682628698287749
inclusive_time = 3186
exclusive_time = 1835
process_id = p4
operationName = UploadUniqueId
serviceName = compose-review-service
------------------------------------------------------------------------------------
span = 5
trace_id = ca086cda014b9a97
span_id = 689c619596855d9a
parent_id = 7d34fc999fc70d20
start_time = 1682628698286393
end_time = 1682628698287592
inclusive_time = 1199
exclusive_time = 25
process_id = p8
operationName = UploadMovieReview
serviceName = movie-review-service
------------------------------------------------------------------------------------
span = 6
trace_id = ca086cda014b9a97
span_id = 6e0c303ae8f14c2f
parent_id = 689c619596855d9a
start_time = 1682628698286418
end_time = 1682628698287597
inclusive_time = 1179
exclusive_time = 1179
process_id = p8
operationName = MongoFindMovie
serviceName = movie-review-service
------------------------------------------------------------------------------------
