span 0
span_id = 22de07e56f2866fe
parent_id = None
start_time = 1682628698207000
end_time = 1682628698212038
inclusive_time = 5038
exclusive_time = 842
process_id = p6
operationName = /wrk2-api/review/compose
serviceName = None
------------------------------------------------------------------------------------
span 1
span_id = 481b246420b86dec
parent_id = 22de07e56f2866fe
start_time = 1682628698207842
end_time = 1682628698212038
inclusive_time = 4196
exclusive_time = 102
process_id = p6
operationName = /wrk2-api/review/compose
serviceName = None
------------------------------------------------------------------------------------
span 2
span_id = d72222db80b05a8d
parent_id = 481b246420b86dec
start_time = 1682628698207898
end_time = 1682628698211992
inclusive_time = 4094
exclusive_time = 366
process_id = p6
operationName = ComposeReview
serviceName = None
------------------------------------------------------------------------------------
span 3
span_id = 253214c22bea4e3f
parent_id = d72222db80b05a8d
start_time = 1682628698208375
end_time = 1682628698211924
inclusive_time = 3549
exclusive_time = 334
process_id = p3
operationName = UploadMovieId
serviceName = None
------------------------------------------------------------------------------------
span 4
span_id = faffb00376df53f4
parent_id = 253214c22bea4e3f
start_time = 1682628698208795
end_time = 1682628698211805
inclusive_time = 3010
exclusive_time = 264
process_id = p10
operationName = UploadRating
serviceName = None
------------------------------------------------------------------------------------
span 5
span_id = 302f420ecb587029
parent_id = faffb00376df53f4
start_time = 1682628698208948
end_time = 1682628698211693
inclusive_time = 2745
exclusive_time = 1271
process_id = p2
operationName = UploadRating
serviceName = None
------------------------------------------------------------------------------------
span 6
span_id = bab9f4ef07771d99
parent_id = 302f420ecb587029
start_time = 1682628698210105
end_time = 1682628698211579
inclusive_time = 1474
exclusive_time = 32
process_id = p1
operationName = UploadUserReview
serviceName = None
------------------------------------------------------------------------------------
span 7
span_id = 8110cf971932c410
parent_id = bab9f4ef07771d99
start_time = 1682628698210137
end_time = 1682628698211584
inclusive_time = 1447
exclusive_time = 1447
process_id = p1
operationName = MongoFindUser
serviceName = None
------------------------------------------------------------------------------------
span 8
span_id = 033930ca2af73953
parent_id = 253214c22bea4e3f
start_time = 1682628698208620
end_time = 1682628698208726
inclusive_time = 106
exclusive_time = 106
process_id = p3
operationName = MmcSetMovieId
serviceName = None
------------------------------------------------------------------------------------
span 9
span_id = 43e13b986ba8dbcd
parent_id = 253214c22bea4e3f
start_time = 1682628698208390
end_time = 1682628698208483
inclusive_time = 93
exclusive_time = 93
process_id = p3
operationName = MmcGetMovieId
serviceName = None
------------------------------------------------------------------------------------
