span = 0
trace_id = 894f502c0f1f22c8
span_id = 894f502c0f1f22c8
parent_id = None
start_time = 1682628697865000
end_time = 1682628697869514
inclusive_time = 4514
exclusive_time = 443
process_id = p3
operationName = /wrk2-api/review/compose
serviceName = nginx
call path = 
------------------------------------------------------------------------------------
span = 1
trace_id = 894f502c0f1f22c8
span_id = 0f6352db7664fccb
parent_id = 894f502c0f1f22c8
start_time = 1682628697865443
end_time = 1682628697869514
inclusive_time = 4071
exclusive_time = 128
process_id = p3
operationName = /wrk2-api/review/compose
serviceName = nginx
call path = ->/wrk2-api/review/compose_nginx
------------------------------------------------------------------------------------
span = 2
trace_id = 894f502c0f1f22c8
span_id = 526a58732fccf5a7
parent_id = 0f6352db7664fccb
start_time = 1682628697865517
end_time = 1682628697869460
inclusive_time = 3943
exclusive_time = 293
process_id = p3
operationName = ComposeReview
serviceName = nginx
call path = ->/wrk2-api/review/compose_nginx->/wrk2-api/review/compose_nginx
------------------------------------------------------------------------------------
span = 3
trace_id = 894f502c0f1f22c8
span_id = f2ed14adda32ba40
parent_id = 526a58732fccf5a7
start_time = 1682628697865858
end_time = 1682628697869379
inclusive_time = 3521
exclusive_time = 804
process_id = p5
operationName = UploadMovieId
serviceName = movie-id-service
call path = ->/wrk2-api/review/compose_nginx->/wrk2-api/review/compose_nginx->ComposeReview_nginx
------------------------------------------------------------------------------------
span = 4
trace_id = 894f502c0f1f22c8
span_id = 7e5f28d93a0f98d7
parent_id = f2ed14adda32ba40
start_time = 1682628697866405
end_time = 1682628697868831
inclusive_time = 2426
exclusive_time = 256
process_id = p8
operationName = UploadRating
serviceName = rating-service
call path = ->/wrk2-api/review/compose_nginx->/wrk2-api/review/compose_nginx->ComposeReview_nginx->UploadMovieId_movie-id-service
------------------------------------------------------------------------------------
span = 5
trace_id = 894f502c0f1f22c8
span_id = 6bed43ab1158ce3b
parent_id = 7e5f28d93a0f98d7
start_time = 1682628697866604
end_time = 1682628697868694
inclusive_time = 2090
exclusive_time = 969
process_id = p4
operationName = UploadRating
serviceName = compose-review-service
call path = ->/wrk2-api/review/compose_nginx->/wrk2-api/review/compose_nginx->ComposeReview_nginx->UploadMovieId_movie-id-service->UploadRating_rating-service
------------------------------------------------------------------------------------
span = 6
trace_id = 894f502c0f1f22c8
span_id = a109ed48dfd22151
parent_id = 6bed43ab1158ce3b
start_time = 1682628697867559
end_time = 1682628697868571
inclusive_time = 1012
exclusive_time = 26
process_id = p6
operationName = UploadMovieReview
serviceName = movie-review-service
call path = ->/wrk2-api/review/compose_nginx->/wrk2-api/review/compose_nginx->ComposeReview_nginx->UploadMovieId_movie-id-service->UploadRating_rating-service->UploadRating_compose-review-service
------------------------------------------------------------------------------------
span = 7
trace_id = 894f502c0f1f22c8
span_id = b2d5e267811fe310
parent_id = a109ed48dfd22151
start_time = 1682628697867585
end_time = 1682628697868575
inclusive_time = 990
exclusive_time = 990
process_id = p6
operationName = MongoFindMovie
serviceName = movie-review-service
call path = ->/wrk2-api/review/compose_nginx->/wrk2-api/review/compose_nginx->ComposeReview_nginx->UploadMovieId_movie-id-service->UploadRating_rating-service->UploadRating_compose-review-service->UploadMovieReview_movie-review-service
------------------------------------------------------------------------------------
span = 8
trace_id = 894f502c0f1f22c8
span_id = 9ef6bf1a85b710b3
parent_id = f2ed14adda32ba40
start_time = 1682628697865875
end_time = 1682628697865972
inclusive_time = 97
exclusive_time = 97
process_id = p5
operationName = MmcGetMovieId
serviceName = movie-id-service
call path = ->/wrk2-api/review/compose_nginx->/wrk2-api/review/compose_nginx->ComposeReview_nginx->UploadMovieId_movie-id-service
------------------------------------------------------------------------------------
