span = 0
span_id = 470077cd62c7486f
parent_id = None
start_time = 1682628698217000
end_time = 1682628698221529
inclusive_time = 4529
exclusive_time = 629
process_id = p6
operationName = /wrk2-api/review/compose
serviceName = nginx
------------------------------------------------------------------------------------
span = 1
span_id = 51f05bc7cb3c7335
parent_id = 470077cd62c7486f
start_time = 1682628698217629
end_time = 1682628698221529
inclusive_time = 3900
exclusive_time = 90
process_id = p6
operationName = /wrk2-api/review/compose
serviceName = nginx
------------------------------------------------------------------------------------
span = 2
span_id = e9ac0d1406565b37
parent_id = 51f05bc7cb3c7335
start_time = 1682628698217676
end_time = 1682628698221486
inclusive_time = 3810
exclusive_time = 395
process_id = p6
operationName = ComposeReview
serviceName = nginx
------------------------------------------------------------------------------------
span = 3
span_id = 952ca93635c0dbe8
parent_id = e9ac0d1406565b37
start_time = 1682628698217991
end_time = 1682628698221406
inclusive_time = 3415
exclusive_time = 425
process_id = p3
operationName = UploadMovieId
serviceName = movie-id-service
------------------------------------------------------------------------------------
span = 4
span_id = 6e0cb5dae5028e9b
parent_id = 952ca93635c0dbe8
start_time = 1682628698218463
end_time = 1682628698221267
inclusive_time = 2804
exclusive_time = 287
process_id = p10
operationName = UploadRating
serviceName = rating-service
------------------------------------------------------------------------------------
span = 5
span_id = 6850ecf8f56f52a9
parent_id = 6e0cb5dae5028e9b
start_time = 1682628698218663
end_time = 1682628698221129
inclusive_time = 2466
exclusive_time = 1381
process_id = p2
operationName = UploadRating
serviceName = compose-review-service
------------------------------------------------------------------------------------
span = 6
span_id = fcfc9a6b459f846d
parent_id = 6850ecf8f56f52a9
start_time = 1682628698219920
end_time = 1682628698220970
inclusive_time = 1050
exclusive_time = 28
process_id = p1
operationName = UploadUserReview
serviceName = user-review-service
------------------------------------------------------------------------------------
span = 7
span_id = be32d71751bb0497
parent_id = fcfc9a6b459f846d
start_time = 1682628698219948
end_time = 1682628698220973
inclusive_time = 1025
exclusive_time = 1025
process_id = p1
operationName = MongoFindUser
serviceName = user-review-service
------------------------------------------------------------------------------------
span = 8
span_id = 317c18aa30860320
parent_id = 952ca93635c0dbe8
start_time = 1682628698218298
end_time = 1682628698218394
inclusive_time = 96
exclusive_time = 96
process_id = p3
operationName = MmcSetMovieId
serviceName = movie-id-service
------------------------------------------------------------------------------------
span = 9
span_id = 686a3ba9ad9670aa
parent_id = 952ca93635c0dbe8
start_time = 1682628698218008
end_time = 1682628698218098
inclusive_time = 90
exclusive_time = 90
process_id = p3
operationName = MmcGetMovieId
serviceName = movie-id-service
------------------------------------------------------------------------------------
