span = 0
trace_id = 5b2fa8eaa2e5cbc5
span_id = 5b2fa8eaa2e5cbc5
parent_id = None
start_time = 1682628698233000
end_time = 1682628698238580
inclusive_time = 5580
exclusive_time = 412
process_id = p5
operationName = /wrk2-api/review/compose
serviceName = nginx
------------------------------------------------------------------------------------
span = 1
trace_id = 5b2fa8eaa2e5cbc5
span_id = e9d6a34b8b0de512
parent_id = 5b2fa8eaa2e5cbc5
start_time = 1682628698233412
end_time = 1682628698238580
inclusive_time = 5168
exclusive_time = 86
process_id = p5
operationName = /wrk2-api/review/compose
serviceName = nginx
------------------------------------------------------------------------------------
span = 2
trace_id = 5b2fa8eaa2e5cbc5
span_id = ba707a0359c9ee09
parent_id = e9d6a34b8b0de512
start_time = 1682628698233444
end_time = 1682628698238526
inclusive_time = 5082
exclusive_time = 782
process_id = p5
operationName = ComposeReview
serviceName = nginx
------------------------------------------------------------------------------------
span = 3
trace_id = 5b2fa8eaa2e5cbc5
span_id = cf8c1dfd8035a5c4
parent_id = ba707a0359c9ee09
start_time = 1682628698233767
end_time = 1682628698237927
inclusive_time = 4160
exclusive_time = 738
process_id = p1
operationName = UploadMovieId
serviceName = movie-id-service
------------------------------------------------------------------------------------
span = 4
trace_id = 5b2fa8eaa2e5cbc5
span_id = ec6e3ae8beaf2798
parent_id = cf8c1dfd8035a5c4
start_time = 1682628698234687
end_time = 1682628698237732
inclusive_time = 3045
exclusive_time = 347
process_id = p10
operationName = UploadRating
serviceName = rating-service
------------------------------------------------------------------------------------
span = 5
trace_id = 5b2fa8eaa2e5cbc5
span_id = 1cb173bb062e2161
parent_id = ec6e3ae8beaf2798
start_time = 1682628698234950
end_time = 1682628698237591
inclusive_time = 2641
exclusive_time = 1076
process_id = p2
operationName = UploadRating
serviceName = compose-review-service
------------------------------------------------------------------------------------
span = 6
trace_id = 5b2fa8eaa2e5cbc5
span_id = 17aa6fc1e8b84eea
parent_id = 1cb173bb062e2161
start_time = 1682628698235996
end_time = 1682628698237419
inclusive_time = 1423
exclusive_time = 16
process_id = p3
operationName = UploadMovieReview
serviceName = movie-review-service
------------------------------------------------------------------------------------
span = 7
trace_id = 5b2fa8eaa2e5cbc5
span_id = 130eba8cc2c9f040
parent_id = 17aa6fc1e8b84eea
start_time = 1682628698236012
end_time = 1682628698237423
inclusive_time = 1411
exclusive_time = 1411
process_id = p3
operationName = MongoFindMovie
serviceName = movie-review-service
------------------------------------------------------------------------------------
span = 8
trace_id = 5b2fa8eaa2e5cbc5
span_id = fbfc441410d6b880
parent_id = cf8c1dfd8035a5c4
start_time = 1682628698234225
end_time = 1682628698234321
inclusive_time = 96
exclusive_time = 96
process_id = p1
operationName = MmcSetMovieId
serviceName = movie-id-service
------------------------------------------------------------------------------------
span = 9
trace_id = 5b2fa8eaa2e5cbc5
span_id = ab2c11c32aeb49c5
parent_id = cf8c1dfd8035a5c4
start_time = 1682628698233790
end_time = 1682628698233924
inclusive_time = 134
exclusive_time = 134
process_id = p1
operationName = MmcGetMovieId
serviceName = movie-id-service
------------------------------------------------------------------------------------
