span = 0
span_id = 153a23caf6570e29
parent_id = None
start_time = 1682628698220000
end_time = 1682628698224817
inclusive_time = 4817
exclusive_time = 385
process_id = p6
operationName = /wrk2-api/review/compose
serviceName = nginx
------------------------------------------------------------------------------------
span = 1
span_id = c4e6128a40b26fee
parent_id = 153a23caf6570e29
start_time = 1682628698220384
end_time = 1682628698224816
inclusive_time = 4432
exclusive_time = 82
process_id = p6
operationName = /wrk2-api/review/compose
serviceName = nginx
------------------------------------------------------------------------------------
span = 2
span_id = 1ad8d1e827bcea53
parent_id = c4e6128a40b26fee
start_time = 1682628698220421
end_time = 1682628698224771
inclusive_time = 4350
exclusive_time = 324
process_id = p6
operationName = ComposeReview
serviceName = nginx
------------------------------------------------------------------------------------
span = 3
span_id = b34ba3f735e3d322
parent_id = 1ad8d1e827bcea53
start_time = 1682628698220673
end_time = 1682628698224613
inclusive_time = 3940
exclusive_time = 438
process_id = p2
operationName = UploadMovieId
serviceName = movie-id-service
------------------------------------------------------------------------------------
span = 4
span_id = 9dbf91169aa0e919
parent_id = b34ba3f735e3d322
start_time = 1682628698221368
end_time = 1682628698224435
inclusive_time = 3067
exclusive_time = 479
process_id = p10
operationName = UploadRating
serviceName = rating-service
------------------------------------------------------------------------------------
span = 5
span_id = 6a4218cc88f7e98f
parent_id = 9dbf91169aa0e919
start_time = 1682628698221520
end_time = 1682628698224058
inclusive_time = 2538
exclusive_time = 973
process_id = p3
operationName = UploadRating
serviceName = compose-review-service
------------------------------------------------------------------------------------
span = 6
span_id = 1eb60b5ab3cdd082
parent_id = 6a4218cc88f7e98f
start_time = 1682628698222408
end_time = 1682628698223934
inclusive_time = 1526
exclusive_time = 29
process_id = p4
operationName = UploadMovieReview
serviceName = movie-review-service
------------------------------------------------------------------------------------
span = 7
span_id = 36f29120674088f9
parent_id = 1eb60b5ab3cdd082
start_time = 1682628698222437
end_time = 1682628698223939
inclusive_time = 1502
exclusive_time = 1502
process_id = p4
operationName = MongoFindMovie
serviceName = movie-review-service
------------------------------------------------------------------------------------
span = 8
span_id = f0a82a1045f70ea5
parent_id = b34ba3f735e3d322
start_time = 1682628698220901
end_time = 1682628698221015
inclusive_time = 114
exclusive_time = 114
process_id = p2
operationName = MmcSetMovieId
serviceName = movie-id-service
------------------------------------------------------------------------------------
span = 9
span_id = ef04bf00dfb2e863
parent_id = b34ba3f735e3d322
start_time = 1682628698220690
end_time = 1682628698220771
inclusive_time = 81
exclusive_time = 81
process_id = p2
operationName = MmcGetMovieId
serviceName = movie-id-service
------------------------------------------------------------------------------------
