span = 0
trace_id = 0a8ced566514c9ca
span_id = 0a8ced566514c9ca
parent_id = None
start_time = 1682628698140000
end_time = 1682628698144393
inclusive_time = 4393
exclusive_time = 766
process_id = p2
operationName = /wrk2-api/review/compose
serviceName = nginx
call path = 
------------------------------------------------------------------------------------
span = 1
trace_id = 0a8ced566514c9ca
span_id = 96fc5291ccac642a
parent_id = 0a8ced566514c9ca
start_time = 1682628698140765
end_time = 1682628698144392
inclusive_time = 3627
exclusive_time = 90
process_id = p2
operationName = /wrk2-api/review/compose
serviceName = nginx
call path = ->/wrk2-api/review/compose_nginx
------------------------------------------------------------------------------------
span = 2
trace_id = 0a8ced566514c9ca
span_id = b89fae478c39d009
parent_id = 96fc5291ccac642a
start_time = 1682628698140797
end_time = 1682628698144334
inclusive_time = 3537
exclusive_time = 229
process_id = p2
operationName = ComposeReview
serviceName = nginx
call path = ->/wrk2-api/review/compose_nginx->/wrk2-api/review/compose_nginx
------------------------------------------------------------------------------------
span = 3
trace_id = 0a8ced566514c9ca
span_id = b9ee1e97104bdd47
parent_id = b89fae478c39d009
start_time = 1682628698141025
end_time = 1682628698144256
inclusive_time = 3231
exclusive_time = 457
process_id = p7
operationName = UploadMovieId
serviceName = movie-id-service
call path = ->/wrk2-api/review/compose_nginx->/wrk2-api/review/compose_nginx->ComposeReview_nginx
------------------------------------------------------------------------------------
span = 4
trace_id = 0a8ced566514c9ca
span_id = 999320f0e5e55d91
parent_id = b9ee1e97104bdd47
start_time = 1682628698141462
end_time = 1682628698144049
inclusive_time = 2587
exclusive_time = 306
process_id = p1
operationName = UploadRating
serviceName = rating-service
call path = ->/wrk2-api/review/compose_nginx->/wrk2-api/review/compose_nginx->ComposeReview_nginx->UploadMovieId_movie-id-service
------------------------------------------------------------------------------------
span = 5
trace_id = 0a8ced566514c9ca
span_id = 2da296cc940dc240
parent_id = 999320f0e5e55d91
start_time = 1682628698141663
end_time = 1682628698143918
inclusive_time = 2255
exclusive_time = 974
process_id = p3
operationName = UploadRating
serviceName = compose-review-service
call path = ->/wrk2-api/review/compose_nginx->/wrk2-api/review/compose_nginx->ComposeReview_nginx->UploadMovieId_movie-id-service->UploadRating_rating-service
------------------------------------------------------------------------------------
span = 6
trace_id = 0a8ced566514c9ca
span_id = a1068b038fba6562
parent_id = 2da296cc940dc240
start_time = 1682628698142451
end_time = 1682628698143698
inclusive_time = 1247
exclusive_time = 32
process_id = p6
operationName = UploadUserReview
serviceName = user-review-service
call path = ->/wrk2-api/review/compose_nginx->/wrk2-api/review/compose_nginx->ComposeReview_nginx->UploadMovieId_movie-id-service->UploadRating_rating-service->UploadRating_compose-review-service
------------------------------------------------------------------------------------
span = 7
trace_id = 0a8ced566514c9ca
span_id = fde80dc9ccfe7d1e
parent_id = a1068b038fba6562
start_time = 1682628698142483
end_time = 1682628698143702
inclusive_time = 1219
exclusive_time = 1219
process_id = p6
operationName = MongoFindUser
serviceName = user-review-service
call path = ->/wrk2-api/review/compose_nginx->/wrk2-api/review/compose_nginx->ComposeReview_nginx->UploadMovieId_movie-id-service->UploadRating_rating-service->UploadRating_compose-review-service->UploadUserReview_user-review-service
------------------------------------------------------------------------------------
span = 8
trace_id = 0a8ced566514c9ca
span_id = a99ade73488f1790
parent_id = b9ee1e97104bdd47
start_time = 1682628698141293
end_time = 1682628698141376
inclusive_time = 83
exclusive_time = 83
process_id = p7
operationName = MmcSetMovieId
serviceName = movie-id-service
call path = ->/wrk2-api/review/compose_nginx->/wrk2-api/review/compose_nginx->ComposeReview_nginx->UploadMovieId_movie-id-service
------------------------------------------------------------------------------------
span = 9
trace_id = 0a8ced566514c9ca
span_id = 12b23b69fc867bd5
parent_id = b9ee1e97104bdd47
start_time = 1682628698141042
end_time = 1682628698141146
inclusive_time = 104
exclusive_time = 104
process_id = p7
operationName = MmcGetMovieId
serviceName = movie-id-service
call path = ->/wrk2-api/review/compose_nginx->/wrk2-api/review/compose_nginx->ComposeReview_nginx->UploadMovieId_movie-id-service
------------------------------------------------------------------------------------
