span = 0
trace_id = a7f143220a0a6006
span_id = a7f143220a0a6006
parent_id = None
start_time = 1682628698158000
end_time = 1682628698162860
inclusive_time = 4860
exclusive_time = 1119
process_id = p2
operationName = /wrk2-api/review/compose
serviceName = nginx
------------------------------------------------------------------------------------
span = 1
trace_id = a7f143220a0a6006
span_id = 7141917e1178514d
parent_id = a7f143220a0a6006
start_time = 1682628698159119
end_time = 1682628698162860
inclusive_time = 3741
exclusive_time = 83
process_id = p2
operationName = /wrk2-api/review/compose
serviceName = nginx
------------------------------------------------------------------------------------
span = 2
trace_id = a7f143220a0a6006
span_id = 4ccfc31e583aaced
parent_id = 7141917e1178514d
start_time = 1682628698159151
end_time = 1682628698162809
inclusive_time = 3658
exclusive_time = 310
process_id = p2
operationName = ComposeReview
serviceName = nginx
------------------------------------------------------------------------------------
span = 3
trace_id = a7f143220a0a6006
span_id = 94b2e58a00e96b61
parent_id = 4ccfc31e583aaced
start_time = 1682628698159405
end_time = 1682628698162650
inclusive_time = 3245
exclusive_time = 299
process_id = p7
operationName = UploadMovieId
serviceName = movie-id-service
------------------------------------------------------------------------------------
span = 4
trace_id = a7f143220a0a6006
span_id = f99b38f174f63717
parent_id = 94b2e58a00e96b61
start_time = 1682628698159770
end_time = 1682628698162500
inclusive_time = 2730
exclusive_time = 236
process_id = p1
operationName = UploadRating
serviceName = rating-service
------------------------------------------------------------------------------------
span = 5
trace_id = a7f143220a0a6006
span_id = 1863f8078f492b31
parent_id = f99b38f174f63717
start_time = 1682628698159943
end_time = 1682628698162387
inclusive_time = 2444
exclusive_time = 1229
process_id = p3
operationName = UploadRating
serviceName = compose-review-service
------------------------------------------------------------------------------------
span = 6
trace_id = a7f143220a0a6006
span_id = 292f2455f8880ab5
parent_id = 1863f8078f492b31
start_time = 1682628698161128
end_time = 1682628698162259
inclusive_time = 1131
exclusive_time = 22
process_id = p6
operationName = UploadUserReview
serviceName = user-review-service
------------------------------------------------------------------------------------
span = 7
trace_id = a7f143220a0a6006
span_id = 366ba0a6d3aa2772
parent_id = 292f2455f8880ab5
start_time = 1682628698161150
end_time = 1682628698162263
inclusive_time = 1113
exclusive_time = 1113
process_id = p6
operationName = MongoFindUser
serviceName = user-review-service
------------------------------------------------------------------------------------
span = 8
trace_id = a7f143220a0a6006
span_id = c371756243401599
parent_id = 94b2e58a00e96b61
start_time = 1682628698159609
end_time = 1682628698159728
inclusive_time = 119
exclusive_time = 119
process_id = p7
operationName = MmcSetMovieId
serviceName = movie-id-service
------------------------------------------------------------------------------------
span = 9
trace_id = a7f143220a0a6006
span_id = da87a0c17c7dfd70
parent_id = 94b2e58a00e96b61
start_time = 1682628698159417
end_time = 1682628698159475
inclusive_time = 58
exclusive_time = 58
process_id = p7
operationName = MmcGetMovieId
serviceName = movie-id-service
------------------------------------------------------------------------------------
