span = 0
span_id = 4f2b875c0dfceeaf
parent_id = None
start_time = 1682628698103000
end_time = 1682628698106978
inclusive_time = 3978
exclusive_time = 38
process_id = p7
operationName = /wrk2-api/review/compose
serviceName = nginx
------------------------------------------------------------------------------------
span = 1
span_id = 026f7eb18e7ba9fd
parent_id = 4f2b875c0dfceeaf
start_time = 1682628698103038
end_time = 1682628698106978
inclusive_time = 3940
exclusive_time = 91
process_id = p7
operationName = /wrk2-api/review/compose
serviceName = nginx
------------------------------------------------------------------------------------
span = 2
span_id = 9ec5e9ba9bae65f8
parent_id = 026f7eb18e7ba9fd
start_time = 1682628698103074
end_time = 1682628698106923
inclusive_time = 3849
exclusive_time = 347
process_id = p7
operationName = ComposeReview
serviceName = nginx
------------------------------------------------------------------------------------
span = 3
span_id = c95ceb8edd7eff16
parent_id = 9ec5e9ba9bae65f8
start_time = 1682628698103387
end_time = 1682628698106830
inclusive_time = 3443
exclusive_time = 363
process_id = p4
operationName = UploadMovieId
serviceName = movie-id-service
------------------------------------------------------------------------------------
span = 4
span_id = 540ccebd743949bf
parent_id = c95ceb8edd7eff16
start_time = 1682628698103868
end_time = 1682628698106663
inclusive_time = 2795
exclusive_time = 252
process_id = p6
operationName = UploadRating
serviceName = rating-service
------------------------------------------------------------------------------------
span = 5
span_id = ddb435678f4f5ba5
parent_id = 540ccebd743949bf
start_time = 1682628698104049
end_time = 1682628698106536
inclusive_time = 2487
exclusive_time = 1082
process_id = p2
operationName = UploadRating
serviceName = compose-review-service
------------------------------------------------------------------------------------
span = 6
span_id = 5372a2cf71173c76
parent_id = ddb435678f4f5ba5
start_time = 1682628698105306
end_time = 1682628698106407
inclusive_time = 1101
exclusive_time = 28
process_id = p1
operationName = UploadMovieReview
serviceName = movie-review-service
------------------------------------------------------------------------------------
span = 7
span_id = 1388eb26904a2edf
parent_id = 5372a2cf71173c76
start_time = 1682628698105334
end_time = 1682628698106412
inclusive_time = 1078
exclusive_time = 1078
process_id = p1
operationName = MongoFindMovie
serviceName = movie-review-service
------------------------------------------------------------------------------------
span = 8
span_id = 105701ef05b20c07
parent_id = c95ceb8edd7eff16
start_time = 1682628698103655
end_time = 1682628698103819
inclusive_time = 164
exclusive_time = 164
process_id = p4
operationName = MmcSetMovieId
serviceName = movie-id-service
------------------------------------------------------------------------------------
span = 9
span_id = adaf9d74df5e5516
parent_id = c95ceb8edd7eff16
start_time = 1682628698103404
end_time = 1682628698103504
inclusive_time = 100
exclusive_time = 100
process_id = p4
operationName = MmcGetMovieId
serviceName = movie-id-service
------------------------------------------------------------------------------------
