span = 0
trace_id = 0ca740ecc30d9344
span_id = 0ca740ecc30d9344
parent_id = None
start_time = 1682628697919000
end_time = 1682628697924279
inclusive_time = 5279
exclusive_time = 345
process_id = p7
operationName = /wrk2-api/review/compose
serviceName = nginx
------------------------------------------------------------------------------------
span = 1
trace_id = 0ca740ecc30d9344
span_id = c06a66724c18c974
parent_id = 0ca740ecc30d9344
start_time = 1682628697919345
end_time = 1682628697924279
inclusive_time = 4934
exclusive_time = 105
process_id = p7
operationName = /wrk2-api/review/compose
serviceName = nginx
------------------------------------------------------------------------------------
span = 2
trace_id = 0ca740ecc30d9344
span_id = 866bdeb69018f5ba
parent_id = c06a66724c18c974
start_time = 1682628697919392
end_time = 1682628697924221
inclusive_time = 4829
exclusive_time = 631
process_id = p7
operationName = ComposeReview
serviceName = nginx
------------------------------------------------------------------------------------
span = 3
trace_id = 0ca740ecc30d9344
span_id = 1fc24a23a98e3f04
parent_id = 866bdeb69018f5ba
start_time = 1682628697919686
end_time = 1682628697923795
inclusive_time = 4109
exclusive_time = 404
process_id = p8
operationName = UploadMovieId
serviceName = movie-id-service
------------------------------------------------------------------------------------
span = 4
trace_id = 0ca740ecc30d9344
span_id = bc52c2ce3f97c001
parent_id = 1fc24a23a98e3f04
start_time = 1682628697920272
end_time = 1682628697923608
inclusive_time = 3336
exclusive_time = 427
process_id = p5
operationName = UploadRating
serviceName = rating-service
------------------------------------------------------------------------------------
span = 5
trace_id = 0ca740ecc30d9344
span_id = 607af54d247a3a91
parent_id = bc52c2ce3f97c001
start_time = 1682628697920565
end_time = 1682628697923474
inclusive_time = 2909
exclusive_time = 1535
process_id = p4
operationName = UploadRating
serviceName = compose-review-service
------------------------------------------------------------------------------------
span = 6
trace_id = 0ca740ecc30d9344
span_id = 2fa560ddd0c99324
parent_id = 607af54d247a3a91
start_time = 1682628697921947
end_time = 1682628697923279
inclusive_time = 1332
exclusive_time = 18
process_id = p3
operationName = UploadUserReview
serviceName = user-review-service
------------------------------------------------------------------------------------
span = 7
trace_id = 0ca740ecc30d9344
span_id = 1be4094de90503a9
parent_id = 2fa560ddd0c99324
start_time = 1682628697921965
end_time = 1682628697923283
inclusive_time = 1318
exclusive_time = 1318
process_id = p3
operationName = MongoFindUser
serviceName = user-review-service
------------------------------------------------------------------------------------
span = 8
trace_id = 0ca740ecc30d9344
span_id = 1dca2e5f5144ae78
parent_id = 1fc24a23a98e3f04
start_time = 1682628697919996
end_time = 1682628697920087
inclusive_time = 91
exclusive_time = 91
process_id = p8
operationName = MmcSetMovieId
serviceName = movie-id-service
------------------------------------------------------------------------------------
span = 9
trace_id = 0ca740ecc30d9344
span_id = aa86948b0af7daae
parent_id = 1fc24a23a98e3f04
start_time = 1682628697919705
end_time = 1682628697919835
inclusive_time = 130
exclusive_time = 130
process_id = p8
operationName = MmcGetMovieId
serviceName = movie-id-service
------------------------------------------------------------------------------------
