span 0
span_id = dbe58de6b1589377
parent_id = None
start_time = 1682628698184000
end_time = 1682628698189098
inclusive_time = 5098
exclusive_time = 368
process_id = p7
operationName = /wrk2-api/review/compose
serviceName = None
------------------------------------------------------------------------------------
span 1
span_id = 1561f0b3bb21e9b0
parent_id = dbe58de6b1589377
start_time = 1682628698184368
end_time = 1682628698189098
inclusive_time = 4730
exclusive_time = 105
process_id = p7
operationName = /wrk2-api/review/compose
serviceName = None
------------------------------------------------------------------------------------
span 2
span_id = 4043684996b264da
parent_id = 1561f0b3bb21e9b0
start_time = 1682628698184420
end_time = 1682628698189045
inclusive_time = 4625
exclusive_time = 830
process_id = p7
operationName = ComposeReview
serviceName = None
------------------------------------------------------------------------------------
span 3
span_id = d12172db7aa8154e
parent_id = 4043684996b264da
start_time = 1682628698185124
end_time = 1682628698188423
inclusive_time = 3299
exclusive_time = 231
process_id = p8
operationName = UploadUniqueId
serviceName = None
------------------------------------------------------------------------------------
span 4
span_id = a7f7cfd89ba83f26
parent_id = d12172db7aa8154e
start_time = 1682628698185283
end_time = 1682628698188351
inclusive_time = 3068
exclusive_time = 1765
process_id = p4
operationName = UploadUniqueId
serviceName = None
------------------------------------------------------------------------------------
span 5
span_id = 1e5050b1a2c47f8d
parent_id = a7f7cfd89ba83f26
start_time = 1682628698186999
end_time = 1682628698188166
inclusive_time = 1167
exclusive_time = 19
process_id = p1
operationName = UploadMovieReview
serviceName = None
------------------------------------------------------------------------------------
span 6
span_id = 8bd848e065fe0270
parent_id = 1e5050b1a2c47f8d
start_time = 1682628698187018
end_time = 1682628698188174
inclusive_time = 1156
exclusive_time = 1156
process_id = p1
operationName = MongoFindMovie
serviceName = None
------------------------------------------------------------------------------------
