span = 0
span_id = 46ff4bc4ca0735f0
parent_id = None
start_time = 1682628698248000
end_time = 1682628698253848
inclusive_time = 5848
exclusive_time = 1012
process_id = p3
operationName = /wrk2-api/review/compose
serviceName = nginx
------------------------------------------------------------------------------------
span = 1
span_id = 318e29061359473b
parent_id = 46ff4bc4ca0735f0
start_time = 1682628698249012
end_time = 1682628698253848
inclusive_time = 4836
exclusive_time = 115
process_id = p3
operationName = /wrk2-api/review/compose
serviceName = nginx
------------------------------------------------------------------------------------
span = 2
span_id = 1952a1825747c06f
parent_id = 318e29061359473b
start_time = 1682628698249058
end_time = 1682628698253779
inclusive_time = 4721
exclusive_time = 366
process_id = p3
operationName = ComposeReview
serviceName = nginx
------------------------------------------------------------------------------------
span = 3
span_id = 527345f334093007
parent_id = 1952a1825747c06f
start_time = 1682628698249317
end_time = 1682628698253567
inclusive_time = 4250
exclusive_time = 1079
process_id = p6
operationName = UploadMovieId
serviceName = movie-id-service
------------------------------------------------------------------------------------
span = 4
span_id = d6413dec2ee9ef43
parent_id = 527345f334093007
start_time = 1682628698250617
end_time = 1682628698253421
inclusive_time = 2804
exclusive_time = 378
process_id = p10
operationName = UploadRating
serviceName = rating-service
------------------------------------------------------------------------------------
span = 5
span_id = 40731debee81caaf
parent_id = d6413dec2ee9ef43
start_time = 1682628698250885
end_time = 1682628698253272
inclusive_time = 2387
exclusive_time = 1091
process_id = p5
operationName = UploadRating
serviceName = compose-review-service
------------------------------------------------------------------------------------
span = 6
span_id = 451e43d5ee0ce5a9
parent_id = 40731debee81caaf
start_time = 1682628698252020
end_time = 1682628698253151
inclusive_time = 1131
exclusive_time = 17
process_id = p4
operationName = UploadUserReview
serviceName = user-review-service
------------------------------------------------------------------------------------
span = 7
span_id = e80802ae8bf50437
parent_id = 451e43d5ee0ce5a9
start_time = 1682628698252037
end_time = 1682628698253155
inclusive_time = 1118
exclusive_time = 1118
process_id = p4
operationName = MongoFindUser
serviceName = user-review-service
------------------------------------------------------------------------------------
span = 8
span_id = 8a0e40d9ff511bd9
parent_id = 527345f334093007
start_time = 1682628698250307
end_time = 1682628698250400
inclusive_time = 93
exclusive_time = 93
process_id = p6
operationName = MmcSetMovieId
serviceName = movie-id-service
------------------------------------------------------------------------------------
span = 9
span_id = 42c30ca835accd30
parent_id = 527345f334093007
start_time = 1682628698249330
end_time = 1682628698249436
inclusive_time = 106
exclusive_time = 106
process_id = p6
operationName = MmcGetMovieId
serviceName = movie-id-service
------------------------------------------------------------------------------------
