span = 0
trace_id = e3963b3069b42e95
span_id = e3963b3069b42e95
parent_id = None
start_time = 1682628698103000
end_time = 1682628698107642
inclusive_time = 4642
exclusive_time = 920
process_id = p7
operationName = /wrk2-api/review/compose
serviceName = nginx
call path = 
------------------------------------------------------------------------------------
span = 1
trace_id = e3963b3069b42e95
span_id = 39421e03ae124648
parent_id = e3963b3069b42e95
start_time = 1682628698103920
end_time = 1682628698107642
inclusive_time = 3722
exclusive_time = 110
process_id = p7
operationName = /wrk2-api/review/compose
serviceName = nginx
call path = ->/wrk2-api/review/compose_nginx
------------------------------------------------------------------------------------
span = 2
trace_id = e3963b3069b42e95
span_id = 32090efd297a373f
parent_id = 39421e03ae124648
start_time = 1682628698103968
end_time = 1682628698107580
inclusive_time = 3612
exclusive_time = 305
process_id = p7
operationName = ComposeReview
serviceName = nginx
call path = ->/wrk2-api/review/compose_nginx->/wrk2-api/review/compose_nginx
------------------------------------------------------------------------------------
span = 3
trace_id = e3963b3069b42e95
span_id = 7744ba29984b491a
parent_id = 32090efd297a373f
start_time = 1682628698104307
end_time = 1682628698107496
inclusive_time = 3189
exclusive_time = 343
process_id = p4
operationName = UploadMovieId
serviceName = movie-id-service
call path = ->/wrk2-api/review/compose_nginx->/wrk2-api/review/compose_nginx->ComposeReview_nginx
------------------------------------------------------------------------------------
span = 4
trace_id = e3963b3069b42e95
span_id = dfee96b416e15276
parent_id = 7744ba29984b491a
start_time = 1682628698104759
end_time = 1682628698107357
inclusive_time = 2598
exclusive_time = 230
process_id = p6
operationName = UploadRating
serviceName = rating-service
call path = ->/wrk2-api/review/compose_nginx->/wrk2-api/review/compose_nginx->ComposeReview_nginx->UploadMovieId_movie-id-service
------------------------------------------------------------------------------------
span = 5
trace_id = e3963b3069b42e95
span_id = 25f17ea3095f3562
parent_id = dfee96b416e15276
start_time = 1682628698104919
end_time = 1682628698107241
inclusive_time = 2322
exclusive_time = 1137
process_id = p2
operationName = UploadRating
serviceName = compose-review-service
call path = ->/wrk2-api/review/compose_nginx->/wrk2-api/review/compose_nginx->ComposeReview_nginx->UploadMovieId_movie-id-service->UploadRating_rating-service
------------------------------------------------------------------------------------
span = 6
trace_id = e3963b3069b42e95
span_id = c26fadc24d376a38
parent_id = 25f17ea3095f3562
start_time = 1682628698105968
end_time = 1682628698107127
inclusive_time = 1159
exclusive_time = 26
process_id = p1
operationName = UploadMovieReview
serviceName = movie-review-service
call path = ->/wrk2-api/review/compose_nginx->/wrk2-api/review/compose_nginx->ComposeReview_nginx->UploadMovieId_movie-id-service->UploadRating_rating-service->UploadRating_compose-review-service
------------------------------------------------------------------------------------
span = 7
trace_id = e3963b3069b42e95
span_id = 1b14673cefacf514
parent_id = c26fadc24d376a38
start_time = 1682628698105994
end_time = 1682628698107130
inclusive_time = 1136
exclusive_time = 1136
process_id = p1
operationName = MongoFindMovie
serviceName = movie-review-service
call path = ->/wrk2-api/review/compose_nginx->/wrk2-api/review/compose_nginx->ComposeReview_nginx->UploadMovieId_movie-id-service->UploadRating_rating-service->UploadRating_compose-review-service->UploadMovieReview_movie-review-service
------------------------------------------------------------------------------------
span = 8
trace_id = e3963b3069b42e95
span_id = e0d52d9c91d0b2c6
parent_id = 7744ba29984b491a
start_time = 1682628698104618
end_time = 1682628698104712
inclusive_time = 94
exclusive_time = 94
process_id = p4
operationName = MmcSetMovieId
serviceName = movie-id-service
call path = ->/wrk2-api/review/compose_nginx->/wrk2-api/review/compose_nginx->ComposeReview_nginx->UploadMovieId_movie-id-service
------------------------------------------------------------------------------------
span = 9
trace_id = e3963b3069b42e95
span_id = 8408505f5c7aed09
parent_id = 7744ba29984b491a
start_time = 1682628698104332
end_time = 1682628698104439
inclusive_time = 107
exclusive_time = 107
process_id = p4
operationName = MmcGetMovieId
serviceName = movie-id-service
call path = ->/wrk2-api/review/compose_nginx->/wrk2-api/review/compose_nginx->ComposeReview_nginx->UploadMovieId_movie-id-service
------------------------------------------------------------------------------------
