span 0
span_id = cea243b631c269d6
parent_id = None
start_time = 1682628697955000
end_time = 1682628697959253
inclusive_time = 4253
exclusive_time = 678
process_id = p6
operationName = /wrk2-api/review/compose
serviceName = None
------------------------------------------------------------------------------------
span 1
span_id = 395bc70bb85b9125
parent_id = cea243b631c269d6
start_time = 1682628697955678
end_time = 1682628697959253
inclusive_time = 3575
exclusive_time = 100
process_id = p6
operationName = /wrk2-api/review/compose
serviceName = None
------------------------------------------------------------------------------------
span 2
span_id = 44ff55f787d97335
parent_id = 395bc70bb85b9125
start_time = 1682628697955723
end_time = 1682628697959198
inclusive_time = 3475
exclusive_time = 244
process_id = p6
operationName = ComposeReview
serviceName = None
------------------------------------------------------------------------------------
span 3
span_id = e3ce53c65815f9df
parent_id = 44ff55f787d97335
start_time = 1682628697955973
end_time = 1682628697959125
inclusive_time = 3152
exclusive_time = 495
process_id = p8
operationName = UploadMovieId
serviceName = None
------------------------------------------------------------------------------------
span 4
span_id = 757e7fbfc5c30c32
parent_id = e3ce53c65815f9df
start_time = 1682628697956445
end_time = 1682628697958876
inclusive_time = 2431
exclusive_time = 254
process_id = p4
operationName = UploadRating
serviceName = None
------------------------------------------------------------------------------------
span 5
span_id = 53a566bfcb5d8847
parent_id = 757e7fbfc5c30c32
start_time = 1682628697956620
end_time = 1682628697958749
inclusive_time = 2129
exclusive_time = 979
process_id = p3
operationName = UploadRating
serviceName = None
------------------------------------------------------------------------------------
span 6
span_id = d73be28d3d27efb2
parent_id = 53a566bfcb5d8847
start_time = 1682628697957470
end_time = 1682628697958555
inclusive_time = 1085
exclusive_time = 17
process_id = p7
operationName = UploadMovieReview
serviceName = None
------------------------------------------------------------------------------------
span 7
span_id = b4194c1649813b9c
parent_id = d73be28d3d27efb2
start_time = 1682628697957487
end_time = 1682628697958559
inclusive_time = 1072
exclusive_time = 1072
process_id = p7
operationName = MongoFindMovie
serviceName = None
------------------------------------------------------------------------------------
span 8
span_id = 052e940003a7d25e
parent_id = e3ce53c65815f9df
start_time = 1682628697956287
end_time = 1682628697956379
inclusive_time = 92
exclusive_time = 92
process_id = p8
operationName = MmcSetMovieId
serviceName = None
------------------------------------------------------------------------------------
span 9
span_id = 9dafb62380a678f6
parent_id = e3ce53c65815f9df
start_time = 1682628697955993
end_time = 1682628697956127
inclusive_time = 134
exclusive_time = 134
process_id = p8
operationName = MmcGetMovieId
serviceName = None
------------------------------------------------------------------------------------
