span = 0
trace_id = db4ca660c669f481
span_id = db4ca660c669f481
parent_id = None
start_time = 1682628698115000
end_time = 1682628698120941
inclusive_time = 5941
exclusive_time = 858
process_id = p7
operationName = /wrk2-api/review/compose
serviceName = nginx
call path = 
------------------------------------------------------------------------------------
span = 1
trace_id = db4ca660c669f481
span_id = debf6245bdc93df5
parent_id = db4ca660c669f481
start_time = 1682628698115858
end_time = 1682628698120941
inclusive_time = 5083
exclusive_time = 84
process_id = p7
operationName = /wrk2-api/review/compose
serviceName = nginx
call path = ->/wrk2-api/review/compose_nginx
------------------------------------------------------------------------------------
span = 2
trace_id = db4ca660c669f481
span_id = d46c2fbaec2dc3d8
parent_id = debf6245bdc93df5
start_time = 1682628698115899
end_time = 1682628698120898
inclusive_time = 4999
exclusive_time = 259
process_id = p7
operationName = ComposeReview
serviceName = nginx
call path = ->/wrk2-api/review/compose_nginx->/wrk2-api/review/compose_nginx
------------------------------------------------------------------------------------
span = 3
trace_id = db4ca660c669f481
span_id = 131cb51072bd31d0
parent_id = d46c2fbaec2dc3d8
start_time = 1682628698117070
end_time = 1682628698120818
inclusive_time = 3748
exclusive_time = 544
process_id = p2
operationName = UploadMovieId
serviceName = movie-id-service
call path = ->/wrk2-api/review/compose_nginx->/wrk2-api/review/compose_nginx->ComposeReview_nginx
------------------------------------------------------------------------------------
span = 4
trace_id = db4ca660c669f481
span_id = 443ecb51d499a2b7
parent_id = 131cb51072bd31d0
start_time = 1682628698117636
end_time = 1682628698120628
inclusive_time = 2992
exclusive_time = 325
process_id = p4
operationName = UploadRating
serviceName = rating-service
call path = ->/wrk2-api/review/compose_nginx->/wrk2-api/review/compose_nginx->ComposeReview_nginx->UploadMovieId_movie-id-service
------------------------------------------------------------------------------------
span = 5
trace_id = db4ca660c669f481
span_id = 3a66cdada6b1ee40
parent_id = 443ecb51d499a2b7
start_time = 1682628698117943
end_time = 1682628698120507
inclusive_time = 2564
exclusive_time = 1109
process_id = p5
operationName = UploadRating
serviceName = compose-review-service
call path = ->/wrk2-api/review/compose_nginx->/wrk2-api/review/compose_nginx->ComposeReview_nginx->UploadMovieId_movie-id-service->UploadRating_rating-service
------------------------------------------------------------------------------------
span = 6
trace_id = db4ca660c669f481
span_id = 2d89c88f7822fbb6
parent_id = 3a66cdada6b1ee40
start_time = 1682628698119114
end_time = 1682628698120350
inclusive_time = 1236
exclusive_time = 28
process_id = p3
operationName = UploadUserReview
serviceName = user-review-service
call path = ->/wrk2-api/review/compose_nginx->/wrk2-api/review/compose_nginx->ComposeReview_nginx->UploadMovieId_movie-id-service->UploadRating_rating-service->UploadRating_compose-review-service
------------------------------------------------------------------------------------
span = 7
trace_id = db4ca660c669f481
span_id = 0de1074f516903bb
parent_id = 2d89c88f7822fbb6
start_time = 1682628698119142
end_time = 1682628698120359
inclusive_time = 1217
exclusive_time = 1217
process_id = p3
operationName = MongoFindUser
serviceName = user-review-service
call path = ->/wrk2-api/review/compose_nginx->/wrk2-api/review/compose_nginx->ComposeReview_nginx->UploadMovieId_movie-id-service->UploadRating_rating-service->UploadRating_compose-review-service->UploadUserReview_user-review-service
------------------------------------------------------------------------------------
span = 8
trace_id = db4ca660c669f481
span_id = 909d0c3ab2f1365c
parent_id = 131cb51072bd31d0
start_time = 1682628698117455
end_time = 1682628698117566
inclusive_time = 111
exclusive_time = 111
process_id = p2
operationName = MmcSetMovieId
serviceName = movie-id-service
call path = ->/wrk2-api/review/compose_nginx->/wrk2-api/review/compose_nginx->ComposeReview_nginx->UploadMovieId_movie-id-service
------------------------------------------------------------------------------------
span = 9
trace_id = db4ca660c669f481
span_id = e51025056fade25e
parent_id = 131cb51072bd31d0
start_time = 1682628698117095
end_time = 1682628698117196
inclusive_time = 101
exclusive_time = 101
process_id = p2
operationName = MmcGetMovieId
serviceName = movie-id-service
call path = ->/wrk2-api/review/compose_nginx->/wrk2-api/review/compose_nginx->ComposeReview_nginx->UploadMovieId_movie-id-service
------------------------------------------------------------------------------------
span = 10
trace_id = db4ca660c669f481
span_id = efdc409b3d43e273
parent_id = d46c2fbaec2dc3d8
start_time = 1682628698116403
end_time = 1682628698116936
inclusive_time = 533
exclusive_time = 183
process_id = p10
operationName = UploadText
serviceName = text-service
call path = ->/wrk2-api/review/compose_nginx->/wrk2-api/review/compose_nginx->ComposeReview_nginx
------------------------------------------------------------------------------------
span = 11
trace_id = db4ca660c669f481
span_id = aeafbaff31b10f4d
parent_id = efdc409b3d43e273
start_time = 1682628698116511
end_time = 1682628698116861
inclusive_time = 350
exclusive_time = 350
process_id = p5
operationName = UploadText
serviceName = compose-review-service
call path = ->/wrk2-api/review/compose_nginx->/wrk2-api/review/compose_nginx->ComposeReview_nginx->UploadText_text-service
------------------------------------------------------------------------------------
