span = 0
trace_id = 30c8779d5d1cf404
span_id = 30c8779d5d1cf404
parent_id = None
start_time = 1682628698110000
end_time = 1682628698114942
inclusive_time = 4942
exclusive_time = 516
process_id = p6
operationName = /wrk2-api/review/compose
serviceName = nginx
------------------------------------------------------------------------------------
span = 1
trace_id = 30c8779d5d1cf404
span_id = 665eeabce6bacd8e
parent_id = 30c8779d5d1cf404
start_time = 1682628698110515
end_time = 1682628698114941
inclusive_time = 4426
exclusive_time = 96
process_id = p6
operationName = /wrk2-api/review/compose
serviceName = nginx
------------------------------------------------------------------------------------
span = 2
trace_id = 30c8779d5d1cf404
span_id = 6a4c82fcbaa1eef4
parent_id = 665eeabce6bacd8e
start_time = 1682628698110549
end_time = 1682628698114879
inclusive_time = 4330
exclusive_time = 338
process_id = p6
operationName = ComposeReview
serviceName = nginx
------------------------------------------------------------------------------------
span = 3
trace_id = 30c8779d5d1cf404
span_id = 163856b562104bc9
parent_id = 6a4c82fcbaa1eef4
start_time = 1682628698111099
end_time = 1682628698114765
inclusive_time = 3666
exclusive_time = 280
process_id = p9
operationName = UploadUniqueId
serviceName = unique-id-service
------------------------------------------------------------------------------------
span = 4
trace_id = 30c8779d5d1cf404
span_id = d0f0dec143d9170c
parent_id = 163856b562104bc9
start_time = 1682628698111267
end_time = 1682628698114653
inclusive_time = 3386
exclusive_time = 1415
process_id = p1
operationName = UploadUniqueId
serviceName = compose-review-service
------------------------------------------------------------------------------------
span = 5
trace_id = 30c8779d5d1cf404
span_id = 61be83539a98b5de
parent_id = d0f0dec143d9170c
start_time = 1682628698112606
end_time = 1682628698114477
inclusive_time = 1871
exclusive_time = 25
process_id = p7
operationName = UploadMovieReview
serviceName = movie-review-service
------------------------------------------------------------------------------------
span = 6
trace_id = 30c8779d5d1cf404
span_id = c6a9582f2fec6640
parent_id = 61be83539a98b5de
start_time = 1682628698112631
end_time = 1682628698114481
inclusive_time = 1850
exclusive_time = 1850
process_id = p7
operationName = MongoFindMovie
serviceName = movie-review-service
------------------------------------------------------------------------------------
