span = 0
trace_id = 851e943ff4905731
span_id = 851e943ff4905731
parent_id = None
start_time = 1682628698088000
end_time = 1682628698092084
inclusive_time = 4084
exclusive_time = 801
process_id = p7
operationName = /wrk2-api/review/compose
serviceName = nginx
call path = 
------------------------------------------------------------------------------------
span = 1
trace_id = 851e943ff4905731
span_id = f3145eb06a9fd8e0
parent_id = 851e943ff4905731
start_time = 1682628698088801
end_time = 1682628698092084
inclusive_time = 3283
exclusive_time = 74
process_id = p7
operationName = /wrk2-api/review/compose
serviceName = nginx
call path = ->/wrk2-api/review/compose_nginx
------------------------------------------------------------------------------------
span = 2
trace_id = 851e943ff4905731
span_id = c5bee630370a52e6
parent_id = f3145eb06a9fd8e0
start_time = 1682628698088832
end_time = 1682628698092041
inclusive_time = 3209
exclusive_time = 369
process_id = p7
operationName = ComposeReview
serviceName = nginx
call path = ->/wrk2-api/review/compose_nginx->/wrk2-api/review/compose_nginx
------------------------------------------------------------------------------------
span = 3
trace_id = 851e943ff4905731
span_id = 29d5414fed9fb991
parent_id = c5bee630370a52e6
start_time = 1682628698089091
end_time = 1682628698091849
inclusive_time = 2758
exclusive_time = 331
process_id = p4
operationName = UploadMovieId
serviceName = movie-id-service
call path = ->/wrk2-api/review/compose_nginx->/wrk2-api/review/compose_nginx->ComposeReview_nginx
------------------------------------------------------------------------------------
span = 4
trace_id = 851e943ff4905731
span_id = ff4c97dc34612751
parent_id = 29d5414fed9fb991
start_time = 1682628698089483
end_time = 1682628698091739
inclusive_time = 2256
exclusive_time = 267
process_id = p6
operationName = UploadRating
serviceName = rating-service
call path = ->/wrk2-api/review/compose_nginx->/wrk2-api/review/compose_nginx->ComposeReview_nginx->UploadMovieId_movie-id-service
------------------------------------------------------------------------------------
span = 5
trace_id = 851e943ff4905731
span_id = 97da3386724554a5
parent_id = ff4c97dc34612751
start_time = 1682628698089689
end_time = 1682628698091637
inclusive_time = 1948
exclusive_time = 744
process_id = p2
operationName = UploadRating
serviceName = compose-review-service
call path = ->/wrk2-api/review/compose_nginx->/wrk2-api/review/compose_nginx->ComposeReview_nginx->UploadMovieId_movie-id-service->UploadRating_rating-service
------------------------------------------------------------------------------------
span = 6
trace_id = 851e943ff4905731
span_id = 9c2f2038c5ba4200
parent_id = 97da3386724554a5
start_time = 1682628698090349
end_time = 1682628698091523
inclusive_time = 1174
exclusive_time = 18
process_id = p5
operationName = UploadUserReview
serviceName = user-review-service
call path = ->/wrk2-api/review/compose_nginx->/wrk2-api/review/compose_nginx->ComposeReview_nginx->UploadMovieId_movie-id-service->UploadRating_rating-service->UploadRating_compose-review-service
------------------------------------------------------------------------------------
span = 7
trace_id = 851e943ff4905731
span_id = d2378d726b76b685
parent_id = 9c2f2038c5ba4200
start_time = 1682628698090367
end_time = 1682628698091526
inclusive_time = 1159
exclusive_time = 1159
process_id = p5
operationName = MongoFindUser
serviceName = user-review-service
call path = ->/wrk2-api/review/compose_nginx->/wrk2-api/review/compose_nginx->ComposeReview_nginx->UploadMovieId_movie-id-service->UploadRating_rating-service->UploadRating_compose-review-service->UploadUserReview_user-review-service
------------------------------------------------------------------------------------
span = 8
trace_id = 851e943ff4905731
span_id = 8f9f65f59ac297e2
parent_id = 29d5414fed9fb991
start_time = 1682628698089103
end_time = 1682628698089196
inclusive_time = 93
exclusive_time = 93
process_id = p4
operationName = MmcGetMovieId
serviceName = movie-id-service
call path = ->/wrk2-api/review/compose_nginx->/wrk2-api/review/compose_nginx->ComposeReview_nginx->UploadMovieId_movie-id-service
------------------------------------------------------------------------------------
