span = 0
trace_id = 88d7e0dd649ad58a
span_id = 88d7e0dd649ad58a
parent_id = None
start_time = 1682628698003000
end_time = 1682628698008679
inclusive_time = 5679
exclusive_time = 344
process_id = p3
operationName = /wrk2-api/review/compose
serviceName = nginx
------------------------------------------------------------------------------------
span = 1
trace_id = 88d7e0dd649ad58a
span_id = 245714144c59128e
parent_id = 88d7e0dd649ad58a
start_time = 1682628698003344
end_time = 1682628698008679
inclusive_time = 5335
exclusive_time = 116
process_id = p3
operationName = /wrk2-api/review/compose
serviceName = nginx
------------------------------------------------------------------------------------
span = 2
trace_id = 88d7e0dd649ad58a
span_id = 529d0161e5f00bae
parent_id = 245714144c59128e
start_time = 1682628698003402
end_time = 1682628698008621
inclusive_time = 5219
exclusive_time = 348
process_id = p3
operationName = ComposeReview
serviceName = nginx
------------------------------------------------------------------------------------
span = 3
trace_id = 88d7e0dd649ad58a
span_id = 4a288d15869ce026
parent_id = 529d0161e5f00bae
start_time = 1682628698004709
end_time = 1682628698008531
inclusive_time = 3822
exclusive_time = 187
process_id = p10
operationName = UploadText
serviceName = text-service
------------------------------------------------------------------------------------
span = 4
trace_id = 88d7e0dd649ad58a
span_id = d2f4eaf6ffb42f2b
parent_id = 4a288d15869ce026
start_time = 1682628698004814
end_time = 1682628698008449
inclusive_time = 3635
exclusive_time = 2222
process_id = p5
operationName = UploadText
serviceName = compose-review-service
------------------------------------------------------------------------------------
span = 5
trace_id = 88d7e0dd649ad58a
span_id = fe8d0cbfe40a362d
parent_id = d2f4eaf6ffb42f2b
start_time = 1682628698006956
end_time = 1682628698008329
inclusive_time = 1373
exclusive_time = 20
process_id = p6
operationName = UploadUserReview
serviceName = user-review-service
------------------------------------------------------------------------------------
span = 6
trace_id = 88d7e0dd649ad58a
span_id = 9b0cc42a58d0d16b
parent_id = fe8d0cbfe40a362d
start_time = 1682628698006976
end_time = 1682628698008334
inclusive_time = 1358
exclusive_time = 1358
process_id = p6
operationName = MongoFindUser
serviceName = user-review-service
------------------------------------------------------------------------------------
span = 7
trace_id = 88d7e0dd649ad58a
span_id = 9a55c1caad949466
parent_id = 529d0161e5f00bae
start_time = 1682628698003660
end_time = 1682628698004494
inclusive_time = 834
exclusive_time = 246
process_id = p8
operationName = UploadUserWithUsername
serviceName = user-service
------------------------------------------------------------------------------------
span = 8
trace_id = 88d7e0dd649ad58a
span_id = 9d8c048e3f745479
parent_id = 9a55c1caad949466
start_time = 1682628698003925
end_time = 1682628698004418
inclusive_time = 493
exclusive_time = 493
process_id = p5
operationName = UploadUserId
serviceName = compose-review-service
------------------------------------------------------------------------------------
span = 9
trace_id = 88d7e0dd649ad58a
span_id = 915ba4f64bdb596b
parent_id = 9a55c1caad949466
start_time = 1682628698003674
end_time = 1682628698003769
inclusive_time = 95
exclusive_time = 95
process_id = p8
operationName = MmcGetUserId
serviceName = user-service
------------------------------------------------------------------------------------
