span 0
span_id = 597856c804d36a4a
parent_id = None
start_time = 1682628698163000
end_time = 1682628698167126
inclusive_time = 4126
exclusive_time = 441
process_id = p8
operationName = /wrk2-api/review/compose
serviceName = None
------------------------------------------------------------------------------------
span 1
span_id = c3b636449f6e6ce9
parent_id = 597856c804d36a4a
start_time = 1682628698163441
end_time = 1682628698167126
inclusive_time = 3685
exclusive_time = 97
process_id = p8
operationName = /wrk2-api/review/compose
serviceName = None
------------------------------------------------------------------------------------
span 2
span_id = a293fd0e4b993f5e
parent_id = c3b636449f6e6ce9
start_time = 1682628698163482
end_time = 1682628698167070
inclusive_time = 3588
exclusive_time = 267
process_id = p8
operationName = ComposeReview
serviceName = None
------------------------------------------------------------------------------------
span 3
span_id = 7edcd5676b28edfe
parent_id = a293fd0e4b993f5e
start_time = 1682628698163776
end_time = 1682628698166985
inclusive_time = 3209
exclusive_time = 272
process_id = p6
operationName = UploadMovieId
serviceName = None
------------------------------------------------------------------------------------
span 4
span_id = 69edf3b023e54036
parent_id = 7edcd5676b28edfe
start_time = 1682628698164206
end_time = 1682628698166865
inclusive_time = 2659
exclusive_time = 268
process_id = p1
operationName = UploadRating
serviceName = None
------------------------------------------------------------------------------------
span 5
span_id = 6bb5822036ab7d27
parent_id = 69edf3b023e54036
start_time = 1682628698164426
end_time = 1682628698166731
inclusive_time = 2305
exclusive_time = 1104
process_id = p2
operationName = UploadRating
serviceName = None
------------------------------------------------------------------------------------
span 6
span_id = be92acd240aa8073
parent_id = 6bb5822036ab7d27
start_time = 1682628698165321
end_time = 1682628698166468
inclusive_time = 1147
exclusive_time = 27
process_id = p3
operationName = UploadMovieReview
serviceName = None
------------------------------------------------------------------------------------
span 7
span_id = 37a1de6a92101646
parent_id = be92acd240aa8073
start_time = 1682628698165348
end_time = 1682628698166477
inclusive_time = 1129
exclusive_time = 1129
process_id = p3
operationName = MongoFindMovie
serviceName = None
------------------------------------------------------------------------------------
span 8
span_id = 479132316271d161
parent_id = 7edcd5676b28edfe
start_time = 1682628698164019
end_time = 1682628698164144
inclusive_time = 125
exclusive_time = 125
process_id = p6
operationName = MmcSetMovieId
serviceName = None
------------------------------------------------------------------------------------
span 9
span_id = 09266fae6140ad0b
parent_id = 7edcd5676b28edfe
start_time = 1682628698163792
end_time = 1682628698163887
inclusive_time = 95
exclusive_time = 95
process_id = p6
operationName = MmcGetMovieId
serviceName = None
------------------------------------------------------------------------------------
