span = 0
span_id = b498d62999444d47
parent_id = None
start_time = 1682628697957000
end_time = 1682628697961845
inclusive_time = 4845
exclusive_time = 463
process_id = p8
operationName = /wrk2-api/review/compose
serviceName = nginx
------------------------------------------------------------------------------------
span = 1
span_id = c41d8f0097d20bc4
parent_id = b498d62999444d47
start_time = 1682628697957462
end_time = 1682628697961844
inclusive_time = 4382
exclusive_time = 100
process_id = p8
operationName = /wrk2-api/review/compose
serviceName = nginx
------------------------------------------------------------------------------------
span = 2
span_id = a2e99da5797678bc
parent_id = c41d8f0097d20bc4
start_time = 1682628697957500
end_time = 1682628697961782
inclusive_time = 4282
exclusive_time = 340
process_id = p8
operationName = ComposeReview
serviceName = nginx
------------------------------------------------------------------------------------
span = 3
span_id = cf6dc92aa19b4784
parent_id = a2e99da5797678bc
start_time = 1682628697957812
end_time = 1682628697961632
inclusive_time = 3820
exclusive_time = 396
process_id = p7
operationName = UploadMovieId
serviceName = movie-id-service
------------------------------------------------------------------------------------
span = 4
span_id = 7f40fac159fa7d7c
parent_id = cf6dc92aa19b4784
start_time = 1682628697958311
end_time = 1682628697961507
inclusive_time = 3196
exclusive_time = 238
process_id = p4
operationName = UploadRating
serviceName = rating-service
------------------------------------------------------------------------------------
span = 5
span_id = 1eb6ba557ec3cab6
parent_id = 7f40fac159fa7d7c
start_time = 1682628697958572
end_time = 1682628697961369
inclusive_time = 2797
exclusive_time = 1402
process_id = p3
operationName = UploadRating
serviceName = compose-review-service
------------------------------------------------------------------------------------
span = 6
span_id = 7aa5622ae1e93f64
parent_id = 1eb6ba557ec3cab6
start_time = 1682628697959913
end_time = 1682628697961078
inclusive_time = 1165
exclusive_time = 27
process_id = p2
operationName = UploadUserReview
serviceName = user-review-service
------------------------------------------------------------------------------------
span = 7
span_id = 5f0b3d5dfcab9162
parent_id = 7aa5622ae1e93f64
start_time = 1682628697959940
end_time = 1682628697961083
inclusive_time = 1143
exclusive_time = 1143
process_id = p2
operationName = MongoFindUser
serviceName = user-review-service
------------------------------------------------------------------------------------
span = 8
span_id = 477f2c725e2145ca
parent_id = cf6dc92aa19b4784
start_time = 1682628697958173
end_time = 1682628697958263
inclusive_time = 90
exclusive_time = 90
process_id = p7
operationName = MmcSetMovieId
serviceName = movie-id-service
------------------------------------------------------------------------------------
span = 9
span_id = eda0054d2798d47e
parent_id = cf6dc92aa19b4784
start_time = 1682628697957830
end_time = 1682628697957920
inclusive_time = 90
exclusive_time = 90
process_id = p7
operationName = MmcGetMovieId
serviceName = movie-id-service
------------------------------------------------------------------------------------
