span 0
span_id = e9b0b492194aec48
parent_id = None
start_time = 1682628698020000
end_time = 1682628698025802
inclusive_time = 5802
exclusive_time = 748
process_id = p3
operationName = /wrk2-api/review/compose
serviceName = None
------------------------------------------------------------------------------------
span 1
span_id = 5e6f2158f4db2824
parent_id = e9b0b492194aec48
start_time = 1682628698020748
end_time = 1682628698025802
inclusive_time = 5054
exclusive_time = 110
process_id = p3
operationName = /wrk2-api/review/compose
serviceName = None
------------------------------------------------------------------------------------
span 2
span_id = 9099d4a876d8a59f
parent_id = 5e6f2158f4db2824
start_time = 1682628698020794
end_time = 1682628698025738
inclusive_time = 4944
exclusive_time = 1023
process_id = p3
operationName = ComposeReview
serviceName = None
------------------------------------------------------------------------------------
span 3
span_id = 993c0898365bbaf9
parent_id = 9099d4a876d8a59f
start_time = 1682628698021084
end_time = 1682628698024919
inclusive_time = 3835
exclusive_time = 287
process_id = p2
operationName = UploadMovieId
serviceName = None
------------------------------------------------------------------------------------
span 4
span_id = 6a3804e127118da3
parent_id = 993c0898365bbaf9
start_time = 1682628698021576
end_time = 1682628698024810
inclusive_time = 3234
exclusive_time = 352
process_id = p9
operationName = UploadRating
serviceName = None
------------------------------------------------------------------------------------
span 5
span_id = 1722061cd1360839
parent_id = 6a3804e127118da3
start_time = 1682628698021726
end_time = 1682628698024608
inclusive_time = 2882
exclusive_time = 1502
process_id = p4
operationName = UploadRating
serviceName = None
------------------------------------------------------------------------------------
span 6
span_id = f17fc646b49f1f44
parent_id = 1722061cd1360839
start_time = 1682628698022784
end_time = 1682628698024140
inclusive_time = 1356
exclusive_time = 51
process_id = p6
operationName = UploadUserReview
serviceName = None
------------------------------------------------------------------------------------
span 7
span_id = 5f259d1e876f8a5c
parent_id = f17fc646b49f1f44
start_time = 1682628698022835
end_time = 1682628698024144
inclusive_time = 1309
exclusive_time = 1309
process_id = p6
operationName = MongoFindUser
serviceName = None
------------------------------------------------------------------------------------
span 8
span_id = 1741a00e1bcf3c76
parent_id = 993c0898365bbaf9
start_time = 1682628698021332
end_time = 1682628698021424
inclusive_time = 92
exclusive_time = 92
process_id = p2
operationName = MmcSetMovieId
serviceName = None
------------------------------------------------------------------------------------
span 9
span_id = 8cab197f3e8acbae
parent_id = 993c0898365bbaf9
start_time = 1682628698021101
end_time = 1682628698021199
inclusive_time = 98
exclusive_time = 98
process_id = p2
operationName = MmcGetMovieId
serviceName = None
------------------------------------------------------------------------------------
