span = 0
span_id = 9f4f1d55721f96ff
parent_id = None
start_time = 1682628698072000
end_time = 1682628698076524
inclusive_time = 4524
exclusive_time = 788
process_id = p7
operationName = /wrk2-api/review/compose
serviceName = nginx
------------------------------------------------------------------------------------
span = 1
span_id = 1dbcebff357d281d
parent_id = 9f4f1d55721f96ff
start_time = 1682628698072788
end_time = 1682628698076524
inclusive_time = 3736
exclusive_time = 82
process_id = p7
operationName = /wrk2-api/review/compose
serviceName = nginx
------------------------------------------------------------------------------------
span = 2
span_id = 6a7cf31c1f6c8f83
parent_id = 1dbcebff357d281d
start_time = 1682628698072823
end_time = 1682628698076477
inclusive_time = 3654
exclusive_time = 362
process_id = p7
operationName = ComposeReview
serviceName = nginx
------------------------------------------------------------------------------------
span = 3
span_id = 827d0529df56b815
parent_id = 6a7cf31c1f6c8f83
start_time = 1682628698073287
end_time = 1682628698076403
inclusive_time = 3116
exclusive_time = 599
process_id = p3
operationName = UploadUserWithUsername
serviceName = user-service
------------------------------------------------------------------------------------
span = 4
span_id = e491a583cc81f44c
parent_id = 827d0529df56b815
start_time = 1682628698073934
end_time = 1682628698076341
inclusive_time = 2407
exclusive_time = 1024
process_id = p2
operationName = UploadUserId
serviceName = compose-review-service
------------------------------------------------------------------------------------
span = 5
span_id = 2dce6a10fb190537
parent_id = e491a583cc81f44c
start_time = 1682628698074913
end_time = 1682628698076236
inclusive_time = 1323
exclusive_time = 22
process_id = p1
operationName = UploadMovieReview
serviceName = movie-review-service
------------------------------------------------------------------------------------
span = 6
span_id = 1569b4f903a7fba1
parent_id = 2dce6a10fb190537
start_time = 1682628698074935
end_time = 1682628698076239
inclusive_time = 1304
exclusive_time = 1304
process_id = p1
operationName = MongoFindMovie
serviceName = movie-review-service
------------------------------------------------------------------------------------
span = 7
span_id = a73e2ad02838a79a
parent_id = 827d0529df56b815
start_time = 1682628698073305
end_time = 1682628698073415
inclusive_time = 110
exclusive_time = 110
process_id = p3
operationName = MmcGetUserId
serviceName = user-service
------------------------------------------------------------------------------------
