span 0
span_id = 8beae78b31b3a3f5
parent_id = None
start_time = 1682628698053000
end_time = 1682628698057590
inclusive_time = 4590
exclusive_time = 885
process_id = p3
operationName = /wrk2-api/review/compose
serviceName = None
------------------------------------------------------------------------------------
span 1
span_id = 61fd106a06db7afd
parent_id = 8beae78b31b3a3f5
start_time = 1682628698053884
end_time = 1682628698057589
inclusive_time = 3705
exclusive_time = 98
process_id = p3
operationName = /wrk2-api/review/compose
serviceName = None
------------------------------------------------------------------------------------
span 2
span_id = e48a0ca3e19d8370
parent_id = 61fd106a06db7afd
start_time = 1682628698053929
end_time = 1682628698057536
inclusive_time = 3607
exclusive_time = 217
process_id = p3
operationName = ComposeReview
serviceName = None
------------------------------------------------------------------------------------
span 3
span_id = 9411a81d74ad0271
parent_id = e48a0ca3e19d8370
start_time = 1682628698054769
end_time = 1682628698057478
inclusive_time = 2709
exclusive_time = 233
process_id = p2
operationName = UploadUniqueId
serviceName = None
------------------------------------------------------------------------------------
span 4
span_id = 7052cf0e5e27b60a
parent_id = 9411a81d74ad0271
start_time = 1682628698054935
end_time = 1682628698057411
inclusive_time = 2476
exclusive_time = 1222
process_id = p5
operationName = UploadUniqueId
serviceName = None
------------------------------------------------------------------------------------
span 5
span_id = abdbbf4fd8b7bab0
parent_id = 7052cf0e5e27b60a
start_time = 1682628698056185
end_time = 1682628698057310
inclusive_time = 1125
exclusive_time = 26
process_id = p1
operationName = UploadUserReview
serviceName = None
------------------------------------------------------------------------------------
span 6
span_id = 66e907b709adeaa6
parent_id = abdbbf4fd8b7bab0
start_time = 1682628698056211
end_time = 1682628698057313
inclusive_time = 1102
exclusive_time = 1102
process_id = p1
operationName = MongoFindUser
serviceName = None
------------------------------------------------------------------------------------
span 7
span_id = 3cbd8bd79c076188
parent_id = e48a0ca3e19d8370
start_time = 1682628698054249
end_time = 1682628698054750
inclusive_time = 501
exclusive_time = 194
process_id = p10
operationName = UploadText
serviceName = None
------------------------------------------------------------------------------------
span 8
span_id = d47c253421650448
parent_id = 3cbd8bd79c076188
start_time = 1682628698054350
end_time = 1682628698054657
inclusive_time = 307
exclusive_time = 307
process_id = p5
operationName = UploadText
serviceName = None
------------------------------------------------------------------------------------
