span = 0
trace_id = 780c5ad26b4c9455
span_id = 780c5ad26b4c9455
parent_id = None
start_time = 1682628697920000
end_time = 1682628697924248
inclusive_time = 4248
exclusive_time = 530
process_id = p8
operationName = /wrk2-api/review/compose
serviceName = nginx
------------------------------------------------------------------------------------
span = 1
trace_id = 780c5ad26b4c9455
span_id = ec0c40d7cc6d9d2b
parent_id = 780c5ad26b4c9455
start_time = 1682628697920530
end_time = 1682628697924248
inclusive_time = 3718
exclusive_time = 191
process_id = p8
operationName = /wrk2-api/review/compose
serviceName = nginx
------------------------------------------------------------------------------------
span = 2
trace_id = 780c5ad26b4c9455
span_id = 79c6be4a345cede2
parent_id = ec0c40d7cc6d9d2b
start_time = 1682628697920578
end_time = 1682628697924105
inclusive_time = 3527
exclusive_time = 395
process_id = p8
operationName = ComposeReview
serviceName = nginx
------------------------------------------------------------------------------------
span = 3
trace_id = 780c5ad26b4c9455
span_id = 20e81354327e07e5
parent_id = 79c6be4a345cede2
start_time = 1682628697921183
end_time = 1682628697924009
inclusive_time = 2826
exclusive_time = 283
process_id = p2
operationName = UploadUserWithUsername
serviceName = user-service
------------------------------------------------------------------------------------
span = 4
trace_id = 780c5ad26b4c9455
span_id = f359b4c91b3f655f
parent_id = 20e81354327e07e5
start_time = 1682628697921505
end_time = 1682628697923924
inclusive_time = 2419
exclusive_time = 958
process_id = p4
operationName = UploadUserId
serviceName = compose-review-service
------------------------------------------------------------------------------------
span = 5
trace_id = 780c5ad26b4c9455
span_id = 45e94d4c38a179be
parent_id = f359b4c91b3f655f
start_time = 1682628697922345
end_time = 1682628697923764
inclusive_time = 1419
exclusive_time = 25
process_id = p3
operationName = UploadUserReview
serviceName = user-review-service
------------------------------------------------------------------------------------
span = 6
trace_id = 780c5ad26b4c9455
span_id = cd73a954001c9cd8
parent_id = 45e94d4c38a179be
start_time = 1682628697922370
end_time = 1682628697923769
inclusive_time = 1399
exclusive_time = 1399
process_id = p3
operationName = MongoFindUser
serviceName = user-review-service
------------------------------------------------------------------------------------
span = 7
trace_id = 780c5ad26b4c9455
span_id = 9bcc9a6178287b45
parent_id = 20e81354327e07e5
start_time = 1682628697921203
end_time = 1682628697921327
inclusive_time = 124
exclusive_time = 124
process_id = p2
operationName = MmcGetUserId
serviceName = user-service
------------------------------------------------------------------------------------
