span = 0
trace_id = 15b19fc511e7d3d8
span_id = 15b19fc511e7d3d8
parent_id = None
start_time = 1682628698253000
end_time = 1682628698257061
inclusive_time = 4061
exclusive_time = 26
process_id = p3
operationName = /wrk2-api/review/compose
serviceName = nginx
------------------------------------------------------------------------------------
span = 1
trace_id = 15b19fc511e7d3d8
span_id = e3de65b745a07a4c
parent_id = 15b19fc511e7d3d8
start_time = 1682628698253026
end_time = 1682628698257061
inclusive_time = 4035
exclusive_time = 112
process_id = p3
operationName = /wrk2-api/review/compose
serviceName = nginx
------------------------------------------------------------------------------------
span = 2
trace_id = 15b19fc511e7d3d8
span_id = bc2ce8dd8ecf8485
parent_id = e3de65b745a07a4c
start_time = 1682628698253070
end_time = 1682628698256993
inclusive_time = 3923
exclusive_time = 320
process_id = p3
operationName = ComposeReview
serviceName = nginx
------------------------------------------------------------------------------------
span = 3
trace_id = 15b19fc511e7d3d8
span_id = 62506da932ced5dd
parent_id = bc2ce8dd8ecf8485
start_time = 1682628698253384
end_time = 1682628698256886
inclusive_time = 3502
exclusive_time = 395
process_id = p6
operationName = UploadMovieId
serviceName = movie-id-service
------------------------------------------------------------------------------------
span = 4
trace_id = 15b19fc511e7d3d8
span_id = 2876b6385c56c305
parent_id = 62506da932ced5dd
start_time = 1682628698253910
end_time = 1682628698256734
inclusive_time = 2824
exclusive_time = 315
process_id = p10
operationName = UploadRating
serviceName = rating-service
------------------------------------------------------------------------------------
span = 5
trace_id = 15b19fc511e7d3d8
span_id = ce4533c7015288f6
parent_id = 2876b6385c56c305
start_time = 1682628698254110
end_time = 1682628698256591
inclusive_time = 2481
exclusive_time = 1039
process_id = p5
operationName = UploadRating
serviceName = compose-review-service
------------------------------------------------------------------------------------
span = 6
trace_id = 15b19fc511e7d3d8
span_id = 0eb8c4ccdb58ef43
parent_id = ce4533c7015288f6
start_time = 1682628698255121
end_time = 1682628698256467
inclusive_time = 1346
exclusive_time = 19
process_id = p4
operationName = UploadUserReview
serviceName = user-review-service
------------------------------------------------------------------------------------
span = 7
trace_id = 15b19fc511e7d3d8
span_id = a3fba8fe1bc591f3
parent_id = 0eb8c4ccdb58ef43
start_time = 1682628698255140
end_time = 1682628698256473
inclusive_time = 1333
exclusive_time = 1333
process_id = p4
operationName = MongoFindUser
serviceName = user-review-service
------------------------------------------------------------------------------------
span = 8
trace_id = 15b19fc511e7d3d8
span_id = 894129a09ea9ded1
parent_id = 62506da932ced5dd
start_time = 1682628698253768
end_time = 1682628698253875
inclusive_time = 107
exclusive_time = 107
process_id = p6
operationName = MmcSetMovieId
serviceName = movie-id-service
------------------------------------------------------------------------------------
span = 9
trace_id = 15b19fc511e7d3d8
span_id = 6a67f48a6ae7798b
parent_id = 62506da932ced5dd
start_time = 1682628698253401
end_time = 1682628698253542
inclusive_time = 141
exclusive_time = 141
process_id = p6
operationName = MmcGetMovieId
serviceName = movie-id-service
------------------------------------------------------------------------------------
