span = 0
span_id = 6f56e284cef808f8
parent_id = None
start_time = 1682628698144000
end_time = 1682628698150772
inclusive_time = 6772
exclusive_time = 474
process_id = p2
operationName = /wrk2-api/review/compose
serviceName = nginx
------------------------------------------------------------------------------------
span = 1
span_id = 5ad5f98cab6bd423
parent_id = 6f56e284cef808f8
start_time = 1682628698144474
end_time = 1682628698150772
inclusive_time = 6298
exclusive_time = 93
process_id = p2
operationName = /wrk2-api/review/compose
serviceName = nginx
------------------------------------------------------------------------------------
span = 2
span_id = e3ded60ee723de28
parent_id = 5ad5f98cab6bd423
start_time = 1682628698144510
end_time = 1682628698150715
inclusive_time = 6205
exclusive_time = 1198
process_id = p2
operationName = ComposeReview
serviceName = nginx
------------------------------------------------------------------------------------
span = 3
span_id = 1c4375de3be12686
parent_id = e3ded60ee723de28
start_time = 1682628698144806
end_time = 1682628698149813
inclusive_time = 5007
exclusive_time = 415
process_id = p7
operationName = UploadMovieId
serviceName = movie-id-service
------------------------------------------------------------------------------------
span = 4
span_id = 3434ad9e7495edb2
parent_id = 1c4375de3be12686
start_time = 1682628698145369
end_time = 1682628698149696
inclusive_time = 4327
exclusive_time = 549
process_id = p1
operationName = UploadRating
serviceName = rating-service
------------------------------------------------------------------------------------
span = 5
span_id = 82f359378ec7f7ff
parent_id = 3434ad9e7495edb2
start_time = 1682628698145619
end_time = 1682628698149280
inclusive_time = 3661
exclusive_time = 2365
process_id = p3
operationName = UploadRating
serviceName = compose-review-service
------------------------------------------------------------------------------------
span = 6
span_id = fcc4a56044beb88f
parent_id = 82f359378ec7f7ff
start_time = 1682628698147524
end_time = 1682628698148780
inclusive_time = 1256
exclusive_time = 29
process_id = p4
operationName = UploadMovieReview
serviceName = movie-review-service
------------------------------------------------------------------------------------
span = 7
span_id = cdb6bbc99da57d23
parent_id = fcc4a56044beb88f
start_time = 1682628698147553
end_time = 1682628698148936
inclusive_time = 1383
exclusive_time = 1383
process_id = p4
operationName = MongoFindMovie
serviceName = movie-review-service
------------------------------------------------------------------------------------
span = 8
span_id = b2e9bd71145d1013
parent_id = 1c4375de3be12686
start_time = 1682628698145148
end_time = 1682628698145268
inclusive_time = 120
exclusive_time = 120
process_id = p7
operationName = MmcSetMovieId
serviceName = movie-id-service
------------------------------------------------------------------------------------
span = 9
span_id = 86e06df05105b719
parent_id = 1c4375de3be12686
start_time = 1682628698144828
end_time = 1682628698144972
inclusive_time = 144
exclusive_time = 144
process_id = p7
operationName = MmcGetMovieId
serviceName = movie-id-service
------------------------------------------------------------------------------------
