span = 0
trace_id = fee0b21058d74807
span_id = fee0b21058d74807
parent_id = None
start_time = 1682628697856000
end_time = 1682628697860806
inclusive_time = 4806
exclusive_time = 1136
process_id = p5
operationName = /wrk2-api/review/compose
serviceName = nginx
------------------------------------------------------------------------------------
span = 1
trace_id = fee0b21058d74807
span_id = cfc2bc7ae4d1e0ed
parent_id = fee0b21058d74807
start_time = 1682628697857136
end_time = 1682628697860806
inclusive_time = 3670
exclusive_time = 92
process_id = p5
operationName = /wrk2-api/review/compose
serviceName = nginx
------------------------------------------------------------------------------------
span = 2
trace_id = fee0b21058d74807
span_id = 5bad84ba43a17cb1
parent_id = cfc2bc7ae4d1e0ed
start_time = 1682628697857169
end_time = 1682628697860747
inclusive_time = 3578
exclusive_time = 331
process_id = p5
operationName = ComposeReview
serviceName = nginx
------------------------------------------------------------------------------------
span = 3
trace_id = fee0b21058d74807
span_id = 31a49e5171401b4c
parent_id = 5bad84ba43a17cb1
start_time = 1682628697858231
end_time = 1682628697860606
inclusive_time = 2375
exclusive_time = 238
process_id = p10
operationName = UploadUniqueId
serviceName = unique-id-service
------------------------------------------------------------------------------------
span = 4
trace_id = fee0b21058d74807
span_id = 0ee38f432fef1c48
parent_id = 31a49e5171401b4c
start_time = 1682628697858401
end_time = 1682628697860538
inclusive_time = 2137
exclusive_time = 1023
process_id = p3
operationName = UploadUniqueId
serviceName = compose-review-service
------------------------------------------------------------------------------------
span = 5
trace_id = fee0b21058d74807
span_id = c9012c83083c1e5a
parent_id = 0ee38f432fef1c48
start_time = 1682628697859330
end_time = 1682628697860378
inclusive_time = 1048
exclusive_time = 17
process_id = p6
operationName = UploadMovieReview
serviceName = movie-review-service
------------------------------------------------------------------------------------
span = 6
trace_id = fee0b21058d74807
span_id = 8ec07f7ac0418973
parent_id = c9012c83083c1e5a
start_time = 1682628697859347
end_time = 1682628697860382
inclusive_time = 1035
exclusive_time = 1035
process_id = p6
operationName = MongoFindMovie
serviceName = movie-review-service
------------------------------------------------------------------------------------
span = 7
trace_id = fee0b21058d74807
span_id = 74e9bbf3f9090235
parent_id = 5bad84ba43a17cb1
start_time = 1682628697857485
end_time = 1682628697858032
inclusive_time = 547
exclusive_time = 162
process_id = p9
operationName = UploadText
serviceName = text-service
------------------------------------------------------------------------------------
span = 8
trace_id = fee0b21058d74807
span_id = 5beba81bc536f87d
parent_id = 74e9bbf3f9090235
start_time = 1682628697857577
end_time = 1682628697857962
inclusive_time = 385
exclusive_time = 385
process_id = p3
operationName = UploadText
serviceName = compose-review-service
------------------------------------------------------------------------------------
