span = 0
trace_id = b00a075ec5b045a8
span_id = b00a075ec5b045a8
parent_id = None
start_time = 1682628697896000
end_time = 1682628697902878
inclusive_time = 6878
exclusive_time = 1530
process_id = p3
operationName = /wrk2-api/review/compose
serviceName = nginx
call path = 
------------------------------------------------------------------------------------
span = 1
trace_id = b00a075ec5b045a8
span_id = 0de83686cda3c3d0
parent_id = b00a075ec5b045a8
start_time = 1682628697897529
end_time = 1682628697902877
inclusive_time = 5348
exclusive_time = 96
process_id = p3
operationName = /wrk2-api/review/compose
serviceName = nginx
call path = ->/wrk2-api/review/compose_nginx
------------------------------------------------------------------------------------
span = 2
trace_id = b00a075ec5b045a8
span_id = f96b8b7c3c5dc88c
parent_id = 0de83686cda3c3d0
start_time = 1682628697897573
end_time = 1682628697902825
inclusive_time = 5252
exclusive_time = 274
process_id = p3
operationName = ComposeReview
serviceName = nginx
call path = ->/wrk2-api/review/compose_nginx->/wrk2-api/review/compose_nginx
------------------------------------------------------------------------------------
span = 3
trace_id = b00a075ec5b045a8
span_id = e5ec40f3da052815
parent_id = f96b8b7c3c5dc88c
start_time = 1682628697897871
end_time = 1682628697902744
inclusive_time = 4873
exclusive_time = 303
process_id = p2
operationName = UploadMovieId
serviceName = movie-id-service
call path = ->/wrk2-api/review/compose_nginx->/wrk2-api/review/compose_nginx->ComposeReview_nginx
------------------------------------------------------------------------------------
span = 4
trace_id = b00a075ec5b045a8
span_id = 2b79654fd2d99cfc
parent_id = e5ec40f3da052815
start_time = 1682628697898314
end_time = 1682628697902626
inclusive_time = 4312
exclusive_time = 197
process_id = p7
operationName = UploadRating
serviceName = rating-service
call path = ->/wrk2-api/review/compose_nginx->/wrk2-api/review/compose_nginx->ComposeReview_nginx->UploadMovieId_movie-id-service
------------------------------------------------------------------------------------
span = 5
trace_id = b00a075ec5b045a8
span_id = 24436a5c206c44fa
parent_id = 2b79654fd2d99cfc
start_time = 1682628697898472
end_time = 1682628697902521
inclusive_time = 4049
exclusive_time = 2270
process_id = p1
operationName = UploadRating
serviceName = compose-review-service
call path = ->/wrk2-api/review/compose_nginx->/wrk2-api/review/compose_nginx->ComposeReview_nginx->UploadMovieId_movie-id-service->UploadRating_rating-service
------------------------------------------------------------------------------------
span = 6
trace_id = b00a075ec5b045a8
span_id = 318af4b85846646c
parent_id = 24436a5c206c44fa
start_time = 1682628697900816
end_time = 1682628697902394
inclusive_time = 1578
exclusive_time = 16
process_id = p4
operationName = UploadMovieReview
serviceName = movie-review-service
call path = ->/wrk2-api/review/compose_nginx->/wrk2-api/review/compose_nginx->ComposeReview_nginx->UploadMovieId_movie-id-service->UploadRating_rating-service->UploadRating_compose-review-service
------------------------------------------------------------------------------------
span = 7
trace_id = b00a075ec5b045a8
span_id = be54aad8226d114f
parent_id = 318af4b85846646c
start_time = 1682628697900832
end_time = 1682628697902398
inclusive_time = 1566
exclusive_time = 1566
process_id = p4
operationName = MongoFindMovie
serviceName = movie-review-service
call path = ->/wrk2-api/review/compose_nginx->/wrk2-api/review/compose_nginx->ComposeReview_nginx->UploadMovieId_movie-id-service->UploadRating_rating-service->UploadRating_compose-review-service->UploadMovieReview_movie-review-service
------------------------------------------------------------------------------------
span = 8
trace_id = b00a075ec5b045a8
span_id = 73711f3ef766c8a9
parent_id = e5ec40f3da052815
start_time = 1682628697898134
end_time = 1682628697898239
inclusive_time = 105
exclusive_time = 105
process_id = p2
operationName = MmcSetMovieId
serviceName = movie-id-service
call path = ->/wrk2-api/review/compose_nginx->/wrk2-api/review/compose_nginx->ComposeReview_nginx->UploadMovieId_movie-id-service
------------------------------------------------------------------------------------
span = 9
trace_id = b00a075ec5b045a8
span_id = e765f9bf47eac2b3
parent_id = e5ec40f3da052815
start_time = 1682628697897897
end_time = 1682628697897999
inclusive_time = 102
exclusive_time = 102
process_id = p2
operationName = MmcGetMovieId
serviceName = movie-id-service
call path = ->/wrk2-api/review/compose_nginx->/wrk2-api/review/compose_nginx->ComposeReview_nginx->UploadMovieId_movie-id-service
------------------------------------------------------------------------------------
