span = 0
trace_id = f37346a18f80cb53
span_id = f37346a18f80cb53
parent_id = None
start_time = 1682628698288000
end_time = 1682628698294060
inclusive_time = 6060
exclusive_time = 1102
process_id = p1
operationName = /wrk2-api/review/compose
serviceName = nginx
------------------------------------------------------------------------------------
span = 1
trace_id = f37346a18f80cb53
span_id = d575d69a3768bf17
parent_id = f37346a18f80cb53
start_time = 1682628698289101
end_time = 1682628698294059
inclusive_time = 4958
exclusive_time = 89
process_id = p1
operationName = /wrk2-api/review/compose
serviceName = nginx
------------------------------------------------------------------------------------
span = 2
trace_id = f37346a18f80cb53
span_id = dbbd333766977968
parent_id = d575d69a3768bf17
start_time = 1682628698289145
end_time = 1682628698294014
inclusive_time = 4869
exclusive_time = 976
process_id = p1
operationName = ComposeReview
serviceName = nginx
------------------------------------------------------------------------------------
span = 3
trace_id = f37346a18f80cb53
span_id = cc04103e5c7dfda0
parent_id = dbbd333766977968
start_time = 1682628698289396
end_time = 1682628698293289
inclusive_time = 3893
exclusive_time = 412
process_id = p4
operationName = UploadMovieId
serviceName = movie-id-service
------------------------------------------------------------------------------------
span = 4
trace_id = f37346a18f80cb53
span_id = 605664c55496aca6
parent_id = cc04103e5c7dfda0
start_time = 1682628698290075
end_time = 1682628698293109
inclusive_time = 3034
exclusive_time = 271
process_id = p10
operationName = UploadRating
serviceName = rating-service
------------------------------------------------------------------------------------
span = 5
trace_id = f37346a18f80cb53
span_id = 0d53036fc64bd8a4
parent_id = 605664c55496aca6
start_time = 1682628698290261
end_time = 1682628698292979
inclusive_time = 2718
exclusive_time = 1164
process_id = p3
operationName = UploadRating
serviceName = compose-review-service
------------------------------------------------------------------------------------
span = 6
trace_id = f37346a18f80cb53
span_id = 3600efe758a483af
parent_id = 0d53036fc64bd8a4
start_time = 1682628698291615
end_time = 1682628698292790
inclusive_time = 1175
exclusive_time = 27
process_id = p7
operationName = UploadMovieReview
serviceName = movie-review-service
------------------------------------------------------------------------------------
span = 7
trace_id = f37346a18f80cb53
span_id = c79fc39686580940
parent_id = 3600efe758a483af
start_time = 1682628698291642
end_time = 1682628698292795
inclusive_time = 1153
exclusive_time = 1153
process_id = p7
operationName = MongoFindMovie
serviceName = movie-review-service
------------------------------------------------------------------------------------
span = 8
trace_id = f37346a18f80cb53
span_id = 05ae8722bdd9cb39
parent_id = 0d53036fc64bd8a4
start_time = 1682628698291236
end_time = 1682628698291568
inclusive_time = 332
exclusive_time = 38
process_id = p6
operationName = StoreReview
serviceName = review-storage-service
------------------------------------------------------------------------------------
span = 9
trace_id = f37346a18f80cb53
span_id = a57123323d0f76ec
parent_id = 05ae8722bdd9cb39
start_time = 1682628698291268
end_time = 1682628698291562
inclusive_time = 294
exclusive_time = 294
process_id = p6
operationName = MongoInsertReview
serviceName = review-storage-service
------------------------------------------------------------------------------------
span = 10
trace_id = f37346a18f80cb53
span_id = 8cff043716f20f67
parent_id = cc04103e5c7dfda0
start_time = 1682628698289666
end_time = 1682628698289787
inclusive_time = 121
exclusive_time = 121
process_id = p4
operationName = MmcSetMovieId
serviceName = movie-id-service
------------------------------------------------------------------------------------
span = 11
trace_id = f37346a18f80cb53
span_id = 4fec591c0a3fa0ea
parent_id = cc04103e5c7dfda0
start_time = 1682628698289414
end_time = 1682628698289510
inclusive_time = 96
exclusive_time = 96
process_id = p4
operationName = MmcGetMovieId
serviceName = movie-id-service
------------------------------------------------------------------------------------
