span 0
span_id = 28fa5374e82b9618
parent_id = None
start_time = 1682628697977000
end_time = 1682628697982014
inclusive_time = 5014
exclusive_time = 554
process_id = p5
operationName = /wrk2-api/review/compose
serviceName = None
------------------------------------------------------------------------------------
span 1
span_id = ba17747147097872
parent_id = 28fa5374e82b9618
start_time = 1682628697977554
end_time = 1682628697982014
inclusive_time = 4460
exclusive_time = 94
process_id = p5
operationName = /wrk2-api/review/compose
serviceName = None
------------------------------------------------------------------------------------
span 2
span_id = 43ffd3baa250d125
parent_id = ba17747147097872
start_time = 1682628697977593
end_time = 1682628697981959
inclusive_time = 4366
exclusive_time = 646
process_id = p5
operationName = ComposeReview
serviceName = None
------------------------------------------------------------------------------------
span 3
span_id = 90e7883d2471b01d
parent_id = 43ffd3baa250d125
start_time = 1682628697977917
end_time = 1682628697981514
inclusive_time = 3597
exclusive_time = 354
process_id = p4
operationName = UploadMovieId
serviceName = None
------------------------------------------------------------------------------------
span 4
span_id = b1558137dcc3c904
parent_id = 90e7883d2471b01d
start_time = 1682628697978372
end_time = 1682628697981371
inclusive_time = 2999
exclusive_time = 179
process_id = p1
operationName = UploadRating
serviceName = None
------------------------------------------------------------------------------------
span 5
span_id = ba2e35bb94a81552
parent_id = b1558137dcc3c904
start_time = 1682628697978525
end_time = 1682628697981274
inclusive_time = 2749
exclusive_time = 1109
process_id = p7
operationName = UploadRating
serviceName = None
------------------------------------------------------------------------------------
span 6
span_id = 8d8a7c710864824f
parent_id = ba2e35bb94a81552
start_time = 1682628697979476
end_time = 1682628697981091
inclusive_time = 1615
exclusive_time = 25
process_id = p8
operationName = UploadUserReview
serviceName = None
------------------------------------------------------------------------------------
span 7
span_id = fb2dad7f1d2e448f
parent_id = 8d8a7c710864824f
start_time = 1682628697979501
end_time = 1682628697981097
inclusive_time = 1596
exclusive_time = 1596
process_id = p8
operationName = MongoFindUser
serviceName = None
------------------------------------------------------------------------------------
span 8
span_id = 70e0b96b16082bca
parent_id = 90e7883d2471b01d
start_time = 1682628697978164
end_time = 1682628697978263
inclusive_time = 99
exclusive_time = 99
process_id = p4
operationName = MmcSetMovieId
serviceName = None
------------------------------------------------------------------------------------
span 9
span_id = 2f32e6744e1ee4e2
parent_id = 90e7883d2471b01d
start_time = 1682628697977942
end_time = 1682628697978025
inclusive_time = 83
exclusive_time = 83
process_id = p4
operationName = MmcGetMovieId
serviceName = None
------------------------------------------------------------------------------------
