span 0
span_id = 1dc2287a56e131a0
parent_id = None
start_time = 1682628698186000
end_time = 1682628698190569
inclusive_time = 4569
exclusive_time = 579
process_id = p2
operationName = /wrk2-api/review/compose
serviceName = None
------------------------------------------------------------------------------------
span 1
span_id = 58d19e45d3af9f02
parent_id = 1dc2287a56e131a0
start_time = 1682628698186579
end_time = 1682628698190569
inclusive_time = 3990
exclusive_time = 97
process_id = p2
operationName = /wrk2-api/review/compose
serviceName = None
------------------------------------------------------------------------------------
span 2
span_id = b77556f1e243e570
parent_id = 58d19e45d3af9f02
start_time = 1682628698186625
end_time = 1682628698190518
inclusive_time = 3893
exclusive_time = 372
process_id = p2
operationName = ComposeReview
serviceName = None
------------------------------------------------------------------------------------
span 3
span_id = 005d3363b505e09f
parent_id = b77556f1e243e570
start_time = 1682628698186974
end_time = 1682628698190377
inclusive_time = 3403
exclusive_time = 291
process_id = p6
operationName = UploadMovieId
serviceName = None
------------------------------------------------------------------------------------
span 4
span_id = 87fce2c6072139c0
parent_id = 005d3363b505e09f
start_time = 1682628698187418
end_time = 1682628698190274
inclusive_time = 2856
exclusive_time = 195
process_id = p10
operationName = UploadRating
serviceName = None
------------------------------------------------------------------------------------
span 5
span_id = 1530ecb919fdac8f
parent_id = 87fce2c6072139c0
start_time = 1682628698187558
end_time = 1682628698190165
inclusive_time = 2607
exclusive_time = 1011
process_id = p5
operationName = UploadRating
serviceName = None
------------------------------------------------------------------------------------
span 6
span_id = 40a7a76e8c2535bf
parent_id = 1530ecb919fdac8f
start_time = 1682628698188736
end_time = 1682628698190054
inclusive_time = 1318
exclusive_time = 30
process_id = p4
operationName = UploadUserReview
serviceName = None
------------------------------------------------------------------------------------
span 7
span_id = e59e548dafbb5e09
parent_id = 40a7a76e8c2535bf
start_time = 1682628698188766
end_time = 1682628698190058
inclusive_time = 1292
exclusive_time = 1292
process_id = p4
operationName = MongoFindUser
serviceName = None
------------------------------------------------------------------------------------
span 8
span_id = a9183126ae1cde90
parent_id = 005d3363b505e09f
start_time = 1682628698187210
end_time = 1682628698187309
inclusive_time = 99
exclusive_time = 99
process_id = p6
operationName = MmcSetMovieId
serviceName = None
------------------------------------------------------------------------------------
span 9
span_id = d87457dc82d21ada
parent_id = 005d3363b505e09f
start_time = 1682628698186986
end_time = 1682628698187079
inclusive_time = 93
exclusive_time = 93
process_id = p6
operationName = MmcGetMovieId
serviceName = None
------------------------------------------------------------------------------------
