span = 0
trace_id = 73eb166f5bfac781
span_id = 73eb166f5bfac781
parent_id = None
start_time = 1682628698039000
end_time = 1682628698042939
inclusive_time = 3939
exclusive_time = 468
process_id = p9
operationName = /wrk2-api/review/compose
serviceName = nginx
call path = 
------------------------------------------------------------------------------------
span = 1
trace_id = 73eb166f5bfac781
span_id = e9b2e280e47a7545
parent_id = 73eb166f5bfac781
start_time = 1682628698039467
end_time = 1682628698042938
inclusive_time = 3471
exclusive_time = 92
process_id = p9
operationName = /wrk2-api/review/compose
serviceName = nginx
call path = ->/wrk2-api/review/compose_nginx
------------------------------------------------------------------------------------
span = 2
trace_id = 73eb166f5bfac781
span_id = 93fb2d5fd9551a3c
parent_id = e9b2e280e47a7545
start_time = 1682628698039503
end_time = 1682628698042882
inclusive_time = 3379
exclusive_time = 256
process_id = p9
operationName = ComposeReview
serviceName = nginx
call path = ->/wrk2-api/review/compose_nginx->/wrk2-api/review/compose_nginx
------------------------------------------------------------------------------------
span = 3
trace_id = 73eb166f5bfac781
span_id = 65c9943fb06696b5
parent_id = 93fb2d5fd9551a3c
start_time = 1682628698039798
end_time = 1682628698042791
inclusive_time = 2993
exclusive_time = 333
process_id = p7
operationName = UploadMovieId
serviceName = movie-id-service
call path = ->/wrk2-api/review/compose_nginx->/wrk2-api/review/compose_nginx->ComposeReview_nginx
------------------------------------------------------------------------------------
span = 4
trace_id = 73eb166f5bfac781
span_id = cf4e287acc4a3666
parent_id = 65c9943fb06696b5
start_time = 1682628698040177
end_time = 1682628698042648
inclusive_time = 2471
exclusive_time = 275
process_id = p8
operationName = UploadRating
serviceName = rating-service
call path = ->/wrk2-api/review/compose_nginx->/wrk2-api/review/compose_nginx->ComposeReview_nginx->UploadMovieId_movie-id-service
------------------------------------------------------------------------------------
span = 5
trace_id = 73eb166f5bfac781
span_id = b130c85e0ee905fa
parent_id = cf4e287acc4a3666
start_time = 1682628698040348
end_time = 1682628698042514
inclusive_time = 2166
exclusive_time = 932
process_id = p2
operationName = UploadRating
serviceName = compose-review-service
call path = ->/wrk2-api/review/compose_nginx->/wrk2-api/review/compose_nginx->ComposeReview_nginx->UploadMovieId_movie-id-service->UploadRating_rating-service
------------------------------------------------------------------------------------
span = 6
trace_id = 73eb166f5bfac781
span_id = b4687e806f1f2699
parent_id = b130c85e0ee905fa
start_time = 1682628698041307
end_time = 1682628698042422
inclusive_time = 1115
exclusive_time = 18
process_id = p3
operationName = UploadUserReview
serviceName = user-review-service
call path = ->/wrk2-api/review/compose_nginx->/wrk2-api/review/compose_nginx->ComposeReview_nginx->UploadMovieId_movie-id-service->UploadRating_rating-service->UploadRating_compose-review-service
------------------------------------------------------------------------------------
span = 7
trace_id = 73eb166f5bfac781
span_id = e1d0e54316e57a0e
parent_id = b4687e806f1f2699
start_time = 1682628698041325
end_time = 1682628698042427
inclusive_time = 1102
exclusive_time = 1102
process_id = p3
operationName = MongoFindUser
serviceName = user-review-service
call path = ->/wrk2-api/review/compose_nginx->/wrk2-api/review/compose_nginx->ComposeReview_nginx->UploadMovieId_movie-id-service->UploadRating_rating-service->UploadRating_compose-review-service->UploadUserReview_user-review-service
------------------------------------------------------------------------------------
span = 8
trace_id = 73eb166f5bfac781
span_id = 7a0b4fa35c0dd36b
parent_id = 65c9943fb06696b5
start_time = 1682628698039813
end_time = 1682628698039909
inclusive_time = 96
exclusive_time = 96
process_id = p7
operationName = MmcGetMovieId
serviceName = movie-id-service
call path = ->/wrk2-api/review/compose_nginx->/wrk2-api/review/compose_nginx->ComposeReview_nginx->UploadMovieId_movie-id-service
------------------------------------------------------------------------------------
