span 0
span_id = 11400b17b274a105
parent_id = None
start_time = 1682628697970000
end_time = 1682628697974312
inclusive_time = 4312
exclusive_time = 504
process_id = p6
operationName = /wrk2-api/review/compose
serviceName = None
------------------------------------------------------------------------------------
span 1
span_id = de8dd30fcc635913
parent_id = 11400b17b274a105
start_time = 1682628697970504
end_time = 1682628697974312
inclusive_time = 3808
exclusive_time = 106
process_id = p6
operationName = /wrk2-api/review/compose
serviceName = None
------------------------------------------------------------------------------------
span 2
span_id = f62a2d73859fc410
parent_id = de8dd30fcc635913
start_time = 1682628697970558
end_time = 1682628697974260
inclusive_time = 3702
exclusive_time = 319
process_id = p6
operationName = ComposeReview
serviceName = None
------------------------------------------------------------------------------------
span 3
span_id = 7bb3551557b49113
parent_id = f62a2d73859fc410
start_time = 1682628697971153
end_time = 1682628697974189
inclusive_time = 3036
exclusive_time = 237
process_id = p9
operationName = UploadUniqueId
serviceName = None
------------------------------------------------------------------------------------
span 4
span_id = 713f95d6c6a9c6f3
parent_id = 7bb3551557b49113
start_time = 1682628697971331
end_time = 1682628697974130
inclusive_time = 2799
exclusive_time = 1491
process_id = p1
operationName = UploadUniqueId
serviceName = None
------------------------------------------------------------------------------------
span 5
span_id = 1185f4a6f39f4604
parent_id = 713f95d6c6a9c6f3
start_time = 1682628697972910
end_time = 1682628697973960
inclusive_time = 1050
exclusive_time = 23
process_id = p8
operationName = UploadUserReview
serviceName = None
------------------------------------------------------------------------------------
span 6
span_id = a2c42cb609562e43
parent_id = 1185f4a6f39f4604
start_time = 1682628697972933
end_time = 1682628697973963
inclusive_time = 1030
exclusive_time = 1030
process_id = p8
operationName = MongoFindUser
serviceName = None
------------------------------------------------------------------------------------
