span = 0
trace_id = 0b0f962ad826f466
span_id = 0b0f962ad826f466
parent_id = None
start_time = 1682628698206000
end_time = 1682628698211281
inclusive_time = 5281
exclusive_time = 309
process_id = p7
operationName = /wrk2-api/review/compose
serviceName = nginx
------------------------------------------------------------------------------------
span = 1
trace_id = 0b0f962ad826f466
span_id = 8b32cf02d97d55ea
parent_id = 0b0f962ad826f466
start_time = 1682628698206309
end_time = 1682628698211281
inclusive_time = 4972
exclusive_time = 127
process_id = p7
operationName = /wrk2-api/review/compose
serviceName = nginx
------------------------------------------------------------------------------------
span = 2
trace_id = 0b0f962ad826f466
span_id = 5fc7c40901a88f01
parent_id = 8b32cf02d97d55ea
start_time = 1682628698206384
end_time = 1682628698211229
inclusive_time = 4845
exclusive_time = 555
process_id = p7
operationName = ComposeReview
serviceName = nginx
------------------------------------------------------------------------------------
span = 3
trace_id = 0b0f962ad826f466
span_id = 27486cf18bf4bfdf
parent_id = 5fc7c40901a88f01
start_time = 1682628698207621
end_time = 1682628698211006
inclusive_time = 3385
exclusive_time = 245
process_id = p8
operationName = UploadUniqueId
serviceName = unique-id-service
------------------------------------------------------------------------------------
span = 4
trace_id = 0b0f962ad826f466
span_id = 14fd8a97b8effa55
parent_id = 27486cf18bf4bfdf
start_time = 1682628698207777
end_time = 1682628698210917
inclusive_time = 3140
exclusive_time = 1356
process_id = p3
operationName = UploadUniqueId
serviceName = compose-review-service
------------------------------------------------------------------------------------
span = 5
trace_id = 0b0f962ad826f466
span_id = 635bfa95835d0441
parent_id = 14fd8a97b8effa55
start_time = 1682628698209069
end_time = 1682628698210813
inclusive_time = 1744
exclusive_time = 19
process_id = p5
operationName = UploadMovieReview
serviceName = movie-review-service
------------------------------------------------------------------------------------
span = 6
trace_id = 0b0f962ad826f466
span_id = 7bf912810bc8f6a1
parent_id = 635bfa95835d0441
start_time = 1682628698209088
end_time = 1682628698210816
inclusive_time = 1728
exclusive_time = 1728
process_id = p5
operationName = MongoFindMovie
serviceName = movie-review-service
------------------------------------------------------------------------------------
span = 7
trace_id = 0b0f962ad826f466
span_id = 55321a3604d09454
parent_id = 5fc7c40901a88f01
start_time = 1682628698206716
end_time = 1682628698207532
inclusive_time = 816
exclusive_time = 253
process_id = p6
operationName = UploadUserWithUsername
serviceName = user-service
------------------------------------------------------------------------------------
span = 8
trace_id = 0b0f962ad826f466
span_id = 55c7782c5c400567
parent_id = 55321a3604d09454
start_time = 1682628698206977
end_time = 1682628698207450
inclusive_time = 473
exclusive_time = 473
process_id = p3
operationName = UploadUserId
serviceName = compose-review-service
------------------------------------------------------------------------------------
span = 9
trace_id = 0b0f962ad826f466
span_id = d4de7e8109e975fa
parent_id = 55321a3604d09454
start_time = 1682628698206728
end_time = 1682628698206818
inclusive_time = 90
exclusive_time = 90
process_id = p6
operationName = MmcGetUserId
serviceName = user-service
------------------------------------------------------------------------------------
