span = 0
span_id = 0e4f5c3c834bb164
parent_id = None
start_time = 1682628698261000
end_time = 1682628698265054
inclusive_time = 4054
exclusive_time = 696
process_id = p3
operationName = /wrk2-api/review/compose
serviceName = nginx
------------------------------------------------------------------------------------
span = 1
span_id = 372e2dd9265845d1
parent_id = 0e4f5c3c834bb164
start_time = 1682628698261696
end_time = 1682628698265054
inclusive_time = 3358
exclusive_time = 104
process_id = p3
operationName = /wrk2-api/review/compose
serviceName = nginx
------------------------------------------------------------------------------------
span = 2
span_id = 352685491cb71e8a
parent_id = 372e2dd9265845d1
start_time = 1682628698261738
end_time = 1682628698264992
inclusive_time = 3254
exclusive_time = 236
process_id = p3
operationName = ComposeReview
serviceName = nginx
------------------------------------------------------------------------------------
span = 3
span_id = 3c0569bb5f1a6bac
parent_id = 352685491cb71e8a
start_time = 1682628698262651
end_time = 1682628698264924
inclusive_time = 2273
exclusive_time = 251
process_id = p7
operationName = UploadUniqueId
serviceName = unique-id-service
------------------------------------------------------------------------------------
span = 4
span_id = e28b3877f3386144
parent_id = 3c0569bb5f1a6bac
start_time = 1682628698262840
end_time = 1682628698264862
inclusive_time = 2022
exclusive_time = 891
process_id = p5
operationName = UploadUniqueId
serviceName = compose-review-service
------------------------------------------------------------------------------------
span = 5
span_id = 2a0c844065f7e38f
parent_id = e28b3877f3386144
start_time = 1682628698263700
end_time = 1682628698264742
inclusive_time = 1042
exclusive_time = 26
process_id = p1
operationName = UploadMovieReview
serviceName = movie-review-service
------------------------------------------------------------------------------------
span = 6
span_id = 42daa1174aba7d8b
parent_id = 2a0c844065f7e38f
start_time = 1682628698263726
end_time = 1682628698264747
inclusive_time = 1021
exclusive_time = 1021
process_id = p1
operationName = MongoFindMovie
serviceName = movie-review-service
------------------------------------------------------------------------------------
span = 7
span_id = 4495984bb409ea85
parent_id = 352685491cb71e8a
start_time = 1682628698261906
end_time = 1682628698262590
inclusive_time = 684
exclusive_time = 230
process_id = p2
operationName = UploadUserWithUsername
serviceName = user-service
------------------------------------------------------------------------------------
span = 8
span_id = bad812c806318b14
parent_id = 4495984bb409ea85
start_time = 1682628698262151
end_time = 1682628698262528
inclusive_time = 377
exclusive_time = 377
process_id = p5
operationName = UploadUserId
serviceName = compose-review-service
------------------------------------------------------------------------------------
span = 9
span_id = b66958bfe55fa804
parent_id = 4495984bb409ea85
start_time = 1682628698261917
end_time = 1682628698261994
inclusive_time = 77
exclusive_time = 77
process_id = p2
operationName = MmcGetUserId
serviceName = user-service
------------------------------------------------------------------------------------
