span = 0
trace_id = d85f845a0f4d8e69
span_id = d85f845a0f4d8e69
parent_id = None
start_time = 1682628698150000
end_time = 1682628698155143
inclusive_time = 5143
exclusive_time = 404
process_id = p2
operationName = /wrk2-api/review/compose
serviceName = nginx
------------------------------------------------------------------------------------
span = 1
trace_id = d85f845a0f4d8e69
span_id = 5cd936c145744d27
parent_id = d85f845a0f4d8e69
start_time = 1682628698150403
end_time = 1682628698155142
inclusive_time = 4739
exclusive_time = 90
process_id = p2
operationName = /wrk2-api/review/compose
serviceName = nginx
------------------------------------------------------------------------------------
span = 2
trace_id = d85f845a0f4d8e69
span_id = e8aa4d3e952cf8c7
parent_id = 5cd936c145744d27
start_time = 1682628698150435
end_time = 1682628698155084
inclusive_time = 4649
exclusive_time = 693
process_id = p2
operationName = ComposeReview
serviceName = nginx
------------------------------------------------------------------------------------
span = 3
trace_id = d85f845a0f4d8e69
span_id = 9307e73487bd42e0
parent_id = e8aa4d3e952cf8c7
start_time = 1682628698150702
end_time = 1682628698154548
inclusive_time = 3846
exclusive_time = 292
process_id = p7
operationName = UploadMovieId
serviceName = movie-id-service
------------------------------------------------------------------------------------
span = 4
trace_id = d85f845a0f4d8e69
span_id = 31464fab824b465a
parent_id = 9307e73487bd42e0
start_time = 1682628698151118
end_time = 1682628698154443
inclusive_time = 3325
exclusive_time = 296
process_id = p1
operationName = UploadRating
serviceName = rating-service
------------------------------------------------------------------------------------
span = 5
trace_id = d85f845a0f4d8e69
span_id = dc9302e44358c0b5
parent_id = 31464fab824b465a
start_time = 1682628698151537
end_time = 1682628698154316
inclusive_time = 2779
exclusive_time = 1284
process_id = p3
operationName = UploadRating
serviceName = compose-review-service
------------------------------------------------------------------------------------
span = 6
trace_id = d85f845a0f4d8e69
span_id = 2efa2156a4d62886
parent_id = dc9302e44358c0b5
start_time = 1682628698152844
end_time = 1682628698154115
inclusive_time = 1271
exclusive_time = 18
process_id = p6
operationName = UploadUserReview
serviceName = user-review-service
------------------------------------------------------------------------------------
span = 7
trace_id = d85f845a0f4d8e69
span_id = e02ae5dae6c7cab0
parent_id = 2efa2156a4d62886
start_time = 1682628698152862
end_time = 1682628698154121
inclusive_time = 1259
exclusive_time = 1259
process_id = p6
operationName = MongoFindUser
serviceName = user-review-service
------------------------------------------------------------------------------------
span = 8
trace_id = d85f845a0f4d8e69
span_id = 21e3c4f51ba9d9e6
parent_id = 9307e73487bd42e0
start_time = 1682628698150970
end_time = 1682628698151068
inclusive_time = 98
exclusive_time = 98
process_id = p7
operationName = MmcSetMovieId
serviceName = movie-id-service
------------------------------------------------------------------------------------
span = 9
trace_id = d85f845a0f4d8e69
span_id = 325a4b9a6935ea64
parent_id = 9307e73487bd42e0
start_time = 1682628698150717
end_time = 1682628698150827
inclusive_time = 110
exclusive_time = 110
process_id = p7
operationName = MmcGetMovieId
serviceName = movie-id-service
------------------------------------------------------------------------------------
