span = 0
trace_id = 1ae134eb321818bf
span_id = 1ae134eb321818bf
parent_id = None
start_time = 1682628697976000
end_time = 1682628697981142
inclusive_time = 5142
exclusive_time = 968
process_id = p3
operationName = /wrk2-api/review/compose
serviceName = nginx
call path = 
------------------------------------------------------------------------------------
span = 1
trace_id = 1ae134eb321818bf
span_id = 3add5d155b506ad2
parent_id = 1ae134eb321818bf
start_time = 1682628697976967
end_time = 1682628697981141
inclusive_time = 4174
exclusive_time = 163
process_id = p3
operationName = /wrk2-api/review/compose
serviceName = nginx
call path = ->/wrk2-api/review/compose_nginx
------------------------------------------------------------------------------------
span = 2
trace_id = 1ae134eb321818bf
span_id = 4f84a5e770356164
parent_id = 3add5d155b506ad2
start_time = 1682628697977020
end_time = 1682628697981031
inclusive_time = 4011
exclusive_time = 603
process_id = p3
operationName = ComposeReview
serviceName = nginx
call path = ->/wrk2-api/review/compose_nginx->/wrk2-api/review/compose_nginx
------------------------------------------------------------------------------------
span = 3
trace_id = 1ae134eb321818bf
span_id = 659106b61b2ad396
parent_id = 4f84a5e770356164
start_time = 1682628697977337
end_time = 1682628697980623
inclusive_time = 3286
exclusive_time = 309
process_id = p5
operationName = UploadMovieId
serviceName = movie-id-service
call path = ->/wrk2-api/review/compose_nginx->/wrk2-api/review/compose_nginx->ComposeReview_nginx
------------------------------------------------------------------------------------
span = 4
trace_id = 1ae134eb321818bf
span_id = 0aef41ac22febc40
parent_id = 659106b61b2ad396
start_time = 1682628697977753
end_time = 1682628697980487
inclusive_time = 2734
exclusive_time = 215
process_id = p1
operationName = UploadRating
serviceName = rating-service
call path = ->/wrk2-api/review/compose_nginx->/wrk2-api/review/compose_nginx->ComposeReview_nginx->UploadMovieId_movie-id-service
------------------------------------------------------------------------------------
span = 5
trace_id = 1ae134eb321818bf
span_id = df9fcf642efa7fc3
parent_id = 0aef41ac22febc40
start_time = 1682628697977890
end_time = 1682628697980372
inclusive_time = 2482
exclusive_time = 1093
process_id = p7
operationName = UploadRating
serviceName = compose-review-service
call path = ->/wrk2-api/review/compose_nginx->/wrk2-api/review/compose_nginx->ComposeReview_nginx->UploadMovieId_movie-id-service->UploadRating_rating-service
------------------------------------------------------------------------------------
span = 6
trace_id = 1ae134eb321818bf
span_id = ceb98a2a6a243a1c
parent_id = df9fcf642efa7fc3
start_time = 1682628697978904
end_time = 1682628697980197
inclusive_time = 1293
exclusive_time = 29
process_id = p8
operationName = UploadUserReview
serviceName = user-review-service
call path = ->/wrk2-api/review/compose_nginx->/wrk2-api/review/compose_nginx->ComposeReview_nginx->UploadMovieId_movie-id-service->UploadRating_rating-service->UploadRating_compose-review-service
------------------------------------------------------------------------------------
span = 7
trace_id = 1ae134eb321818bf
span_id = 272bbc7df0958868
parent_id = ceb98a2a6a243a1c
start_time = 1682628697978933
end_time = 1682628697980245
inclusive_time = 1312
exclusive_time = 1312
process_id = p8
operationName = MongoFindUser
serviceName = user-review-service
call path = ->/wrk2-api/review/compose_nginx->/wrk2-api/review/compose_nginx->ComposeReview_nginx->UploadMovieId_movie-id-service->UploadRating_rating-service->UploadRating_compose-review-service->UploadUserReview_user-review-service
------------------------------------------------------------------------------------
span = 8
trace_id = 1ae134eb321818bf
span_id = b62103fc7cff8dbe
parent_id = 659106b61b2ad396
start_time = 1682628697977542
end_time = 1682628697977619
inclusive_time = 77
exclusive_time = 77
process_id = p5
operationName = MmcSetMovieId
serviceName = movie-id-service
call path = ->/wrk2-api/review/compose_nginx->/wrk2-api/review/compose_nginx->ComposeReview_nginx->UploadMovieId_movie-id-service
------------------------------------------------------------------------------------
span = 9
trace_id = 1ae134eb321818bf
span_id = ca459c5be2ef87cc
parent_id = 659106b61b2ad396
start_time = 1682628697977350
end_time = 1682628697977422
inclusive_time = 72
exclusive_time = 72
process_id = p5
operationName = MmcGetMovieId
serviceName = movie-id-service
call path = ->/wrk2-api/review/compose_nginx->/wrk2-api/review/compose_nginx->ComposeReview_nginx->UploadMovieId_movie-id-service
------------------------------------------------------------------------------------
