span = 0
trace_id = 2724b66baddbc610
span_id = 2724b66baddbc610
parent_id = None
start_time = 1682628698168000
end_time = 1682628698173317
inclusive_time = 5317
exclusive_time = 959
process_id = p3
operationName = /wrk2-api/review/compose
serviceName = nginx
call path = 
------------------------------------------------------------------------------------
span = 1
trace_id = 2724b66baddbc610
span_id = f483fb053b642b73
parent_id = 2724b66baddbc610
start_time = 1682628698168958
end_time = 1682628698173316
inclusive_time = 4358
exclusive_time = 96
process_id = p3
operationName = /wrk2-api/review/compose
serviceName = nginx
call path = ->/wrk2-api/review/compose_nginx
------------------------------------------------------------------------------------
span = 2
trace_id = 2724b66baddbc610
span_id = 2747af4e76bedc50
parent_id = f483fb053b642b73
start_time = 1682628698169007
end_time = 1682628698173269
inclusive_time = 4262
exclusive_time = 260
process_id = p3
operationName = ComposeReview
serviceName = nginx
call path = ->/wrk2-api/review/compose_nginx->/wrk2-api/review/compose_nginx
------------------------------------------------------------------------------------
span = 3
trace_id = 2724b66baddbc610
span_id = e1ded5e24dbb76f8
parent_id = 2747af4e76bedc50
start_time = 1682628698169336
end_time = 1682628698173191
inclusive_time = 3855
exclusive_time = 616
process_id = p6
operationName = UploadMovieId
serviceName = movie-id-service
call path = ->/wrk2-api/review/compose_nginx->/wrk2-api/review/compose_nginx->ComposeReview_nginx
------------------------------------------------------------------------------------
span = 4
trace_id = 2724b66baddbc610
span_id = 03ca903b26003795
parent_id = e1ded5e24dbb76f8
start_time = 1682628698170005
end_time = 1682628698173065
inclusive_time = 3060
exclusive_time = 1766
process_id = p1
operationName = UploadMovieId
serviceName = compose-review-service
call path = ->/wrk2-api/review/compose_nginx->/wrk2-api/review/compose_nginx->ComposeReview_nginx->UploadMovieId_movie-id-service
------------------------------------------------------------------------------------
span = 5
trace_id = 2724b66baddbc610
span_id = 80cfa74bf017c7e1
parent_id = 03ca903b26003795
start_time = 1682628698171498
end_time = 1682628698172672
inclusive_time = 1174
exclusive_time = 18
process_id = p5
operationName = UploadUserReview
serviceName = user-review-service
call path = ->/wrk2-api/review/compose_nginx->/wrk2-api/review/compose_nginx->ComposeReview_nginx->UploadMovieId_movie-id-service->UploadMovieId_compose-review-service
------------------------------------------------------------------------------------
span = 6
trace_id = 2724b66baddbc610
span_id = 71c5f9b4c7f2e83b
parent_id = 80cfa74bf017c7e1
start_time = 1682628698171516
end_time = 1682628698172678
inclusive_time = 1162
exclusive_time = 1162
process_id = p5
operationName = MongoFindUser
serviceName = user-review-service
call path = ->/wrk2-api/review/compose_nginx->/wrk2-api/review/compose_nginx->ComposeReview_nginx->UploadMovieId_movie-id-service->UploadMovieId_compose-review-service->UploadUserReview_user-review-service
------------------------------------------------------------------------------------
span = 7
trace_id = 2724b66baddbc610
span_id = 4dcd14de9ce77b1f
parent_id = e1ded5e24dbb76f8
start_time = 1682628698169354
end_time = 1682628698169465
inclusive_time = 111
exclusive_time = 111
process_id = p6
operationName = MmcGetMovieId
serviceName = movie-id-service
call path = ->/wrk2-api/review/compose_nginx->/wrk2-api/review/compose_nginx->ComposeReview_nginx->UploadMovieId_movie-id-service
------------------------------------------------------------------------------------
