span = 0
span_id = ed62f7e81e4566dd
parent_id = None
start_time = 1682628698099000
end_time = 1682628698102323
inclusive_time = 3323
exclusive_time = 85
process_id = p7
operationName = /wrk2-api/review/compose
serviceName = nginx
------------------------------------------------------------------------------------
span = 1
span_id = 502b4d2d8eb06208
parent_id = ed62f7e81e4566dd
start_time = 1682628698099085
end_time = 1682628698102323
inclusive_time = 3238
exclusive_time = 109
process_id = p7
operationName = /wrk2-api/review/compose
serviceName = nginx
------------------------------------------------------------------------------------
span = 2
span_id = 045639954af5636a
parent_id = 502b4d2d8eb06208
start_time = 1682628698099135
end_time = 1682628698102264
inclusive_time = 3129
exclusive_time = 344
process_id = p7
operationName = ComposeReview
serviceName = nginx
------------------------------------------------------------------------------------
span = 3
span_id = 32f87683a8cf2581
parent_id = 045639954af5636a
start_time = 1682628698099645
end_time = 1682628698102189
inclusive_time = 2544
exclusive_time = 235
process_id = p9
operationName = UploadUniqueId
serviceName = unique-id-service
------------------------------------------------------------------------------------
span = 4
span_id = 8e7eccae8dc1b0cb
parent_id = 32f87683a8cf2581
start_time = 1682628698099808
end_time = 1682628698102117
inclusive_time = 2309
exclusive_time = 1073
process_id = p2
operationName = UploadUniqueId
serviceName = compose-review-service
------------------------------------------------------------------------------------
span = 5
span_id = a1ed7b8071ff31ea
parent_id = 8e7eccae8dc1b0cb
start_time = 1682628698100932
end_time = 1682628698102013
inclusive_time = 1081
exclusive_time = 19
process_id = p1
operationName = UploadMovieReview
serviceName = movie-review-service
------------------------------------------------------------------------------------
span = 6
span_id = 43c0e871beeff73b
parent_id = a1ed7b8071ff31ea
start_time = 1682628698100951
end_time = 1682628698102017
inclusive_time = 1066
exclusive_time = 1066
process_id = p1
operationName = MongoFindMovie
serviceName = movie-review-service
------------------------------------------------------------------------------------
