span = 0
trace_id = 5ba3248c30192a42
span_id = 5ba3248c30192a42
parent_id = None
start_time = 1682628698159000
end_time = 1682628698164228
inclusive_time = 5228
exclusive_time = 417
process_id = p2
operationName = /wrk2-api/review/compose
serviceName = nginx
call path = 
------------------------------------------------------------------------------------
span = 1
trace_id = 5ba3248c30192a42
span_id = 95ff72353792a65b
parent_id = 5ba3248c30192a42
start_time = 1682628698159417
end_time = 1682628698164228
inclusive_time = 4811
exclusive_time = 93
process_id = p2
operationName = /wrk2-api/review/compose
serviceName = nginx
call path = ->/wrk2-api/review/compose_nginx
------------------------------------------------------------------------------------
span = 2
trace_id = 5ba3248c30192a42
span_id = 75d13b610ca97340
parent_id = 95ff72353792a65b
start_time = 1682628698159458
end_time = 1682628698164176
inclusive_time = 4718
exclusive_time = 275
process_id = p2
operationName = ComposeReview
serviceName = nginx
call path = ->/wrk2-api/review/compose_nginx->/wrk2-api/review/compose_nginx
------------------------------------------------------------------------------------
span = 3
trace_id = 5ba3248c30192a42
span_id = 332835d58c24450e
parent_id = 75d13b610ca97340
start_time = 1682628698159703
end_time = 1682628698164077
inclusive_time = 4374
exclusive_time = 688
process_id = p7
operationName = UploadMovieId
serviceName = movie-id-service
call path = ->/wrk2-api/review/compose_nginx->/wrk2-api/review/compose_nginx->ComposeReview_nginx
------------------------------------------------------------------------------------
span = 4
trace_id = 5ba3248c30192a42
span_id = 9406f250d769c958
parent_id = 332835d58c24450e
start_time = 1682628698160976
end_time = 1682628698163941
inclusive_time = 2965
exclusive_time = 379
process_id = p1
operationName = UploadRating
serviceName = rating-service
call path = ->/wrk2-api/review/compose_nginx->/wrk2-api/review/compose_nginx->ComposeReview_nginx->UploadMovieId_movie-id-service
------------------------------------------------------------------------------------
span = 5
trace_id = 5ba3248c30192a42
span_id = 4ee96ee574c2d70d
parent_id = 9406f250d769c958
start_time = 1682628698161244
end_time = 1682628698163758
inclusive_time = 2514
exclusive_time = 1297
process_id = p3
operationName = UploadRating
serviceName = compose-review-service
call path = ->/wrk2-api/review/compose_nginx->/wrk2-api/review/compose_nginx->ComposeReview_nginx->UploadMovieId_movie-id-service->UploadRating_rating-service
------------------------------------------------------------------------------------
span = 6
trace_id = 5ba3248c30192a42
span_id = 6cef19131e078beb
parent_id = 4ee96ee574c2d70d
start_time = 1682628698162351
end_time = 1682628698163477
inclusive_time = 1126
exclusive_time = 22
process_id = p4
operationName = UploadMovieReview
serviceName = movie-review-service
call path = ->/wrk2-api/review/compose_nginx->/wrk2-api/review/compose_nginx->ComposeReview_nginx->UploadMovieId_movie-id-service->UploadRating_rating-service->UploadRating_compose-review-service
------------------------------------------------------------------------------------
span = 7
trace_id = 5ba3248c30192a42
span_id = 292809cd0134ce70
parent_id = 6cef19131e078beb
start_time = 1682628698162373
end_time = 1682628698163518
inclusive_time = 1145
exclusive_time = 1145
process_id = p4
operationName = MongoFindMovie
serviceName = movie-review-service
call path = ->/wrk2-api/review/compose_nginx->/wrk2-api/review/compose_nginx->ComposeReview_nginx->UploadMovieId_movie-id-service->UploadRating_rating-service->UploadRating_compose-review-service->UploadMovieReview_movie-review-service
------------------------------------------------------------------------------------
span = 8
trace_id = 5ba3248c30192a42
span_id = 93db2405ca0520f2
parent_id = 332835d58c24450e
start_time = 1682628698160422
end_time = 1682628698160904
inclusive_time = 482
exclusive_time = 482
process_id = p3
operationName = UploadMovieId
serviceName = compose-review-service
call path = ->/wrk2-api/review/compose_nginx->/wrk2-api/review/compose_nginx->ComposeReview_nginx->UploadMovieId_movie-id-service
------------------------------------------------------------------------------------
span = 9
trace_id = 5ba3248c30192a42
span_id = 49e1138232598287
parent_id = 332835d58c24450e
start_time = 1682628698159715
end_time = 1682628698159814
inclusive_time = 99
exclusive_time = 99
process_id = p7
operationName = MmcGetMovieId
serviceName = movie-id-service
call path = ->/wrk2-api/review/compose_nginx->/wrk2-api/review/compose_nginx->ComposeReview_nginx->UploadMovieId_movie-id-service
------------------------------------------------------------------------------------
