span = 0
span_id = 10fc8f49eb5186ef
parent_id = None
start_time = 1682628698129000
end_time = 1682628698133447
inclusive_time = 4447
exclusive_time = 248
process_id = p6
operationName = /wrk2-api/review/compose
serviceName = nginx
------------------------------------------------------------------------------------
span = 1
span_id = 08781191f82bb784
parent_id = 10fc8f49eb5186ef
start_time = 1682628698129248
end_time = 1682628698133448
inclusive_time = 4200
exclusive_time = 98
process_id = p6
operationName = /wrk2-api/review/compose
serviceName = nginx
------------------------------------------------------------------------------------
span = 2
span_id = ae21a80f701aec88
parent_id = 08781191f82bb784
start_time = 1682628698129291
end_time = 1682628698133393
inclusive_time = 4102
exclusive_time = 455
process_id = p6
operationName = ComposeReview
serviceName = nginx
------------------------------------------------------------------------------------
span = 3
span_id = 13c0444d3457c407
parent_id = ae21a80f701aec88
start_time = 1682628698129567
end_time = 1682628698133119
inclusive_time = 3552
exclusive_time = 340
process_id = p1
operationName = UploadMovieId
serviceName = movie-id-service
------------------------------------------------------------------------------------
span = 4
span_id = a6c005210ee73479
parent_id = 13c0444d3457c407
start_time = 1682628698129955
end_time = 1682628698132969
inclusive_time = 3014
exclusive_time = 452
process_id = p3
operationName = UploadRating
serviceName = rating-service
------------------------------------------------------------------------------------
span = 5
span_id = 693621c6e04ad30a
parent_id = a6c005210ee73479
start_time = 1682628698130254
end_time = 1682628698132816
inclusive_time = 2562
exclusive_time = 1256
process_id = p4
operationName = UploadRating
serviceName = compose-review-service
------------------------------------------------------------------------------------
span = 6
span_id = 21b6594afcacff64
parent_id = 693621c6e04ad30a
start_time = 1682628698131456
end_time = 1682628698132699
inclusive_time = 1243
exclusive_time = 23
process_id = p5
operationName = UploadMovieReview
serviceName = movie-review-service
------------------------------------------------------------------------------------
span = 7
span_id = e6ad690ebd94d281
parent_id = 21b6594afcacff64
start_time = 1682628698131479
end_time = 1682628698132703
inclusive_time = 1224
exclusive_time = 1224
process_id = p5
operationName = MongoFindMovie
serviceName = movie-review-service
------------------------------------------------------------------------------------
span = 8
span_id = 1bc0a248fd1c6072
parent_id = 13c0444d3457c407
start_time = 1682628698129856
end_time = 1682628698129952
inclusive_time = 96
exclusive_time = 96
process_id = p1
operationName = MmcSetMovieId
serviceName = movie-id-service
------------------------------------------------------------------------------------
span = 9
span_id = d86566666945fdf5
parent_id = 13c0444d3457c407
start_time = 1682628698129585
end_time = 1682628698129687
inclusive_time = 102
exclusive_time = 102
process_id = p1
operationName = MmcGetMovieId
serviceName = movie-id-service
------------------------------------------------------------------------------------
