span = 0
trace_id = 76803287e72c97b4
span_id = 76803287e72c97b4
parent_id = None
start_time = 1682628697924000
end_time = 1682628697929223
inclusive_time = 5223
exclusive_time = 657
process_id = p8
operationName = /wrk2-api/review/compose
serviceName = nginx
call path = 
------------------------------------------------------------------------------------
span = 1
trace_id = 76803287e72c97b4
span_id = ea0fa987258e9bb7
parent_id = 76803287e72c97b4
start_time = 1682628697924657
end_time = 1682628697929223
inclusive_time = 4566
exclusive_time = 107
process_id = p8
operationName = /wrk2-api/review/compose
serviceName = nginx
call path = ->/wrk2-api/review/compose_nginx
------------------------------------------------------------------------------------
span = 2
trace_id = 76803287e72c97b4
span_id = 46dd874595fc1cc1
parent_id = ea0fa987258e9bb7
start_time = 1682628697924707
end_time = 1682628697929166
inclusive_time = 4459
exclusive_time = 280
process_id = p8
operationName = ComposeReview
serviceName = nginx
call path = ->/wrk2-api/review/compose_nginx->/wrk2-api/review/compose_nginx
------------------------------------------------------------------------------------
span = 3
trace_id = 76803287e72c97b4
span_id = 0215ec63a58882ed
parent_id = 46dd874595fc1cc1
start_time = 1682628697925008
end_time = 1682628697929091
inclusive_time = 4083
exclusive_time = 359
process_id = p7
operationName = UploadMovieId
serviceName = movie-id-service
call path = ->/wrk2-api/review/compose_nginx->/wrk2-api/review/compose_nginx->ComposeReview_nginx
------------------------------------------------------------------------------------
span = 4
trace_id = 76803287e72c97b4
span_id = 72ec733a23d8cf8d
parent_id = 0215ec63a58882ed
start_time = 1682628697925536
end_time = 1682628697928881
inclusive_time = 3345
exclusive_time = 436
process_id = p5
operationName = UploadRating
serviceName = rating-service
call path = ->/wrk2-api/review/compose_nginx->/wrk2-api/review/compose_nginx->ComposeReview_nginx->UploadMovieId_movie-id-service
------------------------------------------------------------------------------------
span = 5
trace_id = 76803287e72c97b4
span_id = 6dee5d9bb9e6622d
parent_id = 72ec733a23d8cf8d
start_time = 1682628697925973
end_time = 1682628697928615
inclusive_time = 2642
exclusive_time = 970
process_id = p4
operationName = UploadRating
serviceName = compose-review-service
call path = ->/wrk2-api/review/compose_nginx->/wrk2-api/review/compose_nginx->ComposeReview_nginx->UploadMovieId_movie-id-service->UploadRating_rating-service
------------------------------------------------------------------------------------
span = 6
trace_id = 76803287e72c97b4
span_id = c83866a9c4304621
parent_id = 6dee5d9bb9e6622d
start_time = 1682628697927186
end_time = 1682628697928449
inclusive_time = 1263
exclusive_time = 25
process_id = p1
operationName = UploadMovieReview
serviceName = movie-review-service
call path = ->/wrk2-api/review/compose_nginx->/wrk2-api/review/compose_nginx->ComposeReview_nginx->UploadMovieId_movie-id-service->UploadRating_rating-service->UploadRating_compose-review-service
------------------------------------------------------------------------------------
span = 7
trace_id = 76803287e72c97b4
span_id = 7b7ecbdae39ef5ba
parent_id = c83866a9c4304621
start_time = 1682628697927211
end_time = 1682628697928454
inclusive_time = 1243
exclusive_time = 1243
process_id = p1
operationName = MongoFindMovie
serviceName = movie-review-service
call path = ->/wrk2-api/review/compose_nginx->/wrk2-api/review/compose_nginx->ComposeReview_nginx->UploadMovieId_movie-id-service->UploadRating_rating-service->UploadRating_compose-review-service->UploadMovieReview_movie-review-service
------------------------------------------------------------------------------------
span = 8
trace_id = 76803287e72c97b4
span_id = 3474ec5af6e1cbb1
parent_id = 6dee5d9bb9e6622d
start_time = 1682628697926760
end_time = 1682628697927066
inclusive_time = 306
exclusive_time = 35
process_id = p9
operationName = StoreReview
serviceName = review-storage-service
call path = ->/wrk2-api/review/compose_nginx->/wrk2-api/review/compose_nginx->ComposeReview_nginx->UploadMovieId_movie-id-service->UploadRating_rating-service->UploadRating_compose-review-service
------------------------------------------------------------------------------------
span = 9
trace_id = 76803287e72c97b4
span_id = df0d71e71cbc6534
parent_id = 3474ec5af6e1cbb1
start_time = 1682628697926779
end_time = 1682628697927050
inclusive_time = 271
exclusive_time = 271
process_id = p9
operationName = MongoInsertReview
serviceName = review-storage-service
call path = ->/wrk2-api/review/compose_nginx->/wrk2-api/review/compose_nginx->ComposeReview_nginx->UploadMovieId_movie-id-service->UploadRating_rating-service->UploadRating_compose-review-service->StoreReview_review-storage-service
------------------------------------------------------------------------------------
span = 10
trace_id = 76803287e72c97b4
span_id = 70f5835db7fa5c1a
parent_id = 0215ec63a58882ed
start_time = 1682628697925269
end_time = 1682628697925389
inclusive_time = 120
exclusive_time = 120
process_id = p7
operationName = MmcSetMovieId
serviceName = movie-id-service
call path = ->/wrk2-api/review/compose_nginx->/wrk2-api/review/compose_nginx->ComposeReview_nginx->UploadMovieId_movie-id-service
------------------------------------------------------------------------------------
span = 11
trace_id = 76803287e72c97b4
span_id = e83eb3ec32b9ab69
parent_id = 0215ec63a58882ed
start_time = 1682628697925020
end_time = 1682628697925132
inclusive_time = 112
exclusive_time = 112
process_id = p7
operationName = MmcGetMovieId
serviceName = movie-id-service
call path = ->/wrk2-api/review/compose_nginx->/wrk2-api/review/compose_nginx->ComposeReview_nginx->UploadMovieId_movie-id-service
------------------------------------------------------------------------------------
