span = 0
trace_id = 5720621000359f3e
span_id = 5720621000359f3e
parent_id = None
start_time = 1682628697857000
end_time = 1682628697861763
inclusive_time = 4763
exclusive_time = 948
process_id = p3
operationName = /wrk2-api/review/compose
serviceName = nginx
------------------------------------------------------------------------------------
span = 1
trace_id = 5720621000359f3e
span_id = 4940c5db6e404ab0
parent_id = 5720621000359f3e
start_time = 1682628697857947
end_time = 1682628697861762
inclusive_time = 3815
exclusive_time = 87
process_id = p3
operationName = /wrk2-api/review/compose
serviceName = nginx
------------------------------------------------------------------------------------
span = 2
trace_id = 5720621000359f3e
span_id = e965166e4117ab52
parent_id = 4940c5db6e404ab0
start_time = 1682628697857996
end_time = 1682628697861724
inclusive_time = 3728
exclusive_time = 350
process_id = p3
operationName = ComposeReview
serviceName = nginx
------------------------------------------------------------------------------------
span = 3
trace_id = 5720621000359f3e
span_id = 328b37dfb6b88b70
parent_id = e965166e4117ab52
start_time = 1682628697859007
end_time = 1682628697861601
inclusive_time = 2594
exclusive_time = 204
process_id = p10
operationName = UploadUniqueId
serviceName = unique-id-service
------------------------------------------------------------------------------------
span = 4
trace_id = 5720621000359f3e
span_id = ae31c7e38372087c
parent_id = 328b37dfb6b88b70
start_time = 1682628697859146
end_time = 1682628697861536
inclusive_time = 2390
exclusive_time = 988
process_id = p4
operationName = UploadUniqueId
serviceName = compose-review-service
------------------------------------------------------------------------------------
span = 5
trace_id = 5720621000359f3e
span_id = 1c66b9df5ad49e7b
parent_id = ae31c7e38372087c
start_time = 1682628697860408
end_time = 1682628697861435
inclusive_time = 1027
exclusive_time = 28
process_id = p6
operationName = UploadMovieReview
serviceName = movie-review-service
------------------------------------------------------------------------------------
span = 6
trace_id = 5720621000359f3e
span_id = 3ee3df37fd123357
parent_id = 1c66b9df5ad49e7b
start_time = 1682628697860436
end_time = 1682628697861439
inclusive_time = 1003
exclusive_time = 1003
process_id = p6
operationName = MongoFindMovie
serviceName = movie-review-service
------------------------------------------------------------------------------------
span = 7
trace_id = 5720621000359f3e
span_id = d18d7741e387b6a5
parent_id = ae31c7e38372087c
start_time = 1682628697860033
end_time = 1682628697860385
inclusive_time = 352
exclusive_time = 39
process_id = p1
operationName = StoreReview
serviceName = review-storage-service
------------------------------------------------------------------------------------
span = 8
trace_id = 5720621000359f3e
span_id = 23d5713aa70c0ca7
parent_id = d18d7741e387b6a5
start_time = 1682628697860059
end_time = 1682628697860372
inclusive_time = 313
exclusive_time = 313
process_id = p1
operationName = MongoInsertReview
serviceName = review-storage-service
------------------------------------------------------------------------------------
