span = 0
trace_id = 834cc28c6a79118f
span_id = 834cc28c6a79118f
parent_id = None
start_time = 1682628697900000
end_time = 1682628697904754
inclusive_time = 4754
exclusive_time = 431
process_id = p3
operationName = /wrk2-api/review/compose
serviceName = nginx
call path = 
------------------------------------------------------------------------------------
span = 1
trace_id = 834cc28c6a79118f
span_id = bd8eb3e391563584
parent_id = 834cc28c6a79118f
start_time = 1682628697900431
end_time = 1682628697904754
inclusive_time = 4323
exclusive_time = 108
process_id = p3
operationName = /wrk2-api/review/compose
serviceName = nginx
call path = ->/wrk2-api/review/compose_nginx
------------------------------------------------------------------------------------
span = 2
trace_id = 834cc28c6a79118f
span_id = 34c59a3e88da5631
parent_id = bd8eb3e391563584
start_time = 1682628697900478
end_time = 1682628697904693
inclusive_time = 4215
exclusive_time = 364
process_id = p3
operationName = ComposeReview
serviceName = nginx
call path = ->/wrk2-api/review/compose_nginx->/wrk2-api/review/compose_nginx
------------------------------------------------------------------------------------
span = 3
trace_id = 834cc28c6a79118f
span_id = 7351d8125457291a
parent_id = 34c59a3e88da5631
start_time = 1682628697901200
end_time = 1682628697904540
inclusive_time = 3340
exclusive_time = 365
process_id = p2
operationName = UploadMovieId
serviceName = movie-id-service
call path = ->/wrk2-api/review/compose_nginx->/wrk2-api/review/compose_nginx->ComposeReview_nginx
------------------------------------------------------------------------------------
span = 4
trace_id = 834cc28c6a79118f
span_id = 053a35985c84486c
parent_id = 7351d8125457291a
start_time = 1682628697901651
end_time = 1682628697904413
inclusive_time = 2762
exclusive_time = 225
process_id = p7
operationName = UploadRating
serviceName = rating-service
call path = ->/wrk2-api/review/compose_nginx->/wrk2-api/review/compose_nginx->ComposeReview_nginx->UploadMovieId_movie-id-service
------------------------------------------------------------------------------------
span = 5
trace_id = 834cc28c6a79118f
span_id = 7508cc11aec036db
parent_id = 053a35985c84486c
start_time = 1682628697901927
end_time = 1682628697904290
inclusive_time = 2363
exclusive_time = 1041
process_id = p1
operationName = UploadRating
serviceName = compose-review-service
call path = ->/wrk2-api/review/compose_nginx->/wrk2-api/review/compose_nginx->ComposeReview_nginx->UploadMovieId_movie-id-service->UploadRating_rating-service
------------------------------------------------------------------------------------
span = 6
trace_id = 834cc28c6a79118f
span_id = 967dfedf6e04da6a
parent_id = 7508cc11aec036db
start_time = 1682628697902975
end_time = 1682628697904168
inclusive_time = 1193
exclusive_time = 35
process_id = p4
operationName = UploadMovieReview
serviceName = movie-review-service
call path = ->/wrk2-api/review/compose_nginx->/wrk2-api/review/compose_nginx->ComposeReview_nginx->UploadMovieId_movie-id-service->UploadRating_rating-service->UploadRating_compose-review-service
------------------------------------------------------------------------------------
span = 7
trace_id = 834cc28c6a79118f
span_id = 924a66ba01d14b35
parent_id = 967dfedf6e04da6a
start_time = 1682628697903010
end_time = 1682628697904173
inclusive_time = 1163
exclusive_time = 1163
process_id = p4
operationName = MongoFindMovie
serviceName = movie-review-service
call path = ->/wrk2-api/review/compose_nginx->/wrk2-api/review/compose_nginx->ComposeReview_nginx->UploadMovieId_movie-id-service->UploadRating_rating-service->UploadRating_compose-review-service->UploadMovieReview_movie-review-service
------------------------------------------------------------------------------------
span = 8
trace_id = 834cc28c6a79118f
span_id = 6708311b231846ff
parent_id = 7351d8125457291a
start_time = 1682628697901512
end_time = 1682628697901605
inclusive_time = 93
exclusive_time = 93
process_id = p2
operationName = MmcSetMovieId
serviceName = movie-id-service
call path = ->/wrk2-api/review/compose_nginx->/wrk2-api/review/compose_nginx->ComposeReview_nginx->UploadMovieId_movie-id-service
------------------------------------------------------------------------------------
span = 9
trace_id = 834cc28c6a79118f
span_id = 0b4847144e4fd483
parent_id = 7351d8125457291a
start_time = 1682628697901212
end_time = 1682628697901306
inclusive_time = 94
exclusive_time = 94
process_id = p2
operationName = MmcGetMovieId
serviceName = movie-id-service
call path = ->/wrk2-api/review/compose_nginx->/wrk2-api/review/compose_nginx->ComposeReview_nginx->UploadMovieId_movie-id-service
------------------------------------------------------------------------------------
