span = 0
trace_id = a04d9f98cec9241c
span_id = a04d9f98cec9241c
parent_id = None
start_time = 1682628698095000
end_time = 1682628698099693
inclusive_time = 4693
exclusive_time = 852
process_id = p7
operationName = /wrk2-api/review/compose
serviceName = nginx
------------------------------------------------------------------------------------
span = 1
trace_id = a04d9f98cec9241c
span_id = de1dc28c70711bf7
parent_id = a04d9f98cec9241c
start_time = 1682628698095852
end_time = 1682628698099693
inclusive_time = 3841
exclusive_time = 90
process_id = p7
operationName = /wrk2-api/review/compose
serviceName = nginx
------------------------------------------------------------------------------------
span = 2
trace_id = a04d9f98cec9241c
span_id = 6f16075899c79afb
parent_id = de1dc28c70711bf7
start_time = 1682628698095894
end_time = 1682628698099645
inclusive_time = 3751
exclusive_time = 278
process_id = p7
operationName = ComposeReview
serviceName = nginx
------------------------------------------------------------------------------------
span = 3
trace_id = a04d9f98cec9241c
span_id = ddab71199b2b2cc5
parent_id = 6f16075899c79afb
start_time = 1682628698096152
end_time = 1682628698099537
inclusive_time = 3385
exclusive_time = 357
process_id = p4
operationName = UploadMovieId
serviceName = movie-id-service
------------------------------------------------------------------------------------
span = 4
trace_id = a04d9f98cec9241c
span_id = 560fc040eb2b01f4
parent_id = ddab71199b2b2cc5
start_time = 1682628698096612
end_time = 1682628698099370
inclusive_time = 2758
exclusive_time = 297
process_id = p6
operationName = UploadRating
serviceName = rating-service
------------------------------------------------------------------------------------
span = 5
trace_id = a04d9f98cec9241c
span_id = 73c3cea98b378236
parent_id = 560fc040eb2b01f4
start_time = 1682628698096808
end_time = 1682628698099243
inclusive_time = 2435
exclusive_time = 1133
process_id = p2
operationName = UploadRating
serviceName = compose-review-service
------------------------------------------------------------------------------------
span = 6
trace_id = a04d9f98cec9241c
span_id = 7968c5cbec6214b9
parent_id = 73c3cea98b378236
start_time = 1682628698097699
end_time = 1682628698098971
inclusive_time = 1272
exclusive_time = 27
process_id = p1
operationName = UploadMovieReview
serviceName = movie-review-service
------------------------------------------------------------------------------------
span = 7
trace_id = a04d9f98cec9241c
span_id = 1d3700ba2731d59f
parent_id = 7968c5cbec6214b9
start_time = 1682628698097726
end_time = 1682628698098981
inclusive_time = 1255
exclusive_time = 1255
process_id = p1
operationName = MongoFindMovie
serviceName = movie-review-service
------------------------------------------------------------------------------------
span = 8
trace_id = a04d9f98cec9241c
span_id = 2d524e2fc0fe136a
parent_id = ddab71199b2b2cc5
start_time = 1682628698096439
end_time = 1682628698096545
inclusive_time = 106
exclusive_time = 106
process_id = p4
operationName = MmcSetMovieId
serviceName = movie-id-service
------------------------------------------------------------------------------------
span = 9
trace_id = a04d9f98cec9241c
span_id = 6916acdca1170b5f
parent_id = ddab71199b2b2cc5
start_time = 1682628698096164
end_time = 1682628698096263
inclusive_time = 99
exclusive_time = 99
process_id = p4
operationName = MmcGetMovieId
serviceName = movie-id-service
------------------------------------------------------------------------------------
