span = 0
trace_id = a5db7d8b77ab79d6
span_id = a5db7d8b77ab79d6
parent_id = None
start_time = 1682628698318000
end_time = 1682628698324008
inclusive_time = 6008
exclusive_time = 1031
process_id = p10
operationName = /wrk2-api/review/compose
serviceName = nginx
------------------------------------------------------------------------------------
span = 1
trace_id = a5db7d8b77ab79d6
span_id = 14ca664f4c26c2eb
parent_id = a5db7d8b77ab79d6
start_time = 1682628698319031
end_time = 1682628698324008
inclusive_time = 4977
exclusive_time = 105
process_id = p10
operationName = /wrk2-api/review/compose
serviceName = nginx
------------------------------------------------------------------------------------
span = 2
trace_id = a5db7d8b77ab79d6
span_id = b35499b953236367
parent_id = 14ca664f4c26c2eb
start_time = 1682628698319074
end_time = 1682628698323946
inclusive_time = 4872
exclusive_time = 249
process_id = p10
operationName = ComposeReview
serviceName = nginx
------------------------------------------------------------------------------------
span = 3
trace_id = a5db7d8b77ab79d6
span_id = 9ace023469874356
parent_id = b35499b953236367
start_time = 1682628698319342
end_time = 1682628698323868
inclusive_time = 4526
exclusive_time = 327
process_id = p1
operationName = UploadMovieId
serviceName = movie-id-service
------------------------------------------------------------------------------------
span = 4
trace_id = a5db7d8b77ab79d6
span_id = e139c475a974c4ec
parent_id = 9ace023469874356
start_time = 1682628698319802
end_time = 1682628698323732
inclusive_time = 3930
exclusive_time = 262
process_id = p9
operationName = UploadRating
serviceName = rating-service
------------------------------------------------------------------------------------
span = 5
trace_id = a5db7d8b77ab79d6
span_id = 374ecdeb7c194b84
parent_id = e139c475a974c4ec
start_time = 1682628698320190
end_time = 1682628698323633
inclusive_time = 3443
exclusive_time = 1337
process_id = p2
operationName = UploadRating
serviceName = compose-review-service
------------------------------------------------------------------------------------
span = 6
trace_id = a5db7d8b77ab79d6
span_id = 4993413a9d012350
parent_id = 374ecdeb7c194b84
start_time = 1682628698321613
end_time = 1682628698323514
inclusive_time = 1901
exclusive_time = 26
process_id = p5
operationName = UploadMovieReview
serviceName = movie-review-service
------------------------------------------------------------------------------------
span = 7
trace_id = a5db7d8b77ab79d6
span_id = 6920a690bb8b54e3
parent_id = 4993413a9d012350
start_time = 1682628698321639
end_time = 1682628698323517
inclusive_time = 1878
exclusive_time = 1878
process_id = p5
operationName = MongoFindMovie
serviceName = movie-review-service
------------------------------------------------------------------------------------
span = 8
trace_id = a5db7d8b77ab79d6
span_id = 4e2402bb513a5b60
parent_id = 9ace023469874356
start_time = 1682628698319608
end_time = 1682628698319708
inclusive_time = 100
exclusive_time = 100
process_id = p1
operationName = MmcSetMovieId
serviceName = movie-id-service
------------------------------------------------------------------------------------
span = 9
trace_id = a5db7d8b77ab79d6
span_id = efa6ced7e2e311e6
parent_id = 9ace023469874356
start_time = 1682628698319371
end_time = 1682628698319485
inclusive_time = 114
exclusive_time = 114
process_id = p1
operationName = MmcGetMovieId
serviceName = movie-id-service
------------------------------------------------------------------------------------
