span = 0
trace_id = 3670ee2488fc3c04
span_id = 3670ee2488fc3c04
parent_id = None
start_time = 1682628698321000
end_time = 1682628698325940
inclusive_time = 4940
exclusive_time = 673
process_id = p10
operationName = /wrk2-api/review/compose
serviceName = nginx
------------------------------------------------------------------------------------
span = 1
trace_id = 3670ee2488fc3c04
span_id = 09f2bdd23e9e200d
parent_id = 3670ee2488fc3c04
start_time = 1682628698321673
end_time = 1682628698325940
inclusive_time = 4267
exclusive_time = 96
process_id = p10
operationName = /wrk2-api/review/compose
serviceName = nginx
------------------------------------------------------------------------------------
span = 2
trace_id = 3670ee2488fc3c04
span_id = 7faf030044ca21a5
parent_id = 09f2bdd23e9e200d
start_time = 1682628698321715
end_time = 1682628698325886
inclusive_time = 4171
exclusive_time = 409
process_id = p10
operationName = ComposeReview
serviceName = nginx
------------------------------------------------------------------------------------
span = 3
trace_id = 3670ee2488fc3c04
span_id = 87ea5692abca6220
parent_id = 7faf030044ca21a5
start_time = 1682628698322875
end_time = 1682628698325814
inclusive_time = 2939
exclusive_time = 310
process_id = p7
operationName = UploadUserWithUsername
serviceName = user-service
------------------------------------------------------------------------------------
span = 4
trace_id = 3670ee2488fc3c04
span_id = 6e8e5bdf39cfd96d
parent_id = 87ea5692abca6220
start_time = 1682628698323171
end_time = 1682628698325701
inclusive_time = 2530
exclusive_time = 945
process_id = p2
operationName = UploadUserId
serviceName = compose-review-service
------------------------------------------------------------------------------------
span = 5
trace_id = 3670ee2488fc3c04
span_id = 81e089ae7c1eee88
parent_id = 6e8e5bdf39cfd96d
start_time = 1682628698324027
end_time = 1682628698325576
inclusive_time = 1549
exclusive_time = 26
process_id = p6
operationName = UploadUserReview
serviceName = user-review-service
------------------------------------------------------------------------------------
span = 6
trace_id = 3670ee2488fc3c04
span_id = e64524c7ed5d372d
parent_id = 81e089ae7c1eee88
start_time = 1682628698324053
end_time = 1682628698325579
inclusive_time = 1526
exclusive_time = 1526
process_id = p6
operationName = MongoFindUser
serviceName = user-review-service
------------------------------------------------------------------------------------
span = 7
trace_id = 3670ee2488fc3c04
span_id = 3f0d3751e4e9c913
parent_id = 87ea5692abca6220
start_time = 1682628698322892
end_time = 1682628698322991
inclusive_time = 99
exclusive_time = 99
process_id = p7
operationName = MmcGetUserId
serviceName = user-service
------------------------------------------------------------------------------------
span = 8
trace_id = 3670ee2488fc3c04
span_id = 4b7304d6c75ca912
parent_id = 7faf030044ca21a5
start_time = 1682628698322157
end_time = 1682628698322864
inclusive_time = 707
exclusive_time = 248
process_id = p3
operationName = UploadUniqueId
serviceName = unique-id-service
------------------------------------------------------------------------------------
span = 9
trace_id = 3670ee2488fc3c04
span_id = a9b66b7682ca9601
parent_id = 4b7304d6c75ca912
start_time = 1682628698322334
end_time = 1682628698322793
inclusive_time = 459
exclusive_time = 459
process_id = p2
operationName = UploadUniqueId
serviceName = compose-review-service
------------------------------------------------------------------------------------
