span = 0
trace_id = 2d51a355c4dc2082
span_id = 2d51a355c4dc2082
parent_id = None
start_time = 1682628698222000
end_time = 1682628698226169
inclusive_time = 4169
exclusive_time = 623
process_id = p6
operationName = /wrk2-api/review/compose
serviceName = nginx
call path = 
------------------------------------------------------------------------------------
span = 1
trace_id = 2d51a355c4dc2082
span_id = 9e9293e058344c4e
parent_id = 2d51a355c4dc2082
start_time = 1682628698222623
end_time = 1682628698226169
inclusive_time = 3546
exclusive_time = 129
process_id = p6
operationName = /wrk2-api/review/compose
serviceName = nginx
call path = ->/wrk2-api/review/compose_nginx
------------------------------------------------------------------------------------
span = 2
trace_id = 2d51a355c4dc2082
span_id = 7536545a8882cefe
parent_id = 9e9293e058344c4e
start_time = 1682628698222693
end_time = 1682628698226110
inclusive_time = 3417
exclusive_time = 411
process_id = p6
operationName = ComposeReview
serviceName = nginx
call path = ->/wrk2-api/review/compose_nginx->/wrk2-api/review/compose_nginx
------------------------------------------------------------------------------------
span = 3
trace_id = 2d51a355c4dc2082
span_id = 7fa7d9bb632b2ded
parent_id = 7536545a8882cefe
start_time = 1682628698223018
end_time = 1682628698226024
inclusive_time = 3006
exclusive_time = 257
process_id = p3
operationName = UploadMovieId
serviceName = movie-id-service
call path = ->/wrk2-api/review/compose_nginx->/wrk2-api/review/compose_nginx->ComposeReview_nginx
------------------------------------------------------------------------------------
span = 4
trace_id = 2d51a355c4dc2082
span_id = 103149093541328d
parent_id = 7fa7d9bb632b2ded
start_time = 1682628698223449
end_time = 1682628698225927
inclusive_time = 2478
exclusive_time = 260
process_id = p10
operationName = UploadRating
serviceName = rating-service
call path = ->/wrk2-api/review/compose_nginx->/wrk2-api/review/compose_nginx->ComposeReview_nginx->UploadMovieId_movie-id-service
------------------------------------------------------------------------------------
span = 5
trace_id = 2d51a355c4dc2082
span_id = c20d8ff7da76f5f7
parent_id = 103149093541328d
start_time = 1682628698223677
end_time = 1682628698225817
inclusive_time = 2140
exclusive_time = 975
process_id = p2
operationName = UploadRating
serviceName = compose-review-service
call path = ->/wrk2-api/review/compose_nginx->/wrk2-api/review/compose_nginx->ComposeReview_nginx->UploadMovieId_movie-id-service->UploadRating_rating-service
------------------------------------------------------------------------------------
span = 6
trace_id = 2d51a355c4dc2082
span_id = 1cb032377aad0a03
parent_id = c20d8ff7da76f5f7
start_time = 1682628698224641
end_time = 1682628698225654
inclusive_time = 1013
exclusive_time = 17
process_id = p1
operationName = UploadUserReview
serviceName = user-review-service
call path = ->/wrk2-api/review/compose_nginx->/wrk2-api/review/compose_nginx->ComposeReview_nginx->UploadMovieId_movie-id-service->UploadRating_rating-service->UploadRating_compose-review-service
------------------------------------------------------------------------------------
span = 7
trace_id = 2d51a355c4dc2082
span_id = e4a337f5d340d371
parent_id = 1cb032377aad0a03
start_time = 1682628698224658
end_time = 1682628698225662
inclusive_time = 1004
exclusive_time = 1004
process_id = p1
operationName = MongoFindUser
serviceName = user-review-service
call path = ->/wrk2-api/review/compose_nginx->/wrk2-api/review/compose_nginx->ComposeReview_nginx->UploadMovieId_movie-id-service->UploadRating_rating-service->UploadRating_compose-review-service->UploadUserReview_user-review-service
------------------------------------------------------------------------------------
span = 8
trace_id = 2d51a355c4dc2082
span_id = b9f95bd76b1b4f4e
parent_id = 7fa7d9bb632b2ded
start_time = 1682628698223310
end_time = 1682628698223447
inclusive_time = 137
exclusive_time = 137
process_id = p3
operationName = MmcSetMovieId
serviceName = movie-id-service
call path = ->/wrk2-api/review/compose_nginx->/wrk2-api/review/compose_nginx->ComposeReview_nginx->UploadMovieId_movie-id-service
------------------------------------------------------------------------------------
span = 9
trace_id = 2d51a355c4dc2082
span_id = 0b960457a2b2893d
parent_id = 7fa7d9bb632b2ded
start_time = 1682628698223037
end_time = 1682628698223169
inclusive_time = 132
exclusive_time = 132
process_id = p3
operationName = MmcGetMovieId
serviceName = movie-id-service
call path = ->/wrk2-api/review/compose_nginx->/wrk2-api/review/compose_nginx->ComposeReview_nginx->UploadMovieId_movie-id-service
------------------------------------------------------------------------------------
