span 0
span_id = cec17b8778a39927
parent_id = None
start_time = 1682628698271000
end_time = 1682628698276292
inclusive_time = 5292
exclusive_time = 724
process_id = p3
operationName = /wrk2-api/review/compose
serviceName = None
------------------------------------------------------------------------------------
span 1
span_id = ba04a1111d6c8512
parent_id = cec17b8778a39927
start_time = 1682628698271723
end_time = 1682628698276291
inclusive_time = 4568
exclusive_time = 104
process_id = p3
operationName = /wrk2-api/review/compose
serviceName = None
------------------------------------------------------------------------------------
span 2
span_id = 99f1a235fff092c6
parent_id = ba04a1111d6c8512
start_time = 1682628698271773
end_time = 1682628698276237
inclusive_time = 4464
exclusive_time = 731
process_id = p3
operationName = ComposeReview
serviceName = None
------------------------------------------------------------------------------------
span 3
span_id = aaf9816e6f886a31
parent_id = 99f1a235fff092c6
start_time = 1682628698272080
end_time = 1682628698275716
inclusive_time = 3636
exclusive_time = 302
process_id = p6
operationName = UploadMovieId
serviceName = None
------------------------------------------------------------------------------------
span 4
span_id = 816afc1d9e560536
parent_id = aaf9816e6f886a31
start_time = 1682628698272534
end_time = 1682628698275588
inclusive_time = 3054
exclusive_time = 357
process_id = p10
operationName = UploadRating
serviceName = None
------------------------------------------------------------------------------------
span 5
span_id = 89700af3d9a63da6
parent_id = 816afc1d9e560536
start_time = 1682628698273235
end_time = 1682628698275480
inclusive_time = 2245
exclusive_time = 929
process_id = p5
operationName = UploadRating
serviceName = None
------------------------------------------------------------------------------------
span 6
span_id = d8130b0204d227f1
parent_id = 89700af3d9a63da6
start_time = 1682628698274125
end_time = 1682628698275360
inclusive_time = 1235
exclusive_time = 25
process_id = p1
operationName = UploadMovieReview
serviceName = None
------------------------------------------------------------------------------------
span 7
span_id = 6e38809183dfee10
parent_id = d8130b0204d227f1
start_time = 1682628698274150
end_time = 1682628698275365
inclusive_time = 1215
exclusive_time = 1215
process_id = p1
operationName = MongoFindMovie
serviceName = None
------------------------------------------------------------------------------------
span 8
span_id = 4d7b7cccdd05d3c5
parent_id = 816afc1d9e560536
start_time = 1682628698272636
end_time = 1682628698273088
inclusive_time = 452
exclusive_time = 452
process_id = p10
operationName = RedisInsert
serviceName = None
------------------------------------------------------------------------------------
span 9
span_id = a3262bbce1217c91
parent_id = aaf9816e6f886a31
start_time = 1682628698272356
end_time = 1682628698272486
inclusive_time = 130
exclusive_time = 130
process_id = p6
operationName = MmcSetMovieId
serviceName = None
------------------------------------------------------------------------------------
span 10
span_id = e3c704bb96b6b4fb
parent_id = aaf9816e6f886a31
start_time = 1682628698272110
end_time = 1682628698272212
inclusive_time = 102
exclusive_time = 102
process_id = p6
operationName = MmcGetMovieId
serviceName = None
------------------------------------------------------------------------------------
