span = 0
trace_id = 33cf534de3149ba0
span_id = 33cf534de3149ba0
parent_id = None
start_time = 1682628697966000
end_time = 1682628697971990
inclusive_time = 5990
exclusive_time = 1037
process_id = p5
operationName = /wrk2-api/review/compose
serviceName = nginx
------------------------------------------------------------------------------------
span = 1
trace_id = 33cf534de3149ba0
span_id = ec820feedace78a0
parent_id = 33cf534de3149ba0
start_time = 1682628697967036
end_time = 1682628697971989
inclusive_time = 4953
exclusive_time = 91
process_id = p5
operationName = /wrk2-api/review/compose
serviceName = nginx
------------------------------------------------------------------------------------
span = 2
trace_id = 33cf534de3149ba0
span_id = f66b4ed9ec667ad0
parent_id = ec820feedace78a0
start_time = 1682628697967081
end_time = 1682628697971943
inclusive_time = 4862
exclusive_time = 645
process_id = p5
operationName = ComposeReview
serviceName = nginx
------------------------------------------------------------------------------------
span = 3
trace_id = 33cf534de3149ba0
span_id = d0d059be646abd14
parent_id = f66b4ed9ec667ad0
start_time = 1682628697967364
end_time = 1682628697971476
inclusive_time = 4112
exclusive_time = 347
process_id = p7
operationName = UploadMovieId
serviceName = movie-id-service
------------------------------------------------------------------------------------
span = 4
trace_id = 33cf534de3149ba0
span_id = 06a8ea489edbd700
parent_id = d0d059be646abd14
start_time = 1682628697967911
end_time = 1682628697971355
inclusive_time = 3444
exclusive_time = 220
process_id = p3
operationName = UploadRating
serviceName = rating-service
------------------------------------------------------------------------------------
span = 5
trace_id = 33cf534de3149ba0
span_id = 98e82bc35d9056b0
parent_id = 06a8ea489edbd700
start_time = 1682628697968060
end_time = 1682628697971241
inclusive_time = 3181
exclusive_time = 1224
process_id = p2
operationName = UploadRating
serviceName = compose-review-service
------------------------------------------------------------------------------------
span = 6
trace_id = 33cf534de3149ba0
span_id = 4a36dbf22860b8d7
parent_id = 98e82bc35d9056b0
start_time = 1682628697969550
end_time = 1682628697971063
inclusive_time = 1513
exclusive_time = 34
process_id = p6
operationName = UploadMovieReview
serviceName = movie-review-service
------------------------------------------------------------------------------------
span = 7
trace_id = 33cf534de3149ba0
span_id = d6767eadea7c98bf
parent_id = 4a36dbf22860b8d7
start_time = 1682628697969584
end_time = 1682628697971068
inclusive_time = 1484
exclusive_time = 1484
process_id = p6
operationName = MongoFindMovie
serviceName = movie-review-service
------------------------------------------------------------------------------------
span = 8
trace_id = 33cf534de3149ba0
span_id = c0a3784b2826d287
parent_id = 98e82bc35d9056b0
start_time = 1682628697969106
end_time = 1682628697969451
inclusive_time = 345
exclusive_time = 41
process_id = p8
operationName = StoreReview
serviceName = review-storage-service
------------------------------------------------------------------------------------
span = 9
trace_id = 33cf534de3149ba0
span_id = 80daaa83108d3bcf
parent_id = c0a3784b2826d287
start_time = 1682628697969131
end_time = 1682628697969435
inclusive_time = 304
exclusive_time = 304
process_id = p8
operationName = MongoInsertReview
serviceName = review-storage-service
------------------------------------------------------------------------------------
span = 10
trace_id = 33cf534de3149ba0
span_id = 2ce99960a248419e
parent_id = d0d059be646abd14
start_time = 1682628697967648
end_time = 1682628697967758
inclusive_time = 110
exclusive_time = 110
process_id = p7
operationName = MmcSetMovieId
serviceName = movie-id-service
------------------------------------------------------------------------------------
span = 11
trace_id = 33cf534de3149ba0
span_id = ffdb98156b7da52c
parent_id = d0d059be646abd14
start_time = 1682628697967384
end_time = 1682628697967495
inclusive_time = 111
exclusive_time = 111
process_id = p7
operationName = MmcGetMovieId
serviceName = movie-id-service
------------------------------------------------------------------------------------
