span = 0
span_id = 8df0abc5e378bcc8
parent_id = None
start_time = 1682628697918000
end_time = 1682628697922122
inclusive_time = 4122
exclusive_time = 397
process_id = p8
operationName = /wrk2-api/review/compose
serviceName = nginx
------------------------------------------------------------------------------------
span = 1
span_id = 6a5e1af3e9b4d327
parent_id = 8df0abc5e378bcc8
start_time = 1682628697918397
end_time = 1682628697922122
inclusive_time = 3725
exclusive_time = 102
process_id = p8
operationName = /wrk2-api/review/compose
serviceName = nginx
------------------------------------------------------------------------------------
span = 2
span_id = 0da3b824509d122b
parent_id = 6a5e1af3e9b4d327
start_time = 1682628697918441
end_time = 1682628697922064
inclusive_time = 3623
exclusive_time = 303
process_id = p8
operationName = ComposeReview
serviceName = nginx
------------------------------------------------------------------------------------
span = 3
span_id = 98c35327c64883eb
parent_id = 0da3b824509d122b
start_time = 1682628697918784
end_time = 1682628697921976
inclusive_time = 3192
exclusive_time = 536
process_id = p7
operationName = UploadMovieId
serviceName = movie-id-service
------------------------------------------------------------------------------------
span = 4
span_id = e5db14d030eb2c92
parent_id = 98c35327c64883eb
start_time = 1682628697919329
end_time = 1682628697921834
inclusive_time = 2505
exclusive_time = 249
process_id = p5
operationName = UploadRating
serviceName = rating-service
------------------------------------------------------------------------------------
span = 5
span_id = 27ed915b600ccb65
parent_id = e5db14d030eb2c92
start_time = 1682628697919498
end_time = 1682628697921708
inclusive_time = 2210
exclusive_time = 991
process_id = p4
operationName = UploadRating
serviceName = compose-review-service
------------------------------------------------------------------------------------
span = 6
span_id = 979d871e1d98be44
parent_id = 27ed915b600ccb65
start_time = 1682628697920334
end_time = 1682628697921543
inclusive_time = 1209
exclusive_time = 26
process_id = p3
operationName = UploadUserReview
serviceName = user-review-service
------------------------------------------------------------------------------------
span = 7
span_id = 1177eee4263fe04f
parent_id = 979d871e1d98be44
start_time = 1682628697920360
end_time = 1682628697921548
inclusive_time = 1188
exclusive_time = 1188
process_id = p3
operationName = MongoFindUser
serviceName = user-review-service
------------------------------------------------------------------------------------
span = 8
span_id = 7dded6cad1e45276
parent_id = 98c35327c64883eb
start_time = 1682628697918802
end_time = 1682628697918921
inclusive_time = 119
exclusive_time = 119
process_id = p7
operationName = MmcGetMovieId
serviceName = movie-id-service
------------------------------------------------------------------------------------
