span 0
span_id = af816210276009ae
parent_id = None
start_time = 1682628698023000
end_time = 1682628698026975
inclusive_time = 3975
exclusive_time = 161
process_id = p2
operationName = /wrk2-api/review/compose
serviceName = None
------------------------------------------------------------------------------------
span 1
span_id = a3e335fa558f78cb
parent_id = af816210276009ae
start_time = 1682628698023160
end_time = 1682628698026974
inclusive_time = 3814
exclusive_time = 89
process_id = p2
operationName = /wrk2-api/review/compose
serviceName = None
------------------------------------------------------------------------------------
span 2
span_id = a195827c9cf3c735
parent_id = a3e335fa558f78cb
start_time = 1682628698023201
end_time = 1682628698026926
inclusive_time = 3725
exclusive_time = 292
process_id = p2
operationName = ComposeReview
serviceName = None
------------------------------------------------------------------------------------
span 3
span_id = 69713487f785dbe6
parent_id = a195827c9cf3c735
start_time = 1682628698023520
end_time = 1682628698026844
inclusive_time = 3324
exclusive_time = 523
process_id = p1
operationName = UploadMovieId
serviceName = None
------------------------------------------------------------------------------------
span 4
span_id = 4e03011a919939f9
parent_id = 69713487f785dbe6
start_time = 1682628698024022
end_time = 1682628698026548
inclusive_time = 2526
exclusive_time = 1199
process_id = p4
operationName = UploadMovieId
serviceName = None
------------------------------------------------------------------------------------
span 5
span_id = 37da372fe2ab120e
parent_id = 4e03011a919939f9
start_time = 1682628698025228
end_time = 1682628698026334
inclusive_time = 1106
exclusive_time = 38
process_id = p7
operationName = UploadMovieReview
serviceName = None
------------------------------------------------------------------------------------
span 6
span_id = 469d7fa563006de1
parent_id = 37da372fe2ab120e
start_time = 1682628698025266
end_time = 1682628698026338
inclusive_time = 1072
exclusive_time = 1072
process_id = p7
operationName = MongoFindMovie
serviceName = None
------------------------------------------------------------------------------------
span 7
span_id = 52cc49989d0768ba
parent_id = 69713487f785dbe6
start_time = 1682628698023879
end_time = 1682628698023967
inclusive_time = 88
exclusive_time = 88
process_id = p1
operationName = MmcSetMovieId
serviceName = None
------------------------------------------------------------------------------------
span 8
span_id = 037489a6ec13cc13
parent_id = 69713487f785dbe6
start_time = 1682628698023543
end_time = 1682628698023730
inclusive_time = 187
exclusive_time = 187
process_id = p1
operationName = MmcGetMovieId
serviceName = None
------------------------------------------------------------------------------------
