span 0
span_id = fa1d329f534183e3
parent_id = None
start_time = 1682628698118000
end_time = 1682628698123180
inclusive_time = 5180
exclusive_time = 466
process_id = p7
operationName = /wrk2-api/review/compose
serviceName = None
------------------------------------------------------------------------------------
span 1
span_id = dc0d6612e5603b44
parent_id = fa1d329f534183e3
start_time = 1682628698118466
end_time = 1682628698123180
inclusive_time = 4714
exclusive_time = 97
process_id = p7
operationName = /wrk2-api/review/compose
serviceName = None
------------------------------------------------------------------------------------
span 2
span_id = 8a179085315f4cf9
parent_id = dc0d6612e5603b44
start_time = 1682628698118505
end_time = 1682628698123122
inclusive_time = 4617
exclusive_time = 547
process_id = p7
operationName = ComposeReview
serviceName = None
------------------------------------------------------------------------------------
span 3
span_id = 79ee54bc614baf45
parent_id = 8a179085315f4cf9
start_time = 1682628698118844
end_time = 1682628698122784
inclusive_time = 3940
exclusive_time = 391
process_id = p2
operationName = UploadMovieId
serviceName = None
------------------------------------------------------------------------------------
span 4
span_id = eed326f2c5625945
parent_id = 79ee54bc614baf45
start_time = 1682628698119408
end_time = 1682628698122613
inclusive_time = 3205
exclusive_time = 253
process_id = p4
operationName = UploadRating
serviceName = None
------------------------------------------------------------------------------------
span 5
span_id = 17aa7b1ae04cb737
parent_id = eed326f2c5625945
start_time = 1682628698119591
end_time = 1682628698122480
inclusive_time = 2889
exclusive_time = 1513
process_id = p5
operationName = UploadRating
serviceName = None
------------------------------------------------------------------------------------
span 6
span_id = 3bd2142171bf569c
parent_id = 17aa7b1ae04cb737
start_time = 1682628698120600
end_time = 1682628698121850
inclusive_time = 1250
exclusive_time = 28
process_id = p3
operationName = UploadUserReview
serviceName = None
------------------------------------------------------------------------------------
span 7
span_id = 14fc927d9484363e
parent_id = 3bd2142171bf569c
start_time = 1682628698120628
end_time = 1682628698121855
inclusive_time = 1227
exclusive_time = 1227
process_id = p3
operationName = MongoFindUser
serviceName = None
------------------------------------------------------------------------------------
span 8
span_id = 64a764b9d4712b4c
parent_id = 79ee54bc614baf45
start_time = 1682628698119126
end_time = 1682628698119237
inclusive_time = 111
exclusive_time = 111
process_id = p2
operationName = MmcSetMovieId
serviceName = None
------------------------------------------------------------------------------------
span 9
span_id = 78184b1e2c4e9ff0
parent_id = 79ee54bc614baf45
start_time = 1682628698118859
end_time = 1682628698118972
inclusive_time = 113
exclusive_time = 113
process_id = p2
operationName = MmcGetMovieId
serviceName = None
------------------------------------------------------------------------------------
