span = 0
span_id = acf8dd9654a52082
parent_id = None
start_time = 1682628697973000
end_time = 1682628697982138
inclusive_time = 9138
exclusive_time = 618
process_id = p6
operationName = /wrk2-api/review/compose
serviceName = nginx
------------------------------------------------------------------------------------
span = 1
span_id = 3cd7eb8a75310e33
parent_id = acf8dd9654a52082
start_time = 1682628697973618
end_time = 1682628697982138
inclusive_time = 8520
exclusive_time = 89
process_id = p6
operationName = /wrk2-api/review/compose
serviceName = nginx
------------------------------------------------------------------------------------
span = 2
span_id = 97e261bd99d27c9f
parent_id = 3cd7eb8a75310e33
start_time = 1682628697973662
end_time = 1682628697982093
inclusive_time = 8431
exclusive_time = 3602
process_id = p6
operationName = ComposeReview
serviceName = nginx
------------------------------------------------------------------------------------
span = 3
span_id = c55ce869585a0c7e
parent_id = 97e261bd99d27c9f
start_time = 1682628697978544
end_time = 1682628697981809
inclusive_time = 3265
exclusive_time = 405
process_id = p5
operationName = UploadMovieId
serviceName = movie-id-service
------------------------------------------------------------------------------------
span = 4
span_id = e873b8417b60ccc0
parent_id = c55ce869585a0c7e
start_time = 1682628697979049
end_time = 1682628697981659
inclusive_time = 2610
exclusive_time = 295
process_id = p2
operationName = UploadRating
serviceName = rating-service
------------------------------------------------------------------------------------
span = 5
span_id = 87327537b331d3b4
parent_id = e873b8417b60ccc0
start_time = 1682628697979207
end_time = 1682628697981502
inclusive_time = 2295
exclusive_time = 1146
process_id = p1
operationName = UploadRating
serviceName = compose-review-service
------------------------------------------------------------------------------------
span = 6
span_id = 41fc275b78276173
parent_id = 87327537b331d3b4
start_time = 1682628697980227
end_time = 1682628697981376
inclusive_time = 1149
exclusive_time = 27
process_id = p8
operationName = UploadUserReview
serviceName = user-review-service
------------------------------------------------------------------------------------
span = 7
span_id = c248dba2836a86df
parent_id = 41fc275b78276173
start_time = 1682628697980254
end_time = 1682628697981379
inclusive_time = 1125
exclusive_time = 1125
process_id = p8
operationName = MongoFindUser
serviceName = user-review-service
------------------------------------------------------------------------------------
span = 8
span_id = f64033204cc18154
parent_id = c55ce869585a0c7e
start_time = 1682628697978817
end_time = 1682628697978891
inclusive_time = 74
exclusive_time = 74
process_id = p5
operationName = MmcSetMovieId
serviceName = movie-id-service
------------------------------------------------------------------------------------
span = 9
span_id = c5f0f7cf0fec0b77
parent_id = c55ce869585a0c7e
start_time = 1682628697978556
end_time = 1682628697978632
inclusive_time = 76
exclusive_time = 76
process_id = p5
operationName = MmcGetMovieId
serviceName = movie-id-service
------------------------------------------------------------------------------------
span = 10
span_id = a6cb587cbd3987d4
parent_id = 97e261bd99d27c9f
start_time = 1682628697973835
end_time = 1682628697975399
inclusive_time = 1564
exclusive_time = 262
process_id = p10
operationName = UploadUserWithUsername
serviceName = user-service
------------------------------------------------------------------------------------
span = 11
span_id = eae08bd0767814c6
parent_id = a6cb587cbd3987d4
start_time = 1682628697974826
end_time = 1682628697975334
inclusive_time = 508
exclusive_time = 508
process_id = p1
operationName = UploadUserId
serviceName = compose-review-service
------------------------------------------------------------------------------------
span = 12
span_id = 5f9edda34da9c3da
parent_id = a6cb587cbd3987d4
start_time = 1682628697973848
end_time = 1682628697974642
inclusive_time = 794
exclusive_time = 794
process_id = p10
operationName = MmcGetUserId
serviceName = user-service
------------------------------------------------------------------------------------
