span = 0
trace_id = 5b28b9c618c76805
span_id = 5b28b9c618c76805
parent_id = None
start_time = 1682628698242000
end_time = 1682628698245855
inclusive_time = 3855
exclusive_time = 211
process_id = p5
operationName = /wrk2-api/review/compose
serviceName = nginx
call path = 
------------------------------------------------------------------------------------
span = 1
trace_id = 5b28b9c618c76805
span_id = d2e6507b72d65494
parent_id = 5b28b9c618c76805
start_time = 1682628698242210
end_time = 1682628698245854
inclusive_time = 3644
exclusive_time = 97
process_id = p5
operationName = /wrk2-api/review/compose
serviceName = nginx
call path = ->/wrk2-api/review/compose_nginx
------------------------------------------------------------------------------------
span = 2
trace_id = 5b28b9c618c76805
span_id = 07c07f9ecc4b16be
parent_id = d2e6507b72d65494
start_time = 1682628698242244
end_time = 1682628698245791
inclusive_time = 3547
exclusive_time = 264
process_id = p5
operationName = ComposeReview
serviceName = nginx
call path = ->/wrk2-api/review/compose_nginx->/wrk2-api/review/compose_nginx
------------------------------------------------------------------------------------
span = 3
trace_id = 5b28b9c618c76805
span_id = 31c0ef70ad2ebfb9
parent_id = 07c07f9ecc4b16be
start_time = 1682628698242480
end_time = 1682628698245681
inclusive_time = 3201
exclusive_time = 339
process_id = p1
operationName = UploadMovieId
serviceName = movie-id-service
call path = ->/wrk2-api/review/compose_nginx->/wrk2-api/review/compose_nginx->ComposeReview_nginx
------------------------------------------------------------------------------------
span = 4
trace_id = 5b28b9c618c76805
span_id = d8b6f3681f3a7994
parent_id = 31c0ef70ad2ebfb9
start_time = 1682628698242996
end_time = 1682628698245550
inclusive_time = 2554
exclusive_time = 402
process_id = p10
operationName = UploadRating
serviceName = rating-service
call path = ->/wrk2-api/review/compose_nginx->/wrk2-api/review/compose_nginx->ComposeReview_nginx->UploadMovieId_movie-id-service
------------------------------------------------------------------------------------
span = 5
trace_id = 5b28b9c618c76805
span_id = f51bbaa8f4b19af2
parent_id = d8b6f3681f3a7994
start_time = 1682628698243165
end_time = 1682628698245271
inclusive_time = 2106
exclusive_time = 921
process_id = p2
operationName = UploadRating
serviceName = compose-review-service
call path = ->/wrk2-api/review/compose_nginx->/wrk2-api/review/compose_nginx->ComposeReview_nginx->UploadMovieId_movie-id-service->UploadRating_rating-service
------------------------------------------------------------------------------------
span = 6
trace_id = 5b28b9c618c76805
span_id = 727a1035638e9d73
parent_id = f51bbaa8f4b19af2
start_time = 1682628698244005
end_time = 1682628698245131
inclusive_time = 1126
exclusive_time = 24
process_id = p3
operationName = UploadMovieReview
serviceName = movie-review-service
call path = ->/wrk2-api/review/compose_nginx->/wrk2-api/review/compose_nginx->ComposeReview_nginx->UploadMovieId_movie-id-service->UploadRating_rating-service->UploadRating_compose-review-service
------------------------------------------------------------------------------------
span = 7
trace_id = 5b28b9c618c76805
span_id = 35e50702481e46f8
parent_id = 727a1035638e9d73
start_time = 1682628698244029
end_time = 1682628698245136
inclusive_time = 1107
exclusive_time = 1107
process_id = p3
operationName = MongoFindMovie
serviceName = movie-review-service
call path = ->/wrk2-api/review/compose_nginx->/wrk2-api/review/compose_nginx->ComposeReview_nginx->UploadMovieId_movie-id-service->UploadRating_rating-service->UploadRating_compose-review-service->UploadMovieReview_movie-review-service
------------------------------------------------------------------------------------
span = 8
trace_id = 5b28b9c618c76805
span_id = a58763918b7d734a
parent_id = 31c0ef70ad2ebfb9
start_time = 1682628698242781
end_time = 1682628698242867
inclusive_time = 86
exclusive_time = 86
process_id = p1
operationName = MmcSetMovieId
serviceName = movie-id-service
call path = ->/wrk2-api/review/compose_nginx->/wrk2-api/review/compose_nginx->ComposeReview_nginx->UploadMovieId_movie-id-service
------------------------------------------------------------------------------------
span = 9
trace_id = 5b28b9c618c76805
span_id = 26ab8405f5c27c7b
parent_id = 31c0ef70ad2ebfb9
start_time = 1682628698242492
end_time = 1682628698242601
inclusive_time = 109
exclusive_time = 109
process_id = p1
operationName = MmcGetMovieId
serviceName = movie-id-service
call path = ->/wrk2-api/review/compose_nginx->/wrk2-api/review/compose_nginx->ComposeReview_nginx->UploadMovieId_movie-id-service
------------------------------------------------------------------------------------
