span = 0
trace_id = 873a0734b44dcc72
span_id = 873a0734b44dcc72
parent_id = None
start_time = 1682628698262000
end_time = 1682628698266654
inclusive_time = 4654
exclusive_time = 590
process_id = p3
operationName = /wrk2-api/review/compose
serviceName = nginx
------------------------------------------------------------------------------------
span = 1
trace_id = 873a0734b44dcc72
span_id = 81ed2487535bd93f
parent_id = 873a0734b44dcc72
start_time = 1682628698262590
end_time = 1682628698266654
inclusive_time = 4064
exclusive_time = 94
process_id = p3
operationName = /wrk2-api/review/compose
serviceName = nginx
------------------------------------------------------------------------------------
span = 2
trace_id = 873a0734b44dcc72
span_id = 89e023a94e9e3f12
parent_id = 81ed2487535bd93f
start_time = 1682628698262627
end_time = 1682628698266597
inclusive_time = 3970
exclusive_time = 297
process_id = p3
operationName = ComposeReview
serviceName = nginx
------------------------------------------------------------------------------------
span = 3
trace_id = 873a0734b44dcc72
span_id = 9a6090eeacba5369
parent_id = 89e023a94e9e3f12
start_time = 1682628698263108
end_time = 1682628698266529
inclusive_time = 3421
exclusive_time = 1084
process_id = p7
operationName = UploadUniqueId
serviceName = unique-id-service
------------------------------------------------------------------------------------
span = 4
trace_id = 873a0734b44dcc72
span_id = afd7ec84761f1921
parent_id = 9a6090eeacba5369
start_time = 1682628698264140
end_time = 1682628698266477
inclusive_time = 2337
exclusive_time = 1023
process_id = p5
operationName = UploadUniqueId
serviceName = compose-review-service
------------------------------------------------------------------------------------
span = 5
trace_id = 873a0734b44dcc72
span_id = ad083db96022a724
parent_id = afd7ec84761f1921
start_time = 1682628698265064
end_time = 1682628698266221
inclusive_time = 1157
exclusive_time = 30
process_id = p4
operationName = UploadUserReview
serviceName = user-review-service
------------------------------------------------------------------------------------
span = 6
trace_id = 873a0734b44dcc72
span_id = 82c477f598453996
parent_id = ad083db96022a724
start_time = 1682628698265094
end_time = 1682628698266225
inclusive_time = 1131
exclusive_time = 1131
process_id = p4
operationName = MongoFindUser
serviceName = user-review-service
------------------------------------------------------------------------------------
