span = 0
trace_id = 0e3be3628b4ac24c
span_id = 0e3be3628b4ac24c
parent_id = None
start_time = 1682628698299000
end_time = 1682628698303295
inclusive_time = 4295
exclusive_time = 222
process_id = p1
operationName = /wrk2-api/review/compose
serviceName = nginx
------------------------------------------------------------------------------------
span = 1
trace_id = 0e3be3628b4ac24c
span_id = a8c51f26ec1f91a8
parent_id = 0e3be3628b4ac24c
start_time = 1682628698299222
end_time = 1682628698303295
inclusive_time = 4073
exclusive_time = 100
process_id = p1
operationName = /wrk2-api/review/compose
serviceName = nginx
------------------------------------------------------------------------------------
span = 2
trace_id = 0e3be3628b4ac24c
span_id = 68b5950d7ec4abf9
parent_id = a8c51f26ec1f91a8
start_time = 1682628698299270
end_time = 1682628698303243
inclusive_time = 3973
exclusive_time = 278
process_id = p1
operationName = ComposeReview
serviceName = nginx
------------------------------------------------------------------------------------
span = 3
trace_id = 0e3be3628b4ac24c
span_id = f76b922aeeb19fdb
parent_id = 68b5950d7ec4abf9
start_time = 1682628698299687
end_time = 1682628698303151
inclusive_time = 3464
exclusive_time = 423
process_id = p4
operationName = UploadMovieId
serviceName = movie-id-service
------------------------------------------------------------------------------------
span = 4
trace_id = 0e3be3628b4ac24c
span_id = d4d7805ee80aa8fe
parent_id = f76b922aeeb19fdb
start_time = 1682628698300259
end_time = 1682628698303015
inclusive_time = 2756
exclusive_time = 276
process_id = p10
operationName = UploadRating
serviceName = rating-service
------------------------------------------------------------------------------------
span = 5
trace_id = 0e3be3628b4ac24c
span_id = 78222e3097429c72
parent_id = d4d7805ee80aa8fe
start_time = 1682628698300746
end_time = 1682628698302899
inclusive_time = 2153
exclusive_time = 916
process_id = p3
operationName = UploadRating
serviceName = compose-review-service
------------------------------------------------------------------------------------
span = 6
trace_id = 0e3be3628b4ac24c
span_id = 817e2fd802c45da2
parent_id = 78222e3097429c72
start_time = 1682628698301638
end_time = 1682628698302706
inclusive_time = 1068
exclusive_time = 29
process_id = p7
operationName = UploadMovieReview
serviceName = movie-review-service
------------------------------------------------------------------------------------
span = 7
trace_id = 0e3be3628b4ac24c
span_id = 2087e3c61c41db38
parent_id = 817e2fd802c45da2
start_time = 1682628698301667
end_time = 1682628698302717
inclusive_time = 1050
exclusive_time = 1050
process_id = p7
operationName = MongoFindMovie
serviceName = movie-review-service
------------------------------------------------------------------------------------
span = 8
trace_id = 0e3be3628b4ac24c
span_id = cebd5dd497aec329
parent_id = d4d7805ee80aa8fe
start_time = 1682628698300381
end_time = 1682628698300708
inclusive_time = 327
exclusive_time = 327
process_id = p10
operationName = RedisInsert
serviceName = rating-service
------------------------------------------------------------------------------------
span = 9
trace_id = 0e3be3628b4ac24c
span_id = c04e5986f27eed91
parent_id = f76b922aeeb19fdb
start_time = 1682628698299993
end_time = 1682628698300112
inclusive_time = 119
exclusive_time = 119
process_id = p4
operationName = MmcSetMovieId
serviceName = movie-id-service
------------------------------------------------------------------------------------
span = 10
trace_id = 0e3be3628b4ac24c
span_id = 24a7c1272c4ddd0c
parent_id = f76b922aeeb19fdb
start_time = 1682628698299712
end_time = 1682628698299792
inclusive_time = 80
exclusive_time = 80
process_id = p4
operationName = MmcGetMovieId
serviceName = movie-id-service
------------------------------------------------------------------------------------
