span = 0
trace_id = 39a668050be3e690
span_id = 39a668050be3e690
parent_id = None
start_time = 1682628698298000
end_time = 1682628698303003
inclusive_time = 5003
exclusive_time = 520
process_id = p1
operationName = /wrk2-api/review/compose
serviceName = nginx
------------------------------------------------------------------------------------
span = 1
trace_id = 39a668050be3e690
span_id = 5dd4927a1f596546
parent_id = 39a668050be3e690
start_time = 1682628698298520
end_time = 1682628698303003
inclusive_time = 4483
exclusive_time = 104
process_id = p1
operationName = /wrk2-api/review/compose
serviceName = nginx
------------------------------------------------------------------------------------
span = 2
trace_id = 39a668050be3e690
span_id = ced42a8bcc570a80
parent_id = 5dd4927a1f596546
start_time = 1682628698298562
end_time = 1682628698302941
inclusive_time = 4379
exclusive_time = 586
process_id = p1
operationName = ComposeReview
serviceName = nginx
------------------------------------------------------------------------------------
span = 3
trace_id = 39a668050be3e690
span_id = 1528923998a07c30
parent_id = ced42a8bcc570a80
start_time = 1682628698299173
end_time = 1682628698302792
inclusive_time = 3619
exclusive_time = 378
process_id = p4
operationName = UploadMovieId
serviceName = movie-id-service
------------------------------------------------------------------------------------
span = 4
trace_id = 39a668050be3e690
span_id = 7ccf0525bf2be1f8
parent_id = 1528923998a07c30
start_time = 1682628698299690
end_time = 1682628698302630
inclusive_time = 2940
exclusive_time = 203
process_id = p10
operationName = UploadRating
serviceName = rating-service
------------------------------------------------------------------------------------
span = 5
trace_id = 39a668050be3e690
span_id = 01c37ae28e2fa511
parent_id = 7ccf0525bf2be1f8
start_time = 1682628698299852
end_time = 1682628698302520
inclusive_time = 2668
exclusive_time = 1045
process_id = p3
operationName = UploadRating
serviceName = compose-review-service
------------------------------------------------------------------------------------
span = 6
trace_id = 39a668050be3e690
span_id = 2be9efc7dd36c864
parent_id = 01c37ae28e2fa511
start_time = 1682628698300787
end_time = 1682628698302387
inclusive_time = 1600
exclusive_time = 28
process_id = p2
operationName = UploadUserReview
serviceName = user-review-service
------------------------------------------------------------------------------------
span = 7
trace_id = 39a668050be3e690
span_id = 7a6ff1de1e094a0f
parent_id = 2be9efc7dd36c864
start_time = 1682628698300815
end_time = 1682628698302391
inclusive_time = 1576
exclusive_time = 1576
process_id = p2
operationName = MongoFindUser
serviceName = user-review-service
------------------------------------------------------------------------------------
span = 8
trace_id = 39a668050be3e690
span_id = efe07e761392de13
parent_id = 1528923998a07c30
start_time = 1682628698299491
end_time = 1682628698299657
inclusive_time = 166
exclusive_time = 166
process_id = p4
operationName = MmcSetMovieId
serviceName = movie-id-service
------------------------------------------------------------------------------------
span = 9
trace_id = 39a668050be3e690
span_id = 2edfa4709b91cd83
parent_id = 1528923998a07c30
start_time = 1682628698299184
end_time = 1682628698299286
inclusive_time = 102
exclusive_time = 102
process_id = p4
operationName = MmcGetMovieId
serviceName = movie-id-service
------------------------------------------------------------------------------------
