span = 0
trace_id = 71477795acde6b14
span_id = 71477795acde6b14
parent_id = None
start_time = 1682683095889000
end_time = 1682683095890031
inclusive_time = 1031
exclusive_time = 901
process_id = p1
operationName = 
serviceName = nginx
call path = 
------------------------------------------------------------------------------------
span = 1
trace_id = 71477795acde6b14
span_id = 5ab4535967fc7c2a
parent_id = 71477795acde6b14
start_time = 1682683095889900
end_time = 1682683095890030
inclusive_time = 130
exclusive_time = 130
process_id = p1
operationName = 
serviceName = nginx
call path = ->_nginx
------------------------------------------------------------------------------------
