span 0
span_id = 32ca7c06e3ecfeb3
parent_id = None
start_time = 1682628697977000
end_time = 1682628697981992
inclusive_time = 4992
exclusive_time = 632
process_id = p5
operationName = /wrk2-api/review/compose
serviceName = None
------------------------------------------------------------------------------------
span 1
span_id = 4e91e0a0e7838641
parent_id = 32ca7c06e3ecfeb3
start_time = 1682628697977632
end_time = 1682628697981992
inclusive_time = 4360
exclusive_time = 92
process_id = p5
operationName = /wrk2-api/review/compose
serviceName = None
------------------------------------------------------------------------------------
span 2
span_id = d6760725c1db349f
parent_id = 4e91e0a0e7838641
start_time = 1682628697977675
end_time = 1682628697981943
inclusive_time = 4268
exclusive_time = 536
process_id = p5
operationName = ComposeReview
serviceName = None
------------------------------------------------------------------------------------
span 3
span_id = 16963c813210975b
parent_id = d6760725c1db349f
start_time = 1682628697978192
end_time = 1682628697981603
inclusive_time = 3411
exclusive_time = 362
process_id = p4
operationName = UploadMovieId
serviceName = None
------------------------------------------------------------------------------------
span 4
span_id = 3831ff93cf8dbb62
parent_id = 16963c813210975b
start_time = 1682628697978580
end_time = 1682628697981457
inclusive_time = 2877
exclusive_time = 236
process_id = p1
operationName = UploadRating
serviceName = None
------------------------------------------------------------------------------------
span 5
span_id = f7ec959cffd1f87e
parent_id = 3831ff93cf8dbb62
start_time = 1682628697978788
end_time = 1682628697981347
inclusive_time = 2559
exclusive_time = 1116
process_id = p7
operationName = UploadRating
serviceName = None
------------------------------------------------------------------------------------
span 6
span_id = cd37cffe144c91e7
parent_id = f7ec959cffd1f87e
start_time = 1682628697979640
end_time = 1682628697981002
inclusive_time = 1362
exclusive_time = 31
process_id = p8
operationName = UploadUserReview
serviceName = None
------------------------------------------------------------------------------------
span 7
span_id = 677c7d12b29c2623
parent_id = cd37cffe144c91e7
start_time = 1682628697979671
end_time = 1682628697981010
inclusive_time = 1339
exclusive_time = 1339
process_id = p8
operationName = MongoFindUser
serviceName = None
------------------------------------------------------------------------------------
span 8
span_id = 55e6fbed765258a6
parent_id = 16963c813210975b
start_time = 1682628697978204
end_time = 1682628697978300
inclusive_time = 96
exclusive_time = 96
process_id = p4
operationName = MmcGetMovieId
serviceName = None
------------------------------------------------------------------------------------
