span 0
span_id = 9a3029d27cd05557
parent_id = None
start_time = 1682628698175000
end_time = 1682628698179983
inclusive_time = 4983
exclusive_time = 741
process_id = p7
operationName = /wrk2-api/review/compose
serviceName = None
------------------------------------------------------------------------------------
span 1
span_id = c0069875cebaa79d
parent_id = 9a3029d27cd05557
start_time = 1682628698175741
end_time = 1682628698179983
inclusive_time = 4242
exclusive_time = 96
process_id = p7
operationName = /wrk2-api/review/compose
serviceName = None
------------------------------------------------------------------------------------
span 2
span_id = 94a2b061d8b3cd1c
parent_id = c0069875cebaa79d
start_time = 1682628698175793
end_time = 1682628698179939
inclusive_time = 4146
exclusive_time = 276
process_id = p7
operationName = ComposeReview
serviceName = None
------------------------------------------------------------------------------------
span 3
span_id = ae35d15062c09cd6
parent_id = 94a2b061d8b3cd1c
start_time = 1682628698176062
end_time = 1682628698179857
inclusive_time = 3795
exclusive_time = 489
process_id = p5
operationName = UploadMovieId
serviceName = None
------------------------------------------------------------------------------------
span 4
span_id = b777b21430197622
parent_id = ae35d15062c09cd6
start_time = 1682628698176568
end_time = 1682628698179678
inclusive_time = 3110
exclusive_time = 304
process_id = p10
operationName = UploadRating
serviceName = None
------------------------------------------------------------------------------------
span 5
span_id = 675aaaa5b703b382
parent_id = b777b21430197622
start_time = 1682628698176745
end_time = 1682628698179551
inclusive_time = 2806
exclusive_time = 1106
process_id = p1
operationName = UploadRating
serviceName = None
------------------------------------------------------------------------------------
span 6
span_id = 8ba2b52cd6aebe6c
parent_id = 675aaaa5b703b382
start_time = 1682628698178170
end_time = 1682628698179450
inclusive_time = 1280
exclusive_time = 27
process_id = p2
operationName = UploadMovieReview
serviceName = None
------------------------------------------------------------------------------------
span 7
span_id = 7d63ce2fbfd50523
parent_id = 8ba2b52cd6aebe6c
start_time = 1682628698178197
end_time = 1682628698179454
inclusive_time = 1257
exclusive_time = 1257
process_id = p2
operationName = MongoFindMovie
serviceName = None
------------------------------------------------------------------------------------
span 8
span_id = 628e69e91a56d470
parent_id = 675aaaa5b703b382
start_time = 1682628698177750
end_time = 1682628698178030
inclusive_time = 280
exclusive_time = 40
process_id = p3
operationName = StoreReview
serviceName = None
------------------------------------------------------------------------------------
span 9
span_id = 4daf2bda50af35ff
parent_id = 628e69e91a56d470
start_time = 1682628698177778
end_time = 1682628698178018
inclusive_time = 240
exclusive_time = 240
process_id = p3
operationName = MongoInsertReview
serviceName = None
------------------------------------------------------------------------------------
span 10
span_id = 0ed700a25e52f653
parent_id = ae35d15062c09cd6
start_time = 1682628698176342
end_time = 1682628698176432
inclusive_time = 90
exclusive_time = 90
process_id = p5
operationName = MmcSetMovieId
serviceName = None
------------------------------------------------------------------------------------
span 11
span_id = faad6281f2f6303b
parent_id = ae35d15062c09cd6
start_time = 1682628698176083
end_time = 1682628698176189
inclusive_time = 106
exclusive_time = 106
process_id = p5
operationName = MmcGetMovieId
serviceName = None
------------------------------------------------------------------------------------
