span = 0
span_id = 39043e3b58002920
parent_id = None
start_time = 1682683095656000
end_time = 1682683095656995
inclusive_time = 995
exclusive_time = 849
process_id = p1
operationName = 
serviceName = nginx
------------------------------------------------------------------------------------
span = 1
span_id = 707a046e76b8762d
parent_id = 39043e3b58002920
start_time = 1682683095656849
end_time = 1682683095656995
inclusive_time = 146
exclusive_time = 146
process_id = p1
operationName = 
serviceName = nginx
------------------------------------------------------------------------------------
