span 0
span_id = 60c7a7db5e1fa2f4
parent_id = None
start_time = 1682628697887000
end_time = 1682628697891878
inclusive_time = 4878
exclusive_time = 1154
process_id = p3
operationName = /wrk2-api/review/compose
serviceName = None
------------------------------------------------------------------------------------
span 1
span_id = 0524300f0356d3f2
parent_id = 60c7a7db5e1fa2f4
start_time = 1682628697888154
end_time = 1682628697891878
inclusive_time = 3724
exclusive_time = 92
process_id = p3
operationName = /wrk2-api/review/compose
serviceName = None
------------------------------------------------------------------------------------
span 2
span_id = 8663c6b4c0edda86
parent_id = 0524300f0356d3f2
start_time = 1682628697888193
end_time = 1682628697891825
inclusive_time = 3632
exclusive_time = 537
process_id = p3
operationName = ComposeReview
serviceName = None
------------------------------------------------------------------------------------
span 3
span_id = c1a8711c19cd3d44
parent_id = 8663c6b4c0edda86
start_time = 1682628697888730
end_time = 1682628697891467
inclusive_time = 2737
exclusive_time = 322
process_id = p10
operationName = UploadUniqueId
serviceName = None
------------------------------------------------------------------------------------
span 4
span_id = 58a94729207d6b33
parent_id = c1a8711c19cd3d44
start_time = 1682628697888981
end_time = 1682628697891396
inclusive_time = 2415
exclusive_time = 1227
process_id = p1
operationName = UploadUniqueId
serviceName = None
------------------------------------------------------------------------------------
span 5
span_id = 91985d584ea89c6a
parent_id = 58a94729207d6b33
start_time = 1682628697890179
end_time = 1682628697891261
inclusive_time = 1082
exclusive_time = 18
process_id = p4
operationName = UploadMovieReview
serviceName = None
------------------------------------------------------------------------------------
span 6
span_id = 0b62050859b85842
parent_id = 91985d584ea89c6a
start_time = 1682628697890197
end_time = 1682628697891267
inclusive_time = 1070
exclusive_time = 1070
process_id = p4
operationName = MongoFindMovie
serviceName = None
------------------------------------------------------------------------------------
