span = 0
trace_id = bbaa458fc26595bb
span_id = bbaa458fc26595bb
parent_id = None
start_time = 1682628697965000
end_time = 1682628697970067
inclusive_time = 5067
exclusive_time = 532
process_id = p5
operationName = /wrk2-api/review/compose
serviceName = nginx
call path = 
------------------------------------------------------------------------------------
span = 1
trace_id = bbaa458fc26595bb
span_id = 9d8656250f302e88
parent_id = bbaa458fc26595bb
start_time = 1682628697965532
end_time = 1682628697970067
inclusive_time = 4535
exclusive_time = 98
process_id = p5
operationName = /wrk2-api/review/compose
serviceName = nginx
call path = ->/wrk2-api/review/compose_nginx
------------------------------------------------------------------------------------
span = 2
trace_id = bbaa458fc26595bb
span_id = 14d8330fc41a8151
parent_id = 9d8656250f302e88
start_time = 1682628697965568
end_time = 1682628697970005
inclusive_time = 4437
exclusive_time = 261
process_id = p5
operationName = ComposeReview
serviceName = nginx
call path = ->/wrk2-api/review/compose_nginx->/wrk2-api/review/compose_nginx
------------------------------------------------------------------------------------
span = 3
trace_id = bbaa458fc26595bb
span_id = ca28cc53e51ae0b7
parent_id = 14d8330fc41a8151
start_time = 1682628697965872
end_time = 1682628697969924
inclusive_time = 4052
exclusive_time = 276
process_id = p7
operationName = UploadMovieId
serviceName = movie-id-service
call path = ->/wrk2-api/review/compose_nginx->/wrk2-api/review/compose_nginx->ComposeReview_nginx
------------------------------------------------------------------------------------
span = 4
trace_id = bbaa458fc26595bb
span_id = 6d0f21bf241895b6
parent_id = ca28cc53e51ae0b7
start_time = 1682628697966276
end_time = 1682628697969815
inclusive_time = 3539
exclusive_time = 262
process_id = p3
operationName = UploadRating
serviceName = rating-service
call path = ->/wrk2-api/review/compose_nginx->/wrk2-api/review/compose_nginx->ComposeReview_nginx->UploadMovieId_movie-id-service
------------------------------------------------------------------------------------
span = 5
trace_id = bbaa458fc26595bb
span_id = 3d791aaee6622393
parent_id = 6d0f21bf241895b6
start_time = 1682628697966719
end_time = 1682628697969694
inclusive_time = 2975
exclusive_time = 1012
process_id = p2
operationName = UploadRating
serviceName = compose-review-service
call path = ->/wrk2-api/review/compose_nginx->/wrk2-api/review/compose_nginx->ComposeReview_nginx->UploadMovieId_movie-id-service->UploadRating_rating-service
------------------------------------------------------------------------------------
span = 6
trace_id = bbaa458fc26595bb
span_id = f8b9079d623d71d1
parent_id = 3d791aaee6622393
start_time = 1682628697967701
end_time = 1682628697969588
inclusive_time = 1887
exclusive_time = 27
process_id = p1
operationName = UploadUserReview
serviceName = user-review-service
call path = ->/wrk2-api/review/compose_nginx->/wrk2-api/review/compose_nginx->ComposeReview_nginx->UploadMovieId_movie-id-service->UploadRating_rating-service->UploadRating_compose-review-service
------------------------------------------------------------------------------------
span = 7
trace_id = bbaa458fc26595bb
span_id = bff1408a088e4068
parent_id = f8b9079d623d71d1
start_time = 1682628697967728
end_time = 1682628697969591
inclusive_time = 1863
exclusive_time = 1863
process_id = p1
operationName = MongoFindUser
serviceName = user-review-service
call path = ->/wrk2-api/review/compose_nginx->/wrk2-api/review/compose_nginx->ComposeReview_nginx->UploadMovieId_movie-id-service->UploadRating_rating-service->UploadRating_compose-review-service->UploadUserReview_user-review-service
------------------------------------------------------------------------------------
span = 8
trace_id = bbaa458fc26595bb
span_id = 495cd71208c5b9c6
parent_id = ca28cc53e51ae0b7
start_time = 1682628697966124
end_time = 1682628697966258
inclusive_time = 134
exclusive_time = 134
process_id = p7
operationName = MmcSetMovieId
serviceName = movie-id-service
call path = ->/wrk2-api/review/compose_nginx->/wrk2-api/review/compose_nginx->ComposeReview_nginx->UploadMovieId_movie-id-service
------------------------------------------------------------------------------------
span = 9
trace_id = bbaa458fc26595bb
span_id = d3cd791c81f198a1
parent_id = ca28cc53e51ae0b7
start_time = 1682628697965885
end_time = 1682628697965988
inclusive_time = 103
exclusive_time = 103
process_id = p7
operationName = MmcGetMovieId
serviceName = movie-id-service
call path = ->/wrk2-api/review/compose_nginx->/wrk2-api/review/compose_nginx->ComposeReview_nginx->UploadMovieId_movie-id-service
------------------------------------------------------------------------------------
