span 0
span_id = da5a4356139b10d2
parent_id = None
start_time = 1682628697939000
end_time = 1682628697943266
inclusive_time = 4266
exclusive_time = 431
process_id = p6
operationName = /wrk2-api/review/compose
serviceName = None
------------------------------------------------------------------------------------
span 1
span_id = 2ddbb7027f91703a
parent_id = da5a4356139b10d2
start_time = 1682628697939431
end_time = 1682628697943266
inclusive_time = 3835
exclusive_time = 104
process_id = p6
operationName = /wrk2-api/review/compose
serviceName = None
------------------------------------------------------------------------------------
span 2
span_id = a1bc3595cf0fad95
parent_id = 2ddbb7027f91703a
start_time = 1682628697939473
end_time = 1682628697943204
inclusive_time = 3731
exclusive_time = 459
process_id = p6
operationName = ComposeReview
serviceName = None
------------------------------------------------------------------------------------
span 3
span_id = f614441fa9ca9323
parent_id = a1bc3595cf0fad95
start_time = 1682628697939751
end_time = 1682628697942936
inclusive_time = 3185
exclusive_time = 383
process_id = p8
operationName = UploadMovieId
serviceName = None
------------------------------------------------------------------------------------
span 4
span_id = 6fcab9bd3849ee10
parent_id = f614441fa9ca9323
start_time = 1682628697940356
end_time = 1682628697942819
inclusive_time = 2463
exclusive_time = 265
process_id = p4
operationName = UploadRating
serviceName = None
------------------------------------------------------------------------------------
span 5
span_id = c3dd381e84c36df5
parent_id = 6fcab9bd3849ee10
start_time = 1682628697940555
end_time = 1682628697942709
inclusive_time = 2154
exclusive_time = 1041
process_id = p3
operationName = UploadRating
serviceName = None
------------------------------------------------------------------------------------
span 6
span_id = fe54aa953ad508f5
parent_id = c3dd381e84c36df5
start_time = 1682628697941469
end_time = 1682628697942501
inclusive_time = 1032
exclusive_time = 20
process_id = p2
operationName = UploadUserReview
serviceName = None
------------------------------------------------------------------------------------
span 7
span_id = 701ff632623d5fde
parent_id = fe54aa953ad508f5
start_time = 1682628697941489
end_time = 1682628697942561
inclusive_time = 1072
exclusive_time = 1072
process_id = p2
operationName = MongoFindUser
serviceName = None
------------------------------------------------------------------------------------
span 8
span_id = 4545f5bd3d886388
parent_id = f614441fa9ca9323
start_time = 1682628697940118
end_time = 1682628697940324
inclusive_time = 206
exclusive_time = 206
process_id = p8
operationName = MmcSetMovieId
serviceName = None
------------------------------------------------------------------------------------
span 9
span_id = ccbeebe4e7802636
parent_id = f614441fa9ca9323
start_time = 1682628697939769
end_time = 1682628697939870
inclusive_time = 101
exclusive_time = 101
process_id = p8
operationName = MmcGetMovieId
serviceName = None
------------------------------------------------------------------------------------
