span = 0
trace_id = 21916d2616de1a05
span_id = 21916d2616de1a05
parent_id = None
start_time = 1682628698030000
end_time = 1682628698034639
inclusive_time = 4639
exclusive_time = 286
process_id = p1
operationName = /wrk2-api/review/compose
serviceName = nginx
------------------------------------------------------------------------------------
span = 1
trace_id = 21916d2616de1a05
span_id = 4e911d837c12df80
parent_id = 21916d2616de1a05
start_time = 1682628698030285
end_time = 1682628698034638
inclusive_time = 4353
exclusive_time = 110
process_id = p1
operationName = /wrk2-api/review/compose
serviceName = nginx
------------------------------------------------------------------------------------
span = 2
trace_id = 21916d2616de1a05
span_id = 63dbb0fc3d53767c
parent_id = 4e911d837c12df80
start_time = 1682628698030331
end_time = 1682628698034574
inclusive_time = 4243
exclusive_time = 391
process_id = p1
operationName = ComposeReview
serviceName = nginx
------------------------------------------------------------------------------------
span = 3
trace_id = 21916d2616de1a05
span_id = 531bd80181b2295b
parent_id = 63dbb0fc3d53767c
start_time = 1682628698030732
end_time = 1682628698034363
inclusive_time = 3631
exclusive_time = 402
process_id = p8
operationName = UploadMovieId
serviceName = movie-id-service
------------------------------------------------------------------------------------
span = 4
trace_id = 21916d2616de1a05
span_id = ba94786cb9bfa5fd
parent_id = 531bd80181b2295b
start_time = 1682628698031212
end_time = 1682628698034243
inclusive_time = 3031
exclusive_time = 225
process_id = p9
operationName = UploadRating
serviceName = rating-service
------------------------------------------------------------------------------------
span = 5
trace_id = 21916d2616de1a05
span_id = a3371bb6586b4d51
parent_id = ba94786cb9bfa5fd
start_time = 1682628698031366
end_time = 1682628698034142
inclusive_time = 2776
exclusive_time = 1494
process_id = p3
operationName = UploadRating
serviceName = compose-review-service
------------------------------------------------------------------------------------
span = 6
trace_id = 21916d2616de1a05
span_id = 6452798ebc0c67af
parent_id = a3371bb6586b4d51
start_time = 1682628698032597
end_time = 1682628698033825
inclusive_time = 1228
exclusive_time = 25
process_id = p6
operationName = UploadMovieReview
serviceName = movie-review-service
------------------------------------------------------------------------------------
span = 7
trace_id = 21916d2616de1a05
span_id = 712a1b67dac9608b
parent_id = 6452798ebc0c67af
start_time = 1682628698032622
end_time = 1682628698033829
inclusive_time = 1207
exclusive_time = 1207
process_id = p6
operationName = MongoFindMovie
serviceName = movie-review-service
------------------------------------------------------------------------------------
span = 8
trace_id = 21916d2616de1a05
span_id = 736ed2040f43c5f7
parent_id = 531bd80181b2295b
start_time = 1682628698031042
end_time = 1682628698031133
inclusive_time = 91
exclusive_time = 91
process_id = p8
operationName = MmcSetMovieId
serviceName = movie-id-service
------------------------------------------------------------------------------------
span = 9
trace_id = 21916d2616de1a05
span_id = 4533916db9f94c94
parent_id = 531bd80181b2295b
start_time = 1682628698030752
end_time = 1682628698030859
inclusive_time = 107
exclusive_time = 107
process_id = p8
operationName = MmcGetMovieId
serviceName = movie-id-service
------------------------------------------------------------------------------------
