span = 0
trace_id = 9d39865aa0d56c4c
span_id = 9d39865aa0d56c4c
parent_id = None
start_time = 1682628698102000
end_time = 1682628698106115
inclusive_time = 4115
exclusive_time = 410
process_id = p7
operationName = /wrk2-api/review/compose
serviceName = nginx
------------------------------------------------------------------------------------
span = 1
trace_id = 9d39865aa0d56c4c
span_id = 00ae2a10d563419d
parent_id = 9d39865aa0d56c4c
start_time = 1682628698102410
end_time = 1682628698106115
inclusive_time = 3705
exclusive_time = 95
process_id = p7
operationName = /wrk2-api/review/compose
serviceName = nginx
------------------------------------------------------------------------------------
span = 2
trace_id = 9d39865aa0d56c4c
span_id = df54efbd719fd163
parent_id = 00ae2a10d563419d
start_time = 1682628698102450
end_time = 1682628698106060
inclusive_time = 3610
exclusive_time = 280
process_id = p7
operationName = ComposeReview
serviceName = nginx
------------------------------------------------------------------------------------
span = 3
trace_id = 9d39865aa0d56c4c
span_id = 861ee46dacbe2d2b
parent_id = df54efbd719fd163
start_time = 1682628698103657
end_time = 1682628698105981
inclusive_time = 2324
exclusive_time = 168
process_id = p10
operationName = UploadText
serviceName = text-service
------------------------------------------------------------------------------------
span = 4
trace_id = 9d39865aa0d56c4c
span_id = 8d838465312b4b7c
parent_id = 861ee46dacbe2d2b
start_time = 1682628698103772
end_time = 1682628698105928
inclusive_time = 2156
exclusive_time = 959
process_id = p2
operationName = UploadText
serviceName = compose-review-service
------------------------------------------------------------------------------------
span = 5
trace_id = 9d39865aa0d56c4c
span_id = 84982ed119afe67f
parent_id = 8d838465312b4b7c
start_time = 1682628698104670
end_time = 1682628698105824
inclusive_time = 1154
exclusive_time = 24
process_id = p5
operationName = UploadUserReview
serviceName = user-review-service
------------------------------------------------------------------------------------
span = 6
trace_id = 9d39865aa0d56c4c
span_id = c441c7239ca12d9e
parent_id = 84982ed119afe67f
start_time = 1682628698104694
end_time = 1682628698105827
inclusive_time = 1133
exclusive_time = 1133
process_id = p5
operationName = MongoFindUser
serviceName = user-review-service
------------------------------------------------------------------------------------
span = 7
trace_id = 9d39865aa0d56c4c
span_id = 9e4a165a4546d943
parent_id = df54efbd719fd163
start_time = 1682628698102651
end_time = 1682628698103431
inclusive_time = 780
exclusive_time = 311
process_id = p3
operationName = UploadUserWithUsername
serviceName = user-service
------------------------------------------------------------------------------------
span = 8
trace_id = 9d39865aa0d56c4c
span_id = 5f17b592cb85733c
parent_id = 9e4a165a4546d943
start_time = 1682628698103027
end_time = 1682628698103349
inclusive_time = 322
exclusive_time = 322
process_id = p2
operationName = UploadUserId
serviceName = compose-review-service
------------------------------------------------------------------------------------
span = 9
trace_id = 9d39865aa0d56c4c
span_id = 8e6e08bd5d101f66
parent_id = 9e4a165a4546d943
start_time = 1682628698102702
end_time = 1682628698102849
inclusive_time = 147
exclusive_time = 147
process_id = p3
operationName = MmcGetUserId
serviceName = user-service
------------------------------------------------------------------------------------
