span = 0
trace_id = 01c43b323d4a2cfe
span_id = 01c43b323d4a2cfe
parent_id = None
start_time = 1682628698119000
end_time = 1682628698123429
inclusive_time = 4429
exclusive_time = 262
process_id = p5
operationName = /wrk2-api/review/compose
serviceName = nginx
call path = 
------------------------------------------------------------------------------------
span = 1
trace_id = 01c43b323d4a2cfe
span_id = a75136a51e2add0a
parent_id = 01c43b323d4a2cfe
start_time = 1682628698119261
end_time = 1682628698123428
inclusive_time = 4167
exclusive_time = 105
process_id = p5
operationName = /wrk2-api/review/compose
serviceName = nginx
call path = ->/wrk2-api/review/compose_nginx
------------------------------------------------------------------------------------
span = 2
trace_id = 01c43b323d4a2cfe
span_id = a812cdc7b56d8fec
parent_id = a75136a51e2add0a
start_time = 1682628698119313
end_time = 1682628698123375
inclusive_time = 4062
exclusive_time = 534
process_id = p5
operationName = ComposeReview
serviceName = nginx
call path = ->/wrk2-api/review/compose_nginx->/wrk2-api/review/compose_nginx
------------------------------------------------------------------------------------
span = 3
trace_id = 01c43b323d4a2cfe
span_id = f2d92272f6cbc663
parent_id = a812cdc7b56d8fec
start_time = 1682628698119761
end_time = 1682628698123289
inclusive_time = 3528
exclusive_time = 485
process_id = p2
operationName = UploadMovieId
serviceName = movie-id-service
call path = ->/wrk2-api/review/compose_nginx->/wrk2-api/review/compose_nginx->ComposeReview_nginx
------------------------------------------------------------------------------------
span = 4
trace_id = 01c43b323d4a2cfe
span_id = 0dca309428ca2184
parent_id = f2d92272f6cbc663
start_time = 1682628698120169
end_time = 1682628698123016
inclusive_time = 2847
exclusive_time = 205
process_id = p4
operationName = UploadRating
serviceName = rating-service
call path = ->/wrk2-api/review/compose_nginx->/wrk2-api/review/compose_nginx->ComposeReview_nginx->UploadMovieId_movie-id-service
------------------------------------------------------------------------------------
span = 5
trace_id = 01c43b323d4a2cfe
span_id = 3c5c2afbb91f21f6
parent_id = 0dca309428ca2184
start_time = 1682628698120407
end_time = 1682628698122904
inclusive_time = 2497
exclusive_time = 1193
process_id = p6
operationName = UploadRating
serviceName = compose-review-service
call path = ->/wrk2-api/review/compose_nginx->/wrk2-api/review/compose_nginx->ComposeReview_nginx->UploadMovieId_movie-id-service->UploadRating_rating-service
------------------------------------------------------------------------------------
span = 6
trace_id = 01c43b323d4a2cfe
span_id = 2813fbca2214742d
parent_id = 3c5c2afbb91f21f6
start_time = 1682628698121343
end_time = 1682628698122647
inclusive_time = 1304
exclusive_time = 18
process_id = p3
operationName = UploadUserReview
serviceName = user-review-service
call path = ->/wrk2-api/review/compose_nginx->/wrk2-api/review/compose_nginx->ComposeReview_nginx->UploadMovieId_movie-id-service->UploadRating_rating-service->UploadRating_compose-review-service
------------------------------------------------------------------------------------
span = 7
trace_id = 01c43b323d4a2cfe
span_id = 3d7d7ddf4f720b3b
parent_id = 2813fbca2214742d
start_time = 1682628698121361
end_time = 1682628698122652
inclusive_time = 1291
exclusive_time = 1291
process_id = p3
operationName = MongoFindUser
serviceName = user-review-service
call path = ->/wrk2-api/review/compose_nginx->/wrk2-api/review/compose_nginx->ComposeReview_nginx->UploadMovieId_movie-id-service->UploadRating_rating-service->UploadRating_compose-review-service->UploadUserReview_user-review-service
------------------------------------------------------------------------------------
span = 8
trace_id = 01c43b323d4a2cfe
span_id = 34f2428c080bc24f
parent_id = f2d92272f6cbc663
start_time = 1682628698120021
end_time = 1682628698120116
inclusive_time = 95
exclusive_time = 95
process_id = p2
operationName = MmcSetMovieId
serviceName = movie-id-service
call path = ->/wrk2-api/review/compose_nginx->/wrk2-api/review/compose_nginx->ComposeReview_nginx->UploadMovieId_movie-id-service
------------------------------------------------------------------------------------
span = 9
trace_id = 01c43b323d4a2cfe
span_id = bcd8e8a76e5bdd44
parent_id = f2d92272f6cbc663
start_time = 1682628698119774
end_time = 1682628698119875
inclusive_time = 101
exclusive_time = 101
process_id = p2
operationName = MmcGetMovieId
serviceName = movie-id-service
call path = ->/wrk2-api/review/compose_nginx->/wrk2-api/review/compose_nginx->ComposeReview_nginx->UploadMovieId_movie-id-service
------------------------------------------------------------------------------------
