span 0
span_id = d0a6a46514836863
parent_id = None
start_time = 1682628697980000
end_time = 1682628697984578
inclusive_time = 4578
exclusive_time = 283
process_id = p3
operationName = /wrk2-api/review/compose
serviceName = None
------------------------------------------------------------------------------------
span 1
span_id = baa669f55e779ce4
parent_id = d0a6a46514836863
start_time = 1682628697980282
end_time = 1682628697984577
inclusive_time = 4295
exclusive_time = 104
process_id = p3
operationName = /wrk2-api/review/compose
serviceName = None
------------------------------------------------------------------------------------
span 2
span_id = 1db958bb97d8e157
parent_id = baa669f55e779ce4
start_time = 1682628697980338
end_time = 1682628697984529
inclusive_time = 4191
exclusive_time = 866
process_id = p3
operationName = ComposeReview
serviceName = None
------------------------------------------------------------------------------------
span 3
span_id = 8264cce295d4f8ed
parent_id = 1db958bb97d8e157
start_time = 1682628697980717
end_time = 1682628697983970
inclusive_time = 3253
exclusive_time = 326
process_id = p5
operationName = UploadMovieId
serviceName = None
------------------------------------------------------------------------------------
span 4
span_id = e486ffd1f55aea4e
parent_id = 8264cce295d4f8ed
start_time = 1682628697981114
end_time = 1682628697983842
inclusive_time = 2728
exclusive_time = 341
process_id = p1
operationName = UploadRating
serviceName = None
------------------------------------------------------------------------------------
span 5
span_id = c17e59f3f0bd3a34
parent_id = e486ffd1f55aea4e
start_time = 1682628697981325
end_time = 1682628697983712
inclusive_time = 2387
exclusive_time = 1028
process_id = p7
operationName = UploadRating
serviceName = None
------------------------------------------------------------------------------------
span 6
span_id = 99dc57d8517cc97a
parent_id = c17e59f3f0bd3a34
start_time = 1682628697982337
end_time = 1682628697983564
inclusive_time = 1227
exclusive_time = 30
process_id = p4
operationName = UploadMovieReview
serviceName = None
------------------------------------------------------------------------------------
span 7
span_id = a5c4dbd6b8bbd91a
parent_id = 99dc57d8517cc97a
start_time = 1682628697982367
end_time = 1682628697983570
inclusive_time = 1203
exclusive_time = 1203
process_id = p4
operationName = MongoFindMovie
serviceName = None
------------------------------------------------------------------------------------
span 8
span_id = 0a5fb2be88da5e98
parent_id = 8264cce295d4f8ed
start_time = 1682628697980953
end_time = 1682628697981061
inclusive_time = 108
exclusive_time = 108
process_id = p5
operationName = MmcSetMovieId
serviceName = None
------------------------------------------------------------------------------------
span 9
span_id = abad41536ffab50d
parent_id = 8264cce295d4f8ed
start_time = 1682628697980733
end_time = 1682628697980824
inclusive_time = 91
exclusive_time = 91
process_id = p5
operationName = MmcGetMovieId
serviceName = None
------------------------------------------------------------------------------------
