span = 0
trace_id = 5d91ac97772139af
span_id = 5d91ac97772139af
parent_id = None
start_time = 1682628698001000
end_time = 1682628698005571
inclusive_time = 4571
exclusive_time = 630
process_id = p1
operationName = /wrk2-api/review/compose
serviceName = nginx
call path = 
------------------------------------------------------------------------------------
span = 1
trace_id = 5d91ac97772139af
span_id = 56747f6bac7f8a94
parent_id = 5d91ac97772139af
start_time = 1682628698001629
end_time = 1682628698005570
inclusive_time = 3941
exclusive_time = 125
process_id = p1
operationName = /wrk2-api/review/compose
serviceName = nginx
call path = ->/wrk2-api/review/compose_nginx
------------------------------------------------------------------------------------
span = 2
trace_id = 5d91ac97772139af
span_id = f4703d7c1e3d6296
parent_id = 56747f6bac7f8a94
start_time = 1682628698001666
end_time = 1682628698005482
inclusive_time = 3816
exclusive_time = 405
process_id = p1
operationName = ComposeReview
serviceName = nginx
call path = ->/wrk2-api/review/compose_nginx->/wrk2-api/review/compose_nginx
------------------------------------------------------------------------------------
span = 3
trace_id = 5d91ac97772139af
span_id = 8ef089431d5c0198
parent_id = f4703d7c1e3d6296
start_time = 1682628698001906
end_time = 1682628698005242
inclusive_time = 3336
exclusive_time = 407
process_id = p3
operationName = UploadMovieId
serviceName = movie-id-service
call path = ->/wrk2-api/review/compose_nginx->/wrk2-api/review/compose_nginx->ComposeReview_nginx
------------------------------------------------------------------------------------
span = 4
trace_id = 5d91ac97772139af
span_id = cf79ce9a45591099
parent_id = 8ef089431d5c0198
start_time = 1682628698002481
end_time = 1682628698005019
inclusive_time = 2538
exclusive_time = 240
process_id = p9
operationName = UploadRating
serviceName = rating-service
call path = ->/wrk2-api/review/compose_nginx->/wrk2-api/review/compose_nginx->ComposeReview_nginx->UploadMovieId_movie-id-service
------------------------------------------------------------------------------------
span = 5
trace_id = 5d91ac97772139af
span_id = cb60b980cbaf3d3e
parent_id = cf79ce9a45591099
start_time = 1682628698002630
end_time = 1682628698004869
inclusive_time = 2239
exclusive_time = 973
process_id = p5
operationName = UploadRating
serviceName = compose-review-service
call path = ->/wrk2-api/review/compose_nginx->/wrk2-api/review/compose_nginx->ComposeReview_nginx->UploadMovieId_movie-id-service->UploadRating_rating-service
------------------------------------------------------------------------------------
span = 6
trace_id = 5d91ac97772139af
span_id = 027e40662e6dd4c6
parent_id = cb60b980cbaf3d3e
start_time = 1682628698003398
end_time = 1682628698004615
inclusive_time = 1217
exclusive_time = 21
process_id = p2
operationName = UploadMovieReview
serviceName = movie-review-service
call path = ->/wrk2-api/review/compose_nginx->/wrk2-api/review/compose_nginx->ComposeReview_nginx->UploadMovieId_movie-id-service->UploadRating_rating-service->UploadRating_compose-review-service
------------------------------------------------------------------------------------
span = 7
trace_id = 5d91ac97772139af
span_id = e6354c85efb7853b
parent_id = 027e40662e6dd4c6
start_time = 1682628698003419
end_time = 1682628698004619
inclusive_time = 1200
exclusive_time = 1200
process_id = p2
operationName = MongoFindMovie
serviceName = movie-review-service
call path = ->/wrk2-api/review/compose_nginx->/wrk2-api/review/compose_nginx->ComposeReview_nginx->UploadMovieId_movie-id-service->UploadRating_rating-service->UploadRating_compose-review-service->UploadMovieReview_movie-review-service
------------------------------------------------------------------------------------
span = 8
trace_id = 5d91ac97772139af
span_id = 6331a8f1c29227f3
parent_id = 8ef089431d5c0198
start_time = 1682628698002211
end_time = 1682628698002450
inclusive_time = 239
exclusive_time = 239
process_id = p3
operationName = MmcSetMovieId
serviceName = movie-id-service
call path = ->/wrk2-api/review/compose_nginx->/wrk2-api/review/compose_nginx->ComposeReview_nginx->UploadMovieId_movie-id-service
------------------------------------------------------------------------------------
span = 9
trace_id = 5d91ac97772139af
span_id = abf2b8757132f0ec
parent_id = 8ef089431d5c0198
start_time = 1682628698001918
end_time = 1682628698002039
inclusive_time = 121
exclusive_time = 121
process_id = p3
operationName = MmcGetMovieId
serviceName = movie-id-service
call path = ->/wrk2-api/review/compose_nginx->/wrk2-api/review/compose_nginx->ComposeReview_nginx->UploadMovieId_movie-id-service
------------------------------------------------------------------------------------
