span 0
span_id = 16b50abc3be85c4f
parent_id = None
start_time = 1682628698228000
end_time = 1682628698232241
inclusive_time = 4241
exclusive_time = 163
process_id = p5
operationName = /wrk2-api/review/compose
serviceName = None
------------------------------------------------------------------------------------
span 1
span_id = a4bc8bec78293883
parent_id = 16b50abc3be85c4f
start_time = 1682628698228162
end_time = 1682628698232240
inclusive_time = 4078
exclusive_time = 95
process_id = p5
operationName = /wrk2-api/review/compose
serviceName = None
------------------------------------------------------------------------------------
span 2
span_id = 339346939dd7c4a6
parent_id = a4bc8bec78293883
start_time = 1682628698228197
end_time = 1682628698232180
inclusive_time = 3983
exclusive_time = 544
process_id = p5
operationName = ComposeReview
serviceName = None
------------------------------------------------------------------------------------
span 3
span_id = 64fde7272b8bed41
parent_id = 339346939dd7c4a6
start_time = 1682628698228464
end_time = 1682628698231874
inclusive_time = 3410
exclusive_time = 447
process_id = p2
operationName = UploadMovieId
serviceName = None
------------------------------------------------------------------------------------
span 4
span_id = 5e0e5d00c00444ce
parent_id = 64fde7272b8bed41
start_time = 1682628698228909
end_time = 1682628698231677
inclusive_time = 2768
exclusive_time = 222
process_id = p10
operationName = UploadRating
serviceName = None
------------------------------------------------------------------------------------
span 5
span_id = b23f5ebe68d6fca5
parent_id = 5e0e5d00c00444ce
start_time = 1682628698229103
end_time = 1682628698231582
inclusive_time = 2479
exclusive_time = 1180
process_id = p1
operationName = UploadRating
serviceName = None
------------------------------------------------------------------------------------
span 6
span_id = ce3ec59112031e07
parent_id = b23f5ebe68d6fca5
start_time = 1682628698230213
end_time = 1682628698231480
inclusive_time = 1267
exclusive_time = 27
process_id = p3
operationName = UploadMovieReview
serviceName = None
------------------------------------------------------------------------------------
span 7
span_id = 30789a8e7e47b22d
parent_id = ce3ec59112031e07
start_time = 1682628698230240
end_time = 1682628698231484
inclusive_time = 1244
exclusive_time = 1244
process_id = p3
operationName = MongoFindMovie
serviceName = None
------------------------------------------------------------------------------------
span 8
span_id = 959c8894a7f5ca7a
parent_id = 64fde7272b8bed41
start_time = 1682628698228479
end_time = 1682628698228611
inclusive_time = 132
exclusive_time = 132
process_id = p2
operationName = MmcGetMovieId
serviceName = None
------------------------------------------------------------------------------------
