span 0
span_id = efff69baab75abe2
parent_id = None
start_time = 1682628697940000
end_time = 1682628697944233
inclusive_time = 4233
exclusive_time = 351
process_id = p6
operationName = /wrk2-api/review/compose
serviceName = None
------------------------------------------------------------------------------------
span 1
span_id = 2dcd3139743c0dea
parent_id = efff69baab75abe2
start_time = 1682628697940351
end_time = 1682628697944233
inclusive_time = 3882
exclusive_time = 95
process_id = p6
operationName = /wrk2-api/review/compose
serviceName = None
------------------------------------------------------------------------------------
span 2
span_id = 7499434eebe53da6
parent_id = 2dcd3139743c0dea
start_time = 1682628697940393
end_time = 1682628697944180
inclusive_time = 3787
exclusive_time = 360
process_id = p6
operationName = ComposeReview
serviceName = None
------------------------------------------------------------------------------------
span 3
span_id = 13e62c1567d4e352
parent_id = 7499434eebe53da6
start_time = 1682628697940677
end_time = 1682628697944006
inclusive_time = 3329
exclusive_time = 564
process_id = p8
operationName = UploadMovieId
serviceName = None
------------------------------------------------------------------------------------
span 4
span_id = 40ee0a465aef7159
parent_id = 13e62c1567d4e352
start_time = 1682628697941120
end_time = 1682628697943688
inclusive_time = 2568
exclusive_time = 253
process_id = p4
operationName = UploadRating
serviceName = None
------------------------------------------------------------------------------------
span 5
span_id = b7bb791cda005ff4
parent_id = 40ee0a465aef7159
start_time = 1682628697941280
end_time = 1682628697943553
inclusive_time = 2273
exclusive_time = 1034
process_id = p3
operationName = UploadRating
serviceName = None
------------------------------------------------------------------------------------
span 6
span_id = 65d80dcf4e20b2a1
parent_id = b7bb791cda005ff4
start_time = 1682628697942363
end_time = 1682628697943438
inclusive_time = 1075
exclusive_time = 33
process_id = p7
operationName = UploadMovieReview
serviceName = None
------------------------------------------------------------------------------------
span 7
span_id = 722c38deaccfef31
parent_id = 65d80dcf4e20b2a1
start_time = 1682628697942396
end_time = 1682628697943442
inclusive_time = 1046
exclusive_time = 1046
process_id = p7
operationName = MongoFindMovie
serviceName = None
------------------------------------------------------------------------------------
span 8
span_id = aec3642901a5069e
parent_id = 13e62c1567d4e352
start_time = 1682628697940938
end_time = 1682628697941025
inclusive_time = 87
exclusive_time = 87
process_id = p8
operationName = MmcSetMovieId
serviceName = None
------------------------------------------------------------------------------------
span 9
span_id = cd2232143c01f6c1
parent_id = 13e62c1567d4e352
start_time = 1682628697940694
end_time = 1682628697940781
inclusive_time = 87
exclusive_time = 87
process_id = p8
operationName = MmcGetMovieId
serviceName = None
------------------------------------------------------------------------------------
