span = 0
trace_id = e14084f75e1d2739
span_id = e14084f75e1d2739
parent_id = None
start_time = 1682628698044000
end_time = 1682628698048398
inclusive_time = 4398
exclusive_time = 713
process_id = p8
operationName = /wrk2-api/review/compose
serviceName = nginx
------------------------------------------------------------------------------------
span = 1
trace_id = e14084f75e1d2739
span_id = 2a25560abacb9427
parent_id = e14084f75e1d2739
start_time = 1682628698044713
end_time = 1682628698048398
inclusive_time = 3685
exclusive_time = 98
process_id = p8
operationName = /wrk2-api/review/compose
serviceName = nginx
------------------------------------------------------------------------------------
span = 2
trace_id = e14084f75e1d2739
span_id = b2a7007d658611ea
parent_id = 2a25560abacb9427
start_time = 1682628698044756
end_time = 1682628698048343
inclusive_time = 3587
exclusive_time = 395
process_id = p8
operationName = ComposeReview
serviceName = nginx
------------------------------------------------------------------------------------
span = 3
trace_id = e14084f75e1d2739
span_id = 1567e257b9eae7c9
parent_id = b2a7007d658611ea
start_time = 1682628698045314
end_time = 1682628698048164
inclusive_time = 2850
exclusive_time = 231
process_id = p2
operationName = UploadUniqueId
serviceName = unique-id-service
------------------------------------------------------------------------------------
span = 4
trace_id = e14084f75e1d2739
span_id = 5a597a78c8875229
parent_id = 1567e257b9eae7c9
start_time = 1682628698045469
end_time = 1682628698048088
inclusive_time = 2619
exclusive_time = 1276
process_id = p4
operationName = UploadUniqueId
serviceName = compose-review-service
------------------------------------------------------------------------------------
span = 5
trace_id = e14084f75e1d2739
span_id = 36f86c2e8928257f
parent_id = 5a597a78c8875229
start_time = 1682628698046751
end_time = 1682628698047954
inclusive_time = 1203
exclusive_time = 18
process_id = p3
operationName = UploadMovieReview
serviceName = movie-review-service
------------------------------------------------------------------------------------
span = 6
trace_id = e14084f75e1d2739
span_id = 8e3fc3b40620040a
parent_id = 36f86c2e8928257f
start_time = 1682628698046769
end_time = 1682628698047959
inclusive_time = 1190
exclusive_time = 1190
process_id = p3
operationName = MongoFindMovie
serviceName = movie-review-service
------------------------------------------------------------------------------------
