span = 0
span_id = 95e96f8341363d7c
parent_id = None
start_time = 1682628698185000
end_time = 1682628698189597
inclusive_time = 4597
exclusive_time = 767
process_id = p7
operationName = /wrk2-api/review/compose
serviceName = nginx
------------------------------------------------------------------------------------
span = 1
span_id = a8d918536dd80fce
parent_id = 95e96f8341363d7c
start_time = 1682628698185766
end_time = 1682628698189596
inclusive_time = 3830
exclusive_time = 118
process_id = p7
operationName = /wrk2-api/review/compose
serviceName = nginx
------------------------------------------------------------------------------------
span = 2
span_id = 000ae959680a0877
parent_id = a8d918536dd80fce
start_time = 1682628698185811
end_time = 1682628698189523
inclusive_time = 3712
exclusive_time = 401
process_id = p7
operationName = ComposeReview
serviceName = nginx
------------------------------------------------------------------------------------
span = 3
span_id = 11ef4126b24325c4
parent_id = 000ae959680a0877
start_time = 1682628698186113
end_time = 1682628698189424
inclusive_time = 3311
exclusive_time = 321
process_id = p5
operationName = UploadMovieId
serviceName = movie-id-service
------------------------------------------------------------------------------------
span = 4
span_id = 29f4704d4d635c79
parent_id = 11ef4126b24325c4
start_time = 1682628698186560
end_time = 1682628698189281
inclusive_time = 2721
exclusive_time = 285
process_id = p10
operationName = UploadRating
serviceName = rating-service
------------------------------------------------------------------------------------
span = 5
span_id = 2ffc3dd11ececcde
parent_id = 29f4704d4d635c79
start_time = 1682628698186808
end_time = 1682628698189136
inclusive_time = 2328
exclusive_time = 1058
process_id = p4
operationName = UploadRating
serviceName = compose-review-service
------------------------------------------------------------------------------------
span = 6
span_id = 9705795b99174385
parent_id = 2ffc3dd11ececcde
start_time = 1682628698187836
end_time = 1682628698188947
inclusive_time = 1111
exclusive_time = 24
process_id = p1
operationName = UploadMovieReview
serviceName = movie-review-service
------------------------------------------------------------------------------------
span = 7
span_id = f3d9478d8937773e
parent_id = 9705795b99174385
start_time = 1682628698187860
end_time = 1682628698188950
inclusive_time = 1090
exclusive_time = 1090
process_id = p1
operationName = MongoFindMovie
serviceName = movie-review-service
------------------------------------------------------------------------------------
span = 8
span_id = d0bf1f30b1d5b731
parent_id = 11ef4126b24325c4
start_time = 1682628698186387
end_time = 1682628698186488
inclusive_time = 101
exclusive_time = 101
process_id = p5
operationName = MmcSetMovieId
serviceName = movie-id-service
------------------------------------------------------------------------------------
span = 9
span_id = 880063a3b2ab7516
parent_id = 11ef4126b24325c4
start_time = 1682628698186129
end_time = 1682628698186237
inclusive_time = 108
exclusive_time = 108
process_id = p5
operationName = MmcGetMovieId
serviceName = movie-id-service
------------------------------------------------------------------------------------
