span = 0
span_id = cf152ee265073f71
parent_id = None
start_time = 1682628698282000
end_time = 1682628698286892
inclusive_time = 4892
exclusive_time = 517
process_id = p2
operationName = /wrk2-api/review/compose
serviceName = nginx
------------------------------------------------------------------------------------
span = 1
span_id = ac0a1f384c9edd5b
parent_id = cf152ee265073f71
start_time = 1682628698282517
end_time = 1682628698286892
inclusive_time = 4375
exclusive_time = 102
process_id = p2
operationName = /wrk2-api/review/compose
serviceName = nginx
------------------------------------------------------------------------------------
span = 2
span_id = 3b4fd71d33586301
parent_id = ac0a1f384c9edd5b
start_time = 1682628698282560
end_time = 1682628698286833
inclusive_time = 4273
exclusive_time = 289
process_id = p2
operationName = ComposeReview
serviceName = nginx
------------------------------------------------------------------------------------
span = 3
span_id = b0089b0e87c683b2
parent_id = 3b4fd71d33586301
start_time = 1682628698282902
end_time = 1682628698286736
inclusive_time = 3834
exclusive_time = 521
process_id = p5
operationName = UploadMovieId
serviceName = movie-id-service
------------------------------------------------------------------------------------
span = 4
span_id = eeade64a8b4ccdc4
parent_id = b0089b0e87c683b2
start_time = 1682628698283460
end_time = 1682628698286476
inclusive_time = 3016
exclusive_time = 333
process_id = p10
operationName = UploadRating
serviceName = rating-service
------------------------------------------------------------------------------------
span = 5
span_id = fdf054a7704ebade
parent_id = eeade64a8b4ccdc4
start_time = 1682628698283629
end_time = 1682628698286297
inclusive_time = 2668
exclusive_time = 1123
process_id = p4
operationName = UploadRating
serviceName = compose-review-service
------------------------------------------------------------------------------------
span = 6
span_id = 9f33bf395ef2c26d
parent_id = fdf054a7704ebade
start_time = 1682628698284707
end_time = 1682628698286178
inclusive_time = 1471
exclusive_time = 23
process_id = p3
operationName = UploadUserReview
serviceName = user-review-service
------------------------------------------------------------------------------------
span = 7
span_id = 7ae04414d11d379e
parent_id = 9f33bf395ef2c26d
start_time = 1682628698284730
end_time = 1682628698286181
inclusive_time = 1451
exclusive_time = 1451
process_id = p3
operationName = MongoFindUser
serviceName = user-review-service
------------------------------------------------------------------------------------
span = 8
span_id = d8200d503d9aa9d3
parent_id = b0089b0e87c683b2
start_time = 1682628698283209
end_time = 1682628698283319
inclusive_time = 110
exclusive_time = 110
process_id = p5
operationName = MmcSetMovieId
serviceName = movie-id-service
------------------------------------------------------------------------------------
span = 9
span_id = 63cc7d0ff9e1ad61
parent_id = b0089b0e87c683b2
start_time = 1682628698282920
end_time = 1682628698283011
inclusive_time = 91
exclusive_time = 91
process_id = p5
operationName = MmcGetMovieId
serviceName = movie-id-service
------------------------------------------------------------------------------------
