span = 0
trace_id = 71e9d31cb6c8e036
span_id = 71e9d31cb6c8e036
parent_id = None
start_time = 1682628697908000
end_time = 1682628697913180
inclusive_time = 5180
exclusive_time = 804
process_id = p8
operationName = /wrk2-api/review/compose
serviceName = nginx
------------------------------------------------------------------------------------
span = 1
trace_id = 71e9d31cb6c8e036
span_id = 735ab206c40194c5
parent_id = 71e9d31cb6c8e036
start_time = 1682628697908804
end_time = 1682628697913180
inclusive_time = 4376
exclusive_time = 107
process_id = p8
operationName = /wrk2-api/review/compose
serviceName = nginx
------------------------------------------------------------------------------------
span = 2
trace_id = 71e9d31cb6c8e036
span_id = f4a7c6ba3dc6012a
parent_id = 735ab206c40194c5
start_time = 1682628697908851
end_time = 1682628697913120
inclusive_time = 4269
exclusive_time = 675
process_id = p8
operationName = ComposeReview
serviceName = nginx
------------------------------------------------------------------------------------
span = 3
trace_id = 71e9d31cb6c8e036
span_id = 4d5cb5178175d9f4
parent_id = f4a7c6ba3dc6012a
start_time = 1682628697909210
end_time = 1682628697912653
inclusive_time = 3443
exclusive_time = 319
process_id = p1
operationName = UploadMovieId
serviceName = movie-id-service
------------------------------------------------------------------------------------
span = 4
trace_id = 71e9d31cb6c8e036
span_id = c5a477b4a6d9360c
parent_id = 4d5cb5178175d9f4
start_time = 1682628697909732
end_time = 1682628697912553
inclusive_time = 2821
exclusive_time = 279
process_id = p6
operationName = UploadRating
serviceName = rating-service
------------------------------------------------------------------------------------
span = 5
trace_id = 71e9d31cb6c8e036
span_id = 87093479d555e3ae
parent_id = c5a477b4a6d9360c
start_time = 1682628697909949
end_time = 1682628697912389
inclusive_time = 2440
exclusive_time = 1092
process_id = p5
operationName = UploadRating
serviceName = compose-review-service
------------------------------------------------------------------------------------
span = 6
trace_id = 71e9d31cb6c8e036
span_id = f22edda190457564
parent_id = 87093479d555e3ae
start_time = 1682628697910991
end_time = 1682628697912209
inclusive_time = 1218
exclusive_time = 27
process_id = p2
operationName = UploadMovieReview
serviceName = movie-review-service
------------------------------------------------------------------------------------
span = 7
trace_id = 71e9d31cb6c8e036
span_id = 0b0a7216573e35d0
parent_id = f22edda190457564
start_time = 1682628697911018
end_time = 1682628697912252
inclusive_time = 1234
exclusive_time = 1234
process_id = p2
operationName = MongoFindMovie
serviceName = movie-review-service
------------------------------------------------------------------------------------
span = 8
trace_id = 71e9d31cb6c8e036
span_id = 1793c484ff88e837
parent_id = 4d5cb5178175d9f4
start_time = 1682628697909517
end_time = 1682628697909621
inclusive_time = 104
exclusive_time = 104
process_id = p1
operationName = MmcSetMovieId
serviceName = movie-id-service
------------------------------------------------------------------------------------
span = 9
trace_id = 71e9d31cb6c8e036
span_id = 03cea603be982aa4
parent_id = 4d5cb5178175d9f4
start_time = 1682628697909229
end_time = 1682628697909346
inclusive_time = 117
exclusive_time = 117
process_id = p1
operationName = MmcGetMovieId
serviceName = movie-id-service
------------------------------------------------------------------------------------
