span = 0
trace_id = b7d60ddd39bd2000
span_id = b7d60ddd39bd2000
parent_id = None
start_time = 1682628697937000
end_time = 1682628697941735
inclusive_time = 4735
exclusive_time = 1136
process_id = p8
operationName = /wrk2-api/review/compose
serviceName = nginx
call path = 
------------------------------------------------------------------------------------
span = 1
trace_id = b7d60ddd39bd2000
span_id = 6c4ef583bc98fb8b
parent_id = b7d60ddd39bd2000
start_time = 1682628697938135
end_time = 1682628697941734
inclusive_time = 3599
exclusive_time = 99
process_id = p8
operationName = /wrk2-api/review/compose
serviceName = nginx
call path = ->/wrk2-api/review/compose_nginx
------------------------------------------------------------------------------------
span = 2
trace_id = b7d60ddd39bd2000
span_id = e4c0dcf543aaff07
parent_id = 6c4ef583bc98fb8b
start_time = 1682628697938179
end_time = 1682628697941679
inclusive_time = 3500
exclusive_time = 294
process_id = p8
operationName = ComposeReview
serviceName = nginx
call path = ->/wrk2-api/review/compose_nginx->/wrk2-api/review/compose_nginx
------------------------------------------------------------------------------------
span = 3
trace_id = b7d60ddd39bd2000
span_id = 07e90c8095864d3e
parent_id = e4c0dcf543aaff07
start_time = 1682628697938482
end_time = 1682628697941587
inclusive_time = 3105
exclusive_time = 346
process_id = p7
operationName = UploadMovieId
serviceName = movie-id-service
call path = ->/wrk2-api/review/compose_nginx->/wrk2-api/review/compose_nginx->ComposeReview_nginx
------------------------------------------------------------------------------------
span = 4
trace_id = b7d60ddd39bd2000
span_id = 5343a77b31b0b339
parent_id = 07e90c8095864d3e
start_time = 1682628697938937
end_time = 1682628697941458
inclusive_time = 2521
exclusive_time = 203
process_id = p4
operationName = UploadRating
serviceName = rating-service
call path = ->/wrk2-api/review/compose_nginx->/wrk2-api/review/compose_nginx->ComposeReview_nginx->UploadMovieId_movie-id-service
------------------------------------------------------------------------------------
span = 5
trace_id = b7d60ddd39bd2000
span_id = f6056c134affaa32
parent_id = 5343a77b31b0b339
start_time = 1682628697939064
end_time = 1682628697941341
inclusive_time = 2277
exclusive_time = 972
process_id = p3
operationName = UploadRating
serviceName = compose-review-service
call path = ->/wrk2-api/review/compose_nginx->/wrk2-api/review/compose_nginx->ComposeReview_nginx->UploadMovieId_movie-id-service->UploadRating_rating-service
------------------------------------------------------------------------------------
span = 6
trace_id = b7d60ddd39bd2000
span_id = 53fe056d71fa55e5
parent_id = f6056c134affaa32
start_time = 1682628697939987
end_time = 1682628697941157
inclusive_time = 1170
exclusive_time = 26
process_id = p6
operationName = UploadMovieReview
serviceName = movie-review-service
call path = ->/wrk2-api/review/compose_nginx->/wrk2-api/review/compose_nginx->ComposeReview_nginx->UploadMovieId_movie-id-service->UploadRating_rating-service->UploadRating_compose-review-service
------------------------------------------------------------------------------------
span = 7
trace_id = b7d60ddd39bd2000
span_id = cba4576f303f1c29
parent_id = 53fe056d71fa55e5
start_time = 1682628697940013
end_time = 1682628697941165
inclusive_time = 1152
exclusive_time = 1152
process_id = p6
operationName = MongoFindMovie
serviceName = movie-review-service
call path = ->/wrk2-api/review/compose_nginx->/wrk2-api/review/compose_nginx->ComposeReview_nginx->UploadMovieId_movie-id-service->UploadRating_rating-service->UploadRating_compose-review-service->UploadMovieReview_movie-review-service
------------------------------------------------------------------------------------
span = 8
trace_id = b7d60ddd39bd2000
span_id = 742a4f4aa6e85383
parent_id = 07e90c8095864d3e
start_time = 1682628697938782
end_time = 1682628697938881
inclusive_time = 99
exclusive_time = 99
process_id = p7
operationName = MmcSetMovieId
serviceName = movie-id-service
call path = ->/wrk2-api/review/compose_nginx->/wrk2-api/review/compose_nginx->ComposeReview_nginx->UploadMovieId_movie-id-service
------------------------------------------------------------------------------------
span = 9
trace_id = b7d60ddd39bd2000
span_id = dc904da330a44a3c
parent_id = 07e90c8095864d3e
start_time = 1682628697938501
end_time = 1682628697938605
inclusive_time = 104
exclusive_time = 104
process_id = p7
operationName = MmcGetMovieId
serviceName = movie-id-service
call path = ->/wrk2-api/review/compose_nginx->/wrk2-api/review/compose_nginx->ComposeReview_nginx->UploadMovieId_movie-id-service
------------------------------------------------------------------------------------
